

================================================================
== Vitis HLS Report for 'kernel_mhsa_1_Block_entry_current_token_fb_proc_Pipeline_OUTPUT_WRITE'
================================================================
* Date:           Thu Oct  2 22:22:01 2025

* Version:        2025.1 (Build 6135595 on May 21 2025)
* Project:        llama_layer_prj
* Solution:       solution1 (Vivado IP Flow Target)
* Product family: versalhbm
* Target device:  xcv80-lsva4737-2MHP-e-S


================================================================
== Performance Estimates
================================================================
+ Timing: 
    * Summary: 
    +--------+---------+----------+------------+
    |  Clock |  Target | Estimated| Uncertainty|
    +--------+---------+----------+------------+
    |ap_clk  |  4.00 ns|  1.673 ns|     1.08 ns|
    +--------+---------+----------+------------+

+ Latency: 
    * Summary: 
    +---------+---------+----------+----------+-----+-----+------------------------------------------------+
    |  Latency (cycles) |  Latency (absolute) |  Interval |                    Pipeline                    |
    |   min   |   max   |    min   |    max   | min | max |                      Type                      |
    +---------+---------+----------+----------+-----+-----+------------------------------------------------+
    |      771|      771|  3.084 us|  3.084 us|  769|  769|  loop auto-rewind stp (delay=0 clock cycles(s))|
    +---------+---------+----------+----------+-----+-----+------------------------------------------------+

    + Detail: 
        * Instance: 
        N/A

        * Loop: 
        +----------------+---------+---------+----------+-----------+-----------+------+----------+
        |                |  Latency (cycles) | Iteration|  Initiation Interval  | Trip |          |
        |    Loop Name   |   min   |   max   |  Latency |  achieved |   target  | Count| Pipelined|
        +----------------+---------+---------+----------+-----------+-----------+------+----------+
        |- OUTPUT_WRITE  |      769|      769|         3|          1|          1|   768|       yes|
        +----------------+---------+---------+----------+-----------+-----------+------+----------+

============================================================
+ Verbose Summary: Synthesis Manager
============================================================
InlineROM: 1
ExposeGlobal: 0
============================================================
+ Verbose Summary: CDFG Model
============================================================
IsTopModel: 0
ResetActiveHigh: 1
IsCombinational: 0
IsDatapathOnly: 0
HasWiredReturn: 1
HasMFsm: 2
HasVarLatency: 1
IsPipeline: 0
IsRtlPipelined: 0
IsInstanceOverlapped: 0
IsDontTouch: 0
HasImplIP: 0
IsGatedGlobalClock: 0

+ Individual pipeline summary: 
  * Pipeline-0: initiation interval (II) = 1, depth = 3


============================================================
+ Verbose Summary: Schedule
============================================================
* Number of FSM states : 3
* Pipeline : 1
  Pipeline-0 : II = 1, D = 3, States = { 1 2 3 }
* Dataflow Pipeline: 0

* FSM state transitions: 
1 --> 2 
2 --> 3 
3 --> 

* FSM state operations: 

State 1 <SV = 0> <Delay = 1.62>
ST_1 : Operation 6 [1/1] (0.00ns)   --->   "%i = alloca i32 1" [kernel_MHSA.cpp:165->kernel_MHSA.cpp:165->kernel_MHSA.cpp:54->kernel_MHSA.cpp:54]   --->   Operation 6 'alloca' 'i' <Predicate = true> <Delay = 0.00>
ST_1 : Operation 7 [1/1] (0.00ns)   --->   "%specmemcore_ln0 = specmemcore void @_ssdm_op_SpecMemCore, i32 %xb2_15, i64 666, i64 22, i64 18446744073709551615"   --->   Operation 7 'specmemcore' 'specmemcore_ln0' <Predicate = true> <Delay = 0.00>
ST_1 : Operation 8 [1/1] (0.00ns)   --->   "%specmemcore_ln0 = specmemcore void @_ssdm_op_SpecMemCore, i32 %xb2_14, i64 666, i64 22, i64 18446744073709551615"   --->   Operation 8 'specmemcore' 'specmemcore_ln0' <Predicate = true> <Delay = 0.00>
ST_1 : Operation 9 [1/1] (0.00ns)   --->   "%specmemcore_ln0 = specmemcore void @_ssdm_op_SpecMemCore, i32 %xb2_13, i64 666, i64 22, i64 18446744073709551615"   --->   Operation 9 'specmemcore' 'specmemcore_ln0' <Predicate = true> <Delay = 0.00>
ST_1 : Operation 10 [1/1] (0.00ns)   --->   "%specmemcore_ln0 = specmemcore void @_ssdm_op_SpecMemCore, i32 %xb2_12, i64 666, i64 22, i64 18446744073709551615"   --->   Operation 10 'specmemcore' 'specmemcore_ln0' <Predicate = true> <Delay = 0.00>
ST_1 : Operation 11 [1/1] (0.00ns)   --->   "%specmemcore_ln0 = specmemcore void @_ssdm_op_SpecMemCore, i32 %xb2_11, i64 666, i64 22, i64 18446744073709551615"   --->   Operation 11 'specmemcore' 'specmemcore_ln0' <Predicate = true> <Delay = 0.00>
ST_1 : Operation 12 [1/1] (0.00ns)   --->   "%specmemcore_ln0 = specmemcore void @_ssdm_op_SpecMemCore, i32 %xb2_10, i64 666, i64 22, i64 18446744073709551615"   --->   Operation 12 'specmemcore' 'specmemcore_ln0' <Predicate = true> <Delay = 0.00>
ST_1 : Operation 13 [1/1] (0.00ns)   --->   "%specmemcore_ln0 = specmemcore void @_ssdm_op_SpecMemCore, i32 %xb2_9, i64 666, i64 22, i64 18446744073709551615"   --->   Operation 13 'specmemcore' 'specmemcore_ln0' <Predicate = true> <Delay = 0.00>
ST_1 : Operation 14 [1/1] (0.00ns)   --->   "%specmemcore_ln0 = specmemcore void @_ssdm_op_SpecMemCore, i32 %xb2_8, i64 666, i64 22, i64 18446744073709551615"   --->   Operation 14 'specmemcore' 'specmemcore_ln0' <Predicate = true> <Delay = 0.00>
ST_1 : Operation 15 [1/1] (0.00ns)   --->   "%specmemcore_ln0 = specmemcore void @_ssdm_op_SpecMemCore, i32 %xb2_7, i64 666, i64 22, i64 18446744073709551615"   --->   Operation 15 'specmemcore' 'specmemcore_ln0' <Predicate = true> <Delay = 0.00>
ST_1 : Operation 16 [1/1] (0.00ns)   --->   "%specmemcore_ln0 = specmemcore void @_ssdm_op_SpecMemCore, i32 %xb2_6, i64 666, i64 22, i64 18446744073709551615"   --->   Operation 16 'specmemcore' 'specmemcore_ln0' <Predicate = true> <Delay = 0.00>
ST_1 : Operation 17 [1/1] (0.00ns)   --->   "%specmemcore_ln0 = specmemcore void @_ssdm_op_SpecMemCore, i32 %xb2_5, i64 666, i64 22, i64 18446744073709551615"   --->   Operation 17 'specmemcore' 'specmemcore_ln0' <Predicate = true> <Delay = 0.00>
ST_1 : Operation 18 [1/1] (0.00ns)   --->   "%specmemcore_ln0 = specmemcore void @_ssdm_op_SpecMemCore, i32 %xb2_4, i64 666, i64 22, i64 18446744073709551615"   --->   Operation 18 'specmemcore' 'specmemcore_ln0' <Predicate = true> <Delay = 0.00>
ST_1 : Operation 19 [1/1] (0.00ns)   --->   "%specmemcore_ln0 = specmemcore void @_ssdm_op_SpecMemCore, i32 %xb2_3, i64 666, i64 22, i64 18446744073709551615"   --->   Operation 19 'specmemcore' 'specmemcore_ln0' <Predicate = true> <Delay = 0.00>
ST_1 : Operation 20 [1/1] (0.00ns)   --->   "%specmemcore_ln0 = specmemcore void @_ssdm_op_SpecMemCore, i32 %xb2_2, i64 666, i64 22, i64 18446744073709551615"   --->   Operation 20 'specmemcore' 'specmemcore_ln0' <Predicate = true> <Delay = 0.00>
ST_1 : Operation 21 [1/1] (0.00ns)   --->   "%specmemcore_ln0 = specmemcore void @_ssdm_op_SpecMemCore, i32 %xb2_1, i64 666, i64 22, i64 18446744073709551615"   --->   Operation 21 'specmemcore' 'specmemcore_ln0' <Predicate = true> <Delay = 0.00>
ST_1 : Operation 22 [1/1] (0.00ns)   --->   "%specmemcore_ln0 = specmemcore void @_ssdm_op_SpecMemCore, i32 %xb2_0, i64 666, i64 22, i64 18446744073709551615"   --->   Operation 22 'specmemcore' 'specmemcore_ln0' <Predicate = true> <Delay = 0.00>
ST_1 : Operation 23 [1/1] (0.00ns)   --->   "%specmemcore_ln0 = specmemcore void @_ssdm_op_SpecMemCore, i32 %current_token, i64 666, i64 22, i64 18446744073709551615"   --->   Operation 23 'specmemcore' 'specmemcore_ln0' <Predicate = true> <Delay = 0.00>
ST_1 : Operation 24 [1/1] (0.00ns)   --->   "%specmemcore_ln0 = specmemcore void @_ssdm_op_SpecMemCore, i32 %current_token_19, i64 666, i64 22, i64 18446744073709551615"   --->   Operation 24 'specmemcore' 'specmemcore_ln0' <Predicate = true> <Delay = 0.00>
ST_1 : Operation 25 [1/1] (0.00ns)   --->   "%specmemcore_ln0 = specmemcore void @_ssdm_op_SpecMemCore, i32 %current_token_20, i64 666, i64 22, i64 18446744073709551615"   --->   Operation 25 'specmemcore' 'specmemcore_ln0' <Predicate = true> <Delay = 0.00>
ST_1 : Operation 26 [1/1] (0.00ns)   --->   "%specmemcore_ln0 = specmemcore void @_ssdm_op_SpecMemCore, i32 %current_token_21, i64 666, i64 22, i64 18446744073709551615"   --->   Operation 26 'specmemcore' 'specmemcore_ln0' <Predicate = true> <Delay = 0.00>
ST_1 : Operation 27 [1/1] (0.00ns)   --->   "%specmemcore_ln0 = specmemcore void @_ssdm_op_SpecMemCore, i32 %current_token_22, i64 666, i64 22, i64 18446744073709551615"   --->   Operation 27 'specmemcore' 'specmemcore_ln0' <Predicate = true> <Delay = 0.00>
ST_1 : Operation 28 [1/1] (0.00ns)   --->   "%specmemcore_ln0 = specmemcore void @_ssdm_op_SpecMemCore, i32 %current_token_23, i64 666, i64 22, i64 18446744073709551615"   --->   Operation 28 'specmemcore' 'specmemcore_ln0' <Predicate = true> <Delay = 0.00>
ST_1 : Operation 29 [1/1] (0.00ns)   --->   "%specmemcore_ln0 = specmemcore void @_ssdm_op_SpecMemCore, i32 %current_token_24, i64 666, i64 22, i64 18446744073709551615"   --->   Operation 29 'specmemcore' 'specmemcore_ln0' <Predicate = true> <Delay = 0.00>
ST_1 : Operation 30 [1/1] (0.00ns)   --->   "%specmemcore_ln0 = specmemcore void @_ssdm_op_SpecMemCore, i32 %current_token_25, i64 666, i64 22, i64 18446744073709551615"   --->   Operation 30 'specmemcore' 'specmemcore_ln0' <Predicate = true> <Delay = 0.00>
ST_1 : Operation 31 [1/1] (0.00ns)   --->   "%specmemcore_ln0 = specmemcore void @_ssdm_op_SpecMemCore, i32 %current_token_26, i64 666, i64 22, i64 18446744073709551615"   --->   Operation 31 'specmemcore' 'specmemcore_ln0' <Predicate = true> <Delay = 0.00>
ST_1 : Operation 32 [1/1] (0.00ns)   --->   "%specmemcore_ln0 = specmemcore void @_ssdm_op_SpecMemCore, i32 %current_token_27, i64 666, i64 22, i64 18446744073709551615"   --->   Operation 32 'specmemcore' 'specmemcore_ln0' <Predicate = true> <Delay = 0.00>
ST_1 : Operation 33 [1/1] (0.00ns)   --->   "%specmemcore_ln0 = specmemcore void @_ssdm_op_SpecMemCore, i32 %p_ZZ11llama_layerE13current_token_10, i64 666, i64 22, i64 18446744073709551615"   --->   Operation 33 'specmemcore' 'specmemcore_ln0' <Predicate = true> <Delay = 0.00>
ST_1 : Operation 34 [1/1] (0.00ns)   --->   "%specmemcore_ln0 = specmemcore void @_ssdm_op_SpecMemCore, i32 %p_ZZ11llama_layerE13current_token_11, i64 666, i64 22, i64 18446744073709551615"   --->   Operation 34 'specmemcore' 'specmemcore_ln0' <Predicate = true> <Delay = 0.00>
ST_1 : Operation 35 [1/1] (0.00ns)   --->   "%specmemcore_ln0 = specmemcore void @_ssdm_op_SpecMemCore, i32 %p_ZZ11llama_layerE13current_token_12, i64 666, i64 22, i64 18446744073709551615"   --->   Operation 35 'specmemcore' 'specmemcore_ln0' <Predicate = true> <Delay = 0.00>
ST_1 : Operation 36 [1/1] (0.00ns)   --->   "%specmemcore_ln0 = specmemcore void @_ssdm_op_SpecMemCore, i32 %p_ZZ11llama_layerE13current_token_13, i64 666, i64 22, i64 18446744073709551615"   --->   Operation 36 'specmemcore' 'specmemcore_ln0' <Predicate = true> <Delay = 0.00>
ST_1 : Operation 37 [1/1] (0.00ns)   --->   "%specmemcore_ln0 = specmemcore void @_ssdm_op_SpecMemCore, i32 %p_ZZ11llama_layerE13current_token_14, i64 666, i64 22, i64 18446744073709551615"   --->   Operation 37 'specmemcore' 'specmemcore_ln0' <Predicate = true> <Delay = 0.00>
ST_1 : Operation 38 [1/1] (0.00ns)   --->   "%specmemcore_ln0 = specmemcore void @_ssdm_op_SpecMemCore, i32 %p_ZZ11llama_layerE13current_token_15, i64 666, i64 22, i64 18446744073709551615"   --->   Operation 38 'specmemcore' 'specmemcore_ln0' <Predicate = true> <Delay = 0.00>
ST_1 : Operation 39 [1/1] (0.39ns)   --->   "%store_ln165 = store i10 0, i10 %i" [kernel_MHSA.cpp:165->kernel_MHSA.cpp:165->kernel_MHSA.cpp:54->kernel_MHSA.cpp:54]   --->   Operation 39 'store' 'store_ln165' <Predicate = true> <Delay = 0.39>
ST_1 : Operation 40 [1/1] (0.00ns)   --->   "%br_ln0 = br void %for.inc240.i.i.i"   --->   Operation 40 'br' 'br_ln0' <Predicate = true> <Delay = 0.00>
ST_1 : Operation 41 [1/1] (0.00ns)   --->   "%i_15 = load i10 %i" [kernel_MHSA.cpp:165->kernel_MHSA.cpp:165->kernel_MHSA.cpp:54->kernel_MHSA.cpp:54]   --->   Operation 41 'load' 'i_15' <Predicate = true> <Delay = 0.00>
ST_1 : Operation 42 [1/1] (0.71ns)   --->   "%add_ln165 = add i10 %i_15, i10 1" [kernel_MHSA.cpp:165->kernel_MHSA.cpp:165->kernel_MHSA.cpp:54->kernel_MHSA.cpp:54]   --->   Operation 42 'add' 'add_ln165' <Predicate = true> <Delay = 0.71> <CoreInst = "Adder">   --->   Core 1 'Adder' <Latency = 0> <II = 1> <Delay = 0.71> <FuncUnit> <Opcode : 'add' 'sub'> <InPorts = 2> <OutPorts = 1>
ST_1 : Operation 43 [1/1] (0.60ns)   --->   "%icmp_ln165 = icmp_eq  i10 %i_15, i10 768" [kernel_MHSA.cpp:165->kernel_MHSA.cpp:165->kernel_MHSA.cpp:54->kernel_MHSA.cpp:54]   --->   Operation 43 'icmp' 'icmp_ln165' <Predicate = true> <Delay = 0.60> <CoreInst = "ICmp_EQ">   --->   Core 156 'ICmp_EQ' <Latency = 0> <II = 1> <Delay = 0.60> <FuncUnit> <Opcode : 'seteq' 'setne'> <InPorts = 2> <OutPorts = 1>
ST_1 : Operation 44 [1/1] (0.00ns)   --->   "%br_ln165 = br i1 %icmp_ln165, void %for.inc240.split.i.i.i, void %.exitStub.exitStub" [kernel_MHSA.cpp:165->kernel_MHSA.cpp:165->kernel_MHSA.cpp:54->kernel_MHSA.cpp:54]   --->   Operation 44 'br' 'br_ln165' <Predicate = true> <Delay = 0.00>
ST_1 : Operation 45 [1/1] (0.00ns)   --->   "%trunc_ln165 = trunc i10 %i_15" [kernel_MHSA.cpp:165->kernel_MHSA.cpp:165->kernel_MHSA.cpp:54->kernel_MHSA.cpp:54]   --->   Operation 45 'trunc' 'trunc_ln165' <Predicate = (!icmp_ln165)> <Delay = 0.00>
ST_1 : Operation 46 [1/1] (0.00ns)   --->   "%lshr_ln = partselect i6 @_ssdm_op_PartSelect.i6.i10.i32.i32, i10 %i_15, i32 4, i32 9" [kernel_MHSA.cpp:165->kernel_MHSA.cpp:165->kernel_MHSA.cpp:54->kernel_MHSA.cpp:54]   --->   Operation 46 'partselect' 'lshr_ln' <Predicate = (!icmp_ln165)> <Delay = 0.00>
ST_1 : Operation 47 [1/1] (0.00ns)   --->   "%zext_ln165 = zext i6 %lshr_ln" [kernel_MHSA.cpp:165->kernel_MHSA.cpp:165->kernel_MHSA.cpp:54->kernel_MHSA.cpp:54]   --->   Operation 47 'zext' 'zext_ln165' <Predicate = (!icmp_ln165)> <Delay = 0.00>
ST_1 : Operation 48 [1/1] (0.00ns)   --->   "%xb2_0_addr = getelementptr i32 %xb2_0, i64 0, i64 %zext_ln165" [kernel_MHSA.cpp:167->kernel_MHSA.cpp:165->kernel_MHSA.cpp:54->kernel_MHSA.cpp:54]   --->   Operation 48 'getelementptr' 'xb2_0_addr' <Predicate = (!icmp_ln165)> <Delay = 0.00>
ST_1 : Operation 49 [1/1] (0.00ns)   --->   "%xb2_1_addr = getelementptr i32 %xb2_1, i64 0, i64 %zext_ln165" [kernel_MHSA.cpp:167->kernel_MHSA.cpp:165->kernel_MHSA.cpp:54->kernel_MHSA.cpp:54]   --->   Operation 49 'getelementptr' 'xb2_1_addr' <Predicate = (!icmp_ln165)> <Delay = 0.00>
ST_1 : Operation 50 [1/1] (0.00ns)   --->   "%xb2_2_addr = getelementptr i32 %xb2_2, i64 0, i64 %zext_ln165" [kernel_MHSA.cpp:167->kernel_MHSA.cpp:165->kernel_MHSA.cpp:54->kernel_MHSA.cpp:54]   --->   Operation 50 'getelementptr' 'xb2_2_addr' <Predicate = (!icmp_ln165)> <Delay = 0.00>
ST_1 : Operation 51 [1/1] (0.00ns)   --->   "%xb2_3_addr = getelementptr i32 %xb2_3, i64 0, i64 %zext_ln165" [kernel_MHSA.cpp:167->kernel_MHSA.cpp:165->kernel_MHSA.cpp:54->kernel_MHSA.cpp:54]   --->   Operation 51 'getelementptr' 'xb2_3_addr' <Predicate = (!icmp_ln165)> <Delay = 0.00>
ST_1 : Operation 52 [1/1] (0.00ns)   --->   "%xb2_4_addr = getelementptr i32 %xb2_4, i64 0, i64 %zext_ln165" [kernel_MHSA.cpp:167->kernel_MHSA.cpp:165->kernel_MHSA.cpp:54->kernel_MHSA.cpp:54]   --->   Operation 52 'getelementptr' 'xb2_4_addr' <Predicate = (!icmp_ln165)> <Delay = 0.00>
ST_1 : Operation 53 [1/1] (0.00ns)   --->   "%xb2_5_addr = getelementptr i32 %xb2_5, i64 0, i64 %zext_ln165" [kernel_MHSA.cpp:167->kernel_MHSA.cpp:165->kernel_MHSA.cpp:54->kernel_MHSA.cpp:54]   --->   Operation 53 'getelementptr' 'xb2_5_addr' <Predicate = (!icmp_ln165)> <Delay = 0.00>
ST_1 : Operation 54 [1/1] (0.00ns)   --->   "%xb2_6_addr = getelementptr i32 %xb2_6, i64 0, i64 %zext_ln165" [kernel_MHSA.cpp:167->kernel_MHSA.cpp:165->kernel_MHSA.cpp:54->kernel_MHSA.cpp:54]   --->   Operation 54 'getelementptr' 'xb2_6_addr' <Predicate = (!icmp_ln165)> <Delay = 0.00>
ST_1 : Operation 55 [1/1] (0.00ns)   --->   "%xb2_7_addr = getelementptr i32 %xb2_7, i64 0, i64 %zext_ln165" [kernel_MHSA.cpp:167->kernel_MHSA.cpp:165->kernel_MHSA.cpp:54->kernel_MHSA.cpp:54]   --->   Operation 55 'getelementptr' 'xb2_7_addr' <Predicate = (!icmp_ln165)> <Delay = 0.00>
ST_1 : Operation 56 [1/1] (0.00ns)   --->   "%xb2_8_addr = getelementptr i32 %xb2_8, i64 0, i64 %zext_ln165" [kernel_MHSA.cpp:167->kernel_MHSA.cpp:165->kernel_MHSA.cpp:54->kernel_MHSA.cpp:54]   --->   Operation 56 'getelementptr' 'xb2_8_addr' <Predicate = (!icmp_ln165)> <Delay = 0.00>
ST_1 : Operation 57 [1/1] (0.00ns)   --->   "%xb2_9_addr = getelementptr i32 %xb2_9, i64 0, i64 %zext_ln165" [kernel_MHSA.cpp:167->kernel_MHSA.cpp:165->kernel_MHSA.cpp:54->kernel_MHSA.cpp:54]   --->   Operation 57 'getelementptr' 'xb2_9_addr' <Predicate = (!icmp_ln165)> <Delay = 0.00>
ST_1 : Operation 58 [1/1] (0.00ns)   --->   "%xb2_10_addr = getelementptr i32 %xb2_10, i64 0, i64 %zext_ln165" [kernel_MHSA.cpp:167->kernel_MHSA.cpp:165->kernel_MHSA.cpp:54->kernel_MHSA.cpp:54]   --->   Operation 58 'getelementptr' 'xb2_10_addr' <Predicate = (!icmp_ln165)> <Delay = 0.00>
ST_1 : Operation 59 [1/1] (0.00ns)   --->   "%xb2_11_addr = getelementptr i32 %xb2_11, i64 0, i64 %zext_ln165" [kernel_MHSA.cpp:167->kernel_MHSA.cpp:165->kernel_MHSA.cpp:54->kernel_MHSA.cpp:54]   --->   Operation 59 'getelementptr' 'xb2_11_addr' <Predicate = (!icmp_ln165)> <Delay = 0.00>
ST_1 : Operation 60 [1/1] (0.00ns)   --->   "%xb2_12_addr = getelementptr i32 %xb2_12, i64 0, i64 %zext_ln165" [kernel_MHSA.cpp:167->kernel_MHSA.cpp:165->kernel_MHSA.cpp:54->kernel_MHSA.cpp:54]   --->   Operation 60 'getelementptr' 'xb2_12_addr' <Predicate = (!icmp_ln165)> <Delay = 0.00>
ST_1 : Operation 61 [1/1] (0.00ns)   --->   "%xb2_13_addr = getelementptr i32 %xb2_13, i64 0, i64 %zext_ln165" [kernel_MHSA.cpp:167->kernel_MHSA.cpp:165->kernel_MHSA.cpp:54->kernel_MHSA.cpp:54]   --->   Operation 61 'getelementptr' 'xb2_13_addr' <Predicate = (!icmp_ln165)> <Delay = 0.00>
ST_1 : Operation 62 [1/1] (0.00ns)   --->   "%xb2_14_addr = getelementptr i32 %xb2_14, i64 0, i64 %zext_ln165" [kernel_MHSA.cpp:167->kernel_MHSA.cpp:165->kernel_MHSA.cpp:54->kernel_MHSA.cpp:54]   --->   Operation 62 'getelementptr' 'xb2_14_addr' <Predicate = (!icmp_ln165)> <Delay = 0.00>
ST_1 : Operation 63 [1/1] (0.00ns)   --->   "%xb2_15_addr = getelementptr i32 %xb2_15, i64 0, i64 %zext_ln165" [kernel_MHSA.cpp:167->kernel_MHSA.cpp:165->kernel_MHSA.cpp:54->kernel_MHSA.cpp:54]   --->   Operation 63 'getelementptr' 'xb2_15_addr' <Predicate = (!icmp_ln165)> <Delay = 0.00>
ST_1 : Operation 64 [1/1] (0.00ns)   --->   "%muxLogicRAMAddr_to_xb2_0_load = muxlogic i6 %xb2_0_addr"   --->   Operation 64 'muxlogic' 'muxLogicRAMAddr_to_xb2_0_load' <Predicate = (!icmp_ln165)> <Delay = 0.00>
ST_1 : Operation 65 [2/2] (0.62ns) (share mux size 2)   --->   "%xb2_0_load = load i6 %xb2_0_addr" [kernel_MHSA.cpp:167->kernel_MHSA.cpp:165->kernel_MHSA.cpp:54->kernel_MHSA.cpp:54]   --->   Operation 65 'load' 'xb2_0_load' <Predicate = (!icmp_ln165)> <Delay = 0.62> <CoreInst = "RAM_2P_BRAM">   --->   Core 97 'RAM_2P_BRAM' <Latency = 1> <II = 1> <Delay = 0.88> <Storage> <Opcode : 'load' 'store'> <Ports = 2> <Width = 32> <Depth = 48> <RAM>
ST_1 : Operation 66 [1/1] (0.00ns)   --->   "%muxLogicRAMAddr_to_xb2_1_load = muxlogic i6 %xb2_1_addr"   --->   Operation 66 'muxlogic' 'muxLogicRAMAddr_to_xb2_1_load' <Predicate = (!icmp_ln165)> <Delay = 0.00>
ST_1 : Operation 67 [2/2] (0.62ns) (share mux size 2)   --->   "%xb2_1_load = load i6 %xb2_1_addr" [kernel_MHSA.cpp:167->kernel_MHSA.cpp:165->kernel_MHSA.cpp:54->kernel_MHSA.cpp:54]   --->   Operation 67 'load' 'xb2_1_load' <Predicate = (!icmp_ln165)> <Delay = 0.62> <CoreInst = "RAM_2P_BRAM">   --->   Core 97 'RAM_2P_BRAM' <Latency = 1> <II = 1> <Delay = 0.88> <Storage> <Opcode : 'load' 'store'> <Ports = 2> <Width = 32> <Depth = 48> <RAM>
ST_1 : Operation 68 [1/1] (0.00ns)   --->   "%muxLogicRAMAddr_to_xb2_2_load = muxlogic i6 %xb2_2_addr"   --->   Operation 68 'muxlogic' 'muxLogicRAMAddr_to_xb2_2_load' <Predicate = (!icmp_ln165)> <Delay = 0.00>
ST_1 : Operation 69 [2/2] (0.62ns) (share mux size 2)   --->   "%xb2_2_load = load i6 %xb2_2_addr" [kernel_MHSA.cpp:167->kernel_MHSA.cpp:165->kernel_MHSA.cpp:54->kernel_MHSA.cpp:54]   --->   Operation 69 'load' 'xb2_2_load' <Predicate = (!icmp_ln165)> <Delay = 0.62> <CoreInst = "RAM_2P_BRAM">   --->   Core 97 'RAM_2P_BRAM' <Latency = 1> <II = 1> <Delay = 0.88> <Storage> <Opcode : 'load' 'store'> <Ports = 2> <Width = 32> <Depth = 48> <RAM>
ST_1 : Operation 70 [1/1] (0.00ns)   --->   "%muxLogicRAMAddr_to_xb2_3_load = muxlogic i6 %xb2_3_addr"   --->   Operation 70 'muxlogic' 'muxLogicRAMAddr_to_xb2_3_load' <Predicate = (!icmp_ln165)> <Delay = 0.00>
ST_1 : Operation 71 [2/2] (0.62ns) (share mux size 2)   --->   "%xb2_3_load = load i6 %xb2_3_addr" [kernel_MHSA.cpp:167->kernel_MHSA.cpp:165->kernel_MHSA.cpp:54->kernel_MHSA.cpp:54]   --->   Operation 71 'load' 'xb2_3_load' <Predicate = (!icmp_ln165)> <Delay = 0.62> <CoreInst = "RAM_2P_BRAM">   --->   Core 97 'RAM_2P_BRAM' <Latency = 1> <II = 1> <Delay = 0.88> <Storage> <Opcode : 'load' 'store'> <Ports = 2> <Width = 32> <Depth = 48> <RAM>
ST_1 : Operation 72 [1/1] (0.00ns)   --->   "%muxLogicRAMAddr_to_xb2_4_load = muxlogic i6 %xb2_4_addr"   --->   Operation 72 'muxlogic' 'muxLogicRAMAddr_to_xb2_4_load' <Predicate = (!icmp_ln165)> <Delay = 0.00>
ST_1 : Operation 73 [2/2] (0.62ns) (share mux size 2)   --->   "%xb2_4_load = load i6 %xb2_4_addr" [kernel_MHSA.cpp:167->kernel_MHSA.cpp:165->kernel_MHSA.cpp:54->kernel_MHSA.cpp:54]   --->   Operation 73 'load' 'xb2_4_load' <Predicate = (!icmp_ln165)> <Delay = 0.62> <CoreInst = "RAM_2P_BRAM">   --->   Core 97 'RAM_2P_BRAM' <Latency = 1> <II = 1> <Delay = 0.88> <Storage> <Opcode : 'load' 'store'> <Ports = 2> <Width = 32> <Depth = 48> <RAM>
ST_1 : Operation 74 [1/1] (0.00ns)   --->   "%muxLogicRAMAddr_to_xb2_5_load = muxlogic i6 %xb2_5_addr"   --->   Operation 74 'muxlogic' 'muxLogicRAMAddr_to_xb2_5_load' <Predicate = (!icmp_ln165)> <Delay = 0.00>
ST_1 : Operation 75 [2/2] (0.62ns) (share mux size 2)   --->   "%xb2_5_load = load i6 %xb2_5_addr" [kernel_MHSA.cpp:167->kernel_MHSA.cpp:165->kernel_MHSA.cpp:54->kernel_MHSA.cpp:54]   --->   Operation 75 'load' 'xb2_5_load' <Predicate = (!icmp_ln165)> <Delay = 0.62> <CoreInst = "RAM_2P_BRAM">   --->   Core 97 'RAM_2P_BRAM' <Latency = 1> <II = 1> <Delay = 0.88> <Storage> <Opcode : 'load' 'store'> <Ports = 2> <Width = 32> <Depth = 48> <RAM>
ST_1 : Operation 76 [1/1] (0.00ns)   --->   "%muxLogicRAMAddr_to_xb2_6_load = muxlogic i6 %xb2_6_addr"   --->   Operation 76 'muxlogic' 'muxLogicRAMAddr_to_xb2_6_load' <Predicate = (!icmp_ln165)> <Delay = 0.00>
ST_1 : Operation 77 [2/2] (0.62ns) (share mux size 2)   --->   "%xb2_6_load = load i6 %xb2_6_addr" [kernel_MHSA.cpp:167->kernel_MHSA.cpp:165->kernel_MHSA.cpp:54->kernel_MHSA.cpp:54]   --->   Operation 77 'load' 'xb2_6_load' <Predicate = (!icmp_ln165)> <Delay = 0.62> <CoreInst = "RAM_2P_BRAM">   --->   Core 97 'RAM_2P_BRAM' <Latency = 1> <II = 1> <Delay = 0.88> <Storage> <Opcode : 'load' 'store'> <Ports = 2> <Width = 32> <Depth = 48> <RAM>
ST_1 : Operation 78 [1/1] (0.00ns)   --->   "%muxLogicRAMAddr_to_xb2_7_load = muxlogic i6 %xb2_7_addr"   --->   Operation 78 'muxlogic' 'muxLogicRAMAddr_to_xb2_7_load' <Predicate = (!icmp_ln165)> <Delay = 0.00>
ST_1 : Operation 79 [2/2] (0.62ns) (share mux size 2)   --->   "%xb2_7_load = load i6 %xb2_7_addr" [kernel_MHSA.cpp:167->kernel_MHSA.cpp:165->kernel_MHSA.cpp:54->kernel_MHSA.cpp:54]   --->   Operation 79 'load' 'xb2_7_load' <Predicate = (!icmp_ln165)> <Delay = 0.62> <CoreInst = "RAM_2P_BRAM">   --->   Core 97 'RAM_2P_BRAM' <Latency = 1> <II = 1> <Delay = 0.88> <Storage> <Opcode : 'load' 'store'> <Ports = 2> <Width = 32> <Depth = 48> <RAM>
ST_1 : Operation 80 [1/1] (0.00ns)   --->   "%muxLogicRAMAddr_to_xb2_8_load = muxlogic i6 %xb2_8_addr"   --->   Operation 80 'muxlogic' 'muxLogicRAMAddr_to_xb2_8_load' <Predicate = (!icmp_ln165)> <Delay = 0.00>
ST_1 : Operation 81 [2/2] (0.62ns) (share mux size 2)   --->   "%xb2_8_load = load i6 %xb2_8_addr" [kernel_MHSA.cpp:167->kernel_MHSA.cpp:165->kernel_MHSA.cpp:54->kernel_MHSA.cpp:54]   --->   Operation 81 'load' 'xb2_8_load' <Predicate = (!icmp_ln165)> <Delay = 0.62> <CoreInst = "RAM_2P_BRAM">   --->   Core 97 'RAM_2P_BRAM' <Latency = 1> <II = 1> <Delay = 0.88> <Storage> <Opcode : 'load' 'store'> <Ports = 2> <Width = 32> <Depth = 48> <RAM>
ST_1 : Operation 82 [1/1] (0.00ns)   --->   "%muxLogicRAMAddr_to_xb2_9_load = muxlogic i6 %xb2_9_addr"   --->   Operation 82 'muxlogic' 'muxLogicRAMAddr_to_xb2_9_load' <Predicate = (!icmp_ln165)> <Delay = 0.00>
ST_1 : Operation 83 [2/2] (0.62ns) (share mux size 2)   --->   "%xb2_9_load = load i6 %xb2_9_addr" [kernel_MHSA.cpp:167->kernel_MHSA.cpp:165->kernel_MHSA.cpp:54->kernel_MHSA.cpp:54]   --->   Operation 83 'load' 'xb2_9_load' <Predicate = (!icmp_ln165)> <Delay = 0.62> <CoreInst = "RAM_2P_BRAM">   --->   Core 97 'RAM_2P_BRAM' <Latency = 1> <II = 1> <Delay = 0.88> <Storage> <Opcode : 'load' 'store'> <Ports = 2> <Width = 32> <Depth = 48> <RAM>
ST_1 : Operation 84 [1/1] (0.00ns)   --->   "%muxLogicRAMAddr_to_xb2_10_load = muxlogic i6 %xb2_10_addr"   --->   Operation 84 'muxlogic' 'muxLogicRAMAddr_to_xb2_10_load' <Predicate = (!icmp_ln165)> <Delay = 0.00>
ST_1 : Operation 85 [2/2] (0.62ns) (share mux size 2)   --->   "%xb2_10_load = load i6 %xb2_10_addr" [kernel_MHSA.cpp:167->kernel_MHSA.cpp:165->kernel_MHSA.cpp:54->kernel_MHSA.cpp:54]   --->   Operation 85 'load' 'xb2_10_load' <Predicate = (!icmp_ln165)> <Delay = 0.62> <CoreInst = "RAM_2P_BRAM">   --->   Core 97 'RAM_2P_BRAM' <Latency = 1> <II = 1> <Delay = 0.88> <Storage> <Opcode : 'load' 'store'> <Ports = 2> <Width = 32> <Depth = 48> <RAM>
ST_1 : Operation 86 [1/1] (0.00ns)   --->   "%muxLogicRAMAddr_to_xb2_11_load = muxlogic i6 %xb2_11_addr"   --->   Operation 86 'muxlogic' 'muxLogicRAMAddr_to_xb2_11_load' <Predicate = (!icmp_ln165)> <Delay = 0.00>
ST_1 : Operation 87 [2/2] (0.62ns) (share mux size 2)   --->   "%xb2_11_load = load i6 %xb2_11_addr" [kernel_MHSA.cpp:167->kernel_MHSA.cpp:165->kernel_MHSA.cpp:54->kernel_MHSA.cpp:54]   --->   Operation 87 'load' 'xb2_11_load' <Predicate = (!icmp_ln165)> <Delay = 0.62> <CoreInst = "RAM_2P_BRAM">   --->   Core 97 'RAM_2P_BRAM' <Latency = 1> <II = 1> <Delay = 0.88> <Storage> <Opcode : 'load' 'store'> <Ports = 2> <Width = 32> <Depth = 48> <RAM>
ST_1 : Operation 88 [1/1] (0.00ns)   --->   "%muxLogicRAMAddr_to_xb2_12_load = muxlogic i6 %xb2_12_addr"   --->   Operation 88 'muxlogic' 'muxLogicRAMAddr_to_xb2_12_load' <Predicate = (!icmp_ln165)> <Delay = 0.00>
ST_1 : Operation 89 [2/2] (0.62ns) (share mux size 2)   --->   "%xb2_12_load = load i6 %xb2_12_addr" [kernel_MHSA.cpp:167->kernel_MHSA.cpp:165->kernel_MHSA.cpp:54->kernel_MHSA.cpp:54]   --->   Operation 89 'load' 'xb2_12_load' <Predicate = (!icmp_ln165)> <Delay = 0.62> <CoreInst = "RAM_2P_BRAM">   --->   Core 97 'RAM_2P_BRAM' <Latency = 1> <II = 1> <Delay = 0.88> <Storage> <Opcode : 'load' 'store'> <Ports = 2> <Width = 32> <Depth = 48> <RAM>
ST_1 : Operation 90 [1/1] (0.00ns)   --->   "%muxLogicRAMAddr_to_xb2_13_load = muxlogic i6 %xb2_13_addr"   --->   Operation 90 'muxlogic' 'muxLogicRAMAddr_to_xb2_13_load' <Predicate = (!icmp_ln165)> <Delay = 0.00>
ST_1 : Operation 91 [2/2] (0.62ns) (share mux size 2)   --->   "%xb2_13_load = load i6 %xb2_13_addr" [kernel_MHSA.cpp:167->kernel_MHSA.cpp:165->kernel_MHSA.cpp:54->kernel_MHSA.cpp:54]   --->   Operation 91 'load' 'xb2_13_load' <Predicate = (!icmp_ln165)> <Delay = 0.62> <CoreInst = "RAM_2P_BRAM">   --->   Core 97 'RAM_2P_BRAM' <Latency = 1> <II = 1> <Delay = 0.88> <Storage> <Opcode : 'load' 'store'> <Ports = 2> <Width = 32> <Depth = 48> <RAM>
ST_1 : Operation 92 [1/1] (0.00ns)   --->   "%muxLogicRAMAddr_to_xb2_14_load = muxlogic i6 %xb2_14_addr"   --->   Operation 92 'muxlogic' 'muxLogicRAMAddr_to_xb2_14_load' <Predicate = (!icmp_ln165)> <Delay = 0.00>
ST_1 : Operation 93 [2/2] (0.62ns) (share mux size 2)   --->   "%xb2_14_load = load i6 %xb2_14_addr" [kernel_MHSA.cpp:167->kernel_MHSA.cpp:165->kernel_MHSA.cpp:54->kernel_MHSA.cpp:54]   --->   Operation 93 'load' 'xb2_14_load' <Predicate = (!icmp_ln165)> <Delay = 0.62> <CoreInst = "RAM_2P_BRAM">   --->   Core 97 'RAM_2P_BRAM' <Latency = 1> <II = 1> <Delay = 0.88> <Storage> <Opcode : 'load' 'store'> <Ports = 2> <Width = 32> <Depth = 48> <RAM>
ST_1 : Operation 94 [1/1] (0.00ns)   --->   "%muxLogicRAMAddr_to_xb2_15_load = muxlogic i6 %xb2_15_addr"   --->   Operation 94 'muxlogic' 'muxLogicRAMAddr_to_xb2_15_load' <Predicate = (!icmp_ln165)> <Delay = 0.00>
ST_1 : Operation 95 [2/2] (0.62ns) (share mux size 2)   --->   "%xb2_15_load = load i6 %xb2_15_addr" [kernel_MHSA.cpp:167->kernel_MHSA.cpp:165->kernel_MHSA.cpp:54->kernel_MHSA.cpp:54]   --->   Operation 95 'load' 'xb2_15_load' <Predicate = (!icmp_ln165)> <Delay = 0.62> <CoreInst = "RAM_2P_BRAM">   --->   Core 97 'RAM_2P_BRAM' <Latency = 1> <II = 1> <Delay = 0.88> <Storage> <Opcode : 'load' 'store'> <Ports = 2> <Width = 32> <Depth = 48> <RAM>
ST_1 : Operation 96 [1/1] (0.43ns)   --->   "%switch_ln167 = switch i4 %trunc_ln165, void %arrayidx2395.case.15.i.i.i, i4 0, void %arrayidx2395.case.0.i.i.i, i4 1, void %arrayidx2395.case.1.i.i.i, i4 2, void %arrayidx2395.case.2.i.i.i, i4 3, void %arrayidx2395.case.3.i.i.i, i4 4, void %arrayidx2395.case.4.i.i.i, i4 5, void %arrayidx2395.case.5.i.i.i, i4 6, void %arrayidx2395.case.6.i.i.i, i4 7, void %arrayidx2395.case.7.i.i.i, i4 8, void %arrayidx2395.case.8.i.i.i, i4 9, void %arrayidx2395.case.9.i.i.i, i4 10, void %arrayidx2395.case.10.i.i.i, i4 11, void %arrayidx2395.case.11.i.i.i, i4 12, void %arrayidx2395.case.12.i.i.i, i4 13, void %arrayidx2395.case.13.i.i.i, i4 14, void %arrayidx2395.case.14.i.i.i" [kernel_MHSA.cpp:167->kernel_MHSA.cpp:165->kernel_MHSA.cpp:54->kernel_MHSA.cpp:54]   --->   Operation 96 'switch' 'switch_ln167' <Predicate = (!icmp_ln165)> <Delay = 0.43>
ST_1 : Operation 97 [1/1] (0.39ns)   --->   "%store_ln165 = store i10 %add_ln165, i10 %i" [kernel_MHSA.cpp:165->kernel_MHSA.cpp:165->kernel_MHSA.cpp:54->kernel_MHSA.cpp:54]   --->   Operation 97 'store' 'store_ln165' <Predicate = (!icmp_ln165)> <Delay = 0.39>
ST_1 : Operation 98 [1/1] (0.00ns)   --->   "%br_ln165 = br void %for.inc240.i.i.i" [kernel_MHSA.cpp:165->kernel_MHSA.cpp:165->kernel_MHSA.cpp:54->kernel_MHSA.cpp:54]   --->   Operation 98 'br' 'br_ln165' <Predicate = (!icmp_ln165)> <Delay = 0.00>

State 2 <SV = 1> <Delay = 1.67>
ST_2 : Operation 99 [1/2] ( I:0.88ns O:0.88ns ) (share mux size 2)   --->   "%xb2_0_load = load i6 %xb2_0_addr" [kernel_MHSA.cpp:167->kernel_MHSA.cpp:165->kernel_MHSA.cpp:54->kernel_MHSA.cpp:54]   --->   Operation 99 'load' 'xb2_0_load' <Predicate = true> <Delay = 0.88> <CoreInst = "RAM_2P_BRAM">   --->   Core 97 'RAM_2P_BRAM' <Latency = 1> <II = 1> <Delay = 0.88> <Storage> <Opcode : 'load' 'store'> <Ports = 2> <Width = 32> <Depth = 48> <RAM>
ST_2 : Operation 100 [1/2] ( I:0.88ns O:0.88ns ) (share mux size 2)   --->   "%xb2_1_load = load i6 %xb2_1_addr" [kernel_MHSA.cpp:167->kernel_MHSA.cpp:165->kernel_MHSA.cpp:54->kernel_MHSA.cpp:54]   --->   Operation 100 'load' 'xb2_1_load' <Predicate = true> <Delay = 0.88> <CoreInst = "RAM_2P_BRAM">   --->   Core 97 'RAM_2P_BRAM' <Latency = 1> <II = 1> <Delay = 0.88> <Storage> <Opcode : 'load' 'store'> <Ports = 2> <Width = 32> <Depth = 48> <RAM>
ST_2 : Operation 101 [1/2] ( I:0.88ns O:0.88ns ) (share mux size 2)   --->   "%xb2_2_load = load i6 %xb2_2_addr" [kernel_MHSA.cpp:167->kernel_MHSA.cpp:165->kernel_MHSA.cpp:54->kernel_MHSA.cpp:54]   --->   Operation 101 'load' 'xb2_2_load' <Predicate = true> <Delay = 0.88> <CoreInst = "RAM_2P_BRAM">   --->   Core 97 'RAM_2P_BRAM' <Latency = 1> <II = 1> <Delay = 0.88> <Storage> <Opcode : 'load' 'store'> <Ports = 2> <Width = 32> <Depth = 48> <RAM>
ST_2 : Operation 102 [1/2] ( I:0.88ns O:0.88ns ) (share mux size 2)   --->   "%xb2_3_load = load i6 %xb2_3_addr" [kernel_MHSA.cpp:167->kernel_MHSA.cpp:165->kernel_MHSA.cpp:54->kernel_MHSA.cpp:54]   --->   Operation 102 'load' 'xb2_3_load' <Predicate = true> <Delay = 0.88> <CoreInst = "RAM_2P_BRAM">   --->   Core 97 'RAM_2P_BRAM' <Latency = 1> <II = 1> <Delay = 0.88> <Storage> <Opcode : 'load' 'store'> <Ports = 2> <Width = 32> <Depth = 48> <RAM>
ST_2 : Operation 103 [1/2] ( I:0.88ns O:0.88ns ) (share mux size 2)   --->   "%xb2_4_load = load i6 %xb2_4_addr" [kernel_MHSA.cpp:167->kernel_MHSA.cpp:165->kernel_MHSA.cpp:54->kernel_MHSA.cpp:54]   --->   Operation 103 'load' 'xb2_4_load' <Predicate = true> <Delay = 0.88> <CoreInst = "RAM_2P_BRAM">   --->   Core 97 'RAM_2P_BRAM' <Latency = 1> <II = 1> <Delay = 0.88> <Storage> <Opcode : 'load' 'store'> <Ports = 2> <Width = 32> <Depth = 48> <RAM>
ST_2 : Operation 104 [1/2] ( I:0.88ns O:0.88ns ) (share mux size 2)   --->   "%xb2_5_load = load i6 %xb2_5_addr" [kernel_MHSA.cpp:167->kernel_MHSA.cpp:165->kernel_MHSA.cpp:54->kernel_MHSA.cpp:54]   --->   Operation 104 'load' 'xb2_5_load' <Predicate = true> <Delay = 0.88> <CoreInst = "RAM_2P_BRAM">   --->   Core 97 'RAM_2P_BRAM' <Latency = 1> <II = 1> <Delay = 0.88> <Storage> <Opcode : 'load' 'store'> <Ports = 2> <Width = 32> <Depth = 48> <RAM>
ST_2 : Operation 105 [1/2] ( I:0.88ns O:0.88ns ) (share mux size 2)   --->   "%xb2_6_load = load i6 %xb2_6_addr" [kernel_MHSA.cpp:167->kernel_MHSA.cpp:165->kernel_MHSA.cpp:54->kernel_MHSA.cpp:54]   --->   Operation 105 'load' 'xb2_6_load' <Predicate = true> <Delay = 0.88> <CoreInst = "RAM_2P_BRAM">   --->   Core 97 'RAM_2P_BRAM' <Latency = 1> <II = 1> <Delay = 0.88> <Storage> <Opcode : 'load' 'store'> <Ports = 2> <Width = 32> <Depth = 48> <RAM>
ST_2 : Operation 106 [1/2] ( I:0.88ns O:0.88ns ) (share mux size 2)   --->   "%xb2_7_load = load i6 %xb2_7_addr" [kernel_MHSA.cpp:167->kernel_MHSA.cpp:165->kernel_MHSA.cpp:54->kernel_MHSA.cpp:54]   --->   Operation 106 'load' 'xb2_7_load' <Predicate = true> <Delay = 0.88> <CoreInst = "RAM_2P_BRAM">   --->   Core 97 'RAM_2P_BRAM' <Latency = 1> <II = 1> <Delay = 0.88> <Storage> <Opcode : 'load' 'store'> <Ports = 2> <Width = 32> <Depth = 48> <RAM>
ST_2 : Operation 107 [1/2] ( I:0.88ns O:0.88ns ) (share mux size 2)   --->   "%xb2_8_load = load i6 %xb2_8_addr" [kernel_MHSA.cpp:167->kernel_MHSA.cpp:165->kernel_MHSA.cpp:54->kernel_MHSA.cpp:54]   --->   Operation 107 'load' 'xb2_8_load' <Predicate = true> <Delay = 0.88> <CoreInst = "RAM_2P_BRAM">   --->   Core 97 'RAM_2P_BRAM' <Latency = 1> <II = 1> <Delay = 0.88> <Storage> <Opcode : 'load' 'store'> <Ports = 2> <Width = 32> <Depth = 48> <RAM>
ST_2 : Operation 108 [1/2] ( I:0.88ns O:0.88ns ) (share mux size 2)   --->   "%xb2_9_load = load i6 %xb2_9_addr" [kernel_MHSA.cpp:167->kernel_MHSA.cpp:165->kernel_MHSA.cpp:54->kernel_MHSA.cpp:54]   --->   Operation 108 'load' 'xb2_9_load' <Predicate = true> <Delay = 0.88> <CoreInst = "RAM_2P_BRAM">   --->   Core 97 'RAM_2P_BRAM' <Latency = 1> <II = 1> <Delay = 0.88> <Storage> <Opcode : 'load' 'store'> <Ports = 2> <Width = 32> <Depth = 48> <RAM>
ST_2 : Operation 109 [1/2] ( I:0.88ns O:0.88ns ) (share mux size 2)   --->   "%xb2_10_load = load i6 %xb2_10_addr" [kernel_MHSA.cpp:167->kernel_MHSA.cpp:165->kernel_MHSA.cpp:54->kernel_MHSA.cpp:54]   --->   Operation 109 'load' 'xb2_10_load' <Predicate = true> <Delay = 0.88> <CoreInst = "RAM_2P_BRAM">   --->   Core 97 'RAM_2P_BRAM' <Latency = 1> <II = 1> <Delay = 0.88> <Storage> <Opcode : 'load' 'store'> <Ports = 2> <Width = 32> <Depth = 48> <RAM>
ST_2 : Operation 110 [1/2] ( I:0.88ns O:0.88ns ) (share mux size 2)   --->   "%xb2_11_load = load i6 %xb2_11_addr" [kernel_MHSA.cpp:167->kernel_MHSA.cpp:165->kernel_MHSA.cpp:54->kernel_MHSA.cpp:54]   --->   Operation 110 'load' 'xb2_11_load' <Predicate = true> <Delay = 0.88> <CoreInst = "RAM_2P_BRAM">   --->   Core 97 'RAM_2P_BRAM' <Latency = 1> <II = 1> <Delay = 0.88> <Storage> <Opcode : 'load' 'store'> <Ports = 2> <Width = 32> <Depth = 48> <RAM>
ST_2 : Operation 111 [1/2] ( I:0.88ns O:0.88ns ) (share mux size 2)   --->   "%xb2_12_load = load i6 %xb2_12_addr" [kernel_MHSA.cpp:167->kernel_MHSA.cpp:165->kernel_MHSA.cpp:54->kernel_MHSA.cpp:54]   --->   Operation 111 'load' 'xb2_12_load' <Predicate = true> <Delay = 0.88> <CoreInst = "RAM_2P_BRAM">   --->   Core 97 'RAM_2P_BRAM' <Latency = 1> <II = 1> <Delay = 0.88> <Storage> <Opcode : 'load' 'store'> <Ports = 2> <Width = 32> <Depth = 48> <RAM>
ST_2 : Operation 112 [1/2] ( I:0.88ns O:0.88ns ) (share mux size 2)   --->   "%xb2_13_load = load i6 %xb2_13_addr" [kernel_MHSA.cpp:167->kernel_MHSA.cpp:165->kernel_MHSA.cpp:54->kernel_MHSA.cpp:54]   --->   Operation 112 'load' 'xb2_13_load' <Predicate = true> <Delay = 0.88> <CoreInst = "RAM_2P_BRAM">   --->   Core 97 'RAM_2P_BRAM' <Latency = 1> <II = 1> <Delay = 0.88> <Storage> <Opcode : 'load' 'store'> <Ports = 2> <Width = 32> <Depth = 48> <RAM>
ST_2 : Operation 113 [1/2] ( I:0.88ns O:0.88ns ) (share mux size 2)   --->   "%xb2_14_load = load i6 %xb2_14_addr" [kernel_MHSA.cpp:167->kernel_MHSA.cpp:165->kernel_MHSA.cpp:54->kernel_MHSA.cpp:54]   --->   Operation 113 'load' 'xb2_14_load' <Predicate = true> <Delay = 0.88> <CoreInst = "RAM_2P_BRAM">   --->   Core 97 'RAM_2P_BRAM' <Latency = 1> <II = 1> <Delay = 0.88> <Storage> <Opcode : 'load' 'store'> <Ports = 2> <Width = 32> <Depth = 48> <RAM>
ST_2 : Operation 114 [1/2] ( I:0.88ns O:0.88ns ) (share mux size 2)   --->   "%xb2_15_load = load i6 %xb2_15_addr" [kernel_MHSA.cpp:167->kernel_MHSA.cpp:165->kernel_MHSA.cpp:54->kernel_MHSA.cpp:54]   --->   Operation 114 'load' 'xb2_15_load' <Predicate = true> <Delay = 0.88> <CoreInst = "RAM_2P_BRAM">   --->   Core 97 'RAM_2P_BRAM' <Latency = 1> <II = 1> <Delay = 0.88> <Storage> <Opcode : 'load' 'store'> <Ports = 2> <Width = 32> <Depth = 48> <RAM>
ST_2 : Operation 115 [1/1] (0.79ns)   --->   "%tmp_2 = sparsemux i32 @_ssdm_op_SparseMux.ap_auto.16float.float.i4, i4 0, i32 %xb2_0_load, i4 1, i32 %xb2_1_load, i4 2, i32 %xb2_2_load, i4 3, i32 %xb2_3_load, i4 4, i32 %xb2_4_load, i4 5, i32 %xb2_5_load, i4 6, i32 %xb2_6_load, i4 7, i32 %xb2_7_load, i4 8, i32 %xb2_8_load, i4 9, i32 %xb2_9_load, i4 10, i32 %xb2_10_load, i4 11, i32 %xb2_11_load, i4 12, i32 %xb2_12_load, i4 13, i32 %xb2_13_load, i4 14, i32 %xb2_14_load, i4 15, i32 %xb2_15_load, i32 <undef>, i4 %trunc_ln165" [kernel_MHSA.cpp:167->kernel_MHSA.cpp:165->kernel_MHSA.cpp:54->kernel_MHSA.cpp:54]   --->   Operation 115 'sparsemux' 'tmp_2' <Predicate = true> <Delay = 0.79> <CoreInst = "BinarySparseMux_DontCare">   --->   Core 150 'BinarySparseMux_DontCare' <Latency = 0> <II = 1> <Delay = 0.79> <FuncUnit> <Opcode : 'sparsemux'> <InPorts = 0> <OutPorts = 1>
ST_2 : Operation 199 [1/1] (0.28ns)   --->   "%ret_ln0 = ret"   --->   Operation 199 'ret' 'ret_ln0' <Predicate = (icmp_ln165)> <Delay = 0.28>

State 3 <SV = 2> <Delay = 1.33>
ST_3 : Operation 116 [1/1] (0.00ns)   --->   "%specpipeline_ln166 = specpipeline void @_ssdm_op_SpecPipeline, i32 1, i32 0, i32 0, i32 0, void @empty_107" [kernel_MHSA.cpp:166->kernel_MHSA.cpp:165->kernel_MHSA.cpp:54->kernel_MHSA.cpp:54]   --->   Operation 116 'specpipeline' 'specpipeline_ln166' <Predicate = true> <Delay = 0.00>
ST_3 : Operation 117 [1/1] (0.00ns)   --->   "%speclooptripcount_ln165 = speclooptripcount void @_ssdm_op_SpecLoopTripCount, i64 768, i64 768, i64 768" [kernel_MHSA.cpp:165->kernel_MHSA.cpp:165->kernel_MHSA.cpp:54->kernel_MHSA.cpp:54]   --->   Operation 117 'speclooptripcount' 'speclooptripcount_ln165' <Predicate = true> <Delay = 0.00>
ST_3 : Operation 118 [1/1] (0.00ns)   --->   "%specloopname_ln165 = specloopname void @_ssdm_op_SpecLoopName, void @empty_93" [kernel_MHSA.cpp:165->kernel_MHSA.cpp:165->kernel_MHSA.cpp:54->kernel_MHSA.cpp:54]   --->   Operation 118 'specloopname' 'specloopname_ln165' <Predicate = true> <Delay = 0.00>
ST_3 : Operation 119 [1/1] (0.00ns)   --->   "%current_token_addr = getelementptr i32 %current_token, i64 0, i64 %zext_ln165" [kernel_MHSA.cpp:167->kernel_MHSA.cpp:165->kernel_MHSA.cpp:54->kernel_MHSA.cpp:54]   --->   Operation 119 'getelementptr' 'current_token_addr' <Predicate = true> <Delay = 0.00>
ST_3 : Operation 120 [1/1] (0.00ns)   --->   "%current_token_19_addr = getelementptr i32 %current_token_19, i64 0, i64 %zext_ln165" [kernel_MHSA.cpp:167->kernel_MHSA.cpp:165->kernel_MHSA.cpp:54->kernel_MHSA.cpp:54]   --->   Operation 120 'getelementptr' 'current_token_19_addr' <Predicate = true> <Delay = 0.00>
ST_3 : Operation 121 [1/1] (0.00ns)   --->   "%current_token_20_addr = getelementptr i32 %current_token_20, i64 0, i64 %zext_ln165" [kernel_MHSA.cpp:167->kernel_MHSA.cpp:165->kernel_MHSA.cpp:54->kernel_MHSA.cpp:54]   --->   Operation 121 'getelementptr' 'current_token_20_addr' <Predicate = true> <Delay = 0.00>
ST_3 : Operation 122 [1/1] (0.00ns)   --->   "%current_token_21_addr = getelementptr i32 %current_token_21, i64 0, i64 %zext_ln165" [kernel_MHSA.cpp:167->kernel_MHSA.cpp:165->kernel_MHSA.cpp:54->kernel_MHSA.cpp:54]   --->   Operation 122 'getelementptr' 'current_token_21_addr' <Predicate = true> <Delay = 0.00>
ST_3 : Operation 123 [1/1] (0.00ns)   --->   "%current_token_22_addr = getelementptr i32 %current_token_22, i64 0, i64 %zext_ln165" [kernel_MHSA.cpp:167->kernel_MHSA.cpp:165->kernel_MHSA.cpp:54->kernel_MHSA.cpp:54]   --->   Operation 123 'getelementptr' 'current_token_22_addr' <Predicate = true> <Delay = 0.00>
ST_3 : Operation 124 [1/1] (0.00ns)   --->   "%current_token_23_addr = getelementptr i32 %current_token_23, i64 0, i64 %zext_ln165" [kernel_MHSA.cpp:167->kernel_MHSA.cpp:165->kernel_MHSA.cpp:54->kernel_MHSA.cpp:54]   --->   Operation 124 'getelementptr' 'current_token_23_addr' <Predicate = true> <Delay = 0.00>
ST_3 : Operation 125 [1/1] (0.00ns)   --->   "%current_token_24_addr = getelementptr i32 %current_token_24, i64 0, i64 %zext_ln165" [kernel_MHSA.cpp:167->kernel_MHSA.cpp:165->kernel_MHSA.cpp:54->kernel_MHSA.cpp:54]   --->   Operation 125 'getelementptr' 'current_token_24_addr' <Predicate = true> <Delay = 0.00>
ST_3 : Operation 126 [1/1] (0.00ns)   --->   "%current_token_25_addr = getelementptr i32 %current_token_25, i64 0, i64 %zext_ln165" [kernel_MHSA.cpp:167->kernel_MHSA.cpp:165->kernel_MHSA.cpp:54->kernel_MHSA.cpp:54]   --->   Operation 126 'getelementptr' 'current_token_25_addr' <Predicate = true> <Delay = 0.00>
ST_3 : Operation 127 [1/1] (0.00ns)   --->   "%current_token_26_addr = getelementptr i32 %current_token_26, i64 0, i64 %zext_ln165" [kernel_MHSA.cpp:167->kernel_MHSA.cpp:165->kernel_MHSA.cpp:54->kernel_MHSA.cpp:54]   --->   Operation 127 'getelementptr' 'current_token_26_addr' <Predicate = true> <Delay = 0.00>
ST_3 : Operation 128 [1/1] (0.00ns)   --->   "%current_token_27_addr = getelementptr i32 %current_token_27, i64 0, i64 %zext_ln165" [kernel_MHSA.cpp:167->kernel_MHSA.cpp:165->kernel_MHSA.cpp:54->kernel_MHSA.cpp:54]   --->   Operation 128 'getelementptr' 'current_token_27_addr' <Predicate = true> <Delay = 0.00>
ST_3 : Operation 129 [1/1] (0.00ns)   --->   "%p_ZZ11llama_layerE13current_token_10_addr = getelementptr i32 %p_ZZ11llama_layerE13current_token_10, i64 0, i64 %zext_ln165" [kernel_MHSA.cpp:167->kernel_MHSA.cpp:165->kernel_MHSA.cpp:54->kernel_MHSA.cpp:54]   --->   Operation 129 'getelementptr' 'p_ZZ11llama_layerE13current_token_10_addr' <Predicate = true> <Delay = 0.00>
ST_3 : Operation 130 [1/1] (0.00ns)   --->   "%p_ZZ11llama_layerE13current_token_11_addr = getelementptr i32 %p_ZZ11llama_layerE13current_token_11, i64 0, i64 %zext_ln165" [kernel_MHSA.cpp:167->kernel_MHSA.cpp:165->kernel_MHSA.cpp:54->kernel_MHSA.cpp:54]   --->   Operation 130 'getelementptr' 'p_ZZ11llama_layerE13current_token_11_addr' <Predicate = true> <Delay = 0.00>
ST_3 : Operation 131 [1/1] (0.00ns)   --->   "%p_ZZ11llama_layerE13current_token_12_addr = getelementptr i32 %p_ZZ11llama_layerE13current_token_12, i64 0, i64 %zext_ln165" [kernel_MHSA.cpp:167->kernel_MHSA.cpp:165->kernel_MHSA.cpp:54->kernel_MHSA.cpp:54]   --->   Operation 131 'getelementptr' 'p_ZZ11llama_layerE13current_token_12_addr' <Predicate = true> <Delay = 0.00>
ST_3 : Operation 132 [1/1] (0.00ns)   --->   "%p_ZZ11llama_layerE13current_token_13_addr = getelementptr i32 %p_ZZ11llama_layerE13current_token_13, i64 0, i64 %zext_ln165" [kernel_MHSA.cpp:167->kernel_MHSA.cpp:165->kernel_MHSA.cpp:54->kernel_MHSA.cpp:54]   --->   Operation 132 'getelementptr' 'p_ZZ11llama_layerE13current_token_13_addr' <Predicate = true> <Delay = 0.00>
ST_3 : Operation 133 [1/1] (0.00ns)   --->   "%p_ZZ11llama_layerE13current_token_14_addr = getelementptr i32 %p_ZZ11llama_layerE13current_token_14, i64 0, i64 %zext_ln165" [kernel_MHSA.cpp:167->kernel_MHSA.cpp:165->kernel_MHSA.cpp:54->kernel_MHSA.cpp:54]   --->   Operation 133 'getelementptr' 'p_ZZ11llama_layerE13current_token_14_addr' <Predicate = true> <Delay = 0.00>
ST_3 : Operation 134 [1/1] (0.00ns)   --->   "%llama_layer_current_token = getelementptr i32 %p_ZZ11llama_layerE13current_token_15, i64 0, i64 %zext_ln165" [kernel_MHSA.cpp:167->kernel_MHSA.cpp:165->kernel_MHSA.cpp:54->kernel_MHSA.cpp:54]   --->   Operation 134 'getelementptr' 'llama_layer_current_token' <Predicate = true> <Delay = 0.00>
ST_3 : Operation 135 [1/1] (0.70ns) (share mux size 5)   --->   "%muxLogicRAMData_to_store_ln167 = muxlogic i32 %tmp_2"   --->   Operation 135 'muxlogic' 'muxLogicRAMData_to_store_ln167' <Predicate = (trunc_ln165 == 14)> <Delay = 0.70>
ST_3 : Operation 136 [1/1] (0.70ns) (share mux size 5)   --->   "%muxLogicRAMAddr_to_store_ln167 = muxlogic i6 %p_ZZ11llama_layerE13current_token_14_addr"   --->   Operation 136 'muxlogic' 'muxLogicRAMAddr_to_store_ln167' <Predicate = (trunc_ln165 == 14)> <Delay = 0.70>
ST_3 : Operation 137 [1/1] ( I:0.62ns O:0.62ns ) (share mux size 10)   --->   "%store_ln167 = store i32 %tmp_2, i6 %p_ZZ11llama_layerE13current_token_14_addr" [kernel_MHSA.cpp:167->kernel_MHSA.cpp:165->kernel_MHSA.cpp:54->kernel_MHSA.cpp:54]   --->   Operation 137 'store' 'store_ln167' <Predicate = (trunc_ln165 == 14)> <Delay = 0.62> <CoreInst = "RAM_2P_BRAM">   --->   Core 97 'RAM_2P_BRAM' <Latency = 1> <II = 1> <Delay = 0.88> <Storage> <Opcode : 'load' 'store'> <Ports = 2> <Width = 32> <Depth = 48> <RAM>
ST_3 : Operation 138 [1/1] (0.00ns)   --->   "%br_ln167 = br void %arrayidx2395.exit.i.i.i" [kernel_MHSA.cpp:167->kernel_MHSA.cpp:165->kernel_MHSA.cpp:54->kernel_MHSA.cpp:54]   --->   Operation 138 'br' 'br_ln167' <Predicate = (trunc_ln165 == 14)> <Delay = 0.00>
ST_3 : Operation 139 [1/1] (0.70ns) (share mux size 5)   --->   "%muxLogicRAMData_to_store_ln167 = muxlogic i32 %tmp_2"   --->   Operation 139 'muxlogic' 'muxLogicRAMData_to_store_ln167' <Predicate = (trunc_ln165 == 13)> <Delay = 0.70>
ST_3 : Operation 140 [1/1] (0.70ns) (share mux size 5)   --->   "%muxLogicRAMAddr_to_store_ln167 = muxlogic i6 %p_ZZ11llama_layerE13current_token_13_addr"   --->   Operation 140 'muxlogic' 'muxLogicRAMAddr_to_store_ln167' <Predicate = (trunc_ln165 == 13)> <Delay = 0.70>
ST_3 : Operation 141 [1/1] ( I:0.62ns O:0.62ns ) (share mux size 10)   --->   "%store_ln167 = store i32 %tmp_2, i6 %p_ZZ11llama_layerE13current_token_13_addr" [kernel_MHSA.cpp:167->kernel_MHSA.cpp:165->kernel_MHSA.cpp:54->kernel_MHSA.cpp:54]   --->   Operation 141 'store' 'store_ln167' <Predicate = (trunc_ln165 == 13)> <Delay = 0.62> <CoreInst = "RAM_2P_BRAM">   --->   Core 97 'RAM_2P_BRAM' <Latency = 1> <II = 1> <Delay = 0.88> <Storage> <Opcode : 'load' 'store'> <Ports = 2> <Width = 32> <Depth = 48> <RAM>
ST_3 : Operation 142 [1/1] (0.00ns)   --->   "%br_ln167 = br void %arrayidx2395.exit.i.i.i" [kernel_MHSA.cpp:167->kernel_MHSA.cpp:165->kernel_MHSA.cpp:54->kernel_MHSA.cpp:54]   --->   Operation 142 'br' 'br_ln167' <Predicate = (trunc_ln165 == 13)> <Delay = 0.00>
ST_3 : Operation 143 [1/1] (0.70ns) (share mux size 5)   --->   "%muxLogicRAMData_to_store_ln167 = muxlogic i32 %tmp_2"   --->   Operation 143 'muxlogic' 'muxLogicRAMData_to_store_ln167' <Predicate = (trunc_ln165 == 12)> <Delay = 0.70>
ST_3 : Operation 144 [1/1] (0.70ns) (share mux size 5)   --->   "%muxLogicRAMAddr_to_store_ln167 = muxlogic i6 %p_ZZ11llama_layerE13current_token_12_addr"   --->   Operation 144 'muxlogic' 'muxLogicRAMAddr_to_store_ln167' <Predicate = (trunc_ln165 == 12)> <Delay = 0.70>
ST_3 : Operation 145 [1/1] ( I:0.62ns O:0.62ns ) (share mux size 10)   --->   "%store_ln167 = store i32 %tmp_2, i6 %p_ZZ11llama_layerE13current_token_12_addr" [kernel_MHSA.cpp:167->kernel_MHSA.cpp:165->kernel_MHSA.cpp:54->kernel_MHSA.cpp:54]   --->   Operation 145 'store' 'store_ln167' <Predicate = (trunc_ln165 == 12)> <Delay = 0.62> <CoreInst = "RAM_2P_BRAM">   --->   Core 97 'RAM_2P_BRAM' <Latency = 1> <II = 1> <Delay = 0.88> <Storage> <Opcode : 'load' 'store'> <Ports = 2> <Width = 32> <Depth = 48> <RAM>
ST_3 : Operation 146 [1/1] (0.00ns)   --->   "%br_ln167 = br void %arrayidx2395.exit.i.i.i" [kernel_MHSA.cpp:167->kernel_MHSA.cpp:165->kernel_MHSA.cpp:54->kernel_MHSA.cpp:54]   --->   Operation 146 'br' 'br_ln167' <Predicate = (trunc_ln165 == 12)> <Delay = 0.00>
ST_3 : Operation 147 [1/1] (0.70ns) (share mux size 5)   --->   "%muxLogicRAMData_to_store_ln167 = muxlogic i32 %tmp_2"   --->   Operation 147 'muxlogic' 'muxLogicRAMData_to_store_ln167' <Predicate = (trunc_ln165 == 11)> <Delay = 0.70>
ST_3 : Operation 148 [1/1] (0.70ns) (share mux size 5)   --->   "%muxLogicRAMAddr_to_store_ln167 = muxlogic i6 %p_ZZ11llama_layerE13current_token_11_addr"   --->   Operation 148 'muxlogic' 'muxLogicRAMAddr_to_store_ln167' <Predicate = (trunc_ln165 == 11)> <Delay = 0.70>
ST_3 : Operation 149 [1/1] ( I:0.62ns O:0.62ns ) (share mux size 10)   --->   "%store_ln167 = store i32 %tmp_2, i6 %p_ZZ11llama_layerE13current_token_11_addr" [kernel_MHSA.cpp:167->kernel_MHSA.cpp:165->kernel_MHSA.cpp:54->kernel_MHSA.cpp:54]   --->   Operation 149 'store' 'store_ln167' <Predicate = (trunc_ln165 == 11)> <Delay = 0.62> <CoreInst = "RAM_2P_BRAM">   --->   Core 97 'RAM_2P_BRAM' <Latency = 1> <II = 1> <Delay = 0.88> <Storage> <Opcode : 'load' 'store'> <Ports = 2> <Width = 32> <Depth = 48> <RAM>
ST_3 : Operation 150 [1/1] (0.00ns)   --->   "%br_ln167 = br void %arrayidx2395.exit.i.i.i" [kernel_MHSA.cpp:167->kernel_MHSA.cpp:165->kernel_MHSA.cpp:54->kernel_MHSA.cpp:54]   --->   Operation 150 'br' 'br_ln167' <Predicate = (trunc_ln165 == 11)> <Delay = 0.00>
ST_3 : Operation 151 [1/1] (0.70ns) (share mux size 5)   --->   "%muxLogicRAMData_to_store_ln167 = muxlogic i32 %tmp_2"   --->   Operation 151 'muxlogic' 'muxLogicRAMData_to_store_ln167' <Predicate = (trunc_ln165 == 10)> <Delay = 0.70>
ST_3 : Operation 152 [1/1] (0.70ns) (share mux size 5)   --->   "%muxLogicRAMAddr_to_store_ln167 = muxlogic i6 %p_ZZ11llama_layerE13current_token_10_addr"   --->   Operation 152 'muxlogic' 'muxLogicRAMAddr_to_store_ln167' <Predicate = (trunc_ln165 == 10)> <Delay = 0.70>
ST_3 : Operation 153 [1/1] ( I:0.62ns O:0.62ns ) (share mux size 10)   --->   "%store_ln167 = store i32 %tmp_2, i6 %p_ZZ11llama_layerE13current_token_10_addr" [kernel_MHSA.cpp:167->kernel_MHSA.cpp:165->kernel_MHSA.cpp:54->kernel_MHSA.cpp:54]   --->   Operation 153 'store' 'store_ln167' <Predicate = (trunc_ln165 == 10)> <Delay = 0.62> <CoreInst = "RAM_2P_BRAM">   --->   Core 97 'RAM_2P_BRAM' <Latency = 1> <II = 1> <Delay = 0.88> <Storage> <Opcode : 'load' 'store'> <Ports = 2> <Width = 32> <Depth = 48> <RAM>
ST_3 : Operation 154 [1/1] (0.00ns)   --->   "%br_ln167 = br void %arrayidx2395.exit.i.i.i" [kernel_MHSA.cpp:167->kernel_MHSA.cpp:165->kernel_MHSA.cpp:54->kernel_MHSA.cpp:54]   --->   Operation 154 'br' 'br_ln167' <Predicate = (trunc_ln165 == 10)> <Delay = 0.00>
ST_3 : Operation 155 [1/1] (0.70ns) (share mux size 5)   --->   "%muxLogicRAMData_to_store_ln167 = muxlogic i32 %tmp_2"   --->   Operation 155 'muxlogic' 'muxLogicRAMData_to_store_ln167' <Predicate = (trunc_ln165 == 9)> <Delay = 0.70>
ST_3 : Operation 156 [1/1] (0.70ns) (share mux size 5)   --->   "%muxLogicRAMAddr_to_store_ln167 = muxlogic i6 %current_token_27_addr"   --->   Operation 156 'muxlogic' 'muxLogicRAMAddr_to_store_ln167' <Predicate = (trunc_ln165 == 9)> <Delay = 0.70>
ST_3 : Operation 157 [1/1] ( I:0.62ns O:0.62ns ) (share mux size 10)   --->   "%store_ln167 = store i32 %tmp_2, i6 %current_token_27_addr" [kernel_MHSA.cpp:167->kernel_MHSA.cpp:165->kernel_MHSA.cpp:54->kernel_MHSA.cpp:54]   --->   Operation 157 'store' 'store_ln167' <Predicate = (trunc_ln165 == 9)> <Delay = 0.62> <CoreInst = "RAM_2P_BRAM">   --->   Core 97 'RAM_2P_BRAM' <Latency = 1> <II = 1> <Delay = 0.88> <Storage> <Opcode : 'load' 'store'> <Ports = 2> <Width = 32> <Depth = 48> <RAM>
ST_3 : Operation 158 [1/1] (0.00ns)   --->   "%br_ln167 = br void %arrayidx2395.exit.i.i.i" [kernel_MHSA.cpp:167->kernel_MHSA.cpp:165->kernel_MHSA.cpp:54->kernel_MHSA.cpp:54]   --->   Operation 158 'br' 'br_ln167' <Predicate = (trunc_ln165 == 9)> <Delay = 0.00>
ST_3 : Operation 159 [1/1] (0.70ns) (share mux size 5)   --->   "%muxLogicRAMData_to_store_ln167 = muxlogic i32 %tmp_2"   --->   Operation 159 'muxlogic' 'muxLogicRAMData_to_store_ln167' <Predicate = (trunc_ln165 == 8)> <Delay = 0.70>
ST_3 : Operation 160 [1/1] (0.70ns) (share mux size 5)   --->   "%muxLogicRAMAddr_to_store_ln167 = muxlogic i6 %current_token_26_addr"   --->   Operation 160 'muxlogic' 'muxLogicRAMAddr_to_store_ln167' <Predicate = (trunc_ln165 == 8)> <Delay = 0.70>
ST_3 : Operation 161 [1/1] ( I:0.62ns O:0.62ns ) (share mux size 10)   --->   "%store_ln167 = store i32 %tmp_2, i6 %current_token_26_addr" [kernel_MHSA.cpp:167->kernel_MHSA.cpp:165->kernel_MHSA.cpp:54->kernel_MHSA.cpp:54]   --->   Operation 161 'store' 'store_ln167' <Predicate = (trunc_ln165 == 8)> <Delay = 0.62> <CoreInst = "RAM_2P_BRAM">   --->   Core 97 'RAM_2P_BRAM' <Latency = 1> <II = 1> <Delay = 0.88> <Storage> <Opcode : 'load' 'store'> <Ports = 2> <Width = 32> <Depth = 48> <RAM>
ST_3 : Operation 162 [1/1] (0.00ns)   --->   "%br_ln167 = br void %arrayidx2395.exit.i.i.i" [kernel_MHSA.cpp:167->kernel_MHSA.cpp:165->kernel_MHSA.cpp:54->kernel_MHSA.cpp:54]   --->   Operation 162 'br' 'br_ln167' <Predicate = (trunc_ln165 == 8)> <Delay = 0.00>
ST_3 : Operation 163 [1/1] (0.70ns) (share mux size 5)   --->   "%muxLogicRAMData_to_store_ln167 = muxlogic i32 %tmp_2"   --->   Operation 163 'muxlogic' 'muxLogicRAMData_to_store_ln167' <Predicate = (trunc_ln165 == 7)> <Delay = 0.70>
ST_3 : Operation 164 [1/1] (0.70ns) (share mux size 5)   --->   "%muxLogicRAMAddr_to_store_ln167 = muxlogic i6 %current_token_25_addr"   --->   Operation 164 'muxlogic' 'muxLogicRAMAddr_to_store_ln167' <Predicate = (trunc_ln165 == 7)> <Delay = 0.70>
ST_3 : Operation 165 [1/1] ( I:0.62ns O:0.62ns ) (share mux size 10)   --->   "%store_ln167 = store i32 %tmp_2, i6 %current_token_25_addr" [kernel_MHSA.cpp:167->kernel_MHSA.cpp:165->kernel_MHSA.cpp:54->kernel_MHSA.cpp:54]   --->   Operation 165 'store' 'store_ln167' <Predicate = (trunc_ln165 == 7)> <Delay = 0.62> <CoreInst = "RAM_2P_BRAM">   --->   Core 97 'RAM_2P_BRAM' <Latency = 1> <II = 1> <Delay = 0.88> <Storage> <Opcode : 'load' 'store'> <Ports = 2> <Width = 32> <Depth = 48> <RAM>
ST_3 : Operation 166 [1/1] (0.00ns)   --->   "%br_ln167 = br void %arrayidx2395.exit.i.i.i" [kernel_MHSA.cpp:167->kernel_MHSA.cpp:165->kernel_MHSA.cpp:54->kernel_MHSA.cpp:54]   --->   Operation 166 'br' 'br_ln167' <Predicate = (trunc_ln165 == 7)> <Delay = 0.00>
ST_3 : Operation 167 [1/1] (0.70ns) (share mux size 5)   --->   "%muxLogicRAMData_to_store_ln167 = muxlogic i32 %tmp_2"   --->   Operation 167 'muxlogic' 'muxLogicRAMData_to_store_ln167' <Predicate = (trunc_ln165 == 6)> <Delay = 0.70>
ST_3 : Operation 168 [1/1] (0.70ns) (share mux size 5)   --->   "%muxLogicRAMAddr_to_store_ln167 = muxlogic i6 %current_token_24_addr"   --->   Operation 168 'muxlogic' 'muxLogicRAMAddr_to_store_ln167' <Predicate = (trunc_ln165 == 6)> <Delay = 0.70>
ST_3 : Operation 169 [1/1] ( I:0.62ns O:0.62ns ) (share mux size 10)   --->   "%store_ln167 = store i32 %tmp_2, i6 %current_token_24_addr" [kernel_MHSA.cpp:167->kernel_MHSA.cpp:165->kernel_MHSA.cpp:54->kernel_MHSA.cpp:54]   --->   Operation 169 'store' 'store_ln167' <Predicate = (trunc_ln165 == 6)> <Delay = 0.62> <CoreInst = "RAM_2P_BRAM">   --->   Core 97 'RAM_2P_BRAM' <Latency = 1> <II = 1> <Delay = 0.88> <Storage> <Opcode : 'load' 'store'> <Ports = 2> <Width = 32> <Depth = 48> <RAM>
ST_3 : Operation 170 [1/1] (0.00ns)   --->   "%br_ln167 = br void %arrayidx2395.exit.i.i.i" [kernel_MHSA.cpp:167->kernel_MHSA.cpp:165->kernel_MHSA.cpp:54->kernel_MHSA.cpp:54]   --->   Operation 170 'br' 'br_ln167' <Predicate = (trunc_ln165 == 6)> <Delay = 0.00>
ST_3 : Operation 171 [1/1] (0.70ns) (share mux size 5)   --->   "%muxLogicRAMData_to_store_ln167 = muxlogic i32 %tmp_2"   --->   Operation 171 'muxlogic' 'muxLogicRAMData_to_store_ln167' <Predicate = (trunc_ln165 == 5)> <Delay = 0.70>
ST_3 : Operation 172 [1/1] (0.70ns) (share mux size 5)   --->   "%muxLogicRAMAddr_to_store_ln167 = muxlogic i6 %current_token_23_addr"   --->   Operation 172 'muxlogic' 'muxLogicRAMAddr_to_store_ln167' <Predicate = (trunc_ln165 == 5)> <Delay = 0.70>
ST_3 : Operation 173 [1/1] ( I:0.62ns O:0.62ns ) (share mux size 10)   --->   "%store_ln167 = store i32 %tmp_2, i6 %current_token_23_addr" [kernel_MHSA.cpp:167->kernel_MHSA.cpp:165->kernel_MHSA.cpp:54->kernel_MHSA.cpp:54]   --->   Operation 173 'store' 'store_ln167' <Predicate = (trunc_ln165 == 5)> <Delay = 0.62> <CoreInst = "RAM_2P_BRAM">   --->   Core 97 'RAM_2P_BRAM' <Latency = 1> <II = 1> <Delay = 0.88> <Storage> <Opcode : 'load' 'store'> <Ports = 2> <Width = 32> <Depth = 48> <RAM>
ST_3 : Operation 174 [1/1] (0.00ns)   --->   "%br_ln167 = br void %arrayidx2395.exit.i.i.i" [kernel_MHSA.cpp:167->kernel_MHSA.cpp:165->kernel_MHSA.cpp:54->kernel_MHSA.cpp:54]   --->   Operation 174 'br' 'br_ln167' <Predicate = (trunc_ln165 == 5)> <Delay = 0.00>
ST_3 : Operation 175 [1/1] (0.70ns) (share mux size 5)   --->   "%muxLogicRAMData_to_store_ln167 = muxlogic i32 %tmp_2"   --->   Operation 175 'muxlogic' 'muxLogicRAMData_to_store_ln167' <Predicate = (trunc_ln165 == 4)> <Delay = 0.70>
ST_3 : Operation 176 [1/1] (0.70ns) (share mux size 5)   --->   "%muxLogicRAMAddr_to_store_ln167 = muxlogic i6 %current_token_22_addr"   --->   Operation 176 'muxlogic' 'muxLogicRAMAddr_to_store_ln167' <Predicate = (trunc_ln165 == 4)> <Delay = 0.70>
ST_3 : Operation 177 [1/1] ( I:0.62ns O:0.62ns ) (share mux size 10)   --->   "%store_ln167 = store i32 %tmp_2, i6 %current_token_22_addr" [kernel_MHSA.cpp:167->kernel_MHSA.cpp:165->kernel_MHSA.cpp:54->kernel_MHSA.cpp:54]   --->   Operation 177 'store' 'store_ln167' <Predicate = (trunc_ln165 == 4)> <Delay = 0.62> <CoreInst = "RAM_2P_BRAM">   --->   Core 97 'RAM_2P_BRAM' <Latency = 1> <II = 1> <Delay = 0.88> <Storage> <Opcode : 'load' 'store'> <Ports = 2> <Width = 32> <Depth = 48> <RAM>
ST_3 : Operation 178 [1/1] (0.00ns)   --->   "%br_ln167 = br void %arrayidx2395.exit.i.i.i" [kernel_MHSA.cpp:167->kernel_MHSA.cpp:165->kernel_MHSA.cpp:54->kernel_MHSA.cpp:54]   --->   Operation 178 'br' 'br_ln167' <Predicate = (trunc_ln165 == 4)> <Delay = 0.00>
ST_3 : Operation 179 [1/1] (0.70ns) (share mux size 5)   --->   "%muxLogicRAMData_to_store_ln167 = muxlogic i32 %tmp_2"   --->   Operation 179 'muxlogic' 'muxLogicRAMData_to_store_ln167' <Predicate = (trunc_ln165 == 3)> <Delay = 0.70>
ST_3 : Operation 180 [1/1] (0.70ns) (share mux size 5)   --->   "%muxLogicRAMAddr_to_store_ln167 = muxlogic i6 %current_token_21_addr"   --->   Operation 180 'muxlogic' 'muxLogicRAMAddr_to_store_ln167' <Predicate = (trunc_ln165 == 3)> <Delay = 0.70>
ST_3 : Operation 181 [1/1] ( I:0.62ns O:0.62ns ) (share mux size 10)   --->   "%store_ln167 = store i32 %tmp_2, i6 %current_token_21_addr" [kernel_MHSA.cpp:167->kernel_MHSA.cpp:165->kernel_MHSA.cpp:54->kernel_MHSA.cpp:54]   --->   Operation 181 'store' 'store_ln167' <Predicate = (trunc_ln165 == 3)> <Delay = 0.62> <CoreInst = "RAM_2P_BRAM">   --->   Core 97 'RAM_2P_BRAM' <Latency = 1> <II = 1> <Delay = 0.88> <Storage> <Opcode : 'load' 'store'> <Ports = 2> <Width = 32> <Depth = 48> <RAM>
ST_3 : Operation 182 [1/1] (0.00ns)   --->   "%br_ln167 = br void %arrayidx2395.exit.i.i.i" [kernel_MHSA.cpp:167->kernel_MHSA.cpp:165->kernel_MHSA.cpp:54->kernel_MHSA.cpp:54]   --->   Operation 182 'br' 'br_ln167' <Predicate = (trunc_ln165 == 3)> <Delay = 0.00>
ST_3 : Operation 183 [1/1] (0.70ns) (share mux size 5)   --->   "%muxLogicRAMData_to_store_ln167 = muxlogic i32 %tmp_2"   --->   Operation 183 'muxlogic' 'muxLogicRAMData_to_store_ln167' <Predicate = (trunc_ln165 == 2)> <Delay = 0.70>
ST_3 : Operation 184 [1/1] (0.70ns) (share mux size 5)   --->   "%muxLogicRAMAddr_to_store_ln167 = muxlogic i6 %current_token_20_addr"   --->   Operation 184 'muxlogic' 'muxLogicRAMAddr_to_store_ln167' <Predicate = (trunc_ln165 == 2)> <Delay = 0.70>
ST_3 : Operation 185 [1/1] ( I:0.62ns O:0.62ns ) (share mux size 10)   --->   "%store_ln167 = store i32 %tmp_2, i6 %current_token_20_addr" [kernel_MHSA.cpp:167->kernel_MHSA.cpp:165->kernel_MHSA.cpp:54->kernel_MHSA.cpp:54]   --->   Operation 185 'store' 'store_ln167' <Predicate = (trunc_ln165 == 2)> <Delay = 0.62> <CoreInst = "RAM_2P_BRAM">   --->   Core 97 'RAM_2P_BRAM' <Latency = 1> <II = 1> <Delay = 0.88> <Storage> <Opcode : 'load' 'store'> <Ports = 2> <Width = 32> <Depth = 48> <RAM>
ST_3 : Operation 186 [1/1] (0.00ns)   --->   "%br_ln167 = br void %arrayidx2395.exit.i.i.i" [kernel_MHSA.cpp:167->kernel_MHSA.cpp:165->kernel_MHSA.cpp:54->kernel_MHSA.cpp:54]   --->   Operation 186 'br' 'br_ln167' <Predicate = (trunc_ln165 == 2)> <Delay = 0.00>
ST_3 : Operation 187 [1/1] (0.70ns) (share mux size 5)   --->   "%muxLogicRAMData_to_store_ln167 = muxlogic i32 %tmp_2"   --->   Operation 187 'muxlogic' 'muxLogicRAMData_to_store_ln167' <Predicate = (trunc_ln165 == 1)> <Delay = 0.70>
ST_3 : Operation 188 [1/1] (0.70ns) (share mux size 5)   --->   "%muxLogicRAMAddr_to_store_ln167 = muxlogic i6 %current_token_19_addr"   --->   Operation 188 'muxlogic' 'muxLogicRAMAddr_to_store_ln167' <Predicate = (trunc_ln165 == 1)> <Delay = 0.70>
ST_3 : Operation 189 [1/1] ( I:0.62ns O:0.62ns ) (share mux size 10)   --->   "%store_ln167 = store i32 %tmp_2, i6 %current_token_19_addr" [kernel_MHSA.cpp:167->kernel_MHSA.cpp:165->kernel_MHSA.cpp:54->kernel_MHSA.cpp:54]   --->   Operation 189 'store' 'store_ln167' <Predicate = (trunc_ln165 == 1)> <Delay = 0.62> <CoreInst = "RAM_2P_BRAM">   --->   Core 97 'RAM_2P_BRAM' <Latency = 1> <II = 1> <Delay = 0.88> <Storage> <Opcode : 'load' 'store'> <Ports = 2> <Width = 32> <Depth = 48> <RAM>
ST_3 : Operation 190 [1/1] (0.00ns)   --->   "%br_ln167 = br void %arrayidx2395.exit.i.i.i" [kernel_MHSA.cpp:167->kernel_MHSA.cpp:165->kernel_MHSA.cpp:54->kernel_MHSA.cpp:54]   --->   Operation 190 'br' 'br_ln167' <Predicate = (trunc_ln165 == 1)> <Delay = 0.00>
ST_3 : Operation 191 [1/1] (0.70ns) (share mux size 5)   --->   "%muxLogicRAMData_to_store_ln167 = muxlogic i32 %tmp_2"   --->   Operation 191 'muxlogic' 'muxLogicRAMData_to_store_ln167' <Predicate = (trunc_ln165 == 0)> <Delay = 0.70>
ST_3 : Operation 192 [1/1] (0.70ns) (share mux size 5)   --->   "%muxLogicRAMAddr_to_store_ln167 = muxlogic i6 %current_token_addr"   --->   Operation 192 'muxlogic' 'muxLogicRAMAddr_to_store_ln167' <Predicate = (trunc_ln165 == 0)> <Delay = 0.70>
ST_3 : Operation 193 [1/1] ( I:0.62ns O:0.62ns ) (share mux size 10)   --->   "%store_ln167 = store i32 %tmp_2, i6 %current_token_addr" [kernel_MHSA.cpp:167->kernel_MHSA.cpp:165->kernel_MHSA.cpp:54->kernel_MHSA.cpp:54]   --->   Operation 193 'store' 'store_ln167' <Predicate = (trunc_ln165 == 0)> <Delay = 0.62> <CoreInst = "RAM_2P_BRAM">   --->   Core 97 'RAM_2P_BRAM' <Latency = 1> <II = 1> <Delay = 0.88> <Storage> <Opcode : 'load' 'store'> <Ports = 2> <Width = 32> <Depth = 48> <RAM>
ST_3 : Operation 194 [1/1] (0.00ns)   --->   "%br_ln167 = br void %arrayidx2395.exit.i.i.i" [kernel_MHSA.cpp:167->kernel_MHSA.cpp:165->kernel_MHSA.cpp:54->kernel_MHSA.cpp:54]   --->   Operation 194 'br' 'br_ln167' <Predicate = (trunc_ln165 == 0)> <Delay = 0.00>
ST_3 : Operation 195 [1/1] (0.70ns) (share mux size 5)   --->   "%muxLogicRAMData_to_store_ln167 = muxlogic i32 %tmp_2"   --->   Operation 195 'muxlogic' 'muxLogicRAMData_to_store_ln167' <Predicate = (trunc_ln165 == 15)> <Delay = 0.70>
ST_3 : Operation 196 [1/1] (0.70ns) (share mux size 5)   --->   "%muxLogicRAMAddr_to_store_ln167 = muxlogic i6 %llama_layer_current_token"   --->   Operation 196 'muxlogic' 'muxLogicRAMAddr_to_store_ln167' <Predicate = (trunc_ln165 == 15)> <Delay = 0.70>
ST_3 : Operation 197 [1/1] ( I:0.62ns O:0.62ns ) (share mux size 10)   --->   "%store_ln167 = store i32 %tmp_2, i6 %llama_layer_current_token" [kernel_MHSA.cpp:167->kernel_MHSA.cpp:165->kernel_MHSA.cpp:54->kernel_MHSA.cpp:54]   --->   Operation 197 'store' 'store_ln167' <Predicate = (trunc_ln165 == 15)> <Delay = 0.62> <CoreInst = "RAM_2P_BRAM">   --->   Core 97 'RAM_2P_BRAM' <Latency = 1> <II = 1> <Delay = 0.88> <Storage> <Opcode : 'load' 'store'> <Ports = 2> <Width = 32> <Depth = 48> <RAM>
ST_3 : Operation 198 [1/1] (0.00ns)   --->   "%br_ln167 = br void %arrayidx2395.exit.i.i.i" [kernel_MHSA.cpp:167->kernel_MHSA.cpp:165->kernel_MHSA.cpp:54->kernel_MHSA.cpp:54]   --->   Operation 198 'br' 'br_ln167' <Predicate = (trunc_ln165 == 15)> <Delay = 0.00>


============================================================
+ Verbose Summary: Timing violations
============================================================
Target clock period: 4.000ns, clock uncertainty: 1.080ns.

 <State 1>: 1.628ns
The critical path consists of the following:
	'store' operation 0 bit ('store_ln165', kernel_MHSA.cpp:165->kernel_MHSA.cpp:165->kernel_MHSA.cpp:54->kernel_MHSA.cpp:54) of constant 0 on local variable 'i', kernel_MHSA.cpp:165->kernel_MHSA.cpp:165->kernel_MHSA.cpp:54->kernel_MHSA.cpp:54 [66]  (0.393 ns)
	'load' operation 10 bit ('i', kernel_MHSA.cpp:165->kernel_MHSA.cpp:165->kernel_MHSA.cpp:54->kernel_MHSA.cpp:54) on local variable 'i', kernel_MHSA.cpp:165->kernel_MHSA.cpp:165->kernel_MHSA.cpp:54->kernel_MHSA.cpp:54 [69]  (0.000 ns)
	'icmp' operation 1 bit ('icmp_ln165', kernel_MHSA.cpp:165->kernel_MHSA.cpp:165->kernel_MHSA.cpp:54->kernel_MHSA.cpp:54) [71]  (0.607 ns)
	'muxlogic' operation 32 bit ('muxLogicRAMAddr_to_xb2_0_load') [96]  (0.000 ns)
	'load' operation 32 bit ('xb2_0_load', kernel_MHSA.cpp:167->kernel_MHSA.cpp:165->kernel_MHSA.cpp:54->kernel_MHSA.cpp:54) on array 'xb2_0' [97]  (0.628 ns)

 <State 2>: 1.673ns
The critical path consists of the following:
	'load' operation 32 bit ('xb2_0_load', kernel_MHSA.cpp:167->kernel_MHSA.cpp:165->kernel_MHSA.cpp:54->kernel_MHSA.cpp:54) on array 'xb2_0' [97]  (0.883 ns)
	'sparsemux' operation 32 bit ('tmp_2', kernel_MHSA.cpp:167->kernel_MHSA.cpp:165->kernel_MHSA.cpp:54->kernel_MHSA.cpp:54) [128]  (0.790 ns)

 <State 3>: 1.333ns
The critical path consists of the following:
	'muxlogic' operation 0 bit ('muxLogicRAMData_to_store_ln167') [147]  (0.705 ns)
	blocking operation 0.628 ns on control path)


============================================================
+ Verbose Summary: Binding
============================================================
N/A
* FSMD analyzer results:
  - Output states:
 - Input state : 
  - Chain level:
	State 1
	State 2
	State 3


============================================================
+ Verbose Summary: Datapath Resource usage 
============================================================
N/A
