

================================================================
== Vitis HLS Report for 'kernel_mhsa_1_Block_entry_current_token_fb_proc_Outline_HEAD_COMPUTE'
================================================================
* Date:           Thu Oct  2 22:21:39 2025

* Version:        2025.1 (Build 6135595 on May 21 2025)
* Project:        llama_layer_prj
* Solution:       solution1 (Vivado IP Flow Target)
* Product family: versalhbm
* Target device:  xcv80-lsva4737-2MHP-e-S


================================================================
== Performance Estimates
================================================================
+ Timing: 
    * Summary: 
    +--------+---------+----------+------------+
    |  Clock |  Target | Estimated| Uncertainty|
    +--------+---------+----------+------------+
    |ap_clk  |  4.00 ns|  2.920 ns|     1.08 ns|
    +--------+---------+----------+------------+

+ Latency: 
    * Summary: 
    +---------+---------+----------+----------+-----+-----+---------+
    |  Latency (cycles) |  Latency (absolute) |  Interval | Pipeline|
    |   min   |   max   |    min   |    max   | min | max |   Type  |
    +---------+---------+----------+----------+-----+-----+---------+
    |        ?|        ?|         ?|         ?|    ?|    ?|       no|
    +---------+---------+----------+----------+-----+-----+---------+

    + Detail: 
        * Instance: 
        N/A

        * Loop: 
        +----------------+---------+---------+----------+-----------+-----------+------+----------+
        |                |  Latency (cycles) | Iteration|  Initiation Interval  | Trip |          |
        |    Loop Name   |   min   |   max   |  Latency |  achieved |   target  | Count| Pipelined|
        +----------------+---------+---------+----------+-----------+-----------+------+----------+
        |- HEAD_COMPUTE  |        ?|        ?|         ?|          -|          -|    12|        no|
        +----------------+---------+---------+----------+-----------+-----------+------+----------+

============================================================
+ Verbose Summary: Synthesis Manager
============================================================
InlineROM: 1
ExposeGlobal: 0
============================================================
+ Verbose Summary: CDFG Model
============================================================
IsTopModel: 0
ResetActiveHigh: 1
IsCombinational: 0
IsDatapathOnly: 0
HasWiredReturn: 1
HasMFsm: 0
HasVarLatency: 1
IsPipeline: 0
IsRtlPipelined: 0
IsInstanceOverlapped: 0
IsDontTouch: 0
HasImplIP: 0
IsGatedGlobalClock: 0


============================================================
+ Verbose Summary: Schedule
============================================================
* Number of FSM states : 6
* Pipeline : 0
* Dataflow Pipeline: 0

* FSM state transitions: 
1 --> 2 
2 --> 3 
3 --> 4 
4 --> 5 
5 --> 6 
6 --> 2 

* FSM state operations: 

State 1 <SV = 0> <Delay = 0.36>
ST_1 : Operation 7 [1/1] (0.00ns)   --->   "%h_1 = alloca i32 1" [kernel_MHSA.cpp:75->kernel_MHSA.cpp:75->kernel_MHSA.cpp:80->kernel_MHSA.cpp:54->kernel_MHSA.cpp:54]   --->   Operation 7 'alloca' 'h_1' <Predicate = true> <Delay = 0.00>
ST_1 : Operation 8 [1/1] (0.00ns)   --->   "%zext_ln42_read = read i23 @_ssdm_op_Read.ap_auto.i23, i23 %zext_ln42"   --->   Operation 8 'read' 'zext_ln42_read' <Predicate = true> <Delay = 0.00>
ST_1 : Operation 9 [1/1] (0.00ns)   --->   "%key_cache_read = read i64 @_ssdm_op_Read.ap_auto.i64, i64 %key_cache"   --->   Operation 9 'read' 'key_cache_read' <Predicate = true> <Delay = 0.00>
ST_1 : Operation 10 [1/1] (0.00ns)   --->   "%tmp = read i1 @_ssdm_op_Read.ap_auto.i1, i1 %empty"   --->   Operation 10 'read' 'tmp' <Predicate = true> <Delay = 0.00>
ST_1 : Operation 11 [1/1] (0.00ns)   --->   "%select_ln68_read = read i33 @_ssdm_op_Read.ap_auto.i33, i33 %select_ln68"   --->   Operation 11 'read' 'select_ln68_read' <Predicate = true> <Delay = 0.00>
ST_1 : Operation 12 [1/1] (0.00ns)   --->   "%tmp_30_read = read i39 @_ssdm_op_Read.ap_auto.i39, i39 %tmp_30"   --->   Operation 12 'read' 'tmp_30_read' <Predicate = true> <Delay = 0.00>
ST_1 : Operation 13 [1/1] (0.00ns)   --->   "%zext_ln42_cast = zext i23 %zext_ln42_read"   --->   Operation 13 'zext' 'zext_ln42_cast' <Predicate = true> <Delay = 0.00>
ST_1 : Operation 14 [1/1] (0.00ns)   --->   "%specstablecontent_ln0 = specstablecontent void @_ssdm_op_SpecStableContent, i64 %key_cache, i1 1, void @p_str"   --->   Operation 14 'specstablecontent' 'specstablecontent_ln0' <Predicate = true> <Delay = 0.00>
ST_1 : Operation 15 [1/1] (0.00ns)   --->   "%specinterface_ln0 = specinterface void @_ssdm_op_SpecInterface, i32 %gmem3, void @empty_51, i32 0, i32 0, void @empty_107, i32 0, i32 0, void @empty_56, void @empty_53, void @empty_107, i32 16, i32 16, i32 256, i32 256, void @empty_107, void @empty_107, i32 4294967295, i32 0, i32 0"   --->   Operation 15 'specinterface' 'specinterface_ln0' <Predicate = true> <Delay = 0.00>
ST_1 : Operation 16 [1/1] (0.00ns)   --->   "%p_loc64 = alloca i64 1"   --->   Operation 16 'alloca' 'p_loc64' <Predicate = true> <Delay = 0.00>
ST_1 : Operation 17 [1/1] (0.00ns)   --->   "%p_loc63 = alloca i64 1"   --->   Operation 17 'alloca' 'p_loc63' <Predicate = true> <Delay = 0.00>
ST_1 : Operation 18 [1/1] (0.00ns)   --->   "%p_loc62 = alloca i64 1"   --->   Operation 18 'alloca' 'p_loc62' <Predicate = true> <Delay = 0.00>
ST_1 : Operation 19 [1/1] (0.00ns)   --->   "%p_loc61 = alloca i64 1"   --->   Operation 19 'alloca' 'p_loc61' <Predicate = true> <Delay = 0.00>
ST_1 : Operation 20 [1/1] (0.00ns)   --->   "%p_loc60 = alloca i64 1"   --->   Operation 20 'alloca' 'p_loc60' <Predicate = true> <Delay = 0.00>
ST_1 : Operation 21 [1/1] (0.00ns)   --->   "%p_loc59 = alloca i64 1"   --->   Operation 21 'alloca' 'p_loc59' <Predicate = true> <Delay = 0.00>
ST_1 : Operation 22 [1/1] (0.00ns)   --->   "%p_loc58 = alloca i64 1"   --->   Operation 22 'alloca' 'p_loc58' <Predicate = true> <Delay = 0.00>
ST_1 : Operation 23 [1/1] (0.00ns)   --->   "%p_loc57 = alloca i64 1"   --->   Operation 23 'alloca' 'p_loc57' <Predicate = true> <Delay = 0.00>
ST_1 : Operation 24 [1/1] (0.00ns)   --->   "%p_loc56 = alloca i64 1"   --->   Operation 24 'alloca' 'p_loc56' <Predicate = true> <Delay = 0.00>
ST_1 : Operation 25 [1/1] (0.00ns)   --->   "%p_loc55 = alloca i64 1"   --->   Operation 25 'alloca' 'p_loc55' <Predicate = true> <Delay = 0.00>
ST_1 : Operation 26 [1/1] (0.00ns)   --->   "%p_loc54 = alloca i64 1"   --->   Operation 26 'alloca' 'p_loc54' <Predicate = true> <Delay = 0.00>
ST_1 : Operation 27 [1/1] (0.00ns)   --->   "%p_loc53 = alloca i64 1"   --->   Operation 27 'alloca' 'p_loc53' <Predicate = true> <Delay = 0.00>
ST_1 : Operation 28 [1/1] (0.00ns)   --->   "%p_loc52 = alloca i64 1"   --->   Operation 28 'alloca' 'p_loc52' <Predicate = true> <Delay = 0.00>
ST_1 : Operation 29 [1/1] (0.00ns)   --->   "%p_loc51 = alloca i64 1"   --->   Operation 29 'alloca' 'p_loc51' <Predicate = true> <Delay = 0.00>
ST_1 : Operation 30 [1/1] (0.00ns)   --->   "%p_loc50 = alloca i64 1"   --->   Operation 30 'alloca' 'p_loc50' <Predicate = true> <Delay = 0.00>
ST_1 : Operation 31 [1/1] (0.00ns)   --->   "%p_loc49 = alloca i64 1"   --->   Operation 31 'alloca' 'p_loc49' <Predicate = true> <Delay = 0.00>
ST_1 : Operation 32 [1/1] (0.00ns)   --->   "%p_loc48 = alloca i64 1"   --->   Operation 32 'alloca' 'p_loc48' <Predicate = true> <Delay = 0.00>
ST_1 : Operation 33 [1/1] (0.00ns)   --->   "%p_loc47 = alloca i64 1"   --->   Operation 33 'alloca' 'p_loc47' <Predicate = true> <Delay = 0.00>
ST_1 : Operation 34 [1/1] (0.00ns)   --->   "%p_loc46 = alloca i64 1"   --->   Operation 34 'alloca' 'p_loc46' <Predicate = true> <Delay = 0.00>
ST_1 : Operation 35 [1/1] (0.00ns)   --->   "%p_loc45 = alloca i64 1"   --->   Operation 35 'alloca' 'p_loc45' <Predicate = true> <Delay = 0.00>
ST_1 : Operation 36 [1/1] (0.00ns)   --->   "%p_loc44 = alloca i64 1"   --->   Operation 36 'alloca' 'p_loc44' <Predicate = true> <Delay = 0.00>
ST_1 : Operation 37 [1/1] (0.00ns)   --->   "%p_loc43 = alloca i64 1"   --->   Operation 37 'alloca' 'p_loc43' <Predicate = true> <Delay = 0.00>
ST_1 : Operation 38 [1/1] (0.00ns)   --->   "%p_loc42 = alloca i64 1"   --->   Operation 38 'alloca' 'p_loc42' <Predicate = true> <Delay = 0.00>
ST_1 : Operation 39 [1/1] (0.00ns)   --->   "%p_loc41 = alloca i64 1"   --->   Operation 39 'alloca' 'p_loc41' <Predicate = true> <Delay = 0.00>
ST_1 : Operation 40 [1/1] (0.00ns)   --->   "%p_loc40 = alloca i64 1"   --->   Operation 40 'alloca' 'p_loc40' <Predicate = true> <Delay = 0.00>
ST_1 : Operation 41 [1/1] (0.00ns)   --->   "%p_loc39 = alloca i64 1"   --->   Operation 41 'alloca' 'p_loc39' <Predicate = true> <Delay = 0.00>
ST_1 : Operation 42 [1/1] (0.00ns)   --->   "%p_loc38 = alloca i64 1"   --->   Operation 42 'alloca' 'p_loc38' <Predicate = true> <Delay = 0.00>
ST_1 : Operation 43 [1/1] (0.00ns)   --->   "%p_loc37 = alloca i64 1"   --->   Operation 43 'alloca' 'p_loc37' <Predicate = true> <Delay = 0.00>
ST_1 : Operation 44 [1/1] (0.00ns)   --->   "%p_loc36 = alloca i64 1"   --->   Operation 44 'alloca' 'p_loc36' <Predicate = true> <Delay = 0.00>
ST_1 : Operation 45 [1/1] (0.00ns)   --->   "%p_loc35 = alloca i64 1"   --->   Operation 45 'alloca' 'p_loc35' <Predicate = true> <Delay = 0.00>
ST_1 : Operation 46 [1/1] (0.00ns)   --->   "%p_loc34 = alloca i64 1"   --->   Operation 46 'alloca' 'p_loc34' <Predicate = true> <Delay = 0.00>
ST_1 : Operation 47 [1/1] (0.00ns)   --->   "%p_loc33 = alloca i64 1"   --->   Operation 47 'alloca' 'p_loc33' <Predicate = true> <Delay = 0.00>
ST_1 : Operation 48 [1/1] (0.00ns)   --->   "%p_loc32 = alloca i64 1"   --->   Operation 48 'alloca' 'p_loc32' <Predicate = true> <Delay = 0.00>
ST_1 : Operation 49 [1/1] (0.00ns)   --->   "%p_loc31 = alloca i64 1"   --->   Operation 49 'alloca' 'p_loc31' <Predicate = true> <Delay = 0.00>
ST_1 : Operation 50 [1/1] (0.00ns)   --->   "%p_loc30 = alloca i64 1"   --->   Operation 50 'alloca' 'p_loc30' <Predicate = true> <Delay = 0.00>
ST_1 : Operation 51 [1/1] (0.00ns)   --->   "%p_loc29 = alloca i64 1"   --->   Operation 51 'alloca' 'p_loc29' <Predicate = true> <Delay = 0.00>
ST_1 : Operation 52 [1/1] (0.00ns)   --->   "%p_loc28 = alloca i64 1"   --->   Operation 52 'alloca' 'p_loc28' <Predicate = true> <Delay = 0.00>
ST_1 : Operation 53 [1/1] (0.00ns)   --->   "%p_loc27 = alloca i64 1"   --->   Operation 53 'alloca' 'p_loc27' <Predicate = true> <Delay = 0.00>
ST_1 : Operation 54 [1/1] (0.00ns)   --->   "%p_loc26 = alloca i64 1"   --->   Operation 54 'alloca' 'p_loc26' <Predicate = true> <Delay = 0.00>
ST_1 : Operation 55 [1/1] (0.00ns)   --->   "%p_loc25 = alloca i64 1"   --->   Operation 55 'alloca' 'p_loc25' <Predicate = true> <Delay = 0.00>
ST_1 : Operation 56 [1/1] (0.00ns)   --->   "%p_loc24 = alloca i64 1"   --->   Operation 56 'alloca' 'p_loc24' <Predicate = true> <Delay = 0.00>
ST_1 : Operation 57 [1/1] (0.00ns)   --->   "%p_loc23 = alloca i64 1"   --->   Operation 57 'alloca' 'p_loc23' <Predicate = true> <Delay = 0.00>
ST_1 : Operation 58 [1/1] (0.00ns)   --->   "%p_loc22 = alloca i64 1"   --->   Operation 58 'alloca' 'p_loc22' <Predicate = true> <Delay = 0.00>
ST_1 : Operation 59 [1/1] (0.00ns)   --->   "%p_loc21 = alloca i64 1"   --->   Operation 59 'alloca' 'p_loc21' <Predicate = true> <Delay = 0.00>
ST_1 : Operation 60 [1/1] (0.00ns)   --->   "%p_loc20 = alloca i64 1"   --->   Operation 60 'alloca' 'p_loc20' <Predicate = true> <Delay = 0.00>
ST_1 : Operation 61 [1/1] (0.00ns)   --->   "%p_loc19 = alloca i64 1"   --->   Operation 61 'alloca' 'p_loc19' <Predicate = true> <Delay = 0.00>
ST_1 : Operation 62 [1/1] (0.00ns)   --->   "%p_loc18 = alloca i64 1"   --->   Operation 62 'alloca' 'p_loc18' <Predicate = true> <Delay = 0.00>
ST_1 : Operation 63 [1/1] (0.00ns)   --->   "%p_loc17 = alloca i64 1"   --->   Operation 63 'alloca' 'p_loc17' <Predicate = true> <Delay = 0.00>
ST_1 : Operation 64 [1/1] (0.00ns)   --->   "%p_loc16 = alloca i64 1"   --->   Operation 64 'alloca' 'p_loc16' <Predicate = true> <Delay = 0.00>
ST_1 : Operation 65 [1/1] (0.00ns)   --->   "%p_loc15 = alloca i64 1"   --->   Operation 65 'alloca' 'p_loc15' <Predicate = true> <Delay = 0.00>
ST_1 : Operation 66 [1/1] (0.00ns)   --->   "%p_loc14 = alloca i64 1"   --->   Operation 66 'alloca' 'p_loc14' <Predicate = true> <Delay = 0.00>
ST_1 : Operation 67 [1/1] (0.00ns)   --->   "%p_loc13 = alloca i64 1"   --->   Operation 67 'alloca' 'p_loc13' <Predicate = true> <Delay = 0.00>
ST_1 : Operation 68 [1/1] (0.00ns)   --->   "%p_loc12 = alloca i64 1"   --->   Operation 68 'alloca' 'p_loc12' <Predicate = true> <Delay = 0.00>
ST_1 : Operation 69 [1/1] (0.00ns)   --->   "%p_loc11 = alloca i64 1"   --->   Operation 69 'alloca' 'p_loc11' <Predicate = true> <Delay = 0.00>
ST_1 : Operation 70 [1/1] (0.00ns)   --->   "%p_loc10 = alloca i64 1"   --->   Operation 70 'alloca' 'p_loc10' <Predicate = true> <Delay = 0.00>
ST_1 : Operation 71 [1/1] (0.00ns)   --->   "%p_loc9 = alloca i64 1"   --->   Operation 71 'alloca' 'p_loc9' <Predicate = true> <Delay = 0.00>
ST_1 : Operation 72 [1/1] (0.00ns)   --->   "%p_loc8 = alloca i64 1"   --->   Operation 72 'alloca' 'p_loc8' <Predicate = true> <Delay = 0.00>
ST_1 : Operation 73 [1/1] (0.00ns)   --->   "%p_loc7 = alloca i64 1"   --->   Operation 73 'alloca' 'p_loc7' <Predicate = true> <Delay = 0.00>
ST_1 : Operation 74 [1/1] (0.00ns)   --->   "%p_loc6 = alloca i64 1"   --->   Operation 74 'alloca' 'p_loc6' <Predicate = true> <Delay = 0.00>
ST_1 : Operation 75 [1/1] (0.00ns)   --->   "%p_loc5 = alloca i64 1"   --->   Operation 75 'alloca' 'p_loc5' <Predicate = true> <Delay = 0.00>
ST_1 : Operation 76 [1/1] (0.00ns)   --->   "%p_loc4 = alloca i64 1"   --->   Operation 76 'alloca' 'p_loc4' <Predicate = true> <Delay = 0.00>
ST_1 : Operation 77 [1/1] (0.00ns)   --->   "%p_loc3 = alloca i64 1"   --->   Operation 77 'alloca' 'p_loc3' <Predicate = true> <Delay = 0.00>
ST_1 : Operation 78 [1/1] (0.00ns)   --->   "%p_loc2 = alloca i64 1"   --->   Operation 78 'alloca' 'p_loc2' <Predicate = true> <Delay = 0.00>
ST_1 : Operation 79 [1/1] (0.00ns)   --->   "%p_loc = alloca i64 1"   --->   Operation 79 'alloca' 'p_loc' <Predicate = true> <Delay = 0.00>
ST_1 : Operation 80 [1/1] (0.00ns)   --->   "%k_cache_local_0_i_i_i = alloca i64 1"   --->   Operation 80 'alloca' 'k_cache_local_0_i_i_i' <Predicate = true> <Delay = 0.00>
ST_1 : Operation 81 [1/1] (0.00ns)   --->   "%k_cache_local_1_i_i_i = alloca i64 1"   --->   Operation 81 'alloca' 'k_cache_local_1_i_i_i' <Predicate = true> <Delay = 0.00>
ST_1 : Operation 82 [1/1] (0.00ns)   --->   "%k_cache_local_2_i_i_i = alloca i64 1"   --->   Operation 82 'alloca' 'k_cache_local_2_i_i_i' <Predicate = true> <Delay = 0.00>
ST_1 : Operation 83 [1/1] (0.00ns)   --->   "%k_cache_local_3_i_i_i = alloca i64 1"   --->   Operation 83 'alloca' 'k_cache_local_3_i_i_i' <Predicate = true> <Delay = 0.00>
ST_1 : Operation 84 [1/1] (0.00ns)   --->   "%k_cache_local_4_i_i_i = alloca i64 1"   --->   Operation 84 'alloca' 'k_cache_local_4_i_i_i' <Predicate = true> <Delay = 0.00>
ST_1 : Operation 85 [1/1] (0.00ns)   --->   "%k_cache_local_5_i_i_i = alloca i64 1"   --->   Operation 85 'alloca' 'k_cache_local_5_i_i_i' <Predicate = true> <Delay = 0.00>
ST_1 : Operation 86 [1/1] (0.00ns)   --->   "%k_cache_local_6_i_i_i = alloca i64 1"   --->   Operation 86 'alloca' 'k_cache_local_6_i_i_i' <Predicate = true> <Delay = 0.00>
ST_1 : Operation 87 [1/1] (0.00ns)   --->   "%k_cache_local_7_i_i_i = alloca i64 1"   --->   Operation 87 'alloca' 'k_cache_local_7_i_i_i' <Predicate = true> <Delay = 0.00>
ST_1 : Operation 88 [1/1] (0.36ns)   --->   "%store_ln75 = store i4 0, i4 %h_1" [kernel_MHSA.cpp:75->kernel_MHSA.cpp:75->kernel_MHSA.cpp:80->kernel_MHSA.cpp:54->kernel_MHSA.cpp:54]   --->   Operation 88 'store' 'store_ln75' <Predicate = true> <Delay = 0.36>
ST_1 : Operation 89 [1/1] (0.00ns)   --->   "%br_ln75 = br void %LOAD_K_CACHE.i.i.i.i" [kernel_MHSA.cpp:75->kernel_MHSA.cpp:75->kernel_MHSA.cpp:80->kernel_MHSA.cpp:54->kernel_MHSA.cpp:54]   --->   Operation 89 'br' 'br_ln75' <Predicate = true> <Delay = 0.00>

State 2 <SV = 1> <Delay = 0.82>
ST_2 : Operation 90 [1/1] (0.00ns)   --->   "%h = load i4 %h_1" [kernel_MHSA.cpp:75->kernel_MHSA.cpp:75->kernel_MHSA.cpp:80->kernel_MHSA.cpp:54->kernel_MHSA.cpp:54]   --->   Operation 90 'load' 'h' <Predicate = true> <Delay = 0.00>
ST_2 : Operation 91 [1/1] (0.66ns)   --->   "%add_ln75 = add i4 %h, i4 1" [kernel_MHSA.cpp:75->kernel_MHSA.cpp:75->kernel_MHSA.cpp:80->kernel_MHSA.cpp:54->kernel_MHSA.cpp:54]   --->   Operation 91 'add' 'add_ln75' <Predicate = true> <Delay = 0.66> <CoreInst = "Adder">   --->   Core 1 'Adder' <Latency = 0> <II = 1> <Delay = 0.66> <FuncUnit> <Opcode : 'add' 'sub'> <InPorts = 2> <OutPorts = 1>
ST_2 : Operation 92 [1/1] (0.43ns)   --->   "%icmp_ln75 = icmp_eq  i4 %h, i4 12" [kernel_MHSA.cpp:75->kernel_MHSA.cpp:75->kernel_MHSA.cpp:80->kernel_MHSA.cpp:54->kernel_MHSA.cpp:54]   --->   Operation 92 'icmp' 'icmp_ln75' <Predicate = true> <Delay = 0.43> <CoreInst = "ICmp_EQ">   --->   Core 156 'ICmp_EQ' <Latency = 0> <II = 1> <Delay = 0.43> <FuncUnit> <Opcode : 'seteq' 'setne'> <InPorts = 2> <OutPorts = 1>
ST_2 : Operation 93 [1/1] (0.00ns)   --->   "%br_ln75 = br i1 %icmp_ln75, void %LOAD_K_CACHE.split.i.i.i.i, void %for.inc127.i.i.i.preheader.exitStub" [kernel_MHSA.cpp:75->kernel_MHSA.cpp:75->kernel_MHSA.cpp:80->kernel_MHSA.cpp:54->kernel_MHSA.cpp:54]   --->   Operation 93 'br' 'br_ln75' <Predicate = true> <Delay = 0.00>
ST_2 : Operation 94 [1/1] (0.00ns)   --->   "%speclooptripcount_ln77 = speclooptripcount void @_ssdm_op_SpecLoopTripCount, i64 12, i64 12, i64 12" [kernel_MHSA.cpp:77->kernel_MHSA.cpp:75->kernel_MHSA.cpp:80->kernel_MHSA.cpp:54->kernel_MHSA.cpp:54]   --->   Operation 94 'speclooptripcount' 'speclooptripcount_ln77' <Predicate = (!icmp_ln75)> <Delay = 0.00>
ST_2 : Operation 95 [1/1] (0.00ns)   --->   "%specloopname_ln75 = specloopname void @_ssdm_op_SpecLoopName, void @empty_100" [kernel_MHSA.cpp:75->kernel_MHSA.cpp:75->kernel_MHSA.cpp:80->kernel_MHSA.cpp:54->kernel_MHSA.cpp:54]   --->   Operation 95 'specloopname' 'specloopname_ln75' <Predicate = (!icmp_ln75)> <Delay = 0.00>
ST_2 : Operation 96 [1/1] (0.00ns)   --->   "%shl_ln = bitconcatenate i10 @_ssdm_op_BitConcatenate.i10.i4.i6, i4 %h, i6 0" [kernel_MHSA.cpp:77->kernel_MHSA.cpp:75->kernel_MHSA.cpp:80->kernel_MHSA.cpp:54->kernel_MHSA.cpp:54]   --->   Operation 96 'bitconcatenate' 'shl_ln' <Predicate = (!icmp_ln75)> <Delay = 0.00>
ST_2 : Operation 97 [1/1] (0.00ns)   --->   "%zext_ln77 = zext i10 %shl_ln" [kernel_MHSA.cpp:77->kernel_MHSA.cpp:75->kernel_MHSA.cpp:80->kernel_MHSA.cpp:54->kernel_MHSA.cpp:54]   --->   Operation 97 'zext' 'zext_ln77' <Predicate = (!icmp_ln75)> <Delay = 0.00>
ST_2 : Operation 98 [1/1] (0.82ns)   --->   "%add_ln77 = add i24 %zext_ln42_cast, i24 %zext_ln77" [kernel_MHSA.cpp:77->kernel_MHSA.cpp:75->kernel_MHSA.cpp:80->kernel_MHSA.cpp:54->kernel_MHSA.cpp:54]   --->   Operation 98 'add' 'add_ln77' <Predicate = (!icmp_ln75)> <Delay = 0.82> <CoreInst = "Adder">   --->   Core 1 'Adder' <Latency = 0> <II = 1> <Delay = 0.82> <FuncUnit> <Opcode : 'add' 'sub'> <InPorts = 2> <OutPorts = 1>
ST_2 : Operation 99 [1/1] (0.00ns)   --->   "%br_ln82 = br i1 %tmp, void %for.inc66.i.i.i.i.preheader, void %Q_LOAD.i.i.i.i" [kernel_MHSA.cpp:82->kernel_MHSA.cpp:75->kernel_MHSA.cpp:80->kernel_MHSA.cpp:54->kernel_MHSA.cpp:54]   --->   Operation 99 'br' 'br_ln82' <Predicate = (!icmp_ln75)> <Delay = 0.00>
ST_2 : Operation 100 [2/2] (0.00ns)   --->   "%call_ln77 = call void @kernel_mhsa.1_Block_entry_current_token_fb_proc_Pipeline_LOAD_K_CACHE_VITIS_LOOP, i39 %tmp_30_read, i32 %k_cache_local_7_i_i_i, i32 %k_cache_local_6_i_i_i, i32 %k_cache_local_5_i_i_i, i32 %k_cache_local_4_i_i_i, i32 %k_cache_local_3_i_i_i, i32 %k_cache_local_2_i_i_i, i32 %k_cache_local_1_i_i_i, i32 %k_cache_local_0_i_i_i, i24 %add_ln77, i64 %key_cache_read, i32 %gmem3" [kernel_MHSA.cpp:77->kernel_MHSA.cpp:75->kernel_MHSA.cpp:80->kernel_MHSA.cpp:54->kernel_MHSA.cpp:54]   --->   Operation 100 'call' 'call_ln77' <Predicate = (!icmp_ln75 & !tmp)> <Delay = 0.00> <CoreType = "Generic">   --->   Generic Core
ST_2 : Operation 101 [1/1] (0.00ns)   --->   "%ret_ln0 = ret"   --->   Operation 101 'ret' 'ret_ln0' <Predicate = (icmp_ln75)> <Delay = 0.00>

State 3 <SV = 2> <Delay = 1.38>
ST_3 : Operation 102 [1/2] (0.00ns)   --->   "%call_ln77 = call void @kernel_mhsa.1_Block_entry_current_token_fb_proc_Pipeline_LOAD_K_CACHE_VITIS_LOOP, i39 %tmp_30_read, i32 %k_cache_local_7_i_i_i, i32 %k_cache_local_6_i_i_i, i32 %k_cache_local_5_i_i_i, i32 %k_cache_local_4_i_i_i, i32 %k_cache_local_3_i_i_i, i32 %k_cache_local_2_i_i_i, i32 %k_cache_local_1_i_i_i, i32 %k_cache_local_0_i_i_i, i24 %add_ln77, i64 %key_cache_read, i32 %gmem3" [kernel_MHSA.cpp:77->kernel_MHSA.cpp:75->kernel_MHSA.cpp:80->kernel_MHSA.cpp:54->kernel_MHSA.cpp:54]   --->   Operation 102 'call' 'call_ln77' <Predicate = (!tmp)> <Delay = 0.00> <CoreType = "Generic">   --->   Generic Core
ST_3 : Operation 103 [1/1] (0.00ns)   --->   "%br_ln0 = br void %Q_LOAD.i.i.i.i"   --->   Operation 103 'br' 'br_ln0' <Predicate = (!tmp)> <Delay = 0.00>
ST_3 : Operation 104 [1/1] (0.00ns)   --->   "%p_udiv914_i_i_i_i = bitconcatenate i7 @_ssdm_op_BitConcatenate.i7.i4.i3, i4 %h, i3 0" [kernel_MHSA.cpp:75->kernel_MHSA.cpp:75->kernel_MHSA.cpp:80->kernel_MHSA.cpp:54->kernel_MHSA.cpp:54]   --->   Operation 104 'bitconcatenate' 'p_udiv914_i_i_i_i' <Predicate = true> <Delay = 0.00>
ST_3 : Operation 105 [2/2] (1.38ns)   --->   "%call_ln75 = call void @kernel_mhsa.1_Block_entry_current_token_fb_proc_Pipeline_Q_LOAD, i7 %p_udiv914_i_i_i_i, i32 %out_q_rope_0, i32 %out_q_rope_1, i32 %out_q_rope_2, i32 %out_q_rope_3, i32 %out_q_rope_4, i32 %out_q_rope_5, i32 %out_q_rope_6, i32 %out_q_rope_7, i32 %p_loc, i32 %p_loc2, i32 %p_loc3, i32 %p_loc4, i32 %p_loc5, i32 %p_loc6, i32 %p_loc7, i32 %p_loc8, i32 %p_loc9, i32 %p_loc10, i32 %p_loc11, i32 %p_loc12, i32 %p_loc13, i32 %p_loc14, i32 %p_loc15, i32 %p_loc16, i32 %p_loc17, i32 %p_loc18, i32 %p_loc19, i32 %p_loc20, i32 %p_loc21, i32 %p_loc22, i32 %p_loc23, i32 %p_loc24, i32 %p_loc25, i32 %p_loc26, i32 %p_loc27, i32 %p_loc28, i32 %p_loc29, i32 %p_loc30, i32 %p_loc31, i32 %p_loc32, i32 %p_loc33, i32 %p_loc34, i32 %p_loc35, i32 %p_loc36, i32 %p_loc37, i32 %p_loc38, i32 %p_loc39, i32 %p_loc40, i32 %p_loc41, i32 %p_loc42, i32 %p_loc43, i32 %p_loc44, i32 %p_loc45, i32 %p_loc46, i32 %p_loc47, i32 %p_loc48, i32 %p_loc49, i32 %p_loc50, i32 %p_loc51, i32 %p_loc52, i32 %p_loc53, i32 %p_loc54, i32 %p_loc55, i32 %p_loc56, i32 %p_loc57, i32 %p_loc58, i32 %p_loc59, i32 %p_loc60, i32 %p_loc61, i32 %p_loc62, i32 %p_loc63, i32 %p_loc64" [kernel_MHSA.cpp:75->kernel_MHSA.cpp:75->kernel_MHSA.cpp:80->kernel_MHSA.cpp:54->kernel_MHSA.cpp:54]   --->   Operation 105 'call' 'call_ln75' <Predicate = true> <Delay = 1.38> <CoreType = "Generic">   --->   Generic Core

State 4 <SV = 3> <Delay = 1.21>
ST_4 : Operation 106 [1/2] (1.21ns)   --->   "%call_ln75 = call void @kernel_mhsa.1_Block_entry_current_token_fb_proc_Pipeline_Q_LOAD, i7 %p_udiv914_i_i_i_i, i32 %out_q_rope_0, i32 %out_q_rope_1, i32 %out_q_rope_2, i32 %out_q_rope_3, i32 %out_q_rope_4, i32 %out_q_rope_5, i32 %out_q_rope_6, i32 %out_q_rope_7, i32 %p_loc, i32 %p_loc2, i32 %p_loc3, i32 %p_loc4, i32 %p_loc5, i32 %p_loc6, i32 %p_loc7, i32 %p_loc8, i32 %p_loc9, i32 %p_loc10, i32 %p_loc11, i32 %p_loc12, i32 %p_loc13, i32 %p_loc14, i32 %p_loc15, i32 %p_loc16, i32 %p_loc17, i32 %p_loc18, i32 %p_loc19, i32 %p_loc20, i32 %p_loc21, i32 %p_loc22, i32 %p_loc23, i32 %p_loc24, i32 %p_loc25, i32 %p_loc26, i32 %p_loc27, i32 %p_loc28, i32 %p_loc29, i32 %p_loc30, i32 %p_loc31, i32 %p_loc32, i32 %p_loc33, i32 %p_loc34, i32 %p_loc35, i32 %p_loc36, i32 %p_loc37, i32 %p_loc38, i32 %p_loc39, i32 %p_loc40, i32 %p_loc41, i32 %p_loc42, i32 %p_loc43, i32 %p_loc44, i32 %p_loc45, i32 %p_loc46, i32 %p_loc47, i32 %p_loc48, i32 %p_loc49, i32 %p_loc50, i32 %p_loc51, i32 %p_loc52, i32 %p_loc53, i32 %p_loc54, i32 %p_loc55, i32 %p_loc56, i32 %p_loc57, i32 %p_loc58, i32 %p_loc59, i32 %p_loc60, i32 %p_loc61, i32 %p_loc62, i32 %p_loc63, i32 %p_loc64" [kernel_MHSA.cpp:75->kernel_MHSA.cpp:75->kernel_MHSA.cpp:80->kernel_MHSA.cpp:54->kernel_MHSA.cpp:54]   --->   Operation 106 'call' 'call_ln75' <Predicate = true> <Delay = 1.21> <CoreType = "Generic">   --->   Generic Core

State 5 <SV = 4> <Delay = 1.46>
ST_5 : Operation 107 [1/1] (0.00ns)   --->   "%p_loc_load = load i32 %p_loc"   --->   Operation 107 'load' 'p_loc_load' <Predicate = true> <Delay = 0.00>
ST_5 : Operation 108 [1/1] (0.00ns)   --->   "%p_loc2_load = load i32 %p_loc2"   --->   Operation 108 'load' 'p_loc2_load' <Predicate = true> <Delay = 0.00>
ST_5 : Operation 109 [1/1] (0.00ns)   --->   "%p_loc3_load = load i32 %p_loc3"   --->   Operation 109 'load' 'p_loc3_load' <Predicate = true> <Delay = 0.00>
ST_5 : Operation 110 [1/1] (0.00ns)   --->   "%p_loc4_load = load i32 %p_loc4"   --->   Operation 110 'load' 'p_loc4_load' <Predicate = true> <Delay = 0.00>
ST_5 : Operation 111 [1/1] (0.00ns)   --->   "%p_loc5_load = load i32 %p_loc5"   --->   Operation 111 'load' 'p_loc5_load' <Predicate = true> <Delay = 0.00>
ST_5 : Operation 112 [1/1] (0.00ns)   --->   "%p_loc6_load = load i32 %p_loc6"   --->   Operation 112 'load' 'p_loc6_load' <Predicate = true> <Delay = 0.00>
ST_5 : Operation 113 [1/1] (0.00ns)   --->   "%p_loc7_load = load i32 %p_loc7"   --->   Operation 113 'load' 'p_loc7_load' <Predicate = true> <Delay = 0.00>
ST_5 : Operation 114 [1/1] (0.00ns)   --->   "%p_loc8_load = load i32 %p_loc8"   --->   Operation 114 'load' 'p_loc8_load' <Predicate = true> <Delay = 0.00>
ST_5 : Operation 115 [1/1] (0.00ns)   --->   "%p_loc9_load = load i32 %p_loc9"   --->   Operation 115 'load' 'p_loc9_load' <Predicate = true> <Delay = 0.00>
ST_5 : Operation 116 [1/1] (0.00ns)   --->   "%p_loc10_load = load i32 %p_loc10"   --->   Operation 116 'load' 'p_loc10_load' <Predicate = true> <Delay = 0.00>
ST_5 : Operation 117 [1/1] (0.00ns)   --->   "%p_loc11_load = load i32 %p_loc11"   --->   Operation 117 'load' 'p_loc11_load' <Predicate = true> <Delay = 0.00>
ST_5 : Operation 118 [1/1] (0.00ns)   --->   "%p_loc12_load = load i32 %p_loc12"   --->   Operation 118 'load' 'p_loc12_load' <Predicate = true> <Delay = 0.00>
ST_5 : Operation 119 [1/1] (0.00ns)   --->   "%p_loc13_load = load i32 %p_loc13"   --->   Operation 119 'load' 'p_loc13_load' <Predicate = true> <Delay = 0.00>
ST_5 : Operation 120 [1/1] (0.00ns)   --->   "%p_loc14_load = load i32 %p_loc14"   --->   Operation 120 'load' 'p_loc14_load' <Predicate = true> <Delay = 0.00>
ST_5 : Operation 121 [1/1] (0.00ns)   --->   "%p_loc15_load = load i32 %p_loc15"   --->   Operation 121 'load' 'p_loc15_load' <Predicate = true> <Delay = 0.00>
ST_5 : Operation 122 [1/1] (0.00ns)   --->   "%p_loc16_load = load i32 %p_loc16"   --->   Operation 122 'load' 'p_loc16_load' <Predicate = true> <Delay = 0.00>
ST_5 : Operation 123 [1/1] (0.00ns)   --->   "%p_loc17_load = load i32 %p_loc17"   --->   Operation 123 'load' 'p_loc17_load' <Predicate = true> <Delay = 0.00>
ST_5 : Operation 124 [1/1] (0.00ns)   --->   "%p_loc18_load = load i32 %p_loc18"   --->   Operation 124 'load' 'p_loc18_load' <Predicate = true> <Delay = 0.00>
ST_5 : Operation 125 [1/1] (0.00ns)   --->   "%p_loc19_load = load i32 %p_loc19"   --->   Operation 125 'load' 'p_loc19_load' <Predicate = true> <Delay = 0.00>
ST_5 : Operation 126 [1/1] (0.00ns)   --->   "%p_loc20_load = load i32 %p_loc20"   --->   Operation 126 'load' 'p_loc20_load' <Predicate = true> <Delay = 0.00>
ST_5 : Operation 127 [1/1] (0.00ns)   --->   "%p_loc21_load = load i32 %p_loc21"   --->   Operation 127 'load' 'p_loc21_load' <Predicate = true> <Delay = 0.00>
ST_5 : Operation 128 [1/1] (0.00ns)   --->   "%p_loc22_load = load i32 %p_loc22"   --->   Operation 128 'load' 'p_loc22_load' <Predicate = true> <Delay = 0.00>
ST_5 : Operation 129 [1/1] (0.00ns)   --->   "%p_loc23_load = load i32 %p_loc23"   --->   Operation 129 'load' 'p_loc23_load' <Predicate = true> <Delay = 0.00>
ST_5 : Operation 130 [1/1] (0.00ns)   --->   "%p_loc24_load = load i32 %p_loc24"   --->   Operation 130 'load' 'p_loc24_load' <Predicate = true> <Delay = 0.00>
ST_5 : Operation 131 [1/1] (0.00ns)   --->   "%p_loc25_load = load i32 %p_loc25"   --->   Operation 131 'load' 'p_loc25_load' <Predicate = true> <Delay = 0.00>
ST_5 : Operation 132 [1/1] (0.00ns)   --->   "%p_loc26_load = load i32 %p_loc26"   --->   Operation 132 'load' 'p_loc26_load' <Predicate = true> <Delay = 0.00>
ST_5 : Operation 133 [1/1] (0.00ns)   --->   "%p_loc27_load = load i32 %p_loc27"   --->   Operation 133 'load' 'p_loc27_load' <Predicate = true> <Delay = 0.00>
ST_5 : Operation 134 [1/1] (0.00ns)   --->   "%p_loc28_load = load i32 %p_loc28"   --->   Operation 134 'load' 'p_loc28_load' <Predicate = true> <Delay = 0.00>
ST_5 : Operation 135 [1/1] (0.00ns)   --->   "%p_loc29_load = load i32 %p_loc29"   --->   Operation 135 'load' 'p_loc29_load' <Predicate = true> <Delay = 0.00>
ST_5 : Operation 136 [1/1] (0.00ns)   --->   "%p_loc30_load = load i32 %p_loc30"   --->   Operation 136 'load' 'p_loc30_load' <Predicate = true> <Delay = 0.00>
ST_5 : Operation 137 [1/1] (0.00ns)   --->   "%p_loc31_load = load i32 %p_loc31"   --->   Operation 137 'load' 'p_loc31_load' <Predicate = true> <Delay = 0.00>
ST_5 : Operation 138 [1/1] (0.00ns)   --->   "%p_loc32_load = load i32 %p_loc32"   --->   Operation 138 'load' 'p_loc32_load' <Predicate = true> <Delay = 0.00>
ST_5 : Operation 139 [1/1] (0.00ns)   --->   "%p_loc33_load = load i32 %p_loc33"   --->   Operation 139 'load' 'p_loc33_load' <Predicate = true> <Delay = 0.00>
ST_5 : Operation 140 [1/1] (0.00ns)   --->   "%p_loc34_load = load i32 %p_loc34"   --->   Operation 140 'load' 'p_loc34_load' <Predicate = true> <Delay = 0.00>
ST_5 : Operation 141 [1/1] (0.00ns)   --->   "%p_loc35_load = load i32 %p_loc35"   --->   Operation 141 'load' 'p_loc35_load' <Predicate = true> <Delay = 0.00>
ST_5 : Operation 142 [1/1] (0.00ns)   --->   "%p_loc36_load = load i32 %p_loc36"   --->   Operation 142 'load' 'p_loc36_load' <Predicate = true> <Delay = 0.00>
ST_5 : Operation 143 [1/1] (0.00ns)   --->   "%p_loc37_load = load i32 %p_loc37"   --->   Operation 143 'load' 'p_loc37_load' <Predicate = true> <Delay = 0.00>
ST_5 : Operation 144 [1/1] (0.00ns)   --->   "%p_loc38_load = load i32 %p_loc38"   --->   Operation 144 'load' 'p_loc38_load' <Predicate = true> <Delay = 0.00>
ST_5 : Operation 145 [1/1] (0.00ns)   --->   "%p_loc39_load = load i32 %p_loc39"   --->   Operation 145 'load' 'p_loc39_load' <Predicate = true> <Delay = 0.00>
ST_5 : Operation 146 [1/1] (0.00ns)   --->   "%p_loc40_load = load i32 %p_loc40"   --->   Operation 146 'load' 'p_loc40_load' <Predicate = true> <Delay = 0.00>
ST_5 : Operation 147 [1/1] (0.00ns)   --->   "%p_loc41_load = load i32 %p_loc41"   --->   Operation 147 'load' 'p_loc41_load' <Predicate = true> <Delay = 0.00>
ST_5 : Operation 148 [1/1] (0.00ns)   --->   "%p_loc42_load = load i32 %p_loc42"   --->   Operation 148 'load' 'p_loc42_load' <Predicate = true> <Delay = 0.00>
ST_5 : Operation 149 [1/1] (0.00ns)   --->   "%p_loc43_load = load i32 %p_loc43"   --->   Operation 149 'load' 'p_loc43_load' <Predicate = true> <Delay = 0.00>
ST_5 : Operation 150 [1/1] (0.00ns)   --->   "%p_loc44_load = load i32 %p_loc44"   --->   Operation 150 'load' 'p_loc44_load' <Predicate = true> <Delay = 0.00>
ST_5 : Operation 151 [1/1] (0.00ns)   --->   "%p_loc45_load = load i32 %p_loc45"   --->   Operation 151 'load' 'p_loc45_load' <Predicate = true> <Delay = 0.00>
ST_5 : Operation 152 [1/1] (0.00ns)   --->   "%p_loc46_load = load i32 %p_loc46"   --->   Operation 152 'load' 'p_loc46_load' <Predicate = true> <Delay = 0.00>
ST_5 : Operation 153 [1/1] (0.00ns)   --->   "%p_loc47_load = load i32 %p_loc47"   --->   Operation 153 'load' 'p_loc47_load' <Predicate = true> <Delay = 0.00>
ST_5 : Operation 154 [1/1] (0.00ns)   --->   "%p_loc48_load = load i32 %p_loc48"   --->   Operation 154 'load' 'p_loc48_load' <Predicate = true> <Delay = 0.00>
ST_5 : Operation 155 [1/1] (0.00ns)   --->   "%p_loc49_load = load i32 %p_loc49"   --->   Operation 155 'load' 'p_loc49_load' <Predicate = true> <Delay = 0.00>
ST_5 : Operation 156 [1/1] (0.00ns)   --->   "%p_loc50_load = load i32 %p_loc50"   --->   Operation 156 'load' 'p_loc50_load' <Predicate = true> <Delay = 0.00>
ST_5 : Operation 157 [1/1] (0.00ns)   --->   "%p_loc51_load = load i32 %p_loc51"   --->   Operation 157 'load' 'p_loc51_load' <Predicate = true> <Delay = 0.00>
ST_5 : Operation 158 [1/1] (0.00ns)   --->   "%p_loc52_load = load i32 %p_loc52"   --->   Operation 158 'load' 'p_loc52_load' <Predicate = true> <Delay = 0.00>
ST_5 : Operation 159 [1/1] (0.00ns)   --->   "%p_loc53_load = load i32 %p_loc53"   --->   Operation 159 'load' 'p_loc53_load' <Predicate = true> <Delay = 0.00>
ST_5 : Operation 160 [1/1] (0.00ns)   --->   "%p_loc54_load = load i32 %p_loc54"   --->   Operation 160 'load' 'p_loc54_load' <Predicate = true> <Delay = 0.00>
ST_5 : Operation 161 [1/1] (0.00ns)   --->   "%p_loc55_load = load i32 %p_loc55"   --->   Operation 161 'load' 'p_loc55_load' <Predicate = true> <Delay = 0.00>
ST_5 : Operation 162 [1/1] (0.00ns)   --->   "%p_loc56_load = load i32 %p_loc56"   --->   Operation 162 'load' 'p_loc56_load' <Predicate = true> <Delay = 0.00>
ST_5 : Operation 163 [1/1] (0.00ns)   --->   "%p_loc57_load = load i32 %p_loc57"   --->   Operation 163 'load' 'p_loc57_load' <Predicate = true> <Delay = 0.00>
ST_5 : Operation 164 [1/1] (0.00ns)   --->   "%p_loc58_load = load i32 %p_loc58"   --->   Operation 164 'load' 'p_loc58_load' <Predicate = true> <Delay = 0.00>
ST_5 : Operation 165 [1/1] (0.00ns)   --->   "%p_loc59_load = load i32 %p_loc59"   --->   Operation 165 'load' 'p_loc59_load' <Predicate = true> <Delay = 0.00>
ST_5 : Operation 166 [1/1] (0.00ns)   --->   "%p_loc60_load = load i32 %p_loc60"   --->   Operation 166 'load' 'p_loc60_load' <Predicate = true> <Delay = 0.00>
ST_5 : Operation 167 [1/1] (0.00ns)   --->   "%p_loc61_load = load i32 %p_loc61"   --->   Operation 167 'load' 'p_loc61_load' <Predicate = true> <Delay = 0.00>
ST_5 : Operation 168 [1/1] (0.00ns)   --->   "%p_loc62_load = load i32 %p_loc62"   --->   Operation 168 'load' 'p_loc62_load' <Predicate = true> <Delay = 0.00>
ST_5 : Operation 169 [1/1] (0.00ns)   --->   "%p_loc63_load = load i32 %p_loc63"   --->   Operation 169 'load' 'p_loc63_load' <Predicate = true> <Delay = 0.00>
ST_5 : Operation 170 [1/1] (0.00ns)   --->   "%p_loc64_load = load i32 %p_loc64"   --->   Operation 170 'load' 'p_loc64_load' <Predicate = true> <Delay = 0.00>
ST_5 : Operation 171 [1/1] (0.00ns)   --->   "%br_ln94 = br i1 %tmp, void %DOT_COMPUTE.lr.ph.i.i.i.i, void %for.inc115.i.i.i.i" [kernel_MHSA.cpp:94->kernel_MHSA.cpp:75->kernel_MHSA.cpp:80->kernel_MHSA.cpp:54->kernel_MHSA.cpp:54]   --->   Operation 171 'br' 'br_ln94' <Predicate = true> <Delay = 0.00>
ST_5 : Operation 172 [2/2] (1.46ns)   --->   "%call_ln75 = call void @kernel_mhsa.1_Block_entry_current_token_fb_proc_Pipeline_TOKEN_COMPUTE, i33 %select_ln68_read, i32 %att_11, i32 %att_10, i32 %att_9, i32 %att_8, i32 %att_7, i32 %att_6, i32 %att_5, i32 %att_4, i32 %att_3, i32 %att_2, i32 %att_1, i32 %att_0, i32 %k_cache_local_0_i_i_i, i32 %p_loc64_load, i32 %k_cache_local_1_i_i_i, i32 %p_loc63_load, i32 %k_cache_local_2_i_i_i, i32 %p_loc62_load, i32 %k_cache_local_3_i_i_i, i32 %p_loc61_load, i32 %k_cache_local_4_i_i_i, i32 %p_loc60_load, i32 %k_cache_local_5_i_i_i, i32 %p_loc59_load, i32 %k_cache_local_6_i_i_i, i32 %p_loc58_load, i32 %k_cache_local_7_i_i_i, i32 %p_loc57_load, i32 %p_loc56_load, i32 %p_loc55_load, i32 %p_loc54_load, i32 %p_loc53_load, i32 %p_loc52_load, i32 %p_loc51_load, i32 %p_loc50_load, i32 %p_loc49_load, i32 %p_loc48_load, i32 %p_loc47_load, i32 %p_loc46_load, i32 %p_loc45_load, i32 %p_loc44_load, i32 %p_loc43_load, i32 %p_loc42_load, i32 %p_loc41_load, i32 %p_loc40_load, i32 %p_loc39_load, i32 %p_loc38_load, i32 %p_loc37_load, i32 %p_loc36_load, i32 %p_loc35_load, i32 %p_loc34_load, i32 %p_loc33_load, i32 %p_loc32_load, i32 %p_loc31_load, i32 %p_loc30_load, i32 %p_loc29_load, i32 %p_loc28_load, i32 %p_loc27_load, i32 %p_loc26_load, i32 %p_loc25_load, i32 %p_loc24_load, i32 %p_loc23_load, i32 %p_loc22_load, i32 %p_loc21_load, i32 %p_loc20_load, i32 %p_loc19_load, i32 %p_loc18_load, i32 %p_loc17_load, i32 %p_loc16_load, i32 %p_loc15_load, i32 %p_loc14_load, i32 %p_loc13_load, i32 %p_loc12_load, i32 %p_loc11_load, i32 %p_loc10_load, i32 %p_loc9_load, i32 %p_loc8_load, i32 %p_loc7_load, i32 %p_loc6_load, i32 %p_loc5_load, i32 %p_loc4_load, i32 %p_loc3_load, i32 %p_loc2_load, i32 %p_loc_load, i4 %h" [kernel_MHSA.cpp:75->kernel_MHSA.cpp:75->kernel_MHSA.cpp:80->kernel_MHSA.cpp:54->kernel_MHSA.cpp:54]   --->   Operation 172 'call' 'call_ln75' <Predicate = (!tmp)> <Delay = 1.46> <CoreType = "Generic">   --->   Generic Core

State 6 <SV = 5> <Delay = 0.36>
ST_6 : Operation 173 [1/2] (0.00ns)   --->   "%call_ln75 = call void @kernel_mhsa.1_Block_entry_current_token_fb_proc_Pipeline_TOKEN_COMPUTE, i33 %select_ln68_read, i32 %att_11, i32 %att_10, i32 %att_9, i32 %att_8, i32 %att_7, i32 %att_6, i32 %att_5, i32 %att_4, i32 %att_3, i32 %att_2, i32 %att_1, i32 %att_0, i32 %k_cache_local_0_i_i_i, i32 %p_loc64_load, i32 %k_cache_local_1_i_i_i, i32 %p_loc63_load, i32 %k_cache_local_2_i_i_i, i32 %p_loc62_load, i32 %k_cache_local_3_i_i_i, i32 %p_loc61_load, i32 %k_cache_local_4_i_i_i, i32 %p_loc60_load, i32 %k_cache_local_5_i_i_i, i32 %p_loc59_load, i32 %k_cache_local_6_i_i_i, i32 %p_loc58_load, i32 %k_cache_local_7_i_i_i, i32 %p_loc57_load, i32 %p_loc56_load, i32 %p_loc55_load, i32 %p_loc54_load, i32 %p_loc53_load, i32 %p_loc52_load, i32 %p_loc51_load, i32 %p_loc50_load, i32 %p_loc49_load, i32 %p_loc48_load, i32 %p_loc47_load, i32 %p_loc46_load, i32 %p_loc45_load, i32 %p_loc44_load, i32 %p_loc43_load, i32 %p_loc42_load, i32 %p_loc41_load, i32 %p_loc40_load, i32 %p_loc39_load, i32 %p_loc38_load, i32 %p_loc37_load, i32 %p_loc36_load, i32 %p_loc35_load, i32 %p_loc34_load, i32 %p_loc33_load, i32 %p_loc32_load, i32 %p_loc31_load, i32 %p_loc30_load, i32 %p_loc29_load, i32 %p_loc28_load, i32 %p_loc27_load, i32 %p_loc26_load, i32 %p_loc25_load, i32 %p_loc24_load, i32 %p_loc23_load, i32 %p_loc22_load, i32 %p_loc21_load, i32 %p_loc20_load, i32 %p_loc19_load, i32 %p_loc18_load, i32 %p_loc17_load, i32 %p_loc16_load, i32 %p_loc15_load, i32 %p_loc14_load, i32 %p_loc13_load, i32 %p_loc12_load, i32 %p_loc11_load, i32 %p_loc10_load, i32 %p_loc9_load, i32 %p_loc8_load, i32 %p_loc7_load, i32 %p_loc6_load, i32 %p_loc5_load, i32 %p_loc4_load, i32 %p_loc3_load, i32 %p_loc2_load, i32 %p_loc_load, i4 %h" [kernel_MHSA.cpp:75->kernel_MHSA.cpp:75->kernel_MHSA.cpp:80->kernel_MHSA.cpp:54->kernel_MHSA.cpp:54]   --->   Operation 173 'call' 'call_ln75' <Predicate = (!tmp)> <Delay = 0.00> <CoreType = "Generic">   --->   Generic Core
ST_6 : Operation 174 [1/1] (0.00ns)   --->   "%br_ln0 = br void %for.inc115.i.i.i.i"   --->   Operation 174 'br' 'br_ln0' <Predicate = (!tmp)> <Delay = 0.00>
ST_6 : Operation 175 [1/1] (0.36ns)   --->   "%store_ln75 = store i4 %add_ln75, i4 %h_1" [kernel_MHSA.cpp:75->kernel_MHSA.cpp:75->kernel_MHSA.cpp:80->kernel_MHSA.cpp:54->kernel_MHSA.cpp:54]   --->   Operation 175 'store' 'store_ln75' <Predicate = true> <Delay = 0.36>
ST_6 : Operation 176 [1/1] (0.00ns)   --->   "%br_ln75 = br void %LOAD_K_CACHE.i.i.i.i" [kernel_MHSA.cpp:75->kernel_MHSA.cpp:75->kernel_MHSA.cpp:80->kernel_MHSA.cpp:54->kernel_MHSA.cpp:54]   --->   Operation 176 'br' 'br_ln75' <Predicate = true> <Delay = 0.00>


============================================================
+ Verbose Summary: Timing violations
============================================================
Target clock period: 4.000ns, clock uncertainty: 1.080ns.

 <State 1>: 0.360ns
The critical path consists of the following:
	'alloca' operation 4 bit ('h', kernel_MHSA.cpp:75->kernel_MHSA.cpp:75->kernel_MHSA.cpp:80->kernel_MHSA.cpp:54->kernel_MHSA.cpp:54) [27]  (0.000 ns)
	'store' operation 0 bit ('store_ln75', kernel_MHSA.cpp:75->kernel_MHSA.cpp:75->kernel_MHSA.cpp:80->kernel_MHSA.cpp:54->kernel_MHSA.cpp:54) of constant 0 on local variable 'h', kernel_MHSA.cpp:75->kernel_MHSA.cpp:75->kernel_MHSA.cpp:80->kernel_MHSA.cpp:54->kernel_MHSA.cpp:54 [108]  (0.360 ns)

 <State 2>: 0.823ns
The critical path consists of the following:
	'load' operation 4 bit ('h', kernel_MHSA.cpp:75->kernel_MHSA.cpp:75->kernel_MHSA.cpp:80->kernel_MHSA.cpp:54->kernel_MHSA.cpp:54) on local variable 'h', kernel_MHSA.cpp:75->kernel_MHSA.cpp:75->kernel_MHSA.cpp:80->kernel_MHSA.cpp:54->kernel_MHSA.cpp:54 [111]  (0.000 ns)
	'add' operation 24 bit ('add_ln77', kernel_MHSA.cpp:77->kernel_MHSA.cpp:75->kernel_MHSA.cpp:80->kernel_MHSA.cpp:54->kernel_MHSA.cpp:54) [120]  (0.823 ns)
	'call' operation 0 bit ('call_ln77', kernel_MHSA.cpp:77->kernel_MHSA.cpp:75->kernel_MHSA.cpp:80->kernel_MHSA.cpp:54->kernel_MHSA.cpp:54) to 'kernel_mhsa.1_Block_entry_current_token_fb_proc_Pipeline_LOAD_K_CACHE_VITIS_LOOP' [123]  (0.000 ns)

 <State 3>: 1.384ns
The critical path consists of the following:
	'call' operation 0 bit ('call_ln75', kernel_MHSA.cpp:75->kernel_MHSA.cpp:75->kernel_MHSA.cpp:80->kernel_MHSA.cpp:54->kernel_MHSA.cpp:54) to 'kernel_mhsa.1_Block_entry_current_token_fb_proc_Pipeline_Q_LOAD' [127]  (1.384 ns)

 <State 4>: 1.217ns
The critical path consists of the following:
	'call' operation 0 bit ('call_ln75', kernel_MHSA.cpp:75->kernel_MHSA.cpp:75->kernel_MHSA.cpp:80->kernel_MHSA.cpp:54->kernel_MHSA.cpp:54) to 'kernel_mhsa.1_Block_entry_current_token_fb_proc_Pipeline_Q_LOAD' [127]  (1.217 ns)

 <State 5>: 1.462ns
The critical path consists of the following:
	'load' operation 32 bit ('p_loc_load') on local variable 'p_loc' [128]  (0.000 ns)
	'call' operation 0 bit ('call_ln75', kernel_MHSA.cpp:75->kernel_MHSA.cpp:75->kernel_MHSA.cpp:80->kernel_MHSA.cpp:54->kernel_MHSA.cpp:54) to 'kernel_mhsa.1_Block_entry_current_token_fb_proc_Pipeline_TOKEN_COMPUTE' [194]  (1.462 ns)

 <State 6>: 0.360ns
The critical path consists of the following:
	'store' operation 0 bit ('store_ln75', kernel_MHSA.cpp:75->kernel_MHSA.cpp:75->kernel_MHSA.cpp:80->kernel_MHSA.cpp:54->kernel_MHSA.cpp:54) of variable 'add_ln75', kernel_MHSA.cpp:75->kernel_MHSA.cpp:75->kernel_MHSA.cpp:80->kernel_MHSA.cpp:54->kernel_MHSA.cpp:54 on local variable 'h', kernel_MHSA.cpp:75->kernel_MHSA.cpp:75->kernel_MHSA.cpp:80->kernel_MHSA.cpp:54->kernel_MHSA.cpp:54 [197]  (0.360 ns)


============================================================
+ Verbose Summary: Binding
============================================================
N/A
* FSMD analyzer results:
  - Output states:
 - Input state : 
  - Chain level:
	State 1
	State 2
	State 3
	State 4
	State 5
	State 6


============================================================
+ Verbose Summary: Datapath Resource usage 
============================================================
N/A
