

================================================================
== Vitis HLS Report for 'llama_layer_Pipeline_VITIS_LOOP_124_2'
================================================================
* Date:           Thu Oct  2 22:20:44 2025

* Version:        2025.1 (Build 6135595 on May 21 2025)
* Project:        llama_layer_prj
* Solution:       solution1 (Vivado IP Flow Target)
* Product family: versalhbm
* Target device:  xcv80-lsva4737-2MHP-e-S


================================================================
== Performance Estimates
================================================================
+ Timing: 
    * Summary: 
    +--------+---------+----------+------------+
    |  Clock |  Target | Estimated| Uncertainty|
    +--------+---------+----------+------------+
    |ap_clk  |  4.00 ns|  2.049 ns|     1.08 ns|
    +--------+---------+----------+------------+

+ Latency: 
    * Summary: 
    +---------+---------+----------+----------+-----+-----+------------------------------------------------+
    |  Latency (cycles) |  Latency (absolute) |  Interval |                    Pipeline                    |
    |   min   |   max   |    min   |    max   | min | max |                      Type                      |
    +---------+---------+----------+----------+-----+-----+------------------------------------------------+
    |      771|      771|  3.084 us|  3.084 us|  769|  769|  loop auto-rewind stp (delay=0 clock cycles(s))|
    +---------+---------+----------+----------+-----+-----+------------------------------------------------+

    + Detail: 
        * Instance: 
        N/A

        * Loop: 
        +--------------------+---------+---------+----------+-----------+-----------+------+----------+
        |                    |  Latency (cycles) | Iteration|  Initiation Interval  | Trip |          |
        |      Loop Name     |   min   |   max   |  Latency |  achieved |   target  | Count| Pipelined|
        +--------------------+---------+---------+----------+-----------+-----------+------+----------+
        |- VITIS_LOOP_124_2  |      769|      769|         3|          1|          1|   768|       yes|
        +--------------------+---------+---------+----------+-----------+-----------+------+----------+

============================================================
+ Verbose Summary: Synthesis Manager
============================================================
InlineROM: 1
ExposeGlobal: 0
============================================================
+ Verbose Summary: CDFG Model
============================================================
IsTopModel: 0
ResetActiveHigh: 1
IsCombinational: 0
IsDatapathOnly: 0
HasWiredReturn: 1
HasMFsm: 2
HasVarLatency: 1
IsPipeline: 0
IsRtlPipelined: 0
IsInstanceOverlapped: 0
IsDontTouch: 0
HasImplIP: 0
IsGatedGlobalClock: 0

+ Individual pipeline summary: 
  * Pipeline-0: initiation interval (II) = 1, depth = 3


============================================================
+ Verbose Summary: Schedule
============================================================
* Number of FSM states : 3
* Pipeline : 1
  Pipeline-0 : II = 1, D = 3, States = { 1 2 3 }
* Dataflow Pipeline: 0

* FSM state transitions: 
1 --> 2 
2 --> 3 
3 --> 

* FSM state operations: 

State 1 <SV = 0> <Delay = 2.04>
ST_1 : Operation 6 [1/1] (0.00ns)   --->   "%i_5 = alloca i32 1" [llama_layer.cpp:124]   --->   Operation 6 'alloca' 'i_5' <Predicate = true> <Delay = 0.00>
ST_1 : Operation 7 [1/1] (0.00ns)   --->   "%specmemcore_ln0 = specmemcore void @_ssdm_op_SpecMemCore, i32 %norm_output, i64 666, i64 22, i64 18446744073709551615"   --->   Operation 7 'specmemcore' 'specmemcore_ln0' <Predicate = true> <Delay = 0.00>
ST_1 : Operation 8 [1/1] (0.00ns)   --->   "%specmemcore_ln0 = specmemcore void @_ssdm_op_SpecMemCore, i32 %norm_output_35, i64 666, i64 22, i64 18446744073709551615"   --->   Operation 8 'specmemcore' 'specmemcore_ln0' <Predicate = true> <Delay = 0.00>
ST_1 : Operation 9 [1/1] (0.00ns)   --->   "%specmemcore_ln0 = specmemcore void @_ssdm_op_SpecMemCore, i32 %norm_output_36, i64 666, i64 22, i64 18446744073709551615"   --->   Operation 9 'specmemcore' 'specmemcore_ln0' <Predicate = true> <Delay = 0.00>
ST_1 : Operation 10 [1/1] (0.00ns)   --->   "%specmemcore_ln0 = specmemcore void @_ssdm_op_SpecMemCore, i32 %norm_output_37, i64 666, i64 22, i64 18446744073709551615"   --->   Operation 10 'specmemcore' 'specmemcore_ln0' <Predicate = true> <Delay = 0.00>
ST_1 : Operation 11 [1/1] (0.00ns)   --->   "%specmemcore_ln0 = specmemcore void @_ssdm_op_SpecMemCore, i32 %norm_output_38, i64 666, i64 22, i64 18446744073709551615"   --->   Operation 11 'specmemcore' 'specmemcore_ln0' <Predicate = true> <Delay = 0.00>
ST_1 : Operation 12 [1/1] (0.00ns)   --->   "%specmemcore_ln0 = specmemcore void @_ssdm_op_SpecMemCore, i32 %norm_output_39, i64 666, i64 22, i64 18446744073709551615"   --->   Operation 12 'specmemcore' 'specmemcore_ln0' <Predicate = true> <Delay = 0.00>
ST_1 : Operation 13 [1/1] (0.00ns)   --->   "%specmemcore_ln0 = specmemcore void @_ssdm_op_SpecMemCore, i32 %norm_output_40, i64 666, i64 22, i64 18446744073709551615"   --->   Operation 13 'specmemcore' 'specmemcore_ln0' <Predicate = true> <Delay = 0.00>
ST_1 : Operation 14 [1/1] (0.00ns)   --->   "%specmemcore_ln0 = specmemcore void @_ssdm_op_SpecMemCore, i32 %norm_output_41, i64 666, i64 22, i64 18446744073709551615"   --->   Operation 14 'specmemcore' 'specmemcore_ln0' <Predicate = true> <Delay = 0.00>
ST_1 : Operation 15 [1/1] (0.00ns)   --->   "%specmemcore_ln0 = specmemcore void @_ssdm_op_SpecMemCore, i32 %norm_output_42, i64 666, i64 22, i64 18446744073709551615"   --->   Operation 15 'specmemcore' 'specmemcore_ln0' <Predicate = true> <Delay = 0.00>
ST_1 : Operation 16 [1/1] (0.00ns)   --->   "%specmemcore_ln0 = specmemcore void @_ssdm_op_SpecMemCore, i32 %norm_output_43, i64 666, i64 22, i64 18446744073709551615"   --->   Operation 16 'specmemcore' 'specmemcore_ln0' <Predicate = true> <Delay = 0.00>
ST_1 : Operation 17 [1/1] (0.00ns)   --->   "%specmemcore_ln0 = specmemcore void @_ssdm_op_SpecMemCore, i32 %p_ZZ11llama_layerE11norm_output_10, i64 666, i64 22, i64 18446744073709551615"   --->   Operation 17 'specmemcore' 'specmemcore_ln0' <Predicate = true> <Delay = 0.00>
ST_1 : Operation 18 [1/1] (0.00ns)   --->   "%specmemcore_ln0 = specmemcore void @_ssdm_op_SpecMemCore, i32 %p_ZZ11llama_layerE11norm_output_11, i64 666, i64 22, i64 18446744073709551615"   --->   Operation 18 'specmemcore' 'specmemcore_ln0' <Predicate = true> <Delay = 0.00>
ST_1 : Operation 19 [1/1] (0.00ns)   --->   "%specmemcore_ln0 = specmemcore void @_ssdm_op_SpecMemCore, i32 %p_ZZ11llama_layerE11norm_output_12, i64 666, i64 22, i64 18446744073709551615"   --->   Operation 19 'specmemcore' 'specmemcore_ln0' <Predicate = true> <Delay = 0.00>
ST_1 : Operation 20 [1/1] (0.00ns)   --->   "%specmemcore_ln0 = specmemcore void @_ssdm_op_SpecMemCore, i32 %p_ZZ11llama_layerE11norm_output_13, i64 666, i64 22, i64 18446744073709551615"   --->   Operation 20 'specmemcore' 'specmemcore_ln0' <Predicate = true> <Delay = 0.00>
ST_1 : Operation 21 [1/1] (0.00ns)   --->   "%specmemcore_ln0 = specmemcore void @_ssdm_op_SpecMemCore, i32 %p_ZZ11llama_layerE11norm_output_14, i64 666, i64 22, i64 18446744073709551615"   --->   Operation 21 'specmemcore' 'specmemcore_ln0' <Predicate = true> <Delay = 0.00>
ST_1 : Operation 22 [1/1] (0.00ns)   --->   "%specmemcore_ln0 = specmemcore void @_ssdm_op_SpecMemCore, i32 %p_ZZ11llama_layerE11norm_output_15, i64 666, i64 22, i64 18446744073709551615"   --->   Operation 22 'specmemcore' 'specmemcore_ln0' <Predicate = true> <Delay = 0.00>
ST_1 : Operation 23 [1/1] (0.00ns)   --->   "%specmemcore_ln0 = specmemcore void @_ssdm_op_SpecMemCore, i32 %current_token, i64 666, i64 22, i64 18446744073709551615"   --->   Operation 23 'specmemcore' 'specmemcore_ln0' <Predicate = true> <Delay = 0.00>
ST_1 : Operation 24 [1/1] (0.00ns)   --->   "%specmemcore_ln0 = specmemcore void @_ssdm_op_SpecMemCore, i32 %current_token_19, i64 666, i64 22, i64 18446744073709551615"   --->   Operation 24 'specmemcore' 'specmemcore_ln0' <Predicate = true> <Delay = 0.00>
ST_1 : Operation 25 [1/1] (0.00ns)   --->   "%specmemcore_ln0 = specmemcore void @_ssdm_op_SpecMemCore, i32 %current_token_20, i64 666, i64 22, i64 18446744073709551615"   --->   Operation 25 'specmemcore' 'specmemcore_ln0' <Predicate = true> <Delay = 0.00>
ST_1 : Operation 26 [1/1] (0.00ns)   --->   "%specmemcore_ln0 = specmemcore void @_ssdm_op_SpecMemCore, i32 %current_token_21, i64 666, i64 22, i64 18446744073709551615"   --->   Operation 26 'specmemcore' 'specmemcore_ln0' <Predicate = true> <Delay = 0.00>
ST_1 : Operation 27 [1/1] (0.00ns)   --->   "%specmemcore_ln0 = specmemcore void @_ssdm_op_SpecMemCore, i32 %current_token_22, i64 666, i64 22, i64 18446744073709551615"   --->   Operation 27 'specmemcore' 'specmemcore_ln0' <Predicate = true> <Delay = 0.00>
ST_1 : Operation 28 [1/1] (0.00ns)   --->   "%specmemcore_ln0 = specmemcore void @_ssdm_op_SpecMemCore, i32 %current_token_23, i64 666, i64 22, i64 18446744073709551615"   --->   Operation 28 'specmemcore' 'specmemcore_ln0' <Predicate = true> <Delay = 0.00>
ST_1 : Operation 29 [1/1] (0.00ns)   --->   "%specmemcore_ln0 = specmemcore void @_ssdm_op_SpecMemCore, i32 %current_token_24, i64 666, i64 22, i64 18446744073709551615"   --->   Operation 29 'specmemcore' 'specmemcore_ln0' <Predicate = true> <Delay = 0.00>
ST_1 : Operation 30 [1/1] (0.00ns)   --->   "%specmemcore_ln0 = specmemcore void @_ssdm_op_SpecMemCore, i32 %current_token_25, i64 666, i64 22, i64 18446744073709551615"   --->   Operation 30 'specmemcore' 'specmemcore_ln0' <Predicate = true> <Delay = 0.00>
ST_1 : Operation 31 [1/1] (0.00ns)   --->   "%specmemcore_ln0 = specmemcore void @_ssdm_op_SpecMemCore, i32 %current_token_26, i64 666, i64 22, i64 18446744073709551615"   --->   Operation 31 'specmemcore' 'specmemcore_ln0' <Predicate = true> <Delay = 0.00>
ST_1 : Operation 32 [1/1] (0.00ns)   --->   "%specmemcore_ln0 = specmemcore void @_ssdm_op_SpecMemCore, i32 %current_token_27, i64 666, i64 22, i64 18446744073709551615"   --->   Operation 32 'specmemcore' 'specmemcore_ln0' <Predicate = true> <Delay = 0.00>
ST_1 : Operation 33 [1/1] (0.00ns)   --->   "%specmemcore_ln0 = specmemcore void @_ssdm_op_SpecMemCore, i32 %p_ZZ11llama_layerE13current_token_10, i64 666, i64 22, i64 18446744073709551615"   --->   Operation 33 'specmemcore' 'specmemcore_ln0' <Predicate = true> <Delay = 0.00>
ST_1 : Operation 34 [1/1] (0.00ns)   --->   "%specmemcore_ln0 = specmemcore void @_ssdm_op_SpecMemCore, i32 %p_ZZ11llama_layerE13current_token_11, i64 666, i64 22, i64 18446744073709551615"   --->   Operation 34 'specmemcore' 'specmemcore_ln0' <Predicate = true> <Delay = 0.00>
ST_1 : Operation 35 [1/1] (0.00ns)   --->   "%specmemcore_ln0 = specmemcore void @_ssdm_op_SpecMemCore, i32 %p_ZZ11llama_layerE13current_token_12, i64 666, i64 22, i64 18446744073709551615"   --->   Operation 35 'specmemcore' 'specmemcore_ln0' <Predicate = true> <Delay = 0.00>
ST_1 : Operation 36 [1/1] (0.00ns)   --->   "%specmemcore_ln0 = specmemcore void @_ssdm_op_SpecMemCore, i32 %p_ZZ11llama_layerE13current_token_13, i64 666, i64 22, i64 18446744073709551615"   --->   Operation 36 'specmemcore' 'specmemcore_ln0' <Predicate = true> <Delay = 0.00>
ST_1 : Operation 37 [1/1] (0.00ns)   --->   "%specmemcore_ln0 = specmemcore void @_ssdm_op_SpecMemCore, i32 %p_ZZ11llama_layerE13current_token_14, i64 666, i64 22, i64 18446744073709551615"   --->   Operation 37 'specmemcore' 'specmemcore_ln0' <Predicate = true> <Delay = 0.00>
ST_1 : Operation 38 [1/1] (0.00ns)   --->   "%specmemcore_ln0 = specmemcore void @_ssdm_op_SpecMemCore, i32 %p_ZZ11llama_layerE13current_token_15, i64 666, i64 22, i64 18446744073709551615"   --->   Operation 38 'specmemcore' 'specmemcore_ln0' <Predicate = true> <Delay = 0.00>
ST_1 : Operation 39 [1/1] (0.39ns)   --->   "%store_ln124 = store i10 0, i10 %i_5" [llama_layer.cpp:124]   --->   Operation 39 'store' 'store_ln124' <Predicate = true> <Delay = 0.39>
ST_1 : Operation 40 [1/1] (0.00ns)   --->   "%br_ln0 = br void %for.inc24"   --->   Operation 40 'br' 'br_ln0' <Predicate = true> <Delay = 0.00>
ST_1 : Operation 41 [1/1] (0.00ns)   --->   "%i = load i10 %i_5" [llama_layer.cpp:124]   --->   Operation 41 'load' 'i' <Predicate = true> <Delay = 0.00>
ST_1 : Operation 42 [1/1] (0.71ns)   --->   "%add_ln124 = add i10 %i, i10 1" [llama_layer.cpp:124]   --->   Operation 42 'add' 'add_ln124' <Predicate = true> <Delay = 0.71> <CoreInst = "Adder">   --->   Core 1 'Adder' <Latency = 0> <II = 1> <Delay = 0.71> <FuncUnit> <Opcode : 'add' 'sub'> <InPorts = 2> <OutPorts = 1>
ST_1 : Operation 43 [1/1] (0.60ns)   --->   "%icmp_ln124 = icmp_eq  i10 %i, i10 768" [llama_layer.cpp:124]   --->   Operation 43 'icmp' 'icmp_ln124' <Predicate = true> <Delay = 0.60> <CoreInst = "ICmp_EQ">   --->   Core 156 'ICmp_EQ' <Latency = 0> <II = 1> <Delay = 0.60> <FuncUnit> <Opcode : 'seteq' 'setne'> <InPorts = 2> <OutPorts = 1>
ST_1 : Operation 44 [1/1] (0.00ns)   --->   "%br_ln124 = br i1 %icmp_ln124, void %for.inc24.split, void %VITIS_LOOP_132_3.exitStub" [llama_layer.cpp:124]   --->   Operation 44 'br' 'br_ln124' <Predicate = true> <Delay = 0.00>
ST_1 : Operation 45 [1/1] (0.00ns)   --->   "%trunc_ln124 = trunc i10 %i" [llama_layer.cpp:124]   --->   Operation 45 'trunc' 'trunc_ln124' <Predicate = (!icmp_ln124)> <Delay = 0.00>
ST_1 : Operation 46 [1/1] (0.00ns)   --->   "%lshr_ln3 = partselect i6 @_ssdm_op_PartSelect.i6.i10.i32.i32, i10 %i, i32 4, i32 9" [llama_layer.cpp:124]   --->   Operation 46 'partselect' 'lshr_ln3' <Predicate = (!icmp_ln124)> <Delay = 0.00>
ST_1 : Operation 47 [1/1] (0.00ns)   --->   "%zext_ln124 = zext i6 %lshr_ln3" [llama_layer.cpp:124]   --->   Operation 47 'zext' 'zext_ln124' <Predicate = (!icmp_ln124)> <Delay = 0.00>
ST_1 : Operation 48 [1/1] (0.00ns)   --->   "%norm_output_addr = getelementptr i32 %norm_output, i64 0, i64 %zext_ln124" [llama_layer.cpp:126]   --->   Operation 48 'getelementptr' 'norm_output_addr' <Predicate = (!icmp_ln124)> <Delay = 0.00>
ST_1 : Operation 49 [1/1] (0.00ns)   --->   "%norm_output_35_addr = getelementptr i32 %norm_output_35, i64 0, i64 %zext_ln124" [llama_layer.cpp:126]   --->   Operation 49 'getelementptr' 'norm_output_35_addr' <Predicate = (!icmp_ln124)> <Delay = 0.00>
ST_1 : Operation 50 [1/1] (0.00ns)   --->   "%norm_output_36_addr = getelementptr i32 %norm_output_36, i64 0, i64 %zext_ln124" [llama_layer.cpp:126]   --->   Operation 50 'getelementptr' 'norm_output_36_addr' <Predicate = (!icmp_ln124)> <Delay = 0.00>
ST_1 : Operation 51 [1/1] (0.00ns)   --->   "%norm_output_37_addr = getelementptr i32 %norm_output_37, i64 0, i64 %zext_ln124" [llama_layer.cpp:126]   --->   Operation 51 'getelementptr' 'norm_output_37_addr' <Predicate = (!icmp_ln124)> <Delay = 0.00>
ST_1 : Operation 52 [1/1] (0.00ns)   --->   "%norm_output_38_addr = getelementptr i32 %norm_output_38, i64 0, i64 %zext_ln124" [llama_layer.cpp:126]   --->   Operation 52 'getelementptr' 'norm_output_38_addr' <Predicate = (!icmp_ln124)> <Delay = 0.00>
ST_1 : Operation 53 [1/1] (0.00ns)   --->   "%norm_output_39_addr = getelementptr i32 %norm_output_39, i64 0, i64 %zext_ln124" [llama_layer.cpp:126]   --->   Operation 53 'getelementptr' 'norm_output_39_addr' <Predicate = (!icmp_ln124)> <Delay = 0.00>
ST_1 : Operation 54 [1/1] (0.00ns)   --->   "%norm_output_40_addr = getelementptr i32 %norm_output_40, i64 0, i64 %zext_ln124" [llama_layer.cpp:126]   --->   Operation 54 'getelementptr' 'norm_output_40_addr' <Predicate = (!icmp_ln124)> <Delay = 0.00>
ST_1 : Operation 55 [1/1] (0.00ns)   --->   "%norm_output_41_addr = getelementptr i32 %norm_output_41, i64 0, i64 %zext_ln124" [llama_layer.cpp:126]   --->   Operation 55 'getelementptr' 'norm_output_41_addr' <Predicate = (!icmp_ln124)> <Delay = 0.00>
ST_1 : Operation 56 [1/1] (0.00ns)   --->   "%norm_output_42_addr = getelementptr i32 %norm_output_42, i64 0, i64 %zext_ln124" [llama_layer.cpp:126]   --->   Operation 56 'getelementptr' 'norm_output_42_addr' <Predicate = (!icmp_ln124)> <Delay = 0.00>
ST_1 : Operation 57 [1/1] (0.00ns)   --->   "%norm_output_43_addr = getelementptr i32 %norm_output_43, i64 0, i64 %zext_ln124" [llama_layer.cpp:126]   --->   Operation 57 'getelementptr' 'norm_output_43_addr' <Predicate = (!icmp_ln124)> <Delay = 0.00>
ST_1 : Operation 58 [1/1] (0.00ns)   --->   "%p_ZZ11llama_layerE11norm_output_10_addr = getelementptr i32 %p_ZZ11llama_layerE11norm_output_10, i64 0, i64 %zext_ln124" [llama_layer.cpp:126]   --->   Operation 58 'getelementptr' 'p_ZZ11llama_layerE11norm_output_10_addr' <Predicate = (!icmp_ln124)> <Delay = 0.00>
ST_1 : Operation 59 [1/1] (0.00ns)   --->   "%p_ZZ11llama_layerE11norm_output_11_addr = getelementptr i32 %p_ZZ11llama_layerE11norm_output_11, i64 0, i64 %zext_ln124" [llama_layer.cpp:126]   --->   Operation 59 'getelementptr' 'p_ZZ11llama_layerE11norm_output_11_addr' <Predicate = (!icmp_ln124)> <Delay = 0.00>
ST_1 : Operation 60 [1/1] (0.00ns)   --->   "%p_ZZ11llama_layerE11norm_output_12_addr = getelementptr i32 %p_ZZ11llama_layerE11norm_output_12, i64 0, i64 %zext_ln124" [llama_layer.cpp:126]   --->   Operation 60 'getelementptr' 'p_ZZ11llama_layerE11norm_output_12_addr' <Predicate = (!icmp_ln124)> <Delay = 0.00>
ST_1 : Operation 61 [1/1] (0.00ns)   --->   "%p_ZZ11llama_layerE11norm_output_13_addr = getelementptr i32 %p_ZZ11llama_layerE11norm_output_13, i64 0, i64 %zext_ln124" [llama_layer.cpp:126]   --->   Operation 61 'getelementptr' 'p_ZZ11llama_layerE11norm_output_13_addr' <Predicate = (!icmp_ln124)> <Delay = 0.00>
ST_1 : Operation 62 [1/1] (0.00ns)   --->   "%p_ZZ11llama_layerE11norm_output_14_addr = getelementptr i32 %p_ZZ11llama_layerE11norm_output_14, i64 0, i64 %zext_ln124" [llama_layer.cpp:126]   --->   Operation 62 'getelementptr' 'p_ZZ11llama_layerE11norm_output_14_addr' <Predicate = (!icmp_ln124)> <Delay = 0.00>
ST_1 : Operation 63 [1/1] (0.00ns)   --->   "%llama_layer_norm_output = getelementptr i32 %p_ZZ11llama_layerE11norm_output_15, i64 0, i64 %zext_ln124" [llama_layer.cpp:126]   --->   Operation 63 'getelementptr' 'llama_layer_norm_output' <Predicate = (!icmp_ln124)> <Delay = 0.00>
ST_1 : Operation 64 [1/1] (0.42ns) (share mux size 2)   --->   "%muxLogicRAMAddr_to_norm_output_load = muxlogic i6 %norm_output_addr"   --->   Operation 64 'muxlogic' 'muxLogicRAMAddr_to_norm_output_load' <Predicate = (!icmp_ln124)> <Delay = 0.42>
ST_1 : Operation 65 [2/2] (0.62ns) (share mux size 4)   --->   "%norm_output_load = load i6 %norm_output_addr" [llama_layer.cpp:126]   --->   Operation 65 'load' 'norm_output_load' <Predicate = (!icmp_ln124)> <Delay = 0.62> <CoreInst = "RAM_2P_BRAM">   --->   Core 97 'RAM_2P_BRAM' <Latency = 1> <II = 1> <Delay = 0.88> <Storage> <Opcode : 'load' 'store'> <Ports = 2> <Width = 32> <Depth = 48> <RAM>
ST_1 : Operation 66 [1/1] (0.42ns) (share mux size 2)   --->   "%muxLogicRAMAddr_to_norm_output_35_load = muxlogic i6 %norm_output_35_addr"   --->   Operation 66 'muxlogic' 'muxLogicRAMAddr_to_norm_output_35_load' <Predicate = (!icmp_ln124)> <Delay = 0.42>
ST_1 : Operation 67 [2/2] (0.62ns) (share mux size 4)   --->   "%norm_output_35_load = load i6 %norm_output_35_addr" [llama_layer.cpp:126]   --->   Operation 67 'load' 'norm_output_35_load' <Predicate = (!icmp_ln124)> <Delay = 0.62> <CoreInst = "RAM_2P_BRAM">   --->   Core 97 'RAM_2P_BRAM' <Latency = 1> <II = 1> <Delay = 0.88> <Storage> <Opcode : 'load' 'store'> <Ports = 2> <Width = 32> <Depth = 48> <RAM>
ST_1 : Operation 68 [1/1] (0.42ns) (share mux size 2)   --->   "%muxLogicRAMAddr_to_norm_output_36_load = muxlogic i6 %norm_output_36_addr"   --->   Operation 68 'muxlogic' 'muxLogicRAMAddr_to_norm_output_36_load' <Predicate = (!icmp_ln124)> <Delay = 0.42>
ST_1 : Operation 69 [2/2] (0.62ns) (share mux size 4)   --->   "%norm_output_36_load = load i6 %norm_output_36_addr" [llama_layer.cpp:126]   --->   Operation 69 'load' 'norm_output_36_load' <Predicate = (!icmp_ln124)> <Delay = 0.62> <CoreInst = "RAM_2P_BRAM">   --->   Core 97 'RAM_2P_BRAM' <Latency = 1> <II = 1> <Delay = 0.88> <Storage> <Opcode : 'load' 'store'> <Ports = 2> <Width = 32> <Depth = 48> <RAM>
ST_1 : Operation 70 [1/1] (0.42ns) (share mux size 2)   --->   "%muxLogicRAMAddr_to_norm_output_37_load = muxlogic i6 %norm_output_37_addr"   --->   Operation 70 'muxlogic' 'muxLogicRAMAddr_to_norm_output_37_load' <Predicate = (!icmp_ln124)> <Delay = 0.42>
ST_1 : Operation 71 [2/2] (0.62ns) (share mux size 4)   --->   "%norm_output_37_load = load i6 %norm_output_37_addr" [llama_layer.cpp:126]   --->   Operation 71 'load' 'norm_output_37_load' <Predicate = (!icmp_ln124)> <Delay = 0.62> <CoreInst = "RAM_2P_BRAM">   --->   Core 97 'RAM_2P_BRAM' <Latency = 1> <II = 1> <Delay = 0.88> <Storage> <Opcode : 'load' 'store'> <Ports = 2> <Width = 32> <Depth = 48> <RAM>
ST_1 : Operation 72 [1/1] (0.42ns) (share mux size 2)   --->   "%muxLogicRAMAddr_to_norm_output_38_load = muxlogic i6 %norm_output_38_addr"   --->   Operation 72 'muxlogic' 'muxLogicRAMAddr_to_norm_output_38_load' <Predicate = (!icmp_ln124)> <Delay = 0.42>
ST_1 : Operation 73 [2/2] (0.62ns) (share mux size 4)   --->   "%norm_output_38_load = load i6 %norm_output_38_addr" [llama_layer.cpp:126]   --->   Operation 73 'load' 'norm_output_38_load' <Predicate = (!icmp_ln124)> <Delay = 0.62> <CoreInst = "RAM_2P_BRAM">   --->   Core 97 'RAM_2P_BRAM' <Latency = 1> <II = 1> <Delay = 0.88> <Storage> <Opcode : 'load' 'store'> <Ports = 2> <Width = 32> <Depth = 48> <RAM>
ST_1 : Operation 74 [1/1] (0.42ns) (share mux size 2)   --->   "%muxLogicRAMAddr_to_norm_output_39_load = muxlogic i6 %norm_output_39_addr"   --->   Operation 74 'muxlogic' 'muxLogicRAMAddr_to_norm_output_39_load' <Predicate = (!icmp_ln124)> <Delay = 0.42>
ST_1 : Operation 75 [2/2] (0.62ns) (share mux size 4)   --->   "%norm_output_39_load = load i6 %norm_output_39_addr" [llama_layer.cpp:126]   --->   Operation 75 'load' 'norm_output_39_load' <Predicate = (!icmp_ln124)> <Delay = 0.62> <CoreInst = "RAM_2P_BRAM">   --->   Core 97 'RAM_2P_BRAM' <Latency = 1> <II = 1> <Delay = 0.88> <Storage> <Opcode : 'load' 'store'> <Ports = 2> <Width = 32> <Depth = 48> <RAM>
ST_1 : Operation 76 [1/1] (0.42ns) (share mux size 2)   --->   "%muxLogicRAMAddr_to_norm_output_40_load = muxlogic i6 %norm_output_40_addr"   --->   Operation 76 'muxlogic' 'muxLogicRAMAddr_to_norm_output_40_load' <Predicate = (!icmp_ln124)> <Delay = 0.42>
ST_1 : Operation 77 [2/2] (0.62ns) (share mux size 4)   --->   "%norm_output_40_load = load i6 %norm_output_40_addr" [llama_layer.cpp:126]   --->   Operation 77 'load' 'norm_output_40_load' <Predicate = (!icmp_ln124)> <Delay = 0.62> <CoreInst = "RAM_2P_BRAM">   --->   Core 97 'RAM_2P_BRAM' <Latency = 1> <II = 1> <Delay = 0.88> <Storage> <Opcode : 'load' 'store'> <Ports = 2> <Width = 32> <Depth = 48> <RAM>
ST_1 : Operation 78 [1/1] (0.42ns) (share mux size 2)   --->   "%muxLogicRAMAddr_to_norm_output_41_load = muxlogic i6 %norm_output_41_addr"   --->   Operation 78 'muxlogic' 'muxLogicRAMAddr_to_norm_output_41_load' <Predicate = (!icmp_ln124)> <Delay = 0.42>
ST_1 : Operation 79 [2/2] (0.62ns) (share mux size 4)   --->   "%norm_output_41_load = load i6 %norm_output_41_addr" [llama_layer.cpp:126]   --->   Operation 79 'load' 'norm_output_41_load' <Predicate = (!icmp_ln124)> <Delay = 0.62> <CoreInst = "RAM_2P_BRAM">   --->   Core 97 'RAM_2P_BRAM' <Latency = 1> <II = 1> <Delay = 0.88> <Storage> <Opcode : 'load' 'store'> <Ports = 2> <Width = 32> <Depth = 48> <RAM>
ST_1 : Operation 80 [1/1] (0.42ns) (share mux size 2)   --->   "%muxLogicRAMAddr_to_norm_output_42_load = muxlogic i6 %norm_output_42_addr"   --->   Operation 80 'muxlogic' 'muxLogicRAMAddr_to_norm_output_42_load' <Predicate = (!icmp_ln124)> <Delay = 0.42>
ST_1 : Operation 81 [2/2] (0.62ns) (share mux size 4)   --->   "%norm_output_42_load = load i6 %norm_output_42_addr" [llama_layer.cpp:126]   --->   Operation 81 'load' 'norm_output_42_load' <Predicate = (!icmp_ln124)> <Delay = 0.62> <CoreInst = "RAM_2P_BRAM">   --->   Core 97 'RAM_2P_BRAM' <Latency = 1> <II = 1> <Delay = 0.88> <Storage> <Opcode : 'load' 'store'> <Ports = 2> <Width = 32> <Depth = 48> <RAM>
ST_1 : Operation 82 [1/1] (0.42ns) (share mux size 2)   --->   "%muxLogicRAMAddr_to_norm_output_43_load = muxlogic i6 %norm_output_43_addr"   --->   Operation 82 'muxlogic' 'muxLogicRAMAddr_to_norm_output_43_load' <Predicate = (!icmp_ln124)> <Delay = 0.42>
ST_1 : Operation 83 [2/2] (0.62ns) (share mux size 4)   --->   "%norm_output_43_load = load i6 %norm_output_43_addr" [llama_layer.cpp:126]   --->   Operation 83 'load' 'norm_output_43_load' <Predicate = (!icmp_ln124)> <Delay = 0.62> <CoreInst = "RAM_2P_BRAM">   --->   Core 97 'RAM_2P_BRAM' <Latency = 1> <II = 1> <Delay = 0.88> <Storage> <Opcode : 'load' 'store'> <Ports = 2> <Width = 32> <Depth = 48> <RAM>
ST_1 : Operation 84 [1/1] (0.42ns) (share mux size 2)   --->   "%muxLogicRAMAddr_to_p_ZZ11llama_layerE11norm_output_10_load = muxlogic i6 %p_ZZ11llama_layerE11norm_output_10_addr"   --->   Operation 84 'muxlogic' 'muxLogicRAMAddr_to_p_ZZ11llama_layerE11norm_output_10_load' <Predicate = (!icmp_ln124)> <Delay = 0.42>
ST_1 : Operation 85 [2/2] (0.62ns) (share mux size 4)   --->   "%p_ZZ11llama_layerE11norm_output_10_load = load i6 %p_ZZ11llama_layerE11norm_output_10_addr" [llama_layer.cpp:126]   --->   Operation 85 'load' 'p_ZZ11llama_layerE11norm_output_10_load' <Predicate = (!icmp_ln124)> <Delay = 0.62> <CoreInst = "RAM_2P_BRAM">   --->   Core 97 'RAM_2P_BRAM' <Latency = 1> <II = 1> <Delay = 0.88> <Storage> <Opcode : 'load' 'store'> <Ports = 2> <Width = 32> <Depth = 48> <RAM>
ST_1 : Operation 86 [1/1] (0.42ns) (share mux size 2)   --->   "%muxLogicRAMAddr_to_llama_layer_norm_output_248 = muxlogic i6 %p_ZZ11llama_layerE11norm_output_11_addr"   --->   Operation 86 'muxlogic' 'muxLogicRAMAddr_to_llama_layer_norm_output_248' <Predicate = (!icmp_ln124)> <Delay = 0.42>
ST_1 : Operation 87 [2/2] (0.62ns) (share mux size 4)   --->   "%llama_layer_norm_output_248 = load i6 %p_ZZ11llama_layerE11norm_output_11_addr" [llama_layer.cpp:126]   --->   Operation 87 'load' 'llama_layer_norm_output_248' <Predicate = (!icmp_ln124)> <Delay = 0.62> <CoreInst = "RAM_2P_BRAM">   --->   Core 97 'RAM_2P_BRAM' <Latency = 1> <II = 1> <Delay = 0.88> <Storage> <Opcode : 'load' 'store'> <Ports = 2> <Width = 32> <Depth = 48> <RAM>
ST_1 : Operation 88 [1/1] (0.42ns) (share mux size 2)   --->   "%muxLogicRAMAddr_to_llama_layer_norm_output_249 = muxlogic i6 %p_ZZ11llama_layerE11norm_output_12_addr"   --->   Operation 88 'muxlogic' 'muxLogicRAMAddr_to_llama_layer_norm_output_249' <Predicate = (!icmp_ln124)> <Delay = 0.42>
ST_1 : Operation 89 [2/2] (0.62ns) (share mux size 4)   --->   "%llama_layer_norm_output_249 = load i6 %p_ZZ11llama_layerE11norm_output_12_addr" [llama_layer.cpp:126]   --->   Operation 89 'load' 'llama_layer_norm_output_249' <Predicate = (!icmp_ln124)> <Delay = 0.62> <CoreInst = "RAM_2P_BRAM">   --->   Core 97 'RAM_2P_BRAM' <Latency = 1> <II = 1> <Delay = 0.88> <Storage> <Opcode : 'load' 'store'> <Ports = 2> <Width = 32> <Depth = 48> <RAM>
ST_1 : Operation 90 [1/1] (0.42ns) (share mux size 2)   --->   "%muxLogicRAMAddr_to_llama_layer_norm_output_250 = muxlogic i6 %p_ZZ11llama_layerE11norm_output_13_addr"   --->   Operation 90 'muxlogic' 'muxLogicRAMAddr_to_llama_layer_norm_output_250' <Predicate = (!icmp_ln124)> <Delay = 0.42>
ST_1 : Operation 91 [2/2] (0.62ns) (share mux size 4)   --->   "%llama_layer_norm_output_250 = load i6 %p_ZZ11llama_layerE11norm_output_13_addr" [llama_layer.cpp:126]   --->   Operation 91 'load' 'llama_layer_norm_output_250' <Predicate = (!icmp_ln124)> <Delay = 0.62> <CoreInst = "RAM_2P_BRAM">   --->   Core 97 'RAM_2P_BRAM' <Latency = 1> <II = 1> <Delay = 0.88> <Storage> <Opcode : 'load' 'store'> <Ports = 2> <Width = 32> <Depth = 48> <RAM>
ST_1 : Operation 92 [1/1] (0.42ns) (share mux size 2)   --->   "%muxLogicRAMAddr_to_llama_layer_norm_output_251 = muxlogic i6 %p_ZZ11llama_layerE11norm_output_14_addr"   --->   Operation 92 'muxlogic' 'muxLogicRAMAddr_to_llama_layer_norm_output_251' <Predicate = (!icmp_ln124)> <Delay = 0.42>
ST_1 : Operation 93 [2/2] (0.62ns) (share mux size 4)   --->   "%llama_layer_norm_output_251 = load i6 %p_ZZ11llama_layerE11norm_output_14_addr" [llama_layer.cpp:126]   --->   Operation 93 'load' 'llama_layer_norm_output_251' <Predicate = (!icmp_ln124)> <Delay = 0.62> <CoreInst = "RAM_2P_BRAM">   --->   Core 97 'RAM_2P_BRAM' <Latency = 1> <II = 1> <Delay = 0.88> <Storage> <Opcode : 'load' 'store'> <Ports = 2> <Width = 32> <Depth = 48> <RAM>
ST_1 : Operation 94 [1/1] (0.42ns) (share mux size 2)   --->   "%muxLogicRAMAddr_to_llama_layer_norm_output_252 = muxlogic i6 %llama_layer_norm_output"   --->   Operation 94 'muxlogic' 'muxLogicRAMAddr_to_llama_layer_norm_output_252' <Predicate = (!icmp_ln124)> <Delay = 0.42>
ST_1 : Operation 95 [2/2] (0.62ns) (share mux size 4)   --->   "%llama_layer_norm_output_252 = load i6 %llama_layer_norm_output" [llama_layer.cpp:126]   --->   Operation 95 'load' 'llama_layer_norm_output_252' <Predicate = (!icmp_ln124)> <Delay = 0.62> <CoreInst = "RAM_2P_BRAM">   --->   Core 97 'RAM_2P_BRAM' <Latency = 1> <II = 1> <Delay = 0.88> <Storage> <Opcode : 'load' 'store'> <Ports = 2> <Width = 32> <Depth = 48> <RAM>
ST_1 : Operation 96 [1/1] (0.43ns)   --->   "%switch_ln126 = switch i4 %trunc_ln124, void %arrayidx23.case.15, i4 0, void %arrayidx23.case.0, i4 1, void %arrayidx23.case.1, i4 2, void %arrayidx23.case.2, i4 3, void %arrayidx23.case.3, i4 4, void %arrayidx23.case.4, i4 5, void %arrayidx23.case.5, i4 6, void %arrayidx23.case.6, i4 7, void %arrayidx23.case.7, i4 8, void %arrayidx23.case.8, i4 9, void %arrayidx23.case.9, i4 10, void %arrayidx23.case.10, i4 11, void %arrayidx23.case.11, i4 12, void %arrayidx23.case.12, i4 13, void %arrayidx23.case.13, i4 14, void %arrayidx23.case.14" [llama_layer.cpp:126]   --->   Operation 96 'switch' 'switch_ln126' <Predicate = (!icmp_ln124)> <Delay = 0.43>
ST_1 : Operation 97 [1/1] (0.39ns)   --->   "%store_ln124 = store i10 %add_ln124, i10 %i_5" [llama_layer.cpp:124]   --->   Operation 97 'store' 'store_ln124' <Predicate = (!icmp_ln124)> <Delay = 0.39>
ST_1 : Operation 98 [1/1] (0.00ns)   --->   "%br_ln124 = br void %for.inc24" [llama_layer.cpp:124]   --->   Operation 98 'br' 'br_ln124' <Predicate = (!icmp_ln124)> <Delay = 0.00>

State 2 <SV = 1> <Delay = 1.67>
ST_2 : Operation 99 [1/2] ( I:0.88ns O:0.88ns ) (share mux size 4)   --->   "%norm_output_load = load i6 %norm_output_addr" [llama_layer.cpp:126]   --->   Operation 99 'load' 'norm_output_load' <Predicate = true> <Delay = 0.88> <CoreInst = "RAM_2P_BRAM">   --->   Core 97 'RAM_2P_BRAM' <Latency = 1> <II = 1> <Delay = 0.88> <Storage> <Opcode : 'load' 'store'> <Ports = 2> <Width = 32> <Depth = 48> <RAM>
ST_2 : Operation 100 [1/2] ( I:0.88ns O:0.88ns ) (share mux size 4)   --->   "%norm_output_35_load = load i6 %norm_output_35_addr" [llama_layer.cpp:126]   --->   Operation 100 'load' 'norm_output_35_load' <Predicate = true> <Delay = 0.88> <CoreInst = "RAM_2P_BRAM">   --->   Core 97 'RAM_2P_BRAM' <Latency = 1> <II = 1> <Delay = 0.88> <Storage> <Opcode : 'load' 'store'> <Ports = 2> <Width = 32> <Depth = 48> <RAM>
ST_2 : Operation 101 [1/2] ( I:0.88ns O:0.88ns ) (share mux size 4)   --->   "%norm_output_36_load = load i6 %norm_output_36_addr" [llama_layer.cpp:126]   --->   Operation 101 'load' 'norm_output_36_load' <Predicate = true> <Delay = 0.88> <CoreInst = "RAM_2P_BRAM">   --->   Core 97 'RAM_2P_BRAM' <Latency = 1> <II = 1> <Delay = 0.88> <Storage> <Opcode : 'load' 'store'> <Ports = 2> <Width = 32> <Depth = 48> <RAM>
ST_2 : Operation 102 [1/2] ( I:0.88ns O:0.88ns ) (share mux size 4)   --->   "%norm_output_37_load = load i6 %norm_output_37_addr" [llama_layer.cpp:126]   --->   Operation 102 'load' 'norm_output_37_load' <Predicate = true> <Delay = 0.88> <CoreInst = "RAM_2P_BRAM">   --->   Core 97 'RAM_2P_BRAM' <Latency = 1> <II = 1> <Delay = 0.88> <Storage> <Opcode : 'load' 'store'> <Ports = 2> <Width = 32> <Depth = 48> <RAM>
ST_2 : Operation 103 [1/2] ( I:0.88ns O:0.88ns ) (share mux size 4)   --->   "%norm_output_38_load = load i6 %norm_output_38_addr" [llama_layer.cpp:126]   --->   Operation 103 'load' 'norm_output_38_load' <Predicate = true> <Delay = 0.88> <CoreInst = "RAM_2P_BRAM">   --->   Core 97 'RAM_2P_BRAM' <Latency = 1> <II = 1> <Delay = 0.88> <Storage> <Opcode : 'load' 'store'> <Ports = 2> <Width = 32> <Depth = 48> <RAM>
ST_2 : Operation 104 [1/2] ( I:0.88ns O:0.88ns ) (share mux size 4)   --->   "%norm_output_39_load = load i6 %norm_output_39_addr" [llama_layer.cpp:126]   --->   Operation 104 'load' 'norm_output_39_load' <Predicate = true> <Delay = 0.88> <CoreInst = "RAM_2P_BRAM">   --->   Core 97 'RAM_2P_BRAM' <Latency = 1> <II = 1> <Delay = 0.88> <Storage> <Opcode : 'load' 'store'> <Ports = 2> <Width = 32> <Depth = 48> <RAM>
ST_2 : Operation 105 [1/2] ( I:0.88ns O:0.88ns ) (share mux size 4)   --->   "%norm_output_40_load = load i6 %norm_output_40_addr" [llama_layer.cpp:126]   --->   Operation 105 'load' 'norm_output_40_load' <Predicate = true> <Delay = 0.88> <CoreInst = "RAM_2P_BRAM">   --->   Core 97 'RAM_2P_BRAM' <Latency = 1> <II = 1> <Delay = 0.88> <Storage> <Opcode : 'load' 'store'> <Ports = 2> <Width = 32> <Depth = 48> <RAM>
ST_2 : Operation 106 [1/2] ( I:0.88ns O:0.88ns ) (share mux size 4)   --->   "%norm_output_41_load = load i6 %norm_output_41_addr" [llama_layer.cpp:126]   --->   Operation 106 'load' 'norm_output_41_load' <Predicate = true> <Delay = 0.88> <CoreInst = "RAM_2P_BRAM">   --->   Core 97 'RAM_2P_BRAM' <Latency = 1> <II = 1> <Delay = 0.88> <Storage> <Opcode : 'load' 'store'> <Ports = 2> <Width = 32> <Depth = 48> <RAM>
ST_2 : Operation 107 [1/2] ( I:0.88ns O:0.88ns ) (share mux size 4)   --->   "%norm_output_42_load = load i6 %norm_output_42_addr" [llama_layer.cpp:126]   --->   Operation 107 'load' 'norm_output_42_load' <Predicate = true> <Delay = 0.88> <CoreInst = "RAM_2P_BRAM">   --->   Core 97 'RAM_2P_BRAM' <Latency = 1> <II = 1> <Delay = 0.88> <Storage> <Opcode : 'load' 'store'> <Ports = 2> <Width = 32> <Depth = 48> <RAM>
ST_2 : Operation 108 [1/2] ( I:0.88ns O:0.88ns ) (share mux size 4)   --->   "%norm_output_43_load = load i6 %norm_output_43_addr" [llama_layer.cpp:126]   --->   Operation 108 'load' 'norm_output_43_load' <Predicate = true> <Delay = 0.88> <CoreInst = "RAM_2P_BRAM">   --->   Core 97 'RAM_2P_BRAM' <Latency = 1> <II = 1> <Delay = 0.88> <Storage> <Opcode : 'load' 'store'> <Ports = 2> <Width = 32> <Depth = 48> <RAM>
ST_2 : Operation 109 [1/2] ( I:0.88ns O:0.88ns ) (share mux size 4)   --->   "%p_ZZ11llama_layerE11norm_output_10_load = load i6 %p_ZZ11llama_layerE11norm_output_10_addr" [llama_layer.cpp:126]   --->   Operation 109 'load' 'p_ZZ11llama_layerE11norm_output_10_load' <Predicate = true> <Delay = 0.88> <CoreInst = "RAM_2P_BRAM">   --->   Core 97 'RAM_2P_BRAM' <Latency = 1> <II = 1> <Delay = 0.88> <Storage> <Opcode : 'load' 'store'> <Ports = 2> <Width = 32> <Depth = 48> <RAM>
ST_2 : Operation 110 [1/2] ( I:0.88ns O:0.88ns ) (share mux size 4)   --->   "%llama_layer_norm_output_248 = load i6 %p_ZZ11llama_layerE11norm_output_11_addr" [llama_layer.cpp:126]   --->   Operation 110 'load' 'llama_layer_norm_output_248' <Predicate = true> <Delay = 0.88> <CoreInst = "RAM_2P_BRAM">   --->   Core 97 'RAM_2P_BRAM' <Latency = 1> <II = 1> <Delay = 0.88> <Storage> <Opcode : 'load' 'store'> <Ports = 2> <Width = 32> <Depth = 48> <RAM>
ST_2 : Operation 111 [1/2] ( I:0.88ns O:0.88ns ) (share mux size 4)   --->   "%llama_layer_norm_output_249 = load i6 %p_ZZ11llama_layerE11norm_output_12_addr" [llama_layer.cpp:126]   --->   Operation 111 'load' 'llama_layer_norm_output_249' <Predicate = true> <Delay = 0.88> <CoreInst = "RAM_2P_BRAM">   --->   Core 97 'RAM_2P_BRAM' <Latency = 1> <II = 1> <Delay = 0.88> <Storage> <Opcode : 'load' 'store'> <Ports = 2> <Width = 32> <Depth = 48> <RAM>
ST_2 : Operation 112 [1/2] ( I:0.88ns O:0.88ns ) (share mux size 4)   --->   "%llama_layer_norm_output_250 = load i6 %p_ZZ11llama_layerE11norm_output_13_addr" [llama_layer.cpp:126]   --->   Operation 112 'load' 'llama_layer_norm_output_250' <Predicate = true> <Delay = 0.88> <CoreInst = "RAM_2P_BRAM">   --->   Core 97 'RAM_2P_BRAM' <Latency = 1> <II = 1> <Delay = 0.88> <Storage> <Opcode : 'load' 'store'> <Ports = 2> <Width = 32> <Depth = 48> <RAM>
ST_2 : Operation 113 [1/2] ( I:0.88ns O:0.88ns ) (share mux size 4)   --->   "%llama_layer_norm_output_251 = load i6 %p_ZZ11llama_layerE11norm_output_14_addr" [llama_layer.cpp:126]   --->   Operation 113 'load' 'llama_layer_norm_output_251' <Predicate = true> <Delay = 0.88> <CoreInst = "RAM_2P_BRAM">   --->   Core 97 'RAM_2P_BRAM' <Latency = 1> <II = 1> <Delay = 0.88> <Storage> <Opcode : 'load' 'store'> <Ports = 2> <Width = 32> <Depth = 48> <RAM>
ST_2 : Operation 114 [1/2] ( I:0.88ns O:0.88ns ) (share mux size 4)   --->   "%llama_layer_norm_output_252 = load i6 %llama_layer_norm_output" [llama_layer.cpp:126]   --->   Operation 114 'load' 'llama_layer_norm_output_252' <Predicate = true> <Delay = 0.88> <CoreInst = "RAM_2P_BRAM">   --->   Core 97 'RAM_2P_BRAM' <Latency = 1> <II = 1> <Delay = 0.88> <Storage> <Opcode : 'load' 'store'> <Ports = 2> <Width = 32> <Depth = 48> <RAM>
ST_2 : Operation 115 [1/1] (0.79ns)   --->   "%tmp_4 = sparsemux i32 @_ssdm_op_SparseMux.ap_auto.16float.float.i4, i4 0, i32 %norm_output_load, i4 1, i32 %norm_output_35_load, i4 2, i32 %norm_output_36_load, i4 3, i32 %norm_output_37_load, i4 4, i32 %norm_output_38_load, i4 5, i32 %norm_output_39_load, i4 6, i32 %norm_output_40_load, i4 7, i32 %norm_output_41_load, i4 8, i32 %norm_output_42_load, i4 9, i32 %norm_output_43_load, i4 10, i32 %p_ZZ11llama_layerE11norm_output_10_load, i4 11, i32 %llama_layer_norm_output_248, i4 12, i32 %llama_layer_norm_output_249, i4 13, i32 %llama_layer_norm_output_250, i4 14, i32 %llama_layer_norm_output_251, i4 15, i32 %llama_layer_norm_output_252, i32 <undef>, i4 %trunc_ln124" [llama_layer.cpp:126]   --->   Operation 115 'sparsemux' 'tmp_4' <Predicate = true> <Delay = 0.79> <CoreInst = "BinarySparseMux_DontCare">   --->   Core 150 'BinarySparseMux_DontCare' <Latency = 0> <II = 1> <Delay = 0.79> <FuncUnit> <Opcode : 'sparsemux'> <InPorts = 0> <OutPorts = 1>
ST_2 : Operation 199 [1/1] (0.28ns)   --->   "%ret_ln0 = ret"   --->   Operation 199 'ret' 'ret_ln0' <Predicate = (icmp_ln124)> <Delay = 0.28>

State 3 <SV = 2> <Delay = 1.33>
ST_3 : Operation 116 [1/1] (0.00ns)   --->   "%specpipeline_ln125 = specpipeline void @_ssdm_op_SpecPipeline, i32 1, i32 0, i32 0, i32 0, void @empty_107" [llama_layer.cpp:125]   --->   Operation 116 'specpipeline' 'specpipeline_ln125' <Predicate = true> <Delay = 0.00>
ST_3 : Operation 117 [1/1] (0.00ns)   --->   "%speclooptripcount_ln124 = speclooptripcount void @_ssdm_op_SpecLoopTripCount, i64 768, i64 768, i64 768" [llama_layer.cpp:124]   --->   Operation 117 'speclooptripcount' 'speclooptripcount_ln124' <Predicate = true> <Delay = 0.00>
ST_3 : Operation 118 [1/1] (0.00ns)   --->   "%specloopname_ln124 = specloopname void @_ssdm_op_SpecLoopName, void @empty_73" [llama_layer.cpp:124]   --->   Operation 118 'specloopname' 'specloopname_ln124' <Predicate = true> <Delay = 0.00>
ST_3 : Operation 119 [1/1] (0.00ns)   --->   "%current_token_addr = getelementptr i32 %current_token, i64 0, i64 %zext_ln124" [llama_layer.cpp:126]   --->   Operation 119 'getelementptr' 'current_token_addr' <Predicate = true> <Delay = 0.00>
ST_3 : Operation 120 [1/1] (0.00ns)   --->   "%current_token_19_addr = getelementptr i32 %current_token_19, i64 0, i64 %zext_ln124" [llama_layer.cpp:126]   --->   Operation 120 'getelementptr' 'current_token_19_addr' <Predicate = true> <Delay = 0.00>
ST_3 : Operation 121 [1/1] (0.00ns)   --->   "%current_token_20_addr = getelementptr i32 %current_token_20, i64 0, i64 %zext_ln124" [llama_layer.cpp:126]   --->   Operation 121 'getelementptr' 'current_token_20_addr' <Predicate = true> <Delay = 0.00>
ST_3 : Operation 122 [1/1] (0.00ns)   --->   "%current_token_21_addr = getelementptr i32 %current_token_21, i64 0, i64 %zext_ln124" [llama_layer.cpp:126]   --->   Operation 122 'getelementptr' 'current_token_21_addr' <Predicate = true> <Delay = 0.00>
ST_3 : Operation 123 [1/1] (0.00ns)   --->   "%current_token_22_addr = getelementptr i32 %current_token_22, i64 0, i64 %zext_ln124" [llama_layer.cpp:126]   --->   Operation 123 'getelementptr' 'current_token_22_addr' <Predicate = true> <Delay = 0.00>
ST_3 : Operation 124 [1/1] (0.00ns)   --->   "%current_token_23_addr = getelementptr i32 %current_token_23, i64 0, i64 %zext_ln124" [llama_layer.cpp:126]   --->   Operation 124 'getelementptr' 'current_token_23_addr' <Predicate = true> <Delay = 0.00>
ST_3 : Operation 125 [1/1] (0.00ns)   --->   "%current_token_24_addr = getelementptr i32 %current_token_24, i64 0, i64 %zext_ln124" [llama_layer.cpp:126]   --->   Operation 125 'getelementptr' 'current_token_24_addr' <Predicate = true> <Delay = 0.00>
ST_3 : Operation 126 [1/1] (0.00ns)   --->   "%current_token_25_addr = getelementptr i32 %current_token_25, i64 0, i64 %zext_ln124" [llama_layer.cpp:126]   --->   Operation 126 'getelementptr' 'current_token_25_addr' <Predicate = true> <Delay = 0.00>
ST_3 : Operation 127 [1/1] (0.00ns)   --->   "%current_token_26_addr = getelementptr i32 %current_token_26, i64 0, i64 %zext_ln124" [llama_layer.cpp:126]   --->   Operation 127 'getelementptr' 'current_token_26_addr' <Predicate = true> <Delay = 0.00>
ST_3 : Operation 128 [1/1] (0.00ns)   --->   "%current_token_27_addr = getelementptr i32 %current_token_27, i64 0, i64 %zext_ln124" [llama_layer.cpp:126]   --->   Operation 128 'getelementptr' 'current_token_27_addr' <Predicate = true> <Delay = 0.00>
ST_3 : Operation 129 [1/1] (0.00ns)   --->   "%p_ZZ11llama_layerE13current_token_10_addr = getelementptr i32 %p_ZZ11llama_layerE13current_token_10, i64 0, i64 %zext_ln124" [llama_layer.cpp:126]   --->   Operation 129 'getelementptr' 'p_ZZ11llama_layerE13current_token_10_addr' <Predicate = true> <Delay = 0.00>
ST_3 : Operation 130 [1/1] (0.00ns)   --->   "%p_ZZ11llama_layerE13current_token_11_addr = getelementptr i32 %p_ZZ11llama_layerE13current_token_11, i64 0, i64 %zext_ln124" [llama_layer.cpp:126]   --->   Operation 130 'getelementptr' 'p_ZZ11llama_layerE13current_token_11_addr' <Predicate = true> <Delay = 0.00>
ST_3 : Operation 131 [1/1] (0.00ns)   --->   "%p_ZZ11llama_layerE13current_token_12_addr = getelementptr i32 %p_ZZ11llama_layerE13current_token_12, i64 0, i64 %zext_ln124" [llama_layer.cpp:126]   --->   Operation 131 'getelementptr' 'p_ZZ11llama_layerE13current_token_12_addr' <Predicate = true> <Delay = 0.00>
ST_3 : Operation 132 [1/1] (0.00ns)   --->   "%p_ZZ11llama_layerE13current_token_13_addr = getelementptr i32 %p_ZZ11llama_layerE13current_token_13, i64 0, i64 %zext_ln124" [llama_layer.cpp:126]   --->   Operation 132 'getelementptr' 'p_ZZ11llama_layerE13current_token_13_addr' <Predicate = true> <Delay = 0.00>
ST_3 : Operation 133 [1/1] (0.00ns)   --->   "%p_ZZ11llama_layerE13current_token_14_addr = getelementptr i32 %p_ZZ11llama_layerE13current_token_14, i64 0, i64 %zext_ln124" [llama_layer.cpp:126]   --->   Operation 133 'getelementptr' 'p_ZZ11llama_layerE13current_token_14_addr' <Predicate = true> <Delay = 0.00>
ST_3 : Operation 134 [1/1] (0.00ns)   --->   "%llama_layer_current_token = getelementptr i32 %p_ZZ11llama_layerE13current_token_15, i64 0, i64 %zext_ln124" [llama_layer.cpp:126]   --->   Operation 134 'getelementptr' 'llama_layer_current_token' <Predicate = true> <Delay = 0.00>
ST_3 : Operation 135 [1/1] (0.70ns) (share mux size 5)   --->   "%muxLogicRAMData_to_store_ln126 = muxlogic i32 %tmp_4"   --->   Operation 135 'muxlogic' 'muxLogicRAMData_to_store_ln126' <Predicate = (trunc_ln124 == 14)> <Delay = 0.70>
ST_3 : Operation 136 [1/1] (0.70ns) (share mux size 5)   --->   "%muxLogicRAMAddr_to_store_ln126 = muxlogic i6 %p_ZZ11llama_layerE13current_token_14_addr"   --->   Operation 136 'muxlogic' 'muxLogicRAMAddr_to_store_ln126' <Predicate = (trunc_ln124 == 14)> <Delay = 0.70>
ST_3 : Operation 137 [1/1] ( I:0.62ns O:0.62ns ) (share mux size 10)   --->   "%store_ln126 = store i32 %tmp_4, i6 %p_ZZ11llama_layerE13current_token_14_addr" [llama_layer.cpp:126]   --->   Operation 137 'store' 'store_ln126' <Predicate = (trunc_ln124 == 14)> <Delay = 0.62> <CoreInst = "RAM_2P_BRAM">   --->   Core 97 'RAM_2P_BRAM' <Latency = 1> <II = 1> <Delay = 0.88> <Storage> <Opcode : 'load' 'store'> <Ports = 2> <Width = 32> <Depth = 48> <RAM>
ST_3 : Operation 138 [1/1] (0.00ns)   --->   "%br_ln126 = br void %arrayidx23.exit" [llama_layer.cpp:126]   --->   Operation 138 'br' 'br_ln126' <Predicate = (trunc_ln124 == 14)> <Delay = 0.00>
ST_3 : Operation 139 [1/1] (0.70ns) (share mux size 5)   --->   "%muxLogicRAMData_to_store_ln126 = muxlogic i32 %tmp_4"   --->   Operation 139 'muxlogic' 'muxLogicRAMData_to_store_ln126' <Predicate = (trunc_ln124 == 13)> <Delay = 0.70>
ST_3 : Operation 140 [1/1] (0.70ns) (share mux size 5)   --->   "%muxLogicRAMAddr_to_store_ln126 = muxlogic i6 %p_ZZ11llama_layerE13current_token_13_addr"   --->   Operation 140 'muxlogic' 'muxLogicRAMAddr_to_store_ln126' <Predicate = (trunc_ln124 == 13)> <Delay = 0.70>
ST_3 : Operation 141 [1/1] ( I:0.62ns O:0.62ns ) (share mux size 10)   --->   "%store_ln126 = store i32 %tmp_4, i6 %p_ZZ11llama_layerE13current_token_13_addr" [llama_layer.cpp:126]   --->   Operation 141 'store' 'store_ln126' <Predicate = (trunc_ln124 == 13)> <Delay = 0.62> <CoreInst = "RAM_2P_BRAM">   --->   Core 97 'RAM_2P_BRAM' <Latency = 1> <II = 1> <Delay = 0.88> <Storage> <Opcode : 'load' 'store'> <Ports = 2> <Width = 32> <Depth = 48> <RAM>
ST_3 : Operation 142 [1/1] (0.00ns)   --->   "%br_ln126 = br void %arrayidx23.exit" [llama_layer.cpp:126]   --->   Operation 142 'br' 'br_ln126' <Predicate = (trunc_ln124 == 13)> <Delay = 0.00>
ST_3 : Operation 143 [1/1] (0.70ns) (share mux size 5)   --->   "%muxLogicRAMData_to_store_ln126 = muxlogic i32 %tmp_4"   --->   Operation 143 'muxlogic' 'muxLogicRAMData_to_store_ln126' <Predicate = (trunc_ln124 == 12)> <Delay = 0.70>
ST_3 : Operation 144 [1/1] (0.70ns) (share mux size 5)   --->   "%muxLogicRAMAddr_to_store_ln126 = muxlogic i6 %p_ZZ11llama_layerE13current_token_12_addr"   --->   Operation 144 'muxlogic' 'muxLogicRAMAddr_to_store_ln126' <Predicate = (trunc_ln124 == 12)> <Delay = 0.70>
ST_3 : Operation 145 [1/1] ( I:0.62ns O:0.62ns ) (share mux size 10)   --->   "%store_ln126 = store i32 %tmp_4, i6 %p_ZZ11llama_layerE13current_token_12_addr" [llama_layer.cpp:126]   --->   Operation 145 'store' 'store_ln126' <Predicate = (trunc_ln124 == 12)> <Delay = 0.62> <CoreInst = "RAM_2P_BRAM">   --->   Core 97 'RAM_2P_BRAM' <Latency = 1> <II = 1> <Delay = 0.88> <Storage> <Opcode : 'load' 'store'> <Ports = 2> <Width = 32> <Depth = 48> <RAM>
ST_3 : Operation 146 [1/1] (0.00ns)   --->   "%br_ln126 = br void %arrayidx23.exit" [llama_layer.cpp:126]   --->   Operation 146 'br' 'br_ln126' <Predicate = (trunc_ln124 == 12)> <Delay = 0.00>
ST_3 : Operation 147 [1/1] (0.70ns) (share mux size 5)   --->   "%muxLogicRAMData_to_store_ln126 = muxlogic i32 %tmp_4"   --->   Operation 147 'muxlogic' 'muxLogicRAMData_to_store_ln126' <Predicate = (trunc_ln124 == 11)> <Delay = 0.70>
ST_3 : Operation 148 [1/1] (0.70ns) (share mux size 5)   --->   "%muxLogicRAMAddr_to_store_ln126 = muxlogic i6 %p_ZZ11llama_layerE13current_token_11_addr"   --->   Operation 148 'muxlogic' 'muxLogicRAMAddr_to_store_ln126' <Predicate = (trunc_ln124 == 11)> <Delay = 0.70>
ST_3 : Operation 149 [1/1] ( I:0.62ns O:0.62ns ) (share mux size 10)   --->   "%store_ln126 = store i32 %tmp_4, i6 %p_ZZ11llama_layerE13current_token_11_addr" [llama_layer.cpp:126]   --->   Operation 149 'store' 'store_ln126' <Predicate = (trunc_ln124 == 11)> <Delay = 0.62> <CoreInst = "RAM_2P_BRAM">   --->   Core 97 'RAM_2P_BRAM' <Latency = 1> <II = 1> <Delay = 0.88> <Storage> <Opcode : 'load' 'store'> <Ports = 2> <Width = 32> <Depth = 48> <RAM>
ST_3 : Operation 150 [1/1] (0.00ns)   --->   "%br_ln126 = br void %arrayidx23.exit" [llama_layer.cpp:126]   --->   Operation 150 'br' 'br_ln126' <Predicate = (trunc_ln124 == 11)> <Delay = 0.00>
ST_3 : Operation 151 [1/1] (0.70ns) (share mux size 5)   --->   "%muxLogicRAMData_to_store_ln126 = muxlogic i32 %tmp_4"   --->   Operation 151 'muxlogic' 'muxLogicRAMData_to_store_ln126' <Predicate = (trunc_ln124 == 10)> <Delay = 0.70>
ST_3 : Operation 152 [1/1] (0.70ns) (share mux size 5)   --->   "%muxLogicRAMAddr_to_store_ln126 = muxlogic i6 %p_ZZ11llama_layerE13current_token_10_addr"   --->   Operation 152 'muxlogic' 'muxLogicRAMAddr_to_store_ln126' <Predicate = (trunc_ln124 == 10)> <Delay = 0.70>
ST_3 : Operation 153 [1/1] ( I:0.62ns O:0.62ns ) (share mux size 10)   --->   "%store_ln126 = store i32 %tmp_4, i6 %p_ZZ11llama_layerE13current_token_10_addr" [llama_layer.cpp:126]   --->   Operation 153 'store' 'store_ln126' <Predicate = (trunc_ln124 == 10)> <Delay = 0.62> <CoreInst = "RAM_2P_BRAM">   --->   Core 97 'RAM_2P_BRAM' <Latency = 1> <II = 1> <Delay = 0.88> <Storage> <Opcode : 'load' 'store'> <Ports = 2> <Width = 32> <Depth = 48> <RAM>
ST_3 : Operation 154 [1/1] (0.00ns)   --->   "%br_ln126 = br void %arrayidx23.exit" [llama_layer.cpp:126]   --->   Operation 154 'br' 'br_ln126' <Predicate = (trunc_ln124 == 10)> <Delay = 0.00>
ST_3 : Operation 155 [1/1] (0.70ns) (share mux size 5)   --->   "%muxLogicRAMData_to_store_ln126 = muxlogic i32 %tmp_4"   --->   Operation 155 'muxlogic' 'muxLogicRAMData_to_store_ln126' <Predicate = (trunc_ln124 == 9)> <Delay = 0.70>
ST_3 : Operation 156 [1/1] (0.70ns) (share mux size 5)   --->   "%muxLogicRAMAddr_to_store_ln126 = muxlogic i6 %current_token_27_addr"   --->   Operation 156 'muxlogic' 'muxLogicRAMAddr_to_store_ln126' <Predicate = (trunc_ln124 == 9)> <Delay = 0.70>
ST_3 : Operation 157 [1/1] ( I:0.62ns O:0.62ns ) (share mux size 10)   --->   "%store_ln126 = store i32 %tmp_4, i6 %current_token_27_addr" [llama_layer.cpp:126]   --->   Operation 157 'store' 'store_ln126' <Predicate = (trunc_ln124 == 9)> <Delay = 0.62> <CoreInst = "RAM_2P_BRAM">   --->   Core 97 'RAM_2P_BRAM' <Latency = 1> <II = 1> <Delay = 0.88> <Storage> <Opcode : 'load' 'store'> <Ports = 2> <Width = 32> <Depth = 48> <RAM>
ST_3 : Operation 158 [1/1] (0.00ns)   --->   "%br_ln126 = br void %arrayidx23.exit" [llama_layer.cpp:126]   --->   Operation 158 'br' 'br_ln126' <Predicate = (trunc_ln124 == 9)> <Delay = 0.00>
ST_3 : Operation 159 [1/1] (0.70ns) (share mux size 5)   --->   "%muxLogicRAMData_to_store_ln126 = muxlogic i32 %tmp_4"   --->   Operation 159 'muxlogic' 'muxLogicRAMData_to_store_ln126' <Predicate = (trunc_ln124 == 8)> <Delay = 0.70>
ST_3 : Operation 160 [1/1] (0.70ns) (share mux size 5)   --->   "%muxLogicRAMAddr_to_store_ln126 = muxlogic i6 %current_token_26_addr"   --->   Operation 160 'muxlogic' 'muxLogicRAMAddr_to_store_ln126' <Predicate = (trunc_ln124 == 8)> <Delay = 0.70>
ST_3 : Operation 161 [1/1] ( I:0.62ns O:0.62ns ) (share mux size 10)   --->   "%store_ln126 = store i32 %tmp_4, i6 %current_token_26_addr" [llama_layer.cpp:126]   --->   Operation 161 'store' 'store_ln126' <Predicate = (trunc_ln124 == 8)> <Delay = 0.62> <CoreInst = "RAM_2P_BRAM">   --->   Core 97 'RAM_2P_BRAM' <Latency = 1> <II = 1> <Delay = 0.88> <Storage> <Opcode : 'load' 'store'> <Ports = 2> <Width = 32> <Depth = 48> <RAM>
ST_3 : Operation 162 [1/1] (0.00ns)   --->   "%br_ln126 = br void %arrayidx23.exit" [llama_layer.cpp:126]   --->   Operation 162 'br' 'br_ln126' <Predicate = (trunc_ln124 == 8)> <Delay = 0.00>
ST_3 : Operation 163 [1/1] (0.70ns) (share mux size 5)   --->   "%muxLogicRAMData_to_store_ln126 = muxlogic i32 %tmp_4"   --->   Operation 163 'muxlogic' 'muxLogicRAMData_to_store_ln126' <Predicate = (trunc_ln124 == 7)> <Delay = 0.70>
ST_3 : Operation 164 [1/1] (0.70ns) (share mux size 5)   --->   "%muxLogicRAMAddr_to_store_ln126 = muxlogic i6 %current_token_25_addr"   --->   Operation 164 'muxlogic' 'muxLogicRAMAddr_to_store_ln126' <Predicate = (trunc_ln124 == 7)> <Delay = 0.70>
ST_3 : Operation 165 [1/1] ( I:0.62ns O:0.62ns ) (share mux size 10)   --->   "%store_ln126 = store i32 %tmp_4, i6 %current_token_25_addr" [llama_layer.cpp:126]   --->   Operation 165 'store' 'store_ln126' <Predicate = (trunc_ln124 == 7)> <Delay = 0.62> <CoreInst = "RAM_2P_BRAM">   --->   Core 97 'RAM_2P_BRAM' <Latency = 1> <II = 1> <Delay = 0.88> <Storage> <Opcode : 'load' 'store'> <Ports = 2> <Width = 32> <Depth = 48> <RAM>
ST_3 : Operation 166 [1/1] (0.00ns)   --->   "%br_ln126 = br void %arrayidx23.exit" [llama_layer.cpp:126]   --->   Operation 166 'br' 'br_ln126' <Predicate = (trunc_ln124 == 7)> <Delay = 0.00>
ST_3 : Operation 167 [1/1] (0.70ns) (share mux size 5)   --->   "%muxLogicRAMData_to_store_ln126 = muxlogic i32 %tmp_4"   --->   Operation 167 'muxlogic' 'muxLogicRAMData_to_store_ln126' <Predicate = (trunc_ln124 == 6)> <Delay = 0.70>
ST_3 : Operation 168 [1/1] (0.70ns) (share mux size 5)   --->   "%muxLogicRAMAddr_to_store_ln126 = muxlogic i6 %current_token_24_addr"   --->   Operation 168 'muxlogic' 'muxLogicRAMAddr_to_store_ln126' <Predicate = (trunc_ln124 == 6)> <Delay = 0.70>
ST_3 : Operation 169 [1/1] ( I:0.62ns O:0.62ns ) (share mux size 10)   --->   "%store_ln126 = store i32 %tmp_4, i6 %current_token_24_addr" [llama_layer.cpp:126]   --->   Operation 169 'store' 'store_ln126' <Predicate = (trunc_ln124 == 6)> <Delay = 0.62> <CoreInst = "RAM_2P_BRAM">   --->   Core 97 'RAM_2P_BRAM' <Latency = 1> <II = 1> <Delay = 0.88> <Storage> <Opcode : 'load' 'store'> <Ports = 2> <Width = 32> <Depth = 48> <RAM>
ST_3 : Operation 170 [1/1] (0.00ns)   --->   "%br_ln126 = br void %arrayidx23.exit" [llama_layer.cpp:126]   --->   Operation 170 'br' 'br_ln126' <Predicate = (trunc_ln124 == 6)> <Delay = 0.00>
ST_3 : Operation 171 [1/1] (0.70ns) (share mux size 5)   --->   "%muxLogicRAMData_to_store_ln126 = muxlogic i32 %tmp_4"   --->   Operation 171 'muxlogic' 'muxLogicRAMData_to_store_ln126' <Predicate = (trunc_ln124 == 5)> <Delay = 0.70>
ST_3 : Operation 172 [1/1] (0.70ns) (share mux size 5)   --->   "%muxLogicRAMAddr_to_store_ln126 = muxlogic i6 %current_token_23_addr"   --->   Operation 172 'muxlogic' 'muxLogicRAMAddr_to_store_ln126' <Predicate = (trunc_ln124 == 5)> <Delay = 0.70>
ST_3 : Operation 173 [1/1] ( I:0.62ns O:0.62ns ) (share mux size 10)   --->   "%store_ln126 = store i32 %tmp_4, i6 %current_token_23_addr" [llama_layer.cpp:126]   --->   Operation 173 'store' 'store_ln126' <Predicate = (trunc_ln124 == 5)> <Delay = 0.62> <CoreInst = "RAM_2P_BRAM">   --->   Core 97 'RAM_2P_BRAM' <Latency = 1> <II = 1> <Delay = 0.88> <Storage> <Opcode : 'load' 'store'> <Ports = 2> <Width = 32> <Depth = 48> <RAM>
ST_3 : Operation 174 [1/1] (0.00ns)   --->   "%br_ln126 = br void %arrayidx23.exit" [llama_layer.cpp:126]   --->   Operation 174 'br' 'br_ln126' <Predicate = (trunc_ln124 == 5)> <Delay = 0.00>
ST_3 : Operation 175 [1/1] (0.70ns) (share mux size 5)   --->   "%muxLogicRAMData_to_store_ln126 = muxlogic i32 %tmp_4"   --->   Operation 175 'muxlogic' 'muxLogicRAMData_to_store_ln126' <Predicate = (trunc_ln124 == 4)> <Delay = 0.70>
ST_3 : Operation 176 [1/1] (0.70ns) (share mux size 5)   --->   "%muxLogicRAMAddr_to_store_ln126 = muxlogic i6 %current_token_22_addr"   --->   Operation 176 'muxlogic' 'muxLogicRAMAddr_to_store_ln126' <Predicate = (trunc_ln124 == 4)> <Delay = 0.70>
ST_3 : Operation 177 [1/1] ( I:0.62ns O:0.62ns ) (share mux size 10)   --->   "%store_ln126 = store i32 %tmp_4, i6 %current_token_22_addr" [llama_layer.cpp:126]   --->   Operation 177 'store' 'store_ln126' <Predicate = (trunc_ln124 == 4)> <Delay = 0.62> <CoreInst = "RAM_2P_BRAM">   --->   Core 97 'RAM_2P_BRAM' <Latency = 1> <II = 1> <Delay = 0.88> <Storage> <Opcode : 'load' 'store'> <Ports = 2> <Width = 32> <Depth = 48> <RAM>
ST_3 : Operation 178 [1/1] (0.00ns)   --->   "%br_ln126 = br void %arrayidx23.exit" [llama_layer.cpp:126]   --->   Operation 178 'br' 'br_ln126' <Predicate = (trunc_ln124 == 4)> <Delay = 0.00>
ST_3 : Operation 179 [1/1] (0.70ns) (share mux size 5)   --->   "%muxLogicRAMData_to_store_ln126 = muxlogic i32 %tmp_4"   --->   Operation 179 'muxlogic' 'muxLogicRAMData_to_store_ln126' <Predicate = (trunc_ln124 == 3)> <Delay = 0.70>
ST_3 : Operation 180 [1/1] (0.70ns) (share mux size 5)   --->   "%muxLogicRAMAddr_to_store_ln126 = muxlogic i6 %current_token_21_addr"   --->   Operation 180 'muxlogic' 'muxLogicRAMAddr_to_store_ln126' <Predicate = (trunc_ln124 == 3)> <Delay = 0.70>
ST_3 : Operation 181 [1/1] ( I:0.62ns O:0.62ns ) (share mux size 10)   --->   "%store_ln126 = store i32 %tmp_4, i6 %current_token_21_addr" [llama_layer.cpp:126]   --->   Operation 181 'store' 'store_ln126' <Predicate = (trunc_ln124 == 3)> <Delay = 0.62> <CoreInst = "RAM_2P_BRAM">   --->   Core 97 'RAM_2P_BRAM' <Latency = 1> <II = 1> <Delay = 0.88> <Storage> <Opcode : 'load' 'store'> <Ports = 2> <Width = 32> <Depth = 48> <RAM>
ST_3 : Operation 182 [1/1] (0.00ns)   --->   "%br_ln126 = br void %arrayidx23.exit" [llama_layer.cpp:126]   --->   Operation 182 'br' 'br_ln126' <Predicate = (trunc_ln124 == 3)> <Delay = 0.00>
ST_3 : Operation 183 [1/1] (0.70ns) (share mux size 5)   --->   "%muxLogicRAMData_to_store_ln126 = muxlogic i32 %tmp_4"   --->   Operation 183 'muxlogic' 'muxLogicRAMData_to_store_ln126' <Predicate = (trunc_ln124 == 2)> <Delay = 0.70>
ST_3 : Operation 184 [1/1] (0.70ns) (share mux size 5)   --->   "%muxLogicRAMAddr_to_store_ln126 = muxlogic i6 %current_token_20_addr"   --->   Operation 184 'muxlogic' 'muxLogicRAMAddr_to_store_ln126' <Predicate = (trunc_ln124 == 2)> <Delay = 0.70>
ST_3 : Operation 185 [1/1] ( I:0.62ns O:0.62ns ) (share mux size 10)   --->   "%store_ln126 = store i32 %tmp_4, i6 %current_token_20_addr" [llama_layer.cpp:126]   --->   Operation 185 'store' 'store_ln126' <Predicate = (trunc_ln124 == 2)> <Delay = 0.62> <CoreInst = "RAM_2P_BRAM">   --->   Core 97 'RAM_2P_BRAM' <Latency = 1> <II = 1> <Delay = 0.88> <Storage> <Opcode : 'load' 'store'> <Ports = 2> <Width = 32> <Depth = 48> <RAM>
ST_3 : Operation 186 [1/1] (0.00ns)   --->   "%br_ln126 = br void %arrayidx23.exit" [llama_layer.cpp:126]   --->   Operation 186 'br' 'br_ln126' <Predicate = (trunc_ln124 == 2)> <Delay = 0.00>
ST_3 : Operation 187 [1/1] (0.70ns) (share mux size 5)   --->   "%muxLogicRAMData_to_store_ln126 = muxlogic i32 %tmp_4"   --->   Operation 187 'muxlogic' 'muxLogicRAMData_to_store_ln126' <Predicate = (trunc_ln124 == 1)> <Delay = 0.70>
ST_3 : Operation 188 [1/1] (0.70ns) (share mux size 5)   --->   "%muxLogicRAMAddr_to_store_ln126 = muxlogic i6 %current_token_19_addr"   --->   Operation 188 'muxlogic' 'muxLogicRAMAddr_to_store_ln126' <Predicate = (trunc_ln124 == 1)> <Delay = 0.70>
ST_3 : Operation 189 [1/1] ( I:0.62ns O:0.62ns ) (share mux size 10)   --->   "%store_ln126 = store i32 %tmp_4, i6 %current_token_19_addr" [llama_layer.cpp:126]   --->   Operation 189 'store' 'store_ln126' <Predicate = (trunc_ln124 == 1)> <Delay = 0.62> <CoreInst = "RAM_2P_BRAM">   --->   Core 97 'RAM_2P_BRAM' <Latency = 1> <II = 1> <Delay = 0.88> <Storage> <Opcode : 'load' 'store'> <Ports = 2> <Width = 32> <Depth = 48> <RAM>
ST_3 : Operation 190 [1/1] (0.00ns)   --->   "%br_ln126 = br void %arrayidx23.exit" [llama_layer.cpp:126]   --->   Operation 190 'br' 'br_ln126' <Predicate = (trunc_ln124 == 1)> <Delay = 0.00>
ST_3 : Operation 191 [1/1] (0.70ns) (share mux size 5)   --->   "%muxLogicRAMData_to_store_ln126 = muxlogic i32 %tmp_4"   --->   Operation 191 'muxlogic' 'muxLogicRAMData_to_store_ln126' <Predicate = (trunc_ln124 == 0)> <Delay = 0.70>
ST_3 : Operation 192 [1/1] (0.70ns) (share mux size 5)   --->   "%muxLogicRAMAddr_to_store_ln126 = muxlogic i6 %current_token_addr"   --->   Operation 192 'muxlogic' 'muxLogicRAMAddr_to_store_ln126' <Predicate = (trunc_ln124 == 0)> <Delay = 0.70>
ST_3 : Operation 193 [1/1] ( I:0.62ns O:0.62ns ) (share mux size 10)   --->   "%store_ln126 = store i32 %tmp_4, i6 %current_token_addr" [llama_layer.cpp:126]   --->   Operation 193 'store' 'store_ln126' <Predicate = (trunc_ln124 == 0)> <Delay = 0.62> <CoreInst = "RAM_2P_BRAM">   --->   Core 97 'RAM_2P_BRAM' <Latency = 1> <II = 1> <Delay = 0.88> <Storage> <Opcode : 'load' 'store'> <Ports = 2> <Width = 32> <Depth = 48> <RAM>
ST_3 : Operation 194 [1/1] (0.00ns)   --->   "%br_ln126 = br void %arrayidx23.exit" [llama_layer.cpp:126]   --->   Operation 194 'br' 'br_ln126' <Predicate = (trunc_ln124 == 0)> <Delay = 0.00>
ST_3 : Operation 195 [1/1] (0.70ns) (share mux size 5)   --->   "%muxLogicRAMData_to_store_ln126 = muxlogic i32 %tmp_4"   --->   Operation 195 'muxlogic' 'muxLogicRAMData_to_store_ln126' <Predicate = (trunc_ln124 == 15)> <Delay = 0.70>
ST_3 : Operation 196 [1/1] (0.70ns) (share mux size 5)   --->   "%muxLogicRAMAddr_to_store_ln126 = muxlogic i6 %llama_layer_current_token"   --->   Operation 196 'muxlogic' 'muxLogicRAMAddr_to_store_ln126' <Predicate = (trunc_ln124 == 15)> <Delay = 0.70>
ST_3 : Operation 197 [1/1] ( I:0.62ns O:0.62ns ) (share mux size 10)   --->   "%store_ln126 = store i32 %tmp_4, i6 %llama_layer_current_token" [llama_layer.cpp:126]   --->   Operation 197 'store' 'store_ln126' <Predicate = (trunc_ln124 == 15)> <Delay = 0.62> <CoreInst = "RAM_2P_BRAM">   --->   Core 97 'RAM_2P_BRAM' <Latency = 1> <II = 1> <Delay = 0.88> <Storage> <Opcode : 'load' 'store'> <Ports = 2> <Width = 32> <Depth = 48> <RAM>
ST_3 : Operation 198 [1/1] (0.00ns)   --->   "%br_ln126 = br void %arrayidx23.exit" [llama_layer.cpp:126]   --->   Operation 198 'br' 'br_ln126' <Predicate = (trunc_ln124 == 15)> <Delay = 0.00>


============================================================
+ Verbose Summary: Timing violations
============================================================
Target clock period: 4.000ns, clock uncertainty: 1.080ns.

 <State 1>: 2.049ns
The critical path consists of the following:
	'store' operation 0 bit ('store_ln124', llama_layer.cpp:124) of constant 0 on local variable 'i', llama_layer.cpp:124 [66]  (0.393 ns)
	'load' operation 10 bit ('i', llama_layer.cpp:124) on local variable 'i', llama_layer.cpp:124 [69]  (0.000 ns)
	'icmp' operation 1 bit ('icmp_ln124', llama_layer.cpp:124) [71]  (0.607 ns)
	'muxlogic' operation 32 bit ('muxLogicRAMAddr_to_norm_output_load') [96]  (0.421 ns)
	'load' operation 32 bit ('norm_output_load', llama_layer.cpp:126) on array 'norm_output' [97]  (0.628 ns)

 <State 2>: 1.673ns
The critical path consists of the following:
	'load' operation 32 bit ('norm_output_load', llama_layer.cpp:126) on array 'norm_output' [97]  (0.883 ns)
	'sparsemux' operation 32 bit ('tmp_4', llama_layer.cpp:126) [128]  (0.790 ns)

 <State 3>: 1.333ns
The critical path consists of the following:
	'muxlogic' operation 0 bit ('muxLogicRAMData_to_store_ln126') [202]  (0.705 ns)
	blocking operation 0.628 ns on control path)


============================================================
+ Verbose Summary: Binding
============================================================
N/A
* FSMD analyzer results:
  - Output states:
 - Input state : 
  - Chain level:
	State 1
	State 2
	State 3


============================================================
+ Verbose Summary: Datapath Resource usage 
============================================================
N/A
