

================================================================
== Vitis HLS Report for 'matmul_245_255_1'
================================================================
* Date:           Thu Oct  2 22:21:14 2025

* Version:        2025.1 (Build 6135595 on May 21 2025)
* Project:        llama_layer_prj
* Solution:       solution1 (Vivado IP Flow Target)
* Product family: versalhbm
* Target device:  xcv80-lsva4737-2MHP-e-S


================================================================
== Performance Estimates
================================================================
+ Timing: 
    * Summary: 
    +--------+---------+----------+------------+
    |  Clock |  Target | Estimated| Uncertainty|
    +--------+---------+----------+------------+
    |ap_clk  |  4.00 ns|  3.906 ns|     1.08 ns|
    +--------+---------+----------+------------+

+ Latency: 
    * Summary: 
    +---------+---------+----------+----------+--------+--------+----------+
    |  Latency (cycles) |  Latency (absolute) |     Interval    | Pipeline |
    |   min   |   max   |    min   |    max   |   min  |   max  |   Type   |
    +---------+---------+----------+----------+--------+--------+----------+
    |   590629|   590629|  2.363 ms|  2.363 ms|  590604|  590604|  dataflow|
    +---------+---------+----------+----------+--------+--------+----------+

    + Detail: 
        * Instance: 
        +--------------------------------------------------------+---------------------------------------------+---------+---------+----------+----------+--------+--------+------------------------------------------------+
        |                                                        |                                             |  Latency (cycles) |  Latency (absolute) |     Interval    |                    Pipeline                    |
        |                        Instance                        |                    Module                   |   min   |   max   |    min   |    max   |   min  |   max  |                      Type                      |
        +--------------------------------------------------------+---------------------------------------------+---------+---------+----------+----------+--------+--------+------------------------------------------------+
        |grp_load_vec_10_fu_148                                  |load_vec_10                                  |     1585|     1585|  6.340 us|  6.340 us|    1585|    1585|                                              no|
        |grp_load_mat_burst_11_fu_185                            |load_mat_burst_11                            |   589838|   589838|  2.359 ms|  2.359 ms|  589837|  589837|  loop auto-rewind stp (delay=0 clock cycles(s))|
        |grp_compute_vec_mat_12_fu_194                           |compute_vec_mat_12                           |   590603|   590603|  2.362 ms|  2.362 ms|  590603|  590603|                                              no|
        |grp_matmul_245_255_1_Loop_VITIS_LOOP_112_1_proc_fu_201  |matmul_245_255_1_Loop_VITIS_LOOP_112_1_proc  |      770|      770|  3.080 us|  3.080 us|     769|     769|  loop auto-rewind stp (delay=0 clock cycles(s))|
        +--------------------------------------------------------+---------------------------------------------+---------+---------+----------+----------+--------+--------+------------------------------------------------+

        * Loop: 
        N/A

============================================================
+ Verbose Summary: Synthesis Manager
============================================================
InlineROM: 1
ExposeGlobal: 0
============================================================
+ Verbose Summary: CDFG Model
============================================================
IsTopModel: 0
ResetActiveHigh: 1
IsCombinational: 2
IsDatapathOnly: 0
HasWiredReturn: 1
HasMFsm: 0
HasVarLatency: 1
IsPipeline: 0
IsRtlPipelined: 0
IsInstanceOverlapped: 0
IsDontTouch: 0
HasImplIP: 0
IsGatedGlobalClock: 0


============================================================
+ Verbose Summary: Schedule
============================================================
* Number of FSM states : 6
* Pipeline : 0
* Dataflow Pipeline: 1
  DF-Pipeline-0: Size = 6, States = { 1 2 3 4 5 6 }

* FSM state transitions: 
1 --> 2 
2 --> 3 
3 --> 4 
4 --> 5 
5 --> 6 
6 --> 

* FSM state operations: 

State 1 <SV = 0> <Delay = 0.00>
ST_1 : Operation 7 [1/1] (0.00ns)   --->   "%i_mat_read = read i64 @_ssdm_op_Read.ap_auto.i64, i64 %i_mat"   --->   Operation 7 'read' 'i_mat_read' <Predicate = true> <Delay = 0.00>
ST_1 : Operation 8 [1/1] (0.00ns)   --->   "%vec_stream = alloca i64 1" [kernel_MatMul.cpp:95]   --->   Operation 8 'alloca' 'vec_stream' <Predicate = true> <Delay = 0.00> <CoreInst = "FIFO">   --->   Core 81 'FIFO' <Latency = 0> <II = 1> <Delay = 1.12> <Storage> <Opcode : 'read' 'write' 'nbread' 'nbwrite'> <Ports = 0> <Width = 32> <Depth = 128> <FIFO>
ST_1 : Operation 9 [1/1] (0.00ns)   --->   "%mat_stream = alloca i64 1" [kernel_MatMul.cpp:96]   --->   Operation 9 'alloca' 'mat_stream' <Predicate = true> <Delay = 0.00> <CoreInst = "FIFO">   --->   Core 81 'FIFO' <Latency = 0> <II = 1> <Delay = 1.15> <Storage> <Opcode : 'read' 'write' 'nbread' 'nbwrite'> <Ports = 0> <Width = 32> <Depth = 256> <FIFO>
ST_1 : Operation 10 [1/1] (0.00ns)   --->   "%res_stream = alloca i64 1" [kernel_MatMul.cpp:97]   --->   Operation 10 'alloca' 'res_stream' <Predicate = true> <Delay = 0.00> <CoreInst = "FIFO">   --->   Core 81 'FIFO' <Latency = 0> <II = 1> <Delay = 0.98> <Storage> <Opcode : 'read' 'write' 'nbread' 'nbwrite'> <Ports = 0> <Width = 32> <Depth = 64> <FIFO>
ST_1 : Operation 11 [2/2] (0.00ns)   --->   "%call_ln104 = call void @load_vec.10, i32 %vec_stream, i32 %p_ZZ11llama_layerE13current_token_10, i32 %p_ZZ11llama_layerE13current_token_11, i32 %p_ZZ11llama_layerE13current_token_12, i32 %p_ZZ11llama_layerE13current_token_13, i32 %p_ZZ11llama_layerE13current_token_14, i32 %p_ZZ11llama_layerE13current_token_15, i32 %current_token, i32 %current_token_19, i32 %current_token_20, i32 %current_token_21, i32 %current_token_22, i32 %current_token_23, i32 %current_token_24, i32 %current_token_25, i32 %current_token_26, i32 %current_token_27" [kernel_MatMul.cpp:104]   --->   Operation 11 'call' 'call_ln104' <Predicate = true> <Delay = 0.00> <CoreType = "Generic">   --->   Generic Core
ST_1 : Operation 12 [2/2] (0.00ns)   --->   "%call_ln106 = call void @load_mat_burst.11, i32 %gmem2, i64 %i_mat_read, i32 %mat_stream" [kernel_MatMul.cpp:106]   --->   Operation 12 'call' 'call_ln106' <Predicate = true> <Delay = 0.00> <CoreType = "Generic">   --->   Generic Core

State 2 <SV = 1> <Delay = 0.59>
ST_2 : Operation 13 [1/2] (0.59ns)   --->   "%call_ln104 = call void @load_vec.10, i32 %vec_stream, i32 %p_ZZ11llama_layerE13current_token_10, i32 %p_ZZ11llama_layerE13current_token_11, i32 %p_ZZ11llama_layerE13current_token_12, i32 %p_ZZ11llama_layerE13current_token_13, i32 %p_ZZ11llama_layerE13current_token_14, i32 %p_ZZ11llama_layerE13current_token_15, i32 %current_token, i32 %current_token_19, i32 %current_token_20, i32 %current_token_21, i32 %current_token_22, i32 %current_token_23, i32 %current_token_24, i32 %current_token_25, i32 %current_token_26, i32 %current_token_27" [kernel_MatMul.cpp:104]   --->   Operation 13 'call' 'call_ln104' <Predicate = true> <Delay = 0.59> <CoreType = "Generic">   --->   Generic Core
ST_2 : Operation 14 [1/2] (0.00ns)   --->   "%call_ln106 = call void @load_mat_burst.11, i32 %gmem2, i64 %i_mat_read, i32 %mat_stream" [kernel_MatMul.cpp:106]   --->   Operation 14 'call' 'call_ln106' <Predicate = true> <Delay = 0.00> <CoreType = "Generic">   --->   Generic Core

State 3 <SV = 2> <Delay = 0.00>
ST_3 : Operation 15 [2/2] (0.00ns)   --->   "%call_ln109 = call void @compute_vec_mat.12, i32 %vec_stream, i32 %mat_stream, i32 %res_stream" [kernel_MatMul.cpp:109]   --->   Operation 15 'call' 'call_ln109' <Predicate = true> <Delay = 0.00> <CoreType = "Generic">   --->   Generic Core

State 4 <SV = 3> <Delay = 0.00>
ST_4 : Operation 16 [1/2] (0.00ns)   --->   "%call_ln109 = call void @compute_vec_mat.12, i32 %vec_stream, i32 %mat_stream, i32 %res_stream" [kernel_MatMul.cpp:109]   --->   Operation 16 'call' 'call_ln109' <Predicate = true> <Delay = 0.00> <CoreType = "Generic">   --->   Generic Core

State 5 <SV = 4> <Delay = 0.00>
ST_5 : Operation 17 [2/2] (0.00ns)   --->   "%call_ln112 = call void @matmul.245.255.1_Loop_VITIS_LOOP_112_1_proc, i32 %o_vec_15, i32 %o_vec_14, i32 %o_vec_13, i32 %o_vec_12, i32 %o_vec_11, i32 %o_vec_10, i32 %o_vec_9, i32 %o_vec_8, i32 %o_vec_7, i32 %o_vec_6, i32 %o_vec_5, i32 %o_vec_4, i32 %o_vec_3, i32 %o_vec_2, i32 %o_vec_1, i32 %o_vec_0, i32 %res_stream" [kernel_MatMul.cpp:112]   --->   Operation 17 'call' 'call_ln112' <Predicate = true> <Delay = 0.00> <CoreType = "Generic">   --->   Generic Core

State 6 <SV = 5> <Delay = 1.28>
ST_6 : Operation 18 [1/1] (0.00ns)   --->   "%specstablecontent_ln0 = specstablecontent void @_ssdm_op_SpecStableContent, i32 %current_token_27, i1 1, void @p_str"   --->   Operation 18 'specstablecontent' 'specstablecontent_ln0' <Predicate = true> <Delay = 0.00>
ST_6 : Operation 19 [1/1] (0.00ns)   --->   "%specstablecontent_ln0 = specstablecontent void @_ssdm_op_SpecStableContent, i32 %current_token_26, i1 1, void @p_str"   --->   Operation 19 'specstablecontent' 'specstablecontent_ln0' <Predicate = true> <Delay = 0.00>
ST_6 : Operation 20 [1/1] (0.00ns)   --->   "%specstablecontent_ln0 = specstablecontent void @_ssdm_op_SpecStableContent, i32 %current_token_25, i1 1, void @p_str"   --->   Operation 20 'specstablecontent' 'specstablecontent_ln0' <Predicate = true> <Delay = 0.00>
ST_6 : Operation 21 [1/1] (0.00ns)   --->   "%specstablecontent_ln0 = specstablecontent void @_ssdm_op_SpecStableContent, i32 %current_token_24, i1 1, void @p_str"   --->   Operation 21 'specstablecontent' 'specstablecontent_ln0' <Predicate = true> <Delay = 0.00>
ST_6 : Operation 22 [1/1] (0.00ns)   --->   "%specstablecontent_ln0 = specstablecontent void @_ssdm_op_SpecStableContent, i32 %current_token_23, i1 1, void @p_str"   --->   Operation 22 'specstablecontent' 'specstablecontent_ln0' <Predicate = true> <Delay = 0.00>
ST_6 : Operation 23 [1/1] (0.00ns)   --->   "%specstablecontent_ln0 = specstablecontent void @_ssdm_op_SpecStableContent, i32 %current_token_22, i1 1, void @p_str"   --->   Operation 23 'specstablecontent' 'specstablecontent_ln0' <Predicate = true> <Delay = 0.00>
ST_6 : Operation 24 [1/1] (0.00ns)   --->   "%specstablecontent_ln0 = specstablecontent void @_ssdm_op_SpecStableContent, i32 %current_token_21, i1 1, void @p_str"   --->   Operation 24 'specstablecontent' 'specstablecontent_ln0' <Predicate = true> <Delay = 0.00>
ST_6 : Operation 25 [1/1] (0.00ns)   --->   "%specstablecontent_ln0 = specstablecontent void @_ssdm_op_SpecStableContent, i32 %current_token_20, i1 1, void @p_str"   --->   Operation 25 'specstablecontent' 'specstablecontent_ln0' <Predicate = true> <Delay = 0.00>
ST_6 : Operation 26 [1/1] (0.00ns)   --->   "%specstablecontent_ln0 = specstablecontent void @_ssdm_op_SpecStableContent, i32 %current_token_19, i1 1, void @p_str"   --->   Operation 26 'specstablecontent' 'specstablecontent_ln0' <Predicate = true> <Delay = 0.00>
ST_6 : Operation 27 [1/1] (0.00ns)   --->   "%specstablecontent_ln0 = specstablecontent void @_ssdm_op_SpecStableContent, i32 %current_token, i1 1, void @p_str"   --->   Operation 27 'specstablecontent' 'specstablecontent_ln0' <Predicate = true> <Delay = 0.00>
ST_6 : Operation 28 [1/1] (0.00ns)   --->   "%specstablecontent_ln0 = specstablecontent void @_ssdm_op_SpecStableContent, i32 %p_ZZ11llama_layerE13current_token_15, i1 1, void @p_str"   --->   Operation 28 'specstablecontent' 'specstablecontent_ln0' <Predicate = true> <Delay = 0.00>
ST_6 : Operation 29 [1/1] (0.00ns)   --->   "%specstablecontent_ln0 = specstablecontent void @_ssdm_op_SpecStableContent, i32 %p_ZZ11llama_layerE13current_token_14, i1 1, void @p_str"   --->   Operation 29 'specstablecontent' 'specstablecontent_ln0' <Predicate = true> <Delay = 0.00>
ST_6 : Operation 30 [1/1] (0.00ns)   --->   "%specstablecontent_ln0 = specstablecontent void @_ssdm_op_SpecStableContent, i32 %p_ZZ11llama_layerE13current_token_13, i1 1, void @p_str"   --->   Operation 30 'specstablecontent' 'specstablecontent_ln0' <Predicate = true> <Delay = 0.00>
ST_6 : Operation 31 [1/1] (0.00ns)   --->   "%specstablecontent_ln0 = specstablecontent void @_ssdm_op_SpecStableContent, i32 %p_ZZ11llama_layerE13current_token_12, i1 1, void @p_str"   --->   Operation 31 'specstablecontent' 'specstablecontent_ln0' <Predicate = true> <Delay = 0.00>
ST_6 : Operation 32 [1/1] (0.00ns)   --->   "%specstablecontent_ln0 = specstablecontent void @_ssdm_op_SpecStableContent, i32 %p_ZZ11llama_layerE13current_token_11, i1 1, void @p_str"   --->   Operation 32 'specstablecontent' 'specstablecontent_ln0' <Predicate = true> <Delay = 0.00>
ST_6 : Operation 33 [1/1] (0.00ns)   --->   "%specstablecontent_ln0 = specstablecontent void @_ssdm_op_SpecStableContent, i32 %p_ZZ11llama_layerE13current_token_10, i1 1, void @p_str"   --->   Operation 33 'specstablecontent' 'specstablecontent_ln0' <Predicate = true> <Delay = 0.00>
ST_6 : Operation 34 [1/1] (0.00ns)   --->   "%specstablecontent_ln0 = specstablecontent void @_ssdm_op_SpecStableContent, i64 %i_mat, i1 1, void @p_str"   --->   Operation 34 'specstablecontent' 'specstablecontent_ln0' <Predicate = true> <Delay = 0.00>
ST_6 : Operation 35 [1/1] (0.00ns)   --->   "%specstablecontent_ln0 = specstablecontent void @_ssdm_op_SpecStableContent, i32 %gmem2, i1 1, void @p_str"   --->   Operation 35 'specstablecontent' 'specstablecontent_ln0' <Predicate = true> <Delay = 0.00>
ST_6 : Operation 36 [1/1] (0.00ns)   --->   "%specmemcore_ln0 = specmemcore void @_ssdm_op_SpecMemCore, i32 %current_token, i64 666, i64 22, i64 18446744073709551615"   --->   Operation 36 'specmemcore' 'specmemcore_ln0' <Predicate = true> <Delay = 0.00>
ST_6 : Operation 37 [1/1] (0.00ns)   --->   "%specmemcore_ln0 = specmemcore void @_ssdm_op_SpecMemCore, i32 %current_token_19, i64 666, i64 22, i64 18446744073709551615"   --->   Operation 37 'specmemcore' 'specmemcore_ln0' <Predicate = true> <Delay = 0.00>
ST_6 : Operation 38 [1/1] (0.00ns)   --->   "%specmemcore_ln0 = specmemcore void @_ssdm_op_SpecMemCore, i32 %current_token_20, i64 666, i64 22, i64 18446744073709551615"   --->   Operation 38 'specmemcore' 'specmemcore_ln0' <Predicate = true> <Delay = 0.00>
ST_6 : Operation 39 [1/1] (0.00ns)   --->   "%specmemcore_ln0 = specmemcore void @_ssdm_op_SpecMemCore, i32 %current_token_21, i64 666, i64 22, i64 18446744073709551615"   --->   Operation 39 'specmemcore' 'specmemcore_ln0' <Predicate = true> <Delay = 0.00>
ST_6 : Operation 40 [1/1] (0.00ns)   --->   "%specmemcore_ln0 = specmemcore void @_ssdm_op_SpecMemCore, i32 %current_token_22, i64 666, i64 22, i64 18446744073709551615"   --->   Operation 40 'specmemcore' 'specmemcore_ln0' <Predicate = true> <Delay = 0.00>
ST_6 : Operation 41 [1/1] (0.00ns)   --->   "%specmemcore_ln0 = specmemcore void @_ssdm_op_SpecMemCore, i32 %current_token_23, i64 666, i64 22, i64 18446744073709551615"   --->   Operation 41 'specmemcore' 'specmemcore_ln0' <Predicate = true> <Delay = 0.00>
ST_6 : Operation 42 [1/1] (0.00ns)   --->   "%specmemcore_ln0 = specmemcore void @_ssdm_op_SpecMemCore, i32 %current_token_24, i64 666, i64 22, i64 18446744073709551615"   --->   Operation 42 'specmemcore' 'specmemcore_ln0' <Predicate = true> <Delay = 0.00>
ST_6 : Operation 43 [1/1] (0.00ns)   --->   "%specmemcore_ln0 = specmemcore void @_ssdm_op_SpecMemCore, i32 %current_token_25, i64 666, i64 22, i64 18446744073709551615"   --->   Operation 43 'specmemcore' 'specmemcore_ln0' <Predicate = true> <Delay = 0.00>
ST_6 : Operation 44 [1/1] (0.00ns)   --->   "%specmemcore_ln0 = specmemcore void @_ssdm_op_SpecMemCore, i32 %current_token_26, i64 666, i64 22, i64 18446744073709551615"   --->   Operation 44 'specmemcore' 'specmemcore_ln0' <Predicate = true> <Delay = 0.00>
ST_6 : Operation 45 [1/1] (0.00ns)   --->   "%specmemcore_ln0 = specmemcore void @_ssdm_op_SpecMemCore, i32 %current_token_27, i64 666, i64 22, i64 18446744073709551615"   --->   Operation 45 'specmemcore' 'specmemcore_ln0' <Predicate = true> <Delay = 0.00>
ST_6 : Operation 46 [1/1] (0.00ns)   --->   "%specmemcore_ln0 = specmemcore void @_ssdm_op_SpecMemCore, i32 %p_ZZ11llama_layerE13current_token_10, i64 666, i64 22, i64 18446744073709551615"   --->   Operation 46 'specmemcore' 'specmemcore_ln0' <Predicate = true> <Delay = 0.00>
ST_6 : Operation 47 [1/1] (0.00ns)   --->   "%specmemcore_ln0 = specmemcore void @_ssdm_op_SpecMemCore, i32 %p_ZZ11llama_layerE13current_token_11, i64 666, i64 22, i64 18446744073709551615"   --->   Operation 47 'specmemcore' 'specmemcore_ln0' <Predicate = true> <Delay = 0.00>
ST_6 : Operation 48 [1/1] (0.00ns)   --->   "%specmemcore_ln0 = specmemcore void @_ssdm_op_SpecMemCore, i32 %p_ZZ11llama_layerE13current_token_12, i64 666, i64 22, i64 18446744073709551615"   --->   Operation 48 'specmemcore' 'specmemcore_ln0' <Predicate = true> <Delay = 0.00>
ST_6 : Operation 49 [1/1] (0.00ns)   --->   "%specmemcore_ln0 = specmemcore void @_ssdm_op_SpecMemCore, i32 %p_ZZ11llama_layerE13current_token_13, i64 666, i64 22, i64 18446744073709551615"   --->   Operation 49 'specmemcore' 'specmemcore_ln0' <Predicate = true> <Delay = 0.00>
ST_6 : Operation 50 [1/1] (0.00ns)   --->   "%specmemcore_ln0 = specmemcore void @_ssdm_op_SpecMemCore, i32 %p_ZZ11llama_layerE13current_token_14, i64 666, i64 22, i64 18446744073709551615"   --->   Operation 50 'specmemcore' 'specmemcore_ln0' <Predicate = true> <Delay = 0.00>
ST_6 : Operation 51 [1/1] (0.00ns)   --->   "%specmemcore_ln0 = specmemcore void @_ssdm_op_SpecMemCore, i32 %p_ZZ11llama_layerE13current_token_15, i64 666, i64 22, i64 18446744073709551615"   --->   Operation 51 'specmemcore' 'specmemcore_ln0' <Predicate = true> <Delay = 0.00>
ST_6 : Operation 52 [1/1] (0.00ns)   --->   "%specdataflowpipeline_ln103 = specdataflowpipeline void @_ssdm_op_SpecDataflowPipeline, i32 4294967295, i32 0, void @empty_107" [kernel_MatMul.cpp:103]   --->   Operation 52 'specdataflowpipeline' 'specdataflowpipeline_ln103' <Predicate = true> <Delay = 0.00>
ST_6 : Operation 53 [1/1] (0.00ns)   --->   "%specmemcore_ln0 = specmemcore void @_ssdm_op_SpecMemCore, i32 %o_vec_15, i64 666, i64 22, i64 18446744073709551615"   --->   Operation 53 'specmemcore' 'specmemcore_ln0' <Predicate = true> <Delay = 0.00>
ST_6 : Operation 54 [1/1] (0.00ns)   --->   "%specmemcore_ln0 = specmemcore void @_ssdm_op_SpecMemCore, i32 %o_vec_14, i64 666, i64 22, i64 18446744073709551615"   --->   Operation 54 'specmemcore' 'specmemcore_ln0' <Predicate = true> <Delay = 0.00>
ST_6 : Operation 55 [1/1] (0.00ns)   --->   "%specmemcore_ln0 = specmemcore void @_ssdm_op_SpecMemCore, i32 %o_vec_13, i64 666, i64 22, i64 18446744073709551615"   --->   Operation 55 'specmemcore' 'specmemcore_ln0' <Predicate = true> <Delay = 0.00>
ST_6 : Operation 56 [1/1] (0.00ns)   --->   "%specmemcore_ln0 = specmemcore void @_ssdm_op_SpecMemCore, i32 %o_vec_12, i64 666, i64 22, i64 18446744073709551615"   --->   Operation 56 'specmemcore' 'specmemcore_ln0' <Predicate = true> <Delay = 0.00>
ST_6 : Operation 57 [1/1] (0.00ns)   --->   "%specmemcore_ln0 = specmemcore void @_ssdm_op_SpecMemCore, i32 %o_vec_11, i64 666, i64 22, i64 18446744073709551615"   --->   Operation 57 'specmemcore' 'specmemcore_ln0' <Predicate = true> <Delay = 0.00>
ST_6 : Operation 58 [1/1] (0.00ns)   --->   "%specmemcore_ln0 = specmemcore void @_ssdm_op_SpecMemCore, i32 %o_vec_10, i64 666, i64 22, i64 18446744073709551615"   --->   Operation 58 'specmemcore' 'specmemcore_ln0' <Predicate = true> <Delay = 0.00>
ST_6 : Operation 59 [1/1] (0.00ns)   --->   "%specmemcore_ln0 = specmemcore void @_ssdm_op_SpecMemCore, i32 %o_vec_9, i64 666, i64 22, i64 18446744073709551615"   --->   Operation 59 'specmemcore' 'specmemcore_ln0' <Predicate = true> <Delay = 0.00>
ST_6 : Operation 60 [1/1] (0.00ns)   --->   "%specmemcore_ln0 = specmemcore void @_ssdm_op_SpecMemCore, i32 %o_vec_8, i64 666, i64 22, i64 18446744073709551615"   --->   Operation 60 'specmemcore' 'specmemcore_ln0' <Predicate = true> <Delay = 0.00>
ST_6 : Operation 61 [1/1] (0.00ns)   --->   "%specmemcore_ln0 = specmemcore void @_ssdm_op_SpecMemCore, i32 %o_vec_7, i64 666, i64 22, i64 18446744073709551615"   --->   Operation 61 'specmemcore' 'specmemcore_ln0' <Predicate = true> <Delay = 0.00>
ST_6 : Operation 62 [1/1] (0.00ns)   --->   "%specmemcore_ln0 = specmemcore void @_ssdm_op_SpecMemCore, i32 %o_vec_6, i64 666, i64 22, i64 18446744073709551615"   --->   Operation 62 'specmemcore' 'specmemcore_ln0' <Predicate = true> <Delay = 0.00>
ST_6 : Operation 63 [1/1] (0.00ns)   --->   "%specmemcore_ln0 = specmemcore void @_ssdm_op_SpecMemCore, i32 %o_vec_5, i64 666, i64 22, i64 18446744073709551615"   --->   Operation 63 'specmemcore' 'specmemcore_ln0' <Predicate = true> <Delay = 0.00>
ST_6 : Operation 64 [1/1] (0.00ns)   --->   "%specmemcore_ln0 = specmemcore void @_ssdm_op_SpecMemCore, i32 %o_vec_4, i64 666, i64 22, i64 18446744073709551615"   --->   Operation 64 'specmemcore' 'specmemcore_ln0' <Predicate = true> <Delay = 0.00>
ST_6 : Operation 65 [1/1] (0.00ns)   --->   "%specmemcore_ln0 = specmemcore void @_ssdm_op_SpecMemCore, i32 %o_vec_3, i64 666, i64 22, i64 18446744073709551615"   --->   Operation 65 'specmemcore' 'specmemcore_ln0' <Predicate = true> <Delay = 0.00>
ST_6 : Operation 66 [1/1] (0.00ns)   --->   "%specmemcore_ln0 = specmemcore void @_ssdm_op_SpecMemCore, i32 %o_vec_2, i64 666, i64 22, i64 18446744073709551615"   --->   Operation 66 'specmemcore' 'specmemcore_ln0' <Predicate = true> <Delay = 0.00>
ST_6 : Operation 67 [1/1] (0.00ns)   --->   "%specmemcore_ln0 = specmemcore void @_ssdm_op_SpecMemCore, i32 %o_vec_1, i64 666, i64 22, i64 18446744073709551615"   --->   Operation 67 'specmemcore' 'specmemcore_ln0' <Predicate = true> <Delay = 0.00>
ST_6 : Operation 68 [1/1] (0.00ns)   --->   "%specmemcore_ln0 = specmemcore void @_ssdm_op_SpecMemCore, i32 %o_vec_0, i64 666, i64 22, i64 18446744073709551615"   --->   Operation 68 'specmemcore' 'specmemcore_ln0' <Predicate = true> <Delay = 0.00>
ST_6 : Operation 69 [1/1] (0.00ns)   --->   "%specinterface_ln0 = specinterface void @_ssdm_op_SpecInterface, i32 %gmem2, void @empty_51, i32 0, i32 0, void @empty_107, i32 0, i32 0, void @empty_55, void @empty_53, void @empty_107, i32 16, i32 16, i32 256, i32 16, void @empty_107, void @empty_107, i32 4294967295, i32 0, i32 0"   --->   Operation 69 'specinterface' 'specinterface_ln0' <Predicate = true> <Delay = 0.00>
ST_6 : Operation 70 [1/1] (0.00ns)   --->   "%empty = specchannel i32 @_ssdm_op_SpecChannel, void @vec_stream_str, i32 1, void @p_str, void @p_str, i32 128, i32 128, i32 %vec_stream, i32 %vec_stream"   --->   Operation 70 'specchannel' 'empty' <Predicate = true> <Delay = 0.00>
ST_6 : Operation 71 [1/1] (0.00ns)   --->   "%specinterface_ln0 = specinterface void @_ssdm_op_SpecInterface, i32 %vec_stream, void @empty_69, i32 0, i32 0, void @empty_107, i32 0, i32 0, void @empty_107, void @empty_107, void @empty_107, i32 0, i32 0, i32 0, i32 0, void @empty_107, void @empty_107, i32 4294967295, i32 0, i32 0"   --->   Operation 71 'specinterface' 'specinterface_ln0' <Predicate = true> <Delay = 0.00>
ST_6 : Operation 72 [1/1] (0.00ns)   --->   "%empty_184 = specchannel i32 @_ssdm_op_SpecChannel, void @mat_stream_str, i32 1, void @p_str, void @p_str, i32 256, i32 256, i32 %mat_stream, i32 %mat_stream"   --->   Operation 72 'specchannel' 'empty_184' <Predicate = true> <Delay = 0.00>
ST_6 : Operation 73 [1/1] (0.00ns)   --->   "%specinterface_ln0 = specinterface void @_ssdm_op_SpecInterface, i32 %mat_stream, void @empty_69, i32 0, i32 0, void @empty_107, i32 0, i32 0, void @empty_107, void @empty_107, void @empty_107, i32 0, i32 0, i32 0, i32 0, void @empty_107, void @empty_107, i32 4294967295, i32 0, i32 0"   --->   Operation 73 'specinterface' 'specinterface_ln0' <Predicate = true> <Delay = 0.00>
ST_6 : Operation 74 [1/1] (0.00ns)   --->   "%empty_185 = specchannel i32 @_ssdm_op_SpecChannel, void @res_stream_str, i32 1, void @p_str, void @p_str, i32 64, i32 64, i32 %res_stream, i32 %res_stream"   --->   Operation 74 'specchannel' 'empty_185' <Predicate = true> <Delay = 0.00>
ST_6 : Operation 75 [1/1] (0.00ns)   --->   "%specinterface_ln0 = specinterface void @_ssdm_op_SpecInterface, i32 %res_stream, void @empty_69, i32 0, i32 0, void @empty_107, i32 0, i32 0, void @empty_107, void @empty_107, void @empty_107, i32 0, i32 0, i32 0, i32 0, void @empty_107, void @empty_107, i32 4294967295, i32 0, i32 0"   --->   Operation 75 'specinterface' 'specinterface_ln0' <Predicate = true> <Delay = 0.00>
ST_6 : Operation 76 [1/2] (1.28ns)   --->   "%call_ln112 = call void @matmul.245.255.1_Loop_VITIS_LOOP_112_1_proc, i32 %o_vec_15, i32 %o_vec_14, i32 %o_vec_13, i32 %o_vec_12, i32 %o_vec_11, i32 %o_vec_10, i32 %o_vec_9, i32 %o_vec_8, i32 %o_vec_7, i32 %o_vec_6, i32 %o_vec_5, i32 %o_vec_4, i32 %o_vec_3, i32 %o_vec_2, i32 %o_vec_1, i32 %o_vec_0, i32 %res_stream" [kernel_MatMul.cpp:112]   --->   Operation 76 'call' 'call_ln112' <Predicate = true> <Delay = 1.28> <CoreType = "Generic">   --->   Generic Core
ST_6 : Operation 77 [1/1] (0.00ns)   --->   "%ret_ln103 = ret" [kernel_MatMul.cpp:103]   --->   Operation 77 'ret' 'ret_ln103' <Predicate = true> <Delay = 0.00>


============================================================
+ Verbose Summary: Binding
============================================================
STG Binding: 
---------------- STG Properties BEGIN ----------------
- Is combinational: 0
- Is one-state seq: 0
- Is datapath-only: 0
- Is pipelined: 0
- Is top level: 0
Port [ Return ] is wired: 1; IO mode=ap_ctrl_hs:ce=0
Port [ o_vec_0]:  wired=1; compound=1; hidden=0; nouse=0; global=0; static=0; extern=0; dir=1; type=1; pingpong=0; private_global=0; MemPort=[30]; IO mode=ap_memory:ce=0
Port [ o_vec_1]:  wired=1; compound=1; hidden=0; nouse=0; global=0; static=0; extern=0; dir=1; type=1; pingpong=0; private_global=0; MemPort=[30]; IO mode=ap_memory:ce=0
Port [ o_vec_2]:  wired=1; compound=1; hidden=0; nouse=0; global=0; static=0; extern=0; dir=1; type=1; pingpong=0; private_global=0; MemPort=[30]; IO mode=ap_memory:ce=0
Port [ o_vec_3]:  wired=1; compound=1; hidden=0; nouse=0; global=0; static=0; extern=0; dir=1; type=1; pingpong=0; private_global=0; MemPort=[30]; IO mode=ap_memory:ce=0
Port [ o_vec_4]:  wired=1; compound=1; hidden=0; nouse=0; global=0; static=0; extern=0; dir=1; type=1; pingpong=0; private_global=0; MemPort=[30]; IO mode=ap_memory:ce=0
Port [ o_vec_5]:  wired=1; compound=1; hidden=0; nouse=0; global=0; static=0; extern=0; dir=1; type=1; pingpong=0; private_global=0; MemPort=[30]; IO mode=ap_memory:ce=0
Port [ o_vec_6]:  wired=1; compound=1; hidden=0; nouse=0; global=0; static=0; extern=0; dir=1; type=1; pingpong=0; private_global=0; MemPort=[30]; IO mode=ap_memory:ce=0
Port [ o_vec_7]:  wired=1; compound=1; hidden=0; nouse=0; global=0; static=0; extern=0; dir=1; type=1; pingpong=0; private_global=0; MemPort=[30]; IO mode=ap_memory:ce=0
Port [ o_vec_8]:  wired=1; compound=1; hidden=0; nouse=0; global=0; static=0; extern=0; dir=1; type=1; pingpong=0; private_global=0; MemPort=[30]; IO mode=ap_memory:ce=0
Port [ o_vec_9]:  wired=1; compound=1; hidden=0; nouse=0; global=0; static=0; extern=0; dir=1; type=1; pingpong=0; private_global=0; MemPort=[30]; IO mode=ap_memory:ce=0
Port [ o_vec_10]:  wired=1; compound=1; hidden=0; nouse=0; global=0; static=0; extern=0; dir=1; type=1; pingpong=0; private_global=0; MemPort=[30]; IO mode=ap_memory:ce=0
Port [ o_vec_11]:  wired=1; compound=1; hidden=0; nouse=0; global=0; static=0; extern=0; dir=1; type=1; pingpong=0; private_global=0; MemPort=[30]; IO mode=ap_memory:ce=0
Port [ o_vec_12]:  wired=1; compound=1; hidden=0; nouse=0; global=0; static=0; extern=0; dir=1; type=1; pingpong=0; private_global=0; MemPort=[30]; IO mode=ap_memory:ce=0
Port [ o_vec_13]:  wired=1; compound=1; hidden=0; nouse=0; global=0; static=0; extern=0; dir=1; type=1; pingpong=0; private_global=0; MemPort=[30]; IO mode=ap_memory:ce=0
Port [ o_vec_14]:  wired=1; compound=1; hidden=0; nouse=0; global=0; static=0; extern=0; dir=1; type=1; pingpong=0; private_global=0; MemPort=[30]; IO mode=ap_memory:ce=0
Port [ o_vec_15]:  wired=1; compound=1; hidden=0; nouse=0; global=0; static=0; extern=0; dir=1; type=1; pingpong=0; private_global=0; MemPort=[30]; IO mode=ap_memory:ce=0
Port [ gmem2]:  wired=1; compound=1; hidden=0; nouse=0; global=0; static=0; extern=0; dir=0; type=4; pingpong=0; private_global=0; IO mode=m_axi:ce=0
Port [ i_mat]:  wired=1; compound=0; hidden=0; nouse=0; global=0; static=0; extern=0; dir=0; type=0; pingpong=0; private_global=0; IO mode=ap_stable:ce=0
Port [ p_ZZ11llama_layerE13current_token_10]:  wired=1; compound=1; hidden=0; nouse=0; global=0; static=0; extern=0; dir=0; type=1; pingpong=0; private_global=0; MemPort=[13]; IO mode=ap_memory:ce=0
Port [ p_ZZ11llama_layerE13current_token_11]:  wired=1; compound=1; hidden=0; nouse=0; global=0; static=0; extern=0; dir=0; type=1; pingpong=0; private_global=0; MemPort=[13]; IO mode=ap_memory:ce=0
Port [ p_ZZ11llama_layerE13current_token_12]:  wired=1; compound=1; hidden=0; nouse=0; global=0; static=0; extern=0; dir=0; type=1; pingpong=0; private_global=0; MemPort=[13]; IO mode=ap_memory:ce=0
Port [ p_ZZ11llama_layerE13current_token_13]:  wired=1; compound=1; hidden=0; nouse=0; global=0; static=0; extern=0; dir=0; type=1; pingpong=0; private_global=0; MemPort=[13]; IO mode=ap_memory:ce=0
Port [ p_ZZ11llama_layerE13current_token_14]:  wired=1; compound=1; hidden=0; nouse=0; global=0; static=0; extern=0; dir=0; type=1; pingpong=0; private_global=0; MemPort=[13]; IO mode=ap_memory:ce=0
Port [ p_ZZ11llama_layerE13current_token_15]:  wired=1; compound=1; hidden=0; nouse=0; global=0; static=0; extern=0; dir=0; type=1; pingpong=0; private_global=0; MemPort=[13]; IO mode=ap_memory:ce=0
Port [ current_token]:  wired=1; compound=1; hidden=0; nouse=0; global=0; static=0; extern=0; dir=0; type=1; pingpong=0; private_global=0; MemPort=[13]; IO mode=ap_memory:ce=0
Port [ current_token_19]:  wired=1; compound=1; hidden=0; nouse=0; global=0; static=0; extern=0; dir=0; type=1; pingpong=0; private_global=0; MemPort=[13]; IO mode=ap_memory:ce=0
Port [ current_token_20]:  wired=1; compound=1; hidden=0; nouse=0; global=0; static=0; extern=0; dir=0; type=1; pingpong=0; private_global=0; MemPort=[13]; IO mode=ap_memory:ce=0
Port [ current_token_21]:  wired=1; compound=1; hidden=0; nouse=0; global=0; static=0; extern=0; dir=0; type=1; pingpong=0; private_global=0; MemPort=[13]; IO mode=ap_memory:ce=0
Port [ current_token_22]:  wired=1; compound=1; hidden=0; nouse=0; global=0; static=0; extern=0; dir=0; type=1; pingpong=0; private_global=0; MemPort=[13]; IO mode=ap_memory:ce=0
Port [ current_token_23]:  wired=1; compound=1; hidden=0; nouse=0; global=0; static=0; extern=0; dir=0; type=1; pingpong=0; private_global=0; MemPort=[13]; IO mode=ap_memory:ce=0
Port [ current_token_24]:  wired=1; compound=1; hidden=0; nouse=0; global=0; static=0; extern=0; dir=0; type=1; pingpong=0; private_global=0; MemPort=[13]; IO mode=ap_memory:ce=0
Port [ current_token_25]:  wired=1; compound=1; hidden=0; nouse=0; global=0; static=0; extern=0; dir=0; type=1; pingpong=0; private_global=0; MemPort=[13]; IO mode=ap_memory:ce=0
Port [ current_token_26]:  wired=1; compound=1; hidden=0; nouse=0; global=0; static=0; extern=0; dir=0; type=1; pingpong=0; private_global=0; MemPort=[13]; IO mode=ap_memory:ce=0
Port [ current_token_27]:  wired=1; compound=1; hidden=0; nouse=0; global=0; static=0; extern=0; dir=0; type=1; pingpong=0; private_global=0; MemPort=[13]; IO mode=ap_memory:ce=0
---------------- STG Properties END ------------------

---------------- Datapath Model BEGIN ----------------

<LifeTime>
<method=bitvector/>
i_mat_read                 (read                ) [ 0010000]
vec_stream                 (alloca              ) [ 0111111]
mat_stream                 (alloca              ) [ 0111111]
res_stream                 (alloca              ) [ 0011111]
call_ln104                 (call                ) [ 0000000]
call_ln106                 (call                ) [ 0000000]
call_ln109                 (call                ) [ 0000000]
specstablecontent_ln0      (specstablecontent   ) [ 0000000]
specstablecontent_ln0      (specstablecontent   ) [ 0000000]
specstablecontent_ln0      (specstablecontent   ) [ 0000000]
specstablecontent_ln0      (specstablecontent   ) [ 0000000]
specstablecontent_ln0      (specstablecontent   ) [ 0000000]
specstablecontent_ln0      (specstablecontent   ) [ 0000000]
specstablecontent_ln0      (specstablecontent   ) [ 0000000]
specstablecontent_ln0      (specstablecontent   ) [ 0000000]
specstablecontent_ln0      (specstablecontent   ) [ 0000000]
specstablecontent_ln0      (specstablecontent   ) [ 0000000]
specstablecontent_ln0      (specstablecontent   ) [ 0000000]
specstablecontent_ln0      (specstablecontent   ) [ 0000000]
specstablecontent_ln0      (specstablecontent   ) [ 0000000]
specstablecontent_ln0      (specstablecontent   ) [ 0000000]
specstablecontent_ln0      (specstablecontent   ) [ 0000000]
specstablecontent_ln0      (specstablecontent   ) [ 0000000]
specstablecontent_ln0      (specstablecontent   ) [ 0000000]
specstablecontent_ln0      (specstablecontent   ) [ 0000000]
specmemcore_ln0            (specmemcore         ) [ 0000000]
specmemcore_ln0            (specmemcore         ) [ 0000000]
specmemcore_ln0            (specmemcore         ) [ 0000000]
specmemcore_ln0            (specmemcore         ) [ 0000000]
specmemcore_ln0            (specmemcore         ) [ 0000000]
specmemcore_ln0            (specmemcore         ) [ 0000000]
specmemcore_ln0            (specmemcore         ) [ 0000000]
specmemcore_ln0            (specmemcore         ) [ 0000000]
specmemcore_ln0            (specmemcore         ) [ 0000000]
specmemcore_ln0            (specmemcore         ) [ 0000000]
specmemcore_ln0            (specmemcore         ) [ 0000000]
specmemcore_ln0            (specmemcore         ) [ 0000000]
specmemcore_ln0            (specmemcore         ) [ 0000000]
specmemcore_ln0            (specmemcore         ) [ 0000000]
specmemcore_ln0            (specmemcore         ) [ 0000000]
specmemcore_ln0            (specmemcore         ) [ 0000000]
specdataflowpipeline_ln103 (specdataflowpipeline) [ 0000000]
specmemcore_ln0            (specmemcore         ) [ 0000000]
specmemcore_ln0            (specmemcore         ) [ 0000000]
specmemcore_ln0            (specmemcore         ) [ 0000000]
specmemcore_ln0            (specmemcore         ) [ 0000000]
specmemcore_ln0            (specmemcore         ) [ 0000000]
specmemcore_ln0            (specmemcore         ) [ 0000000]
specmemcore_ln0            (specmemcore         ) [ 0000000]
specmemcore_ln0            (specmemcore         ) [ 0000000]
specmemcore_ln0            (specmemcore         ) [ 0000000]
specmemcore_ln0            (specmemcore         ) [ 0000000]
specmemcore_ln0            (specmemcore         ) [ 0000000]
specmemcore_ln0            (specmemcore         ) [ 0000000]
specmemcore_ln0            (specmemcore         ) [ 0000000]
specmemcore_ln0            (specmemcore         ) [ 0000000]
specmemcore_ln0            (specmemcore         ) [ 0000000]
specmemcore_ln0            (specmemcore         ) [ 0000000]
specinterface_ln0          (specinterface       ) [ 0000000]
empty                      (specchannel         ) [ 0000000]
specinterface_ln0          (specinterface       ) [ 0000000]
empty_184                  (specchannel         ) [ 0000000]
specinterface_ln0          (specinterface       ) [ 0000000]
empty_185                  (specchannel         ) [ 0000000]
specinterface_ln0          (specinterface       ) [ 0000000]
call_ln112                 (call                ) [ 0000000]
ret_ln103                  (ret                 ) [ 0000000]
</LifeTime>

<model>

<comp_list>
<comp id="0" class="1000" name="o_vec_0">
<pin_list>
<pin id="1" dir="1" index="0" bw="1" slack="0"/>
</pin_list>
<bind>
<StgValue><ssdm name="o_vec_0"/><MemPortTyVec>3 0 </MemPortTyVec>
</StgValue>
</bind>
</comp>

<comp id="2" class="1000" name="o_vec_1">
<pin_list>
<pin id="3" dir="1" index="0" bw="1" slack="0"/>
</pin_list>
<bind>
<StgValue><ssdm name="o_vec_1"/><MemPortTyVec>3 0 </MemPortTyVec>
</StgValue>
</bind>
</comp>

<comp id="4" class="1000" name="o_vec_2">
<pin_list>
<pin id="5" dir="1" index="0" bw="1" slack="0"/>
</pin_list>
<bind>
<StgValue><ssdm name="o_vec_2"/><MemPortTyVec>3 0 </MemPortTyVec>
</StgValue>
</bind>
</comp>

<comp id="6" class="1000" name="o_vec_3">
<pin_list>
<pin id="7" dir="1" index="0" bw="1" slack="0"/>
</pin_list>
<bind>
<StgValue><ssdm name="o_vec_3"/><MemPortTyVec>3 0 </MemPortTyVec>
</StgValue>
</bind>
</comp>

<comp id="8" class="1000" name="o_vec_4">
<pin_list>
<pin id="9" dir="1" index="0" bw="1" slack="0"/>
</pin_list>
<bind>
<StgValue><ssdm name="o_vec_4"/><MemPortTyVec>3 0 </MemPortTyVec>
</StgValue>
</bind>
</comp>

<comp id="10" class="1000" name="o_vec_5">
<pin_list>
<pin id="11" dir="1" index="0" bw="1" slack="0"/>
</pin_list>
<bind>
<StgValue><ssdm name="o_vec_5"/><MemPortTyVec>3 0 </MemPortTyVec>
</StgValue>
</bind>
</comp>

<comp id="12" class="1000" name="o_vec_6">
<pin_list>
<pin id="13" dir="1" index="0" bw="1" slack="0"/>
</pin_list>
<bind>
<StgValue><ssdm name="o_vec_6"/><MemPortTyVec>3 0 </MemPortTyVec>
</StgValue>
</bind>
</comp>

<comp id="14" class="1000" name="o_vec_7">
<pin_list>
<pin id="15" dir="1" index="0" bw="1" slack="0"/>
</pin_list>
<bind>
<StgValue><ssdm name="o_vec_7"/><MemPortTyVec>3 0 </MemPortTyVec>
</StgValue>
</bind>
</comp>

<comp id="16" class="1000" name="o_vec_8">
<pin_list>
<pin id="17" dir="1" index="0" bw="1" slack="0"/>
</pin_list>
<bind>
<StgValue><ssdm name="o_vec_8"/><MemPortTyVec>3 0 </MemPortTyVec>
</StgValue>
</bind>
</comp>

<comp id="18" class="1000" name="o_vec_9">
<pin_list>
<pin id="19" dir="1" index="0" bw="1" slack="0"/>
</pin_list>
<bind>
<StgValue><ssdm name="o_vec_9"/><MemPortTyVec>3 0 </MemPortTyVec>
</StgValue>
</bind>
</comp>

<comp id="20" class="1000" name="o_vec_10">
<pin_list>
<pin id="21" dir="1" index="0" bw="1" slack="0"/>
</pin_list>
<bind>
<StgValue><ssdm name="o_vec_10"/><MemPortTyVec>3 0 </MemPortTyVec>
</StgValue>
</bind>
</comp>

<comp id="22" class="1000" name="o_vec_11">
<pin_list>
<pin id="23" dir="1" index="0" bw="1" slack="0"/>
</pin_list>
<bind>
<StgValue><ssdm name="o_vec_11"/><MemPortTyVec>3 0 </MemPortTyVec>
</StgValue>
</bind>
</comp>

<comp id="24" class="1000" name="o_vec_12">
<pin_list>
<pin id="25" dir="1" index="0" bw="1" slack="0"/>
</pin_list>
<bind>
<StgValue><ssdm name="o_vec_12"/><MemPortTyVec>3 0 </MemPortTyVec>
</StgValue>
</bind>
</comp>

<comp id="26" class="1000" name="o_vec_13">
<pin_list>
<pin id="27" dir="1" index="0" bw="1" slack="0"/>
</pin_list>
<bind>
<StgValue><ssdm name="o_vec_13"/><MemPortTyVec>3 0 </MemPortTyVec>
</StgValue>
</bind>
</comp>

<comp id="28" class="1000" name="o_vec_14">
<pin_list>
<pin id="29" dir="1" index="0" bw="1" slack="0"/>
</pin_list>
<bind>
<StgValue><ssdm name="o_vec_14"/><MemPortTyVec>3 0 </MemPortTyVec>
</StgValue>
</bind>
</comp>

<comp id="30" class="1000" name="o_vec_15">
<pin_list>
<pin id="31" dir="1" index="0" bw="1" slack="0"/>
</pin_list>
<bind>
<StgValue><ssdm name="o_vec_15"/><MemPortTyVec>3 0 </MemPortTyVec>
</StgValue>
</bind>
</comp>

<comp id="32" class="1000" name="gmem2">
<pin_list>
<pin id="33" dir="1" index="0" bw="1" slack="0"/>
</pin_list>
<bind>
<StgValue><ssdm name="gmem2"/><MemPortTyVec>0 </MemPortTyVec>
</StgValue>
</bind>
</comp>

<comp id="34" class="1000" name="i_mat">
<pin_list>
<pin id="35" dir="1" index="0" bw="1" slack="0"/>
</pin_list>
<bind>
<StgValue><ssdm name="i_mat"/></StgValue>
</bind>
</comp>

<comp id="36" class="1000" name="p_ZZ11llama_layerE13current_token_10">
<pin_list>
<pin id="37" dir="1" index="0" bw="1" slack="0"/>
</pin_list>
<bind>
<StgValue><ssdm name="p_ZZ11llama_layerE13current_token_10"/><MemPortTyVec>1 3 </MemPortTyVec>
</StgValue>
</bind>
</comp>

<comp id="38" class="1000" name="p_ZZ11llama_layerE13current_token_11">
<pin_list>
<pin id="39" dir="1" index="0" bw="1" slack="0"/>
</pin_list>
<bind>
<StgValue><ssdm name="p_ZZ11llama_layerE13current_token_11"/><MemPortTyVec>1 3 </MemPortTyVec>
</StgValue>
</bind>
</comp>

<comp id="40" class="1000" name="p_ZZ11llama_layerE13current_token_12">
<pin_list>
<pin id="41" dir="1" index="0" bw="1" slack="0"/>
</pin_list>
<bind>
<StgValue><ssdm name="p_ZZ11llama_layerE13current_token_12"/><MemPortTyVec>1 3 </MemPortTyVec>
</StgValue>
</bind>
</comp>

<comp id="42" class="1000" name="p_ZZ11llama_layerE13current_token_13">
<pin_list>
<pin id="43" dir="1" index="0" bw="1" slack="0"/>
</pin_list>
<bind>
<StgValue><ssdm name="p_ZZ11llama_layerE13current_token_13"/><MemPortTyVec>1 3 </MemPortTyVec>
</StgValue>
</bind>
</comp>

<comp id="44" class="1000" name="p_ZZ11llama_layerE13current_token_14">
<pin_list>
<pin id="45" dir="1" index="0" bw="1" slack="0"/>
</pin_list>
<bind>
<StgValue><ssdm name="p_ZZ11llama_layerE13current_token_14"/><MemPortTyVec>1 3 </MemPortTyVec>
</StgValue>
</bind>
</comp>

<comp id="46" class="1000" name="p_ZZ11llama_layerE13current_token_15">
<pin_list>
<pin id="47" dir="1" index="0" bw="1" slack="0"/>
</pin_list>
<bind>
<StgValue><ssdm name="p_ZZ11llama_layerE13current_token_15"/><MemPortTyVec>1 3 </MemPortTyVec>
</StgValue>
</bind>
</comp>

<comp id="48" class="1000" name="current_token">
<pin_list>
<pin id="49" dir="1" index="0" bw="1" slack="0"/>
</pin_list>
<bind>
<StgValue><ssdm name="current_token"/><MemPortTyVec>1 3 </MemPortTyVec>
</StgValue>
</bind>
</comp>

<comp id="50" class="1000" name="current_token_19">
<pin_list>
<pin id="51" dir="1" index="0" bw="1" slack="0"/>
</pin_list>
<bind>
<StgValue><ssdm name="current_token_19"/><MemPortTyVec>1 3 </MemPortTyVec>
</StgValue>
</bind>
</comp>

<comp id="52" class="1000" name="current_token_20">
<pin_list>
<pin id="53" dir="1" index="0" bw="1" slack="0"/>
</pin_list>
<bind>
<StgValue><ssdm name="current_token_20"/><MemPortTyVec>1 3 </MemPortTyVec>
</StgValue>
</bind>
</comp>

<comp id="54" class="1000" name="current_token_21">
<pin_list>
<pin id="55" dir="1" index="0" bw="1" slack="0"/>
</pin_list>
<bind>
<StgValue><ssdm name="current_token_21"/><MemPortTyVec>1 3 </MemPortTyVec>
</StgValue>
</bind>
</comp>

<comp id="56" class="1000" name="current_token_22">
<pin_list>
<pin id="57" dir="1" index="0" bw="1" slack="0"/>
</pin_list>
<bind>
<StgValue><ssdm name="current_token_22"/><MemPortTyVec>1 3 </MemPortTyVec>
</StgValue>
</bind>
</comp>

<comp id="58" class="1000" name="current_token_23">
<pin_list>
<pin id="59" dir="1" index="0" bw="1" slack="0"/>
</pin_list>
<bind>
<StgValue><ssdm name="current_token_23"/><MemPortTyVec>1 3 </MemPortTyVec>
</StgValue>
</bind>
</comp>

<comp id="60" class="1000" name="current_token_24">
<pin_list>
<pin id="61" dir="1" index="0" bw="1" slack="0"/>
</pin_list>
<bind>
<StgValue><ssdm name="current_token_24"/><MemPortTyVec>1 3 </MemPortTyVec>
</StgValue>
</bind>
</comp>

<comp id="62" class="1000" name="current_token_25">
<pin_list>
<pin id="63" dir="1" index="0" bw="1" slack="0"/>
</pin_list>
<bind>
<StgValue><ssdm name="current_token_25"/><MemPortTyVec>1 3 </MemPortTyVec>
</StgValue>
</bind>
</comp>

<comp id="64" class="1000" name="current_token_26">
<pin_list>
<pin id="65" dir="1" index="0" bw="1" slack="0"/>
</pin_list>
<bind>
<StgValue><ssdm name="current_token_26"/><MemPortTyVec>1 3 </MemPortTyVec>
</StgValue>
</bind>
</comp>

<comp id="66" class="1000" name="current_token_27">
<pin_list>
<pin id="67" dir="1" index="0" bw="1" slack="0"/>
</pin_list>
<bind>
<StgValue><ssdm name="current_token_27"/><MemPortTyVec>1 3 </MemPortTyVec>
</StgValue>
</bind>
</comp>

<comp id="68" class="1001" name="const_68">
<pin_list>
<pin id="69" dir="1" index="0" bw="1" slack="0"/>
</pin_list>
<bind>
<StgValue><ssdm name="_ssdm_op_Read.ap_auto.i64"/></StgValue>
</bind>
</comp>

<comp id="70" class="1001" name="const_70">
<pin_list>
<pin id="71" dir="1" index="0" bw="1" slack="0"/>
</pin_list>
<bind>
<StgValue><ssdm name=""/></StgValue>
</bind>
</comp>

<comp id="72" class="1001" name="const_72">
<pin_list>
<pin id="73" dir="1" index="0" bw="1" slack="0"/>
</pin_list>
<bind>
<StgValue><ssdm name="load_vec.10"/></StgValue>
</bind>
</comp>

<comp id="74" class="1001" name="const_74">
<pin_list>
<pin id="75" dir="1" index="0" bw="1" slack="0"/>
</pin_list>
<bind>
<StgValue><ssdm name="load_mat_burst.11"/></StgValue>
</bind>
</comp>

<comp id="76" class="1001" name="const_76">
<pin_list>
<pin id="77" dir="1" index="0" bw="1" slack="0"/>
</pin_list>
<bind>
<StgValue><ssdm name="compute_vec_mat.12"/></StgValue>
</bind>
</comp>

<comp id="78" class="1001" name="const_78">
<pin_list>
<pin id="79" dir="1" index="0" bw="1" slack="0"/>
</pin_list>
<bind>
<StgValue><ssdm name="matmul.245.255.1_Loop_VITIS_LOOP_112_1_proc"/></StgValue>
</bind>
</comp>

<comp id="80" class="1001" name="const_80">
<pin_list>
<pin id="81" dir="1" index="0" bw="1" slack="2147483647"/>
</pin_list>
<bind>
<StgValue><ssdm name="_ssdm_op_SpecStableContent"/></StgValue>
</bind>
</comp>

<comp id="82" class="1001" name="const_82">
<pin_list>
<pin id="83" dir="1" index="0" bw="1" slack="2147483647"/>
</pin_list>
<bind>
<StgValue><ssdm name=""/></StgValue>
</bind>
</comp>

<comp id="84" class="1001" name="const_84">
<pin_list>
<pin id="85" dir="1" index="0" bw="1" slack="2147483647"/>
</pin_list>
<bind>
<StgValue><ssdm name="p_str"/></StgValue>
</bind>
</comp>

<comp id="86" class="1001" name="const_86">
<pin_list>
<pin id="87" dir="1" index="0" bw="1" slack="2147483647"/>
</pin_list>
<bind>
<StgValue><ssdm name="_ssdm_op_SpecMemCore"/></StgValue>
</bind>
</comp>

<comp id="88" class="1001" name="const_88">
<pin_list>
<pin id="89" dir="1" index="0" bw="1" slack="2147483647"/>
</pin_list>
<bind>
<StgValue><ssdm name=""/></StgValue>
</bind>
</comp>

<comp id="90" class="1001" name="const_90">
<pin_list>
<pin id="91" dir="1" index="0" bw="1" slack="2147483647"/>
</pin_list>
<bind>
<StgValue><ssdm name=""/></StgValue>
</bind>
</comp>

<comp id="92" class="1001" name="const_92">
<pin_list>
<pin id="93" dir="1" index="0" bw="1" slack="2147483647"/>
</pin_list>
<bind>
<StgValue><ssdm name=""/></StgValue>
</bind>
</comp>

<comp id="94" class="1001" name="const_94">
<pin_list>
<pin id="95" dir="1" index="0" bw="1" slack="2147483647"/>
</pin_list>
<bind>
<StgValue><ssdm name="_ssdm_op_SpecDataflowPipeline"/></StgValue>
</bind>
</comp>

<comp id="96" class="1001" name="const_96">
<pin_list>
<pin id="97" dir="1" index="0" bw="1" slack="2147483647"/>
</pin_list>
<bind>
<StgValue><ssdm name=""/></StgValue>
</bind>
</comp>

<comp id="98" class="1001" name="const_98">
<pin_list>
<pin id="99" dir="1" index="0" bw="1" slack="2147483647"/>
</pin_list>
<bind>
<StgValue><ssdm name=""/></StgValue>
</bind>
</comp>

<comp id="100" class="1001" name="const_100">
<pin_list>
<pin id="101" dir="1" index="0" bw="1" slack="2147483647"/>
</pin_list>
<bind>
<StgValue><ssdm name="empty_107"/></StgValue>
</bind>
</comp>

<comp id="102" class="1001" name="const_102">
<pin_list>
<pin id="103" dir="1" index="0" bw="1" slack="2147483647"/>
</pin_list>
<bind>
<StgValue><ssdm name="_ssdm_op_SpecInterface"/></StgValue>
</bind>
</comp>

<comp id="104" class="1001" name="const_104">
<pin_list>
<pin id="105" dir="1" index="0" bw="1" slack="2147483647"/>
</pin_list>
<bind>
<StgValue><ssdm name="empty_51"/></StgValue>
</bind>
</comp>

<comp id="106" class="1001" name="const_106">
<pin_list>
<pin id="107" dir="1" index="0" bw="1" slack="2147483647"/>
</pin_list>
<bind>
<StgValue><ssdm name="empty_55"/></StgValue>
</bind>
</comp>

<comp id="108" class="1001" name="const_108">
<pin_list>
<pin id="109" dir="1" index="0" bw="1" slack="2147483647"/>
</pin_list>
<bind>
<StgValue><ssdm name="empty_53"/></StgValue>
</bind>
</comp>

<comp id="110" class="1001" name="const_110">
<pin_list>
<pin id="111" dir="1" index="0" bw="1" slack="2147483647"/>
</pin_list>
<bind>
<StgValue><ssdm name=""/></StgValue>
</bind>
</comp>

<comp id="112" class="1001" name="const_112">
<pin_list>
<pin id="113" dir="1" index="0" bw="1" slack="2147483647"/>
</pin_list>
<bind>
<StgValue><ssdm name=""/></StgValue>
</bind>
</comp>

<comp id="114" class="1001" name="const_114">
<pin_list>
<pin id="115" dir="1" index="0" bw="1" slack="2147483647"/>
</pin_list>
<bind>
<StgValue><ssdm name="_ssdm_op_SpecChannel"/></StgValue>
</bind>
</comp>

<comp id="116" class="1001" name="const_116">
<pin_list>
<pin id="117" dir="1" index="0" bw="1" slack="2147483647"/>
</pin_list>
<bind>
<StgValue><ssdm name="vec_stream_str"/></StgValue>
</bind>
</comp>

<comp id="118" class="1001" name="const_118">
<pin_list>
<pin id="119" dir="1" index="0" bw="1" slack="2147483647"/>
</pin_list>
<bind>
<StgValue><ssdm name=""/></StgValue>
</bind>
</comp>

<comp id="120" class="1001" name="const_120">
<pin_list>
<pin id="121" dir="1" index="0" bw="1" slack="2147483647"/>
</pin_list>
<bind>
<StgValue><ssdm name=""/></StgValue>
</bind>
</comp>

<comp id="122" class="1001" name="const_122">
<pin_list>
<pin id="123" dir="1" index="0" bw="1" slack="2147483647"/>
</pin_list>
<bind>
<StgValue><ssdm name="empty_69"/></StgValue>
</bind>
</comp>

<comp id="124" class="1001" name="const_124">
<pin_list>
<pin id="125" dir="1" index="0" bw="1" slack="2147483647"/>
</pin_list>
<bind>
<StgValue><ssdm name="mat_stream_str"/></StgValue>
</bind>
</comp>

<comp id="126" class="1001" name="const_126">
<pin_list>
<pin id="127" dir="1" index="0" bw="1" slack="2147483647"/>
</pin_list>
<bind>
<StgValue><ssdm name="res_stream_str"/></StgValue>
</bind>
</comp>

<comp id="128" class="1001" name="const_128">
<pin_list>
<pin id="129" dir="1" index="0" bw="1" slack="2147483647"/>
</pin_list>
<bind>
<StgValue><ssdm name=""/></StgValue>
</bind>
</comp>

<comp id="130" class="1004" name="vec_stream_fu_130">
<pin_list>
<pin id="131" dir="0" index="0" bw="1" slack="0"/>
<pin id="132" dir="1" index="1" bw="32" slack="0"/>
</pin_list>
<bind>
<opcode="alloca(26) " fcode="alloca"/>
<opset="vec_stream/1 "/>
</bind>
</comp>

<comp id="134" class="1004" name="mat_stream_fu_134">
<pin_list>
<pin id="135" dir="0" index="0" bw="1" slack="0"/>
<pin id="136" dir="1" index="1" bw="32" slack="0"/>
</pin_list>
<bind>
<opcode="alloca(26) " fcode="alloca"/>
<opset="mat_stream/1 "/>
</bind>
</comp>

<comp id="138" class="1004" name="res_stream_fu_138">
<pin_list>
<pin id="139" dir="0" index="0" bw="1" slack="0"/>
<pin id="140" dir="1" index="1" bw="32" slack="2"/>
</pin_list>
<bind>
<opcode="alloca(26) " fcode="alloca"/>
<opset="res_stream/1 "/>
</bind>
</comp>

<comp id="142" class="1004" name="i_mat_read_read_fu_142">
<pin_list>
<pin id="143" dir="0" index="0" bw="64" slack="0"/>
<pin id="144" dir="0" index="1" bw="64" slack="0"/>
<pin id="145" dir="1" index="2" bw="64" slack="0"/>
</pin_list>
<bind>
<opcode="read(1150) " fcode="read"/>
<opset="i_mat_read/1 "/>
</bind>
</comp>

<comp id="148" class="1004" name="grp_load_vec_10_fu_148">
<pin_list>
<pin id="149" dir="0" index="0" bw="0" slack="0"/>
<pin id="150" dir="0" index="1" bw="32" slack="0"/>
<pin id="151" dir="0" index="2" bw="32" slack="0"/>
<pin id="152" dir="0" index="3" bw="32" slack="0"/>
<pin id="153" dir="0" index="4" bw="32" slack="0"/>
<pin id="154" dir="0" index="5" bw="32" slack="0"/>
<pin id="155" dir="0" index="6" bw="32" slack="0"/>
<pin id="156" dir="0" index="7" bw="32" slack="0"/>
<pin id="157" dir="0" index="8" bw="32" slack="0"/>
<pin id="158" dir="0" index="9" bw="32" slack="0"/>
<pin id="159" dir="0" index="10" bw="32" slack="0"/>
<pin id="160" dir="0" index="11" bw="32" slack="0"/>
<pin id="161" dir="0" index="12" bw="32" slack="0"/>
<pin id="162" dir="0" index="13" bw="32" slack="0"/>
<pin id="163" dir="0" index="14" bw="32" slack="0"/>
<pin id="164" dir="0" index="15" bw="32" slack="0"/>
<pin id="165" dir="0" index="16" bw="32" slack="0"/>
<pin id="166" dir="0" index="17" bw="32" slack="0"/>
<pin id="167" dir="1" index="18" bw="0" slack="2147483647"/>
</pin_list>
<bind>
<opcode="call(48) " fcode="call"/>
<opset="call_ln104/1 "/>
</bind>
</comp>

<comp id="185" class="1004" name="grp_load_mat_burst_11_fu_185">
<pin_list>
<pin id="186" dir="0" index="0" bw="0" slack="0"/>
<pin id="187" dir="0" index="1" bw="32" slack="0"/>
<pin id="188" dir="0" index="2" bw="64" slack="0"/>
<pin id="189" dir="0" index="3" bw="32" slack="0"/>
<pin id="190" dir="1" index="4" bw="0" slack="2147483647"/>
</pin_list>
<bind>
<opcode="call(48) " fcode="call"/>
<opset="call_ln106/1 "/>
</bind>
</comp>

<comp id="194" class="1004" name="grp_compute_vec_mat_12_fu_194">
<pin_list>
<pin id="195" dir="0" index="0" bw="0" slack="0"/>
<pin id="196" dir="0" index="1" bw="32" slack="2"/>
<pin id="197" dir="0" index="2" bw="32" slack="2"/>
<pin id="198" dir="0" index="3" bw="32" slack="2"/>
<pin id="199" dir="1" index="4" bw="0" slack="2147483647"/>
</pin_list>
<bind>
<opcode="call(48) " fcode="call"/>
<opset="call_ln109/3 "/>
</bind>
</comp>

<comp id="201" class="1004" name="grp_matmul_245_255_1_Loop_VITIS_LOOP_112_1_proc_fu_201">
<pin_list>
<pin id="202" dir="0" index="0" bw="0" slack="0"/>
<pin id="203" dir="0" index="1" bw="32" slack="0"/>
<pin id="204" dir="0" index="2" bw="32" slack="0"/>
<pin id="205" dir="0" index="3" bw="32" slack="0"/>
<pin id="206" dir="0" index="4" bw="32" slack="0"/>
<pin id="207" dir="0" index="5" bw="32" slack="0"/>
<pin id="208" dir="0" index="6" bw="32" slack="0"/>
<pin id="209" dir="0" index="7" bw="32" slack="0"/>
<pin id="210" dir="0" index="8" bw="32" slack="0"/>
<pin id="211" dir="0" index="9" bw="32" slack="0"/>
<pin id="212" dir="0" index="10" bw="32" slack="0"/>
<pin id="213" dir="0" index="11" bw="32" slack="0"/>
<pin id="214" dir="0" index="12" bw="32" slack="0"/>
<pin id="215" dir="0" index="13" bw="32" slack="0"/>
<pin id="216" dir="0" index="14" bw="32" slack="0"/>
<pin id="217" dir="0" index="15" bw="32" slack="0"/>
<pin id="218" dir="0" index="16" bw="32" slack="0"/>
<pin id="219" dir="0" index="17" bw="32" slack="4"/>
<pin id="220" dir="1" index="18" bw="0" slack="2147483647"/>
</pin_list>
<bind>
<opcode="call(48) " fcode="call"/>
<opset="call_ln112/5 "/>
</bind>
</comp>

<comp id="238" class="1005" name="i_mat_read_reg_238">
<pin_list>
<pin id="239" dir="0" index="0" bw="64" slack="1"/>
<pin id="240" dir="1" index="1" bw="64" slack="1"/>
</pin_list>
<bind>
<opset="i_mat_read "/>
</bind>
</comp>

<comp id="243" class="1005" name="vec_stream_reg_243">
<pin_list>
<pin id="244" dir="0" index="0" bw="32" slack="0"/>
<pin id="245" dir="1" index="1" bw="32" slack="0"/>
</pin_list>
<bind>
<opset="vec_stream "/>
</bind>
</comp>

<comp id="249" class="1005" name="mat_stream_reg_249">
<pin_list>
<pin id="250" dir="0" index="0" bw="32" slack="0"/>
<pin id="251" dir="1" index="1" bw="32" slack="0"/>
</pin_list>
<bind>
<opset="mat_stream "/>
</bind>
</comp>

<comp id="255" class="1005" name="res_stream_reg_255">
<pin_list>
<pin id="256" dir="0" index="0" bw="32" slack="2"/>
<pin id="257" dir="1" index="1" bw="32" slack="2"/>
</pin_list>
<bind>
<opset="res_stream "/>
</bind>
</comp>

</comp_list>

<net_list>
<net id="133"><net_src comp="70" pin="0"/><net_sink comp="130" pin=0"/></net>

<net id="137"><net_src comp="70" pin="0"/><net_sink comp="134" pin=0"/></net>

<net id="141"><net_src comp="70" pin="0"/><net_sink comp="138" pin=0"/></net>

<net id="146"><net_src comp="68" pin="0"/><net_sink comp="142" pin=0"/></net>

<net id="147"><net_src comp="34" pin="0"/><net_sink comp="142" pin=1"/></net>

<net id="168"><net_src comp="72" pin="0"/><net_sink comp="148" pin=0"/></net>

<net id="169"><net_src comp="36" pin="0"/><net_sink comp="148" pin=2"/></net>

<net id="170"><net_src comp="38" pin="0"/><net_sink comp="148" pin=3"/></net>

<net id="171"><net_src comp="40" pin="0"/><net_sink comp="148" pin=4"/></net>

<net id="172"><net_src comp="42" pin="0"/><net_sink comp="148" pin=5"/></net>

<net id="173"><net_src comp="44" pin="0"/><net_sink comp="148" pin=6"/></net>

<net id="174"><net_src comp="46" pin="0"/><net_sink comp="148" pin=7"/></net>

<net id="175"><net_src comp="48" pin="0"/><net_sink comp="148" pin=8"/></net>

<net id="176"><net_src comp="50" pin="0"/><net_sink comp="148" pin=9"/></net>

<net id="177"><net_src comp="52" pin="0"/><net_sink comp="148" pin=10"/></net>

<net id="178"><net_src comp="54" pin="0"/><net_sink comp="148" pin=11"/></net>

<net id="179"><net_src comp="56" pin="0"/><net_sink comp="148" pin=12"/></net>

<net id="180"><net_src comp="58" pin="0"/><net_sink comp="148" pin=13"/></net>

<net id="181"><net_src comp="60" pin="0"/><net_sink comp="148" pin=14"/></net>

<net id="182"><net_src comp="62" pin="0"/><net_sink comp="148" pin=15"/></net>

<net id="183"><net_src comp="64" pin="0"/><net_sink comp="148" pin=16"/></net>

<net id="184"><net_src comp="66" pin="0"/><net_sink comp="148" pin=17"/></net>

<net id="191"><net_src comp="74" pin="0"/><net_sink comp="185" pin=0"/></net>

<net id="192"><net_src comp="32" pin="0"/><net_sink comp="185" pin=1"/></net>

<net id="193"><net_src comp="142" pin="2"/><net_sink comp="185" pin=2"/></net>

<net id="200"><net_src comp="76" pin="0"/><net_sink comp="194" pin=0"/></net>

<net id="221"><net_src comp="78" pin="0"/><net_sink comp="201" pin=0"/></net>

<net id="222"><net_src comp="30" pin="0"/><net_sink comp="201" pin=1"/></net>

<net id="223"><net_src comp="28" pin="0"/><net_sink comp="201" pin=2"/></net>

<net id="224"><net_src comp="26" pin="0"/><net_sink comp="201" pin=3"/></net>

<net id="225"><net_src comp="24" pin="0"/><net_sink comp="201" pin=4"/></net>

<net id="226"><net_src comp="22" pin="0"/><net_sink comp="201" pin=5"/></net>

<net id="227"><net_src comp="20" pin="0"/><net_sink comp="201" pin=6"/></net>

<net id="228"><net_src comp="18" pin="0"/><net_sink comp="201" pin=7"/></net>

<net id="229"><net_src comp="16" pin="0"/><net_sink comp="201" pin=8"/></net>

<net id="230"><net_src comp="14" pin="0"/><net_sink comp="201" pin=9"/></net>

<net id="231"><net_src comp="12" pin="0"/><net_sink comp="201" pin=10"/></net>

<net id="232"><net_src comp="10" pin="0"/><net_sink comp="201" pin=11"/></net>

<net id="233"><net_src comp="8" pin="0"/><net_sink comp="201" pin=12"/></net>

<net id="234"><net_src comp="6" pin="0"/><net_sink comp="201" pin=13"/></net>

<net id="235"><net_src comp="4" pin="0"/><net_sink comp="201" pin=14"/></net>

<net id="236"><net_src comp="2" pin="0"/><net_sink comp="201" pin=15"/></net>

<net id="237"><net_src comp="0" pin="0"/><net_sink comp="201" pin=16"/></net>

<net id="241"><net_src comp="142" pin="2"/><net_sink comp="238" pin=0"/></net>

<net id="242"><net_src comp="238" pin="1"/><net_sink comp="185" pin=2"/></net>

<net id="246"><net_src comp="130" pin="1"/><net_sink comp="243" pin=0"/></net>

<net id="247"><net_src comp="243" pin="1"/><net_sink comp="148" pin=1"/></net>

<net id="248"><net_src comp="243" pin="1"/><net_sink comp="194" pin=1"/></net>

<net id="252"><net_src comp="134" pin="1"/><net_sink comp="249" pin=0"/></net>

<net id="253"><net_src comp="249" pin="1"/><net_sink comp="185" pin=3"/></net>

<net id="254"><net_src comp="249" pin="1"/><net_sink comp="194" pin=2"/></net>

<net id="258"><net_src comp="138" pin="1"/><net_sink comp="255" pin=0"/></net>

<net id="259"><net_src comp="255" pin="1"/><net_sink comp="194" pin=3"/></net>

<net id="260"><net_src comp="255" pin="1"/><net_sink comp="201" pin=17"/></net>

</net_list>

</model> 
---------------- Datapath Model END ------------------

* FSMD analyzer results:
  - Output states:
	Port: o_vec_0 | {5 6 }
	Port: o_vec_1 | {5 6 }
	Port: o_vec_2 | {5 6 }
	Port: o_vec_3 | {5 6 }
	Port: o_vec_4 | {5 6 }
	Port: o_vec_5 | {5 6 }
	Port: o_vec_6 | {5 6 }
	Port: o_vec_7 | {5 6 }
	Port: o_vec_8 | {5 6 }
	Port: o_vec_9 | {5 6 }
	Port: o_vec_10 | {5 6 }
	Port: o_vec_11 | {5 6 }
	Port: o_vec_12 | {5 6 }
	Port: o_vec_13 | {5 6 }
	Port: o_vec_14 | {5 6 }
	Port: o_vec_15 | {5 6 }
 - Input state : 
	Port: matmul.245.255.1 : gmem2 | {1 2 }
	Port: matmul.245.255.1 : i_mat | {1 }
	Port: matmul.245.255.1 : p_ZZ11llama_layerE13current_token_10 | {1 2 }
	Port: matmul.245.255.1 : p_ZZ11llama_layerE13current_token_11 | {1 2 }
	Port: matmul.245.255.1 : p_ZZ11llama_layerE13current_token_12 | {1 2 }
	Port: matmul.245.255.1 : p_ZZ11llama_layerE13current_token_13 | {1 2 }
	Port: matmul.245.255.1 : p_ZZ11llama_layerE13current_token_14 | {1 2 }
	Port: matmul.245.255.1 : p_ZZ11llama_layerE13current_token_15 | {1 2 }
	Port: matmul.245.255.1 : current_token | {1 2 }
	Port: matmul.245.255.1 : current_token_19 | {1 2 }
	Port: matmul.245.255.1 : current_token_20 | {1 2 }
	Port: matmul.245.255.1 : current_token_21 | {1 2 }
	Port: matmul.245.255.1 : current_token_22 | {1 2 }
	Port: matmul.245.255.1 : current_token_23 | {1 2 }
	Port: matmul.245.255.1 : current_token_24 | {1 2 }
	Port: matmul.245.255.1 : current_token_25 | {1 2 }
	Port: matmul.245.255.1 : current_token_26 | {1 2 }
	Port: matmul.245.255.1 : current_token_27 | {1 2 }
  - Chain level:
	State 1
		call_ln104 : 1
		call_ln106 : 1
	State 2
	State 3
	State 4
	State 5
	State 6


============================================================
+ Verbose Summary: Datapath Resource usage 
============================================================

* Functional unit list:
|----------|--------------------------------------------------------|---------|---------|---------|---------|---------|
| Operation|                     Functional Unit                    |   BRAM  |   DSP   |  Delay  |    FF   |   LUT   |
|----------|--------------------------------------------------------|---------|---------|---------|---------|---------|
|          |                 grp_load_vec_10_fu_148                 |    0    |    0    |   5.76  |   138   |   322   |
|   call   |              grp_load_mat_burst_11_fu_185              |    0    |    0    |   1.58  |   797   |   1833  |
|          |              grp_compute_vec_mat_12_fu_194             |    16   |    2    |  8.972  |   2322  |   1206  |
|          | grp_matmul_245_255_1_Loop_VITIS_LOOP_112_1_proc_fu_201 |    0    |    0    |    0    |    20   |    14   |
|----------|--------------------------------------------------------|---------|---------|---------|---------|---------|
|   read   |                 i_mat_read_read_fu_142                 |    0    |    0    |    0    |    0    |    0    |
|----------|--------------------------------------------------------|---------|---------|---------|---------|---------|
|   Total  |                                                        |    16   |    2    |  16.312 |   3277  |   3375  |
|----------|--------------------------------------------------------|---------|---------|---------|---------|---------|

Memories:
N/A

* Register list:
+------------------+--------+
|                  |   FF   |
+------------------+--------+
|i_mat_read_reg_238|   64   |
|mat_stream_reg_249|   32   |
|res_stream_reg_255|   32   |
|vec_stream_reg_243|   32   |
+------------------+--------+
|       Total      |   160  |
+------------------+--------+

* Multiplexer (MUX) list: 
|------------------------------|------|------|------|--------||---------||---------||---------|
|             Comp             |  Pin | Size |  BW  | S x BW ||  Delay  ||    FF   ||   LUT   |
|------------------------------|------|------|------|--------||---------||---------||---------|
| grp_load_mat_burst_11_fu_185 |  p2  |   2  |  64  |   128  ||    0    ||    63   |
|------------------------------|------|------|------|--------||---------||---------||---------|
|             Total            |      |      |      |   128  ||   0.46  ||    0    ||    63   |
|------------------------------|------|------|------|--------||---------||---------||---------|



* Summary:
+-----------+--------+--------+--------+--------+--------+
|           |  BRAM  |   DSP  |  Delay |   FF   |   LUT  |
+-----------+--------+--------+--------+--------+--------+
|  Function |   16   |    2   |   16   |  3277  |  3375  |
|   Memory  |    -   |    -   |    -   |    -   |    -   |
|Multiplexer|    -   |    -   |    0   |    0   |   63   |
|  Register |    -   |    -   |    -   |   160  |    -   |
+-----------+--------+--------+--------+--------+--------+
|   Total   |   16   |    2   |   16   |  3437  |  3438  |
+-----------+--------+--------+--------+--------+--------+
