

================================================================
== Vitis HLS Report for 'matmul_1'
================================================================
* Date:           Thu Oct  2 22:22:38 2025

* Version:        2025.1 (Build 6135595 on May 21 2025)
* Project:        llama_layer_prj
* Solution:       solution1 (Vivado IP Flow Target)
* Product family: versalhbm
* Target device:  xcv80-lsva4737-2MHP-e-S


================================================================
== Performance Estimates
================================================================
+ Timing: 
    * Summary: 
    +--------+---------+----------+------------+
    |  Clock |  Target | Estimated| Uncertainty|
    +--------+---------+----------+------------+
    |ap_clk  |  4.00 ns|  3.906 ns|     1.08 ns|
    +--------+---------+----------+------------+

+ Latency: 
    * Summary: 
    +---------+---------+----------+----------+--------+--------+----------+
    |  Latency (cycles) |  Latency (absolute) |     Interval    | Pipeline |
    |   min   |   max   |    min   |    max   |   min  |   max  |   Type   |
    +---------+---------+----------+----------+--------+--------+----------+
    |   590629|   590629|  2.363 ms|  2.363 ms|  590604|  590604|  dataflow|
    +---------+---------+----------+----------+--------+--------+----------+

    + Detail: 
        * Instance: 
        N/A

        * Loop: 
        N/A

============================================================
+ Verbose Summary: Synthesis Manager
============================================================
InlineROM: 1
ExposeGlobal: 0
============================================================
+ Verbose Summary: CDFG Model
============================================================
IsTopModel: 0
ResetActiveHigh: 1
IsCombinational: 2
IsDatapathOnly: 0
HasWiredReturn: 1
HasMFsm: 0
HasVarLatency: 1
IsPipeline: 0
IsRtlPipelined: 0
IsInstanceOverlapped: 0
IsDontTouch: 0
HasImplIP: 0
IsGatedGlobalClock: 0


============================================================
+ Verbose Summary: Schedule
============================================================
* Number of FSM states : 6
* Pipeline : 0
* Dataflow Pipeline: 1
  DF-Pipeline-0: Size = 6, States = { 1 2 3 4 5 6 }

* FSM state transitions: 
1 --> 2 
2 --> 3 
3 --> 4 
4 --> 5 
5 --> 6 
6 --> 

* FSM state operations: 

State 1 <SV = 0> <Delay = 0.00>
ST_1 : Operation 7 [1/1] (0.00ns)   --->   "%i_mat_read = read i64 @_ssdm_op_Read.ap_auto.i64, i64 %i_mat"   --->   Operation 7 'read' 'i_mat_read' <Predicate = true> <Delay = 0.00>
ST_1 : Operation 8 [1/1] (0.00ns)   --->   "%vec_stream = alloca i64 1" [kernel_MatMul.cpp:95]   --->   Operation 8 'alloca' 'vec_stream' <Predicate = true> <Delay = 0.00> <CoreInst = "FIFO">   --->   Core 81 'FIFO' <Latency = 0> <II = 1> <Delay = 1.12> <Storage> <Opcode : 'read' 'write' 'nbread' 'nbwrite'> <Ports = 0> <Width = 32> <Depth = 128> <FIFO>
ST_1 : Operation 9 [1/1] (0.00ns)   --->   "%mat_stream = alloca i64 1" [kernel_MatMul.cpp:96]   --->   Operation 9 'alloca' 'mat_stream' <Predicate = true> <Delay = 0.00> <CoreInst = "FIFO">   --->   Core 81 'FIFO' <Latency = 0> <II = 1> <Delay = 1.15> <Storage> <Opcode : 'read' 'write' 'nbread' 'nbwrite'> <Ports = 0> <Width = 32> <Depth = 256> <FIFO>
ST_1 : Operation 10 [1/1] (0.00ns)   --->   "%res_stream = alloca i64 1" [kernel_MatMul.cpp:97]   --->   Operation 10 'alloca' 'res_stream' <Predicate = true> <Delay = 0.00> <CoreInst = "FIFO">   --->   Core 81 'FIFO' <Latency = 0> <II = 1> <Delay = 0.98> <Storage> <Opcode : 'read' 'write' 'nbread' 'nbwrite'> <Ports = 0> <Width = 32> <Depth = 64> <FIFO>
ST_1 : Operation 11 [2/2] (0.00ns)   --->   "%call_ln104 = call void @load_vec, i32 %vec_stream, i32 %p_ZZ11llama_layerE11norm_output_10, i32 %p_ZZ11llama_layerE11norm_output_11, i32 %p_ZZ11llama_layerE11norm_output_12, i32 %p_ZZ11llama_layerE11norm_output_13, i32 %p_ZZ11llama_layerE11norm_output_14, i32 %p_ZZ11llama_layerE11norm_output_15, i32 %norm_output, i32 %norm_output_35, i32 %norm_output_36, i32 %norm_output_37, i32 %norm_output_38, i32 %norm_output_39, i32 %norm_output_40, i32 %norm_output_41, i32 %norm_output_42, i32 %norm_output_43" [kernel_MatMul.cpp:104]   --->   Operation 11 'call' 'call_ln104' <Predicate = true> <Delay = 0.00> <CoreType = "Generic">   --->   Generic Core
ST_1 : Operation 12 [2/2] (0.00ns)   --->   "%call_ln106 = call void @load_mat_burst, i32 %gmem2, i64 %i_mat_read, i32 %mat_stream" [kernel_MatMul.cpp:106]   --->   Operation 12 'call' 'call_ln106' <Predicate = true> <Delay = 0.00> <CoreType = "Generic">   --->   Generic Core

State 2 <SV = 1> <Delay = 0.59>
ST_2 : Operation 13 [1/2] (0.59ns)   --->   "%call_ln104 = call void @load_vec, i32 %vec_stream, i32 %p_ZZ11llama_layerE11norm_output_10, i32 %p_ZZ11llama_layerE11norm_output_11, i32 %p_ZZ11llama_layerE11norm_output_12, i32 %p_ZZ11llama_layerE11norm_output_13, i32 %p_ZZ11llama_layerE11norm_output_14, i32 %p_ZZ11llama_layerE11norm_output_15, i32 %norm_output, i32 %norm_output_35, i32 %norm_output_36, i32 %norm_output_37, i32 %norm_output_38, i32 %norm_output_39, i32 %norm_output_40, i32 %norm_output_41, i32 %norm_output_42, i32 %norm_output_43" [kernel_MatMul.cpp:104]   --->   Operation 13 'call' 'call_ln104' <Predicate = true> <Delay = 0.59> <CoreType = "Generic">   --->   Generic Core
ST_2 : Operation 14 [1/2] (0.00ns)   --->   "%call_ln106 = call void @load_mat_burst, i32 %gmem2, i64 %i_mat_read, i32 %mat_stream" [kernel_MatMul.cpp:106]   --->   Operation 14 'call' 'call_ln106' <Predicate = true> <Delay = 0.00> <CoreType = "Generic">   --->   Generic Core

State 3 <SV = 2> <Delay = 0.00>
ST_3 : Operation 15 [2/2] (0.00ns)   --->   "%call_ln109 = call void @compute_vec_mat, i32 %vec_stream, i32 %mat_stream, i32 %res_stream" [kernel_MatMul.cpp:109]   --->   Operation 15 'call' 'call_ln109' <Predicate = true> <Delay = 0.00> <CoreType = "Generic">   --->   Generic Core

State 4 <SV = 3> <Delay = 0.00>
ST_4 : Operation 16 [1/2] (0.00ns)   --->   "%call_ln109 = call void @compute_vec_mat, i32 %vec_stream, i32 %mat_stream, i32 %res_stream" [kernel_MatMul.cpp:109]   --->   Operation 16 'call' 'call_ln109' <Predicate = true> <Delay = 0.00> <CoreType = "Generic">   --->   Generic Core

State 5 <SV = 4> <Delay = 1.08>
ST_5 : Operation 17 [1/1] (0.00ns)   --->   "%o_vec_read = read i64 @_ssdm_op_Read.ap_auto.i64, i64 %o_vec"   --->   Operation 17 'read' 'o_vec_read' <Predicate = true> <Delay = 0.00>
ST_5 : Operation 18 [2/2] (1.08ns)   --->   "%call_ln112 = call void @matmul.1_Loop_VITIS_LOOP_112_1_proc, i64 %o_vec_read, i32 %gmem1, i32 %res_stream" [kernel_MatMul.cpp:112]   --->   Operation 18 'call' 'call_ln112' <Predicate = true> <Delay = 1.08> <CoreType = "Generic">   --->   Generic Core

State 6 <SV = 5> <Delay = 0.00>
ST_6 : Operation 19 [1/1] (0.00ns)   --->   "%specstablecontent_ln0 = specstablecontent void @_ssdm_op_SpecStableContent, i64 %i_mat, i1 1, void @p_str"   --->   Operation 19 'specstablecontent' 'specstablecontent_ln0' <Predicate = true> <Delay = 0.00>
ST_6 : Operation 20 [1/1] (0.00ns)   --->   "%specstablecontent_ln0 = specstablecontent void @_ssdm_op_SpecStableContent, i32 %gmem2, i1 1, void @p_str"   --->   Operation 20 'specstablecontent' 'specstablecontent_ln0' <Predicate = true> <Delay = 0.00>
ST_6 : Operation 21 [1/1] (0.00ns)   --->   "%specstablecontent_ln0 = specstablecontent void @_ssdm_op_SpecStableContent, i64 %o_vec, i1 1, void @p_str"   --->   Operation 21 'specstablecontent' 'specstablecontent_ln0' <Predicate = true> <Delay = 0.00>
ST_6 : Operation 22 [1/1] (0.00ns)   --->   "%specmemcore_ln0 = specmemcore void @_ssdm_op_SpecMemCore, i32 %norm_output_43, i64 666, i64 22, i64 18446744073709551615"   --->   Operation 22 'specmemcore' 'specmemcore_ln0' <Predicate = true> <Delay = 0.00>
ST_6 : Operation 23 [1/1] (0.00ns)   --->   "%specmemcore_ln0 = specmemcore void @_ssdm_op_SpecMemCore, i32 %norm_output_42, i64 666, i64 22, i64 18446744073709551615"   --->   Operation 23 'specmemcore' 'specmemcore_ln0' <Predicate = true> <Delay = 0.00>
ST_6 : Operation 24 [1/1] (0.00ns)   --->   "%specmemcore_ln0 = specmemcore void @_ssdm_op_SpecMemCore, i32 %norm_output_41, i64 666, i64 22, i64 18446744073709551615"   --->   Operation 24 'specmemcore' 'specmemcore_ln0' <Predicate = true> <Delay = 0.00>
ST_6 : Operation 25 [1/1] (0.00ns)   --->   "%specmemcore_ln0 = specmemcore void @_ssdm_op_SpecMemCore, i32 %norm_output_40, i64 666, i64 22, i64 18446744073709551615"   --->   Operation 25 'specmemcore' 'specmemcore_ln0' <Predicate = true> <Delay = 0.00>
ST_6 : Operation 26 [1/1] (0.00ns)   --->   "%specmemcore_ln0 = specmemcore void @_ssdm_op_SpecMemCore, i32 %norm_output_39, i64 666, i64 22, i64 18446744073709551615"   --->   Operation 26 'specmemcore' 'specmemcore_ln0' <Predicate = true> <Delay = 0.00>
ST_6 : Operation 27 [1/1] (0.00ns)   --->   "%specmemcore_ln0 = specmemcore void @_ssdm_op_SpecMemCore, i32 %norm_output_38, i64 666, i64 22, i64 18446744073709551615"   --->   Operation 27 'specmemcore' 'specmemcore_ln0' <Predicate = true> <Delay = 0.00>
ST_6 : Operation 28 [1/1] (0.00ns)   --->   "%specmemcore_ln0 = specmemcore void @_ssdm_op_SpecMemCore, i32 %norm_output_37, i64 666, i64 22, i64 18446744073709551615"   --->   Operation 28 'specmemcore' 'specmemcore_ln0' <Predicate = true> <Delay = 0.00>
ST_6 : Operation 29 [1/1] (0.00ns)   --->   "%specmemcore_ln0 = specmemcore void @_ssdm_op_SpecMemCore, i32 %norm_output_36, i64 666, i64 22, i64 18446744073709551615"   --->   Operation 29 'specmemcore' 'specmemcore_ln0' <Predicate = true> <Delay = 0.00>
ST_6 : Operation 30 [1/1] (0.00ns)   --->   "%specmemcore_ln0 = specmemcore void @_ssdm_op_SpecMemCore, i32 %norm_output_35, i64 666, i64 22, i64 18446744073709551615"   --->   Operation 30 'specmemcore' 'specmemcore_ln0' <Predicate = true> <Delay = 0.00>
ST_6 : Operation 31 [1/1] (0.00ns)   --->   "%specmemcore_ln0 = specmemcore void @_ssdm_op_SpecMemCore, i32 %norm_output, i64 666, i64 22, i64 18446744073709551615"   --->   Operation 31 'specmemcore' 'specmemcore_ln0' <Predicate = true> <Delay = 0.00>
ST_6 : Operation 32 [1/1] (0.00ns)   --->   "%specmemcore_ln0 = specmemcore void @_ssdm_op_SpecMemCore, i32 %p_ZZ11llama_layerE11norm_output_15, i64 666, i64 22, i64 18446744073709551615"   --->   Operation 32 'specmemcore' 'specmemcore_ln0' <Predicate = true> <Delay = 0.00>
ST_6 : Operation 33 [1/1] (0.00ns)   --->   "%specmemcore_ln0 = specmemcore void @_ssdm_op_SpecMemCore, i32 %p_ZZ11llama_layerE11norm_output_14, i64 666, i64 22, i64 18446744073709551615"   --->   Operation 33 'specmemcore' 'specmemcore_ln0' <Predicate = true> <Delay = 0.00>
ST_6 : Operation 34 [1/1] (0.00ns)   --->   "%specmemcore_ln0 = specmemcore void @_ssdm_op_SpecMemCore, i32 %p_ZZ11llama_layerE11norm_output_13, i64 666, i64 22, i64 18446744073709551615"   --->   Operation 34 'specmemcore' 'specmemcore_ln0' <Predicate = true> <Delay = 0.00>
ST_6 : Operation 35 [1/1] (0.00ns)   --->   "%specmemcore_ln0 = specmemcore void @_ssdm_op_SpecMemCore, i32 %p_ZZ11llama_layerE11norm_output_12, i64 666, i64 22, i64 18446744073709551615"   --->   Operation 35 'specmemcore' 'specmemcore_ln0' <Predicate = true> <Delay = 0.00>
ST_6 : Operation 36 [1/1] (0.00ns)   --->   "%specmemcore_ln0 = specmemcore void @_ssdm_op_SpecMemCore, i32 %p_ZZ11llama_layerE11norm_output_11, i64 666, i64 22, i64 18446744073709551615"   --->   Operation 36 'specmemcore' 'specmemcore_ln0' <Predicate = true> <Delay = 0.00>
ST_6 : Operation 37 [1/1] (0.00ns)   --->   "%specmemcore_ln0 = specmemcore void @_ssdm_op_SpecMemCore, i32 %p_ZZ11llama_layerE11norm_output_10, i64 666, i64 22, i64 18446744073709551615"   --->   Operation 37 'specmemcore' 'specmemcore_ln0' <Predicate = true> <Delay = 0.00>
ST_6 : Operation 38 [1/1] (0.00ns)   --->   "%specdataflowpipeline_ln0 = specdataflowpipeline void @_ssdm_op_SpecDataflowPipeline, i32 4294967295, i32 0, void @empty_107"   --->   Operation 38 'specdataflowpipeline' 'specdataflowpipeline_ln0' <Predicate = true> <Delay = 0.00>
ST_6 : Operation 39 [1/1] (0.00ns)   --->   "%specinterface_ln0 = specinterface void @_ssdm_op_SpecInterface, i32 %gmem2, void @empty_51, i32 0, i32 0, void @empty_107, i32 0, i32 0, void @empty_55, void @empty_53, void @empty_107, i32 16, i32 16, i32 256, i32 16, void @empty_107, void @empty_107, i32 4294967295, i32 0, i32 0"   --->   Operation 39 'specinterface' 'specinterface_ln0' <Predicate = true> <Delay = 0.00>
ST_6 : Operation 40 [1/1] (0.00ns)   --->   "%specinterface_ln0 = specinterface void @_ssdm_op_SpecInterface, i32 %gmem1, void @empty_51, i32 0, i32 0, void @empty_107, i32 0, i32 0, void @empty_54, void @empty_53, void @empty_107, i32 16, i32 16, i32 16, i32 256, void @empty_107, void @empty_107, i32 4294967295, i32 0, i32 0"   --->   Operation 40 'specinterface' 'specinterface_ln0' <Predicate = true> <Delay = 0.00>
ST_6 : Operation 41 [1/1] (0.00ns)   --->   "%empty = specchannel i32 @_ssdm_op_SpecChannel, void @vec_stream_str, i32 1, void @p_str, void @p_str, i32 128, i32 128, i32 %vec_stream, i32 %vec_stream"   --->   Operation 41 'specchannel' 'empty' <Predicate = true> <Delay = 0.00>
ST_6 : Operation 42 [1/1] (0.00ns)   --->   "%specinterface_ln0 = specinterface void @_ssdm_op_SpecInterface, i32 %vec_stream, void @empty_69, i32 0, i32 0, void @empty_107, i32 0, i32 0, void @empty_107, void @empty_107, void @empty_107, i32 0, i32 0, i32 0, i32 0, void @empty_107, void @empty_107, i32 4294967295, i32 0, i32 0"   --->   Operation 42 'specinterface' 'specinterface_ln0' <Predicate = true> <Delay = 0.00>
ST_6 : Operation 43 [1/1] (0.00ns)   --->   "%empty_191 = specchannel i32 @_ssdm_op_SpecChannel, void @mat_stream_str, i32 1, void @p_str, void @p_str, i32 256, i32 256, i32 %mat_stream, i32 %mat_stream"   --->   Operation 43 'specchannel' 'empty_191' <Predicate = true> <Delay = 0.00>
ST_6 : Operation 44 [1/1] (0.00ns)   --->   "%specinterface_ln0 = specinterface void @_ssdm_op_SpecInterface, i32 %mat_stream, void @empty_69, i32 0, i32 0, void @empty_107, i32 0, i32 0, void @empty_107, void @empty_107, void @empty_107, i32 0, i32 0, i32 0, i32 0, void @empty_107, void @empty_107, i32 4294967295, i32 0, i32 0"   --->   Operation 44 'specinterface' 'specinterface_ln0' <Predicate = true> <Delay = 0.00>
ST_6 : Operation 45 [1/1] (0.00ns)   --->   "%empty_192 = specchannel i32 @_ssdm_op_SpecChannel, void @res_stream_str, i32 1, void @p_str, void @p_str, i32 64, i32 64, i32 %res_stream, i32 %res_stream"   --->   Operation 45 'specchannel' 'empty_192' <Predicate = true> <Delay = 0.00>
ST_6 : Operation 46 [1/1] (0.00ns)   --->   "%specinterface_ln0 = specinterface void @_ssdm_op_SpecInterface, i32 %res_stream, void @empty_69, i32 0, i32 0, void @empty_107, i32 0, i32 0, void @empty_107, void @empty_107, void @empty_107, i32 0, i32 0, i32 0, i32 0, void @empty_107, void @empty_107, i32 4294967295, i32 0, i32 0"   --->   Operation 46 'specinterface' 'specinterface_ln0' <Predicate = true> <Delay = 0.00>
ST_6 : Operation 47 [1/2] (0.00ns)   --->   "%call_ln112 = call void @matmul.1_Loop_VITIS_LOOP_112_1_proc, i64 %o_vec_read, i32 %gmem1, i32 %res_stream" [kernel_MatMul.cpp:112]   --->   Operation 47 'call' 'call_ln112' <Predicate = true> <Delay = 0.00> <CoreType = "Generic">   --->   Generic Core
ST_6 : Operation 48 [1/1] (0.00ns)   --->   "%ret_ln116 = ret" [kernel_MatMul.cpp:116]   --->   Operation 48 'ret' 'ret_ln116' <Predicate = true> <Delay = 0.00>


============================================================
+ Verbose Summary: Timing violations
============================================================
Target clock period: 4.000ns, clock uncertainty: 1.080ns.

 <State 1>: 0.000ns
The critical path consists of the following:

 <State 2>: 0.592ns
The critical path consists of the following:
	'call' operation 0 bit ('call_ln104', kernel_MatMul.cpp:104) to 'load_vec' [54]  (0.592 ns)

 <State 3>: 0.000ns
The critical path consists of the following:

 <State 4>: 0.000ns
The critical path consists of the following:

 <State 5>: 1.082ns
The critical path consists of the following:
	wire read operation ('o_vec_read') on port 'o_vec' [44]  (0.000 ns)
	'call' operation 0 bit ('call_ln112', kernel_MatMul.cpp:112) to 'matmul.1_Loop_VITIS_LOOP_112_1_proc' [57]  (1.082 ns)

 <State 6>: 0.000ns
The critical path consists of the following:


============================================================
+ Verbose Summary: Binding
============================================================
N/A
* FSMD analyzer results:
  - Output states:
 - Input state : 
  - Chain level:
	State 1
	State 2
	State 3
	State 4
	State 5
	State 6


============================================================
+ Verbose Summary: Datapath Resource usage 
============================================================
N/A
