

================================================================
== Vitis HLS Report for 'pull_tensor1d'
================================================================
* Date:           Thu Oct  2 22:22:20 2025

* Version:        2025.1 (Build 6135595 on May 21 2025)
* Project:        llama_layer_prj
* Solution:       solution1 (Vivado IP Flow Target)
* Product family: versalhbm
* Target device:  xcv80-lsva4737-2MHP-e-S


================================================================
== Performance Estimates
================================================================
+ Timing: 
    * Summary: 
    +--------+---------+----------+------------+
    |  Clock |  Target | Estimated| Uncertainty|
    +--------+---------+----------+------------+
    |ap_clk  |  4.00 ns|  1.503 ns|     1.08 ns|
    +--------+---------+----------+------------+

+ Latency: 
    * Summary: 
    +---------+---------+----------+----------+-----+-----+------------------------------------------------+
    |  Latency (cycles) |  Latency (absolute) |  Interval |                    Pipeline                    |
    |   min   |   max   |    min   |    max   | min | max |                      Type                      |
    +---------+---------+----------+----------+-----+-----+------------------------------------------------+
    |      770|      770|  3.080 us|  3.080 us|  769|  769|  loop auto-rewind stp (delay=0 clock cycles(s))|
    +---------+---------+----------+----------+-----+-----+------------------------------------------------+

    + Detail: 
        * Instance: 
        N/A

        * Loop: 
        +-------------------+---------+---------+----------+-----------+-----------+------+----------+
        |                   |  Latency (cycles) | Iteration|  Initiation Interval  | Trip |          |
        |     Loop Name     |   min   |   max   |  Latency |  achieved |   target  | Count| Pipelined|
        +-------------------+---------+---------+----------+-----------+-----------+------+----------+
        |- VITIS_LOOP_18_1  |      768|      768|         2|          1|          1|   768|       yes|
        +-------------------+---------+---------+----------+-----------+-----------+------+----------+

============================================================
+ Verbose Summary: Synthesis Manager
============================================================
InlineROM: 1
ExposeGlobal: 0
============================================================
+ Verbose Summary: CDFG Model
============================================================
IsTopModel: 0
ResetActiveHigh: 1
IsCombinational: 2
IsDatapathOnly: 0
HasWiredReturn: 1
HasMFsm: 2
HasVarLatency: 1
IsPipeline: 0
IsRtlPipelined: 0
IsInstanceOverlapped: 0
IsDontTouch: 0
HasImplIP: 0
IsGatedGlobalClock: 0

+ Individual pipeline summary: 
  * Pipeline-0: initiation interval (II) = 1, depth = 2


============================================================
+ Verbose Summary: Schedule
============================================================
* Number of FSM states : 2
* Pipeline : 1
  Pipeline-0 : II = 1, D = 2, States = { 1 2 }
* Dataflow Pipeline: 0

* FSM state transitions: 
1 --> 2 
2 --> 

* FSM state operations: 

State 1 <SV = 0> <Delay = 1.50>
ST_1 : Operation 5 [1/1] (0.00ns)   --->   "%i = alloca i32 1" [kernel_FFN.cpp:18]   --->   Operation 5 'alloca' 'i' <Predicate = true> <Delay = 0.00>
ST_1 : Operation 6 [1/1] (0.00ns)   --->   "%specmemcore_ln0 = specmemcore void @_ssdm_op_SpecMemCore, i32 %norm_output, i64 666, i64 22, i64 18446744073709551615"   --->   Operation 6 'specmemcore' 'specmemcore_ln0' <Predicate = true> <Delay = 0.00>
ST_1 : Operation 7 [1/1] (0.00ns)   --->   "%specmemcore_ln0 = specmemcore void @_ssdm_op_SpecMemCore, i32 %norm_output_35, i64 666, i64 22, i64 18446744073709551615"   --->   Operation 7 'specmemcore' 'specmemcore_ln0' <Predicate = true> <Delay = 0.00>
ST_1 : Operation 8 [1/1] (0.00ns)   --->   "%specmemcore_ln0 = specmemcore void @_ssdm_op_SpecMemCore, i32 %norm_output_36, i64 666, i64 22, i64 18446744073709551615"   --->   Operation 8 'specmemcore' 'specmemcore_ln0' <Predicate = true> <Delay = 0.00>
ST_1 : Operation 9 [1/1] (0.00ns)   --->   "%specmemcore_ln0 = specmemcore void @_ssdm_op_SpecMemCore, i32 %norm_output_37, i64 666, i64 22, i64 18446744073709551615"   --->   Operation 9 'specmemcore' 'specmemcore_ln0' <Predicate = true> <Delay = 0.00>
ST_1 : Operation 10 [1/1] (0.00ns)   --->   "%specmemcore_ln0 = specmemcore void @_ssdm_op_SpecMemCore, i32 %norm_output_38, i64 666, i64 22, i64 18446744073709551615"   --->   Operation 10 'specmemcore' 'specmemcore_ln0' <Predicate = true> <Delay = 0.00>
ST_1 : Operation 11 [1/1] (0.00ns)   --->   "%specmemcore_ln0 = specmemcore void @_ssdm_op_SpecMemCore, i32 %norm_output_39, i64 666, i64 22, i64 18446744073709551615"   --->   Operation 11 'specmemcore' 'specmemcore_ln0' <Predicate = true> <Delay = 0.00>
ST_1 : Operation 12 [1/1] (0.00ns)   --->   "%specmemcore_ln0 = specmemcore void @_ssdm_op_SpecMemCore, i32 %norm_output_40, i64 666, i64 22, i64 18446744073709551615"   --->   Operation 12 'specmemcore' 'specmemcore_ln0' <Predicate = true> <Delay = 0.00>
ST_1 : Operation 13 [1/1] (0.00ns)   --->   "%specmemcore_ln0 = specmemcore void @_ssdm_op_SpecMemCore, i32 %norm_output_41, i64 666, i64 22, i64 18446744073709551615"   --->   Operation 13 'specmemcore' 'specmemcore_ln0' <Predicate = true> <Delay = 0.00>
ST_1 : Operation 14 [1/1] (0.00ns)   --->   "%specmemcore_ln0 = specmemcore void @_ssdm_op_SpecMemCore, i32 %norm_output_42, i64 666, i64 22, i64 18446744073709551615"   --->   Operation 14 'specmemcore' 'specmemcore_ln0' <Predicate = true> <Delay = 0.00>
ST_1 : Operation 15 [1/1] (0.00ns)   --->   "%specmemcore_ln0 = specmemcore void @_ssdm_op_SpecMemCore, i32 %norm_output_43, i64 666, i64 22, i64 18446744073709551615"   --->   Operation 15 'specmemcore' 'specmemcore_ln0' <Predicate = true> <Delay = 0.00>
ST_1 : Operation 16 [1/1] (0.00ns)   --->   "%specmemcore_ln0 = specmemcore void @_ssdm_op_SpecMemCore, i32 %p_ZZ11llama_layerE11norm_output_10, i64 666, i64 22, i64 18446744073709551615"   --->   Operation 16 'specmemcore' 'specmemcore_ln0' <Predicate = true> <Delay = 0.00>
ST_1 : Operation 17 [1/1] (0.00ns)   --->   "%specmemcore_ln0 = specmemcore void @_ssdm_op_SpecMemCore, i32 %p_ZZ11llama_layerE11norm_output_11, i64 666, i64 22, i64 18446744073709551615"   --->   Operation 17 'specmemcore' 'specmemcore_ln0' <Predicate = true> <Delay = 0.00>
ST_1 : Operation 18 [1/1] (0.00ns)   --->   "%specmemcore_ln0 = specmemcore void @_ssdm_op_SpecMemCore, i32 %p_ZZ11llama_layerE11norm_output_12, i64 666, i64 22, i64 18446744073709551615"   --->   Operation 18 'specmemcore' 'specmemcore_ln0' <Predicate = true> <Delay = 0.00>
ST_1 : Operation 19 [1/1] (0.00ns)   --->   "%specmemcore_ln0 = specmemcore void @_ssdm_op_SpecMemCore, i32 %p_ZZ11llama_layerE11norm_output_13, i64 666, i64 22, i64 18446744073709551615"   --->   Operation 19 'specmemcore' 'specmemcore_ln0' <Predicate = true> <Delay = 0.00>
ST_1 : Operation 20 [1/1] (0.00ns)   --->   "%specmemcore_ln0 = specmemcore void @_ssdm_op_SpecMemCore, i32 %p_ZZ11llama_layerE11norm_output_14, i64 666, i64 22, i64 18446744073709551615"   --->   Operation 20 'specmemcore' 'specmemcore_ln0' <Predicate = true> <Delay = 0.00>
ST_1 : Operation 21 [1/1] (0.00ns)   --->   "%specmemcore_ln0 = specmemcore void @_ssdm_op_SpecMemCore, i32 %p_ZZ11llama_layerE11norm_output_15, i64 666, i64 22, i64 18446744073709551615"   --->   Operation 21 'specmemcore' 'specmemcore_ln0' <Predicate = true> <Delay = 0.00>
ST_1 : Operation 22 [1/1] (0.00ns)   --->   "%specmemcore_ln0 = specmemcore void @_ssdm_op_SpecMemCore, void @norm_output, i64 666, i64 22, i64 18446744073709551615"   --->   Operation 22 'specmemcore' 'specmemcore_ln0' <Predicate = true> <Delay = 0.00>
ST_1 : Operation 23 [1/1] (0.00ns)   --->   "%specmemcore_ln0 = specmemcore void @_ssdm_op_SpecMemCore, void @norm_output_35, i64 666, i64 22, i64 18446744073709551615"   --->   Operation 23 'specmemcore' 'specmemcore_ln0' <Predicate = true> <Delay = 0.00>
ST_1 : Operation 24 [1/1] (0.00ns)   --->   "%specmemcore_ln0 = specmemcore void @_ssdm_op_SpecMemCore, void @norm_output_36, i64 666, i64 22, i64 18446744073709551615"   --->   Operation 24 'specmemcore' 'specmemcore_ln0' <Predicate = true> <Delay = 0.00>
ST_1 : Operation 25 [1/1] (0.00ns)   --->   "%specmemcore_ln0 = specmemcore void @_ssdm_op_SpecMemCore, void @norm_output_37, i64 666, i64 22, i64 18446744073709551615"   --->   Operation 25 'specmemcore' 'specmemcore_ln0' <Predicate = true> <Delay = 0.00>
ST_1 : Operation 26 [1/1] (0.00ns)   --->   "%specmemcore_ln0 = specmemcore void @_ssdm_op_SpecMemCore, void @norm_output_38, i64 666, i64 22, i64 18446744073709551615"   --->   Operation 26 'specmemcore' 'specmemcore_ln0' <Predicate = true> <Delay = 0.00>
ST_1 : Operation 27 [1/1] (0.00ns)   --->   "%specmemcore_ln0 = specmemcore void @_ssdm_op_SpecMemCore, void @norm_output_39, i64 666, i64 22, i64 18446744073709551615"   --->   Operation 27 'specmemcore' 'specmemcore_ln0' <Predicate = true> <Delay = 0.00>
ST_1 : Operation 28 [1/1] (0.00ns)   --->   "%specmemcore_ln0 = specmemcore void @_ssdm_op_SpecMemCore, void @norm_output_40, i64 666, i64 22, i64 18446744073709551615"   --->   Operation 28 'specmemcore' 'specmemcore_ln0' <Predicate = true> <Delay = 0.00>
ST_1 : Operation 29 [1/1] (0.00ns)   --->   "%specmemcore_ln0 = specmemcore void @_ssdm_op_SpecMemCore, void @norm_output_41, i64 666, i64 22, i64 18446744073709551615"   --->   Operation 29 'specmemcore' 'specmemcore_ln0' <Predicate = true> <Delay = 0.00>
ST_1 : Operation 30 [1/1] (0.00ns)   --->   "%specmemcore_ln0 = specmemcore void @_ssdm_op_SpecMemCore, void @norm_output_42, i64 666, i64 22, i64 18446744073709551615"   --->   Operation 30 'specmemcore' 'specmemcore_ln0' <Predicate = true> <Delay = 0.00>
ST_1 : Operation 31 [1/1] (0.00ns)   --->   "%specmemcore_ln0 = specmemcore void @_ssdm_op_SpecMemCore, void @norm_output_43, i64 666, i64 22, i64 18446744073709551615"   --->   Operation 31 'specmemcore' 'specmemcore_ln0' <Predicate = true> <Delay = 0.00>
ST_1 : Operation 32 [1/1] (0.00ns)   --->   "%specmemcore_ln0 = specmemcore void @_ssdm_op_SpecMemCore, void @p_ZZ11llama_layerE11norm_output_10, i64 666, i64 22, i64 18446744073709551615"   --->   Operation 32 'specmemcore' 'specmemcore_ln0' <Predicate = true> <Delay = 0.00>
ST_1 : Operation 33 [1/1] (0.00ns)   --->   "%specmemcore_ln0 = specmemcore void @_ssdm_op_SpecMemCore, void @p_ZZ11llama_layerE11norm_output_11, i64 666, i64 22, i64 18446744073709551615"   --->   Operation 33 'specmemcore' 'specmemcore_ln0' <Predicate = true> <Delay = 0.00>
ST_1 : Operation 34 [1/1] (0.00ns)   --->   "%specmemcore_ln0 = specmemcore void @_ssdm_op_SpecMemCore, void @p_ZZ11llama_layerE11norm_output_12, i64 666, i64 22, i64 18446744073709551615"   --->   Operation 34 'specmemcore' 'specmemcore_ln0' <Predicate = true> <Delay = 0.00>
ST_1 : Operation 35 [1/1] (0.00ns)   --->   "%specmemcore_ln0 = specmemcore void @_ssdm_op_SpecMemCore, void @p_ZZ11llama_layerE11norm_output_13, i64 666, i64 22, i64 18446744073709551615"   --->   Operation 35 'specmemcore' 'specmemcore_ln0' <Predicate = true> <Delay = 0.00>
ST_1 : Operation 36 [1/1] (0.00ns)   --->   "%specmemcore_ln0 = specmemcore void @_ssdm_op_SpecMemCore, void @p_ZZ11llama_layerE11norm_output_14, i64 666, i64 22, i64 18446744073709551615"   --->   Operation 36 'specmemcore' 'specmemcore_ln0' <Predicate = true> <Delay = 0.00>
ST_1 : Operation 37 [1/1] (0.00ns)   --->   "%specmemcore_ln0 = specmemcore void @_ssdm_op_SpecMemCore, void @p_ZZ11llama_layerE11norm_output_15, i64 666, i64 22, i64 18446744073709551615"   --->   Operation 37 'specmemcore' 'specmemcore_ln0' <Predicate = true> <Delay = 0.00>
ST_1 : Operation 38 [1/1] (0.00ns)   --->   "%specinterface_ln0 = specinterface void @_ssdm_op_SpecInterface, i32 %res_strm, void @empty_69, i32 0, i32 0, void @empty_107, i32 0, i32 0, void @empty_107, void @empty_107, void @empty_107, i32 0, i32 0, i32 0, i32 0, void @empty_107, void @empty_107, i32 4294967295, i32 0, i32 0"   --->   Operation 38 'specinterface' 'specinterface_ln0' <Predicate = true> <Delay = 0.00>
ST_1 : Operation 39 [1/1] (0.39ns)   --->   "%store_ln18 = store i10 0, i10 %i" [kernel_FFN.cpp:18]   --->   Operation 39 'store' 'store_ln18' <Predicate = true> <Delay = 0.39>
ST_1 : Operation 40 [1/1] (0.00ns)   --->   "%br_ln18 = br void %for.inc.i" [kernel_FFN.cpp:18]   --->   Operation 40 'br' 'br_ln18' <Predicate = true> <Delay = 0.00>
ST_1 : Operation 41 [1/1] (0.00ns)   --->   "%i_3 = load i10 %i" [kernel_FFN.cpp:18]   --->   Operation 41 'load' 'i_3' <Predicate = true> <Delay = 0.00>
ST_1 : Operation 42 [1/1] (0.71ns)   --->   "%add_ln18 = add i10 %i_3, i10 1" [kernel_FFN.cpp:18]   --->   Operation 42 'add' 'add_ln18' <Predicate = true> <Delay = 0.71> <CoreInst = "Adder">   --->   Core 1 'Adder' <Latency = 0> <II = 1> <Delay = 0.71> <FuncUnit> <Opcode : 'add' 'sub'> <InPorts = 2> <OutPorts = 1>
ST_1 : Operation 43 [1/1] (0.60ns)   --->   "%icmp_ln18 = icmp_eq  i10 %i_3, i10 768" [kernel_FFN.cpp:18]   --->   Operation 43 'icmp' 'icmp_ln18' <Predicate = true> <Delay = 0.60> <CoreInst = "ICmp_EQ">   --->   Core 156 'ICmp_EQ' <Latency = 0> <II = 1> <Delay = 0.60> <FuncUnit> <Opcode : 'seteq' 'setne'> <InPorts = 2> <OutPorts = 1>
ST_1 : Operation 44 [1/1] (0.00ns)   --->   "%br_ln18 = br i1 %icmp_ln18, void %for.inc.split.i, void %pull_tensor1d.exit" [kernel_FFN.cpp:18]   --->   Operation 44 'br' 'br_ln18' <Predicate = true> <Delay = 0.00>
ST_1 : Operation 45 [1/1] (0.00ns)   --->   "%trunc_ln18 = trunc i10 %i_3" [kernel_FFN.cpp:18]   --->   Operation 45 'trunc' 'trunc_ln18' <Predicate = (!icmp_ln18)> <Delay = 0.00>
ST_1 : Operation 46 [1/1] (0.00ns)   --->   "%lshr_ln = partselect i6 @_ssdm_op_PartSelect.i6.i10.i32.i32, i10 %i_3, i32 4, i32 9" [kernel_FFN.cpp:18]   --->   Operation 46 'partselect' 'lshr_ln' <Predicate = (!icmp_ln18)> <Delay = 0.00>
ST_1 : Operation 47 [1/1] (0.43ns)   --->   "%switch_ln20 = switch i4 %trunc_ln18, void %arrayidx1.case.15.i, i4 0, void %arrayidx1.case.0.i, i4 1, void %arrayidx1.case.1.i, i4 2, void %arrayidx1.case.2.i, i4 3, void %arrayidx1.case.3.i, i4 4, void %arrayidx1.case.4.i, i4 5, void %arrayidx1.case.5.i, i4 6, void %arrayidx1.case.6.i, i4 7, void %arrayidx1.case.7.i, i4 8, void %arrayidx1.case.8.i, i4 9, void %arrayidx1.case.9.i, i4 10, void %arrayidx1.case.10.i, i4 11, void %arrayidx1.case.11.i, i4 12, void %arrayidx1.case.12.i, i4 13, void %arrayidx1.case.13.i, i4 14, void %arrayidx1.case.14.i" [kernel_FFN.cpp:20]   --->   Operation 47 'switch' 'switch_ln20' <Predicate = (!icmp_ln18)> <Delay = 0.43>
ST_1 : Operation 48 [1/1] (0.39ns)   --->   "%store_ln18 = store i10 %add_ln18, i10 %i" [kernel_FFN.cpp:18]   --->   Operation 48 'store' 'store_ln18' <Predicate = (!icmp_ln18)> <Delay = 0.39>
ST_1 : Operation 49 [1/1] (0.00ns)   --->   "%br_ln18 = br void %for.inc.i" [kernel_FFN.cpp:18]   --->   Operation 49 'br' 'br_ln18' <Predicate = (!icmp_ln18)> <Delay = 0.00>
ST_1 : Operation 137 [1/1] (0.28ns)   --->   "%ret_ln0 = ret"   --->   Operation 137 'ret' 'ret_ln0' <Predicate = (icmp_ln18)> <Delay = 0.28>

State 2 <SV = 1> <Delay = 1.14>
ST_2 : Operation 50 [1/1] (0.00ns)   --->   "%specpipeline_ln19 = specpipeline void @_ssdm_op_SpecPipeline, i32 1, i32 0, i32 0, i32 0, void @empty_107" [kernel_FFN.cpp:19]   --->   Operation 50 'specpipeline' 'specpipeline_ln19' <Predicate = true> <Delay = 0.00>
ST_2 : Operation 51 [1/1] (0.00ns)   --->   "%speclooptripcount_ln18 = speclooptripcount void @_ssdm_op_SpecLoopTripCount, i64 768, i64 768, i64 768" [kernel_FFN.cpp:18]   --->   Operation 51 'speclooptripcount' 'speclooptripcount_ln18' <Predicate = true> <Delay = 0.00>
ST_2 : Operation 52 [1/1] (0.00ns)   --->   "%specloopname_ln18 = specloopname void @_ssdm_op_SpecLoopName, void @empty_15" [kernel_FFN.cpp:18]   --->   Operation 52 'specloopname' 'specloopname_ln18' <Predicate = true> <Delay = 0.00>
ST_2 : Operation 53 [1/1] (0.00ns)   --->   "%zext_ln18 = zext i6 %lshr_ln" [kernel_FFN.cpp:18]   --->   Operation 53 'zext' 'zext_ln18' <Predicate = true> <Delay = 0.00>
ST_2 : Operation 54 [1/1] (0.00ns)   --->   "%muxLogicFIFOCE_to_res_strm_read = muxlogic"   --->   Operation 54 'muxlogic' 'muxLogicFIFOCE_to_res_strm_read' <Predicate = true> <Delay = 0.00>
ST_2 : Operation 55 [1/1] ( I:0.98ns O:0.09ns )   --->   "%res_strm_read = read i32 @_ssdm_op_Read.ap_fifo.volatile.i32P0A, i32 %res_strm" [kernel_FFN.cpp:20]   --->   Operation 55 'read' 'res_strm_read' <Predicate = true> <Delay = 0.98> <CoreInst = "FIFO">   --->   Core 81 'FIFO' <Latency = 0> <II = 1> <Delay = 0.98> <Storage> <Opcode : 'read' 'write' 'nbread' 'nbwrite'> <Ports = 0> <Width = 32> <Depth = 64> <FIFO>
ST_2 : Operation 56 [1/1] (0.00ns)   --->   "%bitcast_ln20 = bitcast i32 %res_strm_read" [kernel_FFN.cpp:20]   --->   Operation 56 'bitcast' 'bitcast_ln20' <Predicate = true> <Delay = 0.00>
ST_2 : Operation 57 [1/1] (0.00ns)   --->   "%norm_output_addr = getelementptr i32 %norm_output, i64 0, i64 %zext_ln18" [kernel_FFN.cpp:20]   --->   Operation 57 'getelementptr' 'norm_output_addr' <Predicate = true> <Delay = 0.00>
ST_2 : Operation 58 [1/1] (0.00ns)   --->   "%norm_output_35_addr = getelementptr i32 %norm_output_35, i64 0, i64 %zext_ln18" [kernel_FFN.cpp:20]   --->   Operation 58 'getelementptr' 'norm_output_35_addr' <Predicate = true> <Delay = 0.00>
ST_2 : Operation 59 [1/1] (0.00ns)   --->   "%norm_output_36_addr = getelementptr i32 %norm_output_36, i64 0, i64 %zext_ln18" [kernel_FFN.cpp:20]   --->   Operation 59 'getelementptr' 'norm_output_36_addr' <Predicate = true> <Delay = 0.00>
ST_2 : Operation 60 [1/1] (0.00ns)   --->   "%norm_output_37_addr = getelementptr i32 %norm_output_37, i64 0, i64 %zext_ln18" [kernel_FFN.cpp:20]   --->   Operation 60 'getelementptr' 'norm_output_37_addr' <Predicate = true> <Delay = 0.00>
ST_2 : Operation 61 [1/1] (0.00ns)   --->   "%norm_output_38_addr = getelementptr i32 %norm_output_38, i64 0, i64 %zext_ln18" [kernel_FFN.cpp:20]   --->   Operation 61 'getelementptr' 'norm_output_38_addr' <Predicate = true> <Delay = 0.00>
ST_2 : Operation 62 [1/1] (0.00ns)   --->   "%norm_output_39_addr = getelementptr i32 %norm_output_39, i64 0, i64 %zext_ln18" [kernel_FFN.cpp:20]   --->   Operation 62 'getelementptr' 'norm_output_39_addr' <Predicate = true> <Delay = 0.00>
ST_2 : Operation 63 [1/1] (0.00ns)   --->   "%norm_output_40_addr = getelementptr i32 %norm_output_40, i64 0, i64 %zext_ln18" [kernel_FFN.cpp:20]   --->   Operation 63 'getelementptr' 'norm_output_40_addr' <Predicate = true> <Delay = 0.00>
ST_2 : Operation 64 [1/1] (0.00ns)   --->   "%norm_output_41_addr = getelementptr i32 %norm_output_41, i64 0, i64 %zext_ln18" [kernel_FFN.cpp:20]   --->   Operation 64 'getelementptr' 'norm_output_41_addr' <Predicate = true> <Delay = 0.00>
ST_2 : Operation 65 [1/1] (0.00ns)   --->   "%norm_output_42_addr = getelementptr i32 %norm_output_42, i64 0, i64 %zext_ln18" [kernel_FFN.cpp:20]   --->   Operation 65 'getelementptr' 'norm_output_42_addr' <Predicate = true> <Delay = 0.00>
ST_2 : Operation 66 [1/1] (0.00ns)   --->   "%norm_output_43_addr = getelementptr i32 %norm_output_43, i64 0, i64 %zext_ln18" [kernel_FFN.cpp:20]   --->   Operation 66 'getelementptr' 'norm_output_43_addr' <Predicate = true> <Delay = 0.00>
ST_2 : Operation 67 [1/1] (0.00ns)   --->   "%p_ZZ11llama_layerE11norm_output_10_addr = getelementptr i32 %p_ZZ11llama_layerE11norm_output_10, i64 0, i64 %zext_ln18" [kernel_FFN.cpp:20]   --->   Operation 67 'getelementptr' 'p_ZZ11llama_layerE11norm_output_10_addr' <Predicate = true> <Delay = 0.00>
ST_2 : Operation 68 [1/1] (0.00ns)   --->   "%p_ZZ11llama_layerE11norm_output_11_addr = getelementptr i32 %p_ZZ11llama_layerE11norm_output_11, i64 0, i64 %zext_ln18" [kernel_FFN.cpp:20]   --->   Operation 68 'getelementptr' 'p_ZZ11llama_layerE11norm_output_11_addr' <Predicate = true> <Delay = 0.00>
ST_2 : Operation 69 [1/1] (0.00ns)   --->   "%p_ZZ11llama_layerE11norm_output_12_addr = getelementptr i32 %p_ZZ11llama_layerE11norm_output_12, i64 0, i64 %zext_ln18" [kernel_FFN.cpp:20]   --->   Operation 69 'getelementptr' 'p_ZZ11llama_layerE11norm_output_12_addr' <Predicate = true> <Delay = 0.00>
ST_2 : Operation 70 [1/1] (0.00ns)   --->   "%p_ZZ11llama_layerE11norm_output_13_addr = getelementptr i32 %p_ZZ11llama_layerE11norm_output_13, i64 0, i64 %zext_ln18" [kernel_FFN.cpp:20]   --->   Operation 70 'getelementptr' 'p_ZZ11llama_layerE11norm_output_13_addr' <Predicate = true> <Delay = 0.00>
ST_2 : Operation 71 [1/1] (0.00ns)   --->   "%p_ZZ11llama_layerE11norm_output_14_addr = getelementptr i32 %p_ZZ11llama_layerE11norm_output_14, i64 0, i64 %zext_ln18" [kernel_FFN.cpp:20]   --->   Operation 71 'getelementptr' 'p_ZZ11llama_layerE11norm_output_14_addr' <Predicate = true> <Delay = 0.00>
ST_2 : Operation 72 [1/1] (0.00ns)   --->   "%llama_layer_norm_output = getelementptr i32 %p_ZZ11llama_layerE11norm_output_15, i64 0, i64 %zext_ln18" [kernel_FFN.cpp:20]   --->   Operation 72 'getelementptr' 'llama_layer_norm_output' <Predicate = true> <Delay = 0.00>
ST_2 : Operation 73 [1/1] (0.42ns) (share mux size 2)   --->   "%muxLogicRAMData_to_store_ln20 = muxlogic i32 %bitcast_ln20"   --->   Operation 73 'muxlogic' 'muxLogicRAMData_to_store_ln20' <Predicate = (trunc_ln18 == 14)> <Delay = 0.42>
ST_2 : Operation 74 [1/1] (0.42ns) (share mux size 2)   --->   "%muxLogicRAMAddr_to_store_ln20 = muxlogic i6 %p_ZZ11llama_layerE11norm_output_14_addr"   --->   Operation 74 'muxlogic' 'muxLogicRAMAddr_to_store_ln20' <Predicate = (trunc_ln18 == 14)> <Delay = 0.42>
ST_2 : Operation 75 [1/1] ( I:0.62ns O:0.62ns )   --->   "%store_ln20 = store i32 %bitcast_ln20, i6 %p_ZZ11llama_layerE11norm_output_14_addr" [kernel_FFN.cpp:20]   --->   Operation 75 'store' 'store_ln20' <Predicate = (trunc_ln18 == 14)> <Delay = 0.62> <CoreInst = "RAM_2P_BRAM">   --->   Core 97 'RAM_2P_BRAM' <Latency = 1> <II = 1> <Delay = 0.88> <Storage> <Opcode : 'load' 'store'> <Ports = 2> <Width = 32> <Depth = 48> <RAM>
ST_2 : Operation 76 [1/1] (0.00ns)   --->   "%br_ln20 = br void %arrayidx1.exit.i" [kernel_FFN.cpp:20]   --->   Operation 76 'br' 'br_ln20' <Predicate = (trunc_ln18 == 14)> <Delay = 0.00>
ST_2 : Operation 77 [1/1] (0.42ns) (share mux size 2)   --->   "%muxLogicRAMData_to_store_ln20 = muxlogic i32 %bitcast_ln20"   --->   Operation 77 'muxlogic' 'muxLogicRAMData_to_store_ln20' <Predicate = (trunc_ln18 == 13)> <Delay = 0.42>
ST_2 : Operation 78 [1/1] (0.42ns) (share mux size 2)   --->   "%muxLogicRAMAddr_to_store_ln20 = muxlogic i6 %p_ZZ11llama_layerE11norm_output_13_addr"   --->   Operation 78 'muxlogic' 'muxLogicRAMAddr_to_store_ln20' <Predicate = (trunc_ln18 == 13)> <Delay = 0.42>
ST_2 : Operation 79 [1/1] ( I:0.62ns O:0.62ns )   --->   "%store_ln20 = store i32 %bitcast_ln20, i6 %p_ZZ11llama_layerE11norm_output_13_addr" [kernel_FFN.cpp:20]   --->   Operation 79 'store' 'store_ln20' <Predicate = (trunc_ln18 == 13)> <Delay = 0.62> <CoreInst = "RAM_2P_BRAM">   --->   Core 97 'RAM_2P_BRAM' <Latency = 1> <II = 1> <Delay = 0.88> <Storage> <Opcode : 'load' 'store'> <Ports = 2> <Width = 32> <Depth = 48> <RAM>
ST_2 : Operation 80 [1/1] (0.00ns)   --->   "%br_ln20 = br void %arrayidx1.exit.i" [kernel_FFN.cpp:20]   --->   Operation 80 'br' 'br_ln20' <Predicate = (trunc_ln18 == 13)> <Delay = 0.00>
ST_2 : Operation 81 [1/1] (0.42ns) (share mux size 2)   --->   "%muxLogicRAMData_to_store_ln20 = muxlogic i32 %bitcast_ln20"   --->   Operation 81 'muxlogic' 'muxLogicRAMData_to_store_ln20' <Predicate = (trunc_ln18 == 12)> <Delay = 0.42>
ST_2 : Operation 82 [1/1] (0.42ns) (share mux size 2)   --->   "%muxLogicRAMAddr_to_store_ln20 = muxlogic i6 %p_ZZ11llama_layerE11norm_output_12_addr"   --->   Operation 82 'muxlogic' 'muxLogicRAMAddr_to_store_ln20' <Predicate = (trunc_ln18 == 12)> <Delay = 0.42>
ST_2 : Operation 83 [1/1] ( I:0.62ns O:0.62ns )   --->   "%store_ln20 = store i32 %bitcast_ln20, i6 %p_ZZ11llama_layerE11norm_output_12_addr" [kernel_FFN.cpp:20]   --->   Operation 83 'store' 'store_ln20' <Predicate = (trunc_ln18 == 12)> <Delay = 0.62> <CoreInst = "RAM_2P_BRAM">   --->   Core 97 'RAM_2P_BRAM' <Latency = 1> <II = 1> <Delay = 0.88> <Storage> <Opcode : 'load' 'store'> <Ports = 2> <Width = 32> <Depth = 48> <RAM>
ST_2 : Operation 84 [1/1] (0.00ns)   --->   "%br_ln20 = br void %arrayidx1.exit.i" [kernel_FFN.cpp:20]   --->   Operation 84 'br' 'br_ln20' <Predicate = (trunc_ln18 == 12)> <Delay = 0.00>
ST_2 : Operation 85 [1/1] (0.42ns) (share mux size 2)   --->   "%muxLogicRAMData_to_store_ln20 = muxlogic i32 %bitcast_ln20"   --->   Operation 85 'muxlogic' 'muxLogicRAMData_to_store_ln20' <Predicate = (trunc_ln18 == 11)> <Delay = 0.42>
ST_2 : Operation 86 [1/1] (0.42ns) (share mux size 2)   --->   "%muxLogicRAMAddr_to_store_ln20 = muxlogic i6 %p_ZZ11llama_layerE11norm_output_11_addr"   --->   Operation 86 'muxlogic' 'muxLogicRAMAddr_to_store_ln20' <Predicate = (trunc_ln18 == 11)> <Delay = 0.42>
ST_2 : Operation 87 [1/1] ( I:0.62ns O:0.62ns )   --->   "%store_ln20 = store i32 %bitcast_ln20, i6 %p_ZZ11llama_layerE11norm_output_11_addr" [kernel_FFN.cpp:20]   --->   Operation 87 'store' 'store_ln20' <Predicate = (trunc_ln18 == 11)> <Delay = 0.62> <CoreInst = "RAM_2P_BRAM">   --->   Core 97 'RAM_2P_BRAM' <Latency = 1> <II = 1> <Delay = 0.88> <Storage> <Opcode : 'load' 'store'> <Ports = 2> <Width = 32> <Depth = 48> <RAM>
ST_2 : Operation 88 [1/1] (0.00ns)   --->   "%br_ln20 = br void %arrayidx1.exit.i" [kernel_FFN.cpp:20]   --->   Operation 88 'br' 'br_ln20' <Predicate = (trunc_ln18 == 11)> <Delay = 0.00>
ST_2 : Operation 89 [1/1] (0.42ns) (share mux size 2)   --->   "%muxLogicRAMData_to_store_ln20 = muxlogic i32 %bitcast_ln20"   --->   Operation 89 'muxlogic' 'muxLogicRAMData_to_store_ln20' <Predicate = (trunc_ln18 == 10)> <Delay = 0.42>
ST_2 : Operation 90 [1/1] (0.42ns) (share mux size 2)   --->   "%muxLogicRAMAddr_to_store_ln20 = muxlogic i6 %p_ZZ11llama_layerE11norm_output_10_addr"   --->   Operation 90 'muxlogic' 'muxLogicRAMAddr_to_store_ln20' <Predicate = (trunc_ln18 == 10)> <Delay = 0.42>
ST_2 : Operation 91 [1/1] ( I:0.62ns O:0.62ns )   --->   "%store_ln20 = store i32 %bitcast_ln20, i6 %p_ZZ11llama_layerE11norm_output_10_addr" [kernel_FFN.cpp:20]   --->   Operation 91 'store' 'store_ln20' <Predicate = (trunc_ln18 == 10)> <Delay = 0.62> <CoreInst = "RAM_2P_BRAM">   --->   Core 97 'RAM_2P_BRAM' <Latency = 1> <II = 1> <Delay = 0.88> <Storage> <Opcode : 'load' 'store'> <Ports = 2> <Width = 32> <Depth = 48> <RAM>
ST_2 : Operation 92 [1/1] (0.00ns)   --->   "%br_ln20 = br void %arrayidx1.exit.i" [kernel_FFN.cpp:20]   --->   Operation 92 'br' 'br_ln20' <Predicate = (trunc_ln18 == 10)> <Delay = 0.00>
ST_2 : Operation 93 [1/1] (0.42ns) (share mux size 2)   --->   "%muxLogicRAMData_to_store_ln20 = muxlogic i32 %bitcast_ln20"   --->   Operation 93 'muxlogic' 'muxLogicRAMData_to_store_ln20' <Predicate = (trunc_ln18 == 9)> <Delay = 0.42>
ST_2 : Operation 94 [1/1] (0.42ns) (share mux size 2)   --->   "%muxLogicRAMAddr_to_store_ln20 = muxlogic i6 %norm_output_43_addr"   --->   Operation 94 'muxlogic' 'muxLogicRAMAddr_to_store_ln20' <Predicate = (trunc_ln18 == 9)> <Delay = 0.42>
ST_2 : Operation 95 [1/1] ( I:0.62ns O:0.62ns )   --->   "%store_ln20 = store i32 %bitcast_ln20, i6 %norm_output_43_addr" [kernel_FFN.cpp:20]   --->   Operation 95 'store' 'store_ln20' <Predicate = (trunc_ln18 == 9)> <Delay = 0.62> <CoreInst = "RAM_2P_BRAM">   --->   Core 97 'RAM_2P_BRAM' <Latency = 1> <II = 1> <Delay = 0.88> <Storage> <Opcode : 'load' 'store'> <Ports = 2> <Width = 32> <Depth = 48> <RAM>
ST_2 : Operation 96 [1/1] (0.00ns)   --->   "%br_ln20 = br void %arrayidx1.exit.i" [kernel_FFN.cpp:20]   --->   Operation 96 'br' 'br_ln20' <Predicate = (trunc_ln18 == 9)> <Delay = 0.00>
ST_2 : Operation 97 [1/1] (0.42ns) (share mux size 2)   --->   "%muxLogicRAMData_to_store_ln20 = muxlogic i32 %bitcast_ln20"   --->   Operation 97 'muxlogic' 'muxLogicRAMData_to_store_ln20' <Predicate = (trunc_ln18 == 8)> <Delay = 0.42>
ST_2 : Operation 98 [1/1] (0.42ns) (share mux size 2)   --->   "%muxLogicRAMAddr_to_store_ln20 = muxlogic i6 %norm_output_42_addr"   --->   Operation 98 'muxlogic' 'muxLogicRAMAddr_to_store_ln20' <Predicate = (trunc_ln18 == 8)> <Delay = 0.42>
ST_2 : Operation 99 [1/1] ( I:0.62ns O:0.62ns )   --->   "%store_ln20 = store i32 %bitcast_ln20, i6 %norm_output_42_addr" [kernel_FFN.cpp:20]   --->   Operation 99 'store' 'store_ln20' <Predicate = (trunc_ln18 == 8)> <Delay = 0.62> <CoreInst = "RAM_2P_BRAM">   --->   Core 97 'RAM_2P_BRAM' <Latency = 1> <II = 1> <Delay = 0.88> <Storage> <Opcode : 'load' 'store'> <Ports = 2> <Width = 32> <Depth = 48> <RAM>
ST_2 : Operation 100 [1/1] (0.00ns)   --->   "%br_ln20 = br void %arrayidx1.exit.i" [kernel_FFN.cpp:20]   --->   Operation 100 'br' 'br_ln20' <Predicate = (trunc_ln18 == 8)> <Delay = 0.00>
ST_2 : Operation 101 [1/1] (0.42ns) (share mux size 2)   --->   "%muxLogicRAMData_to_store_ln20 = muxlogic i32 %bitcast_ln20"   --->   Operation 101 'muxlogic' 'muxLogicRAMData_to_store_ln20' <Predicate = (trunc_ln18 == 7)> <Delay = 0.42>
ST_2 : Operation 102 [1/1] (0.42ns) (share mux size 2)   --->   "%muxLogicRAMAddr_to_store_ln20 = muxlogic i6 %norm_output_41_addr"   --->   Operation 102 'muxlogic' 'muxLogicRAMAddr_to_store_ln20' <Predicate = (trunc_ln18 == 7)> <Delay = 0.42>
ST_2 : Operation 103 [1/1] ( I:0.62ns O:0.62ns )   --->   "%store_ln20 = store i32 %bitcast_ln20, i6 %norm_output_41_addr" [kernel_FFN.cpp:20]   --->   Operation 103 'store' 'store_ln20' <Predicate = (trunc_ln18 == 7)> <Delay = 0.62> <CoreInst = "RAM_2P_BRAM">   --->   Core 97 'RAM_2P_BRAM' <Latency = 1> <II = 1> <Delay = 0.88> <Storage> <Opcode : 'load' 'store'> <Ports = 2> <Width = 32> <Depth = 48> <RAM>
ST_2 : Operation 104 [1/1] (0.00ns)   --->   "%br_ln20 = br void %arrayidx1.exit.i" [kernel_FFN.cpp:20]   --->   Operation 104 'br' 'br_ln20' <Predicate = (trunc_ln18 == 7)> <Delay = 0.00>
ST_2 : Operation 105 [1/1] (0.42ns) (share mux size 2)   --->   "%muxLogicRAMData_to_store_ln20 = muxlogic i32 %bitcast_ln20"   --->   Operation 105 'muxlogic' 'muxLogicRAMData_to_store_ln20' <Predicate = (trunc_ln18 == 6)> <Delay = 0.42>
ST_2 : Operation 106 [1/1] (0.42ns) (share mux size 2)   --->   "%muxLogicRAMAddr_to_store_ln20 = muxlogic i6 %norm_output_40_addr"   --->   Operation 106 'muxlogic' 'muxLogicRAMAddr_to_store_ln20' <Predicate = (trunc_ln18 == 6)> <Delay = 0.42>
ST_2 : Operation 107 [1/1] ( I:0.62ns O:0.62ns )   --->   "%store_ln20 = store i32 %bitcast_ln20, i6 %norm_output_40_addr" [kernel_FFN.cpp:20]   --->   Operation 107 'store' 'store_ln20' <Predicate = (trunc_ln18 == 6)> <Delay = 0.62> <CoreInst = "RAM_2P_BRAM">   --->   Core 97 'RAM_2P_BRAM' <Latency = 1> <II = 1> <Delay = 0.88> <Storage> <Opcode : 'load' 'store'> <Ports = 2> <Width = 32> <Depth = 48> <RAM>
ST_2 : Operation 108 [1/1] (0.00ns)   --->   "%br_ln20 = br void %arrayidx1.exit.i" [kernel_FFN.cpp:20]   --->   Operation 108 'br' 'br_ln20' <Predicate = (trunc_ln18 == 6)> <Delay = 0.00>
ST_2 : Operation 109 [1/1] (0.42ns) (share mux size 2)   --->   "%muxLogicRAMData_to_store_ln20 = muxlogic i32 %bitcast_ln20"   --->   Operation 109 'muxlogic' 'muxLogicRAMData_to_store_ln20' <Predicate = (trunc_ln18 == 5)> <Delay = 0.42>
ST_2 : Operation 110 [1/1] (0.42ns) (share mux size 2)   --->   "%muxLogicRAMAddr_to_store_ln20 = muxlogic i6 %norm_output_39_addr"   --->   Operation 110 'muxlogic' 'muxLogicRAMAddr_to_store_ln20' <Predicate = (trunc_ln18 == 5)> <Delay = 0.42>
ST_2 : Operation 111 [1/1] ( I:0.62ns O:0.62ns )   --->   "%store_ln20 = store i32 %bitcast_ln20, i6 %norm_output_39_addr" [kernel_FFN.cpp:20]   --->   Operation 111 'store' 'store_ln20' <Predicate = (trunc_ln18 == 5)> <Delay = 0.62> <CoreInst = "RAM_2P_BRAM">   --->   Core 97 'RAM_2P_BRAM' <Latency = 1> <II = 1> <Delay = 0.88> <Storage> <Opcode : 'load' 'store'> <Ports = 2> <Width = 32> <Depth = 48> <RAM>
ST_2 : Operation 112 [1/1] (0.00ns)   --->   "%br_ln20 = br void %arrayidx1.exit.i" [kernel_FFN.cpp:20]   --->   Operation 112 'br' 'br_ln20' <Predicate = (trunc_ln18 == 5)> <Delay = 0.00>
ST_2 : Operation 113 [1/1] (0.42ns) (share mux size 2)   --->   "%muxLogicRAMData_to_store_ln20 = muxlogic i32 %bitcast_ln20"   --->   Operation 113 'muxlogic' 'muxLogicRAMData_to_store_ln20' <Predicate = (trunc_ln18 == 4)> <Delay = 0.42>
ST_2 : Operation 114 [1/1] (0.42ns) (share mux size 2)   --->   "%muxLogicRAMAddr_to_store_ln20 = muxlogic i6 %norm_output_38_addr"   --->   Operation 114 'muxlogic' 'muxLogicRAMAddr_to_store_ln20' <Predicate = (trunc_ln18 == 4)> <Delay = 0.42>
ST_2 : Operation 115 [1/1] ( I:0.62ns O:0.62ns )   --->   "%store_ln20 = store i32 %bitcast_ln20, i6 %norm_output_38_addr" [kernel_FFN.cpp:20]   --->   Operation 115 'store' 'store_ln20' <Predicate = (trunc_ln18 == 4)> <Delay = 0.62> <CoreInst = "RAM_2P_BRAM">   --->   Core 97 'RAM_2P_BRAM' <Latency = 1> <II = 1> <Delay = 0.88> <Storage> <Opcode : 'load' 'store'> <Ports = 2> <Width = 32> <Depth = 48> <RAM>
ST_2 : Operation 116 [1/1] (0.00ns)   --->   "%br_ln20 = br void %arrayidx1.exit.i" [kernel_FFN.cpp:20]   --->   Operation 116 'br' 'br_ln20' <Predicate = (trunc_ln18 == 4)> <Delay = 0.00>
ST_2 : Operation 117 [1/1] (0.42ns) (share mux size 2)   --->   "%muxLogicRAMData_to_store_ln20 = muxlogic i32 %bitcast_ln20"   --->   Operation 117 'muxlogic' 'muxLogicRAMData_to_store_ln20' <Predicate = (trunc_ln18 == 3)> <Delay = 0.42>
ST_2 : Operation 118 [1/1] (0.42ns) (share mux size 2)   --->   "%muxLogicRAMAddr_to_store_ln20 = muxlogic i6 %norm_output_37_addr"   --->   Operation 118 'muxlogic' 'muxLogicRAMAddr_to_store_ln20' <Predicate = (trunc_ln18 == 3)> <Delay = 0.42>
ST_2 : Operation 119 [1/1] ( I:0.62ns O:0.62ns )   --->   "%store_ln20 = store i32 %bitcast_ln20, i6 %norm_output_37_addr" [kernel_FFN.cpp:20]   --->   Operation 119 'store' 'store_ln20' <Predicate = (trunc_ln18 == 3)> <Delay = 0.62> <CoreInst = "RAM_2P_BRAM">   --->   Core 97 'RAM_2P_BRAM' <Latency = 1> <II = 1> <Delay = 0.88> <Storage> <Opcode : 'load' 'store'> <Ports = 2> <Width = 32> <Depth = 48> <RAM>
ST_2 : Operation 120 [1/1] (0.00ns)   --->   "%br_ln20 = br void %arrayidx1.exit.i" [kernel_FFN.cpp:20]   --->   Operation 120 'br' 'br_ln20' <Predicate = (trunc_ln18 == 3)> <Delay = 0.00>
ST_2 : Operation 121 [1/1] (0.42ns) (share mux size 2)   --->   "%muxLogicRAMData_to_store_ln20 = muxlogic i32 %bitcast_ln20"   --->   Operation 121 'muxlogic' 'muxLogicRAMData_to_store_ln20' <Predicate = (trunc_ln18 == 2)> <Delay = 0.42>
ST_2 : Operation 122 [1/1] (0.42ns) (share mux size 2)   --->   "%muxLogicRAMAddr_to_store_ln20 = muxlogic i6 %norm_output_36_addr"   --->   Operation 122 'muxlogic' 'muxLogicRAMAddr_to_store_ln20' <Predicate = (trunc_ln18 == 2)> <Delay = 0.42>
ST_2 : Operation 123 [1/1] ( I:0.62ns O:0.62ns )   --->   "%store_ln20 = store i32 %bitcast_ln20, i6 %norm_output_36_addr" [kernel_FFN.cpp:20]   --->   Operation 123 'store' 'store_ln20' <Predicate = (trunc_ln18 == 2)> <Delay = 0.62> <CoreInst = "RAM_2P_BRAM">   --->   Core 97 'RAM_2P_BRAM' <Latency = 1> <II = 1> <Delay = 0.88> <Storage> <Opcode : 'load' 'store'> <Ports = 2> <Width = 32> <Depth = 48> <RAM>
ST_2 : Operation 124 [1/1] (0.00ns)   --->   "%br_ln20 = br void %arrayidx1.exit.i" [kernel_FFN.cpp:20]   --->   Operation 124 'br' 'br_ln20' <Predicate = (trunc_ln18 == 2)> <Delay = 0.00>
ST_2 : Operation 125 [1/1] (0.42ns) (share mux size 2)   --->   "%muxLogicRAMData_to_store_ln20 = muxlogic i32 %bitcast_ln20"   --->   Operation 125 'muxlogic' 'muxLogicRAMData_to_store_ln20' <Predicate = (trunc_ln18 == 1)> <Delay = 0.42>
ST_2 : Operation 126 [1/1] (0.42ns) (share mux size 2)   --->   "%muxLogicRAMAddr_to_store_ln20 = muxlogic i6 %norm_output_35_addr"   --->   Operation 126 'muxlogic' 'muxLogicRAMAddr_to_store_ln20' <Predicate = (trunc_ln18 == 1)> <Delay = 0.42>
ST_2 : Operation 127 [1/1] ( I:0.62ns O:0.62ns )   --->   "%store_ln20 = store i32 %bitcast_ln20, i6 %norm_output_35_addr" [kernel_FFN.cpp:20]   --->   Operation 127 'store' 'store_ln20' <Predicate = (trunc_ln18 == 1)> <Delay = 0.62> <CoreInst = "RAM_2P_BRAM">   --->   Core 97 'RAM_2P_BRAM' <Latency = 1> <II = 1> <Delay = 0.88> <Storage> <Opcode : 'load' 'store'> <Ports = 2> <Width = 32> <Depth = 48> <RAM>
ST_2 : Operation 128 [1/1] (0.00ns)   --->   "%br_ln20 = br void %arrayidx1.exit.i" [kernel_FFN.cpp:20]   --->   Operation 128 'br' 'br_ln20' <Predicate = (trunc_ln18 == 1)> <Delay = 0.00>
ST_2 : Operation 129 [1/1] (0.42ns) (share mux size 2)   --->   "%muxLogicRAMData_to_store_ln20 = muxlogic i32 %bitcast_ln20"   --->   Operation 129 'muxlogic' 'muxLogicRAMData_to_store_ln20' <Predicate = (trunc_ln18 == 0)> <Delay = 0.42>
ST_2 : Operation 130 [1/1] (0.42ns) (share mux size 2)   --->   "%muxLogicRAMAddr_to_store_ln20 = muxlogic i6 %norm_output_addr"   --->   Operation 130 'muxlogic' 'muxLogicRAMAddr_to_store_ln20' <Predicate = (trunc_ln18 == 0)> <Delay = 0.42>
ST_2 : Operation 131 [1/1] ( I:0.62ns O:0.62ns )   --->   "%store_ln20 = store i32 %bitcast_ln20, i6 %norm_output_addr" [kernel_FFN.cpp:20]   --->   Operation 131 'store' 'store_ln20' <Predicate = (trunc_ln18 == 0)> <Delay = 0.62> <CoreInst = "RAM_2P_BRAM">   --->   Core 97 'RAM_2P_BRAM' <Latency = 1> <II = 1> <Delay = 0.88> <Storage> <Opcode : 'load' 'store'> <Ports = 2> <Width = 32> <Depth = 48> <RAM>
ST_2 : Operation 132 [1/1] (0.00ns)   --->   "%br_ln20 = br void %arrayidx1.exit.i" [kernel_FFN.cpp:20]   --->   Operation 132 'br' 'br_ln20' <Predicate = (trunc_ln18 == 0)> <Delay = 0.00>
ST_2 : Operation 133 [1/1] (0.42ns) (share mux size 2)   --->   "%muxLogicRAMData_to_store_ln20 = muxlogic i32 %bitcast_ln20"   --->   Operation 133 'muxlogic' 'muxLogicRAMData_to_store_ln20' <Predicate = (trunc_ln18 == 15)> <Delay = 0.42>
ST_2 : Operation 134 [1/1] (0.42ns) (share mux size 2)   --->   "%muxLogicRAMAddr_to_store_ln20 = muxlogic i6 %llama_layer_norm_output"   --->   Operation 134 'muxlogic' 'muxLogicRAMAddr_to_store_ln20' <Predicate = (trunc_ln18 == 15)> <Delay = 0.42>
ST_2 : Operation 135 [1/1] ( I:0.62ns O:0.62ns )   --->   "%store_ln20 = store i32 %bitcast_ln20, i6 %llama_layer_norm_output" [kernel_FFN.cpp:20]   --->   Operation 135 'store' 'store_ln20' <Predicate = (trunc_ln18 == 15)> <Delay = 0.62> <CoreInst = "RAM_2P_BRAM">   --->   Core 97 'RAM_2P_BRAM' <Latency = 1> <II = 1> <Delay = 0.88> <Storage> <Opcode : 'load' 'store'> <Ports = 2> <Width = 32> <Depth = 48> <RAM>
ST_2 : Operation 136 [1/1] (0.00ns)   --->   "%br_ln20 = br void %arrayidx1.exit.i" [kernel_FFN.cpp:20]   --->   Operation 136 'br' 'br_ln20' <Predicate = (trunc_ln18 == 15)> <Delay = 0.00>


============================================================
+ Verbose Summary: Timing violations
============================================================
Target clock period: 4.000ns, clock uncertainty: 1.080ns.

 <State 1>: 1.503ns
The critical path consists of the following:
	'store' operation 0 bit ('store_ln18', kernel_FFN.cpp:18) of constant 0 on local variable 'i', kernel_FFN.cpp:18 [52]  (0.393 ns)
	'load' operation 10 bit ('i', kernel_FFN.cpp:18) on local variable 'i', kernel_FFN.cpp:18 [55]  (0.000 ns)
	'add' operation 10 bit ('add_ln18', kernel_FFN.cpp:18) [56]  (0.717 ns)
	'store' operation 0 bit ('store_ln18', kernel_FFN.cpp:18) of variable 'add_ln18', kernel_FFN.cpp:18 on local variable 'i', kernel_FFN.cpp:18 [167]  (0.393 ns)

 <State 2>: 1.140ns
The critical path consists of the following:
	'muxlogic' operation 32 bit ('muxLogicFIFOCE_to_res_strm_read') [66]  (0.000 ns)
	fifo read operation ('res_strm_read', kernel_FFN.cpp:20) on port 'res_strm' (kernel_FFN.cpp:20) [67]  (0.987 ns)
	'muxlogic' operation 0 bit ('muxLogicRAMData_to_store_ln20') [87]  (0.421 ns)
	'store' operation 0 bit ('store_ln20', kernel_FFN.cpp:20) of variable 'bitcast_ln20', kernel_FFN.cpp:20 on array 'p_ZZ11llama_layerE11norm_output_14' [89]  (0.628 ns)


============================================================
+ Verbose Summary: Binding
============================================================
N/A
* FSMD analyzer results:
  - Output states:
 - Input state : 
  - Chain level:
	State 1
	State 2


============================================================
+ Verbose Summary: Datapath Resource usage 
============================================================
N/A
