  **** HLS Build v2025.1 6135595
Sourcing Tcl script 'C:/NCKH/LLama2_110M-Inference_Architecture_on_FPGA/Source_Code/./MHSA.tcl'
INFO: [HLS 200-1510] Running: open_project mhsa_prj 
WARNING: [HLS 200-2182] The 'mhsa_prj' project will not automatically appear within Vitis IDE workspaces and is meant only for TCL batch use.  Please use open_component instead of open_project/open_solution to generate Vitis IDE compatible component files and directory structure.
Resolution: For help on HLS 200-2182 see docs.xilinx.com/access/sources/dita/topic?Doc_Version=2025.1%20English&url=ug1448-hls-guidance&resourceid=200-2182.html
INFO: [HLS 200-10] Opening solution 'C:/NCKH/LLama2_110M-Inference_Architecture_on_FPGA/Source_Code/mhsa_prj'.
INFO: [HLS 200-1510] Running: set_top kernel_mhsa 
INFO: [HLS 200-1510] Running: add_files kernel_MHSA.cpp 
INFO: [HLS 200-10] Adding design file 'kernel_MHSA.cpp' to the project
INFO: [HLS 200-1510] Running: add_files kernel_MHSA.hpp 
INFO: [HLS 200-10] Adding design file 'kernel_MHSA.hpp' to the project
INFO: [HLS 200-1510] Running: add_files kernel_Rope.cpp 
INFO: [HLS 200-10] Adding design file 'kernel_Rope.cpp' to the project
INFO: [HLS 200-1510] Running: add_files kernel_Rope.hpp 
INFO: [HLS 200-10] Adding design file 'kernel_Rope.hpp' to the project
INFO: [HLS 200-1510] Running: add_files kernel_MatMul.cpp 
INFO: [HLS 200-10] Adding design file 'kernel_MatMul.cpp' to the project
INFO: [HLS 200-1510] Running: add_files kernel_MatMul.hpp 
INFO: [HLS 200-10] Adding design file 'kernel_MatMul.hpp' to the project
INFO: [HLS 200-1510] Running: add_files kernel_Softmax.cpp 
INFO: [HLS 200-10] Adding design file 'kernel_Softmax.cpp' to the project
INFO: [HLS 200-1510] Running: add_files kernel_Softmax.hpp 
INFO: [HLS 200-10] Adding design file 'kernel_Softmax.hpp' to the project
INFO: [HLS 200-1510] Running: add_files kernel_RMS_Norm.cpp 
INFO: [HLS 200-10] Adding design file 'kernel_RMS_Norm.cpp' to the project
INFO: [HLS 200-1510] Running: add_files kernel_RMS_Norm.hpp 
INFO: [HLS 200-10] Adding design file 'kernel_RMS_Norm.hpp' to the project
INFO: [HLS 200-1510] Running: add_files tensor.hpp 
INFO: [HLS 200-10] Adding design file 'tensor.hpp' to the project
INFO: [HLS 200-1510] Running: open_solution solution1 
INFO: [HLS 200-10] Opening solution 'C:/NCKH/LLama2_110M-Inference_Architecture_on_FPGA/Source_Code/mhsa_prj/solution1'.
INFO: [SYN 201-201] Setting up clock 'default' with a period of 4ns.
WARNING: [HLS 200-655] The device family 'versalhbm-2MHP' is new to HLS - using 'versalaicore-2HP' characterization library
INFO: [HLS 200-1611] Setting target device to 'xcv80-lsva4737-2MHP-e-S'
INFO: [HLS 200-1505] Using flow_target 'vivado'
Resolution: For help on HLS 200-1505 see docs.xilinx.com/access/sources/dita/topic?Doc_Version=2025.1%20English&url=ug1448-hls-guidance&resourceid=200-1505.html
INFO: [HLS 200-1510] Running: set_part xcv80-lsva4737-2MHP-e-S 
WARNING: [HLS 200-655] The device family 'versalhbm-2MHP' is new to HLS - using 'versalaicore-2HP' characterization library
INFO: [HLS 200-1510] Running: create_clock -period 4 -name default 
INFO: [HLS 200-1510] Running: csynth_design 
INFO: [HLS 200-111] Finished File checks and directory preparation: CPU user time: 0 seconds. CPU system time: 0 seconds. Elapsed time: 1.325 seconds; current allocated memory: 582.980 MB.
INFO: [HLS 200-10] Analyzing design file 'kernel_RMS_Norm.cpp' ... 
WARNING: [HLS 207-1016] unknown warning group '-Wmisleading-indentation', ignored (C:/Xilinx2025/2025.1/Vitis/common/technology/autopilot/etc/hls_sqrt_apfixed.h:16:34)
INFO: [HLS 200-10] Analyzing design file 'kernel_Softmax.cpp' ... 
WARNING: [HLS 207-1016] unknown warning group '-Wmisleading-indentation', ignored (C:/Xilinx2025/2025.1/Vitis/common/technology/autopilot/etc/hls_sqrt_apfixed.h:16:34)
INFO: [HLS 200-10] Analyzing design file 'kernel_MatMul.cpp' ... 
WARNING: [HLS 207-1016] unknown warning group '-Wmisleading-indentation', ignored (C:/Xilinx2025/2025.1/Vitis/common/technology/autopilot/etc/hls_sqrt_apfixed.h:16:34)
WARNING: [HLS 214-114] Since the only kind of statements allowed in a canonical dataflow region are variable declarations and function calls, the compiler may not be able to correctly handle the region (kernel_MatMul.cpp:121:9)
Resolution: For help on HLS 214-114 see docs.xilinx.com/access/sources/dita/topic?Doc_Version=2025.1%20English&url=ug1448-hls-guidance&resourceid=214-114.html
WARNING: [HLS 200-471] Dataflow form checks found 1 issue(s) in file kernel_MatMul.cpp
Resolution: For help on HLS 200-471 see docs.xilinx.com/access/sources/dita/topic?Doc_Version=2025.1%20English&url=ug1448-hls-guidance&resourceid=200-471.html
INFO: [HLS 200-10] Analyzing design file 'kernel_Rope.cpp' ... 
WARNING: [HLS 207-1016] unknown warning group '-Wmisleading-indentation', ignored (C:/Xilinx2025/2025.1/Vitis/common/technology/autopilot/etc/hls_sqrt_apfixed.h:16:34)
INFO: [HLS 200-10] Analyzing design file 'kernel_MHSA.cpp' ... 
WARNING: [HLS 207-1016] unknown warning group '-Wmisleading-indentation', ignored (C:/Xilinx2025/2025.1/Vitis/common/technology/autopilot/etc/hls_sqrt_apfixed.h:16:34)
WARNING: [HLS 207-919] treating Unicode character as whitespace (kernel_MHSA.cpp:12:1)
WARNING: [HLS 207-919] treating Unicode character as whitespace (kernel_MHSA.cpp:12:4)
WARNING: [HLS 207-919] treating Unicode character as whitespace (kernel_MHSA.cpp:13:1)
WARNING: [HLS 207-919] treating Unicode character as whitespace (kernel_MHSA.cpp:13:4)
WARNING: [HLS 207-919] treating Unicode character as whitespace (kernel_MHSA.cpp:13:7)
WARNING: [HLS 207-919] treating Unicode character as whitespace (kernel_MHSA.cpp:13:10)
WARNING: [HLS 207-919] treating Unicode character as whitespace (kernel_MHSA.cpp:14:1)
WARNING: [HLS 207-919] treating Unicode character as whitespace (kernel_MHSA.cpp:14:4)
WARNING: [HLS 207-919] treating Unicode character as whitespace (kernel_MHSA.cpp:14:7)
WARNING: [HLS 207-919] treating Unicode character as whitespace (kernel_MHSA.cpp:14:10)
WARNING: [HLS 207-919] treating Unicode character as whitespace (kernel_MHSA.cpp:15:1)
WARNING: [HLS 207-919] treating Unicode character as whitespace (kernel_MHSA.cpp:15:4)
WARNING: [HLS 207-919] treating Unicode character as whitespace (kernel_MHSA.cpp:15:7)
WARNING: [HLS 207-919] treating Unicode character as whitespace (kernel_MHSA.cpp:15:10)
WARNING: [HLS 207-919] treating Unicode character as whitespace (kernel_MHSA.cpp:16:1)
WARNING: [HLS 207-919] treating Unicode character as whitespace (kernel_MHSA.cpp:16:4)
WARNING: [HLS 207-919] treating Unicode character as whitespace (kernel_MHSA.cpp:21:1)
WARNING: [HLS 207-919] treating Unicode character as whitespace (kernel_MHSA.cpp:21:4)
WARNING: [HLS 207-919] treating Unicode character as whitespace (kernel_MHSA.cpp:21:7)
WARNING: [HLS 207-919] treating Unicode character as whitespace (kernel_MHSA.cpp:21:10)
WARNING: [HLS 207-919] treating Unicode character as whitespace (kernel_MHSA.cpp:21:13)
WARNING: [HLS 207-919] treating Unicode character as whitespace (kernel_MHSA.cpp:21:16)
WARNING: [HLS 207-919] treating Unicode character as whitespace (kernel_MHSA.cpp:21:19)
WARNING: [HLS 207-919] treating Unicode character as whitespace (kernel_MHSA.cpp:21:22)
WARNING: [HLS 207-919] treating Unicode character as whitespace (kernel_MHSA.cpp:21:25)
WARNING: [HLS 207-919] treating Unicode character as whitespace (kernel_MHSA.cpp:21:28)
WARNING: [HLS 207-919] treating Unicode character as whitespace (kernel_MHSA.cpp:21:31)
WARNING: [HLS 207-919] treating Unicode character as whitespace (kernel_MHSA.cpp:21:34)
WARNING: [HLS 207-919] treating Unicode character as whitespace (kernel_MHSA.cpp:21:37)
WARNING: [HLS 207-919] treating Unicode character as whitespace (kernel_MHSA.cpp:21:40)
WARNING: [HLS 207-919] treating Unicode character as whitespace (kernel_MHSA.cpp:21:43)
WARNING: [HLS 207-919] treating Unicode character as whitespace (kernel_MHSA.cpp:22:1)
WARNING: [HLS 207-919] treating Unicode character as whitespace (kernel_MHSA.cpp:22:4)
WARNING: [HLS 207-919] treating Unicode character as whitespace (kernel_MHSA.cpp:22:7)
WARNING: [HLS 207-919] treating Unicode character as whitespace (kernel_MHSA.cpp:22:10)
WARNING: [HLS 207-919] treating Unicode character as whitespace (kernel_MHSA.cpp:22:13)
WARNING: [HLS 207-919] treating Unicode character as whitespace (kernel_MHSA.cpp:22:16)
WARNING: [HLS 207-919] treating Unicode character as whitespace (kernel_MHSA.cpp:22:19)
WARNING: [HLS 207-919] treating Unicode character as whitespace (kernel_MHSA.cpp:22:22)
WARNING: [HLS 207-919] treating Unicode character as whitespace (kernel_MHSA.cpp:22:25)
WARNING: [HLS 207-919] treating Unicode character as whitespace (kernel_MHSA.cpp:22:28)
WARNING: [HLS 207-919] treating Unicode character as whitespace (kernel_MHSA.cpp:22:31)
WARNING: [HLS 207-919] treating Unicode character as whitespace (kernel_MHSA.cpp:22:34)
WARNING: [HLS 207-919] treating Unicode character as whitespace (kernel_MHSA.cpp:22:37)
WARNING: [HLS 207-919] treating Unicode character as whitespace (kernel_MHSA.cpp:22:40)
WARNING: [HLS 207-919] treating Unicode character as whitespace (kernel_MHSA.cpp:22:43)
WARNING: [HLS 207-919] treating Unicode character as whitespace (kernel_MHSA.cpp:23:1)
WARNING: [HLS 207-919] treating Unicode character as whitespace (kernel_MHSA.cpp:23:4)
WARNING: [HLS 207-919] treating Unicode character as whitespace (kernel_MHSA.cpp:23:7)
WARNING: [HLS 207-919] treating Unicode character as whitespace (kernel_MHSA.cpp:23:10)
WARNING: [HLS 207-919] treating Unicode character as whitespace (kernel_MHSA.cpp:23:13)
WARNING: [HLS 207-919] treating Unicode character as whitespace (kernel_MHSA.cpp:23:16)
WARNING: [HLS 207-919] treating Unicode character as whitespace (kernel_MHSA.cpp:23:19)
WARNING: [HLS 207-919] treating Unicode character as whitespace (kernel_MHSA.cpp:23:22)
WARNING: [HLS 207-919] treating Unicode character as whitespace (kernel_MHSA.cpp:23:25)
WARNING: [HLS 207-919] treating Unicode character as whitespace (kernel_MHSA.cpp:23:28)
WARNING: [HLS 207-919] treating Unicode character as whitespace (kernel_MHSA.cpp:23:31)
WARNING: [HLS 207-919] treating Unicode character as whitespace (kernel_MHSA.cpp:23:34)
WARNING: [HLS 207-919] treating Unicode character as whitespace (kernel_MHSA.cpp:23:37)
WARNING: [HLS 207-919] treating Unicode character as whitespace (kernel_MHSA.cpp:23:40)
WARNING: [HLS 207-919] treating Unicode character as whitespace (kernel_MHSA.cpp:23:43)
WARNING: [HLS 207-919] treating Unicode character as whitespace (kernel_MHSA.cpp:24:1)
WARNING: [HLS 207-919] treating Unicode character as whitespace (kernel_MHSA.cpp:24:4)
WARNING: [HLS 207-919] treating Unicode character as whitespace (kernel_MHSA.cpp:24:7)
WARNING: [HLS 207-919] treating Unicode character as whitespace (kernel_MHSA.cpp:24:10)
WARNING: [HLS 207-919] treating Unicode character as whitespace (kernel_MHSA.cpp:24:13)
WARNING: [HLS 207-919] treating Unicode character as whitespace (kernel_MHSA.cpp:24:16)
WARNING: [HLS 207-919] treating Unicode character as whitespace (kernel_MHSA.cpp:24:19)
WARNING: [HLS 207-919] treating Unicode character as whitespace (kernel_MHSA.cpp:24:22)
WARNING: [HLS 207-919] treating Unicode character as whitespace (kernel_MHSA.cpp:24:25)
WARNING: [HLS 207-919] treating Unicode character as whitespace (kernel_MHSA.cpp:24:28)
WARNING: [HLS 207-919] treating Unicode character as whitespace (kernel_MHSA.cpp:24:31)
WARNING: [HLS 207-919] treating Unicode character as whitespace (kernel_MHSA.cpp:24:34)
WARNING: [HLS 207-919] treating Unicode character as whitespace (kernel_MHSA.cpp:24:37)
WARNING: [HLS 207-919] treating Unicode character as whitespace (kernel_MHSA.cpp:24:40)
WARNING: [HLS 207-919] treating Unicode character as whitespace (kernel_MHSA.cpp:24:43)
WARNING: [HLS 207-919] treating Unicode character as whitespace (kernel_MHSA.cpp:25:1)
WARNING: [HLS 207-919] treating Unicode character as whitespace (kernel_MHSA.cpp:25:4)
WARNING: [HLS 207-919] treating Unicode character as whitespace (kernel_MHSA.cpp:25:7)
WARNING: [HLS 207-919] treating Unicode character as whitespace (kernel_MHSA.cpp:25:10)
WARNING: [HLS 207-919] treating Unicode character as whitespace (kernel_MHSA.cpp:25:13)
WARNING: [HLS 207-919] treating Unicode character as whitespace (kernel_MHSA.cpp:25:16)
WARNING: [HLS 207-919] treating Unicode character as whitespace (kernel_MHSA.cpp:25:19)
WARNING: [HLS 207-919] treating Unicode character as whitespace (kernel_MHSA.cpp:25:22)
WARNING: [HLS 207-919] treating Unicode character as whitespace (kernel_MHSA.cpp:25:25)
WARNING: [HLS 207-919] treating Unicode character as whitespace (kernel_MHSA.cpp:25:28)
WARNING: [HLS 207-919] treating Unicode character as whitespace (kernel_MHSA.cpp:25:31)
WARNING: [HLS 207-919] treating Unicode character as whitespace (kernel_MHSA.cpp:25:34)
WARNING: [HLS 207-919] treating Unicode character as whitespace (kernel_MHSA.cpp:25:37)
WARNING: [HLS 207-919] treating Unicode character as whitespace (kernel_MHSA.cpp:25:40)
WARNING: [HLS 207-919] treating Unicode character as whitespace (kernel_MHSA.cpp:25:43)
ERROR: [HLS 207-7] expected ')' (kernel_MHSA.cpp:25:49)
INFO: [HLS 207-66] to match this '(' (kernel_MHSA.cpp:20:29)
WARNING: [HLS 207-919] treating Unicode character as whitespace (kernel_MHSA.cpp:26:1)
WARNING: [HLS 207-919] treating Unicode character as whitespace (kernel_MHSA.cpp:26:4)
WARNING: [HLS 207-919] treating Unicode character as whitespace (kernel_MHSA.cpp:27:1)
WARNING: [HLS 207-919] treating Unicode character as whitespace (kernel_MHSA.cpp:27:4)
WARNING: [HLS 207-5571] unexpected pragma argument '768', expects identifier (kernel_MHSA.cpp:27:69)
WARNING: [HLS 207-919] treating Unicode character as whitespace (kernel_MHSA.cpp:29:1)
WARNING: [HLS 207-919] treating Unicode character as whitespace (kernel_MHSA.cpp:29:4)
WARNING: [HLS 207-919] treating Unicode character as whitespace (kernel_MHSA.cpp:30:1)
WARNING: [HLS 207-919] treating Unicode character as whitespace (kernel_MHSA.cpp:30:4)
WARNING: [HLS 207-919] treating Unicode character as whitespace (kernel_MHSA.cpp:30:7)
WARNING: [HLS 207-919] treating Unicode character as whitespace (kernel_MHSA.cpp:30:10)
WARNING: [HLS 207-919] treating Unicode character as whitespace (kernel_MHSA.cpp:32:1)
WARNING: [HLS 207-919] treating Unicode character as whitespace (kernel_MHSA.cpp:32:4)
WARNING: [HLS 207-919] treating Unicode character as whitespace (kernel_MHSA.cpp:32:7)
WARNING: [HLS 207-919] treating Unicode character as whitespace (kernel_MHSA.cpp:32:10)
WARNING: [HLS 207-919] treating Unicode character as whitespace (kernel_MHSA.cpp:33:1)
WARNING: [HLS 207-919] treating Unicode character as whitespace (kernel_MHSA.cpp:33:4)
WARNING: [HLS 207-919] treating Unicode character as whitespace (kernel_MHSA.cpp:33:7)
WARNING: [HLS 207-919] treating Unicode character as whitespace (kernel_MHSA.cpp:33:10)
WARNING: [HLS 207-919] treating Unicode character as whitespace (kernel_MHSA.cpp:33:13)
WARNING: [HLS 207-919] treating Unicode character as whitespace (kernel_MHSA.cpp:33:16)
WARNING: [HLS 207-919] treating Unicode character as whitespace (kernel_MHSA.cpp:34:1)
WARNING: [HLS 207-919] treating Unicode character as whitespace (kernel_MHSA.cpp:34:4)
WARNING: [HLS 207-919] treating Unicode character as whitespace (kernel_MHSA.cpp:34:7)
WARNING: [HLS 207-919] treating Unicode character as whitespace (kernel_MHSA.cpp:34:10)
WARNING: [HLS 207-919] treating Unicode character as whitespace (kernel_MHSA.cpp:34:13)
WARNING: [HLS 207-919] treating Unicode character as whitespace (kernel_MHSA.cpp:34:16)
WARNING: [HLS 207-919] treating Unicode character as whitespace (kernel_MHSA.cpp:35:1)
WARNING: [HLS 207-919] treating Unicode character as whitespace (kernel_MHSA.cpp:35:4)
WARNING: [HLS 207-919] treating Unicode character as whitespace (kernel_MHSA.cpp:35:7)
WARNING: [HLS 207-919] treating Unicode character as whitespace (kernel_MHSA.cpp:35:10)
WARNING: [HLS 207-919] treating Unicode character as whitespace (kernel_MHSA.cpp:37:1)
WARNING: [HLS 207-919] treating Unicode character as whitespace (kernel_MHSA.cpp:37:4)
WARNING: [HLS 207-919] treating Unicode character as whitespace (kernel_MHSA.cpp:37:7)
WARNING: [HLS 207-919] treating Unicode character as whitespace (kernel_MHSA.cpp:37:10)
WARNING: [HLS 207-919] treating Unicode character as whitespace (kernel_MHSA.cpp:38:1)
WARNING: [HLS 207-919] treating Unicode character as whitespace (kernel_MHSA.cpp:38:4)
WARNING: [HLS 207-919] treating Unicode character as whitespace (kernel_MHSA.cpp:38:7)
WARNING: [HLS 207-919] treating Unicode character as whitespace (kernel_MHSA.cpp:38:10)
WARNING: [HLS 207-919] treating Unicode character as whitespace (kernel_MHSA.cpp:38:13)
WARNING: [HLS 207-919] treating Unicode character as whitespace (kernel_MHSA.cpp:38:16)
WARNING: [HLS 207-919] treating Unicode character as whitespace (kernel_MHSA.cpp:39:1)
WARNING: [HLS 207-919] treating Unicode character as whitespace (kernel_MHSA.cpp:39:4)
WARNING: [HLS 207-919] treating Unicode character as whitespace (kernel_MHSA.cpp:39:7)
WARNING: [HLS 207-919] treating Unicode character as whitespace (kernel_MHSA.cpp:39:10)
WARNING: [HLS 207-919] treating Unicode character as whitespace (kernel_MHSA.cpp:39:13)
WARNING: [HLS 207-919] treating Unicode character as whitespace (kernel_MHSA.cpp:39:16)
WARNING: [HLS 207-919] treating Unicode character as whitespace (kernel_MHSA.cpp:40:1)
WARNING: [HLS 207-919] treating Unicode character as whitespace (kernel_MHSA.cpp:40:4)
WARNING: [HLS 207-919] treating Unicode character as whitespace (kernel_MHSA.cpp:40:7)
WARNING: [HLS 207-919] treating Unicode character as whitespace (kernel_MHSA.cpp:40:10)
WARNING: [HLS 207-919] treating Unicode character as whitespace (kernel_MHSA.cpp:40:13)
WARNING: [HLS 207-919] treating Unicode character as whitespace (kernel_MHSA.cpp:40:16)
WARNING: [HLS 207-919] treating Unicode character as whitespace (kernel_MHSA.cpp:41:1)
WARNING: [HLS 207-919] treating Unicode character as whitespace (kernel_MHSA.cpp:41:4)
WARNING: [HLS 207-919] treating Unicode character as whitespace (kernel_MHSA.cpp:41:7)
WARNING: [HLS 207-919] treating Unicode character as whitespace (kernel_MHSA.cpp:41:10)
WARNING: [HLS 207-919] treating Unicode character as whitespace (kernel_MHSA.cpp:41:13)
WARNING: [HLS 207-919] treating Unicode character as whitespace (kernel_MHSA.cpp:41:16)
WARNING: [HLS 207-919] treating Unicode character as whitespace (kernel_MHSA.cpp:41:19)
WARNING: [HLS 207-919] treating Unicode character as whitespace (kernel_MHSA.cpp:41:22)
WARNING: [HLS 207-919] treating Unicode character as whitespace (kernel_MHSA.cpp:42:1)
WARNING: [HLS 207-919] treating Unicode character as whitespace (kernel_MHSA.cpp:42:4)
WARNING: [HLS 207-919] treating Unicode character as whitespace (kernel_MHSA.cpp:42:7)
WARNING: [HLS 207-919] treating Unicode character as whitespace (kernel_MHSA.cpp:42:10)
WARNING: [HLS 207-919] treating Unicode character as whitespace (kernel_MHSA.cpp:42:13)
WARNING: [HLS 207-919] treating Unicode character as whitespace (kernel_MHSA.cpp:42:16)
WARNING: [HLS 207-919] treating Unicode character as whitespace (kernel_MHSA.cpp:42:19)
WARNING: [HLS 207-919] treating Unicode character as whitespace (kernel_MHSA.cpp:42:22)
WARNING: [HLS 207-919] treating Unicode character as whitespace (kernel_MHSA.cpp:43:1)
WARNING: [HLS 207-919] treating Unicode character as whitespace (kernel_MHSA.cpp:43:4)
WARNING: [HLS 207-919] treating Unicode character as whitespace (kernel_MHSA.cpp:43:7)
WARNING: [HLS 207-919] treating Unicode character as whitespace (kernel_MHSA.cpp:43:10)
WARNING: [HLS 207-919] treating Unicode character as whitespace (kernel_MHSA.cpp:43:13)
WARNING: [HLS 207-919] treating Unicode character as whitespace (kernel_MHSA.cpp:43:16)
WARNING: [HLS 207-919] treating Unicode character as whitespace (kernel_MHSA.cpp:44:1)
WARNING: [HLS 207-919] treating Unicode character as whitespace (kernel_MHSA.cpp:44:4)
WARNING: [HLS 207-919] treating Unicode character as whitespace (kernel_MHSA.cpp:44:7)
WARNING: [HLS 207-919] treating Unicode character as whitespace (kernel_MHSA.cpp:44:10)
WARNING: [HLS 207-919] treating Unicode character as whitespace (kernel_MHSA.cpp:44:13)
WARNING: [HLS 207-919] treating Unicode character as whitespace (kernel_MHSA.cpp:44:16)
WARNING: [HLS 207-919] treating Unicode character as whitespace (kernel_MHSA.cpp:45:1)
WARNING: [HLS 207-919] treating Unicode character as whitespace (kernel_MHSA.cpp:45:4)
WARNING: [HLS 207-919] treating Unicode character as whitespace (kernel_MHSA.cpp:45:7)
WARNING: [HLS 207-919] treating Unicode character as whitespace (kernel_MHSA.cpp:45:10)
WARNING: [HLS 207-919] treating Unicode character as whitespace (kernel_MHSA.cpp:46:1)
WARNING: [HLS 207-919] treating Unicode character as whitespace (kernel_MHSA.cpp:46:4)
WARNING: [HLS 207-919] treating Unicode character as whitespace (kernel_MHSA.cpp:51:1)
WARNING: [HLS 207-919] treating Unicode character as whitespace (kernel_MHSA.cpp:51:4)
WARNING: [HLS 207-919] treating Unicode character as whitespace (kernel_MHSA.cpp:51:7)
WARNING: [HLS 207-919] treating Unicode character as whitespace (kernel_MHSA.cpp:51:10)
WARNING: [HLS 207-919] treating Unicode character as whitespace (kernel_MHSA.cpp:51:13)
WARNING: [HLS 207-919] treating Unicode character as whitespace (kernel_MHSA.cpp:51:16)
WARNING: [HLS 207-919] treating Unicode character as whitespace (kernel_MHSA.cpp:51:19)
WARNING: [HLS 207-919] treating Unicode character as whitespace (kernel_MHSA.cpp:51:22)
WARNING: [HLS 207-919] treating Unicode character as whitespace (kernel_MHSA.cpp:51:25)
WARNING: [HLS 207-919] treating Unicode character as whitespace (kernel_MHSA.cpp:51:28)
WARNING: [HLS 207-919] treating Unicode character as whitespace (kernel_MHSA.cpp:51:31)
WARNING: [HLS 207-919] treating Unicode character as whitespace (kernel_MHSA.cpp:51:34)
WARNING: [HLS 207-919] treating Unicode character as whitespace (kernel_MHSA.cpp:51:37)
WARNING: [HLS 207-919] treating Unicode character as whitespace (kernel_MHSA.cpp:51:40)
WARNING: [HLS 207-919] treating Unicode character as whitespace (kernel_MHSA.cpp:51:43)
WARNING: [HLS 207-919] treating Unicode character as whitespace (kernel_MHSA.cpp:51:46)
WARNING: [HLS 207-919] treating Unicode character as whitespace (kernel_MHSA.cpp:52:1)
WARNING: [HLS 207-919] treating Unicode character as whitespace (kernel_MHSA.cpp:52:4)
WARNING: [HLS 207-919] treating Unicode character as whitespace (kernel_MHSA.cpp:52:7)
WARNING: [HLS 207-919] treating Unicode character as whitespace (kernel_MHSA.cpp:52:10)
WARNING: [HLS 207-919] treating Unicode character as whitespace (kernel_MHSA.cpp:52:13)
WARNING: [HLS 207-919] treating Unicode character as whitespace (kernel_MHSA.cpp:52:16)
WARNING: [HLS 207-919] treating Unicode character as whitespace (kernel_MHSA.cpp:52:19)
WARNING: [HLS 207-919] treating Unicode character as whitespace (kernel_MHSA.cpp:52:22)
WARNING: [HLS 207-919] treating Unicode character as whitespace (kernel_MHSA.cpp:52:25)
WARNING: [HLS 207-919] treating Unicode character as whitespace (kernel_MHSA.cpp:52:28)
WARNING: [HLS 207-919] treating Unicode character as whitespace (kernel_MHSA.cpp:52:31)
WARNING: [HLS 207-919] treating Unicode character as whitespace (kernel_MHSA.cpp:52:34)
WARNING: [HLS 207-919] treating Unicode character as whitespace (kernel_MHSA.cpp:52:37)
WARNING: [HLS 207-919] treating Unicode character as whitespace (kernel_MHSA.cpp:52:40)
WARNING: [HLS 207-919] treating Unicode character as whitespace (kernel_MHSA.cpp:52:43)
WARNING: [HLS 207-919] treating Unicode character as whitespace (kernel_MHSA.cpp:52:46)
WARNING: [HLS 207-919] treating Unicode character as whitespace (kernel_MHSA.cpp:53:1)
WARNING: [HLS 207-919] treating Unicode character as whitespace (kernel_MHSA.cpp:53:4)
WARNING: [HLS 207-919] treating Unicode character as whitespace (kernel_MHSA.cpp:53:7)
WARNING: [HLS 207-919] treating Unicode character as whitespace (kernel_MHSA.cpp:53:10)
WARNING: [HLS 207-919] treating Unicode character as whitespace (kernel_MHSA.cpp:53:13)
WARNING: [HLS 207-919] treating Unicode character as whitespace (kernel_MHSA.cpp:53:16)
WARNING: [HLS 207-919] treating Unicode character as whitespace (kernel_MHSA.cpp:53:19)
WARNING: [HLS 207-919] treating Unicode character as whitespace (kernel_MHSA.cpp:53:22)
WARNING: [HLS 207-919] treating Unicode character as whitespace (kernel_MHSA.cpp:53:25)
WARNING: [HLS 207-919] treating Unicode character as whitespace (kernel_MHSA.cpp:53:28)
WARNING: [HLS 207-919] treating Unicode character as whitespace (kernel_MHSA.cpp:53:31)
WARNING: [HLS 207-919] treating Unicode character as whitespace (kernel_MHSA.cpp:53:34)
WARNING: [HLS 207-919] treating Unicode character as whitespace (kernel_MHSA.cpp:53:37)
WARNING: [HLS 207-919] treating Unicode character as whitespace (kernel_MHSA.cpp:53:40)
WARNING: [HLS 207-919] treating Unicode character as whitespace (kernel_MHSA.cpp:53:43)
WARNING: [HLS 207-919] treating Unicode character as whitespace (kernel_MHSA.cpp:53:46)
WARNING: [HLS 207-919] treating Unicode character as whitespace (kernel_MHSA.cpp:54:1)
WARNING: [HLS 207-919] treating Unicode character as whitespace (kernel_MHSA.cpp:54:4)
WARNING: [HLS 207-919] treating Unicode character as whitespace (kernel_MHSA.cpp:54:7)
WARNING: [HLS 207-919] treating Unicode character as whitespace (kernel_MHSA.cpp:54:10)
WARNING: [HLS 207-919] treating Unicode character as whitespace (kernel_MHSA.cpp:54:13)
WARNING: [HLS 207-919] treating Unicode character as whitespace (kernel_MHSA.cpp:54:16)
WARNING: [HLS 207-919] treating Unicode character as whitespace (kernel_MHSA.cpp:54:19)
WARNING: [HLS 207-919] treating Unicode character as whitespace (kernel_MHSA.cpp:54:22)
WARNING: [HLS 207-919] treating Unicode character as whitespace (kernel_MHSA.cpp:54:25)
WARNING: [HLS 207-919] treating Unicode character as whitespace (kernel_MHSA.cpp:54:28)
WARNING: [HLS 207-919] treating Unicode character as whitespace (kernel_MHSA.cpp:54:31)
WARNING: [HLS 207-919] treating Unicode character as whitespace (kernel_MHSA.cpp:54:34)
WARNING: [HLS 207-919] treating Unicode character as whitespace (kernel_MHSA.cpp:54:37)
WARNING: [HLS 207-919] treating Unicode character as whitespace (kernel_MHSA.cpp:54:40)
WARNING: [HLS 207-919] treating Unicode character as whitespace (kernel_MHSA.cpp:54:43)
WARNING: [HLS 207-919] treating Unicode character as whitespace (kernel_MHSA.cpp:54:46)
WARNING: [HLS 207-919] treating Unicode character as whitespace (kernel_MHSA.cpp:55:1)
WARNING: [HLS 207-919] treating Unicode character as whitespace (kernel_MHSA.cpp:55:4)
WARNING: [HLS 207-919] treating Unicode character as whitespace (kernel_MHSA.cpp:55:7)
WARNING: [HLS 207-919] treating Unicode character as whitespace (kernel_MHSA.cpp:55:10)
WARNING: [HLS 207-919] treating Unicode character as whitespace (kernel_MHSA.cpp:55:13)
WARNING: [HLS 207-919] treating Unicode character as whitespace (kernel_MHSA.cpp:55:16)
WARNING: [HLS 207-919] treating Unicode character as whitespace (kernel_MHSA.cpp:55:19)
WARNING: [HLS 207-919] treating Unicode character as whitespace (kernel_MHSA.cpp:55:22)
WARNING: [HLS 207-919] treating Unicode character as whitespace (kernel_MHSA.cpp:55:25)
WARNING: [HLS 207-919] treating Unicode character as whitespace (kernel_MHSA.cpp:55:28)
WARNING: [HLS 207-919] treating Unicode character as whitespace (kernel_MHSA.cpp:55:31)
WARNING: [HLS 207-919] treating Unicode character as whitespace (kernel_MHSA.cpp:55:34)
WARNING: [HLS 207-919] treating Unicode character as whitespace (kernel_MHSA.cpp:55:37)
WARNING: [HLS 207-919] treating Unicode character as whitespace (kernel_MHSA.cpp:55:40)
WARNING: [HLS 207-919] treating Unicode character as whitespace (kernel_MHSA.cpp:55:43)
WARNING: [HLS 207-919] treating Unicode character as whitespace (kernel_MHSA.cpp:55:46)
ERROR: [HLS 207-7] expected ')' (kernel_MHSA.cpp:55:53)
INFO: [HLS 207-66] to match this '(' (kernel_MHSA.cpp:50:32)
WARNING: [HLS 207-919] treating Unicode character as whitespace (kernel_MHSA.cpp:56:1)
WARNING: [HLS 207-919] treating Unicode character as whitespace (kernel_MHSA.cpp:56:4)
WARNING: [HLS 207-919] treating Unicode character as whitespace (kernel_MHSA.cpp:57:1)
WARNING: [HLS 207-919] treating Unicode character as whitespace (kernel_MHSA.cpp:57:4)
WARNING: [HLS 207-5571] unexpected pragma argument '768', expects identifier (kernel_MHSA.cpp:57:71)
WARNING: [HLS 207-919] treating Unicode character as whitespace (kernel_MHSA.cpp:59:1)
WARNING: [HLS 207-919] treating Unicode character as whitespace (kernel_MHSA.cpp:59:4)
WARNING: [HLS 207-919] treating Unicode character as whitespace (kernel_MHSA.cpp:60:1)
WARNING: [HLS 207-919] treating Unicode character as whitespace (kernel_MHSA.cpp:60:4)
WARNING: [HLS 207-919] treating Unicode character as whitespace (kernel_MHSA.cpp:60:7)
WARNING: [HLS 207-919] treating Unicode character as whitespace (kernel_MHSA.cpp:60:10)
WARNING: [HLS 207-919] treating Unicode character as whitespace (kernel_MHSA.cpp:62:1)
WARNING: [HLS 207-919] treating Unicode character as whitespace (kernel_MHSA.cpp:62:4)
WARNING: [HLS 207-919] treating Unicode character as whitespace (kernel_MHSA.cpp:62:7)
WARNING: [HLS 207-919] treating Unicode character as whitespace (kernel_MHSA.cpp:62:10)
WARNING: [HLS 207-919] treating Unicode character as whitespace (kernel_MHSA.cpp:63:1)
WARNING: [HLS 207-919] treating Unicode character as whitespace (kernel_MHSA.cpp:63:4)
WARNING: [HLS 207-919] treating Unicode character as whitespace (kernel_MHSA.cpp:63:7)
WARNING: [HLS 207-919] treating Unicode character as whitespace (kernel_MHSA.cpp:63:10)
WARNING: [HLS 207-919] treating Unicode character as whitespace (kernel_MHSA.cpp:63:13)
WARNING: [HLS 207-919] treating Unicode character as whitespace (kernel_MHSA.cpp:63:16)
WARNING: [HLS 207-919] treating Unicode character as whitespace (kernel_MHSA.cpp:64:1)
WARNING: [HLS 207-919] treating Unicode character as whitespace (kernel_MHSA.cpp:64:4)
WARNING: [HLS 207-919] treating Unicode character as whitespace (kernel_MHSA.cpp:64:7)
WARNING: [HLS 207-919] treating Unicode character as whitespace (kernel_MHSA.cpp:64:10)
WARNING: [HLS 207-919] treating Unicode character as whitespace (kernel_MHSA.cpp:64:13)
WARNING: [HLS 207-919] treating Unicode character as whitespace (kernel_MHSA.cpp:64:16)
WARNING: [HLS 207-919] treating Unicode character as whitespace (kernel_MHSA.cpp:65:1)
WARNING: [HLS 207-919] treating Unicode character as whitespace (kernel_MHSA.cpp:65:4)
WARNING: [HLS 207-919] treating Unicode character as whitespace (kernel_MHSA.cpp:65:7)
WARNING: [HLS 207-919] treating Unicode character as whitespace (kernel_MHSA.cpp:65:10)
WARNING: [HLS 207-919] treating Unicode character as whitespace (kernel_MHSA.cpp:67:1)
WARNING: [HLS 207-919] treating Unicode character as whitespace (kernel_MHSA.cpp:67:4)
WARNING: [HLS 207-919] treating Unicode character as whitespace (kernel_MHSA.cpp:67:7)
WARNING: [HLS 207-919] treating Unicode character as whitespace (kernel_MHSA.cpp:67:10)
WARNING: [HLS 207-919] treating Unicode character as whitespace (kernel_MHSA.cpp:68:1)
WARNING: [HLS 207-919] treating Unicode character as whitespace (kernel_MHSA.cpp:68:4)
WARNING: [HLS 207-919] treating Unicode character as whitespace (kernel_MHSA.cpp:68:7)
WARNING: [HLS 207-919] treating Unicode character as whitespace (kernel_MHSA.cpp:68:10)
WARNING: [HLS 207-919] treating Unicode character as whitespace (kernel_MHSA.cpp:68:13)
WARNING: [HLS 207-919] treating Unicode character as whitespace (kernel_MHSA.cpp:68:16)
WARNING: [HLS 207-919] treating Unicode character as whitespace (kernel_MHSA.cpp:69:1)
WARNING: [HLS 207-919] treating Unicode character as whitespace (kernel_MHSA.cpp:69:4)
WARNING: [HLS 207-919] treating Unicode character as whitespace (kernel_MHSA.cpp:69:7)
WARNING: [HLS 207-919] treating Unicode character as whitespace (kernel_MHSA.cpp:69:10)
WARNING: [HLS 207-919] treating Unicode character as whitespace (kernel_MHSA.cpp:69:13)
WARNING: [HLS 207-919] treating Unicode character as whitespace (kernel_MHSA.cpp:69:16)
WARNING: [HLS 207-919] treating Unicode character as whitespace (kernel_MHSA.cpp:70:1)
WARNING: [HLS 207-919] treating Unicode character as whitespace (kernel_MHSA.cpp:70:4)
WARNING: [HLS 207-919] treating Unicode character as whitespace (kernel_MHSA.cpp:70:7)
WARNING: [HLS 207-919] treating Unicode character as whitespace (kernel_MHSA.cpp:70:10)
WARNING: [HLS 207-919] treating Unicode character as whitespace (kernel_MHSA.cpp:70:13)
WARNING: [HLS 207-919] treating Unicode character as whitespace (kernel_MHSA.cpp:70:16)
WARNING: [HLS 207-919] treating Unicode character as whitespace (kernel_MHSA.cpp:71:1)
WARNING: [HLS 207-919] treating Unicode character as whitespace (kernel_MHSA.cpp:71:4)
WARNING: [HLS 207-919] treating Unicode character as whitespace (kernel_MHSA.cpp:71:7)
WARNING: [HLS 207-919] treating Unicode character as whitespace (kernel_MHSA.cpp:71:10)
WARNING: [HLS 207-919] treating Unicode character as whitespace (kernel_MHSA.cpp:71:13)
WARNING: [HLS 207-919] treating Unicode character as whitespace (kernel_MHSA.cpp:71:16)
WARNING: [HLS 207-919] treating Unicode character as whitespace (kernel_MHSA.cpp:71:19)
WARNING: [HLS 207-919] treating Unicode character as whitespace (kernel_MHSA.cpp:71:22)
WARNING: [HLS 207-919] treating Unicode character as whitespace (kernel_MHSA.cpp:72:1)
WARNING: [HLS 207-919] treating Unicode character as whitespace (kernel_MHSA.cpp:72:4)
WARNING: [HLS 207-919] treating Unicode character as whitespace (kernel_MHSA.cpp:72:7)
WARNING: [HLS 207-919] treating Unicode character as whitespace (kernel_MHSA.cpp:72:10)
WARNING: [HLS 207-919] treating Unicode character as whitespace (kernel_MHSA.cpp:72:13)
WARNING: [HLS 207-919] treating Unicode character as whitespace (kernel_MHSA.cpp:72:16)
WARNING: [HLS 207-919] treating Unicode character as whitespace (kernel_MHSA.cpp:72:19)
WARNING: [HLS 207-919] treating Unicode character as whitespace (kernel_MHSA.cpp:72:22)
WARNING: [HLS 207-919] treating Unicode character as whitespace (kernel_MHSA.cpp:73:1)
WARNING: [HLS 207-919] treating Unicode character as whitespace (kernel_MHSA.cpp:73:4)
WARNING: [HLS 207-919] treating Unicode character as whitespace (kernel_MHSA.cpp:73:7)
WARNING: [HLS 207-919] treating Unicode character as whitespace (kernel_MHSA.cpp:73:10)
WARNING: [HLS 207-919] treating Unicode character as whitespace (kernel_MHSA.cpp:73:13)
WARNING: [HLS 207-919] treating Unicode character as whitespace (kernel_MHSA.cpp:73:16)
WARNING: [HLS 207-919] treating Unicode character as whitespace (kernel_MHSA.cpp:74:1)
WARNING: [HLS 207-919] treating Unicode character as whitespace (kernel_MHSA.cpp:74:4)
WARNING: [HLS 207-919] treating Unicode character as whitespace (kernel_MHSA.cpp:74:7)
WARNING: [HLS 207-919] treating Unicode character as whitespace (kernel_MHSA.cpp:74:10)
WARNING: [HLS 207-919] treating Unicode character as whitespace (kernel_MHSA.cpp:75:1)
WARNING: [HLS 207-919] treating Unicode character as whitespace (kernel_MHSA.cpp:75:4)
WARNING: [HLS 207-919] treating Unicode character as whitespace (kernel_MHSA.cpp:80:1)
WARNING: [HLS 207-919] treating Unicode character as whitespace (kernel_MHSA.cpp:80:4)
WARNING: [HLS 207-919] treating Unicode character as whitespace (kernel_MHSA.cpp:80:7)
WARNING: [HLS 207-919] treating Unicode character as whitespace (kernel_MHSA.cpp:80:10)
WARNING: [HLS 207-919] treating Unicode character as whitespace (kernel_MHSA.cpp:80:13)
WARNING: [HLS 207-919] treating Unicode character as whitespace (kernel_MHSA.cpp:80:16)
WARNING: [HLS 207-919] treating Unicode character as whitespace (kernel_MHSA.cpp:80:19)
WARNING: [HLS 207-919] treating Unicode character as whitespace (kernel_MHSA.cpp:80:22)
WARNING: [HLS 207-919] treating Unicode character as whitespace (kernel_MHSA.cpp:80:25)
WARNING: [HLS 207-919] treating Unicode character as whitespace (kernel_MHSA.cpp:81:1)
WARNING: [HLS 207-919] treating Unicode character as whitespace (kernel_MHSA.cpp:81:4)
WARNING: [HLS 207-919] treating Unicode character as whitespace (kernel_MHSA.cpp:81:7)
WARNING: [HLS 207-919] treating Unicode character as whitespace (kernel_MHSA.cpp:81:10)
WARNING: [HLS 207-919] treating Unicode character as whitespace (kernel_MHSA.cpp:81:13)
WARNING: [HLS 207-919] treating Unicode character as whitespace (kernel_MHSA.cpp:81:16)
WARNING: [HLS 207-919] treating Unicode character as whitespace (kernel_MHSA.cpp:81:19)
WARNING: [HLS 207-919] treating Unicode character as whitespace (kernel_MHSA.cpp:81:22)
WARNING: [HLS 207-919] treating Unicode character as whitespace (kernel_MHSA.cpp:81:25)
WARNING: [HLS 207-919] treating Unicode character as whitespace (kernel_MHSA.cpp:82:1)
WARNING: [HLS 207-919] treating Unicode character as whitespace (kernel_MHSA.cpp:82:4)
WARNING: [HLS 207-919] treating Unicode character as whitespace (kernel_MHSA.cpp:82:7)
WARNING: [HLS 207-919] treating Unicode character as whitespace (kernel_MHSA.cpp:82:10)
WARNING: [HLS 207-919] treating Unicode character as whitespace (kernel_MHSA.cpp:82:13)
WARNING: [HLS 207-919] treating Unicode character as whitespace (kernel_MHSA.cpp:82:16)
WARNING: [HLS 207-919] treating Unicode character as whitespace (kernel_MHSA.cpp:82:19)
WARNING: [HLS 207-919] treating Unicode character as whitespace (kernel_MHSA.cpp:82:22)
WARNING: [HLS 207-919] treating Unicode character as whitespace (kernel_MHSA.cpp:82:25)
WARNING: [HLS 207-919] treating Unicode character as whitespace (kernel_MHSA.cpp:83:1)
WARNING: [HLS 207-919] treating Unicode character as whitespace (kernel_MHSA.cpp:83:4)
WARNING: [HLS 207-919] treating Unicode character as whitespace (kernel_MHSA.cpp:83:7)
WARNING: [HLS 207-919] treating Unicode character as whitespace (kernel_MHSA.cpp:83:10)
WARNING: [HLS 207-919] treating Unicode character as whitespace (kernel_MHSA.cpp:83:13)
WARNING: [HLS 207-919] treating Unicode character as whitespace (kernel_MHSA.cpp:83:16)
WARNING: [HLS 207-919] treating Unicode character as whitespace (kernel_MHSA.cpp:83:19)
WARNING: [HLS 207-919] treating Unicode character as whitespace (kernel_MHSA.cpp:83:22)
WARNING: [HLS 207-919] treating Unicode character as whitespace (kernel_MHSA.cpp:83:25)
WARNING: [HLS 207-919] treating Unicode character as whitespace (kernel_MHSA.cpp:92:1)
WARNING: [HLS 207-919] treating Unicode character as whitespace (kernel_MHSA.cpp:92:4)
WARNING: [HLS 207-919] treating Unicode character as whitespace (kernel_MHSA.cpp:93:1)
WARNING: [HLS 207-919] treating Unicode character as whitespace (kernel_MHSA.cpp:93:4)
WARNING: [HLS 207-919] treating Unicode character as whitespace (kernel_MHSA.cpp:94:1)
WARNING: [HLS 207-919] treating Unicode character as whitespace (kernel_MHSA.cpp:94:4)
WARNING: [HLS 207-919] treating Unicode character as whitespace (kernel_MHSA.cpp:96:1)
WARNING: [HLS 207-919] treating Unicode character as whitespace (kernel_MHSA.cpp:96:4)
WARNING: [HLS 207-919] treating Unicode character as whitespace (kernel_MHSA.cpp:97:1)
WARNING: [HLS 207-919] treating Unicode character as whitespace (kernel_MHSA.cpp:97:4)
WARNING: [HLS 207-919] treating Unicode character as whitespace (kernel_MHSA.cpp:98:1)
WARNING: [HLS 207-919] treating Unicode character as whitespace (kernel_MHSA.cpp:98:4)
WARNING: [HLS 207-919] treating Unicode character as whitespace (kernel_MHSA.cpp:99:1)
WARNING: [HLS 207-919] treating Unicode character as whitespace (kernel_MHSA.cpp:99:4)
WARNING: [HLS 207-919] treating Unicode character as whitespace (kernel_MHSA.cpp:100:1)
WARNING: [HLS 207-919] treating Unicode character as whitespace (kernel_MHSA.cpp:100:4)
WARNING: [HLS 207-919] treating Unicode character as whitespace (kernel_MHSA.cpp:101:1)
WARNING: [HLS 207-919] treating Unicode character as whitespace (kernel_MHSA.cpp:101:4)
WARNING: [HLS 207-919] treating Unicode character as whitespace (kernel_MHSA.cpp:102:1)
WARNING: [HLS 207-919] treating Unicode character as whitespace (kernel_MHSA.cpp:102:4)
WARNING: [HLS 207-919] treating Unicode character as whitespace (kernel_MHSA.cpp:103:1)
WARNING: [HLS 207-919] treating Unicode character as whitespace (kernel_MHSA.cpp:103:4)
WARNING: [HLS 207-919] treating Unicode character as whitespace (kernel_MHSA.cpp:104:1)
WARNING: [HLS 207-919] treating Unicode character as whitespace (kernel_MHSA.cpp:104:4)
WARNING: [HLS 207-919] treating Unicode character as whitespace (kernel_MHSA.cpp:105:1)
WARNING: [HLS 207-919] treating Unicode character as whitespace (kernel_MHSA.cpp:105:4)
WARNING: [HLS 207-919] treating Unicode character as whitespace (kernel_MHSA.cpp:107:1)
WARNING: [HLS 207-919] treating Unicode character as whitespace (kernel_MHSA.cpp:107:4)
WARNING: [HLS 207-5571] unexpected pragma argument '768', expects identifier (kernel_MHSA.cpp:107:71)
WARNING: [HLS 207-919] treating Unicode character as whitespace (kernel_MHSA.cpp:108:1)
WARNING: [HLS 207-919] treating Unicode character as whitespace (kernel_MHSA.cpp:108:4)
WARNING: [HLS 207-5571] unexpected pragma argument '768', expects identifier (kernel_MHSA.cpp:108:72)
WARNING: [HLS 207-919] treating Unicode character as whitespace (kernel_MHSA.cpp:109:1)
WARNING: [HLS 207-919] treating Unicode character as whitespace (kernel_MHSA.cpp:109:4)
WARNING: [HLS 207-5571] unexpected pragma argument '768', expects identifier (kernel_MHSA.cpp:109:66)
WARNING: [HLS 207-919] treating Unicode character as whitespace (kernel_MHSA.cpp:110:1)
WARNING: [HLS 207-919] treating Unicode character as whitespace (kernel_MHSA.cpp:110:4)
WARNING: [HLS 207-5571] unexpected pragma argument '768', expects identifier (kernel_MHSA.cpp:110:71)
WARNING: [HLS 207-919] treating Unicode character as whitespace (kernel_MHSA.cpp:111:1)
WARNING: [HLS 207-919] treating Unicode character as whitespace (kernel_MHSA.cpp:111:4)
WARNING: [HLS 207-5571] unexpected pragma argument '768', expects identifier (kernel_MHSA.cpp:111:66)
WARNING: [HLS 207-919] treating Unicode character as whitespace (kernel_MHSA.cpp:112:1)
WARNING: [HLS 207-919] treating Unicode character as whitespace (kernel_MHSA.cpp:112:4)
WARNING: [HLS 207-5571] unexpected pragma argument '768', expects identifier (kernel_MHSA.cpp:112:71)
WARNING: [HLS 207-919] treating Unicode character as whitespace (kernel_MHSA.cpp:113:1)
WARNING: [HLS 207-919] treating Unicode character as whitespace (kernel_MHSA.cpp:113:4)
WARNING: [HLS 207-5571] unexpected pragma argument '768', expects identifier (kernel_MHSA.cpp:113:66)
WARNING: [HLS 207-919] treating Unicode character as whitespace (kernel_MHSA.cpp:114:1)
WARNING: [HLS 207-919] treating Unicode character as whitespace (kernel_MHSA.cpp:114:4)
WARNING: [HLS 207-5571] unexpected pragma argument '768', expects identifier (kernel_MHSA.cpp:114:63)
WARNING: [HLS 207-919] treating Unicode character as whitespace (kernel_MHSA.cpp:115:1)
WARNING: [HLS 207-919] treating Unicode character as whitespace (kernel_MHSA.cpp:115:4)
WARNING: [HLS 207-5571] unexpected pragma argument '768', expects identifier (kernel_MHSA.cpp:115:64)
WARNING: [HLS 207-919] treating Unicode character as whitespace (kernel_MHSA.cpp:117:1)
WARNING: [HLS 207-919] treating Unicode character as whitespace (kernel_MHSA.cpp:117:4)
WARNING: [HLS 207-919] treating Unicode character as whitespace (kernel_MHSA.cpp:118:1)
WARNING: [HLS 207-919] treating Unicode character as whitespace (kernel_MHSA.cpp:118:4)
WARNING: [HLS 207-919] treating Unicode character as whitespace (kernel_MHSA.cpp:119:1)
WARNING: [HLS 207-919] treating Unicode character as whitespace (kernel_MHSA.cpp:119:4)
WARNING: [HLS 207-5571] unexpected pragma argument '768', expects identifier (kernel_MHSA.cpp:119:74)
WARNING: [HLS 207-919] treating Unicode character as whitespace (kernel_MHSA.cpp:121:1)
WARNING: [HLS 207-919] treating Unicode character as whitespace (kernel_MHSA.cpp:121:4)
WARNING: [HLS 207-919] treating Unicode character as whitespace (kernel_MHSA.cpp:122:1)
WARNING: [HLS 207-919] treating Unicode character as whitespace (kernel_MHSA.cpp:122:4)
WARNING: [HLS 207-919] treating Unicode character as whitespace (kernel_MHSA.cpp:122:7)
WARNING: [HLS 207-919] treating Unicode character as whitespace (kernel_MHSA.cpp:122:10)
WARNING: [HLS 207-919] treating Unicode character as whitespace (kernel_MHSA.cpp:123:1)
WARNING: [HLS 207-919] treating Unicode character as whitespace (kernel_MHSA.cpp:123:4)
WARNING: [HLS 207-919] treating Unicode character as whitespace (kernel_MHSA.cpp:123:7)
WARNING: [HLS 207-919] treating Unicode character as whitespace (kernel_MHSA.cpp:123:10)
WARNING: [HLS 207-919] treating Unicode character as whitespace (kernel_MHSA.cpp:124:1)
WARNING: [HLS 207-919] treating Unicode character as whitespace (kernel_MHSA.cpp:124:4)
WARNING: [HLS 207-919] treating Unicode character as whitespace (kernel_MHSA.cpp:126:1)
WARNING: [HLS 207-919] treating Unicode character as whitespace (kernel_MHSA.cpp:126:4)
WARNING: [HLS 207-919] treating Unicode character as whitespace (kernel_MHSA.cpp:127:1)
WARNING: [HLS 207-919] treating Unicode character as whitespace (kernel_MHSA.cpp:127:4)
WARNING: [HLS 207-919] treating Unicode character as whitespace (kernel_MHSA.cpp:128:1)
WARNING: [HLS 207-919] treating Unicode character as whitespace (kernel_MHSA.cpp:128:4)
WARNING: [HLS 207-919] treating Unicode character as whitespace (kernel_MHSA.cpp:128:7)
WARNING: [HLS 207-919] treating Unicode character as whitespace (kernel_MHSA.cpp:128:10)
WARNING: [HLS 207-919] treating Unicode character as whitespace (kernel_MHSA.cpp:129:1)
WARNING: [HLS 207-919] treating Unicode character as whitespace (kernel_MHSA.cpp:129:4)
WARNING: [HLS 207-919] treating Unicode character as whitespace (kernel_MHSA.cpp:129:7)
WARNING: [HLS 207-919] treating Unicode character as whitespace (kernel_MHSA.cpp:129:10)
WARNING: [HLS 207-919] treating Unicode character as whitespace (kernel_MHSA.cpp:131:1)
WARNING: [HLS 207-919] treating Unicode character as whitespace (kernel_MHSA.cpp:131:4)
WARNING: [HLS 207-919] treating Unicode character as whitespace (kernel_MHSA.cpp:131:7)
WARNING: [HLS 207-919] treating Unicode character as whitespace (kernel_MHSA.cpp:131:10)
WARNING: [HLS 207-919] treating Unicode character as whitespace (kernel_MHSA.cpp:132:1)
WARNING: [HLS 207-919] treating Unicode character as whitespace (kernel_MHSA.cpp:132:4)
WARNING: [HLS 207-919] treating Unicode character as whitespace (kernel_MHSA.cpp:132:7)
WARNING: [HLS 207-919] treating Unicode character as whitespace (kernel_MHSA.cpp:132:10)
WARNING: [HLS 207-919] treating Unicode character as whitespace (kernel_MHSA.cpp:133:1)
WARNING: [HLS 207-919] treating Unicode character as whitespace (kernel_MHSA.cpp:133:4)
WARNING: [HLS 207-919] treating Unicode character as whitespace (kernel_MHSA.cpp:133:7)
WARNING: [HLS 207-919] treating Unicode character as whitespace (kernel_MHSA.cpp:133:10)
WARNING: [HLS 207-919] treating Unicode character as whitespace (kernel_MHSA.cpp:134:1)
WARNING: [HLS 207-919] treating Unicode character as whitespace (kernel_MHSA.cpp:134:4)
WARNING: [HLS 207-919] treating Unicode character as whitespace (kernel_MHSA.cpp:134:7)
WARNING: [HLS 207-919] treating Unicode character as whitespace (kernel_MHSA.cpp:134:10)
WARNING: [HLS 207-919] treating Unicode character as whitespace (kernel_MHSA.cpp:135:1)
WARNING: [HLS 207-919] treating Unicode character as whitespace (kernel_MHSA.cpp:135:4)
WARNING: [HLS 207-919] treating Unicode character as whitespace (kernel_MHSA.cpp:135:7)
WARNING: [HLS 207-919] treating Unicode character as whitespace (kernel_MHSA.cpp:135:10)
WARNING: [HLS 207-919] treating Unicode character as whitespace (kernel_MHSA.cpp:136:1)
WARNING: [HLS 207-919] treating Unicode character as whitespace (kernel_MHSA.cpp:136:4)
WARNING: [HLS 207-919] treating Unicode character as whitespace (kernel_MHSA.cpp:136:7)
WARNING: [HLS 207-919] treating Unicode character as whitespace (kernel_MHSA.cpp:136:10)
WARNING: [HLS 207-919] treating Unicode character as whitespace (kernel_MHSA.cpp:137:1)
WARNING: [HLS 207-919] treating Unicode character as whitespace (kernel_MHSA.cpp:137:4)
WARNING: [HLS 207-919] treating Unicode character as whitespace (kernel_MHSA.cpp:137:7)
WARNING: [HLS 207-919] treating Unicode character as whitespace (kernel_MHSA.cpp:137:10)
WARNING: [HLS 207-919] treating Unicode character as whitespace (kernel_MHSA.cpp:138:1)
WARNING: [HLS 207-919] treating Unicode character as whitespace (kernel_MHSA.cpp:138:4)
WARNING: [HLS 207-919] treating Unicode character as whitespace (kernel_MHSA.cpp:138:7)
WARNING: [HLS 207-919] treating Unicode character as whitespace (kernel_MHSA.cpp:138:10)
WARNING: [HLS 207-919] treating Unicode character as whitespace (kernel_MHSA.cpp:140:1)
WARNING: [HLS 207-919] treating Unicode character as whitespace (kernel_MHSA.cpp:140:4)
WARNING: [HLS 207-919] treating Unicode character as whitespace (kernel_MHSA.cpp:140:7)
WARNING: [HLS 207-919] treating Unicode character as whitespace (kernel_MHSA.cpp:140:10)
WARNING: [HLS 207-919] treating Unicode character as whitespace (kernel_MHSA.cpp:141:1)
WARNING: [HLS 207-919] treating Unicode character as whitespace (kernel_MHSA.cpp:141:4)
WARNING: [HLS 207-919] treating Unicode character as whitespace (kernel_MHSA.cpp:141:7)
WARNING: [HLS 207-919] treating Unicode character as whitespace (kernel_MHSA.cpp:141:10)
WARNING: [HLS 207-919] treating Unicode character as whitespace (kernel_MHSA.cpp:143:1)
WARNING: [HLS 207-919] treating Unicode character as whitespace (kernel_MHSA.cpp:143:4)
WARNING: [HLS 207-919] treating Unicode character as whitespace (kernel_MHSA.cpp:143:7)
WARNING: [HLS 207-919] treating Unicode character as whitespace (kernel_MHSA.cpp:143:10)
WARNING: [HLS 207-919] treating Unicode character as whitespace (kernel_MHSA.cpp:144:1)
WARNING: [HLS 207-919] treating Unicode character as whitespace (kernel_MHSA.cpp:144:4)
WARNING: [HLS 207-919] treating Unicode character as whitespace (kernel_MHSA.cpp:144:7)
WARNING: [HLS 207-919] treating Unicode character as whitespace (kernel_MHSA.cpp:144:10)
WARNING: [HLS 207-919] treating Unicode character as whitespace (kernel_MHSA.cpp:145:1)
WARNING: [HLS 207-919] treating Unicode character as whitespace (kernel_MHSA.cpp:145:4)
WARNING: [HLS 207-919] treating Unicode character as whitespace (kernel_MHSA.cpp:145:7)
WARNING: [HLS 207-919] treating Unicode character as whitespace (kernel_MHSA.cpp:145:10)
WARNING: [HLS 207-919] treating Unicode character as whitespace (kernel_MHSA.cpp:146:1)
WARNING: [HLS 207-919] treating Unicode character as whitespace (kernel_MHSA.cpp:146:4)
WARNING: [HLS 207-919] treating Unicode character as whitespace (kernel_MHSA.cpp:146:7)
WARNING: [HLS 207-919] treating Unicode character as whitespace (kernel_MHSA.cpp:146:10)
WARNING: [HLS 207-919] treating Unicode character as whitespace (kernel_MHSA.cpp:147:1)
WARNING: [HLS 207-919] treating Unicode character as whitespace (kernel_MHSA.cpp:147:4)
WARNING: [HLS 207-919] treating Unicode character as whitespace (kernel_MHSA.cpp:147:7)
WARNING: [HLS 207-919] treating Unicode character as whitespace (kernel_MHSA.cpp:147:10)
WARNING: [HLS 207-919] treating Unicode character as whitespace (kernel_MHSA.cpp:149:1)
WARNING: [HLS 207-919] treating Unicode character as whitespace (kernel_MHSA.cpp:149:4)
WARNING: [HLS 207-919] treating Unicode character as whitespace (kernel_MHSA.cpp:149:7)
WARNING: [HLS 207-919] treating Unicode character as whitespace (kernel_MHSA.cpp:149:10)
WARNING: [HLS 207-919] treating Unicode character as whitespace (kernel_MHSA.cpp:150:1)
WARNING: [HLS 207-919] treating Unicode character as whitespace (kernel_MHSA.cpp:150:4)
WARNING: [HLS 207-919] treating Unicode character as whitespace (kernel_MHSA.cpp:150:7)
WARNING: [HLS 207-919] treating Unicode character as whitespace (kernel_MHSA.cpp:150:10)
WARNING: [HLS 207-919] treating Unicode character as whitespace (kernel_MHSA.cpp:151:1)
WARNING: [HLS 207-919] treating Unicode character as whitespace (kernel_MHSA.cpp:151:4)
WARNING: [HLS 207-919] treating Unicode character as whitespace (kernel_MHSA.cpp:151:7)
WARNING: [HLS 207-919] treating Unicode character as whitespace (kernel_MHSA.cpp:151:10)
WARNING: [HLS 207-919] treating Unicode character as whitespace (kernel_MHSA.cpp:153:1)
WARNING: [HLS 207-919] treating Unicode character as whitespace (kernel_MHSA.cpp:153:4)
WARNING: [HLS 207-919] treating Unicode character as whitespace (kernel_MHSA.cpp:153:7)
WARNING: [HLS 207-919] treating Unicode character as whitespace (kernel_MHSA.cpp:153:10)
WARNING: [HLS 207-919] treating Unicode character as whitespace (kernel_MHSA.cpp:154:1)
WARNING: [HLS 207-919] treating Unicode character as whitespace (kernel_MHSA.cpp:154:4)
WARNING: [HLS 207-919] treating Unicode character as whitespace (kernel_MHSA.cpp:154:7)
WARNING: [HLS 207-919] treating Unicode character as whitespace (kernel_MHSA.cpp:154:10)
WARNING: [HLS 207-919] treating Unicode character as whitespace (kernel_MHSA.cpp:155:1)
WARNING: [HLS 207-919] treating Unicode character as whitespace (kernel_MHSA.cpp:155:4)
WARNING: [HLS 207-919] treating Unicode character as whitespace (kernel_MHSA.cpp:155:7)
WARNING: [HLS 207-919] treating Unicode character as whitespace (kernel_MHSA.cpp:155:10)
WARNING: [HLS 207-919] treating Unicode character as whitespace (kernel_MHSA.cpp:156:1)
WARNING: [HLS 207-919] treating Unicode character as whitespace (kernel_MHSA.cpp:156:4)
WARNING: [HLS 207-919] treating Unicode character as whitespace (kernel_MHSA.cpp:156:7)
WARNING: [HLS 207-919] treating Unicode character as whitespace (kernel_MHSA.cpp:156:10)
WARNING: [HLS 207-919] treating Unicode character as whitespace (kernel_MHSA.cpp:158:1)
WARNING: [HLS 207-919] treating Unicode character as whitespace (kernel_MHSA.cpp:158:4)
WARNING: [HLS 207-919] treating Unicode character as whitespace (kernel_MHSA.cpp:158:7)
WARNING: [HLS 207-919] treating Unicode character as whitespace (kernel_MHSA.cpp:158:10)
WARNING: [HLS 207-919] treating Unicode character as whitespace (kernel_MHSA.cpp:159:1)
WARNING: [HLS 207-919] treating Unicode character as whitespace (kernel_MHSA.cpp:159:4)
WARNING: [HLS 207-919] treating Unicode character as whitespace (kernel_MHSA.cpp:159:7)
WARNING: [HLS 207-919] treating Unicode character as whitespace (kernel_MHSA.cpp:159:10)
WARNING: [HLS 207-919] treating Unicode character as whitespace (kernel_MHSA.cpp:159:13)
WARNING: [HLS 207-919] treating Unicode character as whitespace (kernel_MHSA.cpp:159:16)
WARNING: [HLS 207-919] treating Unicode character as whitespace (kernel_MHSA.cpp:160:1)
WARNING: [HLS 207-919] treating Unicode character as whitespace (kernel_MHSA.cpp:160:4)
WARNING: [HLS 207-919] treating Unicode character as whitespace (kernel_MHSA.cpp:160:7)
WARNING: [HLS 207-919] treating Unicode character as whitespace (kernel_MHSA.cpp:160:10)
WARNING: [HLS 207-919] treating Unicode character as whitespace (kernel_MHSA.cpp:160:13)
WARNING: [HLS 207-919] treating Unicode character as whitespace (kernel_MHSA.cpp:160:16)
WARNING: [HLS 207-919] treating Unicode character as whitespace (kernel_MHSA.cpp:161:1)
WARNING: [HLS 207-919] treating Unicode character as whitespace (kernel_MHSA.cpp:161:4)
WARNING: [HLS 207-919] treating Unicode character as whitespace (kernel_MHSA.cpp:161:7)
WARNING: [HLS 207-919] treating Unicode character as whitespace (kernel_MHSA.cpp:161:10)
WARNING: [HLS 207-919] treating Unicode character as whitespace (kernel_MHSA.cpp:162:1)
WARNING: [HLS 207-919] treating Unicode character as whitespace (kernel_MHSA.cpp:162:4)
WARNING: [HLS 207-919] treating Unicode character as whitespace (kernel_MHSA.cpp:162:7)
WARNING: [HLS 207-919] treating Unicode character as whitespace (kernel_MHSA.cpp:162:10)
WARNING: [HLS 207-919] treating Unicode character as whitespace (kernel_MHSA.cpp:163:1)
WARNING: [HLS 207-919] treating Unicode character as whitespace (kernel_MHSA.cpp:163:4)
WARNING: [HLS 207-919] treating Unicode character as whitespace (kernel_MHSA.cpp:163:7)
WARNING: [HLS 207-919] treating Unicode character as whitespace (kernel_MHSA.cpp:163:10)
WARNING: [HLS 207-919] treating Unicode character as whitespace (kernel_MHSA.cpp:163:13)
WARNING: [HLS 207-919] treating Unicode character as whitespace (kernel_MHSA.cpp:163:16)
WARNING: [HLS 207-919] treating Unicode character as whitespace (kernel_MHSA.cpp:164:1)
WARNING: [HLS 207-919] treating Unicode character as whitespace (kernel_MHSA.cpp:164:4)
WARNING: [HLS 207-919] treating Unicode character as whitespace (kernel_MHSA.cpp:164:7)
WARNING: [HLS 207-919] treating Unicode character as whitespace (kernel_MHSA.cpp:164:10)
WARNING: [HLS 207-919] treating Unicode character as whitespace (kernel_MHSA.cpp:164:13)
WARNING: [HLS 207-919] treating Unicode character as whitespace (kernel_MHSA.cpp:164:16)
WARNING: [HLS 207-919] treating Unicode character as whitespace (kernel_MHSA.cpp:165:1)
WARNING: [HLS 207-919] treating Unicode character as whitespace (kernel_MHSA.cpp:165:4)
WARNING: [HLS 207-919] treating Unicode character as whitespace (kernel_MHSA.cpp:165:7)
WARNING: [HLS 207-919] treating Unicode character as whitespace (kernel_MHSA.cpp:165:10)
WARNING: [HLS 207-919] treating Unicode character as whitespace (kernel_MHSA.cpp:167:1)
WARNING: [HLS 207-919] treating Unicode character as whitespace (kernel_MHSA.cpp:167:4)
WARNING: [HLS 207-919] treating Unicode character as whitespace (kernel_MHSA.cpp:167:7)
WARNING: [HLS 207-919] treating Unicode character as whitespace (kernel_MHSA.cpp:167:10)
WARNING: [HLS 207-919] treating Unicode character as whitespace (kernel_MHSA.cpp:168:1)
WARNING: [HLS 207-919] treating Unicode character as whitespace (kernel_MHSA.cpp:168:4)
WARNING: [HLS 207-919] treating Unicode character as whitespace (kernel_MHSA.cpp:168:7)
WARNING: [HLS 207-919] treating Unicode character as whitespace (kernel_MHSA.cpp:168:10)
WARNING: [HLS 207-919] treating Unicode character as whitespace (kernel_MHSA.cpp:169:1)
WARNING: [HLS 207-919] treating Unicode character as whitespace (kernel_MHSA.cpp:169:4)
WARNING: [HLS 207-919] treating Unicode character as whitespace (kernel_MHSA.cpp:169:7)
WARNING: [HLS 207-919] treating Unicode character as whitespace (kernel_MHSA.cpp:169:10)
WARNING: [HLS 207-5571] unexpected pragma argument '768', expects identifier (kernel_MHSA.cpp:169:71)
WARNING: [HLS 207-919] treating Unicode character as whitespace (kernel_MHSA.cpp:171:1)
WARNING: [HLS 207-919] treating Unicode character as whitespace (kernel_MHSA.cpp:171:4)
WARNING: [HLS 207-919] treating Unicode character as whitespace (kernel_MHSA.cpp:171:7)
WARNING: [HLS 207-919] treating Unicode character as whitespace (kernel_MHSA.cpp:171:10)
WARNING: [HLS 207-919] treating Unicode character as whitespace (kernel_MHSA.cpp:172:1)
WARNING: [HLS 207-919] treating Unicode character as whitespace (kernel_MHSA.cpp:172:4)
WARNING: [HLS 207-919] treating Unicode character as whitespace (kernel_MHSA.cpp:172:7)
WARNING: [HLS 207-919] treating Unicode character as whitespace (kernel_MHSA.cpp:172:10)
WARNING: [HLS 207-919] treating Unicode character as whitespace (kernel_MHSA.cpp:174:1)
WARNING: [HLS 207-919] treating Unicode character as whitespace (kernel_MHSA.cpp:174:4)
WARNING: [HLS 207-919] treating Unicode character as whitespace (kernel_MHSA.cpp:174:7)
WARNING: [HLS 207-919] treating Unicode character as whitespace (kernel_MHSA.cpp:174:10)
WARNING: [HLS 207-919] treating Unicode character as whitespace (kernel_MHSA.cpp:176:1)
WARNING: [HLS 207-919] treating Unicode character as whitespace (kernel_MHSA.cpp:176:4)
WARNING: [HLS 207-919] treating Unicode character as whitespace (kernel_MHSA.cpp:176:7)
WARNING: [HLS 207-919] treating Unicode character as whitespace (kernel_MHSA.cpp:176:10)
WARNING: [HLS 207-919] treating Unicode character as whitespace (kernel_MHSA.cpp:177:1)
WARNING: [HLS 207-919] treating Unicode character as whitespace (kernel_MHSA.cpp:177:4)
WARNING: [HLS 207-919] treating Unicode character as whitespace (kernel_MHSA.cpp:177:7)
WARNING: [HLS 207-919] treating Unicode character as whitespace (kernel_MHSA.cpp:177:10)
WARNING: [HLS 207-919] treating Unicode character as whitespace (kernel_MHSA.cpp:178:1)
WARNING: [HLS 207-919] treating Unicode character as whitespace (kernel_MHSA.cpp:178:4)
WARNING: [HLS 207-919] treating Unicode character as whitespace (kernel_MHSA.cpp:178:7)
WARNING: [HLS 207-919] treating Unicode character as whitespace (kernel_MHSA.cpp:178:10)
WARNING: [HLS 207-919] treating Unicode character as whitespace (kernel_MHSA.cpp:179:1)
WARNING: [HLS 207-919] treating Unicode character as whitespace (kernel_MHSA.cpp:179:4)
WARNING: [HLS 207-919] treating Unicode character as whitespace (kernel_MHSA.cpp:179:7)
WARNING: [HLS 207-919] treating Unicode character as whitespace (kernel_MHSA.cpp:179:10)
WARNING: [HLS 207-919] treating Unicode character as whitespace (kernel_MHSA.cpp:181:1)
WARNING: [HLS 207-919] treating Unicode character as whitespace (kernel_MHSA.cpp:181:4)
WARNING: [HLS 207-919] treating Unicode character as whitespace (kernel_MHSA.cpp:181:7)
WARNING: [HLS 207-919] treating Unicode character as whitespace (kernel_MHSA.cpp:181:10)
WARNING: [HLS 207-919] treating Unicode character as whitespace (kernel_MHSA.cpp:182:1)
WARNING: [HLS 207-919] treating Unicode character as whitespace (kernel_MHSA.cpp:182:4)
WARNING: [HLS 207-919] treating Unicode character as whitespace (kernel_MHSA.cpp:182:7)
WARNING: [HLS 207-919] treating Unicode character as whitespace (kernel_MHSA.cpp:182:10)
WARNING: [HLS 207-919] treating Unicode character as whitespace (kernel_MHSA.cpp:183:1)
WARNING: [HLS 207-919] treating Unicode character as whitespace (kernel_MHSA.cpp:183:4)
WARNING: [HLS 207-919] treating Unicode character as whitespace (kernel_MHSA.cpp:183:7)
WARNING: [HLS 207-919] treating Unicode character as whitespace (kernel_MHSA.cpp:183:10)
WARNING: [HLS 207-919] treating Unicode character as whitespace (kernel_MHSA.cpp:183:13)
WARNING: [HLS 207-919] treating Unicode character as whitespace (kernel_MHSA.cpp:183:16)
WARNING: [HLS 207-919] treating Unicode character as whitespace (kernel_MHSA.cpp:184:1)
WARNING: [HLS 207-919] treating Unicode character as whitespace (kernel_MHSA.cpp:184:4)
WARNING: [HLS 207-919] treating Unicode character as whitespace (kernel_MHSA.cpp:184:7)
WARNING: [HLS 207-919] treating Unicode character as whitespace (kernel_MHSA.cpp:184:10)
WARNING: [HLS 207-919] treating Unicode character as whitespace (kernel_MHSA.cpp:184:13)
WARNING: [HLS 207-919] treating Unicode character as whitespace (kernel_MHSA.cpp:184:16)
WARNING: [HLS 207-919] treating Unicode character as whitespace (kernel_MHSA.cpp:185:1)
WARNING: [HLS 207-919] treating Unicode character as whitespace (kernel_MHSA.cpp:185:4)
WARNING: [HLS 207-919] treating Unicode character as whitespace (kernel_MHSA.cpp:185:7)
WARNING: [HLS 207-919] treating Unicode character as whitespace (kernel_MHSA.cpp:185:10)
WARNING: [HLS 207-919] treating Unicode character as whitespace (kernel_MHSA.cpp:187:1)
WARNING: [HLS 207-919] treating Unicode character as whitespace (kernel_MHSA.cpp:187:4)
WARNING: [HLS 207-919] treating Unicode character as whitespace (kernel_MHSA.cpp:187:7)
WARNING: [HLS 207-919] treating Unicode character as whitespace (kernel_MHSA.cpp:187:10)
WARNING: [HLS 207-919] treating Unicode character as whitespace (kernel_MHSA.cpp:188:1)
WARNING: [HLS 207-919] treating Unicode character as whitespace (kernel_MHSA.cpp:188:4)
WARNING: [HLS 207-919] treating Unicode character as whitespace (kernel_MHSA.cpp:188:7)
WARNING: [HLS 207-919] treating Unicode character as whitespace (kernel_MHSA.cpp:188:10)
WARNING: [HLS 207-919] treating Unicode character as whitespace (kernel_MHSA.cpp:189:1)
WARNING: [HLS 207-919] treating Unicode character as whitespace (kernel_MHSA.cpp:189:4)
WARNING: [HLS 207-919] treating Unicode character as whitespace (kernel_MHSA.cpp:189:7)
WARNING: [HLS 207-919] treating Unicode character as whitespace (kernel_MHSA.cpp:189:10)
WARNING: [HLS 207-919] treating Unicode character as whitespace (kernel_MHSA.cpp:189:13)
WARNING: [HLS 207-919] treating Unicode character as whitespace (kernel_MHSA.cpp:189:16)
WARNING: [HLS 207-919] treating Unicode character as whitespace (kernel_MHSA.cpp:190:1)
WARNING: [HLS 207-919] treating Unicode character as whitespace (kernel_MHSA.cpp:190:4)
WARNING: [HLS 207-919] treating Unicode character as whitespace (kernel_MHSA.cpp:190:7)
WARNING: [HLS 207-919] treating Unicode character as whitespace (kernel_MHSA.cpp:190:10)
WARNING: [HLS 207-919] treating Unicode character as whitespace (kernel_MHSA.cpp:190:13)
WARNING: [HLS 207-919] treating Unicode character as whitespace (kernel_MHSA.cpp:190:16)
WARNING: [HLS 207-919] treating Unicode character as whitespace (kernel_MHSA.cpp:191:1)
WARNING: [HLS 207-919] treating Unicode character as whitespace (kernel_MHSA.cpp:191:4)
WARNING: [HLS 207-919] treating Unicode character as whitespace (kernel_MHSA.cpp:191:7)
WARNING: [HLS 207-919] treating Unicode character as whitespace (kernel_MHSA.cpp:191:10)
WARNING: [HLS 207-919] treating Unicode character as whitespace (kernel_MHSA.cpp:193:1)
WARNING: [HLS 207-919] treating Unicode character as whitespace (kernel_MHSA.cpp:193:4)
WARNING: [HLS 207-919] treating Unicode character as whitespace (kernel_MHSA.cpp:193:7)
WARNING: [HLS 207-919] treating Unicode character as whitespace (kernel_MHSA.cpp:193:10)
WARNING: [HLS 207-919] treating Unicode character as whitespace (kernel_MHSA.cpp:194:1)
WARNING: [HLS 207-919] treating Unicode character as whitespace (kernel_MHSA.cpp:194:4)
WARNING: [HLS 207-919] treating Unicode character as whitespace (kernel_MHSA.cpp:194:7)
WARNING: [HLS 207-919] treating Unicode character as whitespace (kernel_MHSA.cpp:194:10)
WARNING: [HLS 207-919] treating Unicode character as whitespace (kernel_MHSA.cpp:195:1)
WARNING: [HLS 207-919] treating Unicode character as whitespace (kernel_MHSA.cpp:195:4)
WARNING: [HLS 207-919] treating Unicode character as whitespace (kernel_MHSA.cpp:195:7)
WARNING: [HLS 207-919] treating Unicode character as whitespace (kernel_MHSA.cpp:195:10)
WARNING: [HLS 207-919] treating Unicode character as whitespace (kernel_MHSA.cpp:197:1)
WARNING: [HLS 207-919] treating Unicode character as whitespace (kernel_MHSA.cpp:197:4)
WARNING: [HLS 207-919] treating Unicode character as whitespace (kernel_MHSA.cpp:197:7)
WARNING: [HLS 207-919] treating Unicode character as whitespace (kernel_MHSA.cpp:197:10)
WARNING: [HLS 207-919] treating Unicode character as whitespace (kernel_MHSA.cpp:198:1)
WARNING: [HLS 207-919] treating Unicode character as whitespace (kernel_MHSA.cpp:198:4)
WARNING: [HLS 207-919] treating Unicode character as whitespace (kernel_MHSA.cpp:198:7)
WARNING: [HLS 207-919] treating Unicode character as whitespace (kernel_MHSA.cpp:198:10)
WARNING: [HLS 207-919] treating Unicode character as whitespace (kernel_MHSA.cpp:199:1)
WARNING: [HLS 207-919] treating Unicode character as whitespace (kernel_MHSA.cpp:199:4)
WARNING: [HLS 207-919] treating Unicode character as whitespace (kernel_MHSA.cpp:199:7)
WARNING: [HLS 207-919] treating Unicode character as whitespace (kernel_MHSA.cpp:199:10)
WARNING: [HLS 207-919] treating Unicode character as whitespace (kernel_MHSA.cpp:201:1)
WARNING: [HLS 207-919] treating Unicode character as whitespace (kernel_MHSA.cpp:201:4)
WARNING: [HLS 207-919] treating Unicode character as whitespace (kernel_MHSA.cpp:201:7)
WARNING: [HLS 207-919] treating Unicode character as whitespace (kernel_MHSA.cpp:201:10)
WARNING: [HLS 207-919] treating Unicode character as whitespace (kernel_MHSA.cpp:202:1)
WARNING: [HLS 207-919] treating Unicode character as whitespace (kernel_MHSA.cpp:202:4)
WARNING: [HLS 207-919] treating Unicode character as whitespace (kernel_MHSA.cpp:202:7)
WARNING: [HLS 207-919] treating Unicode character as whitespace (kernel_MHSA.cpp:202:10)
WARNING: [HLS 207-919] treating Unicode character as whitespace (kernel_MHSA.cpp:204:1)
WARNING: [HLS 207-919] treating Unicode character as whitespace (kernel_MHSA.cpp:204:4)
WARNING: [HLS 207-919] treating Unicode character as whitespace (kernel_MHSA.cpp:204:7)
WARNING: [HLS 207-919] treating Unicode character as whitespace (kernel_MHSA.cpp:204:10)
WARNING: [HLS 207-919] treating Unicode character as whitespace (kernel_MHSA.cpp:205:1)
WARNING: [HLS 207-919] treating Unicode character as whitespace (kernel_MHSA.cpp:205:4)
WARNING: [HLS 207-919] treating Unicode character as whitespace (kernel_MHSA.cpp:205:7)
WARNING: [HLS 207-919] treating Unicode character as whitespace (kernel_MHSA.cpp:205:10)
WARNING: [HLS 207-919] treating Unicode character as whitespace (kernel_MHSA.cpp:206:1)
WARNING: [HLS 207-919] treating Unicode character as whitespace (kernel_MHSA.cpp:206:4)
WARNING: [HLS 207-919] treating Unicode character as whitespace (kernel_MHSA.cpp:206:7)
WARNING: [HLS 207-919] treating Unicode character as whitespace (kernel_MHSA.cpp:206:10)
WARNING: [HLS 207-919] treating Unicode character as whitespace (kernel_MHSA.cpp:206:13)
WARNING: [HLS 207-919] treating Unicode character as whitespace (kernel_MHSA.cpp:206:16)
WARNING: [HLS 207-919] treating Unicode character as whitespace (kernel_MHSA.cpp:207:1)
WARNING: [HLS 207-919] treating Unicode character as whitespace (kernel_MHSA.cpp:207:4)
WARNING: [HLS 207-919] treating Unicode character as whitespace (kernel_MHSA.cpp:207:7)
WARNING: [HLS 207-919] treating Unicode character as whitespace (kernel_MHSA.cpp:207:10)
WARNING: [HLS 207-919] treating Unicode character as whitespace (kernel_MHSA.cpp:207:13)
WARNING: [HLS 207-919] treating Unicode character as whitespace (kernel_MHSA.cpp:207:16)
WARNING: [HLS 207-919] treating Unicode character as whitespace (kernel_MHSA.cpp:208:1)
WARNING: [HLS 207-919] treating Unicode character as whitespace (kernel_MHSA.cpp:208:4)
WARNING: [HLS 207-919] treating Unicode character as whitespace (kernel_MHSA.cpp:208:7)
WARNING: [HLS 207-919] treating Unicode character as whitespace (kernel_MHSA.cpp:208:10)
WARNING: [HLS 207-919] treating Unicode character as whitespace (kernel_MHSA.cpp:209:1)
WARNING: [HLS 207-919] treating Unicode character as whitespace (kernel_MHSA.cpp:209:4)
WARNING: [HLS 207-919] treating Unicode character as whitespace (kernel_MHSA.cpp:211:1)
WARNING: [HLS 207-919] treating Unicode character as whitespace (kernel_MHSA.cpp:211:4)
WARNING: [HLS 207-919] treating Unicode character as whitespace (kernel_MHSA.cpp:212:1)
WARNING: [HLS 207-919] treating Unicode character as whitespace (kernel_MHSA.cpp:212:4)
WARNING: [HLS 207-919] treating Unicode character as whitespace (kernel_MHSA.cpp:213:1)
WARNING: [HLS 207-919] treating Unicode character as whitespace (kernel_MHSA.cpp:213:4)
WARNING: [HLS 207-919] treating Unicode character as whitespace (kernel_MHSA.cpp:213:7)
WARNING: [HLS 207-919] treating Unicode character as whitespace (kernel_MHSA.cpp:213:10)
WARNING: [HLS 207-919] treating Unicode character as whitespace (kernel_MHSA.cpp:214:1)
WARNING: [HLS 207-919] treating Unicode character as whitespace (kernel_MHSA.cpp:214:4)
WARNING: [HLS 207-919] treating Unicode character as whitespace (kernel_MHSA.cpp:214:7)
WARNING: [HLS 207-919] treating Unicode character as whitespace (kernel_MHSA.cpp:214:10)
WARNING: [HLS 207-919] treating Unicode character as whitespace (kernel_MHSA.cpp:215:1)
WARNING: [HLS 207-919] treating Unicode character as whitespace (kernel_MHSA.cpp:215:4)
INFO: [HLS 200-2161] Finished Command csynth_design Elapsed time: 00:01:32; Allocated memory: 28.320 MB.
 
    while executing
"source C:/NCKH/LLama2_110M-Inference_Architecture_on_FPGA/Source_Code/./MHSA.tcl"
    ("uplevel" body line 1)
    invoked from within
"uplevel \#0 [list source $tclfile] "

INFO: [HLS 200-112] Total CPU user time: 6 seconds. Total CPU system time: 2 seconds. Total elapsed time: 96.312 seconds; peak allocated memory: 611.203 MB.
INFO: [vitis-run 60-1662] Stopping dispatch session having empty uuid.
