  **** HLS Build v2025.1 6135595
Sourcing Tcl script 'C:/NCKH/LLama2_110M-Inference_Architecture_on_FPGA/Source_Code/full_layer.tcl'
INFO: [HLS 200-1510] Running: open_project llama_layer_prj 
WARNING: [HLS 200-2182] The 'llama_layer_prj' project will not automatically appear within Vitis IDE workspaces and is meant only for TCL batch use.  Please use open_component instead of open_project/open_solution to generate Vitis IDE compatible component files and directory structure.
Resolution: For help on HLS 200-2182 see docs.xilinx.com/access/sources/dita/topic?Doc_Version=2025.1%20English&url=ug1448-hls-guidance&resourceid=200-2182.html
INFO: [HLS 200-10] Creating and opening solution 'C:/NCKH/LLama2_110M-Inference_Architecture_on_FPGA/Source_Code/llama_layer_prj'.
INFO: [HLS 200-1510] Running: set_top llama_layer 
INFO: [HLS 200-1510] Running: add_files llama_layer.cpp 
INFO: [HLS 200-10] Adding design file 'llama_layer.cpp' to the project
INFO: [HLS 200-1510] Running: add_files kernel_MHSA.cpp 
INFO: [HLS 200-10] Adding design file 'kernel_MHSA.cpp' to the project
INFO: [HLS 200-1510] Running: add_files kernel_MHSA.hpp 
INFO: [HLS 200-10] Adding design file 'kernel_MHSA.hpp' to the project
INFO: [HLS 200-1510] Running: add_files kernel_Rope.cpp 
INFO: [HLS 200-10] Adding design file 'kernel_Rope.cpp' to the project
INFO: [HLS 200-1510] Running: add_files kernel_Rope.hpp 
INFO: [HLS 200-10] Adding design file 'kernel_Rope.hpp' to the project
INFO: [HLS 200-1510] Running: add_files kernel_MatMul.cpp 
INFO: [HLS 200-10] Adding design file 'kernel_MatMul.cpp' to the project
INFO: [HLS 200-1510] Running: add_files kernel_MatMul.hpp 
INFO: [HLS 200-10] Adding design file 'kernel_MatMul.hpp' to the project
INFO: [HLS 200-1510] Running: add_files kernel_Softmax.cpp 
INFO: [HLS 200-10] Adding design file 'kernel_Softmax.cpp' to the project
INFO: [HLS 200-1510] Running: add_files kernel_Softmax.hpp 
INFO: [HLS 200-10] Adding design file 'kernel_Softmax.hpp' to the project
INFO: [HLS 200-1510] Running: add_files kernel_RMS_Norm.cpp 
INFO: [HLS 200-10] Adding design file 'kernel_RMS_Norm.cpp' to the project
INFO: [HLS 200-1510] Running: add_files kernel_RMS_Norm.hpp 
INFO: [HLS 200-10] Adding design file 'kernel_RMS_Norm.hpp' to the project
INFO: [HLS 200-1510] Running: add_files tensor.hpp 
INFO: [HLS 200-10] Adding design file 'tensor.hpp' to the project
INFO: [HLS 200-1510] Running: add_files kernel_FFN.cpp 
INFO: [HLS 200-10] Adding design file 'kernel_FFN.cpp' to the project
INFO: [HLS 200-1510] Running: add_files kernel_FFN.hpp 
INFO: [HLS 200-10] Adding design file 'kernel_FFN.hpp' to the project
INFO: [HLS 200-1510] Running: open_solution solution1 
INFO: [HLS 200-10] Creating and opening solution 'C:/NCKH/LLama2_110M-Inference_Architecture_on_FPGA/Source_Code/llama_layer_prj/solution1'.
INFO: [HLS 200-1505] Using default flow_target 'vivado'
Resolution: For help on HLS 200-1505 see docs.xilinx.com/access/sources/dita/topic?Doc_Version=2025.1%20English&url=ug1448-hls-guidance&resourceid=200-1505.html
INFO: [HLS 200-1510] Running: set_part xcv80-lsva4737-2MHP-e-S 
WARNING: [HLS 200-655] The device family 'versalhbm-2MHP' is new to HLS - using 'versalaicore-2HP' characterization library
INFO: [HLS 200-1611] Setting target device to 'xcv80-lsva4737-2MHP-e-S'
INFO: [HLS 200-1510] Running: create_clock -period 4 -name default 
INFO: [SYN 201-201] Setting up clock 'default' with a period of 4ns.
INFO: [HLS 200-1510] Running: csynth_design 
INFO: [HLS 200-111] Finished File checks and directory preparation: CPU user time: 0 seconds. CPU system time: 0 seconds. Elapsed time: 1.654 seconds; current allocated memory: 522.895 MB.
INFO: [HLS 200-10] Analyzing design file 'kernel_FFN.cpp' ... 
WARNING: [HLS 207-1016] unknown warning group '-Wmisleading-indentation', ignored (C:/Xilinx2025/2025.1/Vitis/common/technology/autopilot/etc/hls_sqrt_apfixed.h:16:34)
INFO: [HLS 200-10] Analyzing design file 'kernel_RMS_Norm.cpp' ... 
WARNING: [HLS 207-1016] unknown warning group '-Wmisleading-indentation', ignored (C:/Xilinx2025/2025.1/Vitis/common/technology/autopilot/etc/hls_sqrt_apfixed.h:16:34)
INFO: [HLS 200-10] Analyzing design file 'kernel_Softmax.cpp' ... 
WARNING: [HLS 207-1016] unknown warning group '-Wmisleading-indentation', ignored (C:/Xilinx2025/2025.1/Vitis/common/technology/autopilot/etc/hls_sqrt_apfixed.h:16:34)
INFO: [HLS 200-10] Analyzing design file 'kernel_MatMul.cpp' ... 
WARNING: [HLS 207-1016] unknown warning group '-Wmisleading-indentation', ignored (C:/Xilinx2025/2025.1/Vitis/common/technology/autopilot/etc/hls_sqrt_apfixed.h:16:34)
WARNING: [HLS 214-114] Since the only kind of statements allowed in a canonical dataflow region are variable declarations and function calls, the compiler may not be able to correctly handle the region (kernel_MatMul.cpp:104:9)
Resolution: For help on HLS 214-114 see docs.xilinx.com/access/sources/dita/topic?Doc_Version=2025.1%20English&url=ug1448-hls-guidance&resourceid=214-114.html
WARNING: [HLS 200-471] Dataflow form checks found 1 issue(s) in file kernel_MatMul.cpp
Resolution: For help on HLS 200-471 see docs.xilinx.com/access/sources/dita/topic?Doc_Version=2025.1%20English&url=ug1448-hls-guidance&resourceid=200-471.html
INFO: [HLS 200-10] Analyzing design file 'kernel_Rope.cpp' ... 
WARNING: [HLS 207-1016] unknown warning group '-Wmisleading-indentation', ignored (C:/Xilinx2025/2025.1/Vitis/common/technology/autopilot/etc/hls_sqrt_apfixed.h:16:34)
INFO: [HLS 200-10] Analyzing design file 'kernel_MHSA.cpp' ... 
WARNING: [HLS 207-1016] unknown warning group '-Wmisleading-indentation', ignored (C:/Xilinx2025/2025.1/Vitis/common/technology/autopilot/etc/hls_sqrt_apfixed.h:16:34)
ERROR: [HLS 207-3776] use of undeclared identifier 'weights' (kernel_MHSA.cpp:9:34)
WARNING: [HLS 207-5557] invalid variable expr  (kernel_MHSA.cpp:9:34)
ERROR: [HLS 207-3776] use of undeclared identifier 'key_cache' (kernel_MHSA.cpp:10:34)
WARNING: [HLS 207-5557] invalid variable expr  (kernel_MHSA.cpp:10:34)
ERROR: [HLS 207-3776] use of undeclared identifier 'value_cache' (kernel_MHSA.cpp:11:34)
WARNING: [HLS 207-5557] invalid variable expr  (kernel_MHSA.cpp:11:34)
ERROR: [HLS 207-1228] expected unqualified-id (kernel_MHSA.cpp:16:23)
ERROR: [HLS 207-1219] expected ';' at end of declaration (kernel_MHSA.cpp:16:22)
INFO: [HLS 200-2161] Finished Command csynth_design Elapsed time: 00:01:30; Allocated memory: 24.730 MB.
 
    while executing
"source C:/NCKH/LLama2_110M-Inference_Architecture_on_FPGA/Source_Code/full_layer.tcl"
    ("uplevel" body line 1)
    invoked from within
"uplevel \#0 [list source $tclfile] "

INFO: [HLS 200-112] Total CPU user time: 4 seconds. Total CPU system time: 2 seconds. Total elapsed time: 96.521 seconds; peak allocated memory: 547.328 MB.
INFO: [vitis-run 60-1662] Stopping dispatch session having empty uuid.
