  **** HLS Build v2025.1 6135595
Sourcing Tcl script 'C:/NCKH/LLama2_110M-Inference_Architecture_on_FPGA/Source_Code/ffn.tcl'
INFO: [HLS 200-1510] Running: open_project ffn_prj 
WARNING: [HLS 200-2182] The 'ffn_prj' project will not automatically appear within Vitis IDE workspaces and is meant only for TCL batch use.  Please use open_component instead of open_project/open_solution to generate Vitis IDE compatible component files and directory structure.
Resolution: For help on HLS 200-2182 see docs.xilinx.com/access/sources/dita/topic?Doc_Version=2025.1%20English&url=ug1448-hls-guidance&resourceid=200-2182.html
INFO: [HLS 200-10] Opening solution 'C:/NCKH/LLama2_110M-Inference_Architecture_on_FPGA/Source_Code/ffn_prj'.
INFO: [HLS 200-1510] Running: set_top FFN 
INFO: [HLS 200-1510] Running: add_files kernel_FFN.cpp 
INFO: [HLS 200-10] Adding design file 'kernel_FFN.cpp' to the project
INFO: [HLS 200-1510] Running: add_files kernel_FFN.hpp 
INFO: [HLS 200-10] Adding design file 'kernel_FFN.hpp' to the project
INFO: [HLS 200-1510] Running: add_files tensor.hpp 
INFO: [HLS 200-10] Adding design file 'tensor.hpp' to the project
INFO: [HLS 200-1510] Running: set_top FFN 
INFO: [HLS 200-1510] Running: open_solution solution1 
INFO: [HLS 200-10] Opening solution 'C:/NCKH/LLama2_110M-Inference_Architecture_on_FPGA/Source_Code/ffn_prj/solution1'.
INFO: [SYN 201-201] Setting up clock 'default' with a period of 4ns.
WARNING: [HLS 200-655] The device family 'versalhbm-2MHP' is new to HLS - using 'versalaicore-2HP' characterization library
INFO: [HLS 200-1611] Setting target device to 'xcv80-lsva4737-2MHP-e-S'
INFO: [HLS 200-1505] Using flow_target 'vivado'
Resolution: For help on HLS 200-1505 see docs.xilinx.com/access/sources/dita/topic?Doc_Version=2025.1%20English&url=ug1448-hls-guidance&resourceid=200-1505.html
INFO: [HLS 200-1510] Running: set_part xcv80-lsva4737-2MHP-e-S 
WARNING: [HLS 200-655] The device family 'versalhbm-2MHP' is new to HLS - using 'versalaicore-2HP' characterization library
INFO: [HLS 200-1510] Running: create_clock -period 4 -name default 
INFO: [HLS 200-1510] Running: csynth_design 
INFO: [HLS 200-111] Finished File checks and directory preparation: CPU user time: 0 seconds. CPU system time: 0 seconds. Elapsed time: 0.342 seconds; current allocated memory: 583.059 MB.
INFO: [HLS 200-10] Analyzing design file 'kernel_FFN.cpp' ... 
WARNING: [HLS 207-1016] unknown warning group '-Wmisleading-indentation', ignored (C:/Xilinx2025/2025.1/Vitis/common/technology/autopilot/etc/hls_sqrt_apfixed.h:16:34)
INFO: [HLS 200-111] Finished Source Code Analysis and Preprocessing: CPU user time: 1 seconds. CPU system time: 0 seconds. Elapsed time: 23.789 seconds; current allocated memory: 588.273 MB.
INFO: [HLS 200-777] Using interface defaults for 'Vivado' flow target.
INFO: [HLS 200-1995] There were 572 instructions in the design after the 'Compile/Link' phase of compilation. See the Design Size Report for more details (C:/NCKH/LLama2_110M-Inference_Architecture_on_FPGA/Source_Code/ffn_prj/solution1/syn/report/csynth_design_size.rpt:2)
INFO: [HLS 200-1995] There were 372 instructions in the design after the 'Unroll/Inline (step 1)' phase of compilation. See the Design Size Report for more details (C:/NCKH/LLama2_110M-Inference_Architecture_on_FPGA/Source_Code/ffn_prj/solution1/syn/report/csynth_design_size.rpt:2)
INFO: [HLS 200-1995] There were 281 instructions in the design after the 'Unroll/Inline (step 2)' phase of compilation. See the Design Size Report for more details (C:/NCKH/LLama2_110M-Inference_Architecture_on_FPGA/Source_Code/ffn_prj/solution1/syn/report/csynth_design_size.rpt:2)
INFO: [HLS 200-1995] There were 304 instructions in the design after the 'Unroll/Inline (step 3)' phase of compilation. See the Design Size Report for more details (C:/NCKH/LLama2_110M-Inference_Architecture_on_FPGA/Source_Code/ffn_prj/solution1/syn/report/csynth_design_size.rpt:2)
INFO: [HLS 200-1995] There were 304 instructions in the design after the 'Unroll/Inline (step 4)' phase of compilation. See the Design Size Report for more details (C:/NCKH/LLama2_110M-Inference_Architecture_on_FPGA/Source_Code/ffn_prj/solution1/syn/report/csynth_design_size.rpt:2)
INFO: [HLS 200-1995] There were 235 instructions in the design after the 'Array/Struct (step 1)' phase of compilation. See the Design Size Report for more details (C:/NCKH/LLama2_110M-Inference_Architecture_on_FPGA/Source_Code/ffn_prj/solution1/syn/report/csynth_design_size.rpt:2)
INFO: [HLS 200-1995] There were 235 instructions in the design after the 'Array/Struct (step 2)' phase of compilation. See the Design Size Report for more details (C:/NCKH/LLama2_110M-Inference_Architecture_on_FPGA/Source_Code/ffn_prj/solution1/syn/report/csynth_design_size.rpt:2)
INFO: [HLS 200-1995] There were 235 instructions in the design after the 'Array/Struct (step 3)' phase of compilation. See the Design Size Report for more details (C:/NCKH/LLama2_110M-Inference_Architecture_on_FPGA/Source_Code/ffn_prj/solution1/syn/report/csynth_design_size.rpt:2)
INFO: [HLS 200-1995] There were 235 instructions in the design after the 'Array/Struct (step 4)' phase of compilation. See the Design Size Report for more details (C:/NCKH/LLama2_110M-Inference_Architecture_on_FPGA/Source_Code/ffn_prj/solution1/syn/report/csynth_design_size.rpt:2)
INFO: [HLS 200-1995] There were 241 instructions in the design after the 'Array/Struct (step 5)' phase of compilation. See the Design Size Report for more details (C:/NCKH/LLama2_110M-Inference_Architecture_on_FPGA/Source_Code/ffn_prj/solution1/syn/report/csynth_design_size.rpt:2)
INFO: [HLS 200-1995] There were 241 instructions in the design after the 'Performance (step 1)' phase of compilation. See the Design Size Report for more details (C:/NCKH/LLama2_110M-Inference_Architecture_on_FPGA/Source_Code/ffn_prj/solution1/syn/report/csynth_design_size.rpt:2)
INFO: [HLS 200-1995] There were 238 instructions in the design after the 'Performance (step 2)' phase of compilation. See the Design Size Report for more details (C:/NCKH/LLama2_110M-Inference_Architecture_on_FPGA/Source_Code/ffn_prj/solution1/syn/report/csynth_design_size.rpt:2)
INFO: [HLS 200-1995] There were 238 instructions in the design after the 'Performance (step 3)' phase of compilation. See the Design Size Report for more details (C:/NCKH/LLama2_110M-Inference_Architecture_on_FPGA/Source_Code/ffn_prj/solution1/syn/report/csynth_design_size.rpt:2)
INFO: [HLS 200-1995] There were 238 instructions in the design after the 'Performance (step 4)' phase of compilation. See the Design Size Report for more details (C:/NCKH/LLama2_110M-Inference_Architecture_on_FPGA/Source_Code/ffn_prj/solution1/syn/report/csynth_design_size.rpt:2)
INFO: [HLS 200-1995] There were 283 instructions in the design after the 'HW Transforms (step 1)' phase of compilation. See the Design Size Report for more details (C:/NCKH/LLama2_110M-Inference_Architecture_on_FPGA/Source_Code/ffn_prj/solution1/syn/report/csynth_design_size.rpt:2)
INFO: [HLS 200-1995] There were 363 instructions in the design after the 'HW Transforms (step 2)' phase of compilation. See the Design Size Report for more details (C:/NCKH/LLama2_110M-Inference_Architecture_on_FPGA/Source_Code/ffn_prj/solution1/syn/report/csynth_design_size.rpt:2)
WARNING: [HLS 214-464] Skipping array undecay on variable length array 'i_vec'. (kernel_FFN.cpp:71:0)
WARNING: [HLS 214-464] Skipping array undecay on variable length array 'W1_vec'. (kernel_FFN.cpp:71:0)
WARNING: [HLS 214-464] Skipping array undecay on variable length array 'W2_vec'. (kernel_FFN.cpp:71:0)
WARNING: [HLS 214-464] Skipping array undecay on variable length array 'W3_vec'. (kernel_FFN.cpp:71:0)
WARNING: [HLS 214-464] Skipping array undecay on variable length array 'o_vec'. (kernel_FFN.cpp:71:0)
INFO: [HLS 214-115] Multiple burst reads of length 768 and bit width 32 in loop 'VITIS_LOOP_12_1'(kernel_FFN.cpp:12:22) has been inferred on bundle 'gmem'. These burst requests might be further partitioned into multiple requests during RTL generation, based on max_read_burst_length or max_write_burst_length settings. (kernel_FFN.cpp:12:22)
INFO: [HLS 214-115] Multiple burst writes of length 768 and bit width 32 in loop 'VITIS_LOOP_18_1'(kernel_FFN.cpp:18:22) has been inferred on bundle 'gmem'. These burst requests might be further partitioned into multiple requests during RTL generation, based on max_read_burst_length or max_write_burst_length settings. (kernel_FFN.cpp:18:22)
WARNING: [HLS 214-475] Merging processes 'Multiply_VecMat', 'push_tensor1d' and 'push_tensor1d' in function 'FFN' due to writes on 'x_strm' (kernel_FFN.cpp:71:0)
WARNING: [HLS 214-475] Merging processes 'push_tensor2d_bycol', 'Multiply_VecMat', 'push_tensor1d', 'Multiply_VecMat' and 'push_tensor1d' in function 'FFN' due to reads on 'x_strm' (kernel_FFN.cpp:71:0)
WARNING: [HLS 214-475] Merging processes 'push_tensor2d_bycol', 'push_tensor2d_bycol', 'push_tensor1d', 'Multiply_VecMat', 'push_tensor1d', 'push_tensor2d_bycol' and 'Multiply_VecMat' in function 'FFN' due to writes on 'W_strm' (kernel_FFN.cpp:71:0)
WARNING: [HLS 214-475] Merging processes 'Swish', 'Multiply_VecMat', 'Multiply_Vec', 'push_tensor1d', 'push_tensor2d_bycol', 'Multiply_VecMat', 'push_tensor1d', 'push_tensor2d_bycol', 'Multiply_VecMat' and 'push_tensor2d_bycol' in function 'FFN' due to reads on 'W_strm' (kernel_FFN.cpp:71:0)
INFO: [HLS 200-111] Finished Compiling Optimization and Transform: CPU user time: 0 seconds. CPU system time: 0 seconds. Elapsed time: 9.13 seconds; current allocated memory: 589.527 MB.
INFO: [HLS 200-111] Finished Checking Pragmas: CPU user time: 0 seconds. CPU system time: 0 seconds. Elapsed time: 0.01 seconds; current allocated memory: 589.527 MB.
INFO: [HLS 200-10] Starting code transformations ...
INFO: [HLS 200-111] Finished Standard Transforms: CPU user time: 0 seconds. CPU system time: 0 seconds. Elapsed time: 0.144 seconds; current allocated memory: 593.949 MB.
INFO: [HLS 200-10] Checking synthesizability ...
INFO: [HLS 200-111] Finished Checking Synthesizability: CPU user time: 0 seconds. CPU system time: 0 seconds. Elapsed time: 0.1 seconds; current allocated memory: 596.473 MB.
INFO: [XFORM 203-712] Applying dataflow to function 'FFN' (kernel_FFN.cpp:70), detected/extracted 3 process function(s): 
	 'entry_proc'
	 'Block_entry_x_strm_wr_x_strm_rd_W_strm_wr_W_strm_rd_proc'
	 'pull_tensor1d'.
INFO: [HLS 200-111] Finished Loop, function and other optimizations: CPU user time: 1 seconds. CPU system time: 0 seconds. Elapsed time: 0.253 seconds; current allocated memory: 618.918 MB.
INFO: [HLS 200-2061] Successfully converted nested loops 'VITIS_LOOP_24_1'(kernel_FFN.cpp:24:22) and 'VITIS_LOOP_25_2'(kernel_FFN.cpp:25:26) in function 'push_tensor2d_bycol.4' into perfectly nested loops.
INFO: [HLS 200-2061] Successfully converted nested loops 'VITIS_LOOP_24_1'(kernel_FFN.cpp:24:22) and 'VITIS_LOOP_25_2'(kernel_FFN.cpp:25:26) in function 'push_tensor2d_bycol.2' into perfectly nested loops.
INFO: [HLS 200-2061] Successfully converted nested loops 'VITIS_LOOP_24_1'(kernel_FFN.cpp:24:22) and 'VITIS_LOOP_25_2'(kernel_FFN.cpp:25:26) in function 'push_tensor2d_bycol' into perfectly nested loops.
INFO: [HLS 200-2061] Successfully converted nested loops 'VITIS_LOOP_41_2'(kernel_FFN.cpp:41:22) and 'VITIS_LOOP_43_3'(kernel_FFN.cpp:43:26) in function 'Multiply_VecMat.5' into perfectly nested loops.
INFO: [HLS 200-2061] Successfully converted nested loops 'VITIS_LOOP_41_2'(kernel_FFN.cpp:41:22) and 'VITIS_LOOP_43_3'(kernel_FFN.cpp:43:26) in function 'Multiply_VecMat.3' into perfectly nested loops.
INFO: [HLS 200-2061] Successfully converted nested loops 'VITIS_LOOP_41_2'(kernel_FFN.cpp:41:22) and 'VITIS_LOOP_43_3'(kernel_FFN.cpp:43:26) in function 'Multiply_VecMat' into perfectly nested loops.
INFO: [XFORM 203-541] Flattening a loop nest 'VITIS_LOOP_24_1' (kernel_FFN.cpp:24:22) in function 'push_tensor2d_bycol.4'.
INFO: [XFORM 203-541] Flattening a loop nest 'VITIS_LOOP_24_1' (kernel_FFN.cpp:24:22) in function 'push_tensor2d_bycol.2'.
INFO: [XFORM 203-541] Flattening a loop nest 'VITIS_LOOP_24_1' (kernel_FFN.cpp:24:22) in function 'push_tensor2d_bycol'.
INFO: [XFORM 203-541] Flattening a loop nest 'VITIS_LOOP_41_2' (kernel_FFN.cpp:41:22) in function 'Multiply_VecMat.5'.
INFO: [XFORM 203-541] Flattening a loop nest 'VITIS_LOOP_41_2' (kernel_FFN.cpp:41:22) in function 'Multiply_VecMat.3'.
INFO: [XFORM 203-541] Flattening a loop nest 'VITIS_LOOP_41_2' (kernel_FFN.cpp:41:22) in function 'Multiply_VecMat'.
INFO: [HLS 200-111] Finished Architecture Synthesis: CPU user time: 0 seconds. CPU system time: 0 seconds. Elapsed time: 1.362 seconds; current allocated memory: 793.176 MB.
INFO: [HLS 200-10] Starting hardware synthesis ...
INFO: [HLS 200-10] Synthesizing 'FFN' ...
WARNING: [SYN 201-103] Legalizing function name 'push_tensor1d.1_Pipeline_VITIS_LOOP_12_1' to 'push_tensor1d_1_Pipeline_VITIS_LOOP_12_1'.
WARNING: [SYN 201-103] Legalizing function name 'push_tensor1d.1' to 'push_tensor1d_1'.
WARNING: [SYN 201-103] Legalizing function name 'push_tensor2d_bycol.2' to 'push_tensor2d_bycol_2'.
WARNING: [SYN 201-103] Legalizing function name 'Multiply_VecMat.3_Pipeline_VITIS_LOOP_37_1' to 'Multiply_VecMat_3_Pipeline_VITIS_LOOP_37_1'.
WARNING: [SYN 201-103] Legalizing function name 'Multiply_VecMat.3_Pipeline_VITIS_LOOP_41_2_VITIS_LOOP_43_3' to 'Multiply_VecMat_3_Pipeline_VITIS_LOOP_41_2_VITIS_LOOP_43_3'.
WARNING: [SYN 201-103] Legalizing function name 'Multiply_VecMat.3' to 'Multiply_VecMat_3'.
WARNING: [SYN 201-103] Legalizing function name 'push_tensor2d_bycol.4' to 'push_tensor2d_bycol_4'.
WARNING: [SYN 201-103] Legalizing function name 'Multiply_VecMat.5_Pipeline_VITIS_LOOP_37_1' to 'Multiply_VecMat_5_Pipeline_VITIS_LOOP_37_1'.
WARNING: [SYN 201-103] Legalizing function name 'Multiply_VecMat.5_Pipeline_VITIS_LOOP_41_2_VITIS_LOOP_43_3' to 'Multiply_VecMat_5_Pipeline_VITIS_LOOP_41_2_VITIS_LOOP_43_3'.
WARNING: [SYN 201-103] Legalizing function name 'Multiply_VecMat.5' to 'Multiply_VecMat_5'.
INFO: [HLS 200-10] ----------------------------------------------------------------
INFO: [HLS 200-42] -- Implementing module 'entry_proc' 
INFO: [HLS 200-10] ----------------------------------------------------------------
INFO: [SCHED 204-11] Starting scheduling ...
INFO: [SCHED 204-11] Finished scheduling.
INFO: [HLS 200-111] Finished Scheduling: CPU user time: 0 seconds. CPU system time: 0 seconds. Elapsed time: 0.397 seconds; current allocated memory: 796.035 MB.
INFO: [BIND 205-100] Starting micro-architecture generation ...
INFO: [BIND 205-101] Performing variable lifetime analysis.
INFO: [BIND 205-101] Exploring resource sharing.
INFO: [BIND 205-101] Binding ...
INFO: [BIND 205-100] Finished micro-architecture generation.
INFO: [HLS 200-111] Finished Binding: CPU user time: 0 seconds. CPU system time: 0 seconds. Elapsed time: 0.04 seconds; current allocated memory: 797.062 MB.
INFO: [HLS 200-10] ----------------------------------------------------------------
INFO: [HLS 200-42] -- Implementing module 'push_tensor1d_Pipeline_VITIS_LOOP_12_1' 
INFO: [HLS 200-10] ----------------------------------------------------------------
INFO: [SCHED 204-11] Starting scheduling ...
INFO: [SCHED 204-61] Pipelining loop 'VITIS_LOOP_12_1'.
INFO: [HLS 200-1470] Pipelining result : Target II = 1, Final II = 1, Depth = 2, loop 'VITIS_LOOP_12_1'
INFO: [SCHED 204-11] Finished scheduling.
INFO: [HLS 200-111] Finished Scheduling: CPU user time: 1 seconds. CPU system time: 0 seconds. Elapsed time: 1.261 seconds; current allocated memory: 798.246 MB.
INFO: [BIND 205-100] Starting micro-architecture generation ...
INFO: [BIND 205-101] Performing variable lifetime analysis.
INFO: [BIND 205-101] Exploring resource sharing.
INFO: [BIND 205-101] Binding ...
INFO: [BIND 205-100] Finished micro-architecture generation.
INFO: [HLS 200-111] Finished Binding: CPU user time: 0 seconds. CPU system time: 0 seconds. Elapsed time: 0.071 seconds; current allocated memory: 798.484 MB.
INFO: [HLS 200-10] ----------------------------------------------------------------
INFO: [HLS 200-42] -- Implementing module 'push_tensor1d' 
INFO: [HLS 200-10] ----------------------------------------------------------------
INFO: [SCHED 204-11] Starting scheduling ...
INFO: [SCHED 204-11] Finished scheduling.
INFO: [HLS 200-111] Finished Scheduling: CPU user time: 1 seconds. CPU system time: 0 seconds. Elapsed time: 0.616 seconds; current allocated memory: 798.598 MB.
INFO: [BIND 205-100] Starting micro-architecture generation ...
INFO: [BIND 205-101] Performing variable lifetime analysis.
INFO: [BIND 205-101] Exploring resource sharing.
INFO: [BIND 205-101] Binding ...
INFO: [BIND 205-100] Finished micro-architecture generation.
INFO: [HLS 200-111] Finished Binding: CPU user time: 0 seconds. CPU system time: 0 seconds. Elapsed time: 0.598 seconds; current allocated memory: 798.676 MB.
INFO: [HLS 200-10] ----------------------------------------------------------------
INFO: [HLS 200-42] -- Implementing module 'push_tensor2d_bycol' 
INFO: [HLS 200-10] ----------------------------------------------------------------
INFO: [SCHED 204-11] Starting scheduling ...
INFO: [SCHED 204-61] Pipelining loop 'VITIS_LOOP_24_1_VITIS_LOOP_25_2'.
INFO: [HLS 200-1470] Pipelining result : Target II = 1, Final II = 1, Depth = 14, loop 'VITIS_LOOP_24_1_VITIS_LOOP_25_2'
INFO: [SCHED 204-11] Finished scheduling.
INFO: [HLS 200-111] Finished Scheduling: CPU user time: 2 seconds. CPU system time: 0 seconds. Elapsed time: 1.416 seconds; current allocated memory: 799.070 MB.
INFO: [BIND 205-100] Starting micro-architecture generation ...
INFO: [BIND 205-101] Performing variable lifetime analysis.
INFO: [BIND 205-101] Exploring resource sharing.
INFO: [BIND 205-101] Binding ...
INFO: [BIND 205-100] Finished micro-architecture generation.
INFO: [HLS 200-111] Finished Binding: CPU user time: 0 seconds. CPU system time: 0 seconds. Elapsed time: 0.423 seconds; current allocated memory: 799.156 MB.
INFO: [HLS 200-10] ----------------------------------------------------------------
INFO: [HLS 200-42] -- Implementing module 'Multiply_VecMat_Pipeline_VITIS_LOOP_37_1' 
INFO: [HLS 200-10] ----------------------------------------------------------------
INFO: [SCHED 204-11] Starting scheduling ...
INFO: [SCHED 204-61] Pipelining loop 'VITIS_LOOP_37_1'.
INFO: [HLS 200-1470] Pipelining result : Target II = 1, Final II = 1, Depth = 2, loop 'VITIS_LOOP_37_1'
INFO: [SCHED 204-11] Finished scheduling.
INFO: [HLS 200-111] Finished Scheduling: CPU user time: 1 seconds. CPU system time: 0 seconds. Elapsed time: 0.46 seconds; current allocated memory: 799.348 MB.
INFO: [BIND 205-100] Starting micro-architecture generation ...
INFO: [BIND 205-101] Performing variable lifetime analysis.
INFO: [BIND 205-101] Exploring resource sharing.
INFO: [BIND 205-101] Binding ...
INFO: [BIND 205-100] Finished micro-architecture generation.
INFO: [HLS 200-111] Finished Binding: CPU user time: 0 seconds. CPU system time: 0 seconds. Elapsed time: 0.02 seconds; current allocated memory: 799.391 MB.
INFO: [HLS 200-10] ----------------------------------------------------------------
INFO: [HLS 200-42] -- Implementing module 'Multiply_VecMat_Pipeline_VITIS_LOOP_41_2_VITIS_LOOP_43_3' 
INFO: [HLS 200-10] ----------------------------------------------------------------
INFO: [SCHED 204-11] Starting scheduling ...
INFO: [SCHED 204-61] Pipelining loop 'VITIS_LOOP_41_2_VITIS_LOOP_43_3'.
WARNING: [HLS 200-880] The II Violation in module 'Multiply_VecMat_Pipeline_VITIS_LOOP_41_2_VITIS_LOOP_43_3' (loop 'VITIS_LOOP_41_2_VITIS_LOOP_43_3'): Unable to enforce a carried dependence constraint (II = 1, distance = 1, offset = 0) between 'store' operation 0 bit ('sum_write_ln42', kernel_FFN.cpp:42) of variable 'sum', kernel_FFN.cpp:45 on local variable 'sum', kernel_FFN.cpp:42 and 'load' operation 32 bit ('sum_load', kernel_FFN.cpp:41) on local variable 'sum', kernel_FFN.cpp:42.
Resolution: For help on HLS 200-880 see docs.xilinx.com/access/sources/dita/topic?Doc_Version=2025.1%20English&url=ug1448-hls-guidance&resourceid=200-880.html
INFO: [HLS 200-1470] Pipelining result : Target II = 1, Final II = 2, Depth = 4, loop 'VITIS_LOOP_41_2_VITIS_LOOP_43_3'
INFO: [SCHED 204-11] Finished scheduling.
INFO: [HLS 200-111] Finished Scheduling: CPU user time: 0 seconds. CPU system time: 0 seconds. Elapsed time: 0.191 seconds; current allocated memory: 800.004 MB.
INFO: [BIND 205-100] Starting micro-architecture generation ...
INFO: [BIND 205-101] Performing variable lifetime analysis.
INFO: [BIND 205-101] Exploring resource sharing.
INFO: [BIND 205-101] Binding ...
INFO: [BIND 205-100] Finished micro-architecture generation.
INFO: [HLS 200-111] Finished Binding: CPU user time: 0 seconds. CPU system time: 0 seconds. Elapsed time: 0.022 seconds; current allocated memory: 800.008 MB.
INFO: [HLS 200-10] ----------------------------------------------------------------
INFO: [HLS 200-42] -- Implementing module 'Multiply_VecMat' 
INFO: [HLS 200-10] ----------------------------------------------------------------
INFO: [SCHED 204-11] Starting scheduling ...
INFO: [SCHED 204-11] Finished scheduling.
INFO: [HLS 200-111] Finished Scheduling: CPU user time: 0 seconds. CPU system time: 0 seconds. Elapsed time: 0.025 seconds; current allocated memory: 800.164 MB.
INFO: [BIND 205-100] Starting micro-architecture generation ...
INFO: [BIND 205-101] Performing variable lifetime analysis.
INFO: [BIND 205-101] Exploring resource sharing.
INFO: [BIND 205-101] Binding ...
INFO: [BIND 205-100] Finished micro-architecture generation.
INFO: [HLS 200-111] Finished Binding: CPU user time: 0 seconds. CPU system time: 0 seconds. Elapsed time: 0.054 seconds; current allocated memory: 800.246 MB.
INFO: [HLS 200-10] ----------------------------------------------------------------
INFO: [HLS 200-42] -- Implementing module 'push_tensor1d_1_Pipeline_VITIS_LOOP_12_1' 
INFO: [HLS 200-10] ----------------------------------------------------------------
INFO: [SCHED 204-11] Starting scheduling ...
INFO: [SCHED 204-61] Pipelining loop 'VITIS_LOOP_12_1'.
INFO: [HLS 200-1470] Pipelining result : Target II = 1, Final II = 1, Depth = 2, loop 'VITIS_LOOP_12_1'
INFO: [SCHED 204-11] Finished scheduling.
INFO: [HLS 200-111] Finished Scheduling: CPU user time: 0 seconds. CPU system time: 0 seconds. Elapsed time: 0.399 seconds; current allocated memory: 800.434 MB.
INFO: [BIND 205-100] Starting micro-architecture generation ...
INFO: [BIND 205-101] Performing variable lifetime analysis.
INFO: [BIND 205-101] Exploring resource sharing.
INFO: [BIND 205-101] Binding ...
INFO: [BIND 205-100] Finished micro-architecture generation.
INFO: [HLS 200-111] Finished Binding: CPU user time: 0 seconds. CPU system time: 0 seconds. Elapsed time: 0.07 seconds; current allocated memory: 800.496 MB.
INFO: [HLS 200-10] ----------------------------------------------------------------
INFO: [HLS 200-42] -- Implementing module 'push_tensor1d_1' 
INFO: [HLS 200-10] ----------------------------------------------------------------
INFO: [SCHED 204-11] Starting scheduling ...
INFO: [SCHED 204-11] Finished scheduling.
INFO: [HLS 200-111] Finished Scheduling: CPU user time: 1 seconds. CPU system time: 0 seconds. Elapsed time: 0.454 seconds; current allocated memory: 800.520 MB.
INFO: [BIND 205-100] Starting micro-architecture generation ...
INFO: [BIND 205-101] Performing variable lifetime analysis.
INFO: [BIND 205-101] Exploring resource sharing.
INFO: [BIND 205-101] Binding ...
INFO: [BIND 205-100] Finished micro-architecture generation.
INFO: [HLS 200-111] Finished Binding: CPU user time: 0 seconds. CPU system time: 0 seconds. Elapsed time: 0.547 seconds; current allocated memory: 800.535 MB.
INFO: [HLS 200-10] ----------------------------------------------------------------
INFO: [HLS 200-42] -- Implementing module 'push_tensor2d_bycol_2' 
INFO: [HLS 200-10] ----------------------------------------------------------------
INFO: [SCHED 204-11] Starting scheduling ...
INFO: [SCHED 204-61] Pipelining loop 'VITIS_LOOP_24_1_VITIS_LOOP_25_2'.
INFO: [HLS 200-1470] Pipelining result : Target II = 1, Final II = 1, Depth = 14, loop 'VITIS_LOOP_24_1_VITIS_LOOP_25_2'
INFO: [SCHED 204-11] Finished scheduling.
INFO: [HLS 200-111] Finished Scheduling: CPU user time: 1 seconds. CPU system time: 0 seconds. Elapsed time: 1.146 seconds; current allocated memory: 800.902 MB.
INFO: [BIND 205-100] Starting micro-architecture generation ...
INFO: [BIND 205-101] Performing variable lifetime analysis.
INFO: [BIND 205-101] Exploring resource sharing.
INFO: [BIND 205-101] Binding ...
INFO: [BIND 205-100] Finished micro-architecture generation.
INFO: [HLS 200-111] Finished Binding: CPU user time: 1 seconds. CPU system time: 0 seconds. Elapsed time: 0.432 seconds; current allocated memory: 801.070 MB.
INFO: [HLS 200-10] ----------------------------------------------------------------
INFO: [HLS 200-42] -- Implementing module 'Multiply_VecMat_3_Pipeline_VITIS_LOOP_37_1' 
INFO: [HLS 200-10] ----------------------------------------------------------------
INFO: [SCHED 204-11] Starting scheduling ...
INFO: [SCHED 204-61] Pipelining loop 'VITIS_LOOP_37_1'.
INFO: [HLS 200-1470] Pipelining result : Target II = 1, Final II = 1, Depth = 2, loop 'VITIS_LOOP_37_1'
INFO: [SCHED 204-11] Finished scheduling.
INFO: [HLS 200-111] Finished Scheduling: CPU user time: 0 seconds. CPU system time: 0 seconds. Elapsed time: 0.614 seconds; current allocated memory: 801.227 MB.
INFO: [BIND 205-100] Starting micro-architecture generation ...
INFO: [BIND 205-101] Performing variable lifetime analysis.
INFO: [BIND 205-101] Exploring resource sharing.
INFO: [BIND 205-101] Binding ...
INFO: [BIND 205-100] Finished micro-architecture generation.
INFO: [HLS 200-111] Finished Binding: CPU user time: 0 seconds. CPU system time: 0 seconds. Elapsed time: 0.017 seconds; current allocated memory: 801.262 MB.
INFO: [HLS 200-10] ----------------------------------------------------------------
INFO: [HLS 200-42] -- Implementing module 'Multiply_VecMat_3_Pipeline_VITIS_LOOP_41_2_VITIS_LOOP_43_3' 
INFO: [HLS 200-10] ----------------------------------------------------------------
INFO: [SCHED 204-11] Starting scheduling ...
INFO: [SCHED 204-61] Pipelining loop 'VITIS_LOOP_41_2_VITIS_LOOP_43_3'.
WARNING: [HLS 200-880] The II Violation in module 'Multiply_VecMat_3_Pipeline_VITIS_LOOP_41_2_VITIS_LOOP_43_3' (loop 'VITIS_LOOP_41_2_VITIS_LOOP_43_3'): Unable to enforce a carried dependence constraint (II = 1, distance = 1, offset = 0) between 'store' operation 0 bit ('sum_write_ln42', kernel_FFN.cpp:42) of variable 'sum', kernel_FFN.cpp:45 on local variable 'sum', kernel_FFN.cpp:42 and 'load' operation 32 bit ('sum_load', kernel_FFN.cpp:41) on local variable 'sum', kernel_FFN.cpp:42.
Resolution: For help on HLS 200-880 see docs.xilinx.com/access/sources/dita/topic?Doc_Version=2025.1%20English&url=ug1448-hls-guidance&resourceid=200-880.html
INFO: [HLS 200-1470] Pipelining result : Target II = 1, Final II = 2, Depth = 4, loop 'VITIS_LOOP_41_2_VITIS_LOOP_43_3'
INFO: [SCHED 204-11] Finished scheduling.
INFO: [HLS 200-111] Finished Scheduling: CPU user time: 0 seconds. CPU system time: 0 seconds. Elapsed time: 0.061 seconds; current allocated memory: 801.844 MB.
INFO: [BIND 205-100] Starting micro-architecture generation ...
INFO: [BIND 205-101] Performing variable lifetime analysis.
INFO: [BIND 205-101] Exploring resource sharing.
INFO: [BIND 205-101] Binding ...
INFO: [BIND 205-100] Finished micro-architecture generation.
INFO: [HLS 200-111] Finished Binding: CPU user time: 0 seconds. CPU system time: 0 seconds. Elapsed time: 0.024 seconds; current allocated memory: 801.961 MB.
INFO: [HLS 200-10] ----------------------------------------------------------------
INFO: [HLS 200-42] -- Implementing module 'Multiply_VecMat_3' 
INFO: [HLS 200-10] ----------------------------------------------------------------
INFO: [SCHED 204-11] Starting scheduling ...
INFO: [SCHED 204-11] Finished scheduling.
INFO: [HLS 200-111] Finished Scheduling: CPU user time: 0 seconds. CPU system time: 0 seconds. Elapsed time: 0.198 seconds; current allocated memory: 802.234 MB.
INFO: [BIND 205-100] Starting micro-architecture generation ...
INFO: [BIND 205-101] Performing variable lifetime analysis.
INFO: [BIND 205-101] Exploring resource sharing.
INFO: [BIND 205-101] Binding ...
INFO: [BIND 205-100] Finished micro-architecture generation.
INFO: [HLS 200-111] Finished Binding: CPU user time: 1 seconds. CPU system time: 0 seconds. Elapsed time: 0.059 seconds; current allocated memory: 802.293 MB.
INFO: [HLS 200-10] ----------------------------------------------------------------
INFO: [HLS 200-42] -- Implementing module 'Swish' 
INFO: [HLS 200-10] ----------------------------------------------------------------
INFO: [SCHED 204-11] Starting scheduling ...
INFO: [SCHED 204-61] Pipelining loop 'VITIS_LOOP_52_1'.
INFO: [HLS 200-1470] Pipelining result : Target II = 1, Final II = 1, Depth = 47, loop 'VITIS_LOOP_52_1'
INFO: [SCHED 204-11] Finished scheduling.
INFO: [HLS 200-111] Finished Scheduling: CPU user time: 0 seconds. CPU system time: 0 seconds. Elapsed time: 0.257 seconds; current allocated memory: 802.516 MB.
INFO: [BIND 205-100] Starting micro-architecture generation ...
INFO: [BIND 205-101] Performing variable lifetime analysis.
INFO: [BIND 205-101] Exploring resource sharing.
INFO: [BIND 205-101] Binding ...
INFO: [BIND 205-100] Finished micro-architecture generation.
INFO: [HLS 200-111] Finished Binding: CPU user time: 0 seconds. CPU system time: 0 seconds. Elapsed time: 0.04 seconds; current allocated memory: 802.719 MB.
INFO: [HLS 200-10] ----------------------------------------------------------------
INFO: [HLS 200-42] -- Implementing module 'Multiply_Vec' 
INFO: [HLS 200-10] ----------------------------------------------------------------
INFO: [SCHED 204-11] Starting scheduling ...
INFO: [SCHED 204-61] Pipelining loop 'VITIS_LOOP_64_1'.
INFO: [HLS 200-1470] Pipelining result : Target II = 1, Final II = 1, Depth = 3, loop 'VITIS_LOOP_64_1'
INFO: [SCHED 204-11] Finished scheduling.
INFO: [HLS 200-111] Finished Scheduling: CPU user time: 0 seconds. CPU system time: 1 seconds. Elapsed time: 0.067 seconds; current allocated memory: 802.984 MB.
INFO: [BIND 205-100] Starting micro-architecture generation ...
INFO: [BIND 205-101] Performing variable lifetime analysis.
INFO: [BIND 205-101] Exploring resource sharing.
INFO: [BIND 205-101] Binding ...
INFO: [BIND 205-100] Finished micro-architecture generation.
INFO: [HLS 200-111] Finished Binding: CPU user time: 0 seconds. CPU system time: 0 seconds. Elapsed time: 0.026 seconds; current allocated memory: 802.984 MB.
INFO: [HLS 200-10] ----------------------------------------------------------------
INFO: [HLS 200-42] -- Implementing module 'push_tensor2d_bycol_4' 
INFO: [HLS 200-10] ----------------------------------------------------------------
INFO: [SCHED 204-11] Starting scheduling ...
INFO: [SCHED 204-61] Pipelining loop 'VITIS_LOOP_24_1_VITIS_LOOP_25_2'.
INFO: [HLS 200-1470] Pipelining result : Target II = 1, Final II = 1, Depth = 14, loop 'VITIS_LOOP_24_1_VITIS_LOOP_25_2'
INFO: [SCHED 204-11] Finished scheduling.
INFO: [HLS 200-111] Finished Scheduling: CPU user time: 1 seconds. CPU system time: 0 seconds. Elapsed time: 0.819 seconds; current allocated memory: 803.285 MB.
INFO: [BIND 205-100] Starting micro-architecture generation ...
INFO: [BIND 205-101] Performing variable lifetime analysis.
INFO: [BIND 205-101] Exploring resource sharing.
INFO: [BIND 205-101] Binding ...
INFO: [BIND 205-100] Finished micro-architecture generation.
INFO: [HLS 200-111] Finished Binding: CPU user time: 0 seconds. CPU system time: 0 seconds. Elapsed time: 0.607 seconds; current allocated memory: 803.395 MB.
INFO: [HLS 200-10] ----------------------------------------------------------------
INFO: [HLS 200-42] -- Implementing module 'Multiply_VecMat_5_Pipeline_VITIS_LOOP_37_1' 
INFO: [HLS 200-10] ----------------------------------------------------------------
INFO: [SCHED 204-11] Starting scheduling ...
INFO: [SCHED 204-61] Pipelining loop 'VITIS_LOOP_37_1'.
INFO: [HLS 200-1470] Pipelining result : Target II = 1, Final II = 1, Depth = 2, loop 'VITIS_LOOP_37_1'
INFO: [SCHED 204-11] Finished scheduling.
INFO: [HLS 200-111] Finished Scheduling: CPU user time: 1 seconds. CPU system time: 0 seconds. Elapsed time: 0.496 seconds; current allocated memory: 803.520 MB.
INFO: [BIND 205-100] Starting micro-architecture generation ...
INFO: [BIND 205-101] Performing variable lifetime analysis.
INFO: [BIND 205-101] Exploring resource sharing.
INFO: [BIND 205-101] Binding ...
INFO: [BIND 205-100] Finished micro-architecture generation.
INFO: [HLS 200-111] Finished Binding: CPU user time: 0 seconds. CPU system time: 0 seconds. Elapsed time: 0.02 seconds; current allocated memory: 803.707 MB.
INFO: [HLS 200-10] ----------------------------------------------------------------
INFO: [HLS 200-42] -- Implementing module 'Multiply_VecMat_5_Pipeline_VITIS_LOOP_41_2_VITIS_LOOP_43_3' 
INFO: [HLS 200-10] ----------------------------------------------------------------
INFO: [SCHED 204-11] Starting scheduling ...
INFO: [SCHED 204-61] Pipelining loop 'VITIS_LOOP_41_2_VITIS_LOOP_43_3'.
WARNING: [HLS 200-880] The II Violation in module 'Multiply_VecMat_5_Pipeline_VITIS_LOOP_41_2_VITIS_LOOP_43_3' (loop 'VITIS_LOOP_41_2_VITIS_LOOP_43_3'): Unable to enforce a carried dependence constraint (II = 1, distance = 1, offset = 0) between 'store' operation 0 bit ('sum_write_ln42', kernel_FFN.cpp:42) of variable 'sum', kernel_FFN.cpp:45 on local variable 'sum', kernel_FFN.cpp:42 and 'load' operation 32 bit ('sum_load', kernel_FFN.cpp:41) on local variable 'sum', kernel_FFN.cpp:42.
Resolution: For help on HLS 200-880 see docs.xilinx.com/access/sources/dita/topic?Doc_Version=2025.1%20English&url=ug1448-hls-guidance&resourceid=200-880.html
INFO: [HLS 200-1470] Pipelining result : Target II = 1, Final II = 2, Depth = 5, loop 'VITIS_LOOP_41_2_VITIS_LOOP_43_3'
INFO: [SCHED 204-11] Finished scheduling.
INFO: [HLS 200-111] Finished Scheduling: CPU user time: 0 seconds. CPU system time: 0 seconds. Elapsed time: 0.06 seconds; current allocated memory: 804.141 MB.
INFO: [BIND 205-100] Starting micro-architecture generation ...
INFO: [BIND 205-101] Performing variable lifetime analysis.
INFO: [BIND 205-101] Exploring resource sharing.
INFO: [BIND 205-101] Binding ...
INFO: [BIND 205-100] Finished micro-architecture generation.
INFO: [HLS 200-111] Finished Binding: CPU user time: 0 seconds. CPU system time: 0 seconds. Elapsed time: 0.025 seconds; current allocated memory: 804.285 MB.
INFO: [HLS 200-10] ----------------------------------------------------------------
INFO: [HLS 200-42] -- Implementing module 'Multiply_VecMat_5' 
INFO: [HLS 200-10] ----------------------------------------------------------------
INFO: [SCHED 204-11] Starting scheduling ...
INFO: [SCHED 204-11] Finished scheduling.
INFO: [HLS 200-111] Finished Scheduling: CPU user time: 0 seconds. CPU system time: 0 seconds. Elapsed time: 0.029 seconds; current allocated memory: 804.312 MB.
INFO: [BIND 205-100] Starting micro-architecture generation ...
INFO: [BIND 205-101] Performing variable lifetime analysis.
INFO: [BIND 205-101] Exploring resource sharing.
INFO: [BIND 205-101] Binding ...
INFO: [BIND 205-100] Finished micro-architecture generation.
INFO: [HLS 200-111] Finished Binding: CPU user time: 0 seconds. CPU system time: 0 seconds. Elapsed time: 0.039 seconds; current allocated memory: 804.371 MB.
INFO: [HLS 200-10] ----------------------------------------------------------------
INFO: [HLS 200-42] -- Implementing module 'Block_entry_x_strm_wr_x_strm_rd_W_strm_wr_W_strm_rd_proc' 
INFO: [HLS 200-10] ----------------------------------------------------------------
INFO: [SCHED 204-11] Starting scheduling ...
INFO: [SCHED 204-11] Finished scheduling.
INFO: [HLS 200-111] Finished Scheduling: CPU user time: 0 seconds. CPU system time: 0 seconds. Elapsed time: 1.476 seconds; current allocated memory: 804.668 MB.
INFO: [BIND 205-100] Starting micro-architecture generation ...
INFO: [BIND 205-101] Performing variable lifetime analysis.
INFO: [BIND 205-101] Exploring resource sharing.
INFO: [BIND 205-101] Binding ...
INFO: [BIND 205-100] Finished micro-architecture generation.
INFO: [HLS 200-111] Finished Binding: CPU user time: 0 seconds. CPU system time: 0 seconds. Elapsed time: 0.045 seconds; current allocated memory: 804.746 MB.
INFO: [HLS 200-10] ----------------------------------------------------------------
INFO: [HLS 200-42] -- Implementing module 'pull_tensor1d' 
INFO: [HLS 200-10] ----------------------------------------------------------------
INFO: [SCHED 204-11] Starting scheduling ...
INFO: [SCHED 204-61] Pipelining loop 'VITIS_LOOP_18_1'.
INFO: [HLS 200-1470] Pipelining result : Target II = 1, Final II = 1, Depth = 14, loop 'VITIS_LOOP_18_1'
INFO: [SCHED 204-11] Finished scheduling.
INFO: [HLS 200-111] Finished Scheduling: CPU user time: 1 seconds. CPU system time: 0 seconds. Elapsed time: 1.663 seconds; current allocated memory: 805.371 MB.
INFO: [BIND 205-100] Starting micro-architecture generation ...
INFO: [BIND 205-101] Performing variable lifetime analysis.
INFO: [BIND 205-101] Exploring resource sharing.
INFO: [BIND 205-101] Binding ...
INFO: [BIND 205-100] Finished micro-architecture generation.
INFO: [HLS 200-111] Finished Binding: CPU user time: 1 seconds. CPU system time: 0 seconds. Elapsed time: 0.8 seconds; current allocated memory: 805.469 MB.
INFO: [HLS 200-10] ----------------------------------------------------------------
INFO: [HLS 200-42] -- Implementing module 'FFN' 
INFO: [HLS 200-10] ----------------------------------------------------------------
INFO: [SCHED 204-11] Starting scheduling ...
INFO: [SCHED 204-11] Finished scheduling.
INFO: [HLS 200-111] Finished Scheduling: CPU user time: 1 seconds. CPU system time: 0 seconds. Elapsed time: 0.592 seconds; current allocated memory: 805.699 MB.
INFO: [BIND 205-100] Starting micro-architecture generation ...
INFO: [BIND 205-101] Performing variable lifetime analysis.
INFO: [BIND 205-101] Exploring resource sharing.
INFO: [BIND 205-101] Binding ...
INFO: [BIND 205-100] Finished micro-architecture generation.
INFO: [HLS 200-111] Finished Binding: CPU user time: 0 seconds. CPU system time: 0 seconds. Elapsed time: 0.023 seconds; current allocated memory: 805.762 MB.
INFO: [HLS 200-10] ----------------------------------------------------------------
INFO: [HLS 200-10] -- Generating RTL for module 'entry_proc' 
INFO: [HLS 200-10] ----------------------------------------------------------------
INFO: [RTGEN 206-100] Finished creating RTL model for 'entry_proc'.
INFO: [HLS 200-111] Finished Creating RTL model: CPU user time: 0 seconds. CPU system time: 0 seconds. Elapsed time: 0.074 seconds; current allocated memory: 806.945 MB.
INFO: [HLS 200-10] ----------------------------------------------------------------
INFO: [HLS 200-10] -- Generating RTL for module 'push_tensor1d_Pipeline_VITIS_LOOP_12_1' 
INFO: [HLS 200-10] ----------------------------------------------------------------
INFO: [HLS 200-1030] Apply Unified Pipeline Control on module 'push_tensor1d_Pipeline_VITIS_LOOP_12_1' pipeline 'VITIS_LOOP_12_1' pipeline type 'loop pipeline'
WARNING: [RTGEN 206-101] Setting dangling out port 'push_tensor1d_Pipeline_VITIS_LOOP_12_1/m_axi_gmem_0_ARVALID' to 0.
WARNING: [RTGEN 206-101] Setting dangling out port 'push_tensor1d_Pipeline_VITIS_LOOP_12_1/m_axi_gmem_0_ARADDR' to 0.
WARNING: [RTGEN 206-101] Setting dangling out port 'push_tensor1d_Pipeline_VITIS_LOOP_12_1/m_axi_gmem_0_ARID' to 0.
WARNING: [RTGEN 206-101] Setting dangling out port 'push_tensor1d_Pipeline_VITIS_LOOP_12_1/m_axi_gmem_0_ARLEN' to 0.
WARNING: [RTGEN 206-101] Setting dangling out port 'push_tensor1d_Pipeline_VITIS_LOOP_12_1/m_axi_gmem_0_ARSIZE' to 0.
WARNING: [RTGEN 206-101] Setting dangling out port 'push_tensor1d_Pipeline_VITIS_LOOP_12_1/m_axi_gmem_0_ARBURST' to 0.
WARNING: [RTGEN 206-101] Setting dangling out port 'push_tensor1d_Pipeline_VITIS_LOOP_12_1/m_axi_gmem_0_ARLOCK' to 0.
WARNING: [RTGEN 206-101] Setting dangling out port 'push_tensor1d_Pipeline_VITIS_LOOP_12_1/m_axi_gmem_0_ARCACHE' to 0.
WARNING: [RTGEN 206-101] Setting dangling out port 'push_tensor1d_Pipeline_VITIS_LOOP_12_1/m_axi_gmem_0_ARPROT' to 0.
WARNING: [RTGEN 206-101] Setting dangling out port 'push_tensor1d_Pipeline_VITIS_LOOP_12_1/m_axi_gmem_0_ARQOS' to 0.
WARNING: [RTGEN 206-101] Setting dangling out port 'push_tensor1d_Pipeline_VITIS_LOOP_12_1/m_axi_gmem_0_ARREGION' to 0.
WARNING: [RTGEN 206-101] Setting dangling out port 'push_tensor1d_Pipeline_VITIS_LOOP_12_1/m_axi_gmem_0_ARUSER' to 0.
INFO: [RTGEN 206-100] Finished creating RTL model for 'push_tensor1d_Pipeline_VITIS_LOOP_12_1'.
INFO: [HLS 200-111] Finished Creating RTL model: CPU user time: 0 seconds. CPU system time: 0 seconds. Elapsed time: 0.097 seconds; current allocated memory: 808.500 MB.
INFO: [HLS 200-10] ----------------------------------------------------------------
INFO: [HLS 200-10] -- Generating RTL for module 'push_tensor1d' 
INFO: [HLS 200-10] ----------------------------------------------------------------
INFO: [RTGEN 206-100] Finished creating RTL model for 'push_tensor1d'.
INFO: [HLS 200-111] Finished Creating RTL model: CPU user time: 0 seconds. CPU system time: 0 seconds. Elapsed time: 0.728 seconds; current allocated memory: 809.480 MB.
INFO: [HLS 200-10] ----------------------------------------------------------------
INFO: [HLS 200-10] -- Generating RTL for module 'push_tensor2d_bycol' 
INFO: [HLS 200-10] ----------------------------------------------------------------
INFO: [HLS 200-1030] Apply Unified Pipeline Control on module 'push_tensor2d_bycol' pipeline 'VITIS_LOOP_24_1_VITIS_LOOP_25_2' pipeline type 'loop pipeline'
INFO: [RTGEN 206-100] Finished creating RTL model for 'push_tensor2d_bycol'.
INFO: [HLS 200-111] Finished Creating RTL model: CPU user time: 1 seconds. CPU system time: 0 seconds. Elapsed time: 1.509 seconds; current allocated memory: 810.402 MB.
INFO: [HLS 200-10] ----------------------------------------------------------------
INFO: [HLS 200-10] -- Generating RTL for module 'Multiply_VecMat_Pipeline_VITIS_LOOP_37_1' 
INFO: [HLS 200-10] ----------------------------------------------------------------
INFO: [HLS 200-1030] Apply Unified Pipeline Control on module 'Multiply_VecMat_Pipeline_VITIS_LOOP_37_1' pipeline 'VITIS_LOOP_37_1' pipeline type 'loop pipeline'
INFO: [RTGEN 206-100] Finished creating RTL model for 'Multiply_VecMat_Pipeline_VITIS_LOOP_37_1'.
INFO: [HLS 200-111] Finished Creating RTL model: CPU user time: 1 seconds. CPU system time: 0 seconds. Elapsed time: 0.647 seconds; current allocated memory: 811.805 MB.
INFO: [HLS 200-10] ----------------------------------------------------------------
INFO: [HLS 200-10] -- Generating RTL for module 'Multiply_VecMat_Pipeline_VITIS_LOOP_41_2_VITIS_LOOP_43_3' 
INFO: [HLS 200-10] ----------------------------------------------------------------
INFO: [HLS 200-1030] Apply Unified Pipeline Control on module 'Multiply_VecMat_Pipeline_VITIS_LOOP_41_2_VITIS_LOOP_43_3' pipeline 'VITIS_LOOP_41_2_VITIS_LOOP_43_3' pipeline type 'loop pipeline'
INFO: [RTGEN 206-100] Generating core module 'fmadd_32ns_32ns_32ns_32ns_32_2_primitive_dsp_1': 1 instance(s).
INFO: [RTGEN 206-100] Finished creating RTL model for 'Multiply_VecMat_Pipeline_VITIS_LOOP_41_2_VITIS_LOOP_43_3'.
INFO: [HLS 200-111] Finished Creating RTL model: CPU user time: 0 seconds. CPU system time: 0 seconds. Elapsed time: 0.131 seconds; current allocated memory: 812.742 MB.
INFO: [HLS 200-10] ----------------------------------------------------------------
INFO: [HLS 200-10] -- Generating RTL for module 'Multiply_VecMat' 
INFO: [HLS 200-10] ----------------------------------------------------------------
INFO: [RTGEN 206-100] Generating core module 'fmadd_32ns_32ns_32ns_32ns_32_2_primitive_dsp_1': 1 instance(s).
INFO: [RTGEN 206-100] Finished creating RTL model for 'Multiply_VecMat'.
INFO: [RTMG 210-278] Implementing memory 'FFN_Multiply_VecMat_local_vec_RAM_AUTO_1R1W' using auto RAMs.
INFO: [HLS 200-111] Finished Creating RTL model: CPU user time: 0 seconds. CPU system time: 0 seconds. Elapsed time: 0.189 seconds; current allocated memory: 814.270 MB.
INFO: [HLS 200-10] ----------------------------------------------------------------
INFO: [HLS 200-10] -- Generating RTL for module 'push_tensor1d_1_Pipeline_VITIS_LOOP_12_1' 
INFO: [HLS 200-10] ----------------------------------------------------------------
INFO: [HLS 200-1030] Apply Unified Pipeline Control on module 'push_tensor1d_1_Pipeline_VITIS_LOOP_12_1' pipeline 'VITIS_LOOP_12_1' pipeline type 'loop pipeline'
WARNING: [RTGEN 206-101] Setting dangling out port 'push_tensor1d_1_Pipeline_VITIS_LOOP_12_1/m_axi_gmem_0_ARVALID' to 0.
WARNING: [RTGEN 206-101] Setting dangling out port 'push_tensor1d_1_Pipeline_VITIS_LOOP_12_1/m_axi_gmem_0_ARADDR' to 0.
WARNING: [RTGEN 206-101] Setting dangling out port 'push_tensor1d_1_Pipeline_VITIS_LOOP_12_1/m_axi_gmem_0_ARID' to 0.
WARNING: [RTGEN 206-101] Setting dangling out port 'push_tensor1d_1_Pipeline_VITIS_LOOP_12_1/m_axi_gmem_0_ARLEN' to 0.
WARNING: [RTGEN 206-101] Setting dangling out port 'push_tensor1d_1_Pipeline_VITIS_LOOP_12_1/m_axi_gmem_0_ARSIZE' to 0.
WARNING: [RTGEN 206-101] Setting dangling out port 'push_tensor1d_1_Pipeline_VITIS_LOOP_12_1/m_axi_gmem_0_ARBURST' to 0.
WARNING: [RTGEN 206-101] Setting dangling out port 'push_tensor1d_1_Pipeline_VITIS_LOOP_12_1/m_axi_gmem_0_ARLOCK' to 0.
WARNING: [RTGEN 206-101] Setting dangling out port 'push_tensor1d_1_Pipeline_VITIS_LOOP_12_1/m_axi_gmem_0_ARCACHE' to 0.
WARNING: [RTGEN 206-101] Setting dangling out port 'push_tensor1d_1_Pipeline_VITIS_LOOP_12_1/m_axi_gmem_0_ARPROT' to 0.
WARNING: [RTGEN 206-101] Setting dangling out port 'push_tensor1d_1_Pipeline_VITIS_LOOP_12_1/m_axi_gmem_0_ARQOS' to 0.
WARNING: [RTGEN 206-101] Setting dangling out port 'push_tensor1d_1_Pipeline_VITIS_LOOP_12_1/m_axi_gmem_0_ARREGION' to 0.
WARNING: [RTGEN 206-101] Setting dangling out port 'push_tensor1d_1_Pipeline_VITIS_LOOP_12_1/m_axi_gmem_0_ARUSER' to 0.
INFO: [RTGEN 206-100] Finished creating RTL model for 'push_tensor1d_1_Pipeline_VITIS_LOOP_12_1'.
INFO: [HLS 200-111] Finished Creating RTL model: CPU user time: 0 seconds. CPU system time: 0 seconds. Elapsed time: 1.52 seconds; current allocated memory: 814.613 MB.
INFO: [HLS 200-10] ----------------------------------------------------------------
INFO: [HLS 200-10] -- Generating RTL for module 'push_tensor1d_1' 
INFO: [HLS 200-10] ----------------------------------------------------------------
INFO: [RTGEN 206-100] Finished creating RTL model for 'push_tensor1d_1'.
INFO: [HLS 200-111] Finished Creating RTL model: CPU user time: 0 seconds. CPU system time: 0 seconds. Elapsed time: 0.202 seconds; current allocated memory: 815.812 MB.
INFO: [HLS 200-10] ----------------------------------------------------------------
INFO: [HLS 200-10] -- Generating RTL for module 'push_tensor2d_bycol_2' 
INFO: [HLS 200-10] ----------------------------------------------------------------
INFO: [HLS 200-1030] Apply Unified Pipeline Control on module 'push_tensor2d_bycol_2' pipeline 'VITIS_LOOP_24_1_VITIS_LOOP_25_2' pipeline type 'loop pipeline'
INFO: [RTGEN 206-100] Finished creating RTL model for 'push_tensor2d_bycol_2'.
INFO: [HLS 200-111] Finished Creating RTL model: CPU user time: 1 seconds. CPU system time: 0 seconds. Elapsed time: 0.874 seconds; current allocated memory: 816.566 MB.
INFO: [HLS 200-10] ----------------------------------------------------------------
INFO: [HLS 200-10] -- Generating RTL for module 'Multiply_VecMat_3_Pipeline_VITIS_LOOP_37_1' 
INFO: [HLS 200-10] ----------------------------------------------------------------
INFO: [HLS 200-1030] Apply Unified Pipeline Control on module 'Multiply_VecMat_3_Pipeline_VITIS_LOOP_37_1' pipeline 'VITIS_LOOP_37_1' pipeline type 'loop pipeline'
INFO: [RTGEN 206-100] Finished creating RTL model for 'Multiply_VecMat_3_Pipeline_VITIS_LOOP_37_1'.
INFO: [HLS 200-111] Finished Creating RTL model: CPU user time: 1 seconds. CPU system time: 0 seconds. Elapsed time: 0.745 seconds; current allocated memory: 817.871 MB.
INFO: [HLS 200-10] ----------------------------------------------------------------
INFO: [HLS 200-10] -- Generating RTL for module 'Multiply_VecMat_3_Pipeline_VITIS_LOOP_41_2_VITIS_LOOP_43_3' 
INFO: [HLS 200-10] ----------------------------------------------------------------
INFO: [HLS 200-1030] Apply Unified Pipeline Control on module 'Multiply_VecMat_3_Pipeline_VITIS_LOOP_41_2_VITIS_LOOP_43_3' pipeline 'VITIS_LOOP_41_2_VITIS_LOOP_43_3' pipeline type 'loop pipeline'
INFO: [RTGEN 206-100] Generating core module 'fmadd_32ns_32ns_32ns_32ns_32_2_primitive_dsp_1': 1 instance(s).
INFO: [RTGEN 206-100] Finished creating RTL model for 'Multiply_VecMat_3_Pipeline_VITIS_LOOP_41_2_VITIS_LOOP_43_3'.
INFO: [HLS 200-111] Finished Creating RTL model: CPU user time: 0 seconds. CPU system time: 0 seconds. Elapsed time: 0.126 seconds; current allocated memory: 818.422 MB.
INFO: [HLS 200-10] ----------------------------------------------------------------
INFO: [HLS 200-10] -- Generating RTL for module 'Multiply_VecMat_3' 
INFO: [HLS 200-10] ----------------------------------------------------------------
INFO: [RTGEN 206-100] Generating core module 'fmadd_32ns_32ns_32ns_32ns_32_2_primitive_dsp_1': 1 instance(s).
INFO: [RTGEN 206-100] Finished creating RTL model for 'Multiply_VecMat_3'.
INFO: [RTMG 210-278] Implementing memory 'FFN_Multiply_VecMat_3_local_vec_RAM_AUTO_1R1W' using auto RAMs.
INFO: [HLS 200-111] Finished Creating RTL model: CPU user time: 0 seconds. CPU system time: 0 seconds. Elapsed time: 0.176 seconds; current allocated memory: 819.598 MB.
INFO: [HLS 200-10] ----------------------------------------------------------------
INFO: [HLS 200-10] -- Generating RTL for module 'Swish' 
INFO: [HLS 200-10] ----------------------------------------------------------------
INFO: [HLS 200-1030] Apply Unified Pipeline Control on module 'Swish' pipeline 'VITIS_LOOP_52_1' pipeline type 'loop pipeline'
INFO: [RTGEN 206-100] Generating core module 'dadd_64ns_64ns_64_5_no_dsp_1': 1 instance(s).
INFO: [RTGEN 206-100] Generating core module 'ddiv_64ns_64ns_64_30_no_dsp_1': 1 instance(s).
INFO: [RTGEN 206-100] Generating core module 'dmul_64ns_64ns_64_4_med_dsp_1': 1 instance(s).
INFO: [RTGEN 206-100] Generating core module 'fexp_32ns_32ns_32_9_med_dsp_1': 1 instance(s).
INFO: [RTGEN 206-100] Generating core module 'fpext_32ns_64_1_no_dsp_1': 2 instance(s).
INFO: [RTGEN 206-100] Generating core module 'fptrunc_64ns_32_1_no_dsp_1': 1 instance(s).
INFO: [RTGEN 206-100] Finished creating RTL model for 'Swish'.
INFO: [HLS 200-111] Finished Creating RTL model: CPU user time: 0 seconds. CPU system time: 0 seconds. Elapsed time: 0.305 seconds; current allocated memory: 821.523 MB.
INFO: [HLS 200-10] ----------------------------------------------------------------
INFO: [HLS 200-10] -- Generating RTL for module 'Multiply_Vec' 
INFO: [HLS 200-10] ----------------------------------------------------------------
INFO: [HLS 200-1030] Apply Unified Pipeline Control on module 'Multiply_Vec' pipeline 'VITIS_LOOP_64_1' pipeline type 'loop pipeline'
INFO: [RTGEN 206-100] Generating core module 'fmul_32ns_32ns_32_1_primitive_dsp_1': 1 instance(s).
INFO: [RTGEN 206-100] Finished creating RTL model for 'Multiply_Vec'.
INFO: [HLS 200-111] Finished Creating RTL model: CPU user time: 0 seconds. CPU system time: 0 seconds. Elapsed time: 0.295 seconds; current allocated memory: 823.172 MB.
INFO: [HLS 200-10] ----------------------------------------------------------------
INFO: [HLS 200-10] -- Generating RTL for module 'push_tensor2d_bycol_4' 
INFO: [HLS 200-10] ----------------------------------------------------------------
INFO: [HLS 200-1030] Apply Unified Pipeline Control on module 'push_tensor2d_bycol_4' pipeline 'VITIS_LOOP_24_1_VITIS_LOOP_25_2' pipeline type 'loop pipeline'
INFO: [RTGEN 206-100] Finished creating RTL model for 'push_tensor2d_bycol_4'.
INFO: [HLS 200-111] Finished Creating RTL model: CPU user time: 0 seconds. CPU system time: 1 seconds. Elapsed time: 0.126 seconds; current allocated memory: 823.676 MB.
INFO: [HLS 200-10] ----------------------------------------------------------------
INFO: [HLS 200-10] -- Generating RTL for module 'Multiply_VecMat_5_Pipeline_VITIS_LOOP_37_1' 
INFO: [HLS 200-10] ----------------------------------------------------------------
INFO: [HLS 200-1030] Apply Unified Pipeline Control on module 'Multiply_VecMat_5_Pipeline_VITIS_LOOP_37_1' pipeline 'VITIS_LOOP_37_1' pipeline type 'loop pipeline'
INFO: [RTGEN 206-100] Finished creating RTL model for 'Multiply_VecMat_5_Pipeline_VITIS_LOOP_37_1'.
INFO: [HLS 200-111] Finished Creating RTL model: CPU user time: 1 seconds. CPU system time: 0 seconds. Elapsed time: 0.559 seconds; current allocated memory: 825.113 MB.
INFO: [HLS 200-10] ----------------------------------------------------------------
INFO: [HLS 200-10] -- Generating RTL for module 'Multiply_VecMat_5_Pipeline_VITIS_LOOP_41_2_VITIS_LOOP_43_3' 
INFO: [HLS 200-10] ----------------------------------------------------------------
INFO: [HLS 200-1030] Apply Unified Pipeline Control on module 'Multiply_VecMat_5_Pipeline_VITIS_LOOP_41_2_VITIS_LOOP_43_3' pipeline 'VITIS_LOOP_41_2_VITIS_LOOP_43_3' pipeline type 'loop pipeline'
INFO: [RTGEN 206-100] Generating core module 'fmadd_32ns_32ns_32ns_32ns_32_2_primitive_dsp_1': 1 instance(s).
INFO: [RTGEN 206-100] Finished creating RTL model for 'Multiply_VecMat_5_Pipeline_VITIS_LOOP_41_2_VITIS_LOOP_43_3'.
INFO: [HLS 200-111] Finished Creating RTL model: CPU user time: 0 seconds. CPU system time: 0 seconds. Elapsed time: 0.619 seconds; current allocated memory: 825.695 MB.
INFO: [HLS 200-10] ----------------------------------------------------------------
INFO: [HLS 200-10] -- Generating RTL for module 'Multiply_VecMat_5' 
INFO: [HLS 200-10] ----------------------------------------------------------------
INFO: [RTGEN 206-100] Generating core module 'fmadd_32ns_32ns_32ns_32ns_32_2_primitive_dsp_1': 1 instance(s).
INFO: [RTGEN 206-100] Finished creating RTL model for 'Multiply_VecMat_5'.
INFO: [RTMG 210-278] Implementing memory 'FFN_Multiply_VecMat_5_local_vec_RAM_AUTO_1R1W' using auto RAMs.
INFO: [HLS 200-111] Finished Creating RTL model: CPU user time: 0 seconds. CPU system time: 0 seconds. Elapsed time: 0.211 seconds; current allocated memory: 826.734 MB.
INFO: [HLS 200-10] ----------------------------------------------------------------
INFO: [HLS 200-10] -- Generating RTL for module 'Block_entry_x_strm_wr_x_strm_rd_W_strm_wr_W_strm_rd_proc' 
INFO: [HLS 200-10] ----------------------------------------------------------------
INFO: [RTGEN 206-100] Generating core module 'fmadd_32ns_32ns_32ns_32ns_32_2_primitive_dsp_1': 1 instance(s).
INFO: [RTGEN 206-100] Finished creating RTL model for 'Block_entry_x_strm_wr_x_strm_rd_W_strm_wr_W_strm_rd_proc'.
INFO: [RTMG 210-285] Implementing FIFO 'z2_Silu_strm_U(FFN_fifo_w32_d64_A)' using Vivado Default RAMs.
INFO: [RTMG 210-285] Implementing FIFO 'z3_strm_U(FFN_fifo_w32_d64_A)' using Vivado Default RAMs.
INFO: [RTMG 210-285] Implementing FIFO 'z2_strm_U(FFN_fifo_w32_d64_A)' using Vivado Default RAMs.
INFO: [RTMG 210-285] Implementing FIFO 'z1_strm_U(FFN_fifo_w32_d64_A)' using Vivado Default RAMs.
INFO: [RTMG 210-285] Implementing FIFO 'W_strm_U(FFN_fifo_w32_d64_A)' using Vivado Default RAMs.
INFO: [RTMG 210-285] Implementing FIFO 'x_strm_U(FFN_fifo_w32_d64_A)' using Vivado Default RAMs.
INFO: [HLS 200-111] Finished Creating RTL model: CPU user time: 0 seconds. CPU system time: 0 seconds. Elapsed time: 0.306 seconds; current allocated memory: 829.305 MB.
INFO: [HLS 200-10] ----------------------------------------------------------------
INFO: [HLS 200-10] -- Generating RTL for module 'pull_tensor1d' 
INFO: [HLS 200-10] ----------------------------------------------------------------
INFO: [HLS 200-1030] Apply Unified Pipeline Control on module 'pull_tensor1d' pipeline 'VITIS_LOOP_18_1' pipeline type 'loop pipeline'
INFO: [RTGEN 206-100] Finished creating RTL model for 'pull_tensor1d'.
INFO: [HLS 200-111] Finished Creating RTL model: CPU user time: 2 seconds. CPU system time: 0 seconds. Elapsed time: 1.508 seconds; current allocated memory: 830.613 MB.
INFO: [HLS 200-10] ----------------------------------------------------------------
INFO: [HLS 200-10] -- Generating RTL for module 'FFN' 
INFO: [HLS 200-10] ----------------------------------------------------------------
WARNING: [RTGEN 206-101] Design contains AXI ports. Reset is fixed to synchronous and active low.
INFO: [RTGEN 206-500] Setting interface mode on port 'FFN/gmem' to 'm_axi'.
INFO: [RTGEN 206-500] Setting interface mode on port 'FFN/i_vec' to 's_axilite & ap_none'.
INFO: [RTGEN 206-500] Setting interface mode on port 'FFN/o_vec' to 's_axilite & ap_none'.
INFO: [RTGEN 206-500] Setting interface mode on port 'FFN/W1_vec' to 's_axilite & ap_none'.
INFO: [RTGEN 206-500] Setting interface mode on port 'FFN/W2_vec' to 's_axilite & ap_none'.
INFO: [RTGEN 206-500] Setting interface mode on port 'FFN/W3_vec' to 's_axilite & ap_none'.
INFO: [RTGEN 206-500] Setting interface mode on function 'FFN' to 's_axilite & ap_ctrl_hs'.
INFO: [RTGEN 206-100] Bundling port 'return' to AXI-Lite port control.
INFO: [RTGEN 206-100] Bundling port 'i_vec', 'o_vec', 'W1_vec', 'W2_vec' and 'W3_vec' to AXI-Lite port control_r.
WARNING: [RTGEN 206-101] RTL name 'fifo_w32_d64_A' is changed to 'fifo_w32_d64_A_x' due to conflict.
INFO: [RTGEN 206-100] Finished creating RTL model for 'FFN'.
INFO: [RTMG 210-285] Implementing FIFO 'o_vec_c_U(FFN_fifo_w64_d3_S)' using Shift Registers.
INFO: [RTMG 210-285] Implementing FIFO 'res_strm_U(FFN_fifo_w32_d64_A_x)' using Vivado Default RAMs.
INFO: [RTMG 210-285] Implementing FIFO 'start_for_pull_tensor1d_U0_U(FFN_start_for_pull_tensor1d_U0)' using Shift Registers.
INFO: [HLS 200-111] Finished Creating RTL model: CPU user time: 0 seconds. CPU system time: 0 seconds. Elapsed time: 1.007 seconds; current allocated memory: 833.332 MB.
INFO: [HLS 200-111] Finished Generating all RTL models: CPU user time: 2 seconds. CPU system time: 0 seconds. Elapsed time: 2.6 seconds; current allocated memory: 837.977 MB.
INFO: [HLS 200-1603] Design has inferred MAXI bursts and missed bursts, see Vitis HLS GUI synthesis summary report for detailed information.
INFO: [HLS 200-111] Finished Updating report files: CPU user time: 1 seconds. CPU system time: 1 seconds. Elapsed time: 2.232 seconds; current allocated memory: 847.922 MB.
INFO: [VHDL 208-304] Generating VHDL RTL for FFN.
INFO: [VLOG 209-307] Generating Verilog RTL for FFN.
INFO: [HLS 200-790] **** Loop Constraint Status: All loop constraints were satisfied.
INFO: [HLS 200-789] **** Estimated Fmax: 342.47 MHz
INFO: [HLS 200-2161] Finished Command csynth_design Elapsed time: 00:01:08; Allocated memory: 265.035 MB.
INFO: [HLS 200-112] Total CPU user time: 28 seconds. Total CPU system time: 5 seconds. Total elapsed time: 73.468 seconds; peak allocated memory: 847.953 MB.
INFO: [vitis-run 60-791] Total elapsed time: 0h 1m 15s
INFO: [vitis-run 60-1662] Stopping dispatch session having empty uuid.
