

================================================================
== Vitis HLS Report for 'entry_proc'
================================================================
* Date:           Tue Sep 30 15:49:08 2025

* Version:        2025.1 (Build 6135595 on May 21 2025)
* Project:        ffn_prj
* Solution:       solution1 (Vivado IP Flow Target)
* Product family: versalhbm
* Target device:  xcv80-lsva4737-2MHP-e-S


================================================================
== Performance Estimates
================================================================
+ Timing: 
    * Summary: 
    +--------+---------+----------+------------+
    |  Clock |  Target | Estimated| Uncertainty|
    +--------+---------+----------+------------+
    |ap_clk  |  4.00 ns|  0.750 ns|     1.08 ns|
    +--------+---------+----------+------------+

+ Latency: 
    * Summary: 
    +---------+---------+----------+----------+-----+-----+---------+
    |  Latency (cycles) |  Latency (absolute) |  Interval | Pipeline|
    |   min   |   max   |    min   |    max   | min | max |   Type  |
    +---------+---------+----------+----------+-----+-----+---------+
    |        0|        0|      0 ns|      0 ns|    0|    0|       no|
    +---------+---------+----------+----------+-----+-----+---------+

    + Detail: 
        * Instance: 
        N/A

        * Loop: 
        N/A

============================================================
+ Verbose Summary: Synthesis Manager
============================================================
InlineROM: 1
ExposeGlobal: 0
============================================================
+ Verbose Summary: CDFG Model
============================================================
IsTopModel: 0
ResetActiveHigh: 1
IsCombinational: 2
IsDatapathOnly: 0
HasWiredReturn: 1
HasMFsm: 0
HasVarLatency: 0
IsPipeline: 0
IsRtlPipelined: 0
IsInstanceOverlapped: 0
IsDontTouch: 0
HasImplIP: 0
IsGatedGlobalClock: 0


============================================================
+ Verbose Summary: Schedule
============================================================
* Number of FSM states : 1
* Pipeline : 0
* Dataflow Pipeline: 0

* FSM state transitions: 
1 --> 

* FSM state operations: 

State 1 <SV = 0> <Delay = 0.75>
ST_1 : Operation 2 [1/1] (0.00ns)   --->   "%specinterface_ln0 = specinterface void @_ssdm_op_SpecInterface, i64 %o_vec_c, void @ap_fifo_str, i32 0, i32 0, void @p_str, i32 0, i32 0, void @p_str, void @p_str, void @p_str, i32 2, i32 2, i32 16, i32 16, void @p_str, void @ScalarProp_str, i32 4294967295, i32 0, i32 0"   --->   Operation 2 'specinterface' 'specinterface_ln0' <Predicate = true> <Delay = 0.00>
ST_1 : Operation 3 [1/1] (0.00ns)   --->   "%o_vec_read = read i64 @_ssdm_op_Read.ap_auto.i64, i64 %o_vec"   --->   Operation 3 'read' 'o_vec_read' <Predicate = true> <Delay = 0.00>
ST_1 : Operation 4 [1/1] (0.00ns)   --->   "%muxLogicFIFOData_to_write_ln0 = muxlogic i64 %o_vec_read"   --->   Operation 4 'muxlogic' 'muxLogicFIFOData_to_write_ln0' <Predicate = true> <Delay = 0.00>
ST_1 : Operation 5 [1/1] ( I:0.75ns O:0.75ns )   --->   "%write_ln0 = write void @_ssdm_op_Write.ap_fifo.i64P0A, i64 %o_vec_c, i64 %o_vec_read"   --->   Operation 5 'write' 'write_ln0' <Predicate = true> <Delay = 0.75> <CoreInst = "FIFO_SRL">   --->   Core 84 'FIFO_SRL' <Latency = 0> <II = 1> <Delay = 0.93> <Storage> <Opcode : 'read' 'write' 'nbread' 'nbwrite'> <Ports = 0> <Width = 64> <Depth = 3> <FIFO>
ST_1 : Operation 6 [1/1] (0.00ns)   --->   "%ret_ln0 = ret"   --->   Operation 6 'ret' 'ret_ln0' <Predicate = true> <Delay = 0.00>


============================================================
+ Verbose Summary: Timing violations
============================================================
Target clock period: 4.000ns, clock uncertainty: 1.080ns.

 <State 1>: 0.750ns
The critical path consists of the following:
	wire read operation ('o_vec_read') on port 'o_vec' [4]  (0.000 ns)
	'muxlogic' operation 0 bit ('muxLogicFIFOData_to_write_ln0') [5]  (0.000 ns)
	fifo write operation ('write_ln0') on port 'o_vec_c' [6]  (0.750 ns)


============================================================
+ Verbose Summary: Binding
============================================================
N/A
* FSMD analyzer results:
  - Output states:
 - Input state : 
  - Chain level:
	State 1


============================================================
+ Verbose Summary: Datapath Resource usage 
============================================================
N/A
