

================================================================
== Vitis HLS Report for 'push_tensor1d_1_Pipeline_VITIS_LOOP_12_1'
================================================================
* Date:           Tue Sep 30 15:49:14 2025

* Version:        2025.1 (Build 6135595 on May 21 2025)
* Project:        ffn_prj
* Solution:       solution1 (Vivado IP Flow Target)
* Product family: versalhbm
* Target device:  xcv80-lsva4737-2MHP-e-S


================================================================
== Performance Estimates
================================================================
+ Timing: 
    * Summary: 
    +--------+---------+----------+------------+
    |  Clock |  Target | Estimated| Uncertainty|
    +--------+---------+----------+------------+
    |ap_clk  |  4.00 ns|  2.844 ns|     1.08 ns|
    +--------+---------+----------+------------+

+ Latency: 
    * Summary: 
    +---------+---------+----------+----------+-----+-----+------------------------------------------------+
    |  Latency (cycles) |  Latency (absolute) |  Interval |                    Pipeline                    |
    |   min   |   max   |    min   |    max   | min | max |                      Type                      |
    +---------+---------+----------+----------+-----+-----+------------------------------------------------+
    |      770|      770|  3.080 us|  3.080 us|  769|  769|  loop auto-rewind stp (delay=0 clock cycles(s))|
    +---------+---------+----------+----------+-----+-----+------------------------------------------------+

    + Detail: 
        * Instance: 
        N/A

        * Loop: 
        +-------------------+---------+---------+----------+-----------+-----------+------+----------+
        |                   |  Latency (cycles) | Iteration|  Initiation Interval  | Trip |          |
        |     Loop Name     |   min   |   max   |  Latency |  achieved |   target  | Count| Pipelined|
        +-------------------+---------+---------+----------+-----------+-----------+------+----------+
        |- VITIS_LOOP_12_1  |      768|      768|         2|          1|          1|   768|       yes|
        +-------------------+---------+---------+----------+-----------+-----------+------+----------+

============================================================
+ Verbose Summary: Synthesis Manager
============================================================
InlineROM: 1
ExposeGlobal: 0
============================================================
+ Verbose Summary: CDFG Model
============================================================
IsTopModel: 0
ResetActiveHigh: 1
IsCombinational: 0
IsDatapathOnly: 0
HasWiredReturn: 1
HasMFsm: 2
HasVarLatency: 1
IsPipeline: 0
IsRtlPipelined: 0
IsInstanceOverlapped: 0
IsDontTouch: 0
HasImplIP: 0
IsGatedGlobalClock: 0

+ Individual pipeline summary: 
  * Pipeline-0: initiation interval (II) = 1, depth = 2


============================================================
+ Verbose Summary: Schedule
============================================================
* Number of FSM states : 2
* Pipeline : 1
  Pipeline-0 : II = 1, D = 2, States = { 1 2 }
* Dataflow Pipeline: 0

* FSM state transitions: 
1 --> 2 
2 --> 

* FSM state operations: 

State 1 <SV = 0> <Delay = 1.50>
ST_1 : Operation 5 [1/1] (0.00ns)   --->   "%i = alloca i32 1" [kernel_FFN.cpp:12]   --->   Operation 5 'alloca' 'i' <Predicate = true> <Delay = 0.00>
ST_1 : Operation 6 [1/1] (0.00ns)   --->   "%sext_ln12_read = read i62 @_ssdm_op_Read.ap_auto.i62, i62 %sext_ln12"   --->   Operation 6 'read' 'sext_ln12_read' <Predicate = true> <Delay = 0.00>
ST_1 : Operation 7 [1/1] (0.00ns)   --->   "%sext_ln12_cast = sext i62 %sext_ln12_read"   --->   Operation 7 'sext' 'sext_ln12_cast' <Predicate = true> <Delay = 0.00>
ST_1 : Operation 8 [1/1] (0.00ns)   --->   "%specinterface_ln0 = specinterface void @_ssdm_op_SpecInterface, i32 %gmem, void @empty, i32 0, i32 0, void @empty_12, i32 0, i32 0, void @empty_11, void @empty_10, void @empty_12, i32 16, i32 16, i32 16, i32 16, void @empty_12, void @empty_12, i32 4294967295, i32 0, i32 0"   --->   Operation 8 'specinterface' 'specinterface_ln0' <Predicate = true> <Delay = 0.00>
ST_1 : Operation 9 [1/1] (0.00ns)   --->   "%specinterface_ln0 = specinterface void @_ssdm_op_SpecInterface, i32 %x_strm, void @empty_16, i32 0, i32 0, void @empty_12, i32 0, i32 0, void @empty_12, void @empty_12, void @empty_12, i32 0, i32 0, i32 0, i32 0, void @empty_12, void @empty_12, i32 4294967295, i32 0, i32 0"   --->   Operation 9 'specinterface' 'specinterface_ln0' <Predicate = true> <Delay = 0.00>
ST_1 : Operation 10 [1/1] (0.39ns)   --->   "%store_ln12 = store i10 0, i10 %i" [kernel_FFN.cpp:12]   --->   Operation 10 'store' 'store_ln12' <Predicate = true> <Delay = 0.39>
ST_1 : Operation 11 [1/1] (0.00ns)   --->   "%br_ln0 = br void %for.inc"   --->   Operation 11 'br' 'br_ln0' <Predicate = true> <Delay = 0.00>
ST_1 : Operation 12 [1/1] (0.00ns)   --->   "%i_2 = load i10 %i" [kernel_FFN.cpp:12]   --->   Operation 12 'load' 'i_2' <Predicate = true> <Delay = 0.00>
ST_1 : Operation 13 [1/1] (0.71ns)   --->   "%add_ln12 = add i10 %i_2, i10 1" [kernel_FFN.cpp:12]   --->   Operation 13 'add' 'add_ln12' <Predicate = true> <Delay = 0.71> <CoreInst = "Adder">   --->   Core 1 'Adder' <Latency = 0> <II = 1> <Delay = 0.71> <FuncUnit> <Opcode : 'add' 'sub'> <InPorts = 2> <OutPorts = 1>
ST_1 : Operation 14 [1/1] (0.60ns)   --->   "%icmp_ln12 = icmp_eq  i10 %i_2, i10 768" [kernel_FFN.cpp:12]   --->   Operation 14 'icmp' 'icmp_ln12' <Predicate = true> <Delay = 0.60> <CoreInst = "ICmp_EQ">   --->   Core 156 'ICmp_EQ' <Latency = 0> <II = 1> <Delay = 0.60> <FuncUnit> <Opcode : 'seteq' 'setne'> <InPorts = 2> <OutPorts = 1>
ST_1 : Operation 15 [1/1] (0.00ns)   --->   "%br_ln12 = br i1 %icmp_ln12, void %for.inc.split, void %for.end.exitStub" [kernel_FFN.cpp:12]   --->   Operation 15 'br' 'br_ln12' <Predicate = true> <Delay = 0.00>
ST_1 : Operation 16 [1/1] (0.39ns)   --->   "%store_ln12 = store i10 %add_ln12, i10 %i" [kernel_FFN.cpp:12]   --->   Operation 16 'store' 'store_ln12' <Predicate = (!icmp_ln12)> <Delay = 0.39>
ST_1 : Operation 26 [1/1] (0.28ns)   --->   "%ret_ln0 = ret"   --->   Operation 26 'ret' 'ret_ln0' <Predicate = (icmp_ln12)> <Delay = 0.28>

State 2 <SV = 1> <Delay = 2.84>
ST_2 : Operation 17 [1/1] (0.00ns)   --->   "%gmem_addr = getelementptr i32 %gmem, i64 %sext_ln12_cast" [kernel_FFN.cpp:12]   --->   Operation 17 'getelementptr' 'gmem_addr' <Predicate = true> <Delay = 0.00>
ST_2 : Operation 18 [1/1] (0.00ns)   --->   "%specpipeline_ln13 = specpipeline void @_ssdm_op_SpecPipeline, i32 1, i32 0, i32 0, i32 0, void @empty_12" [kernel_FFN.cpp:13]   --->   Operation 18 'specpipeline' 'specpipeline_ln13' <Predicate = true> <Delay = 0.00>
ST_2 : Operation 19 [1/1] (0.00ns)   --->   "%speclooptripcount_ln12 = speclooptripcount void @_ssdm_op_SpecLoopTripCount, i64 768, i64 768, i64 768" [kernel_FFN.cpp:12]   --->   Operation 19 'speclooptripcount' 'speclooptripcount_ln12' <Predicate = true> <Delay = 0.00>
ST_2 : Operation 20 [1/1] (0.00ns)   --->   "%specloopname_ln12 = specloopname void @_ssdm_op_SpecLoopName, void @empty_18" [kernel_FFN.cpp:12]   --->   Operation 20 'specloopname' 'specloopname_ln12' <Predicate = true> <Delay = 0.00>
ST_2 : Operation 21 [1/1] (0.54ns) (share mux size 5)   --->   "%muxLogicAXIMCE_to_gmem_addr_read = muxlogic"   --->   Operation 21 'muxlogic' 'muxLogicAXIMCE_to_gmem_addr_read' <Predicate = true> <Delay = 0.54>
ST_2 : Operation 22 [1/1] (1.03ns) (share mux size 5)   --->   "%gmem_addr_read = read i32 @_ssdm_op_Read.m_axi.p1i32, i32 %gmem_addr" [kernel_FFN.cpp:14]   --->   Operation 22 'read' 'gmem_addr_read' <Predicate = true> <Delay = 1.03> <CoreInst = "m_axi">   --->   Core 123 'm_axi' <Latency = 0> <II = 1> <Delay = 1.56> <Adapter> <Opcode : 'read' 'write' 'readreq' 'writereq' 'writeresp'>
ST_2 : Operation 23 [1/1] (0.28ns) (share mux size 2)   --->   "%muxLogicFIFOData_to_write_ln14 = muxlogic i32 %gmem_addr_read"   --->   Operation 23 'muxlogic' 'muxLogicFIFOData_to_write_ln14' <Predicate = true> <Delay = 0.28>
ST_2 : Operation 24 [1/1] ( I:0.98ns O:0.98ns ) (share mux size 2)   --->   "%write_ln14 = write void @_ssdm_op_Write.ap_fifo.volatile.i32P0A, i32 %x_strm, i32 %gmem_addr_read" [kernel_FFN.cpp:14]   --->   Operation 24 'write' 'write_ln14' <Predicate = true> <Delay = 0.98> <CoreInst = "FIFO">   --->   Core 81 'FIFO' <Latency = 0> <II = 1> <Delay = 0.98> <Storage> <Opcode : 'read' 'write' 'nbread' 'nbwrite'> <Ports = 0> <Width = 32> <Depth = 64> <FIFO>
ST_2 : Operation 25 [1/1] (0.00ns)   --->   "%br_ln12 = br void %for.inc" [kernel_FFN.cpp:12]   --->   Operation 25 'br' 'br_ln12' <Predicate = true> <Delay = 0.00>


============================================================
+ Verbose Summary: Binding
============================================================
STG Binding: 
---------------- STG Properties BEGIN ----------------
- Is combinational: 0
- Is one-state seq: 0
- Is datapath-only: 0
- Is pipelined: 0
- Is top level: 0
Port [ Return ] is wired: 1; IO mode=ap_ctrl_hs:ce=0
Port [ gmem]:  wired=1; compound=1; hidden=0; nouse=0; global=0; static=0; extern=0; dir=0; type=4; pingpong=0; private_global=0; IO mode=m_axi:ce=0
Port [ sext_ln12]:  wired=1; compound=0; hidden=0; nouse=0; global=0; static=0; extern=0; dir=0; type=0; pingpong=0; private_global=0; IO mode=ap_none:ce=0
Port [ x_strm]:  wired=1; compound=1; hidden=0; nouse=0; global=0; static=0; extern=0; dir=1; type=3; pingpong=0; private_global=0; IO mode=ap_fifo:ce=0
---------------- STG Properties END ------------------

---------------- Datapath Model BEGIN ----------------

<LifeTime>
<method=bitvector/>
i                                (alloca           ) [ 010]
sext_ln12_read                   (read             ) [ 000]
sext_ln12_cast                   (sext             ) [ 011]
specinterface_ln0                (specinterface    ) [ 000]
specinterface_ln0                (specinterface    ) [ 000]
store_ln12                       (store            ) [ 000]
br_ln0                           (br               ) [ 000]
i_2                              (load             ) [ 000]
add_ln12                         (add              ) [ 000]
icmp_ln12                        (icmp             ) [ 010]
br_ln12                          (br               ) [ 000]
store_ln12                       (store            ) [ 000]
gmem_addr                        (getelementptr    ) [ 000]
specpipeline_ln13                (specpipeline     ) [ 000]
speclooptripcount_ln12           (speclooptripcount) [ 000]
specloopname_ln12                (specloopname     ) [ 000]
muxLogicAXIMCE_to_gmem_addr_read (muxlogic         ) [ 000]
gmem_addr_read                   (read             ) [ 000]
muxLogicFIFOData_to_write_ln14   (muxlogic         ) [ 000]
write_ln14                       (write            ) [ 000]
br_ln12                          (br               ) [ 000]
ret_ln0                          (ret              ) [ 000]
</LifeTime>

<model>

<comp_list>
<comp id="0" class="1000" name="gmem">
<pin_list>
<pin id="1" dir="1" index="0" bw="1" slack="0"/>
</pin_list>
<bind>
<StgValue><ssdm name="gmem"/><MemPortTyVec>0 </MemPortTyVec>
</StgValue>
</bind>
</comp>

<comp id="2" class="1000" name="sext_ln12">
<pin_list>
<pin id="3" dir="1" index="0" bw="1" slack="0"/>
</pin_list>
<bind>
<StgValue><ssdm name="sext_ln12"/></StgValue>
</bind>
</comp>

<comp id="4" class="1000" name="x_strm">
<pin_list>
<pin id="5" dir="1" index="0" bw="1" slack="0"/>
</pin_list>
<bind>
<StgValue><ssdm name="x_strm"/></StgValue>
</bind>
</comp>

<comp id="6" class="1001" name="const_6">
<pin_list>
<pin id="7" dir="1" index="0" bw="1" slack="0"/>
</pin_list>
<bind>
<StgValue><ssdm name=""/></StgValue>
</bind>
</comp>

<comp id="8" class="1001" name="const_8">
<pin_list>
<pin id="9" dir="1" index="0" bw="1" slack="0"/>
</pin_list>
<bind>
<StgValue><ssdm name="_ssdm_op_Read.ap_auto.i62"/></StgValue>
</bind>
</comp>

<comp id="10" class="1001" name="const_10">
<pin_list>
<pin id="11" dir="1" index="0" bw="1" slack="2147483647"/>
</pin_list>
<bind>
<StgValue><ssdm name="_ssdm_op_SpecInterface"/></StgValue>
</bind>
</comp>

<comp id="12" class="1001" name="const_12">
<pin_list>
<pin id="13" dir="1" index="0" bw="1" slack="2147483647"/>
</pin_list>
<bind>
<StgValue><ssdm name="empty"/></StgValue>
</bind>
</comp>

<comp id="14" class="1001" name="const_14">
<pin_list>
<pin id="15" dir="1" index="0" bw="1" slack="2147483647"/>
</pin_list>
<bind>
<StgValue><ssdm name=""/></StgValue>
</bind>
</comp>

<comp id="16" class="1001" name="const_16">
<pin_list>
<pin id="17" dir="1" index="0" bw="1" slack="2147483647"/>
</pin_list>
<bind>
<StgValue><ssdm name="empty_12"/></StgValue>
</bind>
</comp>

<comp id="18" class="1001" name="const_18">
<pin_list>
<pin id="19" dir="1" index="0" bw="1" slack="2147483647"/>
</pin_list>
<bind>
<StgValue><ssdm name="empty_11"/></StgValue>
</bind>
</comp>

<comp id="20" class="1001" name="const_20">
<pin_list>
<pin id="21" dir="1" index="0" bw="1" slack="2147483647"/>
</pin_list>
<bind>
<StgValue><ssdm name="empty_10"/></StgValue>
</bind>
</comp>

<comp id="22" class="1001" name="const_22">
<pin_list>
<pin id="23" dir="1" index="0" bw="1" slack="2147483647"/>
</pin_list>
<bind>
<StgValue><ssdm name=""/></StgValue>
</bind>
</comp>

<comp id="24" class="1001" name="const_24">
<pin_list>
<pin id="25" dir="1" index="0" bw="1" slack="2147483647"/>
</pin_list>
<bind>
<StgValue><ssdm name=""/></StgValue>
</bind>
</comp>

<comp id="26" class="1001" name="const_26">
<pin_list>
<pin id="27" dir="1" index="0" bw="1" slack="2147483647"/>
</pin_list>
<bind>
<StgValue><ssdm name="empty_16"/></StgValue>
</bind>
</comp>

<comp id="28" class="1001" name="const_28">
<pin_list>
<pin id="29" dir="1" index="0" bw="1" slack="0"/>
</pin_list>
<bind>
<StgValue><ssdm name=""/></StgValue>
</bind>
</comp>

<comp id="30" class="1001" name="const_30">
<pin_list>
<pin id="31" dir="1" index="0" bw="1" slack="0"/>
</pin_list>
<bind>
<StgValue><ssdm name=""/></StgValue>
</bind>
</comp>

<comp id="32" class="1001" name="const_32">
<pin_list>
<pin id="33" dir="1" index="0" bw="1" slack="0"/>
</pin_list>
<bind>
<StgValue><ssdm name=""/></StgValue>
</bind>
</comp>

<comp id="34" class="1001" name="const_34">
<pin_list>
<pin id="35" dir="1" index="0" bw="1" slack="2147483647"/>
</pin_list>
<bind>
<StgValue><ssdm name="_ssdm_op_SpecPipeline"/></StgValue>
</bind>
</comp>

<comp id="36" class="1001" name="const_36">
<pin_list>
<pin id="37" dir="1" index="0" bw="1" slack="2147483647"/>
</pin_list>
<bind>
<StgValue><ssdm name="_ssdm_op_SpecLoopTripCount"/></StgValue>
</bind>
</comp>

<comp id="38" class="1001" name="const_38">
<pin_list>
<pin id="39" dir="1" index="0" bw="1" slack="2147483647"/>
</pin_list>
<bind>
<StgValue><ssdm name=""/></StgValue>
</bind>
</comp>

<comp id="40" class="1001" name="const_40">
<pin_list>
<pin id="41" dir="1" index="0" bw="1" slack="2147483647"/>
</pin_list>
<bind>
<StgValue><ssdm name="_ssdm_op_SpecLoopName"/></StgValue>
</bind>
</comp>

<comp id="42" class="1001" name="const_42">
<pin_list>
<pin id="43" dir="1" index="0" bw="1" slack="2147483647"/>
</pin_list>
<bind>
<StgValue><ssdm name="empty_18"/></StgValue>
</bind>
</comp>

<comp id="44" class="1001" name="const_44">
<pin_list>
<pin id="45" dir="1" index="0" bw="1" slack="0"/>
</pin_list>
<bind>
<StgValue><ssdm name="_ssdm_op_Read.m_axi.p1i32"/></StgValue>
</bind>
</comp>

<comp id="46" class="1001" name="const_46">
<pin_list>
<pin id="47" dir="1" index="0" bw="1" slack="0"/>
</pin_list>
<bind>
<StgValue><ssdm name="_ssdm_op_Write.ap_fifo.volatile.i32P0A"/></StgValue>
</bind>
</comp>

<comp id="48" class="1004" name="i_fu_48">
<pin_list>
<pin id="49" dir="0" index="0" bw="1" slack="0"/>
<pin id="50" dir="1" index="1" bw="10" slack="0"/>
</pin_list>
<bind>
<opcode="alloca(26) " fcode="alloca"/>
<opset="i/1 "/>
</bind>
</comp>

<comp id="52" class="1004" name="sext_ln12_read_read_fu_52">
<pin_list>
<pin id="53" dir="0" index="0" bw="62" slack="0"/>
<pin id="54" dir="0" index="1" bw="62" slack="0"/>
<pin id="55" dir="1" index="2" bw="62" slack="0"/>
</pin_list>
<bind>
<opcode="read(1150) " fcode="read"/>
<opset="sext_ln12_read/1 "/>
</bind>
</comp>

<comp id="58" class="1004" name="write_ln14_write_fu_58">
<pin_list>
<pin id="59" dir="0" index="0" bw="0" slack="0"/>
<pin id="60" dir="0" index="1" bw="32" slack="0"/>
<pin id="61" dir="0" index="2" bw="32" slack="0"/>
<pin id="62" dir="1" index="3" bw="0" slack="2147483647"/>
</pin_list>
<bind>
<opcode="write(1151) " fcode="write"/>
<opset="write_ln14/2 "/>
</bind>
</comp>

<comp id="65" class="1004" name="gmem_addr_read_read_fu_65">
<pin_list>
<pin id="66" dir="0" index="0" bw="32" slack="0"/>
<pin id="67" dir="0" index="1" bw="32" slack="0"/>
<pin id="68" dir="1" index="2" bw="32" slack="0"/>
</pin_list>
<bind>
<opcode="read(1150) " fcode="read"/>
<opset="gmem_addr_read/2 "/>
</bind>
</comp>

<comp id="71" class="1004" name="sext_ln12_cast_fu_71">
<pin_list>
<pin id="72" dir="0" index="0" bw="62" slack="0"/>
<pin id="73" dir="1" index="1" bw="64" slack="1"/>
</pin_list>
<bind>
<opcode="sext(35) " fcode="sext"/>
<opset="sext_ln12_cast/1 "/>
</bind>
</comp>

<comp id="75" class="1004" name="store_ln12_store_fu_75">
<pin_list>
<pin id="76" dir="0" index="0" bw="1" slack="0"/>
<pin id="77" dir="0" index="1" bw="10" slack="0"/>
<pin id="78" dir="1" index="2" bw="0" slack="2147483647"/>
</pin_list>
<bind>
<opcode="store(28) " fcode="store"/>
<opset="store_ln12/1 "/>
</bind>
</comp>

<comp id="80" class="1004" name="i_2_load_fu_80">
<pin_list>
<pin id="81" dir="0" index="0" bw="10" slack="0"/>
<pin id="82" dir="1" index="1" bw="10" slack="0"/>
</pin_list>
<bind>
<opcode="load(27) " fcode="load"/>
<opset="i_2/1 "/>
</bind>
</comp>

<comp id="83" class="1004" name="add_ln12_fu_83">
<pin_list>
<pin id="84" dir="0" index="0" bw="10" slack="0"/>
<pin id="85" dir="0" index="1" bw="1" slack="0"/>
<pin id="86" dir="1" index="2" bw="10" slack="0"/>
</pin_list>
<bind>
<opcode="add(8) " fcode="add"/>
<opset="add_ln12/1 "/>
</bind>
</comp>

<comp id="89" class="1004" name="icmp_ln12_fu_89">
<pin_list>
<pin id="90" dir="0" index="0" bw="10" slack="0"/>
<pin id="91" dir="0" index="1" bw="9" slack="0"/>
<pin id="92" dir="1" index="2" bw="1" slack="2147483647"/>
</pin_list>
<bind>
<opcode="icmp(45) " fcode="icmp"/>
<opset="icmp_ln12/1 "/>
</bind>
</comp>

<comp id="95" class="1004" name="store_ln12_store_fu_95">
<pin_list>
<pin id="96" dir="0" index="0" bw="10" slack="0"/>
<pin id="97" dir="0" index="1" bw="10" slack="0"/>
<pin id="98" dir="1" index="2" bw="0" slack="2147483647"/>
</pin_list>
<bind>
<opcode="store(28) " fcode="store"/>
<opset="store_ln12/1 "/>
</bind>
</comp>

<comp id="100" class="1004" name="gmem_addr_fu_100">
<pin_list>
<pin id="101" dir="0" index="0" bw="32" slack="0"/>
<pin id="102" dir="0" index="1" bw="62" slack="1"/>
<pin id="103" dir="1" index="2" bw="32" slack="0"/>
</pin_list>
<bind>
<opcode="getelementptr(29) " fcode="getelementptr"/>
<opset="gmem_addr/2 "/>
</bind>
</comp>

<comp id="106" class="1004" name="muxLogicAXIMCE_to_gmem_addr_read_fu_106">
<pin_list>
<pin id="107" dir="1" index="0" bw="32" slack="2147483647"/>
</pin_list>
<bind>
<opcode="muxlogic(592) " fcode="muxlogic"/>
<opset="muxLogicAXIMCE_to_gmem_addr_read/2 "/>
</bind>
</comp>

<comp id="108" class="1004" name="muxLogicFIFOData_to_write_ln14_fu_108">
<pin_list>
<pin id="109" dir="0" index="0" bw="32" slack="0"/>
<pin id="110" dir="1" index="1" bw="0" slack="2147483647"/>
</pin_list>
<bind>
<opcode="muxlogic(592) " fcode="muxlogic"/>
<opset="muxLogicFIFOData_to_write_ln14/2 "/>
</bind>
</comp>

<comp id="112" class="1005" name="i_reg_112">
<pin_list>
<pin id="113" dir="0" index="0" bw="10" slack="0"/>
<pin id="114" dir="1" index="1" bw="10" slack="0"/>
</pin_list>
<bind>
<opset="i "/>
</bind>
</comp>

<comp id="119" class="1005" name="sext_ln12_cast_reg_119">
<pin_list>
<pin id="120" dir="0" index="0" bw="64" slack="1"/>
<pin id="121" dir="1" index="1" bw="64" slack="1"/>
</pin_list>
<bind>
<opset="sext_ln12_cast "/>
</bind>
</comp>

</comp_list>

<net_list>
<net id="51"><net_src comp="6" pin="0"/><net_sink comp="48" pin=0"/></net>

<net id="56"><net_src comp="8" pin="0"/><net_sink comp="52" pin=0"/></net>

<net id="57"><net_src comp="2" pin="0"/><net_sink comp="52" pin=1"/></net>

<net id="63"><net_src comp="46" pin="0"/><net_sink comp="58" pin=0"/></net>

<net id="64"><net_src comp="4" pin="0"/><net_sink comp="58" pin=1"/></net>

<net id="69"><net_src comp="44" pin="0"/><net_sink comp="65" pin=0"/></net>

<net id="70"><net_src comp="65" pin="2"/><net_sink comp="58" pin=2"/></net>

<net id="74"><net_src comp="52" pin="2"/><net_sink comp="71" pin=0"/></net>

<net id="79"><net_src comp="28" pin="0"/><net_sink comp="75" pin=0"/></net>

<net id="87"><net_src comp="80" pin="1"/><net_sink comp="83" pin=0"/></net>

<net id="88"><net_src comp="30" pin="0"/><net_sink comp="83" pin=1"/></net>

<net id="93"><net_src comp="80" pin="1"/><net_sink comp="89" pin=0"/></net>

<net id="94"><net_src comp="32" pin="0"/><net_sink comp="89" pin=1"/></net>

<net id="99"><net_src comp="83" pin="2"/><net_sink comp="95" pin=0"/></net>

<net id="104"><net_src comp="0" pin="0"/><net_sink comp="100" pin=0"/></net>

<net id="105"><net_src comp="100" pin="2"/><net_sink comp="65" pin=1"/></net>

<net id="111"><net_src comp="65" pin="2"/><net_sink comp="108" pin=0"/></net>

<net id="115"><net_src comp="48" pin="1"/><net_sink comp="112" pin=0"/></net>

<net id="116"><net_src comp="112" pin="1"/><net_sink comp="75" pin=1"/></net>

<net id="117"><net_src comp="112" pin="1"/><net_sink comp="80" pin=0"/></net>

<net id="118"><net_src comp="112" pin="1"/><net_sink comp="95" pin=1"/></net>

<net id="122"><net_src comp="71" pin="1"/><net_sink comp="119" pin=0"/></net>

<net id="123"><net_src comp="119" pin="1"/><net_sink comp="100" pin=1"/></net>

</net_list>

</model> 
---------------- Datapath Model END ------------------

* FSMD analyzer results:
  - Output states:
	Port: x_strm | {2 }
 - Input state : 
	Port: push_tensor1d.1_Pipeline_VITIS_LOOP_12_1 : gmem | {2 }
	Port: push_tensor1d.1_Pipeline_VITIS_LOOP_12_1 : sext_ln12 | {1 }
  - Chain level:
	State 1
		store_ln12 : 1
		i_2 : 1
		add_ln12 : 2
		icmp_ln12 : 2
		br_ln12 : 3
		store_ln12 : 3
	State 2
		gmem_addr_read : 1
		muxLogicFIFOData_to_write_ln14 : 1
		write_ln14 : 1


============================================================
+ Verbose Summary: Datapath Resource usage 
============================================================

* Functional unit list:
|----------|-----------------------------------------|---------|---------|
| Operation|             Functional Unit             |    FF   |   LUT   |
|----------|-----------------------------------------|---------|---------|
|    add   |              add_ln12_fu_83             |    0    |    10   |
|----------|-----------------------------------------|---------|---------|
|   icmp   |             icmp_ln12_fu_89             |    0    |    4    |
|----------|-----------------------------------------|---------|---------|
|   read   |        sext_ln12_read_read_fu_52        |    0    |    0    |
|          |        gmem_addr_read_read_fu_65        |    0    |    0    |
|----------|-----------------------------------------|---------|---------|
|   write  |          write_ln14_write_fu_58         |    0    |    0    |
|----------|-----------------------------------------|---------|---------|
|   sext   |           sext_ln12_cast_fu_71          |    0    |    0    |
|----------|-----------------------------------------|---------|---------|
| muxlogic | muxLogicAXIMCE_to_gmem_addr_read_fu_106 |    0    |    0    |
|          |  muxLogicFIFOData_to_write_ln14_fu_108  |    0    |    0    |
|----------|-----------------------------------------|---------|---------|
|   Total  |                                         |    0    |    14   |
|----------|-----------------------------------------|---------|---------|

Memories:
N/A

* Register list:
+----------------------+--------+
|                      |   FF   |
+----------------------+--------+
|       i_reg_112      |   10   |
|sext_ln12_cast_reg_119|   64   |
+----------------------+--------+
|         Total        |   74   |
+----------------------+--------+

* Multiplexer (MUX) list: 
|--------|------|------|------|--------|
|  Comp  |  Pin | Size |  BW  | S x BW |
|--------|------|------|------|--------|
|  Total |      |      |      |    0   |
|--------|------|------|------|--------|



* Summary:
+-----------+--------+--------+
|           |   FF   |   LUT  |
+-----------+--------+--------+
|  Function |    0   |   14   |
|   Memory  |    -   |    -   |
|Multiplexer|    -   |    -   |
|  Register |   74   |    -   |
+-----------+--------+--------+
|   Total   |   74   |   14   |
+-----------+--------+--------+
