

================================================================
== Vitis HLS Report for 'push_tensor2d_bycol'
================================================================
* Date:           Tue Sep 30 15:49:13 2025

* Version:        2025.1 (Build 6135595 on May 21 2025)
* Project:        ffn_prj
* Solution:       solution1 (Vivado IP Flow Target)
* Product family: versalhbm
* Target device:  xcv80-lsva4737-2MHP-e-S


================================================================
== Performance Estimates
================================================================
+ Timing: 
    * Summary: 
    +--------+---------+----------+------------+
    |  Clock |  Target | Estimated| Uncertainty|
    +--------+---------+----------+------------+
    |ap_clk  |  4.00 ns|  2.920 ns|     1.08 ns|
    +--------+---------+----------+------------+

+ Latency: 
    * Summary: 
    +---------+---------+----------+----------+---------+---------+------------------------------------------------+
    |  Latency (cycles) |  Latency (absolute) |      Interval     |                    Pipeline                    |
    |   min   |   max   |    min   |    max   |   min   |   max   |                      Type                      |
    +---------+---------+----------+----------+---------+---------+------------------------------------------------+
    |  2359309|  2359309|  9.437 ms|  9.437 ms|  2359297|  2359297|  loop auto-rewind stp (delay=0 clock cycles(s))|
    +---------+---------+----------+----------+---------+---------+------------------------------------------------+

    + Detail: 
        * Instance: 
        N/A

        * Loop: 
        +-----------------------------------+---------+---------+----------+-----------+-----------+---------+----------+
        |                                   |  Latency (cycles) | Iteration|  Initiation Interval  |   Trip  |          |
        |             Loop Name             |   min   |   max   |  Latency |  achieved |   target  |  Count  | Pipelined|
        +-----------------------------------+---------+---------+----------+-----------+-----------+---------+----------+
        |- VITIS_LOOP_24_1_VITIS_LOOP_25_2  |  2359307|  2359307|        13|          1|          1|  2359296|       yes|
        +-----------------------------------+---------+---------+----------+-----------+-----------+---------+----------+

============================================================
+ Verbose Summary: Synthesis Manager
============================================================
InlineROM: 1
ExposeGlobal: 0
============================================================
+ Verbose Summary: CDFG Model
============================================================
IsTopModel: 0
ResetActiveHigh: 1
IsCombinational: 0
IsDatapathOnly: 0
HasWiredReturn: 1
HasMFsm: 2
HasVarLatency: 1
IsPipeline: 0
IsRtlPipelined: 0
IsInstanceOverlapped: 0
IsDontTouch: 0
HasImplIP: 0
IsGatedGlobalClock: 0

+ Individual pipeline summary: 
  * Pipeline-0: initiation interval (II) = 1, depth = 14


============================================================
+ Verbose Summary: Schedule
============================================================
* Number of FSM states : 14
* Pipeline : 1
  Pipeline-0 : II = 1, D = 14, States = { 1 2 3 4 5 6 7 8 9 10 11 12 13 14 }
* Dataflow Pipeline: 0

* FSM state transitions: 
1 --> 2 
2 --> 3 
3 --> 4 
4 --> 5 
5 --> 6 
6 --> 7 
7 --> 8 
8 --> 9 
9 --> 10 
10 --> 11 
11 --> 12 
12 --> 13 
13 --> 14 
14 --> 

* FSM state operations: 

State 1 <SV = 0> <Delay = 0.42>
ST_1 : Operation 16 [1/1] (0.00ns)   --->   "%r = alloca i32 1" [kernel_FFN.cpp:25]   --->   Operation 16 'alloca' 'r' <Predicate = true> <Delay = 0.00>
ST_1 : Operation 17 [1/1] (0.00ns)   --->   "%c = alloca i32 1" [kernel_FFN.cpp:24]   --->   Operation 17 'alloca' 'c' <Predicate = true> <Delay = 0.00>
ST_1 : Operation 18 [1/1] (0.00ns)   --->   "%indvar_flatten = alloca i32 1"   --->   Operation 18 'alloca' 'indvar_flatten' <Predicate = true> <Delay = 0.00>
ST_1 : Operation 19 [1/1] (0.00ns)   --->   "%specinterface_ln0 = specinterface void @_ssdm_op_SpecInterface, i32 %W_strm, void @empty_16, i32 0, i32 0, void @empty_12, i32 0, i32 0, void @empty_12, void @empty_12, void @empty_12, i32 0, i32 0, i32 0, i32 0, void @empty_12, void @empty_12, i32 4294967295, i32 0, i32 0"   --->   Operation 19 'specinterface' 'specinterface_ln0' <Predicate = true> <Delay = 0.00>
ST_1 : Operation 20 [1/1] (0.00ns)   --->   "%specinterface_ln0 = specinterface void @_ssdm_op_SpecInterface, i32 %gmem, void @empty, i32 0, i32 0, void @empty_12, i32 0, i32 0, void @empty_11, void @empty_10, void @empty_12, i32 16, i32 16, i32 16, i32 16, void @empty_12, void @empty_12, i32 4294967295, i32 0, i32 0"   --->   Operation 20 'specinterface' 'specinterface_ln0' <Predicate = true> <Delay = 0.00>
ST_1 : Operation 21 [1/1] (0.00ns)   --->   "%tsor_read = read i64 @_ssdm_op_Read.ap_auto.i64, i64 %tsor" [kernel_FFN.cpp:23]   --->   Operation 21 'read' 'tsor_read' <Predicate = true> <Delay = 0.00>
ST_1 : Operation 22 [1/1] (0.42ns)   --->   "%store_ln0 = store i22 0, i22 %indvar_flatten"   --->   Operation 22 'store' 'store_ln0' <Predicate = true> <Delay = 0.42>
ST_1 : Operation 23 [1/1] (0.39ns)   --->   "%store_ln24 = store i12 0, i12 %c" [kernel_FFN.cpp:24]   --->   Operation 23 'store' 'store_ln24' <Predicate = true> <Delay = 0.39>
ST_1 : Operation 24 [1/1] (0.39ns)   --->   "%store_ln25 = store i10 0, i10 %r" [kernel_FFN.cpp:25]   --->   Operation 24 'store' 'store_ln25' <Predicate = true> <Delay = 0.39>
ST_1 : Operation 25 [1/1] (0.00ns)   --->   "%br_ln24 = br void %for.inc" [kernel_FFN.cpp:24]   --->   Operation 25 'br' 'br_ln24' <Predicate = true> <Delay = 0.00>

State 2 <SV = 1> <Delay = 2.12>
ST_2 : Operation 26 [1/1] (0.00ns)   --->   "%indvar_flatten_load = load i22 %indvar_flatten" [kernel_FFN.cpp:24]   --->   Operation 26 'load' 'indvar_flatten_load' <Predicate = true> <Delay = 0.00>
ST_2 : Operation 27 [1/1] (0.81ns)   --->   "%add_ln24 = add i22 %indvar_flatten_load, i22 1" [kernel_FFN.cpp:24]   --->   Operation 27 'add' 'add_ln24' <Predicate = true> <Delay = 0.81> <CoreInst = "Adder">   --->   Core 1 'Adder' <Latency = 0> <II = 1> <Delay = 0.81> <FuncUnit> <Opcode : 'add' 'sub'> <InPorts = 2> <OutPorts = 1>
ST_2 : Operation 28 [1/1] (0.67ns)   --->   "%icmp_ln24 = icmp_eq  i22 %indvar_flatten_load, i22 2359296" [kernel_FFN.cpp:24]   --->   Operation 28 'icmp' 'icmp_ln24' <Predicate = true> <Delay = 0.67> <CoreInst = "ICmp_EQ">   --->   Core 156 'ICmp_EQ' <Latency = 0> <II = 1> <Delay = 0.67> <FuncUnit> <Opcode : 'seteq' 'setne'> <InPorts = 2> <OutPorts = 1>
ST_2 : Operation 29 [1/1] (0.00ns)   --->   "%br_ln24 = br i1 %icmp_ln24, void %for.inc5, void %for.end7" [kernel_FFN.cpp:24]   --->   Operation 29 'br' 'br_ln24' <Predicate = true> <Delay = 0.00>
ST_2 : Operation 30 [1/1] (0.00ns)   --->   "%r_load = load i10 %r" [kernel_FFN.cpp:25]   --->   Operation 30 'load' 'r_load' <Predicate = (!icmp_ln24)> <Delay = 0.00>
ST_2 : Operation 31 [1/1] (0.00ns)   --->   "%c_load = load i12 %c" [kernel_FFN.cpp:24]   --->   Operation 31 'load' 'c_load' <Predicate = (!icmp_ln24)> <Delay = 0.00>
ST_2 : Operation 32 [1/1] (0.60ns)   --->   "%icmp_ln25 = icmp_eq  i10 %r_load, i10 768" [kernel_FFN.cpp:25]   --->   Operation 32 'icmp' 'icmp_ln25' <Predicate = (!icmp_ln24)> <Delay = 0.60> <CoreInst = "ICmp_EQ">   --->   Core 156 'ICmp_EQ' <Latency = 0> <II = 1> <Delay = 0.60> <FuncUnit> <Opcode : 'seteq' 'setne'> <InPorts = 2> <OutPorts = 1>
ST_2 : Operation 33 [1/1] (0.37ns)   --->   "%select_ln24 = select i1 %icmp_ln25, i10 0, i10 %r_load" [kernel_FFN.cpp:24]   --->   Operation 33 'select' 'select_ln24' <Predicate = (!icmp_ln24)> <Delay = 0.37> <CoreInst = "Sel">   --->   Core 77 'Sel' <Latency = 0> <II = 1> <Delay = 0.37> <FuncUnit> <Opcode : 'select'> <InPorts = 3> <OutPorts = 1>
ST_2 : Operation 34 [1/1] (0.77ns)   --->   "%add_ln24_3 = add i12 %c_load, i12 1" [kernel_FFN.cpp:24]   --->   Operation 34 'add' 'add_ln24_3' <Predicate = (!icmp_ln24)> <Delay = 0.77> <CoreInst = "Adder">   --->   Core 1 'Adder' <Latency = 0> <II = 1> <Delay = 0.77> <FuncUnit> <Opcode : 'add' 'sub'> <InPorts = 2> <OutPorts = 1>
ST_2 : Operation 35 [1/1] (0.38ns)   --->   "%select_ln24_3 = select i1 %icmp_ln25, i12 %add_ln24_3, i12 %c_load" [kernel_FFN.cpp:24]   --->   Operation 35 'select' 'select_ln24_3' <Predicate = (!icmp_ln24)> <Delay = 0.38> <CoreInst = "Sel">   --->   Core 77 'Sel' <Latency = 0> <II = 1> <Delay = 0.38> <FuncUnit> <Opcode : 'select'> <InPorts = 3> <OutPorts = 1>
ST_2 : Operation 36 [1/1] (0.00ns)   --->   "%zext_ln24 = zext i12 %select_ln24_3" [kernel_FFN.cpp:24]   --->   Operation 36 'zext' 'zext_ln24' <Predicate = (!icmp_ln24)> <Delay = 0.00>
ST_2 : Operation 37 [1/1] (0.00ns)   --->   "%p_shl = bitconcatenate i22 @_ssdm_op_BitConcatenate.i22.i10.i12, i10 %select_ln24, i12 0" [kernel_FFN.cpp:27]   --->   Operation 37 'bitconcatenate' 'p_shl' <Predicate = (!icmp_ln24)> <Delay = 0.00>
ST_2 : Operation 38 [1/1] (0.00ns)   --->   "%tmp = bitconcatenate i20 @_ssdm_op_BitConcatenate.i20.i10.i10, i10 %select_ln24, i10 0" [kernel_FFN.cpp:27]   --->   Operation 38 'bitconcatenate' 'tmp' <Predicate = (!icmp_ln24)> <Delay = 0.00>
ST_2 : Operation 39 [1/1] (0.00ns)   --->   "%zext_ln27_3 = zext i20 %tmp" [kernel_FFN.cpp:27]   --->   Operation 39 'zext' 'zext_ln27_3' <Predicate = (!icmp_ln24)> <Delay = 0.00>
ST_2 : Operation 40 [1/1] (0.00ns) (grouped into TernaryAdder)   --->   "%sub_ln27 = sub i22 %p_shl, i22 %zext_ln27_3" [kernel_FFN.cpp:27]   --->   Operation 40 'sub' 'sub_ln27' <Predicate = (!icmp_ln24)> <Delay = 0.00> <CoreInst = "TAddSub">   --->   Core 10 'TAddSub' <Latency = 0> <II = 1> <Delay = 0.48> <IPBlock> <Opcode : 'add' 'sub'> <InPorts = 3> <OutPorts = 1> <Sync> <CReg>
ST_2 : Operation 41 [1/1] (0.96ns) (root node of TernaryAdder)   --->   "%add_ln27 = add i22 %sub_ln27, i22 %zext_ln24" [kernel_FFN.cpp:27]   --->   Operation 41 'add' 'add_ln27' <Predicate = (!icmp_ln24)> <Delay = 0.96> <CoreInst = "TAddSub">   --->   Core 10 'TAddSub' <Latency = 0> <II = 1> <Delay = 0.48> <IPBlock> <Opcode : 'add' 'sub'> <InPorts = 3> <OutPorts = 1> <Sync> <CReg>
ST_2 : Operation 42 [1/1] (0.71ns)   --->   "%add_ln25 = add i10 %select_ln24, i10 1" [kernel_FFN.cpp:25]   --->   Operation 42 'add' 'add_ln25' <Predicate = (!icmp_ln24)> <Delay = 0.71> <CoreInst = "Adder">   --->   Core 1 'Adder' <Latency = 0> <II = 1> <Delay = 0.71> <FuncUnit> <Opcode : 'add' 'sub'> <InPorts = 2> <OutPorts = 1>
ST_2 : Operation 43 [1/1] (0.42ns)   --->   "%store_ln24 = store i22 %add_ln24, i22 %indvar_flatten" [kernel_FFN.cpp:24]   --->   Operation 43 'store' 'store_ln24' <Predicate = (!icmp_ln24)> <Delay = 0.42>
ST_2 : Operation 44 [1/1] (0.39ns)   --->   "%store_ln24 = store i12 %select_ln24_3, i12 %c" [kernel_FFN.cpp:24]   --->   Operation 44 'store' 'store_ln24' <Predicate = (!icmp_ln24)> <Delay = 0.39>
ST_2 : Operation 45 [1/1] (0.39ns)   --->   "%store_ln25 = store i10 %add_ln25, i10 %r" [kernel_FFN.cpp:25]   --->   Operation 45 'store' 'store_ln25' <Predicate = (!icmp_ln24)> <Delay = 0.39>

State 3 <SV = 2> <Delay = 2.75>
ST_3 : Operation 46 [1/1] (0.00ns)   --->   "%shl_ln = bitconcatenate i24 @_ssdm_op_BitConcatenate.i24.i22.i2, i22 %add_ln27, i2 0" [kernel_FFN.cpp:27]   --->   Operation 46 'bitconcatenate' 'shl_ln' <Predicate = true> <Delay = 0.00>
ST_3 : Operation 47 [1/1] (0.00ns)   --->   "%zext_ln27 = zext i24 %shl_ln" [kernel_FFN.cpp:27]   --->   Operation 47 'zext' 'zext_ln27' <Predicate = true> <Delay = 0.00>
ST_3 : Operation 48 [1/1] (1.01ns)   --->   "%add_ln27_3 = add i64 %zext_ln27, i64 %tsor_read" [kernel_FFN.cpp:27]   --->   Operation 48 'add' 'add_ln27_3' <Predicate = true> <Delay = 1.01> <CoreInst = "Adder">   --->   Core 1 'Adder' <Latency = 0> <II = 1> <Delay = 1.01> <FuncUnit> <Opcode : 'add' 'sub'> <InPorts = 2> <OutPorts = 1>
ST_3 : Operation 49 [1/1] (0.00ns)   --->   "%trunc_ln = partselect i62 @_ssdm_op_PartSelect.i62.i64.i32.i32, i64 %add_ln27_3, i32 2, i32 63" [kernel_FFN.cpp:27]   --->   Operation 49 'partselect' 'trunc_ln' <Predicate = true> <Delay = 0.00>
ST_3 : Operation 50 [1/1] (0.00ns)   --->   "%sext_ln27 = sext i62 %trunc_ln" [kernel_FFN.cpp:27]   --->   Operation 50 'sext' 'sext_ln27' <Predicate = true> <Delay = 0.00>
ST_3 : Operation 51 [1/1] (0.00ns)   --->   "%gmem_addr = getelementptr i32 %gmem, i64 %sext_ln27" [kernel_FFN.cpp:27]   --->   Operation 51 'getelementptr' 'gmem_addr' <Predicate = true> <Delay = 0.00>
ST_3 : Operation 52 [1/1] (0.70ns) (share mux size 5)   --->   "%muxLogicAXIMAddr_to_gmem_load_req = muxlogic i32 %gmem_addr"   --->   Operation 52 'muxlogic' 'muxLogicAXIMAddr_to_gmem_load_req' <Predicate = true> <Delay = 0.70>
ST_3 : Operation 53 [1/1] (0.70ns) (share mux size 5)   --->   "%muxLogicAXIMBurst_to_gmem_load_req = muxlogic i64 1"   --->   Operation 53 'muxlogic' 'muxLogicAXIMBurst_to_gmem_load_req' <Predicate = true> <Delay = 0.70>
ST_3 : Operation 54 [11/11] (1.03ns) (share mux size 5)   --->   "%gmem_load_req = readreq i1 @_ssdm_op_ReadReq.m_axi.i32P1A, i32 %gmem_addr, i64 1" [kernel_FFN.cpp:27]   --->   Operation 54 'readreq' 'gmem_load_req' <Predicate = true> <Delay = 1.03> <CoreInst = "m_axi">   --->   Core 123 'm_axi' <Latency = 9> <II = 1> <Delay = 1.56> <Adapter> <Opcode : 'read' 'write' 'readreq' 'writereq' 'writeresp'>

State 4 <SV = 3> <Delay = 2.92>
ST_4 : Operation 55 [10/11] (2.92ns) (share mux size 5)   --->   "%gmem_load_req = readreq i1 @_ssdm_op_ReadReq.m_axi.i32P1A, i32 %gmem_addr, i64 1" [kernel_FFN.cpp:27]   --->   Operation 55 'readreq' 'gmem_load_req' <Predicate = true> <Delay = 2.92> <CoreInst = "m_axi">   --->   Core 123 'm_axi' <Latency = 9> <II = 1> <Delay = 1.56> <Adapter> <Opcode : 'read' 'write' 'readreq' 'writereq' 'writeresp'>

State 5 <SV = 4> <Delay = 2.92>
ST_5 : Operation 56 [9/11] (2.92ns) (share mux size 5)   --->   "%gmem_load_req = readreq i1 @_ssdm_op_ReadReq.m_axi.i32P1A, i32 %gmem_addr, i64 1" [kernel_FFN.cpp:27]   --->   Operation 56 'readreq' 'gmem_load_req' <Predicate = true> <Delay = 2.92> <CoreInst = "m_axi">   --->   Core 123 'm_axi' <Latency = 9> <II = 1> <Delay = 1.56> <Adapter> <Opcode : 'read' 'write' 'readreq' 'writereq' 'writeresp'>

State 6 <SV = 5> <Delay = 2.92>
ST_6 : Operation 57 [8/11] (2.92ns) (share mux size 5)   --->   "%gmem_load_req = readreq i1 @_ssdm_op_ReadReq.m_axi.i32P1A, i32 %gmem_addr, i64 1" [kernel_FFN.cpp:27]   --->   Operation 57 'readreq' 'gmem_load_req' <Predicate = true> <Delay = 2.92> <CoreInst = "m_axi">   --->   Core 123 'm_axi' <Latency = 9> <II = 1> <Delay = 1.56> <Adapter> <Opcode : 'read' 'write' 'readreq' 'writereq' 'writeresp'>

State 7 <SV = 6> <Delay = 2.92>
ST_7 : Operation 58 [7/11] (2.92ns) (share mux size 5)   --->   "%gmem_load_req = readreq i1 @_ssdm_op_ReadReq.m_axi.i32P1A, i32 %gmem_addr, i64 1" [kernel_FFN.cpp:27]   --->   Operation 58 'readreq' 'gmem_load_req' <Predicate = true> <Delay = 2.92> <CoreInst = "m_axi">   --->   Core 123 'm_axi' <Latency = 9> <II = 1> <Delay = 1.56> <Adapter> <Opcode : 'read' 'write' 'readreq' 'writereq' 'writeresp'>

State 8 <SV = 7> <Delay = 2.92>
ST_8 : Operation 59 [6/11] (2.92ns) (share mux size 5)   --->   "%gmem_load_req = readreq i1 @_ssdm_op_ReadReq.m_axi.i32P1A, i32 %gmem_addr, i64 1" [kernel_FFN.cpp:27]   --->   Operation 59 'readreq' 'gmem_load_req' <Predicate = true> <Delay = 2.92> <CoreInst = "m_axi">   --->   Core 123 'm_axi' <Latency = 9> <II = 1> <Delay = 1.56> <Adapter> <Opcode : 'read' 'write' 'readreq' 'writereq' 'writeresp'>

State 9 <SV = 8> <Delay = 2.92>
ST_9 : Operation 60 [5/11] (2.92ns) (share mux size 5)   --->   "%gmem_load_req = readreq i1 @_ssdm_op_ReadReq.m_axi.i32P1A, i32 %gmem_addr, i64 1" [kernel_FFN.cpp:27]   --->   Operation 60 'readreq' 'gmem_load_req' <Predicate = true> <Delay = 2.92> <CoreInst = "m_axi">   --->   Core 123 'm_axi' <Latency = 9> <II = 1> <Delay = 1.56> <Adapter> <Opcode : 'read' 'write' 'readreq' 'writereq' 'writeresp'>

State 10 <SV = 9> <Delay = 2.92>
ST_10 : Operation 61 [4/11] (2.92ns) (share mux size 5)   --->   "%gmem_load_req = readreq i1 @_ssdm_op_ReadReq.m_axi.i32P1A, i32 %gmem_addr, i64 1" [kernel_FFN.cpp:27]   --->   Operation 61 'readreq' 'gmem_load_req' <Predicate = true> <Delay = 2.92> <CoreInst = "m_axi">   --->   Core 123 'm_axi' <Latency = 9> <II = 1> <Delay = 1.56> <Adapter> <Opcode : 'read' 'write' 'readreq' 'writereq' 'writeresp'>

State 11 <SV = 10> <Delay = 2.92>
ST_11 : Operation 62 [3/11] (2.92ns) (share mux size 5)   --->   "%gmem_load_req = readreq i1 @_ssdm_op_ReadReq.m_axi.i32P1A, i32 %gmem_addr, i64 1" [kernel_FFN.cpp:27]   --->   Operation 62 'readreq' 'gmem_load_req' <Predicate = true> <Delay = 2.92> <CoreInst = "m_axi">   --->   Core 123 'm_axi' <Latency = 9> <II = 1> <Delay = 1.56> <Adapter> <Opcode : 'read' 'write' 'readreq' 'writereq' 'writeresp'>

State 12 <SV = 11> <Delay = 2.92>
ST_12 : Operation 63 [2/11] (2.92ns) (share mux size 5)   --->   "%gmem_load_req = readreq i1 @_ssdm_op_ReadReq.m_axi.i32P1A, i32 %gmem_addr, i64 1" [kernel_FFN.cpp:27]   --->   Operation 63 'readreq' 'gmem_load_req' <Predicate = true> <Delay = 2.92> <CoreInst = "m_axi">   --->   Core 123 'm_axi' <Latency = 9> <II = 1> <Delay = 1.56> <Adapter> <Opcode : 'read' 'write' 'readreq' 'writereq' 'writeresp'>

State 13 <SV = 12> <Delay = 1.03>
ST_13 : Operation 64 [1/11] (1.03ns) (share mux size 5)   --->   "%gmem_load_req = readreq i1 @_ssdm_op_ReadReq.m_axi.i32P1A, i32 %gmem_addr, i64 1" [kernel_FFN.cpp:27]   --->   Operation 64 'readreq' 'gmem_load_req' <Predicate = true> <Delay = 1.03> <CoreInst = "m_axi">   --->   Core 123 'm_axi' <Latency = 9> <II = 1> <Delay = 1.56> <Adapter> <Opcode : 'read' 'write' 'readreq' 'writereq' 'writeresp'>
ST_13 : Operation 73 [1/1] (0.28ns)   --->   "%ret_ln28 = ret" [kernel_FFN.cpp:28]   --->   Operation 73 'ret' 'ret_ln28' <Predicate = (icmp_ln24)> <Delay = 0.28>

State 14 <SV = 13> <Delay = 2.90>
ST_14 : Operation 65 [1/1] (0.00ns)   --->   "%specloopname_ln0 = specloopname void @_ssdm_op_SpecLoopName, void @VITIS_LOOP_24_1_VITIS_LOOP_25_2_str"   --->   Operation 65 'specloopname' 'specloopname_ln0' <Predicate = true> <Delay = 0.00>
ST_14 : Operation 66 [1/1] (0.00ns)   --->   "%speclooptripcount_ln0 = speclooptripcount void @_ssdm_op_SpecLoopTripCount, i64 2359296, i64 2359296, i64 2359296"   --->   Operation 66 'speclooptripcount' 'speclooptripcount_ln0' <Predicate = true> <Delay = 0.00>
ST_14 : Operation 67 [1/1] (0.00ns)   --->   "%specpipeline_ln26 = specpipeline void @_ssdm_op_SpecPipeline, i32 1, i32 0, i32 0, i32 0, void @empty_12" [kernel_FFN.cpp:26]   --->   Operation 67 'specpipeline' 'specpipeline_ln26' <Predicate = true> <Delay = 0.00>
ST_14 : Operation 68 [1/1] (0.54ns) (share mux size 5)   --->   "%muxLogicAXIMCE_to_gmem_addr_read = muxlogic"   --->   Operation 68 'muxlogic' 'muxLogicAXIMCE_to_gmem_addr_read' <Predicate = true> <Delay = 0.54>
ST_14 : Operation 69 [1/1] (1.03ns) (share mux size 5)   --->   "%gmem_addr_read = read i32 @_ssdm_op_Read.m_axi.i32P1A, i32 %gmem_addr" [kernel_FFN.cpp:27]   --->   Operation 69 'read' 'gmem_addr_read' <Predicate = true> <Delay = 1.03> <CoreInst = "m_axi">   --->   Core 123 'm_axi' <Latency = 0> <II = 1> <Delay = 1.56> <Adapter> <Opcode : 'read' 'write' 'readreq' 'writereq' 'writeresp'>
ST_14 : Operation 70 [1/1] (0.34ns) (share mux size 3)   --->   "%muxLogicFIFOData_to_write_ln27 = muxlogic i32 %gmem_addr_read"   --->   Operation 70 'muxlogic' 'muxLogicFIFOData_to_write_ln27' <Predicate = true> <Delay = 0.34>
ST_14 : Operation 71 [1/1] ( I:0.98ns O:0.98ns ) (share mux size 3)   --->   "%write_ln27 = write void @_ssdm_op_Write.ap_fifo.volatile.i32P0A, i32 %W_strm, i32 %gmem_addr_read" [kernel_FFN.cpp:27]   --->   Operation 71 'write' 'write_ln27' <Predicate = true> <Delay = 0.98> <CoreInst = "FIFO">   --->   Core 81 'FIFO' <Latency = 0> <II = 1> <Delay = 0.98> <Storage> <Opcode : 'read' 'write' 'nbread' 'nbwrite'> <Ports = 0> <Width = 32> <Depth = 64> <FIFO>
ST_14 : Operation 72 [1/1] (0.00ns)   --->   "%br_ln25 = br void %for.inc" [kernel_FFN.cpp:25]   --->   Operation 72 'br' 'br_ln25' <Predicate = true> <Delay = 0.00>


============================================================
+ Verbose Summary: Binding
============================================================
STG Binding: 
---------------- STG Properties BEGIN ----------------
- Is combinational: 0
- Is one-state seq: 0
- Is datapath-only: 0
- Is pipelined: 0
- Is top level: 0
Port [ Return ] is wired: 1; IO mode=ap_ctrl_hs:ce=0
Port [ gmem]:  wired=1; compound=1; hidden=0; nouse=0; global=0; static=0; extern=0; dir=0; type=4; pingpong=0; private_global=0; IO mode=m_axi:ce=0
Port [ tsor]:  wired=1; compound=0; hidden=0; nouse=0; global=0; static=0; extern=0; dir=0; type=0; pingpong=0; private_global=0; IO mode=ap_none:ce=0
Port [ W_strm]:  wired=1; compound=1; hidden=0; nouse=0; global=0; static=0; extern=0; dir=1; type=3; pingpong=0; private_global=0; IO mode=ap_fifo:ce=0
---------------- STG Properties END ------------------

---------------- Datapath Model BEGIN ----------------

<LifeTime>
<method=bitvector/>
r                                  (alloca           ) [ 011000000000000]
c                                  (alloca           ) [ 011000000000000]
indvar_flatten                     (alloca           ) [ 011000000000000]
specinterface_ln0                  (specinterface    ) [ 000000000000000]
specinterface_ln0                  (specinterface    ) [ 000000000000000]
tsor_read                          (read             ) [ 011100000000000]
store_ln0                          (store            ) [ 000000000000000]
store_ln24                         (store            ) [ 000000000000000]
store_ln25                         (store            ) [ 000000000000000]
br_ln24                            (br               ) [ 000000000000000]
indvar_flatten_load                (load             ) [ 000000000000000]
add_ln24                           (add              ) [ 000000000000000]
icmp_ln24                          (icmp             ) [ 011111111111110]
br_ln24                            (br               ) [ 000000000000000]
r_load                             (load             ) [ 000000000000000]
c_load                             (load             ) [ 000000000000000]
icmp_ln25                          (icmp             ) [ 000000000000000]
select_ln24                        (select           ) [ 000000000000000]
add_ln24_3                         (add              ) [ 000000000000000]
select_ln24_3                      (select           ) [ 000000000000000]
zext_ln24                          (zext             ) [ 000000000000000]
p_shl                              (bitconcatenate   ) [ 000000000000000]
tmp                                (bitconcatenate   ) [ 000000000000000]
zext_ln27_3                        (zext             ) [ 000000000000000]
sub_ln27                           (sub              ) [ 000000000000000]
add_ln27                           (add              ) [ 010100000000000]
add_ln25                           (add              ) [ 000000000000000]
store_ln24                         (store            ) [ 000000000000000]
store_ln24                         (store            ) [ 000000000000000]
store_ln25                         (store            ) [ 000000000000000]
shl_ln                             (bitconcatenate   ) [ 000000000000000]
zext_ln27                          (zext             ) [ 000000000000000]
add_ln27_3                         (add              ) [ 000000000000000]
trunc_ln                           (partselect       ) [ 000000000000000]
sext_ln27                          (sext             ) [ 000000000000000]
gmem_addr                          (getelementptr    ) [ 010011111111111]
muxLogicAXIMAddr_to_gmem_load_req  (muxlogic         ) [ 000000000000000]
muxLogicAXIMBurst_to_gmem_load_req (muxlogic         ) [ 000000000000000]
gmem_load_req                      (readreq          ) [ 000000000000000]
specloopname_ln0                   (specloopname     ) [ 000000000000000]
speclooptripcount_ln0              (speclooptripcount) [ 000000000000000]
specpipeline_ln26                  (specpipeline     ) [ 000000000000000]
muxLogicAXIMCE_to_gmem_addr_read   (muxlogic         ) [ 000000000000000]
gmem_addr_read                     (read             ) [ 000000000000000]
muxLogicFIFOData_to_write_ln27     (muxlogic         ) [ 000000000000000]
write_ln27                         (write            ) [ 000000000000000]
br_ln25                            (br               ) [ 000000000000000]
ret_ln28                           (ret              ) [ 000000000000000]
</LifeTime>

<model>

<comp_list>
<comp id="0" class="1000" name="gmem">
<pin_list>
<pin id="1" dir="1" index="0" bw="1" slack="0"/>
</pin_list>
<bind>
<StgValue><ssdm name="gmem"/><MemPortTyVec>0 </MemPortTyVec>
</StgValue>
</bind>
</comp>

<comp id="2" class="1000" name="tsor">
<pin_list>
<pin id="3" dir="1" index="0" bw="1" slack="0"/>
</pin_list>
<bind>
<StgValue><ssdm name="tsor"/></StgValue>
</bind>
</comp>

<comp id="4" class="1000" name="W_strm">
<pin_list>
<pin id="5" dir="1" index="0" bw="1" slack="0"/>
</pin_list>
<bind>
<StgValue><ssdm name="W_strm"/></StgValue>
</bind>
</comp>

<comp id="6" class="1001" name="const_6">
<pin_list>
<pin id="7" dir="1" index="0" bw="1" slack="0"/>
</pin_list>
<bind>
<StgValue><ssdm name=""/></StgValue>
</bind>
</comp>

<comp id="8" class="1001" name="const_8">
<pin_list>
<pin id="9" dir="1" index="0" bw="1" slack="2147483647"/>
</pin_list>
<bind>
<StgValue><ssdm name="_ssdm_op_SpecInterface"/></StgValue>
</bind>
</comp>

<comp id="10" class="1001" name="const_10">
<pin_list>
<pin id="11" dir="1" index="0" bw="1" slack="2147483647"/>
</pin_list>
<bind>
<StgValue><ssdm name="empty_16"/></StgValue>
</bind>
</comp>

<comp id="12" class="1001" name="const_12">
<pin_list>
<pin id="13" dir="1" index="0" bw="1" slack="2147483647"/>
</pin_list>
<bind>
<StgValue><ssdm name=""/></StgValue>
</bind>
</comp>

<comp id="14" class="1001" name="const_14">
<pin_list>
<pin id="15" dir="1" index="0" bw="1" slack="2147483647"/>
</pin_list>
<bind>
<StgValue><ssdm name="empty_12"/></StgValue>
</bind>
</comp>

<comp id="16" class="1001" name="const_16">
<pin_list>
<pin id="17" dir="1" index="0" bw="1" slack="2147483647"/>
</pin_list>
<bind>
<StgValue><ssdm name=""/></StgValue>
</bind>
</comp>

<comp id="18" class="1001" name="const_18">
<pin_list>
<pin id="19" dir="1" index="0" bw="1" slack="2147483647"/>
</pin_list>
<bind>
<StgValue><ssdm name="empty"/></StgValue>
</bind>
</comp>

<comp id="20" class="1001" name="const_20">
<pin_list>
<pin id="21" dir="1" index="0" bw="1" slack="2147483647"/>
</pin_list>
<bind>
<StgValue><ssdm name="empty_11"/></StgValue>
</bind>
</comp>

<comp id="22" class="1001" name="const_22">
<pin_list>
<pin id="23" dir="1" index="0" bw="1" slack="2147483647"/>
</pin_list>
<bind>
<StgValue><ssdm name="empty_10"/></StgValue>
</bind>
</comp>

<comp id="24" class="1001" name="const_24">
<pin_list>
<pin id="25" dir="1" index="0" bw="1" slack="2147483647"/>
</pin_list>
<bind>
<StgValue><ssdm name=""/></StgValue>
</bind>
</comp>

<comp id="26" class="1001" name="const_26">
<pin_list>
<pin id="27" dir="1" index="0" bw="1" slack="0"/>
</pin_list>
<bind>
<StgValue><ssdm name="_ssdm_op_Read.ap_auto.i64"/></StgValue>
</bind>
</comp>

<comp id="28" class="1001" name="const_28">
<pin_list>
<pin id="29" dir="1" index="0" bw="1" slack="0"/>
</pin_list>
<bind>
<StgValue><ssdm name=""/></StgValue>
</bind>
</comp>

<comp id="30" class="1001" name="const_30">
<pin_list>
<pin id="31" dir="1" index="0" bw="1" slack="0"/>
</pin_list>
<bind>
<StgValue><ssdm name=""/></StgValue>
</bind>
</comp>

<comp id="32" class="1001" name="const_32">
<pin_list>
<pin id="33" dir="1" index="0" bw="1" slack="0"/>
</pin_list>
<bind>
<StgValue><ssdm name=""/></StgValue>
</bind>
</comp>

<comp id="34" class="1001" name="const_34">
<pin_list>
<pin id="35" dir="1" index="0" bw="1" slack="0"/>
</pin_list>
<bind>
<StgValue><ssdm name=""/></StgValue>
</bind>
</comp>

<comp id="36" class="1001" name="const_36">
<pin_list>
<pin id="37" dir="1" index="0" bw="1" slack="0"/>
</pin_list>
<bind>
<StgValue><ssdm name=""/></StgValue>
</bind>
</comp>

<comp id="38" class="1001" name="const_38">
<pin_list>
<pin id="39" dir="1" index="0" bw="1" slack="0"/>
</pin_list>
<bind>
<StgValue><ssdm name=""/></StgValue>
</bind>
</comp>

<comp id="40" class="1001" name="const_40">
<pin_list>
<pin id="41" dir="1" index="0" bw="1" slack="0"/>
</pin_list>
<bind>
<StgValue><ssdm name=""/></StgValue>
</bind>
</comp>

<comp id="42" class="1001" name="const_42">
<pin_list>
<pin id="43" dir="1" index="0" bw="1" slack="0"/>
</pin_list>
<bind>
<StgValue><ssdm name="_ssdm_op_BitConcatenate.i22.i10.i12"/></StgValue>
</bind>
</comp>

<comp id="44" class="1001" name="const_44">
<pin_list>
<pin id="45" dir="1" index="0" bw="1" slack="0"/>
</pin_list>
<bind>
<StgValue><ssdm name="_ssdm_op_BitConcatenate.i20.i10.i10"/></StgValue>
</bind>
</comp>

<comp id="46" class="1001" name="const_46">
<pin_list>
<pin id="47" dir="1" index="0" bw="1" slack="0"/>
</pin_list>
<bind>
<StgValue><ssdm name=""/></StgValue>
</bind>
</comp>

<comp id="48" class="1001" name="const_48">
<pin_list>
<pin id="49" dir="1" index="0" bw="1" slack="0"/>
</pin_list>
<bind>
<StgValue><ssdm name="_ssdm_op_BitConcatenate.i24.i22.i2"/></StgValue>
</bind>
</comp>

<comp id="50" class="1001" name="const_50">
<pin_list>
<pin id="51" dir="1" index="0" bw="1" slack="0"/>
</pin_list>
<bind>
<StgValue><ssdm name=""/></StgValue>
</bind>
</comp>

<comp id="52" class="1001" name="const_52">
<pin_list>
<pin id="53" dir="1" index="0" bw="1" slack="0"/>
</pin_list>
<bind>
<StgValue><ssdm name="_ssdm_op_PartSelect.i62.i64.i32.i32"/></StgValue>
</bind>
</comp>

<comp id="54" class="1001" name="const_54">
<pin_list>
<pin id="55" dir="1" index="0" bw="1" slack="0"/>
</pin_list>
<bind>
<StgValue><ssdm name=""/></StgValue>
</bind>
</comp>

<comp id="56" class="1001" name="const_56">
<pin_list>
<pin id="57" dir="1" index="0" bw="1" slack="0"/>
</pin_list>
<bind>
<StgValue><ssdm name=""/></StgValue>
</bind>
</comp>

<comp id="58" class="1001" name="const_58">
<pin_list>
<pin id="59" dir="1" index="0" bw="1" slack="0"/>
</pin_list>
<bind>
<StgValue><ssdm name=""/></StgValue>
</bind>
</comp>

<comp id="60" class="1001" name="const_60">
<pin_list>
<pin id="61" dir="1" index="0" bw="1" slack="0"/>
</pin_list>
<bind>
<StgValue><ssdm name="_ssdm_op_ReadReq.m_axi.i32P1A"/></StgValue>
</bind>
</comp>

<comp id="62" class="1001" name="const_62">
<pin_list>
<pin id="63" dir="1" index="0" bw="1" slack="2147483647"/>
</pin_list>
<bind>
<StgValue><ssdm name="_ssdm_op_SpecLoopName"/></StgValue>
</bind>
</comp>

<comp id="64" class="1001" name="const_64">
<pin_list>
<pin id="65" dir="1" index="0" bw="1" slack="2147483647"/>
</pin_list>
<bind>
<StgValue><ssdm name="VITIS_LOOP_24_1_VITIS_LOOP_25_2_str"/></StgValue>
</bind>
</comp>

<comp id="66" class="1001" name="const_66">
<pin_list>
<pin id="67" dir="1" index="0" bw="1" slack="2147483647"/>
</pin_list>
<bind>
<StgValue><ssdm name="_ssdm_op_SpecLoopTripCount"/></StgValue>
</bind>
</comp>

<comp id="68" class="1001" name="const_68">
<pin_list>
<pin id="69" dir="1" index="0" bw="1" slack="2147483647"/>
</pin_list>
<bind>
<StgValue><ssdm name=""/></StgValue>
</bind>
</comp>

<comp id="70" class="1001" name="const_70">
<pin_list>
<pin id="71" dir="1" index="0" bw="1" slack="2147483647"/>
</pin_list>
<bind>
<StgValue><ssdm name="_ssdm_op_SpecPipeline"/></StgValue>
</bind>
</comp>

<comp id="72" class="1001" name="const_72">
<pin_list>
<pin id="73" dir="1" index="0" bw="1" slack="0"/>
</pin_list>
<bind>
<StgValue><ssdm name="_ssdm_op_Read.m_axi.i32P1A"/></StgValue>
</bind>
</comp>

<comp id="74" class="1001" name="const_74">
<pin_list>
<pin id="75" dir="1" index="0" bw="1" slack="0"/>
</pin_list>
<bind>
<StgValue><ssdm name="_ssdm_op_Write.ap_fifo.volatile.i32P0A"/></StgValue>
</bind>
</comp>

<comp id="76" class="1004" name="r_fu_76">
<pin_list>
<pin id="77" dir="0" index="0" bw="1" slack="0"/>
<pin id="78" dir="1" index="1" bw="10" slack="0"/>
</pin_list>
<bind>
<opcode="alloca(26) " fcode="alloca"/>
<opset="r/1 "/>
</bind>
</comp>

<comp id="80" class="1004" name="c_fu_80">
<pin_list>
<pin id="81" dir="0" index="0" bw="1" slack="0"/>
<pin id="82" dir="1" index="1" bw="12" slack="0"/>
</pin_list>
<bind>
<opcode="alloca(26) " fcode="alloca"/>
<opset="c/1 "/>
</bind>
</comp>

<comp id="84" class="1004" name="indvar_flatten_fu_84">
<pin_list>
<pin id="85" dir="0" index="0" bw="1" slack="0"/>
<pin id="86" dir="1" index="1" bw="22" slack="0"/>
</pin_list>
<bind>
<opcode="alloca(26) " fcode="alloca"/>
<opset="indvar_flatten/1 "/>
</bind>
</comp>

<comp id="88" class="1004" name="tsor_read_read_fu_88">
<pin_list>
<pin id="89" dir="0" index="0" bw="64" slack="0"/>
<pin id="90" dir="0" index="1" bw="64" slack="0"/>
<pin id="91" dir="1" index="2" bw="64" slack="2"/>
</pin_list>
<bind>
<opcode="read(1150) " fcode="read"/>
<opset="tsor_read/1 "/>
</bind>
</comp>

<comp id="94" class="1004" name="write_ln27_write_fu_94">
<pin_list>
<pin id="95" dir="0" index="0" bw="0" slack="0"/>
<pin id="96" dir="0" index="1" bw="32" slack="0"/>
<pin id="97" dir="0" index="2" bw="32" slack="0"/>
<pin id="98" dir="1" index="3" bw="0" slack="2147483647"/>
</pin_list>
<bind>
<opcode="write(1151) " fcode="write"/>
<opset="write_ln27/14 "/>
</bind>
</comp>

<comp id="101" class="1004" name="grp_readreq_fu_101">
<pin_list>
<pin id="102" dir="0" index="0" bw="1" slack="0"/>
<pin id="103" dir="0" index="1" bw="32" slack="0"/>
<pin id="104" dir="0" index="2" bw="1" slack="0"/>
<pin id="105" dir="1" index="3" bw="1" slack="2147483647"/>
</pin_list>
<bind>
<opcode="readreq(1154) " fcode="readreq"/>
<opset="gmem_load_req/3 "/>
</bind>
</comp>

<comp id="108" class="1004" name="gmem_addr_read_read_fu_108">
<pin_list>
<pin id="109" dir="0" index="0" bw="32" slack="0"/>
<pin id="110" dir="0" index="1" bw="32" slack="11"/>
<pin id="111" dir="1" index="2" bw="32" slack="0"/>
</pin_list>
<bind>
<opcode="read(1150) " fcode="read"/>
<opset="gmem_addr_read/14 "/>
</bind>
</comp>

<comp id="114" class="1004" name="store_ln0_store_fu_114">
<pin_list>
<pin id="115" dir="0" index="0" bw="1" slack="0"/>
<pin id="116" dir="0" index="1" bw="22" slack="0"/>
<pin id="117" dir="1" index="2" bw="0" slack="2147483647"/>
</pin_list>
<bind>
<opcode="store(28) " fcode="store"/>
<opset="store_ln0/1 "/>
</bind>
</comp>

<comp id="119" class="1004" name="store_ln24_store_fu_119">
<pin_list>
<pin id="120" dir="0" index="0" bw="1" slack="0"/>
<pin id="121" dir="0" index="1" bw="12" slack="0"/>
<pin id="122" dir="1" index="2" bw="0" slack="2147483647"/>
</pin_list>
<bind>
<opcode="store(28) " fcode="store"/>
<opset="store_ln24/1 "/>
</bind>
</comp>

<comp id="124" class="1004" name="store_ln25_store_fu_124">
<pin_list>
<pin id="125" dir="0" index="0" bw="1" slack="0"/>
<pin id="126" dir="0" index="1" bw="10" slack="0"/>
<pin id="127" dir="1" index="2" bw="0" slack="2147483647"/>
</pin_list>
<bind>
<opcode="store(28) " fcode="store"/>
<opset="store_ln25/1 "/>
</bind>
</comp>

<comp id="129" class="1004" name="indvar_flatten_load_load_fu_129">
<pin_list>
<pin id="130" dir="0" index="0" bw="22" slack="1"/>
<pin id="131" dir="1" index="1" bw="22" slack="0"/>
</pin_list>
<bind>
<opcode="load(27) " fcode="load"/>
<opset="indvar_flatten_load/2 "/>
</bind>
</comp>

<comp id="132" class="1004" name="add_ln24_fu_132">
<pin_list>
<pin id="133" dir="0" index="0" bw="22" slack="0"/>
<pin id="134" dir="0" index="1" bw="1" slack="0"/>
<pin id="135" dir="1" index="2" bw="22" slack="0"/>
</pin_list>
<bind>
<opcode="add(8) " fcode="add"/>
<opset="add_ln24/2 "/>
</bind>
</comp>

<comp id="138" class="1004" name="icmp_ln24_fu_138">
<pin_list>
<pin id="139" dir="0" index="0" bw="22" slack="0"/>
<pin id="140" dir="0" index="1" bw="22" slack="0"/>
<pin id="141" dir="1" index="2" bw="1" slack="11"/>
</pin_list>
<bind>
<opcode="icmp(45) " fcode="icmp"/>
<opset="icmp_ln24/2 "/>
</bind>
</comp>

<comp id="144" class="1004" name="r_load_load_fu_144">
<pin_list>
<pin id="145" dir="0" index="0" bw="10" slack="1"/>
<pin id="146" dir="1" index="1" bw="10" slack="0"/>
</pin_list>
<bind>
<opcode="load(27) " fcode="load"/>
<opset="r_load/2 "/>
</bind>
</comp>

<comp id="147" class="1004" name="c_load_load_fu_147">
<pin_list>
<pin id="148" dir="0" index="0" bw="12" slack="1"/>
<pin id="149" dir="1" index="1" bw="12" slack="0"/>
</pin_list>
<bind>
<opcode="load(27) " fcode="load"/>
<opset="c_load/2 "/>
</bind>
</comp>

<comp id="150" class="1004" name="icmp_ln25_fu_150">
<pin_list>
<pin id="151" dir="0" index="0" bw="10" slack="0"/>
<pin id="152" dir="0" index="1" bw="9" slack="0"/>
<pin id="153" dir="1" index="2" bw="1" slack="0"/>
</pin_list>
<bind>
<opcode="icmp(45) " fcode="icmp"/>
<opset="icmp_ln25/2 "/>
</bind>
</comp>

<comp id="156" class="1004" name="select_ln24_fu_156">
<pin_list>
<pin id="157" dir="0" index="0" bw="1" slack="0"/>
<pin id="158" dir="0" index="1" bw="1" slack="0"/>
<pin id="159" dir="0" index="2" bw="10" slack="0"/>
<pin id="160" dir="1" index="3" bw="10" slack="0"/>
</pin_list>
<bind>
<opcode="select(49) " fcode="select"/>
<opset="select_ln24/2 "/>
</bind>
</comp>

<comp id="164" class="1004" name="add_ln24_3_fu_164">
<pin_list>
<pin id="165" dir="0" index="0" bw="12" slack="0"/>
<pin id="166" dir="0" index="1" bw="1" slack="0"/>
<pin id="167" dir="1" index="2" bw="12" slack="0"/>
</pin_list>
<bind>
<opcode="add(8) " fcode="add"/>
<opset="add_ln24_3/2 "/>
</bind>
</comp>

<comp id="170" class="1004" name="select_ln24_3_fu_170">
<pin_list>
<pin id="171" dir="0" index="0" bw="1" slack="0"/>
<pin id="172" dir="0" index="1" bw="12" slack="0"/>
<pin id="173" dir="0" index="2" bw="12" slack="0"/>
<pin id="174" dir="1" index="3" bw="12" slack="0"/>
</pin_list>
<bind>
<opcode="select(49) " fcode="select"/>
<opset="select_ln24_3/2 "/>
</bind>
</comp>

<comp id="178" class="1004" name="zext_ln24_fu_178">
<pin_list>
<pin id="179" dir="0" index="0" bw="12" slack="0"/>
<pin id="180" dir="1" index="1" bw="22" slack="0"/>
</pin_list>
<bind>
<opcode="zext(34) " fcode="zext"/>
<opset="zext_ln24/2 "/>
</bind>
</comp>

<comp id="182" class="1004" name="p_shl_fu_182">
<pin_list>
<pin id="183" dir="0" index="0" bw="22" slack="0"/>
<pin id="184" dir="0" index="1" bw="10" slack="0"/>
<pin id="185" dir="0" index="2" bw="1" slack="0"/>
<pin id="186" dir="1" index="3" bw="22" slack="0"/>
</pin_list>
<bind>
<opcode="bitconcatenate(1004) " fcode="bitconcatenate"/>
<opset="p_shl/2 "/>
</bind>
</comp>

<comp id="190" class="1004" name="tmp_fu_190">
<pin_list>
<pin id="191" dir="0" index="0" bw="20" slack="0"/>
<pin id="192" dir="0" index="1" bw="10" slack="0"/>
<pin id="193" dir="0" index="2" bw="1" slack="0"/>
<pin id="194" dir="1" index="3" bw="20" slack="0"/>
</pin_list>
<bind>
<opcode="bitconcatenate(1004) " fcode="bitconcatenate"/>
<opset="tmp/2 "/>
</bind>
</comp>

<comp id="198" class="1004" name="zext_ln27_3_fu_198">
<pin_list>
<pin id="199" dir="0" index="0" bw="20" slack="0"/>
<pin id="200" dir="1" index="1" bw="22" slack="0"/>
</pin_list>
<bind>
<opcode="zext(34) " fcode="zext"/>
<opset="zext_ln27_3/2 "/>
</bind>
</comp>

<comp id="202" class="1004" name="sub_ln27_fu_202">
<pin_list>
<pin id="203" dir="0" index="0" bw="22" slack="0"/>
<pin id="204" dir="0" index="1" bw="20" slack="0"/>
<pin id="205" dir="1" index="2" bw="22" slack="0"/>
</pin_list>
<bind>
<opcode="sub(10) " fcode="sub"/>
<opset="sub_ln27/2 "/>
</bind>
</comp>

<comp id="208" class="1004" name="add_ln27_fu_208">
<pin_list>
<pin id="209" dir="0" index="0" bw="22" slack="0"/>
<pin id="210" dir="0" index="1" bw="12" slack="0"/>
<pin id="211" dir="1" index="2" bw="22" slack="1"/>
</pin_list>
<bind>
<opcode="add(8) " fcode="add"/>
<opset="add_ln27/2 "/>
</bind>
</comp>

<comp id="214" class="1004" name="add_ln25_fu_214">
<pin_list>
<pin id="215" dir="0" index="0" bw="10" slack="0"/>
<pin id="216" dir="0" index="1" bw="1" slack="0"/>
<pin id="217" dir="1" index="2" bw="10" slack="0"/>
</pin_list>
<bind>
<opcode="add(8) " fcode="add"/>
<opset="add_ln25/2 "/>
</bind>
</comp>

<comp id="220" class="1004" name="store_ln24_store_fu_220">
<pin_list>
<pin id="221" dir="0" index="0" bw="22" slack="0"/>
<pin id="222" dir="0" index="1" bw="22" slack="1"/>
<pin id="223" dir="1" index="2" bw="0" slack="2147483647"/>
</pin_list>
<bind>
<opcode="store(28) " fcode="store"/>
<opset="store_ln24/2 "/>
</bind>
</comp>

<comp id="225" class="1004" name="store_ln24_store_fu_225">
<pin_list>
<pin id="226" dir="0" index="0" bw="12" slack="0"/>
<pin id="227" dir="0" index="1" bw="12" slack="1"/>
<pin id="228" dir="1" index="2" bw="0" slack="2147483647"/>
</pin_list>
<bind>
<opcode="store(28) " fcode="store"/>
<opset="store_ln24/2 "/>
</bind>
</comp>

<comp id="230" class="1004" name="store_ln25_store_fu_230">
<pin_list>
<pin id="231" dir="0" index="0" bw="10" slack="0"/>
<pin id="232" dir="0" index="1" bw="10" slack="1"/>
<pin id="233" dir="1" index="2" bw="0" slack="2147483647"/>
</pin_list>
<bind>
<opcode="store(28) " fcode="store"/>
<opset="store_ln25/2 "/>
</bind>
</comp>

<comp id="235" class="1004" name="shl_ln_fu_235">
<pin_list>
<pin id="236" dir="0" index="0" bw="24" slack="0"/>
<pin id="237" dir="0" index="1" bw="22" slack="1"/>
<pin id="238" dir="0" index="2" bw="1" slack="0"/>
<pin id="239" dir="1" index="3" bw="24" slack="0"/>
</pin_list>
<bind>
<opcode="bitconcatenate(1004) " fcode="bitconcatenate"/>
<opset="shl_ln/3 "/>
</bind>
</comp>

<comp id="242" class="1004" name="zext_ln27_fu_242">
<pin_list>
<pin id="243" dir="0" index="0" bw="24" slack="0"/>
<pin id="244" dir="1" index="1" bw="64" slack="0"/>
</pin_list>
<bind>
<opcode="zext(34) " fcode="zext"/>
<opset="zext_ln27/3 "/>
</bind>
</comp>

<comp id="246" class="1004" name="add_ln27_3_fu_246">
<pin_list>
<pin id="247" dir="0" index="0" bw="24" slack="0"/>
<pin id="248" dir="0" index="1" bw="64" slack="2"/>
<pin id="249" dir="1" index="2" bw="64" slack="0"/>
</pin_list>
<bind>
<opcode="add(8) " fcode="add"/>
<opset="add_ln27_3/3 "/>
</bind>
</comp>

<comp id="251" class="1004" name="trunc_ln_fu_251">
<pin_list>
<pin id="252" dir="0" index="0" bw="62" slack="0"/>
<pin id="253" dir="0" index="1" bw="64" slack="0"/>
<pin id="254" dir="0" index="2" bw="3" slack="0"/>
<pin id="255" dir="0" index="3" bw="7" slack="0"/>
<pin id="256" dir="1" index="4" bw="62" slack="0"/>
</pin_list>
<bind>
<opcode="partselect(1002) " fcode="partselect"/>
<opset="trunc_ln/3 "/>
</bind>
</comp>

<comp id="261" class="1004" name="sext_ln27_fu_261">
<pin_list>
<pin id="262" dir="0" index="0" bw="62" slack="0"/>
<pin id="263" dir="1" index="1" bw="64" slack="0"/>
</pin_list>
<bind>
<opcode="sext(35) " fcode="sext"/>
<opset="sext_ln27/3 "/>
</bind>
</comp>

<comp id="265" class="1004" name="gmem_addr_fu_265">
<pin_list>
<pin id="266" dir="0" index="0" bw="32" slack="0"/>
<pin id="267" dir="0" index="1" bw="62" slack="0"/>
<pin id="268" dir="1" index="2" bw="32" slack="0"/>
</pin_list>
<bind>
<opcode="getelementptr(29) " fcode="getelementptr"/>
<opset="gmem_addr/3 "/>
</bind>
</comp>

<comp id="272" class="1004" name="muxLogicAXIMAddr_to_gmem_load_req_fu_272">
<pin_list>
<pin id="273" dir="0" index="0" bw="32" slack="0"/>
<pin id="274" dir="1" index="1" bw="1" slack="2147483647"/>
</pin_list>
<bind>
<opcode="muxlogic(592) " fcode="muxlogic"/>
<opset="muxLogicAXIMAddr_to_gmem_load_req/3 "/>
</bind>
</comp>

<comp id="276" class="1004" name="muxLogicAXIMBurst_to_gmem_load_req_fu_276">
<pin_list>
<pin id="277" dir="0" index="0" bw="1" slack="0"/>
<pin id="278" dir="1" index="1" bw="1" slack="2147483647"/>
</pin_list>
<bind>
<opcode="muxlogic(592) " fcode="muxlogic"/>
<opset="muxLogicAXIMBurst_to_gmem_load_req/3 "/>
</bind>
</comp>

<comp id="280" class="1004" name="muxLogicAXIMCE_to_gmem_addr_read_fu_280">
<pin_list>
<pin id="281" dir="1" index="0" bw="32" slack="2147483647"/>
</pin_list>
<bind>
<opcode="muxlogic(592) " fcode="muxlogic"/>
<opset="muxLogicAXIMCE_to_gmem_addr_read/14 "/>
</bind>
</comp>

<comp id="282" class="1004" name="muxLogicFIFOData_to_write_ln27_fu_282">
<pin_list>
<pin id="283" dir="0" index="0" bw="32" slack="0"/>
<pin id="284" dir="1" index="1" bw="0" slack="2147483647"/>
</pin_list>
<bind>
<opcode="muxlogic(592) " fcode="muxlogic"/>
<opset="muxLogicFIFOData_to_write_ln27/14 "/>
</bind>
</comp>

<comp id="286" class="1005" name="r_reg_286">
<pin_list>
<pin id="287" dir="0" index="0" bw="10" slack="0"/>
<pin id="288" dir="1" index="1" bw="10" slack="0"/>
</pin_list>
<bind>
<opset="r "/>
</bind>
</comp>

<comp id="293" class="1005" name="c_reg_293">
<pin_list>
<pin id="294" dir="0" index="0" bw="12" slack="0"/>
<pin id="295" dir="1" index="1" bw="12" slack="0"/>
</pin_list>
<bind>
<opset="c "/>
</bind>
</comp>

<comp id="300" class="1005" name="indvar_flatten_reg_300">
<pin_list>
<pin id="301" dir="0" index="0" bw="22" slack="0"/>
<pin id="302" dir="1" index="1" bw="22" slack="0"/>
</pin_list>
<bind>
<opset="indvar_flatten "/>
</bind>
</comp>

<comp id="307" class="1005" name="tsor_read_reg_307">
<pin_list>
<pin id="308" dir="0" index="0" bw="64" slack="2"/>
<pin id="309" dir="1" index="1" bw="64" slack="2"/>
</pin_list>
<bind>
<opset="tsor_read "/>
</bind>
</comp>

<comp id="312" class="1005" name="icmp_ln24_reg_312">
<pin_list>
<pin id="313" dir="0" index="0" bw="1" slack="11"/>
<pin id="314" dir="1" index="1" bw="1" slack="2147483647"/>
</pin_list>
<bind>
<opset="icmp_ln24 "/>
</bind>
</comp>

<comp id="316" class="1005" name="add_ln27_reg_316">
<pin_list>
<pin id="317" dir="0" index="0" bw="22" slack="1"/>
<pin id="318" dir="1" index="1" bw="22" slack="1"/>
</pin_list>
<bind>
<opset="add_ln27 "/>
</bind>
</comp>

<comp id="321" class="1005" name="gmem_addr_reg_321">
<pin_list>
<pin id="322" dir="0" index="0" bw="32" slack="1"/>
<pin id="323" dir="1" index="1" bw="32" slack="1"/>
</pin_list>
<bind>
<opset="gmem_addr "/>
</bind>
</comp>

</comp_list>

<net_list>
<net id="79"><net_src comp="6" pin="0"/><net_sink comp="76" pin=0"/></net>

<net id="83"><net_src comp="6" pin="0"/><net_sink comp="80" pin=0"/></net>

<net id="87"><net_src comp="6" pin="0"/><net_sink comp="84" pin=0"/></net>

<net id="92"><net_src comp="26" pin="0"/><net_sink comp="88" pin=0"/></net>

<net id="93"><net_src comp="2" pin="0"/><net_sink comp="88" pin=1"/></net>

<net id="99"><net_src comp="74" pin="0"/><net_sink comp="94" pin=0"/></net>

<net id="100"><net_src comp="4" pin="0"/><net_sink comp="94" pin=1"/></net>

<net id="106"><net_src comp="60" pin="0"/><net_sink comp="101" pin=0"/></net>

<net id="107"><net_src comp="58" pin="0"/><net_sink comp="101" pin=2"/></net>

<net id="112"><net_src comp="72" pin="0"/><net_sink comp="108" pin=0"/></net>

<net id="113"><net_src comp="108" pin="2"/><net_sink comp="94" pin=2"/></net>

<net id="118"><net_src comp="28" pin="0"/><net_sink comp="114" pin=0"/></net>

<net id="123"><net_src comp="30" pin="0"/><net_sink comp="119" pin=0"/></net>

<net id="128"><net_src comp="32" pin="0"/><net_sink comp="124" pin=0"/></net>

<net id="136"><net_src comp="129" pin="1"/><net_sink comp="132" pin=0"/></net>

<net id="137"><net_src comp="34" pin="0"/><net_sink comp="132" pin=1"/></net>

<net id="142"><net_src comp="129" pin="1"/><net_sink comp="138" pin=0"/></net>

<net id="143"><net_src comp="36" pin="0"/><net_sink comp="138" pin=1"/></net>

<net id="154"><net_src comp="144" pin="1"/><net_sink comp="150" pin=0"/></net>

<net id="155"><net_src comp="38" pin="0"/><net_sink comp="150" pin=1"/></net>

<net id="161"><net_src comp="150" pin="2"/><net_sink comp="156" pin=0"/></net>

<net id="162"><net_src comp="32" pin="0"/><net_sink comp="156" pin=1"/></net>

<net id="163"><net_src comp="144" pin="1"/><net_sink comp="156" pin=2"/></net>

<net id="168"><net_src comp="147" pin="1"/><net_sink comp="164" pin=0"/></net>

<net id="169"><net_src comp="40" pin="0"/><net_sink comp="164" pin=1"/></net>

<net id="175"><net_src comp="150" pin="2"/><net_sink comp="170" pin=0"/></net>

<net id="176"><net_src comp="164" pin="2"/><net_sink comp="170" pin=1"/></net>

<net id="177"><net_src comp="147" pin="1"/><net_sink comp="170" pin=2"/></net>

<net id="181"><net_src comp="170" pin="3"/><net_sink comp="178" pin=0"/></net>

<net id="187"><net_src comp="42" pin="0"/><net_sink comp="182" pin=0"/></net>

<net id="188"><net_src comp="156" pin="3"/><net_sink comp="182" pin=1"/></net>

<net id="189"><net_src comp="30" pin="0"/><net_sink comp="182" pin=2"/></net>

<net id="195"><net_src comp="44" pin="0"/><net_sink comp="190" pin=0"/></net>

<net id="196"><net_src comp="156" pin="3"/><net_sink comp="190" pin=1"/></net>

<net id="197"><net_src comp="32" pin="0"/><net_sink comp="190" pin=2"/></net>

<net id="201"><net_src comp="190" pin="3"/><net_sink comp="198" pin=0"/></net>

<net id="206"><net_src comp="182" pin="3"/><net_sink comp="202" pin=0"/></net>

<net id="207"><net_src comp="198" pin="1"/><net_sink comp="202" pin=1"/></net>

<net id="212"><net_src comp="202" pin="2"/><net_sink comp="208" pin=0"/></net>

<net id="213"><net_src comp="178" pin="1"/><net_sink comp="208" pin=1"/></net>

<net id="218"><net_src comp="156" pin="3"/><net_sink comp="214" pin=0"/></net>

<net id="219"><net_src comp="46" pin="0"/><net_sink comp="214" pin=1"/></net>

<net id="224"><net_src comp="132" pin="2"/><net_sink comp="220" pin=0"/></net>

<net id="229"><net_src comp="170" pin="3"/><net_sink comp="225" pin=0"/></net>

<net id="234"><net_src comp="214" pin="2"/><net_sink comp="230" pin=0"/></net>

<net id="240"><net_src comp="48" pin="0"/><net_sink comp="235" pin=0"/></net>

<net id="241"><net_src comp="50" pin="0"/><net_sink comp="235" pin=2"/></net>

<net id="245"><net_src comp="235" pin="3"/><net_sink comp="242" pin=0"/></net>

<net id="250"><net_src comp="242" pin="1"/><net_sink comp="246" pin=0"/></net>

<net id="257"><net_src comp="52" pin="0"/><net_sink comp="251" pin=0"/></net>

<net id="258"><net_src comp="246" pin="2"/><net_sink comp="251" pin=1"/></net>

<net id="259"><net_src comp="54" pin="0"/><net_sink comp="251" pin=2"/></net>

<net id="260"><net_src comp="56" pin="0"/><net_sink comp="251" pin=3"/></net>

<net id="264"><net_src comp="251" pin="4"/><net_sink comp="261" pin=0"/></net>

<net id="269"><net_src comp="0" pin="0"/><net_sink comp="265" pin=0"/></net>

<net id="270"><net_src comp="261" pin="1"/><net_sink comp="265" pin=1"/></net>

<net id="271"><net_src comp="265" pin="2"/><net_sink comp="101" pin=1"/></net>

<net id="275"><net_src comp="265" pin="2"/><net_sink comp="272" pin=0"/></net>

<net id="279"><net_src comp="58" pin="0"/><net_sink comp="276" pin=0"/></net>

<net id="285"><net_src comp="108" pin="2"/><net_sink comp="282" pin=0"/></net>

<net id="289"><net_src comp="76" pin="1"/><net_sink comp="286" pin=0"/></net>

<net id="290"><net_src comp="286" pin="1"/><net_sink comp="124" pin=1"/></net>

<net id="291"><net_src comp="286" pin="1"/><net_sink comp="144" pin=0"/></net>

<net id="292"><net_src comp="286" pin="1"/><net_sink comp="230" pin=1"/></net>

<net id="296"><net_src comp="80" pin="1"/><net_sink comp="293" pin=0"/></net>

<net id="297"><net_src comp="293" pin="1"/><net_sink comp="119" pin=1"/></net>

<net id="298"><net_src comp="293" pin="1"/><net_sink comp="147" pin=0"/></net>

<net id="299"><net_src comp="293" pin="1"/><net_sink comp="225" pin=1"/></net>

<net id="303"><net_src comp="84" pin="1"/><net_sink comp="300" pin=0"/></net>

<net id="304"><net_src comp="300" pin="1"/><net_sink comp="114" pin=1"/></net>

<net id="305"><net_src comp="300" pin="1"/><net_sink comp="129" pin=0"/></net>

<net id="306"><net_src comp="300" pin="1"/><net_sink comp="220" pin=1"/></net>

<net id="310"><net_src comp="88" pin="2"/><net_sink comp="307" pin=0"/></net>

<net id="311"><net_src comp="307" pin="1"/><net_sink comp="246" pin=1"/></net>

<net id="315"><net_src comp="138" pin="2"/><net_sink comp="312" pin=0"/></net>

<net id="319"><net_src comp="208" pin="2"/><net_sink comp="316" pin=0"/></net>

<net id="320"><net_src comp="316" pin="1"/><net_sink comp="235" pin=1"/></net>

<net id="324"><net_src comp="265" pin="2"/><net_sink comp="321" pin=0"/></net>

<net id="325"><net_src comp="321" pin="1"/><net_sink comp="101" pin=1"/></net>

<net id="326"><net_src comp="321" pin="1"/><net_sink comp="108" pin=1"/></net>

</net_list>

</model> 
---------------- Datapath Model END ------------------

* FSMD analyzer results:
  - Output states:
	Port: W_strm | {14 }
 - Input state : 
	Port: push_tensor2d_bycol : gmem | {3 4 5 6 7 8 9 10 11 12 13 14 }
	Port: push_tensor2d_bycol : tsor | {1 }
  - Chain level:
	State 1
		store_ln0 : 1
		store_ln24 : 1
		store_ln25 : 1
	State 2
		add_ln24 : 1
		icmp_ln24 : 1
		br_ln24 : 2
		icmp_ln25 : 1
		select_ln24 : 2
		add_ln24_3 : 1
		select_ln24_3 : 2
		zext_ln24 : 3
		p_shl : 3
		tmp : 3
		zext_ln27_3 : 4
		sub_ln27 : 5
		add_ln27 : 6
		add_ln25 : 3
		store_ln24 : 2
		store_ln24 : 3
		store_ln25 : 4
	State 3
		zext_ln27 : 1
		add_ln27_3 : 2
		trunc_ln : 3
		sext_ln27 : 4
		gmem_addr : 5
		muxLogicAXIMAddr_to_gmem_load_req : 6
		gmem_load_req : 6
	State 4
	State 5
	State 6
	State 7
	State 8
	State 9
	State 10
	State 11
	State 12
	State 13
	State 14


============================================================
+ Verbose Summary: Datapath Resource usage 
============================================================

* Functional unit list:
|----------|-------------------------------------------|---------|---------|
| Operation|              Functional Unit              |    FF   |   LUT   |
|----------|-------------------------------------------|---------|---------|
|          |              add_ln24_fu_132              |    0    |    22   |
|          |             add_ln24_3_fu_164             |    0    |    12   |
|    add   |              add_ln27_fu_208              |    0    |    45   |
|          |              add_ln25_fu_214              |    0    |    10   |
|          |             add_ln27_3_fu_246             |    0    |    64   |
|----------|-------------------------------------------|---------|---------|
|    sub   |              sub_ln27_fu_202              |    0    |    45   |
|----------|-------------------------------------------|---------|---------|
|  select  |             select_ln24_fu_156            |    0    |    10   |
|          |            select_ln24_3_fu_170           |    0    |    12   |
|----------|-------------------------------------------|---------|---------|
|   icmp   |              icmp_ln24_fu_138             |    0    |    9    |
|          |              icmp_ln25_fu_150             |    0    |    4    |
|----------|-------------------------------------------|---------|---------|
|   read   |            tsor_read_read_fu_88           |    0    |    0    |
|          |         gmem_addr_read_read_fu_108        |    0    |    0    |
|----------|-------------------------------------------|---------|---------|
|   write  |           write_ln27_write_fu_94          |    0    |    0    |
|----------|-------------------------------------------|---------|---------|
|  readreq |             grp_readreq_fu_101            |    0    |    0    |
|----------|-------------------------------------------|---------|---------|
|          |              zext_ln24_fu_178             |    0    |    0    |
|   zext   |             zext_ln27_3_fu_198            |    0    |    0    |
|          |              zext_ln27_fu_242             |    0    |    0    |
|----------|-------------------------------------------|---------|---------|
|          |                p_shl_fu_182               |    0    |    0    |
|bitconcatenate|                 tmp_fu_190                |    0    |    0    |
|          |               shl_ln_fu_235               |    0    |    0    |
|----------|-------------------------------------------|---------|---------|
|partselect|              trunc_ln_fu_251              |    0    |    0    |
|----------|-------------------------------------------|---------|---------|
|   sext   |              sext_ln27_fu_261             |    0    |    0    |
|----------|-------------------------------------------|---------|---------|
|          |  muxLogicAXIMAddr_to_gmem_load_req_fu_272 |    0    |    0    |
| muxlogic | muxLogicAXIMBurst_to_gmem_load_req_fu_276 |    0    |    0    |
|          |  muxLogicAXIMCE_to_gmem_addr_read_fu_280  |    0    |    0    |
|          |   muxLogicFIFOData_to_write_ln27_fu_282   |    0    |    0    |
|----------|-------------------------------------------|---------|---------|
|   Total  |                                           |    0    |   233   |
|----------|-------------------------------------------|---------|---------|

Memories:
N/A

* Register list:
+----------------------+--------+
|                      |   FF   |
+----------------------+--------+
|   add_ln27_reg_316   |   22   |
|       c_reg_293      |   12   |
|   gmem_addr_reg_321  |   32   |
|   icmp_ln24_reg_312  |    1   |
|indvar_flatten_reg_300|   22   |
|       r_reg_286      |   10   |
|   tsor_read_reg_307  |   64   |
+----------------------+--------+
|         Total        |   163  |
+----------------------+--------+

* Multiplexer (MUX) list: 
|--------------------|------|------|------|--------||---------||---------||---------|
|        Comp        |  Pin | Size |  BW  | S x BW ||  Delay  ||    FF   ||   LUT   |
|--------------------|------|------|------|--------||---------||---------||---------|
| grp_readreq_fu_101 |  p1  |   2  |  32  |   64   ||    0    ||    32   |
|--------------------|------|------|------|--------||---------||---------||---------|
|        Total       |      |      |      |   64   ||  0.421  ||    0    ||    32   |
|--------------------|------|------|------|--------||---------||---------||---------|



* Summary:
+-----------+--------+--------+--------+
|           |  Delay |   FF   |   LUT  |
+-----------+--------+--------+--------+
|  Function |    -   |    0   |   233  |
|   Memory  |    -   |    -   |    -   |
|Multiplexer|    0   |    0   |   32   |
|  Register |    -   |   163  |    -   |
+-----------+--------+--------+--------+
|   Total   |    0   |   163  |   265  |
+-----------+--------+--------+--------+
