

================================================================
== Vitis HLS Report for 'Swish'
================================================================
* Date:           Tue Sep 30 15:49:18 2025

* Version:        2025.1 (Build 6135595 on May 21 2025)
* Project:        ffn_prj
* Solution:       solution1 (Vivado IP Flow Target)
* Product family: versalhbm
* Target device:  xcv80-lsva4737-2MHP-e-S


================================================================
== Performance Estimates
================================================================
+ Timing: 
    * Summary: 
    +--------+---------+----------+------------+
    |  Clock |  Target | Estimated| Uncertainty|
    +--------+---------+----------+------------+
    |ap_clk  |  4.00 ns|  2.755 ns|     1.08 ns|
    +--------+---------+----------+------------+

+ Latency: 
    * Summary: 
    +---------+---------+-----------+-----------+------+------+------------------------------------------------+
    |  Latency (cycles) |   Latency (absolute)  |   Interval  |                    Pipeline                    |
    |   min   |   max   |    min    |    max    |  min |  max |                      Type                      |
    +---------+---------+-----------+-----------+------+------+------------------------------------------------+
    |     3119|     3119|  12.476 us|  12.476 us|  3073|  3073|  loop auto-rewind stp (delay=0 clock cycles(s))|
    +---------+---------+-----------+-----------+------+------+------------------------------------------------+

    + Detail: 
        * Instance: 
        N/A

        * Loop: 
        +-------------------+---------+---------+----------+-----------+-----------+------+----------+
        |                   |  Latency (cycles) | Iteration|  Initiation Interval  | Trip |          |
        |     Loop Name     |   min   |   max   |  Latency |  achieved |   target  | Count| Pipelined|
        +-------------------+---------+---------+----------+-----------+-----------+------+----------+
        |- VITIS_LOOP_52_1  |     3117|     3117|        47|          1|          1|  3072|       yes|
        +-------------------+---------+---------+----------+-----------+-----------+------+----------+

============================================================
+ Verbose Summary: Synthesis Manager
============================================================
InlineROM: 1
ExposeGlobal: 0
============================================================
+ Verbose Summary: CDFG Model
============================================================
IsTopModel: 0
ResetActiveHigh: 1
IsCombinational: 0
IsDatapathOnly: 0
HasWiredReturn: 1
HasMFsm: 2
HasVarLatency: 1
IsPipeline: 0
IsRtlPipelined: 0
IsInstanceOverlapped: 0
IsDontTouch: 0
HasImplIP: 0
IsGatedGlobalClock: 0

+ Individual pipeline summary: 
  * Pipeline-0: initiation interval (II) = 1, depth = 47


============================================================
+ Verbose Summary: Schedule
============================================================
* Number of FSM states : 47
* Pipeline : 1
  Pipeline-0 : II = 1, D = 47, States = { 1 2 3 4 5 6 7 8 9 10 11 12 13 14 15 16 17 18 19 20 21 22 23 24 25 26 27 28 29 30 31 32 33 34 35 36 37 38 39 40 41 42 43 44 45 46 47 }
* Dataflow Pipeline: 0

* FSM state transitions: 
1 --> 2 
2 --> 3 
3 --> 4 
4 --> 5 
5 --> 6 
6 --> 7 
7 --> 8 
8 --> 9 
9 --> 10 
10 --> 11 
11 --> 12 
12 --> 13 
13 --> 14 
14 --> 15 
15 --> 16 
16 --> 17 
17 --> 18 
18 --> 19 
19 --> 20 
20 --> 21 
21 --> 22 
22 --> 23 
23 --> 24 
24 --> 25 
25 --> 26 
26 --> 27 
27 --> 28 
28 --> 29 
29 --> 30 
30 --> 31 
31 --> 32 
32 --> 33 
33 --> 34 
34 --> 35 
35 --> 36 
36 --> 37 
37 --> 38 
38 --> 39 
39 --> 40 
40 --> 41 
41 --> 42 
42 --> 43 
43 --> 44 
44 --> 45 
45 --> 46 
46 --> 47 
47 --> 

* FSM state operations: 

State 1 <SV = 0> <Delay = 1.56>
ST_1 : Operation 50 [1/1] (0.00ns)   --->   "%i = alloca i32 1" [kernel_FFN.cpp:52]   --->   Operation 50 'alloca' 'i' <Predicate = true> <Delay = 0.00>
ST_1 : Operation 51 [1/1] (0.00ns)   --->   "%specinterface_ln0 = specinterface void @_ssdm_op_SpecInterface, i32 %z2_Silu_strm, void @empty_16, i32 0, i32 0, void @empty_12, i32 0, i32 0, void @empty_12, void @empty_12, void @empty_12, i32 0, i32 0, i32 0, i32 0, void @empty_12, void @empty_12, i32 4294967295, i32 0, i32 0"   --->   Operation 51 'specinterface' 'specinterface_ln0' <Predicate = true> <Delay = 0.00>
ST_1 : Operation 52 [1/1] (0.00ns)   --->   "%specinterface_ln0 = specinterface void @_ssdm_op_SpecInterface, i32 %z2_strm, void @empty_16, i32 0, i32 0, void @empty_12, i32 0, i32 0, void @empty_12, void @empty_12, void @empty_12, i32 0, i32 0, i32 0, i32 0, void @empty_12, void @empty_12, i32 4294967295, i32 0, i32 0"   --->   Operation 52 'specinterface' 'specinterface_ln0' <Predicate = true> <Delay = 0.00>
ST_1 : Operation 53 [1/1] (0.39ns)   --->   "%store_ln52 = store i12 0, i12 %i" [kernel_FFN.cpp:52]   --->   Operation 53 'store' 'store_ln52' <Predicate = true> <Delay = 0.39>
ST_1 : Operation 54 [1/1] (0.00ns)   --->   "%br_ln52 = br void %for.inc" [kernel_FFN.cpp:52]   --->   Operation 54 'br' 'br_ln52' <Predicate = true> <Delay = 0.00>
ST_1 : Operation 55 [1/1] (0.00ns)   --->   "%i_3 = load i12 %i" [kernel_FFN.cpp:52]   --->   Operation 55 'load' 'i_3' <Predicate = true> <Delay = 0.00>
ST_1 : Operation 56 [1/1] (0.77ns)   --->   "%i_4 = add i12 %i_3, i12 1" [kernel_FFN.cpp:52]   --->   Operation 56 'add' 'i_4' <Predicate = true> <Delay = 0.77> <CoreInst = "Adder">   --->   Core 1 'Adder' <Latency = 0> <II = 1> <Delay = 0.77> <FuncUnit> <Opcode : 'add' 'sub'> <InPorts = 2> <OutPorts = 1>
ST_1 : Operation 57 [1/1] (0.62ns)   --->   "%icmp_ln52 = icmp_eq  i12 %i_3, i12 3072" [kernel_FFN.cpp:52]   --->   Operation 57 'icmp' 'icmp_ln52' <Predicate = true> <Delay = 0.62> <CoreInst = "ICmp_EQ">   --->   Core 156 'ICmp_EQ' <Latency = 0> <II = 1> <Delay = 0.62> <FuncUnit> <Opcode : 'seteq' 'setne'> <InPorts = 2> <OutPorts = 1>
ST_1 : Operation 58 [1/1] (0.00ns)   --->   "%br_ln52 = br i1 %icmp_ln52, void %for.inc.split, void %for.end" [kernel_FFN.cpp:52]   --->   Operation 58 'br' 'br_ln52' <Predicate = true> <Delay = 0.00>
ST_1 : Operation 59 [1/1] (0.39ns)   --->   "%store_ln52 = store i12 %i_4, i12 %i" [kernel_FFN.cpp:52]   --->   Operation 59 'store' 'store_ln52' <Predicate = (!icmp_ln52)> <Delay = 0.39>

State 2 <SV = 1> <Delay = 2.17>
ST_2 : Operation 60 [1/1] (0.00ns)   --->   "%muxLogicFIFOCE_to_z2_strm_read = muxlogic"   --->   Operation 60 'muxlogic' 'muxLogicFIFOCE_to_z2_strm_read' <Predicate = true> <Delay = 0.00>
ST_2 : Operation 61 [1/1] ( I:0.98ns O:0.09ns )   --->   "%z2_strm_read = read i32 @_ssdm_op_Read.ap_fifo.volatile.i32P0A, i32 %z2_strm" [kernel_FFN.cpp:54]   --->   Operation 61 'read' 'z2_strm_read' <Predicate = true> <Delay = 0.98> <CoreInst = "FIFO">   --->   Core 81 'FIFO' <Latency = 0> <II = 1> <Delay = 0.98> <Storage> <Opcode : 'read' 'write' 'nbread' 'nbwrite'> <Ports = 0> <Width = 32> <Depth = 64> <FIFO>
ST_2 : Operation 62 [1/1] (0.00ns)   --->   "%bit_sel = bitselect i1 @_ssdm_op_BitSelect.i1.i32.i32, i32 %z2_strm_read, i32 31" [kernel_FFN.cpp:55]   --->   Operation 62 'bitselect' 'bit_sel' <Predicate = true> <Delay = 0.00>
ST_2 : Operation 63 [1/1] (0.25ns)   --->   "%xor_ln55 = xor i1 %bit_sel, i1 1" [kernel_FFN.cpp:55]   --->   Operation 63 'xor' 'xor_ln55' <Predicate = true> <Delay = 0.25> <CoreInst = "LogicGate">   --->   Core 78 'LogicGate' <Latency = 0> <II = 1> <Delay = 0.25> <FuncUnit> <Opcode : 'and' 'or' 'xor'> <InPorts = 2> <OutPorts = 1>
ST_2 : Operation 64 [1/1] (0.00ns)   --->   "%trunc_ln55 = trunc i32 %z2_strm_read" [kernel_FFN.cpp:55]   --->   Operation 64 'trunc' 'trunc_ln55' <Predicate = true> <Delay = 0.00>
ST_2 : Operation 65 [1/1] (0.00ns)   --->   "%xor_ln = bitconcatenate i32 @_ssdm_op_BitConcatenate.i32.i1.i31, i1 %xor_ln55, i31 %trunc_ln55" [kernel_FFN.cpp:55]   --->   Operation 65 'bitconcatenate' 'xor_ln' <Predicate = true> <Delay = 0.00>
ST_2 : Operation 66 [1/1] (0.00ns)   --->   "%bitcast_ln55_1 = bitcast i32 %xor_ln" [kernel_FFN.cpp:55]   --->   Operation 66 'bitcast' 'bitcast_ln55_1' <Predicate = true> <Delay = 0.00>
ST_2 : Operation 67 [1/1] (0.00ns)   --->   "%muxLogicI0_to_tmp = muxlogic i32 %bitcast_ln55_1"   --->   Operation 67 'muxlogic' 'muxLogicI0_to_tmp' <Predicate = true> <Delay = 0.00>
ST_2 : Operation 68 [9/9] (1.82ns)   --->   "%tmp = fexp i32 @llvm.exp.f32, i32 %bitcast_ln55_1" [kernel_FFN.cpp:55]   --->   Operation 68 'fexp' 'tmp' <Predicate = true> <Delay = 1.82> <CoreInst = "FExp_meddsp">   --->   Core 26 'FExp_meddsp' <Latency = 8> <II = 1> <Delay = 2.42> <FuncUnit> <Opcode : 'fexp'> <InPorts = 1> <OutPorts = 1>

State 3 <SV = 2> <Delay = 2.42>
ST_3 : Operation 69 [8/9] (2.42ns)   --->   "%tmp = fexp i32 @llvm.exp.f32, i32 %bitcast_ln55_1" [kernel_FFN.cpp:55]   --->   Operation 69 'fexp' 'tmp' <Predicate = true> <Delay = 2.42> <CoreInst = "FExp_meddsp">   --->   Core 26 'FExp_meddsp' <Latency = 8> <II = 1> <Delay = 2.42> <FuncUnit> <Opcode : 'fexp'> <InPorts = 1> <OutPorts = 1>

State 4 <SV = 3> <Delay = 2.42>
ST_4 : Operation 70 [7/9] (2.42ns)   --->   "%tmp = fexp i32 @llvm.exp.f32, i32 %bitcast_ln55_1" [kernel_FFN.cpp:55]   --->   Operation 70 'fexp' 'tmp' <Predicate = true> <Delay = 2.42> <CoreInst = "FExp_meddsp">   --->   Core 26 'FExp_meddsp' <Latency = 8> <II = 1> <Delay = 2.42> <FuncUnit> <Opcode : 'fexp'> <InPorts = 1> <OutPorts = 1>

State 5 <SV = 4> <Delay = 2.42>
ST_5 : Operation 71 [6/9] (2.42ns)   --->   "%tmp = fexp i32 @llvm.exp.f32, i32 %bitcast_ln55_1" [kernel_FFN.cpp:55]   --->   Operation 71 'fexp' 'tmp' <Predicate = true> <Delay = 2.42> <CoreInst = "FExp_meddsp">   --->   Core 26 'FExp_meddsp' <Latency = 8> <II = 1> <Delay = 2.42> <FuncUnit> <Opcode : 'fexp'> <InPorts = 1> <OutPorts = 1>

State 6 <SV = 5> <Delay = 2.42>
ST_6 : Operation 72 [5/9] (2.42ns)   --->   "%tmp = fexp i32 @llvm.exp.f32, i32 %bitcast_ln55_1" [kernel_FFN.cpp:55]   --->   Operation 72 'fexp' 'tmp' <Predicate = true> <Delay = 2.42> <CoreInst = "FExp_meddsp">   --->   Core 26 'FExp_meddsp' <Latency = 8> <II = 1> <Delay = 2.42> <FuncUnit> <Opcode : 'fexp'> <InPorts = 1> <OutPorts = 1>

State 7 <SV = 6> <Delay = 2.42>
ST_7 : Operation 73 [4/9] (2.42ns)   --->   "%tmp = fexp i32 @llvm.exp.f32, i32 %bitcast_ln55_1" [kernel_FFN.cpp:55]   --->   Operation 73 'fexp' 'tmp' <Predicate = true> <Delay = 2.42> <CoreInst = "FExp_meddsp">   --->   Core 26 'FExp_meddsp' <Latency = 8> <II = 1> <Delay = 2.42> <FuncUnit> <Opcode : 'fexp'> <InPorts = 1> <OutPorts = 1>

State 8 <SV = 7> <Delay = 2.42>
ST_8 : Operation 74 [3/9] (2.42ns)   --->   "%tmp = fexp i32 @llvm.exp.f32, i32 %bitcast_ln55_1" [kernel_FFN.cpp:55]   --->   Operation 74 'fexp' 'tmp' <Predicate = true> <Delay = 2.42> <CoreInst = "FExp_meddsp">   --->   Core 26 'FExp_meddsp' <Latency = 8> <II = 1> <Delay = 2.42> <FuncUnit> <Opcode : 'fexp'> <InPorts = 1> <OutPorts = 1>

State 9 <SV = 8> <Delay = 2.42>
ST_9 : Operation 75 [2/9] (2.42ns)   --->   "%tmp = fexp i32 @llvm.exp.f32, i32 %bitcast_ln55_1" [kernel_FFN.cpp:55]   --->   Operation 75 'fexp' 'tmp' <Predicate = true> <Delay = 2.42> <CoreInst = "FExp_meddsp">   --->   Core 26 'FExp_meddsp' <Latency = 8> <II = 1> <Delay = 2.42> <FuncUnit> <Opcode : 'fexp'> <InPorts = 1> <OutPorts = 1>

State 10 <SV = 9> <Delay = 1.37>
ST_10 : Operation 76 [1/9] (0.09ns)   --->   "%tmp = fexp i32 @llvm.exp.f32, i32 %bitcast_ln55_1" [kernel_FFN.cpp:55]   --->   Operation 76 'fexp' 'tmp' <Predicate = true> <Delay = 0.09> <CoreInst = "FExp_meddsp">   --->   Core 26 'FExp_meddsp' <Latency = 8> <II = 1> <Delay = 2.42> <FuncUnit> <Opcode : 'fexp'> <InPorts = 1> <OutPorts = 1>
ST_10 : Operation 77 [1/1] (0.46ns) (share mux size 2)   --->   "%muxLogicI0_to_conv1 = muxlogic i32 %tmp"   --->   Operation 77 'muxlogic' 'muxLogicI0_to_conv1' <Predicate = true> <Delay = 0.46>
ST_10 : Operation 78 [1/1] (0.82ns) (share mux size 2)   --->   "%conv1 = fpext i32 %tmp" [kernel_FFN.cpp:55]   --->   Operation 78 'fpext' 'conv1' <Predicate = true> <Delay = 0.82> <CoreInst = "Float2Double">   --->   Core 68 'Float2Double' <Latency = 0> <II = 1> <Delay = 0.82> <FuncUnit> <Opcode : 'fpext'> <InPorts = 1> <OutPorts = 1>

State 11 <SV = 10> <Delay = 2.52>
ST_11 : Operation 79 [1/1] (0.00ns)   --->   "%muxLogicI0_to_add = muxlogic i64 %conv1"   --->   Operation 79 'muxlogic' 'muxLogicI0_to_add' <Predicate = true> <Delay = 0.00>
ST_11 : Operation 80 [1/1] (0.00ns)   --->   "%muxLogicI1_to_add = muxlogic i64 1"   --->   Operation 80 'muxlogic' 'muxLogicI1_to_add' <Predicate = true> <Delay = 0.00>
ST_11 : Operation 81 [5/5] (2.52ns)   --->   "%add = dadd i64 %conv1, i64 1" [kernel_FFN.cpp:55]   --->   Operation 81 'dadd' 'add' <Predicate = true> <Delay = 2.52> <CoreInst = "DAddSub_nodsp">   --->   Core 40 'DAddSub_nodsp' <Latency = 4> <II = 1> <Delay = 2.52> <FuncUnit> <Opcode : 'dadd' 'dsub'> <InPorts = 2> <OutPorts = 1>

State 12 <SV = 11> <Delay = 2.52>
ST_12 : Operation 82 [4/5] (2.52ns)   --->   "%add = dadd i64 %conv1, i64 1" [kernel_FFN.cpp:55]   --->   Operation 82 'dadd' 'add' <Predicate = true> <Delay = 2.52> <CoreInst = "DAddSub_nodsp">   --->   Core 40 'DAddSub_nodsp' <Latency = 4> <II = 1> <Delay = 2.52> <FuncUnit> <Opcode : 'dadd' 'dsub'> <InPorts = 2> <OutPorts = 1>

State 13 <SV = 12> <Delay = 2.52>
ST_13 : Operation 83 [3/5] (2.52ns)   --->   "%add = dadd i64 %conv1, i64 1" [kernel_FFN.cpp:55]   --->   Operation 83 'dadd' 'add' <Predicate = true> <Delay = 2.52> <CoreInst = "DAddSub_nodsp">   --->   Core 40 'DAddSub_nodsp' <Latency = 4> <II = 1> <Delay = 2.52> <FuncUnit> <Opcode : 'dadd' 'dsub'> <InPorts = 2> <OutPorts = 1>

State 14 <SV = 13> <Delay = 2.52>
ST_14 : Operation 84 [2/5] (2.52ns)   --->   "%add = dadd i64 %conv1, i64 1" [kernel_FFN.cpp:55]   --->   Operation 84 'dadd' 'add' <Predicate = true> <Delay = 2.52> <CoreInst = "DAddSub_nodsp">   --->   Core 40 'DAddSub_nodsp' <Latency = 4> <II = 1> <Delay = 2.52> <FuncUnit> <Opcode : 'dadd' 'dsub'> <InPorts = 2> <OutPorts = 1>

State 15 <SV = 14> <Delay = 2.33>
ST_15 : Operation 85 [1/5] (0.09ns)   --->   "%add = dadd i64 %conv1, i64 1" [kernel_FFN.cpp:55]   --->   Operation 85 'dadd' 'add' <Predicate = true> <Delay = 0.09> <CoreInst = "DAddSub_nodsp">   --->   Core 40 'DAddSub_nodsp' <Latency = 4> <II = 1> <Delay = 2.52> <FuncUnit> <Opcode : 'dadd' 'dsub'> <InPorts = 2> <OutPorts = 1>
ST_15 : Operation 86 [1/1] (0.00ns)   --->   "%muxLogicI0_to_div = muxlogic i64 1"   --->   Operation 86 'muxlogic' 'muxLogicI0_to_div' <Predicate = true> <Delay = 0.00>
ST_15 : Operation 87 [1/1] (0.00ns)   --->   "%muxLogicI1_to_div = muxlogic i64 %add"   --->   Operation 87 'muxlogic' 'muxLogicI1_to_div' <Predicate = true> <Delay = 0.00>
ST_15 : Operation 88 [30/30] (2.24ns)   --->   "%div = ddiv i64 1, i64 %add" [kernel_FFN.cpp:55]   --->   Operation 88 'ddiv' 'div' <Predicate = true> <Delay = 2.24> <CoreInst = "DDiv">   --->   Core 43 'DDiv' <Latency = 29> <II = 1> <Delay = 2.75> <FuncUnit> <Opcode : 'ddiv' 'drem'> <InPorts = 2> <OutPorts = 1>

State 16 <SV = 15> <Delay = 2.75>
ST_16 : Operation 89 [29/30] (2.75ns)   --->   "%div = ddiv i64 1, i64 %add" [kernel_FFN.cpp:55]   --->   Operation 89 'ddiv' 'div' <Predicate = true> <Delay = 2.75> <CoreInst = "DDiv">   --->   Core 43 'DDiv' <Latency = 29> <II = 1> <Delay = 2.75> <FuncUnit> <Opcode : 'ddiv' 'drem'> <InPorts = 2> <OutPorts = 1>

State 17 <SV = 16> <Delay = 2.75>
ST_17 : Operation 90 [28/30] (2.75ns)   --->   "%div = ddiv i64 1, i64 %add" [kernel_FFN.cpp:55]   --->   Operation 90 'ddiv' 'div' <Predicate = true> <Delay = 2.75> <CoreInst = "DDiv">   --->   Core 43 'DDiv' <Latency = 29> <II = 1> <Delay = 2.75> <FuncUnit> <Opcode : 'ddiv' 'drem'> <InPorts = 2> <OutPorts = 1>

State 18 <SV = 17> <Delay = 2.75>
ST_18 : Operation 91 [27/30] (2.75ns)   --->   "%div = ddiv i64 1, i64 %add" [kernel_FFN.cpp:55]   --->   Operation 91 'ddiv' 'div' <Predicate = true> <Delay = 2.75> <CoreInst = "DDiv">   --->   Core 43 'DDiv' <Latency = 29> <II = 1> <Delay = 2.75> <FuncUnit> <Opcode : 'ddiv' 'drem'> <InPorts = 2> <OutPorts = 1>

State 19 <SV = 18> <Delay = 2.75>
ST_19 : Operation 92 [26/30] (2.75ns)   --->   "%div = ddiv i64 1, i64 %add" [kernel_FFN.cpp:55]   --->   Operation 92 'ddiv' 'div' <Predicate = true> <Delay = 2.75> <CoreInst = "DDiv">   --->   Core 43 'DDiv' <Latency = 29> <II = 1> <Delay = 2.75> <FuncUnit> <Opcode : 'ddiv' 'drem'> <InPorts = 2> <OutPorts = 1>

State 20 <SV = 19> <Delay = 2.75>
ST_20 : Operation 93 [25/30] (2.75ns)   --->   "%div = ddiv i64 1, i64 %add" [kernel_FFN.cpp:55]   --->   Operation 93 'ddiv' 'div' <Predicate = true> <Delay = 2.75> <CoreInst = "DDiv">   --->   Core 43 'DDiv' <Latency = 29> <II = 1> <Delay = 2.75> <FuncUnit> <Opcode : 'ddiv' 'drem'> <InPorts = 2> <OutPorts = 1>

State 21 <SV = 20> <Delay = 2.75>
ST_21 : Operation 94 [24/30] (2.75ns)   --->   "%div = ddiv i64 1, i64 %add" [kernel_FFN.cpp:55]   --->   Operation 94 'ddiv' 'div' <Predicate = true> <Delay = 2.75> <CoreInst = "DDiv">   --->   Core 43 'DDiv' <Latency = 29> <II = 1> <Delay = 2.75> <FuncUnit> <Opcode : 'ddiv' 'drem'> <InPorts = 2> <OutPorts = 1>

State 22 <SV = 21> <Delay = 2.75>
ST_22 : Operation 95 [23/30] (2.75ns)   --->   "%div = ddiv i64 1, i64 %add" [kernel_FFN.cpp:55]   --->   Operation 95 'ddiv' 'div' <Predicate = true> <Delay = 2.75> <CoreInst = "DDiv">   --->   Core 43 'DDiv' <Latency = 29> <II = 1> <Delay = 2.75> <FuncUnit> <Opcode : 'ddiv' 'drem'> <InPorts = 2> <OutPorts = 1>

State 23 <SV = 22> <Delay = 2.75>
ST_23 : Operation 96 [22/30] (2.75ns)   --->   "%div = ddiv i64 1, i64 %add" [kernel_FFN.cpp:55]   --->   Operation 96 'ddiv' 'div' <Predicate = true> <Delay = 2.75> <CoreInst = "DDiv">   --->   Core 43 'DDiv' <Latency = 29> <II = 1> <Delay = 2.75> <FuncUnit> <Opcode : 'ddiv' 'drem'> <InPorts = 2> <OutPorts = 1>

State 24 <SV = 23> <Delay = 2.75>
ST_24 : Operation 97 [21/30] (2.75ns)   --->   "%div = ddiv i64 1, i64 %add" [kernel_FFN.cpp:55]   --->   Operation 97 'ddiv' 'div' <Predicate = true> <Delay = 2.75> <CoreInst = "DDiv">   --->   Core 43 'DDiv' <Latency = 29> <II = 1> <Delay = 2.75> <FuncUnit> <Opcode : 'ddiv' 'drem'> <InPorts = 2> <OutPorts = 1>

State 25 <SV = 24> <Delay = 2.75>
ST_25 : Operation 98 [20/30] (2.75ns)   --->   "%div = ddiv i64 1, i64 %add" [kernel_FFN.cpp:55]   --->   Operation 98 'ddiv' 'div' <Predicate = true> <Delay = 2.75> <CoreInst = "DDiv">   --->   Core 43 'DDiv' <Latency = 29> <II = 1> <Delay = 2.75> <FuncUnit> <Opcode : 'ddiv' 'drem'> <InPorts = 2> <OutPorts = 1>

State 26 <SV = 25> <Delay = 2.75>
ST_26 : Operation 99 [19/30] (2.75ns)   --->   "%div = ddiv i64 1, i64 %add" [kernel_FFN.cpp:55]   --->   Operation 99 'ddiv' 'div' <Predicate = true> <Delay = 2.75> <CoreInst = "DDiv">   --->   Core 43 'DDiv' <Latency = 29> <II = 1> <Delay = 2.75> <FuncUnit> <Opcode : 'ddiv' 'drem'> <InPorts = 2> <OutPorts = 1>

State 27 <SV = 26> <Delay = 2.75>
ST_27 : Operation 100 [18/30] (2.75ns)   --->   "%div = ddiv i64 1, i64 %add" [kernel_FFN.cpp:55]   --->   Operation 100 'ddiv' 'div' <Predicate = true> <Delay = 2.75> <CoreInst = "DDiv">   --->   Core 43 'DDiv' <Latency = 29> <II = 1> <Delay = 2.75> <FuncUnit> <Opcode : 'ddiv' 'drem'> <InPorts = 2> <OutPorts = 1>

State 28 <SV = 27> <Delay = 2.75>
ST_28 : Operation 101 [17/30] (2.75ns)   --->   "%div = ddiv i64 1, i64 %add" [kernel_FFN.cpp:55]   --->   Operation 101 'ddiv' 'div' <Predicate = true> <Delay = 2.75> <CoreInst = "DDiv">   --->   Core 43 'DDiv' <Latency = 29> <II = 1> <Delay = 2.75> <FuncUnit> <Opcode : 'ddiv' 'drem'> <InPorts = 2> <OutPorts = 1>

State 29 <SV = 28> <Delay = 2.75>
ST_29 : Operation 102 [16/30] (2.75ns)   --->   "%div = ddiv i64 1, i64 %add" [kernel_FFN.cpp:55]   --->   Operation 102 'ddiv' 'div' <Predicate = true> <Delay = 2.75> <CoreInst = "DDiv">   --->   Core 43 'DDiv' <Latency = 29> <II = 1> <Delay = 2.75> <FuncUnit> <Opcode : 'ddiv' 'drem'> <InPorts = 2> <OutPorts = 1>

State 30 <SV = 29> <Delay = 2.75>
ST_30 : Operation 103 [15/30] (2.75ns)   --->   "%div = ddiv i64 1, i64 %add" [kernel_FFN.cpp:55]   --->   Operation 103 'ddiv' 'div' <Predicate = true> <Delay = 2.75> <CoreInst = "DDiv">   --->   Core 43 'DDiv' <Latency = 29> <II = 1> <Delay = 2.75> <FuncUnit> <Opcode : 'ddiv' 'drem'> <InPorts = 2> <OutPorts = 1>

State 31 <SV = 30> <Delay = 2.75>
ST_31 : Operation 104 [14/30] (2.75ns)   --->   "%div = ddiv i64 1, i64 %add" [kernel_FFN.cpp:55]   --->   Operation 104 'ddiv' 'div' <Predicate = true> <Delay = 2.75> <CoreInst = "DDiv">   --->   Core 43 'DDiv' <Latency = 29> <II = 1> <Delay = 2.75> <FuncUnit> <Opcode : 'ddiv' 'drem'> <InPorts = 2> <OutPorts = 1>

State 32 <SV = 31> <Delay = 2.75>
ST_32 : Operation 105 [13/30] (2.75ns)   --->   "%div = ddiv i64 1, i64 %add" [kernel_FFN.cpp:55]   --->   Operation 105 'ddiv' 'div' <Predicate = true> <Delay = 2.75> <CoreInst = "DDiv">   --->   Core 43 'DDiv' <Latency = 29> <II = 1> <Delay = 2.75> <FuncUnit> <Opcode : 'ddiv' 'drem'> <InPorts = 2> <OutPorts = 1>

State 33 <SV = 32> <Delay = 2.75>
ST_33 : Operation 106 [12/30] (2.75ns)   --->   "%div = ddiv i64 1, i64 %add" [kernel_FFN.cpp:55]   --->   Operation 106 'ddiv' 'div' <Predicate = true> <Delay = 2.75> <CoreInst = "DDiv">   --->   Core 43 'DDiv' <Latency = 29> <II = 1> <Delay = 2.75> <FuncUnit> <Opcode : 'ddiv' 'drem'> <InPorts = 2> <OutPorts = 1>

State 34 <SV = 33> <Delay = 2.75>
ST_34 : Operation 107 [11/30] (2.75ns)   --->   "%div = ddiv i64 1, i64 %add" [kernel_FFN.cpp:55]   --->   Operation 107 'ddiv' 'div' <Predicate = true> <Delay = 2.75> <CoreInst = "DDiv">   --->   Core 43 'DDiv' <Latency = 29> <II = 1> <Delay = 2.75> <FuncUnit> <Opcode : 'ddiv' 'drem'> <InPorts = 2> <OutPorts = 1>

State 35 <SV = 34> <Delay = 2.75>
ST_35 : Operation 108 [10/30] (2.75ns)   --->   "%div = ddiv i64 1, i64 %add" [kernel_FFN.cpp:55]   --->   Operation 108 'ddiv' 'div' <Predicate = true> <Delay = 2.75> <CoreInst = "DDiv">   --->   Core 43 'DDiv' <Latency = 29> <II = 1> <Delay = 2.75> <FuncUnit> <Opcode : 'ddiv' 'drem'> <InPorts = 2> <OutPorts = 1>

State 36 <SV = 35> <Delay = 2.75>
ST_36 : Operation 109 [9/30] (2.75ns)   --->   "%div = ddiv i64 1, i64 %add" [kernel_FFN.cpp:55]   --->   Operation 109 'ddiv' 'div' <Predicate = true> <Delay = 2.75> <CoreInst = "DDiv">   --->   Core 43 'DDiv' <Latency = 29> <II = 1> <Delay = 2.75> <FuncUnit> <Opcode : 'ddiv' 'drem'> <InPorts = 2> <OutPorts = 1>

State 37 <SV = 36> <Delay = 2.75>
ST_37 : Operation 110 [8/30] (2.75ns)   --->   "%div = ddiv i64 1, i64 %add" [kernel_FFN.cpp:55]   --->   Operation 110 'ddiv' 'div' <Predicate = true> <Delay = 2.75> <CoreInst = "DDiv">   --->   Core 43 'DDiv' <Latency = 29> <II = 1> <Delay = 2.75> <FuncUnit> <Opcode : 'ddiv' 'drem'> <InPorts = 2> <OutPorts = 1>

State 38 <SV = 37> <Delay = 2.75>
ST_38 : Operation 111 [7/30] (2.75ns)   --->   "%div = ddiv i64 1, i64 %add" [kernel_FFN.cpp:55]   --->   Operation 111 'ddiv' 'div' <Predicate = true> <Delay = 2.75> <CoreInst = "DDiv">   --->   Core 43 'DDiv' <Latency = 29> <II = 1> <Delay = 2.75> <FuncUnit> <Opcode : 'ddiv' 'drem'> <InPorts = 2> <OutPorts = 1>

State 39 <SV = 38> <Delay = 2.75>
ST_39 : Operation 112 [6/30] (2.75ns)   --->   "%div = ddiv i64 1, i64 %add" [kernel_FFN.cpp:55]   --->   Operation 112 'ddiv' 'div' <Predicate = true> <Delay = 2.75> <CoreInst = "DDiv">   --->   Core 43 'DDiv' <Latency = 29> <II = 1> <Delay = 2.75> <FuncUnit> <Opcode : 'ddiv' 'drem'> <InPorts = 2> <OutPorts = 1>

State 40 <SV = 39> <Delay = 2.75>
ST_40 : Operation 113 [5/30] (2.75ns)   --->   "%div = ddiv i64 1, i64 %add" [kernel_FFN.cpp:55]   --->   Operation 113 'ddiv' 'div' <Predicate = true> <Delay = 2.75> <CoreInst = "DDiv">   --->   Core 43 'DDiv' <Latency = 29> <II = 1> <Delay = 2.75> <FuncUnit> <Opcode : 'ddiv' 'drem'> <InPorts = 2> <OutPorts = 1>

State 41 <SV = 40> <Delay = 2.75>
ST_41 : Operation 114 [4/30] (2.75ns)   --->   "%div = ddiv i64 1, i64 %add" [kernel_FFN.cpp:55]   --->   Operation 114 'ddiv' 'div' <Predicate = true> <Delay = 2.75> <CoreInst = "DDiv">   --->   Core 43 'DDiv' <Latency = 29> <II = 1> <Delay = 2.75> <FuncUnit> <Opcode : 'ddiv' 'drem'> <InPorts = 2> <OutPorts = 1>

State 42 <SV = 41> <Delay = 2.75>
ST_42 : Operation 115 [3/30] (2.75ns)   --->   "%div = ddiv i64 1, i64 %add" [kernel_FFN.cpp:55]   --->   Operation 115 'ddiv' 'div' <Predicate = true> <Delay = 2.75> <CoreInst = "DDiv">   --->   Core 43 'DDiv' <Latency = 29> <II = 1> <Delay = 2.75> <FuncUnit> <Opcode : 'ddiv' 'drem'> <InPorts = 2> <OutPorts = 1>

State 43 <SV = 42> <Delay = 2.75>
ST_43 : Operation 116 [1/1] (0.00ns)   --->   "%vec_el = bitcast i32 %z2_strm_read" [kernel_FFN.cpp:54]   --->   Operation 116 'bitcast' 'vec_el' <Predicate = true> <Delay = 0.00>
ST_43 : Operation 117 [1/1] (0.46ns) (share mux size 2)   --->   "%muxLogicI0_to_conv = muxlogic i32 %vec_el"   --->   Operation 117 'muxlogic' 'muxLogicI0_to_conv' <Predicate = true> <Delay = 0.46>
ST_43 : Operation 118 [1/1] (0.82ns) (share mux size 2)   --->   "%conv = fpext i32 %vec_el" [kernel_FFN.cpp:55]   --->   Operation 118 'fpext' 'conv' <Predicate = true> <Delay = 0.82> <CoreInst = "Float2Double">   --->   Core 68 'Float2Double' <Latency = 0> <II = 1> <Delay = 0.82> <FuncUnit> <Opcode : 'fpext'> <InPorts = 1> <OutPorts = 1>
ST_43 : Operation 119 [2/30] (2.75ns)   --->   "%div = ddiv i64 1, i64 %add" [kernel_FFN.cpp:55]   --->   Operation 119 'ddiv' 'div' <Predicate = true> <Delay = 2.75> <CoreInst = "DDiv">   --->   Core 43 'DDiv' <Latency = 29> <II = 1> <Delay = 2.75> <FuncUnit> <Opcode : 'ddiv' 'drem'> <InPorts = 2> <OutPorts = 1>

State 44 <SV = 43> <Delay = 2.43>
ST_44 : Operation 120 [1/30] (0.09ns)   --->   "%div = ddiv i64 1, i64 %add" [kernel_FFN.cpp:55]   --->   Operation 120 'ddiv' 'div' <Predicate = true> <Delay = 0.09> <CoreInst = "DDiv">   --->   Core 43 'DDiv' <Latency = 29> <II = 1> <Delay = 2.75> <FuncUnit> <Opcode : 'ddiv' 'drem'> <InPorts = 2> <OutPorts = 1>
ST_44 : Operation 121 [1/1] (0.00ns)   --->   "%muxLogicI0_to_mul = muxlogic i64 %conv"   --->   Operation 121 'muxlogic' 'muxLogicI0_to_mul' <Predicate = true> <Delay = 0.00>
ST_44 : Operation 122 [1/1] (0.00ns)   --->   "%muxLogicI1_to_mul = muxlogic i64 %div"   --->   Operation 122 'muxlogic' 'muxLogicI1_to_mul' <Predicate = true> <Delay = 0.00>
ST_44 : Operation 123 [4/4] (2.34ns)   --->   "%mul = dmul i64 %conv, i64 %div" [kernel_FFN.cpp:55]   --->   Operation 123 'dmul' 'mul' <Predicate = true> <Delay = 2.34> <CoreInst = "DMul_meddsp">   --->   Core 51 'DMul_meddsp' <Latency = 3> <II = 1> <Delay = 2.60> <FuncUnit> <Opcode : 'dmul'> <InPorts = 2> <OutPorts = 1>

State 45 <SV = 44> <Delay = 2.60>
ST_45 : Operation 124 [3/4] (2.60ns)   --->   "%mul = dmul i64 %conv, i64 %div" [kernel_FFN.cpp:55]   --->   Operation 124 'dmul' 'mul' <Predicate = true> <Delay = 2.60> <CoreInst = "DMul_meddsp">   --->   Core 51 'DMul_meddsp' <Latency = 3> <II = 1> <Delay = 2.60> <FuncUnit> <Opcode : 'dmul'> <InPorts = 2> <OutPorts = 1>

State 46 <SV = 45> <Delay = 2.60>
ST_46 : Operation 125 [2/4] (2.60ns)   --->   "%mul = dmul i64 %conv, i64 %div" [kernel_FFN.cpp:55]   --->   Operation 125 'dmul' 'mul' <Predicate = true> <Delay = 2.60> <CoreInst = "DMul_meddsp">   --->   Core 51 'DMul_meddsp' <Latency = 3> <II = 1> <Delay = 2.60> <FuncUnit> <Opcode : 'dmul'> <InPorts = 2> <OutPorts = 1>
ST_46 : Operation 136 [1/1] (0.28ns)   --->   "%ret_ln57 = ret" [kernel_FFN.cpp:57]   --->   Operation 136 'ret' 'ret_ln57' <Predicate = (icmp_ln52)> <Delay = 0.28>

State 47 <SV = 46> <Delay = 2.57>
ST_47 : Operation 126 [1/1] (0.00ns)   --->   "%specpipeline_ln53 = specpipeline void @_ssdm_op_SpecPipeline, i32 1, i32 0, i32 0, i32 0, void @empty_12" [kernel_FFN.cpp:53]   --->   Operation 126 'specpipeline' 'specpipeline_ln53' <Predicate = true> <Delay = 0.00>
ST_47 : Operation 127 [1/1] (0.00ns)   --->   "%speclooptripcount_ln52 = speclooptripcount void @_ssdm_op_SpecLoopTripCount, i64 3072, i64 3072, i64 3072" [kernel_FFN.cpp:52]   --->   Operation 127 'speclooptripcount' 'speclooptripcount_ln52' <Predicate = true> <Delay = 0.00>
ST_47 : Operation 128 [1/1] (0.00ns)   --->   "%specloopname_ln52 = specloopname void @_ssdm_op_SpecLoopName, void @empty_19" [kernel_FFN.cpp:52]   --->   Operation 128 'specloopname' 'specloopname_ln52' <Predicate = true> <Delay = 0.00>
ST_47 : Operation 129 [1/4] (0.09ns)   --->   "%mul = dmul i64 %conv, i64 %div" [kernel_FFN.cpp:55]   --->   Operation 129 'dmul' 'mul' <Predicate = true> <Delay = 0.09> <CoreInst = "DMul_meddsp">   --->   Core 51 'DMul_meddsp' <Latency = 3> <II = 1> <Delay = 2.60> <FuncUnit> <Opcode : 'dmul'> <InPorts = 2> <OutPorts = 1>
ST_47 : Operation 130 [1/1] (0.00ns)   --->   "%muxLogicI0_to_conv2 = muxlogic i64 %mul"   --->   Operation 130 'muxlogic' 'muxLogicI0_to_conv2' <Predicate = true> <Delay = 0.00>
ST_47 : Operation 131 [1/1] (1.49ns)   --->   "%conv2 = fptrunc i64 %mul" [kernel_FFN.cpp:55]   --->   Operation 131 'fptrunc' 'conv2' <Predicate = true> <Delay = 1.49> <CoreInst = "Double2Float">   --->   Core 71 'Double2Float' <Latency = 0> <II = 1> <Delay = 1.49> <FuncUnit> <Opcode : 'fptrunc'> <InPorts = 1> <OutPorts = 1>
ST_47 : Operation 132 [1/1] (0.00ns)   --->   "%bitcast_ln55 = bitcast i32 %conv2" [kernel_FFN.cpp:55]   --->   Operation 132 'bitcast' 'bitcast_ln55' <Predicate = true> <Delay = 0.00>
ST_47 : Operation 133 [1/1] (0.00ns)   --->   "%muxLogicFIFOData_to_write_ln55 = muxlogic i32 %bitcast_ln55"   --->   Operation 133 'muxlogic' 'muxLogicFIFOData_to_write_ln55' <Predicate = true> <Delay = 0.00>
ST_47 : Operation 134 [1/1] ( I:0.98ns O:0.98ns )   --->   "%write_ln55 = write void @_ssdm_op_Write.ap_fifo.volatile.i32P0A, i32 %z2_Silu_strm, i32 %bitcast_ln55" [kernel_FFN.cpp:55]   --->   Operation 134 'write' 'write_ln55' <Predicate = true> <Delay = 0.98> <CoreInst = "FIFO">   --->   Core 81 'FIFO' <Latency = 0> <II = 1> <Delay = 0.98> <Storage> <Opcode : 'read' 'write' 'nbread' 'nbwrite'> <Ports = 0> <Width = 32> <Depth = 64> <FIFO>
ST_47 : Operation 135 [1/1] (0.00ns)   --->   "%br_ln52 = br void %for.inc" [kernel_FFN.cpp:52]   --->   Operation 135 'br' 'br_ln52' <Predicate = true> <Delay = 0.00>


============================================================
+ Verbose Summary: Timing violations
============================================================
Target clock period: 4.000ns, clock uncertainty: 1.080ns.

 <State 1>: 1.564ns
The critical path consists of the following:
	'store' operation 0 bit ('store_ln52', kernel_FFN.cpp:52) of constant 0 on local variable 'i', kernel_FFN.cpp:52 [6]  (0.393 ns)
	'load' operation 12 bit ('i', kernel_FFN.cpp:52) on local variable 'i', kernel_FFN.cpp:52 [9]  (0.000 ns)
	'add' operation 12 bit ('i', kernel_FFN.cpp:52) [10]  (0.778 ns)
	'store' operation 0 bit ('store_ln52', kernel_FFN.cpp:52) of variable 'i', kernel_FFN.cpp:52 on local variable 'i', kernel_FFN.cpp:52 [45]  (0.393 ns)

 <State 2>: 2.174ns
The critical path consists of the following:
	'muxlogic' operation 32 bit ('muxLogicFIFOCE_to_z2_strm_read') [17]  (0.000 ns)
	fifo read operation ('z2_strm_read', kernel_FFN.cpp:54) on port 'z2_strm' (kernel_FFN.cpp:54) [18]  (0.987 ns)
	'xor' operation 1 bit ('xor_ln55', kernel_FFN.cpp:55) [23]  (0.255 ns)
	'muxlogic' operation 32 bit ('muxLogicI0_to_tmp') [27]  (0.000 ns)
	'fexp' operation 32 bit ('tmp', kernel_FFN.cpp:55) [28]  (1.828 ns)

 <State 3>: 2.425ns
The critical path consists of the following:
	'fexp' operation 32 bit ('tmp', kernel_FFN.cpp:55) [28]  (2.425 ns)

 <State 4>: 2.425ns
The critical path consists of the following:
	'fexp' operation 32 bit ('tmp', kernel_FFN.cpp:55) [28]  (2.425 ns)

 <State 5>: 2.425ns
The critical path consists of the following:
	'fexp' operation 32 bit ('tmp', kernel_FFN.cpp:55) [28]  (2.425 ns)

 <State 6>: 2.425ns
The critical path consists of the following:
	'fexp' operation 32 bit ('tmp', kernel_FFN.cpp:55) [28]  (2.425 ns)

 <State 7>: 2.425ns
The critical path consists of the following:
	'fexp' operation 32 bit ('tmp', kernel_FFN.cpp:55) [28]  (2.425 ns)

 <State 8>: 2.425ns
The critical path consists of the following:
	'fexp' operation 32 bit ('tmp', kernel_FFN.cpp:55) [28]  (2.425 ns)

 <State 9>: 2.425ns
The critical path consists of the following:
	'fexp' operation 32 bit ('tmp', kernel_FFN.cpp:55) [28]  (2.425 ns)

 <State 10>: 1.379ns
The critical path consists of the following:
	'fexp' operation 32 bit ('tmp', kernel_FFN.cpp:55) [28]  (0.092 ns)
	'muxlogic' operation 64 bit ('muxLogicI0_to_conv1') [29]  (0.460 ns)
	'fpext' operation 64 bit ('conv1', kernel_FFN.cpp:55) [30]  (0.827 ns)

 <State 11>: 2.522ns
The critical path consists of the following:
	'muxlogic' operation 64 bit ('muxLogicI0_to_add') [31]  (0.000 ns)
	'dadd' operation 64 bit ('add', kernel_FFN.cpp:55) [33]  (2.522 ns)

 <State 12>: 2.522ns
The critical path consists of the following:
	'dadd' operation 64 bit ('add', kernel_FFN.cpp:55) [33]  (2.522 ns)

 <State 13>: 2.522ns
The critical path consists of the following:
	'dadd' operation 64 bit ('add', kernel_FFN.cpp:55) [33]  (2.522 ns)

 <State 14>: 2.522ns
The critical path consists of the following:
	'dadd' operation 64 bit ('add', kernel_FFN.cpp:55) [33]  (2.522 ns)

 <State 15>: 2.335ns
The critical path consists of the following:
	'dadd' operation 64 bit ('add', kernel_FFN.cpp:55) [33]  (0.091 ns)
	'muxlogic' operation 64 bit ('muxLogicI1_to_div') [35]  (0.000 ns)
	'ddiv' operation 64 bit ('div', kernel_FFN.cpp:55) [36]  (2.244 ns)

 <State 16>: 2.755ns
The critical path consists of the following:
	'ddiv' operation 64 bit ('div', kernel_FFN.cpp:55) [36]  (2.755 ns)

 <State 17>: 2.755ns
The critical path consists of the following:
	'ddiv' operation 64 bit ('div', kernel_FFN.cpp:55) [36]  (2.755 ns)

 <State 18>: 2.755ns
The critical path consists of the following:
	'ddiv' operation 64 bit ('div', kernel_FFN.cpp:55) [36]  (2.755 ns)

 <State 19>: 2.755ns
The critical path consists of the following:
	'ddiv' operation 64 bit ('div', kernel_FFN.cpp:55) [36]  (2.755 ns)

 <State 20>: 2.755ns
The critical path consists of the following:
	'ddiv' operation 64 bit ('div', kernel_FFN.cpp:55) [36]  (2.755 ns)

 <State 21>: 2.755ns
The critical path consists of the following:
	'ddiv' operation 64 bit ('div', kernel_FFN.cpp:55) [36]  (2.755 ns)

 <State 22>: 2.755ns
The critical path consists of the following:
	'ddiv' operation 64 bit ('div', kernel_FFN.cpp:55) [36]  (2.755 ns)

 <State 23>: 2.755ns
The critical path consists of the following:
	'ddiv' operation 64 bit ('div', kernel_FFN.cpp:55) [36]  (2.755 ns)

 <State 24>: 2.755ns
The critical path consists of the following:
	'ddiv' operation 64 bit ('div', kernel_FFN.cpp:55) [36]  (2.755 ns)

 <State 25>: 2.755ns
The critical path consists of the following:
	'ddiv' operation 64 bit ('div', kernel_FFN.cpp:55) [36]  (2.755 ns)

 <State 26>: 2.755ns
The critical path consists of the following:
	'ddiv' operation 64 bit ('div', kernel_FFN.cpp:55) [36]  (2.755 ns)

 <State 27>: 2.755ns
The critical path consists of the following:
	'ddiv' operation 64 bit ('div', kernel_FFN.cpp:55) [36]  (2.755 ns)

 <State 28>: 2.755ns
The critical path consists of the following:
	'ddiv' operation 64 bit ('div', kernel_FFN.cpp:55) [36]  (2.755 ns)

 <State 29>: 2.755ns
The critical path consists of the following:
	'ddiv' operation 64 bit ('div', kernel_FFN.cpp:55) [36]  (2.755 ns)

 <State 30>: 2.755ns
The critical path consists of the following:
	'ddiv' operation 64 bit ('div', kernel_FFN.cpp:55) [36]  (2.755 ns)

 <State 31>: 2.755ns
The critical path consists of the following:
	'ddiv' operation 64 bit ('div', kernel_FFN.cpp:55) [36]  (2.755 ns)

 <State 32>: 2.755ns
The critical path consists of the following:
	'ddiv' operation 64 bit ('div', kernel_FFN.cpp:55) [36]  (2.755 ns)

 <State 33>: 2.755ns
The critical path consists of the following:
	'ddiv' operation 64 bit ('div', kernel_FFN.cpp:55) [36]  (2.755 ns)

 <State 34>: 2.755ns
The critical path consists of the following:
	'ddiv' operation 64 bit ('div', kernel_FFN.cpp:55) [36]  (2.755 ns)

 <State 35>: 2.755ns
The critical path consists of the following:
	'ddiv' operation 64 bit ('div', kernel_FFN.cpp:55) [36]  (2.755 ns)

 <State 36>: 2.755ns
The critical path consists of the following:
	'ddiv' operation 64 bit ('div', kernel_FFN.cpp:55) [36]  (2.755 ns)

 <State 37>: 2.755ns
The critical path consists of the following:
	'ddiv' operation 64 bit ('div', kernel_FFN.cpp:55) [36]  (2.755 ns)

 <State 38>: 2.755ns
The critical path consists of the following:
	'ddiv' operation 64 bit ('div', kernel_FFN.cpp:55) [36]  (2.755 ns)

 <State 39>: 2.755ns
The critical path consists of the following:
	'ddiv' operation 64 bit ('div', kernel_FFN.cpp:55) [36]  (2.755 ns)

 <State 40>: 2.755ns
The critical path consists of the following:
	'ddiv' operation 64 bit ('div', kernel_FFN.cpp:55) [36]  (2.755 ns)

 <State 41>: 2.755ns
The critical path consists of the following:
	'ddiv' operation 64 bit ('div', kernel_FFN.cpp:55) [36]  (2.755 ns)

 <State 42>: 2.755ns
The critical path consists of the following:
	'ddiv' operation 64 bit ('div', kernel_FFN.cpp:55) [36]  (2.755 ns)

 <State 43>: 2.755ns
The critical path consists of the following:
	'ddiv' operation 64 bit ('div', kernel_FFN.cpp:55) [36]  (2.755 ns)

 <State 44>: 2.437ns
The critical path consists of the following:
	'ddiv' operation 64 bit ('div', kernel_FFN.cpp:55) [36]  (0.091 ns)
	'muxlogic' operation 64 bit ('muxLogicI1_to_mul') [38]  (0.000 ns)
	'dmul' operation 64 bit ('mul', kernel_FFN.cpp:55) [39]  (2.346 ns)

 <State 45>: 2.609ns
The critical path consists of the following:
	'dmul' operation 64 bit ('mul', kernel_FFN.cpp:55) [39]  (2.609 ns)

 <State 46>: 2.609ns
The critical path consists of the following:
	'dmul' operation 64 bit ('mul', kernel_FFN.cpp:55) [39]  (2.609 ns)

 <State 47>: 2.577ns
The critical path consists of the following:
	'dmul' operation 64 bit ('mul', kernel_FFN.cpp:55) [39]  (0.091 ns)
	'muxlogic' operation 32 bit ('muxLogicI0_to_conv2') [40]  (0.000 ns)
	'fptrunc' operation 32 bit ('conv2', kernel_FFN.cpp:55) [41]  (1.499 ns)
	'muxlogic' operation 0 bit ('muxLogicFIFOData_to_write_ln55') [43]  (0.000 ns)
	fifo write operation ('write_ln55', kernel_FFN.cpp:55) on port 'z2_Silu_strm' (kernel_FFN.cpp:55) [44]  (0.987 ns)


============================================================
+ Verbose Summary: Binding
============================================================
N/A
* FSMD analyzer results:
  - Output states:
 - Input state : 
  - Chain level:
	State 1
	State 2
	State 3
	State 4
	State 5
	State 6
	State 7
	State 8
	State 9
	State 10
	State 11
	State 12
	State 13
	State 14
	State 15
	State 16
	State 17
	State 18
	State 19
	State 20
	State 21
	State 22
	State 23
	State 24
	State 25
	State 26
	State 27
	State 28
	State 29
	State 30
	State 31
	State 32
	State 33
	State 34
	State 35
	State 36
	State 37
	State 38
	State 39
	State 40
	State 41
	State 42
	State 43
	State 44
	State 45
	State 46
	State 47


============================================================
+ Verbose Summary: Datapath Resource usage 
============================================================
N/A
