

================================================================
== Vitis HLS Report for 'FFN_1_Block_entry_x_strm_wr_x_strm_rd_W_strm_wr_W_strm_rd_proc'
================================================================
* Date:           Thu Oct  2 22:23:44 2025

* Version:        2025.1 (Build 6135595 on May 21 2025)
* Project:        llama_layer_prj
* Solution:       solution1 (Vivado IP Flow Target)
* Product family: versalhbm
* Target device:  xcv80-lsva4737-2MHP-e-S


================================================================
== Performance Estimates
================================================================
+ Timing: 
    * Summary: 
    +--------+---------+----------+------------+
    |  Clock |  Target | Estimated| Uncertainty|
    +--------+---------+----------+------------+
    |ap_clk  |  4.00 ns|  3.516 ns|     1.08 ns|
    +--------+---------+----------+------------+

+ Latency: 
    * Summary: 
    +----------+----------+-----------+-----------+----------+----------+---------+
    |   Latency (cycles)  |   Latency (absolute)  |       Interval      | Pipeline|
    |    min   |    max   |    min    |    max    |    min   |    max   |   Type  |
    +----------+----------+-----------+-----------+----------+----------+---------+
    |  21241426|  21241426|  84.966 ms|  84.966 ms|  21241426|  21241426|       no|
    +----------+----------+-----------+-----------+----------+----------+---------+

    + Detail: 
        * Instance: 
        +----------------------------------+-----------------------+---------+---------+-----------+-----------+---------+---------+------------------------------------------------+
        |                                  |                       |  Latency (cycles) |   Latency (absolute)  |      Interval     |                    Pipeline                    |
        |             Instance             |         Module        |   min   |   max   |    min    |    max    |   min   |   max   |                      Type                      |
        +----------------------------------+-----------------------+---------+---------+-----------+-----------+---------+---------+------------------------------------------------+
        |grp_push_tensor1d_fu_136          |push_tensor1d          |      770|      770|   3.080 us|   3.080 us|      769|      769|  loop auto-rewind stp (delay=0 clock cycles(s))|
        |grp_push_tensor2d_bycol_fu_157    |push_tensor2d_bycol    |  2359310|  2359310|   9.437 ms|   9.437 ms|  2359297|  2359297|  loop auto-rewind stp (delay=0 clock cycles(s))|
        |grp_Multiply_VecMat_fu_166        |Multiply_VecMat        |  4719368|  4719368|  18.877 ms|  18.877 ms|  4719368|  4719368|                                              no|
        |grp_push_tensor1d_2_fu_173        |push_tensor1d_2        |      770|      770|   3.080 us|   3.080 us|      769|      769|  loop auto-rewind stp (delay=0 clock cycles(s))|
        |grp_push_tensor2d_bycol_3_fu_194  |push_tensor2d_bycol_3  |  2359310|  2359310|   9.437 ms|   9.437 ms|  2359297|  2359297|  loop auto-rewind stp (delay=0 clock cycles(s))|
        |grp_Multiply_VecMat_4_fu_203      |Multiply_VecMat_4      |  4719368|  4719368|  18.877 ms|  18.877 ms|  4719368|  4719368|                                              no|
        |grp_Swish_fu_210                  |Swish                  |     3119|     3119|  12.476 us|  12.476 us|     3073|     3073|  loop auto-rewind stp (delay=0 clock cycles(s))|
        |grp_push_tensor2d_bycol_5_fu_216  |push_tensor2d_bycol_5  |  2359310|  2359310|   9.437 ms|   9.437 ms|  2359297|  2359297|  loop auto-rewind stp (delay=0 clock cycles(s))|
        |grp_Multiply_Vec_fu_225           |Multiply_Vec           |     3075|     3075|  12.300 us|  12.300 us|     3073|     3073|  loop auto-rewind stp (delay=0 clock cycles(s))|
        |grp_Multiply_VecMat_6_fu_232      |Multiply_VecMat_6      |  4721672|  4721672|  18.887 ms|  18.887 ms|  4721672|  4721672|                                              no|
        +----------------------------------+-----------------------+---------+---------+-----------+-----------+---------+---------+------------------------------------------------+

        * Loop: 
        N/A



================================================================
== Utilization Estimates
================================================================
* Summary: 
+---------------------+---------+-------+---------+---------+------+
|         Name        | BRAM_18K|  DSP  |    FF   |   LUT   | URAM |
+---------------------+---------+-------+---------+---------+------+
|DSP                  |        -|      -|        -|        -|     -|
|Expression           |        -|      -|        0|        8|     -|
|FIFO                 |        0|      -|      366|      492|     -|
|Instance             |        0|      9|     2102|     4348|     3|
|Memory               |        -|      -|        -|        -|     -|
|Multiplexer          |        -|      -|        0|      474|     -|
|Register             |        -|      -|      379|        -|     -|
+---------------------+---------+-------+---------+---------+------+
|Total                |        0|      9|     2847|     5322|     3|
+---------------------+---------+-------+---------+---------+------+
|Available SLR        |     2494|   3616|  1716138|   858069|   641|
+---------------------+---------+-------+---------+---------+------+
|Utilization SLR (%)  |        0|     ~0|       ~0|       ~0|    ~0|
+---------------------+---------+-------+---------+---------+------+
|Available            |     7482|  10848|  5148416|  2574208|  1925|
+---------------------+---------+-------+---------+---------+------+
|Utilization (%)      |        0|     ~0|       ~0|       ~0|    ~0|
+---------------------+---------+-------+---------+---------+------+

+ Detail: 
    * Instance: 
    +------------------------------------------------------+------------------------------------------------+---------+----+------+------+-----+
    |                       Instance                       |                     Module                     | BRAM_18K| DSP|  FF  |  LUT | URAM|
    +------------------------------------------------------+------------------------------------------------+---------+----+------+------+-----+
    |grp_Multiply_Vec_fu_225                               |Multiply_Vec                                    |        0|   1|    49|    60|    0|
    |grp_Multiply_VecMat_fu_166                            |Multiply_VecMat                                 |        0|   0|   102|   337|    1|
    |grp_Multiply_VecMat_4_fu_203                          |Multiply_VecMat_4                               |        0|   0|   102|   337|    1|
    |grp_Multiply_VecMat_6_fu_232                          |Multiply_VecMat_6                               |        0|   0|   111|   300|    1|
    |grp_Swish_fu_210                                      |Swish                                           |        0|   7|  1039|  2081|    0|
    |fmadd_32ns_32ns_32ns_32ns_32_2_primitive_dsp_1_U1500  |fmadd_32ns_32ns_32ns_32ns_32_2_primitive_dsp_1  |        0|   1|     1|     1|    0|
    |grp_push_tensor1d_fu_136                              |push_tensor1d                                   |        0|   0|    16|   149|    0|
    |grp_push_tensor1d_2_fu_173                            |push_tensor1d_2                                 |        0|   0|    16|   149|    0|
    |grp_push_tensor2d_bycol_fu_157                        |push_tensor2d_bycol                             |        0|   0|   222|   311|    0|
    |grp_push_tensor2d_bycol_3_fu_194                      |push_tensor2d_bycol_3                           |        0|   0|   222|   311|    0|
    |grp_push_tensor2d_bycol_5_fu_216                      |push_tensor2d_bycol_5                           |        0|   0|   222|   312|    0|
    +------------------------------------------------------+------------------------------------------------+---------+----+------+------+-----+
    |Total                                                 |                                                |        0|   9|  2102|  4348|    3|
    +------------------------------------------------------+------------------------------------------------+---------+----+------+------+-----+

    * DSP: 
    N/A

    * Memory: 
    N/A

    * FIFO: 
    +---------------------+---------+----+----+-----+------+-----+---------+
    |         Name        | BRAM_18K| FF | LUT| URAM| Depth| Bits| Size:D*B|
    +---------------------+---------+----+----+-----+------+-----+---------+
    |W_strm_fifo_U        |        0|  61|   0|    -|    64|   32|     2048|
    |x_strm_fifo_U        |        0|  61|   0|    -|    64|   32|     2048|
    |z1_strm_fifo_U       |        0|  61|   0|    -|    64|   32|     2048|
    |z2_Silu_strm_fifo_U  |        0|  61|   0|    -|    64|   32|     2048|
    |z2_strm_fifo_U       |        0|  61|   0|    -|    64|   32|     2048|
    |z3_strm_fifo_U       |        0|  61|   0|    -|    64|   32|     2048|
    +---------------------+---------+----+----+-----+------+-----+---------+
    |Total                |        0| 366|   0|    0|   384|  192|    12288|
    +---------------------+---------+----+----+-----+------+-----+---------+

    * Expression: 
    +----------------------------------+----------+----+---+----+------------+------------+
    |           Variable Name          | Operation| DSP| FF| LUT| Bitwidth P0| Bitwidth P1|
    +----------------------------------+----------+----+---+----+------------+------------+
    |ap_block_state1                   |        or|   0|  0|   2|           1|           1|
    |ap_block_state10_on_subcall_done  |        or|   0|  0|   2|           1|           1|
    |ap_block_state2_on_subcall_done   |        or|   0|  0|   2|           1|           1|
    |ap_block_state6_on_subcall_done   |        or|   0|  0|   2|           1|           1|
    +----------------------------------+----------+----+---+----+------------+------------+
    |Total                             |          |   0|  0|   8|           4|           4|
    +----------------------------------+----------+----+---+----+------------+------------+

    * Multiplexer: 
    +------------------------+----+-----------+-----+-----------+
    |          Name          | LUT| Input Size| Bits| Total Bits|
    +------------------------+----+-----------+-----+-----------+
    |W_strm_din              |  32|          3|   32|         96|
    |W_strm_read             |   1|          4|    1|          4|
    |W_strm_write            |   1|          4|    1|          4|
    |ap_NS_fsm               |   5|         15|    1|         15|
    |ap_done                 |   1|          2|    1|          2|
    |ffn_input_44_address0   |   8|          3|    7|         21|
    |ffn_input_44_ce0        |   1|          3|    1|          3|
    |ffn_input_45_address0   |   8|          3|    7|         21|
    |ffn_input_45_ce0        |   1|          3|    1|          3|
    |ffn_input_46_address0   |   8|          3|    7|         21|
    |ffn_input_46_ce0        |   1|          3|    1|          3|
    |ffn_input_47_address0   |   8|          3|    7|         21|
    |ffn_input_47_ce0        |   1|          3|    1|          3|
    |ffn_input_48_address0   |   8|          3|    7|         21|
    |ffn_input_48_ce0        |   1|          3|    1|          3|
    |ffn_input_49_address0   |   8|          3|    7|         21|
    |ffn_input_49_ce0        |   1|          3|    1|          3|
    |ffn_input_50_address0   |   8|          3|    7|         21|
    |ffn_input_50_ce0        |   1|          3|    1|          3|
    |ffn_input_address0      |   8|          3|    7|         21|
    |ffn_input_ce0           |   1|          3|    1|          3|
    |grp_fu_297_ce           |   3|          5|    1|          5|
    |grp_fu_297_p0           |  32|          3|   32|         96|
    |grp_fu_297_p1           |  32|          3|   32|         96|
    |grp_fu_297_p2           |  32|          3|   32|         96|
    |grp_fu_297_p3           |  32|          3|   32|         96|
    |grp_fu_297_p4           |  32|          2|   32|         64|
    |m_axi_gmem2_0_ARADDR    |  64|          4|   64|        256|
    |m_axi_gmem2_0_ARBURST   |   8|          4|    2|          8|
    |m_axi_gmem2_0_ARCACHE   |   8|          4|    4|         16|
    |m_axi_gmem2_0_ARID      |   1|          4|    1|          4|
    |m_axi_gmem2_0_ARLEN     |  32|          4|   32|        128|
    |m_axi_gmem2_0_ARLOCK    |   8|          4|    2|          8|
    |m_axi_gmem2_0_ARPROT    |   8|          4|    3|         12|
    |m_axi_gmem2_0_ARQOS     |   8|          4|    4|         16|
    |m_axi_gmem2_0_ARREGION  |   8|          4|    4|         16|
    |m_axi_gmem2_0_ARSIZE    |   8|          4|    3|         12|
    |m_axi_gmem2_0_ARUSER    |   1|          4|    1|          4|
    |m_axi_gmem2_0_ARVALID   |   1|          4|    1|          4|
    |m_axi_gmem2_0_RREADY    |   1|          4|    1|          4|
    |real_start              |   1|          2|    1|          2|
    |x_strm_din              |  32|          2|   32|         64|
    |x_strm_read             |   1|          3|    1|          3|
    |x_strm_write            |   1|          3|    1|          3|
    |z1_strm_read            |   1|          2|    1|          2|
    |z1_strm_write           |   1|          2|    1|          2|
    |z2_Silu_strm_read       |   1|          2|    1|          2|
    |z2_Silu_strm_write      |   1|          2|    1|          2|
    |z2_strm_read            |   1|          2|    1|          2|
    |z2_strm_write           |   1|          2|    1|          2|
    |z3_strm_read            |   1|          2|    1|          2|
    |z3_strm_write           |   1|          2|    1|          2|
    +------------------------+----+-----------+-----+-----------+
    |Total                   | 474|        173|  426|       1342|
    +------------------------+----+-----------+-----+-----------+

    * Register: 
    +-----------------------------------------------+----+----+-----+-----------+
    |                      Name                     | FF | LUT| Bits| Const Bits|
    +-----------------------------------------------+----+----+-----+-----------+
    |W1_vec_read_reg_240                            |  64|   0|   64|          0|
    |W2_vec_read_reg_287                            |  64|   0|   64|          0|
    |W3_vec_read_reg_292                            |  64|   0|   64|          0|
    |ap_CS_fsm                                      |  14|   0|   14|          0|
    |ap_done_reg                                    |   1|   0|    1|          0|
    |grp_Multiply_VecMat_4_fu_203_ap_start_reg      |   1|   0|    1|          0|
    |grp_Multiply_VecMat_6_fu_232_ap_start_reg      |   1|   0|    1|          0|
    |grp_Multiply_VecMat_fu_166_ap_start_reg        |   1|   0|    1|          0|
    |grp_Multiply_Vec_fu_225_ap_start_reg           |   1|   0|    1|          0|
    |grp_Swish_fu_210_ap_start_reg                  |   1|   0|    1|          0|
    |grp_fu_297_ce                                  |   1|   0|    1|          0|
    |grp_fu_297_p0                                  |  32|   0|   32|          0|
    |grp_fu_297_p1                                  |  32|   0|   32|          0|
    |grp_fu_297_p2                                  |  32|   0|   32|          0|
    |grp_fu_297_p3                                  |  32|   0|   32|          0|
    |grp_push_tensor1d_2_fu_173_ap_start_reg        |   1|   0|    1|          0|
    |grp_push_tensor1d_fu_136_ap_start_reg          |   1|   0|    1|          0|
    |grp_push_tensor2d_bycol_3_fu_194_ap_start_reg  |   1|   0|    1|          0|
    |grp_push_tensor2d_bycol_5_fu_216_ap_start_reg  |   1|   0|    1|          0|
    |grp_push_tensor2d_bycol_fu_157_ap_start_reg    |   1|   0|    1|          0|
    |pre_grp_fu_297_p4_reg                          |  32|   0|   32|          0|
    |start_once_reg                                 |   1|   0|    1|          0|
    +-----------------------------------------------+----+----+-----+-----------+
    |Total                                          | 379|   0|  379|          0|
    +-----------------------------------------------+----+----+-----+-----------+



================================================================
== Interface
================================================================
* Summary: 
+-------------------------+-----+-----+------------+----------------------------------------------------------------+--------------+
|        RTL Ports        | Dir | Bits|  Protocol  |                          Source Object                         |    C Type    |
+-------------------------+-----+-----+------------+----------------------------------------------------------------+--------------+
|ap_clk                   |   in|    1|  ap_ctrl_hs|  FFN.1_Block_entry_x_strm_wr_x_strm_rd_W_strm_wr_W_strm_rd_proc|  return value|
|ap_rst                   |   in|    1|  ap_ctrl_hs|  FFN.1_Block_entry_x_strm_wr_x_strm_rd_W_strm_wr_W_strm_rd_proc|  return value|
|ap_start                 |   in|    1|  ap_ctrl_hs|  FFN.1_Block_entry_x_strm_wr_x_strm_rd_W_strm_wr_W_strm_rd_proc|  return value|
|start_full_n             |   in|    1|  ap_ctrl_hs|  FFN.1_Block_entry_x_strm_wr_x_strm_rd_W_strm_wr_W_strm_rd_proc|  return value|
|ap_done                  |  out|    1|  ap_ctrl_hs|  FFN.1_Block_entry_x_strm_wr_x_strm_rd_W_strm_wr_W_strm_rd_proc|  return value|
|ap_continue              |   in|    1|  ap_ctrl_hs|  FFN.1_Block_entry_x_strm_wr_x_strm_rd_W_strm_wr_W_strm_rd_proc|  return value|
|ap_idle                  |  out|    1|  ap_ctrl_hs|  FFN.1_Block_entry_x_strm_wr_x_strm_rd_W_strm_wr_W_strm_rd_proc|  return value|
|ap_ready                 |  out|    1|  ap_ctrl_hs|  FFN.1_Block_entry_x_strm_wr_x_strm_rd_W_strm_wr_W_strm_rd_proc|  return value|
|start_out                |  out|    1|  ap_ctrl_hs|  FFN.1_Block_entry_x_strm_wr_x_strm_rd_W_strm_wr_W_strm_rd_proc|  return value|
|start_write              |  out|    1|  ap_ctrl_hs|  FFN.1_Block_entry_x_strm_wr_x_strm_rd_W_strm_wr_W_strm_rd_proc|  return value|
|m_axi_gmem2_0_AWVALID    |  out|    1|       m_axi|                                                           gmem2|       pointer|
|m_axi_gmem2_0_AWREADY    |   in|    1|       m_axi|                                                           gmem2|       pointer|
|m_axi_gmem2_0_AWADDR     |  out|   64|       m_axi|                                                           gmem2|       pointer|
|m_axi_gmem2_0_AWID       |  out|    1|       m_axi|                                                           gmem2|       pointer|
|m_axi_gmem2_0_AWLEN      |  out|   32|       m_axi|                                                           gmem2|       pointer|
|m_axi_gmem2_0_AWSIZE     |  out|    3|       m_axi|                                                           gmem2|       pointer|
|m_axi_gmem2_0_AWBURST    |  out|    2|       m_axi|                                                           gmem2|       pointer|
|m_axi_gmem2_0_AWLOCK     |  out|    2|       m_axi|                                                           gmem2|       pointer|
|m_axi_gmem2_0_AWCACHE    |  out|    4|       m_axi|                                                           gmem2|       pointer|
|m_axi_gmem2_0_AWPROT     |  out|    3|       m_axi|                                                           gmem2|       pointer|
|m_axi_gmem2_0_AWQOS      |  out|    4|       m_axi|                                                           gmem2|       pointer|
|m_axi_gmem2_0_AWREGION   |  out|    4|       m_axi|                                                           gmem2|       pointer|
|m_axi_gmem2_0_AWUSER     |  out|    1|       m_axi|                                                           gmem2|       pointer|
|m_axi_gmem2_0_WVALID     |  out|    1|       m_axi|                                                           gmem2|       pointer|
|m_axi_gmem2_0_WREADY     |   in|    1|       m_axi|                                                           gmem2|       pointer|
|m_axi_gmem2_0_WDATA      |  out|   32|       m_axi|                                                           gmem2|       pointer|
|m_axi_gmem2_0_WSTRB      |  out|    4|       m_axi|                                                           gmem2|       pointer|
|m_axi_gmem2_0_WLAST      |  out|    1|       m_axi|                                                           gmem2|       pointer|
|m_axi_gmem2_0_WID        |  out|    1|       m_axi|                                                           gmem2|       pointer|
|m_axi_gmem2_0_WUSER      |  out|    1|       m_axi|                                                           gmem2|       pointer|
|m_axi_gmem2_0_ARVALID    |  out|    1|       m_axi|                                                           gmem2|       pointer|
|m_axi_gmem2_0_ARREADY    |   in|    1|       m_axi|                                                           gmem2|       pointer|
|m_axi_gmem2_0_ARADDR     |  out|   64|       m_axi|                                                           gmem2|       pointer|
|m_axi_gmem2_0_ARID       |  out|    1|       m_axi|                                                           gmem2|       pointer|
|m_axi_gmem2_0_ARLEN      |  out|   32|       m_axi|                                                           gmem2|       pointer|
|m_axi_gmem2_0_ARSIZE     |  out|    3|       m_axi|                                                           gmem2|       pointer|
|m_axi_gmem2_0_ARBURST    |  out|    2|       m_axi|                                                           gmem2|       pointer|
|m_axi_gmem2_0_ARLOCK     |  out|    2|       m_axi|                                                           gmem2|       pointer|
|m_axi_gmem2_0_ARCACHE    |  out|    4|       m_axi|                                                           gmem2|       pointer|
|m_axi_gmem2_0_ARPROT     |  out|    3|       m_axi|                                                           gmem2|       pointer|
|m_axi_gmem2_0_ARQOS      |  out|    4|       m_axi|                                                           gmem2|       pointer|
|m_axi_gmem2_0_ARREGION   |  out|    4|       m_axi|                                                           gmem2|       pointer|
|m_axi_gmem2_0_ARUSER     |  out|    1|       m_axi|                                                           gmem2|       pointer|
|m_axi_gmem2_0_RVALID     |   in|    1|       m_axi|                                                           gmem2|       pointer|
|m_axi_gmem2_0_RREADY     |  out|    1|       m_axi|                                                           gmem2|       pointer|
|m_axi_gmem2_0_RDATA      |   in|   32|       m_axi|                                                           gmem2|       pointer|
|m_axi_gmem2_0_RLAST      |   in|    1|       m_axi|                                                           gmem2|       pointer|
|m_axi_gmem2_0_RID        |   in|    1|       m_axi|                                                           gmem2|       pointer|
|m_axi_gmem2_0_RFIFONUM   |   in|   13|       m_axi|                                                           gmem2|       pointer|
|m_axi_gmem2_0_RUSER      |   in|    1|       m_axi|                                                           gmem2|       pointer|
|m_axi_gmem2_0_RRESP      |   in|    2|       m_axi|                                                           gmem2|       pointer|
|m_axi_gmem2_0_BVALID     |   in|    1|       m_axi|                                                           gmem2|       pointer|
|m_axi_gmem2_0_BREADY     |  out|    1|       m_axi|                                                           gmem2|       pointer|
|m_axi_gmem2_0_BRESP      |   in|    2|       m_axi|                                                           gmem2|       pointer|
|m_axi_gmem2_0_BID        |   in|    1|       m_axi|                                                           gmem2|       pointer|
|m_axi_gmem2_0_BUSER      |   in|    1|       m_axi|                                                           gmem2|       pointer|
|W1_vec                   |   in|   64|   ap_stable|                                                          W1_vec|        scalar|
|W2_vec                   |   in|   64|   ap_stable|                                                          W2_vec|        scalar|
|W3_vec                   |   in|   64|   ap_stable|                                                          W3_vec|        scalar|
|res_strm_din             |  out|   32|     ap_fifo|                                                        res_strm|       pointer|
|res_strm_full_n          |   in|    1|     ap_fifo|                                                        res_strm|       pointer|
|res_strm_write           |  out|    1|     ap_fifo|                                                        res_strm|       pointer|
|res_strm_num_data_valid  |   in|    7|     ap_fifo|                                                        res_strm|       pointer|
|res_strm_fifo_cap        |   in|    7|     ap_fifo|                                                        res_strm|       pointer|
|ffn_input_address0       |  out|    7|   ap_memory|                                                       ffn_input|         array|
|ffn_input_ce0            |  out|    1|   ap_memory|                                                       ffn_input|         array|
|ffn_input_q0             |   in|   32|   ap_memory|                                                       ffn_input|         array|
|ffn_input_44_address0    |  out|    7|   ap_memory|                                                    ffn_input_44|         array|
|ffn_input_44_ce0         |  out|    1|   ap_memory|                                                    ffn_input_44|         array|
|ffn_input_44_q0          |   in|   32|   ap_memory|                                                    ffn_input_44|         array|
|ffn_input_45_address0    |  out|    7|   ap_memory|                                                    ffn_input_45|         array|
|ffn_input_45_ce0         |  out|    1|   ap_memory|                                                    ffn_input_45|         array|
|ffn_input_45_q0          |   in|   32|   ap_memory|                                                    ffn_input_45|         array|
|ffn_input_46_address0    |  out|    7|   ap_memory|                                                    ffn_input_46|         array|
|ffn_input_46_ce0         |  out|    1|   ap_memory|                                                    ffn_input_46|         array|
|ffn_input_46_q0          |   in|   32|   ap_memory|                                                    ffn_input_46|         array|
|ffn_input_47_address0    |  out|    7|   ap_memory|                                                    ffn_input_47|         array|
|ffn_input_47_ce0         |  out|    1|   ap_memory|                                                    ffn_input_47|         array|
|ffn_input_47_q0          |   in|   32|   ap_memory|                                                    ffn_input_47|         array|
|ffn_input_48_address0    |  out|    7|   ap_memory|                                                    ffn_input_48|         array|
|ffn_input_48_ce0         |  out|    1|   ap_memory|                                                    ffn_input_48|         array|
|ffn_input_48_q0          |   in|   32|   ap_memory|                                                    ffn_input_48|         array|
|ffn_input_49_address0    |  out|    7|   ap_memory|                                                    ffn_input_49|         array|
|ffn_input_49_ce0         |  out|    1|   ap_memory|                                                    ffn_input_49|         array|
|ffn_input_49_q0          |   in|   32|   ap_memory|                                                    ffn_input_49|         array|
|ffn_input_50_address0    |  out|    7|   ap_memory|                                                    ffn_input_50|         array|
|ffn_input_50_ce0         |  out|    1|   ap_memory|                                                    ffn_input_50|         array|
|ffn_input_50_q0          |   in|   32|   ap_memory|                                                    ffn_input_50|         array|
+-------------------------+-----+-----+------------+----------------------------------------------------------------+--------------+

