

================================================================
== Vitis HLS Report for 'kernel_mhsa_1_Block_entry_current_token_fb_proc_Pipeline_TOKEN_COMPUTE'
================================================================
* Date:           Thu Oct  2 22:23:14 2025

* Version:        2025.1 (Build 6135595 on May 21 2025)
* Project:        llama_layer_prj
* Solution:       solution1 (Vivado IP Flow Target)
* Product family: versalhbm
* Target device:  xcv80-lsva4737-2MHP-e-S


================================================================
== Performance Estimates
================================================================
+ Timing: 
    * Summary: 
    +--------+---------+----------+------------+
    |  Clock |  Target | Estimated| Uncertainty|
    +--------+---------+----------+------------+
    |ap_clk  |  4.00 ns|  2.486 ns|     1.08 ns|
    +--------+---------+----------+------------+

+ Latency: 
    * Summary: 
    +---------+---------+----------+-----------+-----+------+------------------------------------------------+
    |  Latency (cycles) |  Latency (absolute)  |  Interval  |                    Pipeline                    |
    |   min   |   max   |    min   |    max    | min |  max |                      Type                      |
    +---------+---------+----------+-----------+-----+------+------------------------------------------------+
    |      137|     4225|  0.548 us|  16.900 us|   16|  4104|  loop auto-rewind stp (delay=0 clock cycles(s))|
    +---------+---------+----------+-----------+-----+------+------------------------------------------------+

    + Detail: 
        * Instance: 
        N/A

        * Loop: 
        +-----------------+---------+---------+----------+-----------+-----------+---------+----------+
        |                 |  Latency (cycles) | Iteration|  Initiation Interval  |   Trip  |          |
        |    Loop Name    |   min   |   max   |  Latency |  achieved |   target  |  Count  | Pipelined|
        +-----------------+---------+---------+----------+-----------+-----------+---------+----------+
        |- TOKEN_COMPUTE  |      135|     4223|       136|          8|          8|  1 ~ 512|       yes|
        +-----------------+---------+---------+----------+-----------+-----------+---------+----------+



================================================================
== Utilization Estimates
================================================================
* Summary: 
+---------------------+---------+-------+---------+---------+------+
|         Name        | BRAM_18K|  DSP  |    FF   |   LUT   | URAM |
+---------------------+---------+-------+---------+---------+------+
|DSP                  |        -|      -|        -|        -|     -|
|Expression           |        -|      -|        0|       25|     -|
|FIFO                 |        -|      -|        -|        -|     -|
|Instance             |        -|     25|      282|      432|     -|
|Memory               |        -|      -|        -|        -|     -|
|Multiplexer          |        -|      -|        0|     4392|     -|
|Register             |        -|      -|     5965|      944|     -|
+---------------------+---------+-------+---------+---------+------+
|Total                |        0|     25|     6247|     5793|     0|
+---------------------+---------+-------+---------+---------+------+
|Available SLR        |     2494|   3616|  1716138|   858069|   641|
+---------------------+---------+-------+---------+---------+------+
|Utilization SLR (%)  |        0|     ~0|       ~0|       ~0|     0|
+---------------------+---------+-------+---------+---------+------+
|Available            |     7482|  10848|  5148416|  2574208|  1925|
+---------------------+---------+-------+---------+---------+------+
|Utilization (%)      |        0|     ~0|       ~0|       ~0|     0|
+---------------------+---------+-------+---------+---------+------+

+ Detail: 
    * Instance: 
    +--------------------------------------------+---------------------------------------+---------+----+----+----+-----+
    |                  Instance                  |                 Module                | BRAM_18K| DSP| FF | LUT| URAM|
    +--------------------------------------------+---------------------------------------+---------+----+----+----+-----+
    |fadd_32ns_32ns_32_1_primitive_dsp_1_x_U750  |fadd_32ns_32ns_32_1_primitive_dsp_1_x  |        0|   1|   0|   0|    0|
    |fadd_32ns_32ns_32_1_primitive_dsp_1_x_U751  |fadd_32ns_32ns_32_1_primitive_dsp_1_x  |        0|   1|   0|   0|    0|
    |fadd_32ns_32ns_32_1_primitive_dsp_1_x_U752  |fadd_32ns_32ns_32_1_primitive_dsp_1_x  |        0|   1|   0|   0|    0|
    |fadd_32ns_32ns_32_1_primitive_dsp_1_x_U753  |fadd_32ns_32ns_32_1_primitive_dsp_1_x  |        0|   1|   0|   0|    0|
    |fadd_32ns_32ns_32_1_primitive_dsp_1_x_U754  |fadd_32ns_32ns_32_1_primitive_dsp_1_x  |        0|   1|   0|   0|    0|
    |fadd_32ns_32ns_32_1_primitive_dsp_1_x_U755  |fadd_32ns_32ns_32_1_primitive_dsp_1_x  |        0|   1|   0|   0|    0|
    |fmul_32ns_32ns_32_1_primitive_dsp_1_U764    |fmul_32ns_32ns_32_1_primitive_dsp_1    |        0|   1|   0|   0|    0|
    |fmul_32ns_32ns_32_3_max_dsp_1_U758          |fmul_32ns_32ns_32_3_max_dsp_1          |        0|   3|  47|  72|    0|
    |fmul_32ns_32ns_32_3_max_dsp_1_U759          |fmul_32ns_32ns_32_3_max_dsp_1          |        0|   3|  47|  72|    0|
    |fmul_32ns_32ns_32_3_max_dsp_1_U760          |fmul_32ns_32ns_32_3_max_dsp_1          |        0|   3|  47|  72|    0|
    |fmul_32ns_32ns_32_3_max_dsp_1_U761          |fmul_32ns_32ns_32_3_max_dsp_1          |        0|   3|  47|  72|    0|
    |fmul_32ns_32ns_32_3_max_dsp_1_U762          |fmul_32ns_32ns_32_3_max_dsp_1          |        0|   3|  47|  72|    0|
    |fmul_32ns_32ns_32_3_max_dsp_1_U763          |fmul_32ns_32ns_32_3_max_dsp_1          |        0|   3|  47|  72|    0|
    +--------------------------------------------+---------------------------------------+---------+----+----+----+-----+
    |Total                                       |                                       |        0|  25| 282| 432|    0|
    +--------------------------------------------+---------------------------------------+---------+----+----+----+-----+

    * DSP: 
    N/A

    * Memory: 
    N/A

    * FIFO: 
    N/A

    * Expression: 
    +----------------------+----------+----+---+----+------------+------------+
    |     Variable Name    | Operation| DSP| FF| LUT| Bitwidth P0| Bitwidth P1|
    +----------------------+----------+----+---+----+------------+------------+
    |add_ln94_fu_1922_p2   |         +|   0|  0|  10|          10|           1|
    |icmp_ln94_fu_1782_p2  |      icmp|   0|  0|  13|          33|          33|
    |ap_enable_pp0         |       xor|   0|  0|   2|           1|           2|
    +----------------------+----------+----+---+----+------------+------------+
    |Total                 |          |   0|  0|  25|          44|          36|
    +----------------------+----------+----+---+----+------------+------------+

    * Multiplexer: 
    +--------------------------------------+-----+-----------+-----+-----------+
    |                 Name                 | LUT | Input Size| Bits| Total Bits|
    +--------------------------------------+-----+-----------+-----+-----------+
    |ap_NS_fsm                             |    5|          9|    1|          9|
    |ap_done_int                           |    1|          2|    1|          2|
    |ap_enable_reg_pp0_iter0               |    1|          2|    1|          2|
    |ap_enable_reg_pp0_iter1               |    1|          2|    1|          2|
    |ap_sig_allocacmp_t_2                  |   16|          2|   10|         20|
    |grp_fu_1528_p0                        |   96|          5|   32|        160|
    |grp_fu_1528_p0_keep                   |   32|          4|   32|        128|
    |grp_fu_1528_p1                        |  160|          9|   32|        288|
    |grp_fu_1528_p1_keep                   |   96|          8|   32|        256|
    |grp_fu_1533_p0                        |   96|          5|   32|        160|
    |grp_fu_1533_p0_keep                   |   32|          4|   32|        128|
    |grp_fu_1533_p1                        |  160|          9|   32|        288|
    |grp_fu_1533_p1_keep                   |   96|          8|   32|        256|
    |grp_fu_1537_p0                        |   32|          4|   32|        128|
    |grp_fu_1537_p1                        |   96|          8|   32|        256|
    |grp_fu_1541_p0                        |   32|          4|   32|        128|
    |grp_fu_1541_p1                        |   96|          8|   32|        256|
    |grp_fu_1545_p0                        |   32|          4|   32|        128|
    |grp_fu_1545_p1                        |   96|          8|   32|        256|
    |grp_fu_1549_p0                        |   32|          4|   32|        128|
    |grp_fu_1549_p1                        |   96|          8|   32|        256|
    |grp_fu_1553_p0                        |   32|          4|   32|        128|
    |grp_fu_1553_p1                        |   96|          8|   32|        256|
    |grp_fu_1557_p0                        |   96|          5|   32|        160|
    |grp_fu_1557_p1                        |   96|          8|   32|        256|
    |grp_fu_1561_p0                        |  160|          9|   32|        288|
    |grp_fu_1561_p1                        |  160|          9|   32|        288|
    |grp_fu_1565_p0                        |  160|          9|   32|        288|
    |grp_fu_1565_p1                        |  160|          9|   32|        288|
    |grp_fu_1569_p0                        |   96|          8|   32|        256|
    |grp_fu_1569_p1                        |   96|          8|   32|        256|
    |grp_fu_1569_p2                        |   32|          2|   32|         64|
    |grp_fu_1573_p0                        |   96|          8|   32|        256|
    |grp_fu_1573_p1                        |   96|          8|   32|        256|
    |grp_fu_1573_p2                        |   32|          2|   32|         64|
    |grp_fu_1577_p0                        |   96|          8|   32|        256|
    |grp_fu_1577_p1                        |   96|          8|   32|        256|
    |grp_fu_1577_p2                        |   32|          2|   32|         64|
    |grp_fu_1581_p0                        |   96|          8|   32|        256|
    |grp_fu_1581_p1                        |   96|          8|   32|        256|
    |grp_fu_1581_p2                        |   32|          2|   32|         64|
    |grp_fu_1585_p0                        |   96|          8|   32|        256|
    |grp_fu_1585_p1                        |   96|          8|   32|        256|
    |grp_fu_1585_p2                        |   32|          2|   32|         64|
    |grp_fu_1589_p0                        |   96|          8|   32|        256|
    |grp_fu_1589_p1                        |   96|          8|   32|        256|
    |grp_fu_1589_p2                        |   32|          2|   32|         64|
    |k_cache_local_0_i_i_i_address0_local  |   48|          5|   12|         60|
    |k_cache_local_0_i_i_i_address1_local  |   48|          5|   12|         60|
    |k_cache_local_1_i_i_i_address0_local  |   48|          5|   12|         60|
    |k_cache_local_1_i_i_i_address1_local  |   48|          5|   12|         60|
    |k_cache_local_2_i_i_i_address0_local  |   48|          5|   12|         60|
    |k_cache_local_2_i_i_i_address1_local  |   48|          5|   12|         60|
    |k_cache_local_3_i_i_i_address0_local  |   48|          5|   12|         60|
    |k_cache_local_3_i_i_i_address1_local  |   48|          5|   12|         60|
    |k_cache_local_4_i_i_i_address0_local  |   48|          5|   12|         60|
    |k_cache_local_4_i_i_i_address1_local  |   48|          5|   12|         60|
    |k_cache_local_5_i_i_i_address0_local  |   48|          5|   12|         60|
    |k_cache_local_5_i_i_i_address1_local  |   48|          5|   12|         60|
    |k_cache_local_6_i_i_i_address0_local  |   48|          5|   12|         60|
    |k_cache_local_6_i_i_i_address1_local  |   48|          5|   12|         60|
    |k_cache_local_7_i_i_i_address0_local  |   48|          5|   12|         60|
    |k_cache_local_7_i_i_i_address1_local  |   48|          5|   12|         60|
    |t_fu_388                              |   16|          2|   10|         20|
    +--------------------------------------+-----+-----------+-----+-----------+
    |Total                                 | 4392|        368| 1560|       9623|
    +--------------------------------------+-----+-----------+-----+-----------+

    * Register: 
    +-----------------------------------------+----+----+-----+-----------+
    |                   Name                  | FF | LUT| Bits| Const Bits|
    +-----------------------------------------+----+----+-----+-----------+
    |ap_CS_fsm                                |   8|   0|    8|          0|
    |ap_done_reg                              |   1|   0|    1|          0|
    |ap_enable_reg_pp0_iter0_reg              |   1|   0|    1|          0|
    |ap_enable_reg_pp0_iter1                  |   1|   0|    1|          0|
    |ap_enable_reg_pp0_iter10                 |   1|   0|    1|          0|
    |ap_enable_reg_pp0_iter11                 |   1|   0|    1|          0|
    |ap_enable_reg_pp0_iter12                 |   1|   0|    1|          0|
    |ap_enable_reg_pp0_iter13                 |   1|   0|    1|          0|
    |ap_enable_reg_pp0_iter14                 |   1|   0|    1|          0|
    |ap_enable_reg_pp0_iter15                 |   1|   0|    1|          0|
    |ap_enable_reg_pp0_iter16                 |   1|   0|    1|          0|
    |ap_enable_reg_pp0_iter2                  |   1|   0|    1|          0|
    |ap_enable_reg_pp0_iter3                  |   1|   0|    1|          0|
    |ap_enable_reg_pp0_iter4                  |   1|   0|    1|          0|
    |ap_enable_reg_pp0_iter5                  |   1|   0|    1|          0|
    |ap_enable_reg_pp0_iter6                  |   1|   0|    1|          0|
    |ap_enable_reg_pp0_iter7                  |   1|   0|    1|          0|
    |ap_enable_reg_pp0_iter8                  |   1|   0|    1|          0|
    |ap_enable_reg_pp0_iter9                  |   1|   0|    1|          0|
    |ap_loop_exit_ready_pp0_iter10_reg        |   1|   0|    1|          0|
    |ap_loop_exit_ready_pp0_iter11_reg        |   1|   0|    1|          0|
    |ap_loop_exit_ready_pp0_iter12_reg        |   1|   0|    1|          0|
    |ap_loop_exit_ready_pp0_iter13_reg        |   1|   0|    1|          0|
    |ap_loop_exit_ready_pp0_iter14_reg        |   1|   0|    1|          0|
    |ap_loop_exit_ready_pp0_iter15_reg        |   1|   0|    1|          0|
    |ap_loop_exit_ready_pp0_iter1_reg         |   1|   0|    1|          0|
    |ap_loop_exit_ready_pp0_iter2_reg         |   1|   0|    1|          0|
    |ap_loop_exit_ready_pp0_iter3_reg         |   1|   0|    1|          0|
    |ap_loop_exit_ready_pp0_iter4_reg         |   1|   0|    1|          0|
    |ap_loop_exit_ready_pp0_iter5_reg         |   1|   0|    1|          0|
    |ap_loop_exit_ready_pp0_iter6_reg         |   1|   0|    1|          0|
    |ap_loop_exit_ready_pp0_iter7_reg         |   1|   0|    1|          0|
    |ap_loop_exit_ready_pp0_iter8_reg         |   1|   0|    1|          0|
    |ap_loop_exit_ready_pp0_iter9_reg         |   1|   0|    1|          0|
    |grp_fu_1528_p0_keep                      |  32|   0|   32|          0|
    |grp_fu_1528_p1_keep                      |  32|   0|   32|          0|
    |grp_fu_1533_p0_keep                      |  32|   0|   32|          0|
    |grp_fu_1533_p1_keep                      |  32|   0|   32|          0|
    |grp_fu_1537_p0                           |  32|   0|   32|          0|
    |grp_fu_1537_p1                           |  32|   0|   32|          0|
    |grp_fu_1541_p0                           |  32|   0|   32|          0|
    |grp_fu_1541_p1                           |  32|   0|   32|          0|
    |grp_fu_1545_p0                           |  32|   0|   32|          0|
    |grp_fu_1545_p1                           |  32|   0|   32|          0|
    |grp_fu_1549_p0                           |  32|   0|   32|          0|
    |grp_fu_1549_p1                           |  32|   0|   32|          0|
    |grp_fu_1553_p0                           |  32|   0|   32|          0|
    |grp_fu_1553_p1                           |  32|   0|   32|          0|
    |grp_fu_1557_p0                           |  32|   0|   32|          0|
    |grp_fu_1557_p1                           |  32|   0|   32|          0|
    |grp_fu_1569_ce                           |   1|   0|    1|          0|
    |grp_fu_1569_p0                           |  32|   0|   32|          0|
    |grp_fu_1569_p1                           |  32|   0|   32|          0|
    |grp_fu_1573_ce                           |   1|   0|    1|          0|
    |grp_fu_1573_p0                           |  32|   0|   32|          0|
    |grp_fu_1573_p1                           |  32|   0|   32|          0|
    |grp_fu_1577_ce                           |   1|   0|    1|          0|
    |grp_fu_1577_p0                           |  32|   0|   32|          0|
    |grp_fu_1577_p1                           |  32|   0|   32|          0|
    |grp_fu_1581_ce                           |   1|   0|    1|          0|
    |grp_fu_1581_p0                           |  32|   0|   32|          0|
    |grp_fu_1581_p1                           |  32|   0|   32|          0|
    |grp_fu_1585_ce                           |   1|   0|    1|          0|
    |grp_fu_1585_p0                           |  32|   0|   32|          0|
    |grp_fu_1585_p1                           |  32|   0|   32|          0|
    |grp_fu_1589_ce                           |   1|   0|    1|          0|
    |grp_fu_1589_p0                           |  32|   0|   32|          0|
    |grp_fu_1589_p1                           |  32|   0|   32|          0|
    |grp_fu_1593_p0                           |  32|   0|   32|          0|
    |icmp_ln94_reg_3295                       |   1|   0|    1|          0|
    |k_val_10_reg_3441                        |  32|   0|   32|          0|
    |k_val_11_reg_3447                        |  32|   0|   32|          0|
    |k_val_12_reg_3453                        |  32|   0|   32|          0|
    |k_val_13_reg_3459                        |  32|   0|   32|          0|
    |k_val_14_reg_3465                        |  32|   0|   32|          0|
    |k_val_15_reg_3471                        |  32|   0|   32|          0|
    |k_val_16_reg_3557                        |  32|   0|   32|          0|
    |k_val_17_reg_3563                        |  32|   0|   32|          0|
    |k_val_18_reg_3569                        |  32|   0|   32|          0|
    |k_val_19_reg_3575                        |  32|   0|   32|          0|
    |k_val_20_reg_3581                        |  32|   0|   32|          0|
    |k_val_21_reg_3587                        |  32|   0|   32|          0|
    |k_val_22_reg_3593                        |  32|   0|   32|          0|
    |k_val_23_reg_3599                        |  32|   0|   32|          0|
    |k_val_24_reg_3605                        |  32|   0|   32|          0|
    |k_val_25_reg_3611                        |  32|   0|   32|          0|
    |k_val_26_reg_3617                        |  32|   0|   32|          0|
    |k_val_27_reg_3623                        |  32|   0|   32|          0|
    |k_val_28_reg_3629                        |  32|   0|   32|          0|
    |k_val_29_reg_3635                        |  32|   0|   32|          0|
    |k_val_30_reg_3641                        |  32|   0|   32|          0|
    |k_val_31_reg_3647                        |  32|   0|   32|          0|
    |k_val_32_reg_3733                        |  32|   0|   32|          0|
    |k_val_33_reg_3739                        |  32|   0|   32|          0|
    |k_val_34_reg_3745                        |  32|   0|   32|          0|
    |k_val_35_reg_3751                        |  32|   0|   32|          0|
    |k_val_36_reg_3757                        |  32|   0|   32|          0|
    |k_val_37_reg_3763                        |  32|   0|   32|          0|
    |k_val_38_reg_3769                        |  32|   0|   32|          0|
    |k_val_39_reg_3775                        |  32|   0|   32|          0|
    |k_val_40_reg_3781                        |  32|   0|   32|          0|
    |k_val_41_reg_3787                        |  32|   0|   32|          0|
    |k_val_42_reg_3793                        |  32|   0|   32|          0|
    |k_val_43_reg_3799                        |  32|   0|   32|          0|
    |k_val_44_reg_3805                        |  32|   0|   32|          0|
    |k_val_45_reg_3811                        |  32|   0|   32|          0|
    |k_val_46_reg_3817                        |  32|   0|   32|          0|
    |k_val_47_reg_3823                        |  32|   0|   32|          0|
    |k_val_48_reg_3956                        |  32|   0|   32|          0|
    |k_val_49_reg_3962                        |  32|   0|   32|          0|
    |k_val_50_reg_3968                        |  32|   0|   32|          0|
    |k_val_51_reg_3974                        |  32|   0|   32|          0|
    |k_val_52_reg_3980                        |  32|   0|   32|          0|
    |k_val_53_reg_3986                        |  32|   0|   32|          0|
    |k_val_54_reg_3992                        |  32|   0|   32|          0|
    |k_val_55_reg_3998                        |  32|   0|   32|          0|
    |k_val_56_reg_4004                        |  32|   0|   32|          0|
    |k_val_57_reg_4010                        |  32|   0|   32|          0|
    |k_val_58_reg_4016                        |  32|   0|   32|          0|
    |k_val_59_reg_4022                        |  32|   0|   32|          0|
    |k_val_60_reg_4028                        |  32|   0|   32|          0|
    |k_val_61_reg_4034                        |  32|   0|   32|          0|
    |k_val_62_reg_4040                        |  32|   0|   32|          0|
    |k_val_63_reg_4046                        |  32|   0|   32|          0|
    |k_val_8_reg_3429                         |  32|   0|   32|          0|
    |k_val_9_reg_3435                         |  32|   0|   32|          0|
    |mul102_10_i_i_i_i_reg_4064               |  32|   0|   32|          0|
    |mul102_11_i_i_i_i_reg_4070               |  32|   0|   32|          0|
    |mul102_12_i_i_i_i_reg_4076               |  32|   0|   32|          0|
    |mul102_13_i_i_i_i_reg_4082               |  32|   0|   32|          0|
    |mul102_14_i_i_i_i_reg_4088               |  32|   0|   32|          0|
    |mul102_15_i_i_i_i_reg_4094               |  32|   0|   32|          0|
    |mul102_16_i_i_i_i_reg_4100               |  32|   0|   32|          0|
    |mul102_17_i_i_i_i_reg_4106               |  32|   0|   32|          0|
    |mul102_18_i_i_i_i_reg_4112               |  32|   0|   32|          0|
    |mul102_19_i_i_i_i_reg_4118               |  32|   0|   32|          0|
    |mul102_1_i_i_i_i_reg_3914                |  32|   0|   32|          0|
    |mul102_20_i_i_i_i_reg_4124               |  32|   0|   32|          0|
    |mul102_21_i_i_i_i_reg_4130               |  32|   0|   32|          0|
    |mul102_22_i_i_i_i_reg_4136               |  32|   0|   32|          0|
    |mul102_23_i_i_i_i_reg_4142               |  32|   0|   32|          0|
    |mul102_24_i_i_i_i_reg_4148               |  32|   0|   32|          0|
    |mul102_25_i_i_i_i_reg_4154               |  32|   0|   32|          0|
    |mul102_26_i_i_i_i_reg_4160               |  32|   0|   32|          0|
    |mul102_27_i_i_i_i_reg_4166               |  32|   0|   32|          0|
    |mul102_28_i_i_i_i_reg_4172               |  32|   0|   32|          0|
    |mul102_29_i_i_i_i_reg_4178               |  32|   0|   32|          0|
    |mul102_2_i_i_i_i_reg_3920                |  32|   0|   32|          0|
    |mul102_30_i_i_i_i_reg_4184               |  32|   0|   32|          0|
    |mul102_31_i_i_i_i_reg_4190               |  32|   0|   32|          0|
    |mul102_32_i_i_i_i_reg_4196               |  32|   0|   32|          0|
    |mul102_33_i_i_i_i_reg_4202               |  32|   0|   32|          0|
    |mul102_34_i_i_i_i_reg_4208               |  32|   0|   32|          0|
    |mul102_35_i_i_i_i_reg_4214               |  32|   0|   32|          0|
    |mul102_36_i_i_i_i_reg_4220               |  32|   0|   32|          0|
    |mul102_37_i_i_i_i_reg_4226               |  32|   0|   32|          0|
    |mul102_38_i_i_i_i_reg_4232               |  32|   0|   32|          0|
    |mul102_39_i_i_i_i_reg_4238               |  32|   0|   32|          0|
    |mul102_3_i_i_i_i_reg_3926                |  32|   0|   32|          0|
    |mul102_40_i_i_i_i_reg_4244               |  32|   0|   32|          0|
    |mul102_41_i_i_i_i_reg_4250               |  32|   0|   32|          0|
    |mul102_42_i_i_i_i_reg_4256               |  32|   0|   32|          0|
    |mul102_43_i_i_i_i_reg_4262               |  32|   0|   32|          0|
    |mul102_44_i_i_i_i_reg_4268               |  32|   0|   32|          0|
    |mul102_45_i_i_i_i_reg_4274               |  32|   0|   32|          0|
    |mul102_46_i_i_i_i_reg_4280               |  32|   0|   32|          0|
    |mul102_47_i_i_i_i_reg_4286               |  32|   0|   32|          0|
    |mul102_48_i_i_i_i_reg_4292               |  32|   0|   32|          0|
    |mul102_49_i_i_i_i_reg_4298               |  32|   0|   32|          0|
    |mul102_4_i_i_i_i_reg_3932                |  32|   0|   32|          0|
    |mul102_50_i_i_i_i_reg_4304               |  32|   0|   32|          0|
    |mul102_51_i_i_i_i_reg_4310               |  32|   0|   32|          0|
    |mul102_52_i_i_i_i_reg_4316               |  32|   0|   32|          0|
    |mul102_53_i_i_i_i_reg_4322               |  32|   0|   32|          0|
    |mul102_54_i_i_i_i_reg_4328               |  32|   0|   32|          0|
    |mul102_55_i_i_i_i_reg_4334               |  32|   0|   32|          0|
    |mul102_56_i_i_i_i_reg_4340               |  32|   0|   32|          0|
    |mul102_57_i_i_i_i_reg_4346               |  32|   0|   32|          0|
    |mul102_58_i_i_i_i_reg_4352               |  32|   0|   32|          0|
    |mul102_59_i_i_i_i_reg_4358               |  32|   0|   32|          0|
    |mul102_5_i_i_i_i_reg_3938                |  32|   0|   32|          0|
    |mul102_5_i_i_i_i_reg_3938_pp0_iter1_reg  |  32|   0|   32|          0|
    |mul102_60_i_i_i_i_reg_4364               |  32|   0|   32|          0|
    |mul102_61_i_i_i_i_reg_4370               |  32|   0|   32|          0|
    |mul102_62_i_i_i_i_reg_4376               |  32|   0|   32|          0|
    |mul102_63_i_i_i_i_reg_4382               |  32|   0|   32|          0|
    |mul102_6_i_i_i_i_reg_3944                |  32|   0|   32|          0|
    |mul102_6_i_i_i_i_reg_3944_pp0_iter1_reg  |  32|   0|   32|          0|
    |mul102_7_i_i_i_i_reg_3950                |  32|   0|   32|          0|
    |mul102_7_i_i_i_i_reg_3950_pp0_iter1_reg  |  32|   0|   32|          0|
    |mul102_8_i_i_i_i_reg_4052                |  32|   0|   32|          0|
    |mul102_8_i_i_i_i_reg_4052_pp0_iter1_reg  |  32|   0|   32|          0|
    |mul102_9_i_i_i_i_reg_4058                |  32|   0|   32|          0|
    |mul107_i_i_i_i_reg_4388                  |  32|   0|   32|          0|
    |pre_grp_fu_1569_p2_reg                   |  32|   0|   32|          0|
    |pre_grp_fu_1573_p2_reg                   |  32|   0|   32|          0|
    |pre_grp_fu_1577_p2_reg                   |  32|   0|   32|          0|
    |pre_grp_fu_1581_p2_reg                   |  32|   0|   32|          0|
    |pre_grp_fu_1585_p2_reg                   |  32|   0|   32|          0|
    |pre_grp_fu_1589_p2_reg                   |  32|   0|   32|          0|
    |reg_1601                                 |  32|   0|   32|          0|
    |reg_1607                                 |  32|   0|   32|          0|
    |reg_1613                                 |  32|   0|   32|          0|
    |reg_1619                                 |  32|   0|   32|          0|
    |reg_1625                                 |  32|   0|   32|          0|
    |reg_1631                                 |  32|   0|   32|          0|
    |reg_1637                                 |  32|   0|   32|          0|
    |reg_1643                                 |  32|   0|   32|          0|
    |reg_1648                                 |  32|   0|   32|          0|
    |reg_1654                                 |  32|   0|   32|          0|
    |reg_1660                                 |  32|   0|   32|          0|
    |reg_1666                                 |  32|   0|   32|          0|
    |reg_1672                                 |  32|   0|   32|          0|
    |reg_1678                                 |  32|   0|   32|          0|
    |reg_1684                                 |  32|   0|   32|          0|
    |reg_1690                                 |  32|   0|   32|          0|
    |reg_1696                                 |  32|   0|   32|          0|
    |t_2_reg_3289                             |  10|   0|   10|          0|
    |t_fu_388                                 |  10|   0|   10|          0|
    |trunc_ln100_reg_3299                     |   9|   0|    9|          0|
    |mul102_10_i_i_i_i_reg_4064               |  64|  30|   32|          0|
    |mul102_11_i_i_i_i_reg_4070               |  64|  30|   32|          0|
    |mul102_12_i_i_i_i_reg_4076               |  64|  30|   32|          0|
    |mul102_13_i_i_i_i_reg_4082               |   0|  16|   32|          0|
    |mul102_14_i_i_i_i_reg_4088               |   0|  16|   32|          0|
    |mul102_15_i_i_i_i_reg_4094               |   0|  16|   32|          0|
    |mul102_16_i_i_i_i_reg_4100               |   0|  16|   32|          0|
    |mul102_17_i_i_i_i_reg_4106               |   0|  16|   32|          0|
    |mul102_18_i_i_i_i_reg_4112               |   0|  16|   32|          0|
    |mul102_19_i_i_i_i_reg_4118               |   0|  16|   32|          0|
    |mul102_20_i_i_i_i_reg_4124               |   0|  16|   32|          0|
    |mul102_21_i_i_i_i_reg_4130               |   0|  16|   32|          0|
    |mul102_22_i_i_i_i_reg_4136               |   0|  16|   32|          0|
    |mul102_23_i_i_i_i_reg_4142               |   0|  16|   32|          0|
    |mul102_24_i_i_i_i_reg_4148               |   0|  16|   32|          0|
    |mul102_25_i_i_i_i_reg_4154               |   0|  16|   32|          0|
    |mul102_26_i_i_i_i_reg_4160               |   0|  16|   32|          0|
    |mul102_27_i_i_i_i_reg_4166               |   0|  16|   32|          0|
    |mul102_28_i_i_i_i_reg_4172               |   0|  16|   32|          0|
    |mul102_29_i_i_i_i_reg_4178               |   0|  16|   32|          0|
    |mul102_30_i_i_i_i_reg_4184               |   0|  16|   32|          0|
    |mul102_31_i_i_i_i_reg_4190               |   0|  16|   32|          0|
    |mul102_32_i_i_i_i_reg_4196               |   0|  16|   32|          0|
    |mul102_33_i_i_i_i_reg_4202               |   0|  16|   32|          0|
    |mul102_34_i_i_i_i_reg_4208               |   0|  16|   32|          0|
    |mul102_35_i_i_i_i_reg_4214               |   0|  16|   32|          0|
    |mul102_36_i_i_i_i_reg_4220               |   0|  16|   32|          0|
    |mul102_37_i_i_i_i_reg_4226               |   0|  16|   32|          0|
    |mul102_38_i_i_i_i_reg_4232               |   0|  16|   32|          0|
    |mul102_39_i_i_i_i_reg_4238               |   0|  16|   32|          0|
    |mul102_40_i_i_i_i_reg_4244               |   0|  16|   32|          0|
    |mul102_41_i_i_i_i_reg_4250               |   0|  16|   32|          0|
    |mul102_42_i_i_i_i_reg_4256               |   0|  16|   32|          0|
    |mul102_43_i_i_i_i_reg_4262               |   0|  16|   32|          0|
    |mul102_44_i_i_i_i_reg_4268               |   0|  16|   32|          0|
    |mul102_45_i_i_i_i_reg_4274               |   0|  16|   32|          0|
    |mul102_46_i_i_i_i_reg_4280               |   0|  16|   32|          0|
    |mul102_47_i_i_i_i_reg_4286               |   0|  16|   32|          0|
    |mul102_48_i_i_i_i_reg_4292               |   0|  16|   32|          0|
    |mul102_49_i_i_i_i_reg_4298               |   0|  16|   32|          0|
    |mul102_50_i_i_i_i_reg_4304               |   0|  16|   32|          0|
    |mul102_51_i_i_i_i_reg_4310               |   0|  16|   32|          0|
    |mul102_52_i_i_i_i_reg_4316               |   0|  16|   32|          0|
    |mul102_53_i_i_i_i_reg_4322               |   0|  16|   32|          0|
    |mul102_54_i_i_i_i_reg_4328               |   0|  16|   32|          0|
    |mul102_55_i_i_i_i_reg_4334               |   0|  16|   32|          0|
    |mul102_56_i_i_i_i_reg_4340               |   0|  16|   32|          0|
    |mul102_57_i_i_i_i_reg_4346               |   0|  16|   32|          0|
    |mul102_58_i_i_i_i_reg_4352               |   0|  16|   32|          0|
    |mul102_59_i_i_i_i_reg_4358               |   0|  16|   32|          0|
    |mul102_60_i_i_i_i_reg_4364               |   0|  16|   32|          0|
    |mul102_61_i_i_i_i_reg_4370               |   0|  16|   32|          0|
    |mul102_62_i_i_i_i_reg_4376               |   0|  16|   32|          0|
    |mul102_63_i_i_i_i_reg_4382               |   0|  16|   32|          0|
    |mul102_9_i_i_i_i_reg_4058                |  64|  30|   32|          0|
    |t_2_reg_3289                             |   0|   8|   10|          0|
    +-----------------------------------------+----+----+-----+-----------+
    |Total                                    |5965| 944| 7479|          0|
    +-----------------------------------------+----+----+-----+-----------+



================================================================
== Interface
================================================================
* Summary: 
+--------------------------------+-----+-----+------------+------------------------------------------------------------------------+--------------+
|            RTL Ports           | Dir | Bits|  Protocol  |                              Source Object                             |    C Type    |
+--------------------------------+-----+-----+------------+------------------------------------------------------------------------+--------------+
|ap_clk                          |   in|    1|  ap_ctrl_hs|  kernel_mhsa.1_Block_entry_current_token_fb_proc_Pipeline_TOKEN_COMPUTE|  return value|
|ap_rst                          |   in|    1|  ap_ctrl_hs|  kernel_mhsa.1_Block_entry_current_token_fb_proc_Pipeline_TOKEN_COMPUTE|  return value|
|ap_start                        |   in|    1|  ap_ctrl_hs|  kernel_mhsa.1_Block_entry_current_token_fb_proc_Pipeline_TOKEN_COMPUTE|  return value|
|ap_done                         |  out|    1|  ap_ctrl_hs|  kernel_mhsa.1_Block_entry_current_token_fb_proc_Pipeline_TOKEN_COMPUTE|  return value|
|ap_idle                         |  out|    1|  ap_ctrl_hs|  kernel_mhsa.1_Block_entry_current_token_fb_proc_Pipeline_TOKEN_COMPUTE|  return value|
|ap_ready                        |  out|    1|  ap_ctrl_hs|  kernel_mhsa.1_Block_entry_current_token_fb_proc_Pipeline_TOKEN_COMPUTE|  return value|
|grp_fu_1582_p_din0              |  out|   32|  ap_ctrl_hs|  kernel_mhsa.1_Block_entry_current_token_fb_proc_Pipeline_TOKEN_COMPUTE|  return value|
|grp_fu_1582_p_din1              |  out|   32|  ap_ctrl_hs|  kernel_mhsa.1_Block_entry_current_token_fb_proc_Pipeline_TOKEN_COMPUTE|  return value|
|grp_fu_1582_p_opcode            |  out|    2|  ap_ctrl_hs|  kernel_mhsa.1_Block_entry_current_token_fb_proc_Pipeline_TOKEN_COMPUTE|  return value|
|grp_fu_1582_p_dout0             |   in|   32|  ap_ctrl_hs|  kernel_mhsa.1_Block_entry_current_token_fb_proc_Pipeline_TOKEN_COMPUTE|  return value|
|grp_fu_1586_p_din0              |  out|   32|  ap_ctrl_hs|  kernel_mhsa.1_Block_entry_current_token_fb_proc_Pipeline_TOKEN_COMPUTE|  return value|
|grp_fu_1586_p_din1              |  out|   32|  ap_ctrl_hs|  kernel_mhsa.1_Block_entry_current_token_fb_proc_Pipeline_TOKEN_COMPUTE|  return value|
|grp_fu_1586_p_opcode            |  out|    2|  ap_ctrl_hs|  kernel_mhsa.1_Block_entry_current_token_fb_proc_Pipeline_TOKEN_COMPUTE|  return value|
|grp_fu_1586_p_dout0             |   in|   32|  ap_ctrl_hs|  kernel_mhsa.1_Block_entry_current_token_fb_proc_Pipeline_TOKEN_COMPUTE|  return value|
|grp_fu_1590_p_din0              |  out|   32|  ap_ctrl_hs|  kernel_mhsa.1_Block_entry_current_token_fb_proc_Pipeline_TOKEN_COMPUTE|  return value|
|grp_fu_1590_p_din1              |  out|   32|  ap_ctrl_hs|  kernel_mhsa.1_Block_entry_current_token_fb_proc_Pipeline_TOKEN_COMPUTE|  return value|
|grp_fu_1590_p_dout0             |   in|   32|  ap_ctrl_hs|  kernel_mhsa.1_Block_entry_current_token_fb_proc_Pipeline_TOKEN_COMPUTE|  return value|
|grp_fu_1590_p_ce                |  out|    1|  ap_ctrl_hs|  kernel_mhsa.1_Block_entry_current_token_fb_proc_Pipeline_TOKEN_COMPUTE|  return value|
|grp_fu_1594_p_din0              |  out|   32|  ap_ctrl_hs|  kernel_mhsa.1_Block_entry_current_token_fb_proc_Pipeline_TOKEN_COMPUTE|  return value|
|grp_fu_1594_p_din1              |  out|   32|  ap_ctrl_hs|  kernel_mhsa.1_Block_entry_current_token_fb_proc_Pipeline_TOKEN_COMPUTE|  return value|
|grp_fu_1594_p_dout0             |   in|   32|  ap_ctrl_hs|  kernel_mhsa.1_Block_entry_current_token_fb_proc_Pipeline_TOKEN_COMPUTE|  return value|
|grp_fu_1594_p_ce                |  out|    1|  ap_ctrl_hs|  kernel_mhsa.1_Block_entry_current_token_fb_proc_Pipeline_TOKEN_COMPUTE|  return value|
|select_ln68                     |   in|   33|     ap_none|                                                             select_ln68|        scalar|
|att_11_address0                 |  out|    9|   ap_memory|                                                                  att_11|         array|
|att_11_ce0                      |  out|    1|   ap_memory|                                                                  att_11|         array|
|att_11_we0                      |  out|    1|   ap_memory|                                                                  att_11|         array|
|att_11_d0                       |  out|   32|   ap_memory|                                                                  att_11|         array|
|att_10_address0                 |  out|    9|   ap_memory|                                                                  att_10|         array|
|att_10_ce0                      |  out|    1|   ap_memory|                                                                  att_10|         array|
|att_10_we0                      |  out|    1|   ap_memory|                                                                  att_10|         array|
|att_10_d0                       |  out|   32|   ap_memory|                                                                  att_10|         array|
|att_9_address0                  |  out|    9|   ap_memory|                                                                   att_9|         array|
|att_9_ce0                       |  out|    1|   ap_memory|                                                                   att_9|         array|
|att_9_we0                       |  out|    1|   ap_memory|                                                                   att_9|         array|
|att_9_d0                        |  out|   32|   ap_memory|                                                                   att_9|         array|
|att_8_address0                  |  out|    9|   ap_memory|                                                                   att_8|         array|
|att_8_ce0                       |  out|    1|   ap_memory|                                                                   att_8|         array|
|att_8_we0                       |  out|    1|   ap_memory|                                                                   att_8|         array|
|att_8_d0                        |  out|   32|   ap_memory|                                                                   att_8|         array|
|att_7_address0                  |  out|    9|   ap_memory|                                                                   att_7|         array|
|att_7_ce0                       |  out|    1|   ap_memory|                                                                   att_7|         array|
|att_7_we0                       |  out|    1|   ap_memory|                                                                   att_7|         array|
|att_7_d0                        |  out|   32|   ap_memory|                                                                   att_7|         array|
|att_6_address0                  |  out|    9|   ap_memory|                                                                   att_6|         array|
|att_6_ce0                       |  out|    1|   ap_memory|                                                                   att_6|         array|
|att_6_we0                       |  out|    1|   ap_memory|                                                                   att_6|         array|
|att_6_d0                        |  out|   32|   ap_memory|                                                                   att_6|         array|
|att_5_address0                  |  out|    9|   ap_memory|                                                                   att_5|         array|
|att_5_ce0                       |  out|    1|   ap_memory|                                                                   att_5|         array|
|att_5_we0                       |  out|    1|   ap_memory|                                                                   att_5|         array|
|att_5_d0                        |  out|   32|   ap_memory|                                                                   att_5|         array|
|att_4_address0                  |  out|    9|   ap_memory|                                                                   att_4|         array|
|att_4_ce0                       |  out|    1|   ap_memory|                                                                   att_4|         array|
|att_4_we0                       |  out|    1|   ap_memory|                                                                   att_4|         array|
|att_4_d0                        |  out|   32|   ap_memory|                                                                   att_4|         array|
|att_3_address0                  |  out|    9|   ap_memory|                                                                   att_3|         array|
|att_3_ce0                       |  out|    1|   ap_memory|                                                                   att_3|         array|
|att_3_we0                       |  out|    1|   ap_memory|                                                                   att_3|         array|
|att_3_d0                        |  out|   32|   ap_memory|                                                                   att_3|         array|
|att_2_address0                  |  out|    9|   ap_memory|                                                                   att_2|         array|
|att_2_ce0                       |  out|    1|   ap_memory|                                                                   att_2|         array|
|att_2_we0                       |  out|    1|   ap_memory|                                                                   att_2|         array|
|att_2_d0                        |  out|   32|   ap_memory|                                                                   att_2|         array|
|att_1_address0                  |  out|    9|   ap_memory|                                                                   att_1|         array|
|att_1_ce0                       |  out|    1|   ap_memory|                                                                   att_1|         array|
|att_1_we0                       |  out|    1|   ap_memory|                                                                   att_1|         array|
|att_1_d0                        |  out|   32|   ap_memory|                                                                   att_1|         array|
|att_0_address0                  |  out|    9|   ap_memory|                                                                   att_0|         array|
|att_0_ce0                       |  out|    1|   ap_memory|                                                                   att_0|         array|
|att_0_we0                       |  out|    1|   ap_memory|                                                                   att_0|         array|
|att_0_d0                        |  out|   32|   ap_memory|                                                                   att_0|         array|
|k_cache_local_0_i_i_i_address0  |  out|   12|   ap_memory|                                                   k_cache_local_0_i_i_i|         array|
|k_cache_local_0_i_i_i_ce0       |  out|    1|   ap_memory|                                                   k_cache_local_0_i_i_i|         array|
|k_cache_local_0_i_i_i_q0        |   in|   32|   ap_memory|                                                   k_cache_local_0_i_i_i|         array|
|k_cache_local_0_i_i_i_address1  |  out|   12|   ap_memory|                                                   k_cache_local_0_i_i_i|         array|
|k_cache_local_0_i_i_i_ce1       |  out|    1|   ap_memory|                                                   k_cache_local_0_i_i_i|         array|
|k_cache_local_0_i_i_i_q1        |   in|   32|   ap_memory|                                                   k_cache_local_0_i_i_i|         array|
|p_reload127                     |   in|   32|     ap_none|                                                             p_reload127|        scalar|
|k_cache_local_1_i_i_i_address0  |  out|   12|   ap_memory|                                                   k_cache_local_1_i_i_i|         array|
|k_cache_local_1_i_i_i_ce0       |  out|    1|   ap_memory|                                                   k_cache_local_1_i_i_i|         array|
|k_cache_local_1_i_i_i_q0        |   in|   32|   ap_memory|                                                   k_cache_local_1_i_i_i|         array|
|k_cache_local_1_i_i_i_address1  |  out|   12|   ap_memory|                                                   k_cache_local_1_i_i_i|         array|
|k_cache_local_1_i_i_i_ce1       |  out|    1|   ap_memory|                                                   k_cache_local_1_i_i_i|         array|
|k_cache_local_1_i_i_i_q1        |   in|   32|   ap_memory|                                                   k_cache_local_1_i_i_i|         array|
|p_reload126                     |   in|   32|     ap_none|                                                             p_reload126|        scalar|
|k_cache_local_2_i_i_i_address0  |  out|   12|   ap_memory|                                                   k_cache_local_2_i_i_i|         array|
|k_cache_local_2_i_i_i_ce0       |  out|    1|   ap_memory|                                                   k_cache_local_2_i_i_i|         array|
|k_cache_local_2_i_i_i_q0        |   in|   32|   ap_memory|                                                   k_cache_local_2_i_i_i|         array|
|k_cache_local_2_i_i_i_address1  |  out|   12|   ap_memory|                                                   k_cache_local_2_i_i_i|         array|
|k_cache_local_2_i_i_i_ce1       |  out|    1|   ap_memory|                                                   k_cache_local_2_i_i_i|         array|
|k_cache_local_2_i_i_i_q1        |   in|   32|   ap_memory|                                                   k_cache_local_2_i_i_i|         array|
|p_reload125                     |   in|   32|     ap_none|                                                             p_reload125|        scalar|
|k_cache_local_3_i_i_i_address0  |  out|   12|   ap_memory|                                                   k_cache_local_3_i_i_i|         array|
|k_cache_local_3_i_i_i_ce0       |  out|    1|   ap_memory|                                                   k_cache_local_3_i_i_i|         array|
|k_cache_local_3_i_i_i_q0        |   in|   32|   ap_memory|                                                   k_cache_local_3_i_i_i|         array|
|k_cache_local_3_i_i_i_address1  |  out|   12|   ap_memory|                                                   k_cache_local_3_i_i_i|         array|
|k_cache_local_3_i_i_i_ce1       |  out|    1|   ap_memory|                                                   k_cache_local_3_i_i_i|         array|
|k_cache_local_3_i_i_i_q1        |   in|   32|   ap_memory|                                                   k_cache_local_3_i_i_i|         array|
|p_reload124                     |   in|   32|     ap_none|                                                             p_reload124|        scalar|
|k_cache_local_4_i_i_i_address0  |  out|   12|   ap_memory|                                                   k_cache_local_4_i_i_i|         array|
|k_cache_local_4_i_i_i_ce0       |  out|    1|   ap_memory|                                                   k_cache_local_4_i_i_i|         array|
|k_cache_local_4_i_i_i_q0        |   in|   32|   ap_memory|                                                   k_cache_local_4_i_i_i|         array|
|k_cache_local_4_i_i_i_address1  |  out|   12|   ap_memory|                                                   k_cache_local_4_i_i_i|         array|
|k_cache_local_4_i_i_i_ce1       |  out|    1|   ap_memory|                                                   k_cache_local_4_i_i_i|         array|
|k_cache_local_4_i_i_i_q1        |   in|   32|   ap_memory|                                                   k_cache_local_4_i_i_i|         array|
|p_reload123                     |   in|   32|     ap_none|                                                             p_reload123|        scalar|
|k_cache_local_5_i_i_i_address0  |  out|   12|   ap_memory|                                                   k_cache_local_5_i_i_i|         array|
|k_cache_local_5_i_i_i_ce0       |  out|    1|   ap_memory|                                                   k_cache_local_5_i_i_i|         array|
|k_cache_local_5_i_i_i_q0        |   in|   32|   ap_memory|                                                   k_cache_local_5_i_i_i|         array|
|k_cache_local_5_i_i_i_address1  |  out|   12|   ap_memory|                                                   k_cache_local_5_i_i_i|         array|
|k_cache_local_5_i_i_i_ce1       |  out|    1|   ap_memory|                                                   k_cache_local_5_i_i_i|         array|
|k_cache_local_5_i_i_i_q1        |   in|   32|   ap_memory|                                                   k_cache_local_5_i_i_i|         array|
|p_reload122                     |   in|   32|     ap_none|                                                             p_reload122|        scalar|
|k_cache_local_6_i_i_i_address0  |  out|   12|   ap_memory|                                                   k_cache_local_6_i_i_i|         array|
|k_cache_local_6_i_i_i_ce0       |  out|    1|   ap_memory|                                                   k_cache_local_6_i_i_i|         array|
|k_cache_local_6_i_i_i_q0        |   in|   32|   ap_memory|                                                   k_cache_local_6_i_i_i|         array|
|k_cache_local_6_i_i_i_address1  |  out|   12|   ap_memory|                                                   k_cache_local_6_i_i_i|         array|
|k_cache_local_6_i_i_i_ce1       |  out|    1|   ap_memory|                                                   k_cache_local_6_i_i_i|         array|
|k_cache_local_6_i_i_i_q1        |   in|   32|   ap_memory|                                                   k_cache_local_6_i_i_i|         array|
|p_reload121                     |   in|   32|     ap_none|                                                             p_reload121|        scalar|
|k_cache_local_7_i_i_i_address0  |  out|   12|   ap_memory|                                                   k_cache_local_7_i_i_i|         array|
|k_cache_local_7_i_i_i_ce0       |  out|    1|   ap_memory|                                                   k_cache_local_7_i_i_i|         array|
|k_cache_local_7_i_i_i_q0        |   in|   32|   ap_memory|                                                   k_cache_local_7_i_i_i|         array|
|k_cache_local_7_i_i_i_address1  |  out|   12|   ap_memory|                                                   k_cache_local_7_i_i_i|         array|
|k_cache_local_7_i_i_i_ce1       |  out|    1|   ap_memory|                                                   k_cache_local_7_i_i_i|         array|
|k_cache_local_7_i_i_i_q1        |   in|   32|   ap_memory|                                                   k_cache_local_7_i_i_i|         array|
|p_reload120                     |   in|   32|     ap_none|                                                             p_reload120|        scalar|
|p_reload119                     |   in|   32|     ap_none|                                                             p_reload119|        scalar|
|p_reload118                     |   in|   32|     ap_none|                                                             p_reload118|        scalar|
|p_reload117                     |   in|   32|     ap_none|                                                             p_reload117|        scalar|
|p_reload116                     |   in|   32|     ap_none|                                                             p_reload116|        scalar|
|p_reload115                     |   in|   32|     ap_none|                                                             p_reload115|        scalar|
|p_reload114                     |   in|   32|     ap_none|                                                             p_reload114|        scalar|
|p_reload113                     |   in|   32|     ap_none|                                                             p_reload113|        scalar|
|p_reload112                     |   in|   32|     ap_none|                                                             p_reload112|        scalar|
|p_reload111                     |   in|   32|     ap_none|                                                             p_reload111|        scalar|
|p_reload110                     |   in|   32|     ap_none|                                                             p_reload110|        scalar|
|p_reload109                     |   in|   32|     ap_none|                                                             p_reload109|        scalar|
|p_reload108                     |   in|   32|     ap_none|                                                             p_reload108|        scalar|
|p_reload107                     |   in|   32|     ap_none|                                                             p_reload107|        scalar|
|p_reload106                     |   in|   32|     ap_none|                                                             p_reload106|        scalar|
|p_reload105                     |   in|   32|     ap_none|                                                             p_reload105|        scalar|
|p_reload104                     |   in|   32|     ap_none|                                                             p_reload104|        scalar|
|p_reload103                     |   in|   32|     ap_none|                                                             p_reload103|        scalar|
|p_reload102                     |   in|   32|     ap_none|                                                             p_reload102|        scalar|
|p_reload101                     |   in|   32|     ap_none|                                                             p_reload101|        scalar|
|p_reload100                     |   in|   32|     ap_none|                                                             p_reload100|        scalar|
|p_reload99                      |   in|   32|     ap_none|                                                              p_reload99|        scalar|
|p_reload98                      |   in|   32|     ap_none|                                                              p_reload98|        scalar|
|p_reload97                      |   in|   32|     ap_none|                                                              p_reload97|        scalar|
|p_reload96                      |   in|   32|     ap_none|                                                              p_reload96|        scalar|
|p_reload95                      |   in|   32|     ap_none|                                                              p_reload95|        scalar|
|p_reload94                      |   in|   32|     ap_none|                                                              p_reload94|        scalar|
|p_reload93                      |   in|   32|     ap_none|                                                              p_reload93|        scalar|
|p_reload92                      |   in|   32|     ap_none|                                                              p_reload92|        scalar|
|p_reload91                      |   in|   32|     ap_none|                                                              p_reload91|        scalar|
|p_reload90                      |   in|   32|     ap_none|                                                              p_reload90|        scalar|
|p_reload89                      |   in|   32|     ap_none|                                                              p_reload89|        scalar|
|p_reload88                      |   in|   32|     ap_none|                                                              p_reload88|        scalar|
|p_reload87                      |   in|   32|     ap_none|                                                              p_reload87|        scalar|
|p_reload86                      |   in|   32|     ap_none|                                                              p_reload86|        scalar|
|p_reload85                      |   in|   32|     ap_none|                                                              p_reload85|        scalar|
|p_reload84                      |   in|   32|     ap_none|                                                              p_reload84|        scalar|
|p_reload83                      |   in|   32|     ap_none|                                                              p_reload83|        scalar|
|p_reload82                      |   in|   32|     ap_none|                                                              p_reload82|        scalar|
|p_reload81                      |   in|   32|     ap_none|                                                              p_reload81|        scalar|
|p_reload80                      |   in|   32|     ap_none|                                                              p_reload80|        scalar|
|p_reload79                      |   in|   32|     ap_none|                                                              p_reload79|        scalar|
|p_reload78                      |   in|   32|     ap_none|                                                              p_reload78|        scalar|
|p_reload77                      |   in|   32|     ap_none|                                                              p_reload77|        scalar|
|p_reload76                      |   in|   32|     ap_none|                                                              p_reload76|        scalar|
|p_reload75                      |   in|   32|     ap_none|                                                              p_reload75|        scalar|
|p_reload74                      |   in|   32|     ap_none|                                                              p_reload74|        scalar|
|p_reload73                      |   in|   32|     ap_none|                                                              p_reload73|        scalar|
|p_reload72                      |   in|   32|     ap_none|                                                              p_reload72|        scalar|
|p_reload71                      |   in|   32|     ap_none|                                                              p_reload71|        scalar|
|p_reload70                      |   in|   32|     ap_none|                                                              p_reload70|        scalar|
|p_reload69                      |   in|   32|     ap_none|                                                              p_reload69|        scalar|
|p_reload68                      |   in|   32|     ap_none|                                                              p_reload68|        scalar|
|p_reload67                      |   in|   32|     ap_none|                                                              p_reload67|        scalar|
|p_reload66                      |   in|   32|     ap_none|                                                              p_reload66|        scalar|
|p_reload65                      |   in|   32|     ap_none|                                                              p_reload65|        scalar|
|p_reload                        |   in|   32|     ap_none|                                                                p_reload|        scalar|
|h_1                             |   in|    4|     ap_none|                                                                     h_1|        scalar|
+--------------------------------+-----+-----+------------+------------------------------------------------------------------------+--------------+

