

================================================================
== Vitis HLS Report for 'llama_layer_Pipeline_VITIS_LOOP_27_24'
================================================================
* Date:           Thu Oct  2 22:23:48 2025

* Version:        2025.1 (Build 6135595 on May 21 2025)
* Project:        llama_layer_prj
* Solution:       solution1 (Vivado IP Flow Target)
* Product family: versalhbm
* Target device:  xcv80-lsva4737-2MHP-e-S


================================================================
== Performance Estimates
================================================================
+ Timing: 
    * Summary: 
    +--------+---------+----------+------------+
    |  Clock |  Target | Estimated| Uncertainty|
    +--------+---------+----------+------------+
    |ap_clk  |  4.00 ns|  2.887 ns|     1.08 ns|
    +--------+---------+----------+------------+

+ Latency: 
    * Summary: 
    +---------+---------+----------+----------+-----+-----+------------------------------------------------+
    |  Latency (cycles) |  Latency (absolute) |  Interval |                    Pipeline                    |
    |   min   |   max   |    min   |    max   | min | max |                      Type                      |
    +---------+---------+----------+----------+-----+-----+------------------------------------------------+
    |      774|      774|  3.096 us|  3.096 us|  769|  769|  loop auto-rewind stp (delay=0 clock cycles(s))|
    +---------+---------+----------+----------+-----+-----+------------------------------------------------+

    + Detail: 
        * Instance: 
        N/A

        * Loop: 
        +-------------------+---------+---------+----------+-----------+-----------+------+----------+
        |                   |  Latency (cycles) | Iteration|  Initiation Interval  | Trip |          |
        |     Loop Name     |   min   |   max   |  Latency |  achieved |   target  | Count| Pipelined|
        +-------------------+---------+---------+----------+-----------+-----------+------+----------+
        |- VITIS_LOOP_27_2  |      772|      772|         6|          1|          1|   768|       yes|
        +-------------------+---------+---------+----------+-----------+-----------+------+----------+



================================================================
== Utilization Estimates
================================================================
* Summary: 
+---------------------+---------+-------+---------+---------+------+
|         Name        | BRAM_18K|  DSP  |    FF   |   LUT   | URAM |
+---------------------+---------+-------+---------+---------+------+
|DSP                  |        -|      -|        -|        -|     -|
|Expression           |        -|      -|        0|       18|     -|
|FIFO                 |        -|      -|        -|        -|     -|
|Instance             |        -|      -|        0|      160|     -|
|Memory               |        -|      -|        -|        -|     -|
|Multiplexer          |        -|      -|        0|      163|     -|
|Register             |        -|      -|      224|       12|     -|
+---------------------+---------+-------+---------+---------+------+
|Total                |        0|      0|      224|      353|     0|
+---------------------+---------+-------+---------+---------+------+
|Available SLR        |     2494|   3616|  1716138|   858069|   641|
+---------------------+---------+-------+---------+---------+------+
|Utilization SLR (%)  |        0|      0|       ~0|       ~0|     0|
+---------------------+---------+-------+---------+---------+------+
|Available            |     7482|  10848|  5148416|  2574208|  1925|
+---------------------+---------+-------+---------+---------+------+
|Utilization (%)      |        0|      0|       ~0|       ~0|     0|
+---------------------+---------+-------+---------+---------+------+

+ Detail: 
    * Instance: 
    +-----------------------------+-----------------------+---------+----+---+-----+-----+
    |           Instance          |         Module        | BRAM_18K| DSP| FF| LUT | URAM|
    +-----------------------------+-----------------------+---------+----+---+-----+-----+
    |sparsemux_33_4_32_1_1_U1650  |sparsemux_33_4_32_1_1  |        0|   0|  0|  160|    0|
    +-----------------------------+-----------------------+---------+----+---+-----+-----+
    |Total                        |                       |        0|   0|  0|  160|    0|
    +-----------------------------+-----------------------+---------+----+---+-----+-----+

    * DSP: 
    N/A

    * Memory: 
    N/A

    * FIFO: 
    N/A

    * Expression: 
    +---------------------------+----------+----+---+----+------------+------------+
    |       Variable Name       | Operation| DSP| FF| LUT| Bitwidth P0| Bitwidth P1|
    +---------------------------+----------+----+---+----+------------+------------+
    |add_ln27_fu_690_p2         |         +|   0|  0|  10|          10|           1|
    |ap_block_pp0_stage0_11001  |       and|   0|  0|   2|           1|           1|
    |icmp_ln27_fu_696_p2        |      icmp|   0|  0|   4|          10|          10|
    |ap_enable_pp0              |       xor|   0|  0|   2|           1|           2|
    +---------------------------+----------+----+---+----+------------+------------+
    |Total                      |          |   0|  0|  18|          22|          14|
    +---------------------------+----------+----+---+----+------------+------------+

    * Multiplexer: 
    +-------------------------+----+-----------+-----+-----------+
    |           Name          | LUT| Input Size| Bits| Total Bits|
    +-------------------------+----+-----------+-----+-----------+
    |ap_done_int              |   1|          2|    1|          2|
    |ap_enable_reg_pp0_iter1  |   1|          2|    1|          2|
    |ap_sig_allocacmp_i       |  16|          2|   10|         20|
    |gmem2_blk_n_R            |   1|          2|    1|          2|
    |grp_fu_667_p0            |  32|          2|   32|         64|
    |grp_fu_667_p1            |  32|          2|   32|         64|
    |grp_fu_671_p0            |  32|          2|   32|         64|
    |grp_fu_671_p1            |  32|          2|   32|         64|
    |i_3_fu_166               |  16|          2|   10|         20|
    +-------------------------+----+-----------+-----+-----------+
    |Total                    | 163|         18|  151|        302|
    +-------------------------+----+-----------+-----+-----------+

    * Register: 
    +-------------------------------------------+----+----+-----+-----------+
    |                    Name                   | FF | LUT| Bits| Const Bits|
    +-------------------------------------------+----+----+-----+-----------+
    |ap_CS_fsm                                  |   1|   0|    1|          0|
    |ap_block_pp0_stage0_subdone_grp0_done_reg  |   1|   0|    1|          0|
    |ap_done_reg                                |   1|   0|    1|          0|
    |ap_enable_reg_pp0_iter1                    |   1|   0|    1|          0|
    |ap_enable_reg_pp0_iter2                    |   1|   0|    1|          0|
    |ap_enable_reg_pp0_iter3                    |   1|   0|    1|          0|
    |ap_enable_reg_pp0_iter4                    |   1|   0|    1|          0|
    |ap_enable_reg_pp0_iter5                    |   1|   0|    1|          0|
    |ap_loop_exit_ready_pp0_iter1_reg           |   1|   0|    1|          0|
    |ap_loop_exit_ready_pp0_iter2_reg           |   1|   0|    1|          0|
    |ap_loop_exit_ready_pp0_iter3_reg           |   1|   0|    1|          0|
    |ap_loop_exit_ready_pp0_iter4_reg           |   1|   0|    1|          0|
    |grp_fu_667_p0_keep                         |  32|   0|   32|          0|
    |grp_fu_667_p1_keep                         |  32|   0|   32|          0|
    |grp_fu_671_p0_keep                         |  32|   0|   32|          0|
    |grp_fu_671_p1_keep                         |  32|   0|   32|          0|
    |i_3_fu_166                                 |  10|   0|   10|          0|
    |mul10_i1_reg_1132                          |  32|   0|   32|          0|
    |mul13_i1_reg_1143                          |  32|   0|   32|          0|
    |trunc_ln27_reg_1022                        |   4|   0|    4|          0|
    |zext_ln27_reg_1027                         |   6|   0|   64|         58|
    |trunc_ln27_reg_1022                        |   0|   4|    4|          0|
    |zext_ln27_reg_1027                         |   0|   8|   64|         58|
    +-------------------------------------------+----+----+-----+-----------+
    |Total                                      | 224|  12|  350|        116|
    +-------------------------------------------+----+----+-----+-----------+



================================================================
== Interface
================================================================
* Summary: 
+-----------------------------------------------+-----+-----+------------+---------------------------------------+--------------+
|                   RTL Ports                   | Dir | Bits|  Protocol  |             Source Object             |    C Type    |
+-----------------------------------------------+-----+-----+------------+---------------------------------------+--------------+
|ap_clk                                         |   in|    1|  ap_ctrl_hs|  llama_layer_Pipeline_VITIS_LOOP_27_24|  return value|
|ap_rst                                         |   in|    1|  ap_ctrl_hs|  llama_layer_Pipeline_VITIS_LOOP_27_24|  return value|
|ap_start                                       |   in|    1|  ap_ctrl_hs|  llama_layer_Pipeline_VITIS_LOOP_27_24|  return value|
|ap_done                                        |  out|    1|  ap_ctrl_hs|  llama_layer_Pipeline_VITIS_LOOP_27_24|  return value|
|ap_idle                                        |  out|    1|  ap_ctrl_hs|  llama_layer_Pipeline_VITIS_LOOP_27_24|  return value|
|ap_ready                                       |  out|    1|  ap_ctrl_hs|  llama_layer_Pipeline_VITIS_LOOP_27_24|  return value|
|grp_fu_1690_p_din0                             |  out|   32|  ap_ctrl_hs|  llama_layer_Pipeline_VITIS_LOOP_27_24|  return value|
|grp_fu_1690_p_din1                             |  out|   32|  ap_ctrl_hs|  llama_layer_Pipeline_VITIS_LOOP_27_24|  return value|
|grp_fu_1690_p_dout0                            |   in|   32|  ap_ctrl_hs|  llama_layer_Pipeline_VITIS_LOOP_27_24|  return value|
|grp_fu_1694_p_din0                             |  out|   32|  ap_ctrl_hs|  llama_layer_Pipeline_VITIS_LOOP_27_24|  return value|
|grp_fu_1694_p_din1                             |  out|   32|  ap_ctrl_hs|  llama_layer_Pipeline_VITIS_LOOP_27_24|  return value|
|grp_fu_1694_p_dout0                            |   in|   32|  ap_ctrl_hs|  llama_layer_Pipeline_VITIS_LOOP_27_24|  return value|
|m_axi_gmem2_0_AWVALID                          |  out|    1|       m_axi|                                  gmem2|       pointer|
|m_axi_gmem2_0_AWREADY                          |   in|    1|       m_axi|                                  gmem2|       pointer|
|m_axi_gmem2_0_AWADDR                           |  out|   64|       m_axi|                                  gmem2|       pointer|
|m_axi_gmem2_0_AWID                             |  out|    1|       m_axi|                                  gmem2|       pointer|
|m_axi_gmem2_0_AWLEN                            |  out|   32|       m_axi|                                  gmem2|       pointer|
|m_axi_gmem2_0_AWSIZE                           |  out|    3|       m_axi|                                  gmem2|       pointer|
|m_axi_gmem2_0_AWBURST                          |  out|    2|       m_axi|                                  gmem2|       pointer|
|m_axi_gmem2_0_AWLOCK                           |  out|    2|       m_axi|                                  gmem2|       pointer|
|m_axi_gmem2_0_AWCACHE                          |  out|    4|       m_axi|                                  gmem2|       pointer|
|m_axi_gmem2_0_AWPROT                           |  out|    3|       m_axi|                                  gmem2|       pointer|
|m_axi_gmem2_0_AWQOS                            |  out|    4|       m_axi|                                  gmem2|       pointer|
|m_axi_gmem2_0_AWREGION                         |  out|    4|       m_axi|                                  gmem2|       pointer|
|m_axi_gmem2_0_AWUSER                           |  out|    1|       m_axi|                                  gmem2|       pointer|
|m_axi_gmem2_0_WVALID                           |  out|    1|       m_axi|                                  gmem2|       pointer|
|m_axi_gmem2_0_WREADY                           |   in|    1|       m_axi|                                  gmem2|       pointer|
|m_axi_gmem2_0_WDATA                            |  out|   32|       m_axi|                                  gmem2|       pointer|
|m_axi_gmem2_0_WSTRB                            |  out|    4|       m_axi|                                  gmem2|       pointer|
|m_axi_gmem2_0_WLAST                            |  out|    1|       m_axi|                                  gmem2|       pointer|
|m_axi_gmem2_0_WID                              |  out|    1|       m_axi|                                  gmem2|       pointer|
|m_axi_gmem2_0_WUSER                            |  out|    1|       m_axi|                                  gmem2|       pointer|
|m_axi_gmem2_0_ARVALID                          |  out|    1|       m_axi|                                  gmem2|       pointer|
|m_axi_gmem2_0_ARREADY                          |   in|    1|       m_axi|                                  gmem2|       pointer|
|m_axi_gmem2_0_ARADDR                           |  out|   64|       m_axi|                                  gmem2|       pointer|
|m_axi_gmem2_0_ARID                             |  out|    1|       m_axi|                                  gmem2|       pointer|
|m_axi_gmem2_0_ARLEN                            |  out|   32|       m_axi|                                  gmem2|       pointer|
|m_axi_gmem2_0_ARSIZE                           |  out|    3|       m_axi|                                  gmem2|       pointer|
|m_axi_gmem2_0_ARBURST                          |  out|    2|       m_axi|                                  gmem2|       pointer|
|m_axi_gmem2_0_ARLOCK                           |  out|    2|       m_axi|                                  gmem2|       pointer|
|m_axi_gmem2_0_ARCACHE                          |  out|    4|       m_axi|                                  gmem2|       pointer|
|m_axi_gmem2_0_ARPROT                           |  out|    3|       m_axi|                                  gmem2|       pointer|
|m_axi_gmem2_0_ARQOS                            |  out|    4|       m_axi|                                  gmem2|       pointer|
|m_axi_gmem2_0_ARREGION                         |  out|    4|       m_axi|                                  gmem2|       pointer|
|m_axi_gmem2_0_ARUSER                           |  out|    1|       m_axi|                                  gmem2|       pointer|
|m_axi_gmem2_0_RVALID                           |   in|    1|       m_axi|                                  gmem2|       pointer|
|m_axi_gmem2_0_RREADY                           |  out|    1|       m_axi|                                  gmem2|       pointer|
|m_axi_gmem2_0_RDATA                            |   in|   32|       m_axi|                                  gmem2|       pointer|
|m_axi_gmem2_0_RLAST                            |   in|    1|       m_axi|                                  gmem2|       pointer|
|m_axi_gmem2_0_RID                              |   in|    1|       m_axi|                                  gmem2|       pointer|
|m_axi_gmem2_0_RFIFONUM                         |   in|   13|       m_axi|                                  gmem2|       pointer|
|m_axi_gmem2_0_RUSER                            |   in|    1|       m_axi|                                  gmem2|       pointer|
|m_axi_gmem2_0_RRESP                            |   in|    2|       m_axi|                                  gmem2|       pointer|
|m_axi_gmem2_0_BVALID                           |   in|    1|       m_axi|                                  gmem2|       pointer|
|m_axi_gmem2_0_BREADY                           |  out|    1|       m_axi|                                  gmem2|       pointer|
|m_axi_gmem2_0_BRESP                            |   in|    2|       m_axi|                                  gmem2|       pointer|
|m_axi_gmem2_0_BID                              |   in|    1|       m_axi|                                  gmem2|       pointer|
|m_axi_gmem2_0_BUSER                            |   in|    1|       m_axi|                                  gmem2|       pointer|
|sext_ln27                                      |   in|   62|     ap_none|                              sext_ln27|        scalar|
|norm                                           |   in|   32|     ap_none|                                   norm|        scalar|
|norm_output_address1                           |  out|    6|   ap_memory|                            norm_output|         array|
|norm_output_ce1                                |  out|    1|   ap_memory|                            norm_output|         array|
|norm_output_we1                                |  out|    1|   ap_memory|                            norm_output|         array|
|norm_output_d1                                 |  out|   32|   ap_memory|                            norm_output|         array|
|current_token_address0                         |  out|    6|   ap_memory|                          current_token|         array|
|current_token_ce0                              |  out|    1|   ap_memory|                          current_token|         array|
|current_token_q0                               |   in|   32|   ap_memory|                          current_token|         array|
|current_token_19_address0                      |  out|    6|   ap_memory|                       current_token_19|         array|
|current_token_19_ce0                           |  out|    1|   ap_memory|                       current_token_19|         array|
|current_token_19_q0                            |   in|   32|   ap_memory|                       current_token_19|         array|
|current_token_20_address0                      |  out|    6|   ap_memory|                       current_token_20|         array|
|current_token_20_ce0                           |  out|    1|   ap_memory|                       current_token_20|         array|
|current_token_20_q0                            |   in|   32|   ap_memory|                       current_token_20|         array|
|current_token_21_address0                      |  out|    6|   ap_memory|                       current_token_21|         array|
|current_token_21_ce0                           |  out|    1|   ap_memory|                       current_token_21|         array|
|current_token_21_q0                            |   in|   32|   ap_memory|                       current_token_21|         array|
|current_token_22_address0                      |  out|    6|   ap_memory|                       current_token_22|         array|
|current_token_22_ce0                           |  out|    1|   ap_memory|                       current_token_22|         array|
|current_token_22_q0                            |   in|   32|   ap_memory|                       current_token_22|         array|
|current_token_23_address0                      |  out|    6|   ap_memory|                       current_token_23|         array|
|current_token_23_ce0                           |  out|    1|   ap_memory|                       current_token_23|         array|
|current_token_23_q0                            |   in|   32|   ap_memory|                       current_token_23|         array|
|current_token_24_address0                      |  out|    6|   ap_memory|                       current_token_24|         array|
|current_token_24_ce0                           |  out|    1|   ap_memory|                       current_token_24|         array|
|current_token_24_q0                            |   in|   32|   ap_memory|                       current_token_24|         array|
|current_token_25_address0                      |  out|    6|   ap_memory|                       current_token_25|         array|
|current_token_25_ce0                           |  out|    1|   ap_memory|                       current_token_25|         array|
|current_token_25_q0                            |   in|   32|   ap_memory|                       current_token_25|         array|
|current_token_26_address0                      |  out|    6|   ap_memory|                       current_token_26|         array|
|current_token_26_ce0                           |  out|    1|   ap_memory|                       current_token_26|         array|
|current_token_26_q0                            |   in|   32|   ap_memory|                       current_token_26|         array|
|current_token_27_address0                      |  out|    6|   ap_memory|                       current_token_27|         array|
|current_token_27_ce0                           |  out|    1|   ap_memory|                       current_token_27|         array|
|current_token_27_q0                            |   in|   32|   ap_memory|                       current_token_27|         array|
|p_ZZ11llama_layerE13current_token_10_address0  |  out|    6|   ap_memory|   p_ZZ11llama_layerE13current_token_10|         array|
|p_ZZ11llama_layerE13current_token_10_ce0       |  out|    1|   ap_memory|   p_ZZ11llama_layerE13current_token_10|         array|
|p_ZZ11llama_layerE13current_token_10_q0        |   in|   32|   ap_memory|   p_ZZ11llama_layerE13current_token_10|         array|
|p_ZZ11llama_layerE13current_token_11_address0  |  out|    6|   ap_memory|   p_ZZ11llama_layerE13current_token_11|         array|
|p_ZZ11llama_layerE13current_token_11_ce0       |  out|    1|   ap_memory|   p_ZZ11llama_layerE13current_token_11|         array|
|p_ZZ11llama_layerE13current_token_11_q0        |   in|   32|   ap_memory|   p_ZZ11llama_layerE13current_token_11|         array|
|p_ZZ11llama_layerE13current_token_12_address0  |  out|    6|   ap_memory|   p_ZZ11llama_layerE13current_token_12|         array|
|p_ZZ11llama_layerE13current_token_12_ce0       |  out|    1|   ap_memory|   p_ZZ11llama_layerE13current_token_12|         array|
|p_ZZ11llama_layerE13current_token_12_q0        |   in|   32|   ap_memory|   p_ZZ11llama_layerE13current_token_12|         array|
|p_ZZ11llama_layerE13current_token_13_address0  |  out|    6|   ap_memory|   p_ZZ11llama_layerE13current_token_13|         array|
|p_ZZ11llama_layerE13current_token_13_ce0       |  out|    1|   ap_memory|   p_ZZ11llama_layerE13current_token_13|         array|
|p_ZZ11llama_layerE13current_token_13_q0        |   in|   32|   ap_memory|   p_ZZ11llama_layerE13current_token_13|         array|
|p_ZZ11llama_layerE13current_token_14_address0  |  out|    6|   ap_memory|   p_ZZ11llama_layerE13current_token_14|         array|
|p_ZZ11llama_layerE13current_token_14_ce0       |  out|    1|   ap_memory|   p_ZZ11llama_layerE13current_token_14|         array|
|p_ZZ11llama_layerE13current_token_14_q0        |   in|   32|   ap_memory|   p_ZZ11llama_layerE13current_token_14|         array|
|p_ZZ11llama_layerE13current_token_15_address0  |  out|    6|   ap_memory|   p_ZZ11llama_layerE13current_token_15|         array|
|p_ZZ11llama_layerE13current_token_15_ce0       |  out|    1|   ap_memory|   p_ZZ11llama_layerE13current_token_15|         array|
|p_ZZ11llama_layerE13current_token_15_q0        |   in|   32|   ap_memory|   p_ZZ11llama_layerE13current_token_15|         array|
|norm_output_35_address1                        |  out|    6|   ap_memory|                         norm_output_35|         array|
|norm_output_35_ce1                             |  out|    1|   ap_memory|                         norm_output_35|         array|
|norm_output_35_we1                             |  out|    1|   ap_memory|                         norm_output_35|         array|
|norm_output_35_d1                              |  out|   32|   ap_memory|                         norm_output_35|         array|
|norm_output_36_address1                        |  out|    6|   ap_memory|                         norm_output_36|         array|
|norm_output_36_ce1                             |  out|    1|   ap_memory|                         norm_output_36|         array|
|norm_output_36_we1                             |  out|    1|   ap_memory|                         norm_output_36|         array|
|norm_output_36_d1                              |  out|   32|   ap_memory|                         norm_output_36|         array|
|norm_output_37_address1                        |  out|    6|   ap_memory|                         norm_output_37|         array|
|norm_output_37_ce1                             |  out|    1|   ap_memory|                         norm_output_37|         array|
|norm_output_37_we1                             |  out|    1|   ap_memory|                         norm_output_37|         array|
|norm_output_37_d1                              |  out|   32|   ap_memory|                         norm_output_37|         array|
|norm_output_38_address1                        |  out|    6|   ap_memory|                         norm_output_38|         array|
|norm_output_38_ce1                             |  out|    1|   ap_memory|                         norm_output_38|         array|
|norm_output_38_we1                             |  out|    1|   ap_memory|                         norm_output_38|         array|
|norm_output_38_d1                              |  out|   32|   ap_memory|                         norm_output_38|         array|
|norm_output_39_address1                        |  out|    6|   ap_memory|                         norm_output_39|         array|
|norm_output_39_ce1                             |  out|    1|   ap_memory|                         norm_output_39|         array|
|norm_output_39_we1                             |  out|    1|   ap_memory|                         norm_output_39|         array|
|norm_output_39_d1                              |  out|   32|   ap_memory|                         norm_output_39|         array|
|norm_output_40_address1                        |  out|    6|   ap_memory|                         norm_output_40|         array|
|norm_output_40_ce1                             |  out|    1|   ap_memory|                         norm_output_40|         array|
|norm_output_40_we1                             |  out|    1|   ap_memory|                         norm_output_40|         array|
|norm_output_40_d1                              |  out|   32|   ap_memory|                         norm_output_40|         array|
|norm_output_41_address1                        |  out|    6|   ap_memory|                         norm_output_41|         array|
|norm_output_41_ce1                             |  out|    1|   ap_memory|                         norm_output_41|         array|
|norm_output_41_we1                             |  out|    1|   ap_memory|                         norm_output_41|         array|
|norm_output_41_d1                              |  out|   32|   ap_memory|                         norm_output_41|         array|
|norm_output_42_address1                        |  out|    6|   ap_memory|                         norm_output_42|         array|
|norm_output_42_ce1                             |  out|    1|   ap_memory|                         norm_output_42|         array|
|norm_output_42_we1                             |  out|    1|   ap_memory|                         norm_output_42|         array|
|norm_output_42_d1                              |  out|   32|   ap_memory|                         norm_output_42|         array|
|norm_output_43_address1                        |  out|    6|   ap_memory|                         norm_output_43|         array|
|norm_output_43_ce1                             |  out|    1|   ap_memory|                         norm_output_43|         array|
|norm_output_43_we1                             |  out|    1|   ap_memory|                         norm_output_43|         array|
|norm_output_43_d1                              |  out|   32|   ap_memory|                         norm_output_43|         array|
|p_ZZ11llama_layerE11norm_output_10_address1    |  out|    6|   ap_memory|     p_ZZ11llama_layerE11norm_output_10|         array|
|p_ZZ11llama_layerE11norm_output_10_ce1         |  out|    1|   ap_memory|     p_ZZ11llama_layerE11norm_output_10|         array|
|p_ZZ11llama_layerE11norm_output_10_we1         |  out|    1|   ap_memory|     p_ZZ11llama_layerE11norm_output_10|         array|
|p_ZZ11llama_layerE11norm_output_10_d1          |  out|   32|   ap_memory|     p_ZZ11llama_layerE11norm_output_10|         array|
|p_ZZ11llama_layerE11norm_output_11_address1    |  out|    6|   ap_memory|     p_ZZ11llama_layerE11norm_output_11|         array|
|p_ZZ11llama_layerE11norm_output_11_ce1         |  out|    1|   ap_memory|     p_ZZ11llama_layerE11norm_output_11|         array|
|p_ZZ11llama_layerE11norm_output_11_we1         |  out|    1|   ap_memory|     p_ZZ11llama_layerE11norm_output_11|         array|
|p_ZZ11llama_layerE11norm_output_11_d1          |  out|   32|   ap_memory|     p_ZZ11llama_layerE11norm_output_11|         array|
|p_ZZ11llama_layerE11norm_output_12_address1    |  out|    6|   ap_memory|     p_ZZ11llama_layerE11norm_output_12|         array|
|p_ZZ11llama_layerE11norm_output_12_ce1         |  out|    1|   ap_memory|     p_ZZ11llama_layerE11norm_output_12|         array|
|p_ZZ11llama_layerE11norm_output_12_we1         |  out|    1|   ap_memory|     p_ZZ11llama_layerE11norm_output_12|         array|
|p_ZZ11llama_layerE11norm_output_12_d1          |  out|   32|   ap_memory|     p_ZZ11llama_layerE11norm_output_12|         array|
|p_ZZ11llama_layerE11norm_output_13_address1    |  out|    6|   ap_memory|     p_ZZ11llama_layerE11norm_output_13|         array|
|p_ZZ11llama_layerE11norm_output_13_ce1         |  out|    1|   ap_memory|     p_ZZ11llama_layerE11norm_output_13|         array|
|p_ZZ11llama_layerE11norm_output_13_we1         |  out|    1|   ap_memory|     p_ZZ11llama_layerE11norm_output_13|         array|
|p_ZZ11llama_layerE11norm_output_13_d1          |  out|   32|   ap_memory|     p_ZZ11llama_layerE11norm_output_13|         array|
|p_ZZ11llama_layerE11norm_output_14_address1    |  out|    6|   ap_memory|     p_ZZ11llama_layerE11norm_output_14|         array|
|p_ZZ11llama_layerE11norm_output_14_ce1         |  out|    1|   ap_memory|     p_ZZ11llama_layerE11norm_output_14|         array|
|p_ZZ11llama_layerE11norm_output_14_we1         |  out|    1|   ap_memory|     p_ZZ11llama_layerE11norm_output_14|         array|
|p_ZZ11llama_layerE11norm_output_14_d1          |  out|   32|   ap_memory|     p_ZZ11llama_layerE11norm_output_14|         array|
|p_ZZ11llama_layerE11norm_output_15_address1    |  out|    6|   ap_memory|     p_ZZ11llama_layerE11norm_output_15|         array|
|p_ZZ11llama_layerE11norm_output_15_ce1         |  out|    1|   ap_memory|     p_ZZ11llama_layerE11norm_output_15|         array|
|p_ZZ11llama_layerE11norm_output_15_we1         |  out|    1|   ap_memory|     p_ZZ11llama_layerE11norm_output_15|         array|
|p_ZZ11llama_layerE11norm_output_15_d1          |  out|   32|   ap_memory|     p_ZZ11llama_layerE11norm_output_15|         array|
+-----------------------------------------------+-----+-----+------------+---------------------------------------+--------------+

