

================================================================
== Vitis HLS Report for 'llama_layer_Pipeline_VITIS_LOOP_124_2'
================================================================
* Date:           Thu Oct  2 22:22:46 2025

* Version:        2025.1 (Build 6135595 on May 21 2025)
* Project:        llama_layer_prj
* Solution:       solution1 (Vivado IP Flow Target)
* Product family: versalhbm
* Target device:  xcv80-lsva4737-2MHP-e-S


================================================================
== Performance Estimates
================================================================
+ Timing: 
    * Summary: 
    +--------+---------+----------+------------+
    |  Clock |  Target | Estimated| Uncertainty|
    +--------+---------+----------+------------+
    |ap_clk  |  4.00 ns|  2.049 ns|     1.08 ns|
    +--------+---------+----------+------------+

+ Latency: 
    * Summary: 
    +---------+---------+----------+----------+-----+-----+------------------------------------------------+
    |  Latency (cycles) |  Latency (absolute) |  Interval |                    Pipeline                    |
    |   min   |   max   |    min   |    max   | min | max |                      Type                      |
    +---------+---------+----------+----------+-----+-----+------------------------------------------------+
    |      771|      771|  3.084 us|  3.084 us|  769|  769|  loop auto-rewind stp (delay=0 clock cycles(s))|
    +---------+---------+----------+----------+-----+-----+------------------------------------------------+

    + Detail: 
        * Instance: 
        N/A

        * Loop: 
        +--------------------+---------+---------+----------+-----------+-----------+------+----------+
        |                    |  Latency (cycles) | Iteration|  Initiation Interval  | Trip |          |
        |      Loop Name     |   min   |   max   |  Latency |  achieved |   target  | Count| Pipelined|
        +--------------------+---------+---------+----------+-----------+-----------+------+----------+
        |- VITIS_LOOP_124_2  |      769|      769|         3|          1|          1|   768|       yes|
        +--------------------+---------+---------+----------+-----------+-----------+------+----------+



================================================================
== Utilization Estimates
================================================================
* Summary: 
+---------------------+---------+-------+---------+---------+------+
|         Name        | BRAM_18K|  DSP  |    FF   |   LUT   | URAM |
+---------------------+---------+-------+---------+---------+------+
|DSP                  |        -|      -|        -|        -|     -|
|Expression           |        -|      -|        0|       16|     -|
|FIFO                 |        -|      -|        -|        -|     -|
|Instance             |        -|      -|        0|      160|     -|
|Memory               |        -|      -|        -|        -|     -|
|Multiplexer          |        -|      -|        0|       34|     -|
|Register             |        -|      -|       67|        -|     -|
+---------------------+---------+-------+---------+---------+------+
|Total                |        0|      0|       67|      210|     0|
+---------------------+---------+-------+---------+---------+------+
|Available SLR        |     2494|   3616|  1716138|   858069|   641|
+---------------------+---------+-------+---------+---------+------+
|Utilization SLR (%)  |        0|      0|       ~0|       ~0|     0|
+---------------------+---------+-------+---------+---------+------+
|Available            |     7482|  10848|  5148416|  2574208|  1925|
+---------------------+---------+-------+---------+---------+------+
|Utilization (%)      |        0|      0|       ~0|       ~0|     0|
+---------------------+---------+-------+---------+---------+------+

+ Detail: 
    * Instance: 
    +---------------------------+-----------------------+---------+----+---+-----+-----+
    |          Instance         |         Module        | BRAM_18K| DSP| FF| LUT | URAM|
    +---------------------------+-----------------------+---------+----+---+-----+-----+
    |sparsemux_33_4_32_1_1_U79  |sparsemux_33_4_32_1_1  |        0|   0|  0|  160|    0|
    +---------------------------+-----------------------+---------+----+---+-----+-----+
    |Total                      |                       |        0|   0|  0|  160|    0|
    +---------------------------+-----------------------+---------+----+---+-----+-----+

    * DSP: 
    N/A

    * Memory: 
    N/A

    * FIFO: 
    N/A

    * Expression: 
    +----------------------+----------+----+---+----+------------+------------+
    |     Variable Name    | Operation| DSP| FF| LUT| Bitwidth P0| Bitwidth P1|
    +----------------------+----------+----+---+----+------------+------------+
    |add_ln124_fu_633_p2   |         +|   0|  0|  10|          10|           1|
    |icmp_ln124_fu_639_p2  |      icmp|   0|  0|   4|          10|          10|
    |ap_enable_pp0         |       xor|   0|  0|   2|           1|           2|
    +----------------------+----------+----+---+----+------------+------------+
    |Total                 |          |   0|  0|  16|          21|          13|
    +----------------------+----------+----+---+----+------------+------------+

    * Multiplexer: 
    +-------------------------+----+-----------+-----+-----------+
    |           Name          | LUT| Input Size| Bits| Total Bits|
    +-------------------------+----+-----------+-----+-----------+
    |ap_done_int              |   1|          2|    1|          2|
    |ap_enable_reg_pp0_iter1  |   1|          2|    1|          2|
    |ap_sig_allocacmp_i       |  16|          2|   10|         20|
    |i_5_fu_138               |  16|          2|   10|         20|
    +-------------------------+----+-----------+-----+-----------+
    |Total                    |  34|          8|   22|         44|
    +-------------------------+----+-----------+-----+-----------+

    * Register: 
    +-----------------------------------+----+----+-----+-----------+
    |                Name               | FF | LUT| Bits| Const Bits|
    +-----------------------------------+----+----+-----+-----------+
    |ap_CS_fsm                          |   1|   0|    1|          0|
    |ap_done_reg                        |   1|   0|    1|          0|
    |ap_enable_reg_pp0_iter1            |   1|   0|    1|          0|
    |ap_enable_reg_pp0_iter2            |   1|   0|    1|          0|
    |ap_loop_exit_ready_pp0_iter1_reg   |   1|   0|    1|          0|
    |i_5_fu_138                         |  10|   0|   10|          0|
    |tmp_4_reg_1033                     |  32|   0|   32|          0|
    |trunc_ln124_reg_928                |   4|   0|    4|          0|
    |trunc_ln124_reg_928_pp0_iter1_reg  |   4|   0|    4|          0|
    |zext_ln124_reg_933                 |   6|   0|   64|         58|
    |zext_ln124_reg_933_pp0_iter1_reg   |   6|   0|   64|         58|
    +-----------------------------------+----+----+-----+-----------+
    |Total                              |  67|   0|  183|        116|
    +-----------------------------------+----+----+-----+-----------+



================================================================
== Interface
================================================================
* Summary: 
+-----------------------------------------------+-----+-----+------------+---------------------------------------+--------------+
|                   RTL Ports                   | Dir | Bits|  Protocol  |             Source Object             |    C Type    |
+-----------------------------------------------+-----+-----+------------+---------------------------------------+--------------+
|ap_clk                                         |   in|    1|  ap_ctrl_hs|  llama_layer_Pipeline_VITIS_LOOP_124_2|  return value|
|ap_rst                                         |   in|    1|  ap_ctrl_hs|  llama_layer_Pipeline_VITIS_LOOP_124_2|  return value|
|ap_start                                       |   in|    1|  ap_ctrl_hs|  llama_layer_Pipeline_VITIS_LOOP_124_2|  return value|
|ap_done                                        |  out|    1|  ap_ctrl_hs|  llama_layer_Pipeline_VITIS_LOOP_124_2|  return value|
|ap_idle                                        |  out|    1|  ap_ctrl_hs|  llama_layer_Pipeline_VITIS_LOOP_124_2|  return value|
|ap_ready                                       |  out|    1|  ap_ctrl_hs|  llama_layer_Pipeline_VITIS_LOOP_124_2|  return value|
|current_token_address1                         |  out|    6|   ap_memory|                          current_token|         array|
|current_token_ce1                              |  out|    1|   ap_memory|                          current_token|         array|
|current_token_we1                              |  out|    1|   ap_memory|                          current_token|         array|
|current_token_d1                               |  out|   32|   ap_memory|                          current_token|         array|
|norm_output_address0                           |  out|    6|   ap_memory|                            norm_output|         array|
|norm_output_ce0                                |  out|    1|   ap_memory|                            norm_output|         array|
|norm_output_q0                                 |   in|   32|   ap_memory|                            norm_output|         array|
|norm_output_35_address0                        |  out|    6|   ap_memory|                         norm_output_35|         array|
|norm_output_35_ce0                             |  out|    1|   ap_memory|                         norm_output_35|         array|
|norm_output_35_q0                              |   in|   32|   ap_memory|                         norm_output_35|         array|
|norm_output_36_address0                        |  out|    6|   ap_memory|                         norm_output_36|         array|
|norm_output_36_ce0                             |  out|    1|   ap_memory|                         norm_output_36|         array|
|norm_output_36_q0                              |   in|   32|   ap_memory|                         norm_output_36|         array|
|norm_output_37_address0                        |  out|    6|   ap_memory|                         norm_output_37|         array|
|norm_output_37_ce0                             |  out|    1|   ap_memory|                         norm_output_37|         array|
|norm_output_37_q0                              |   in|   32|   ap_memory|                         norm_output_37|         array|
|norm_output_38_address0                        |  out|    6|   ap_memory|                         norm_output_38|         array|
|norm_output_38_ce0                             |  out|    1|   ap_memory|                         norm_output_38|         array|
|norm_output_38_q0                              |   in|   32|   ap_memory|                         norm_output_38|         array|
|norm_output_39_address0                        |  out|    6|   ap_memory|                         norm_output_39|         array|
|norm_output_39_ce0                             |  out|    1|   ap_memory|                         norm_output_39|         array|
|norm_output_39_q0                              |   in|   32|   ap_memory|                         norm_output_39|         array|
|norm_output_40_address0                        |  out|    6|   ap_memory|                         norm_output_40|         array|
|norm_output_40_ce0                             |  out|    1|   ap_memory|                         norm_output_40|         array|
|norm_output_40_q0                              |   in|   32|   ap_memory|                         norm_output_40|         array|
|norm_output_41_address0                        |  out|    6|   ap_memory|                         norm_output_41|         array|
|norm_output_41_ce0                             |  out|    1|   ap_memory|                         norm_output_41|         array|
|norm_output_41_q0                              |   in|   32|   ap_memory|                         norm_output_41|         array|
|norm_output_42_address0                        |  out|    6|   ap_memory|                         norm_output_42|         array|
|norm_output_42_ce0                             |  out|    1|   ap_memory|                         norm_output_42|         array|
|norm_output_42_q0                              |   in|   32|   ap_memory|                         norm_output_42|         array|
|norm_output_43_address0                        |  out|    6|   ap_memory|                         norm_output_43|         array|
|norm_output_43_ce0                             |  out|    1|   ap_memory|                         norm_output_43|         array|
|norm_output_43_q0                              |   in|   32|   ap_memory|                         norm_output_43|         array|
|p_ZZ11llama_layerE11norm_output_10_address0    |  out|    6|   ap_memory|     p_ZZ11llama_layerE11norm_output_10|         array|
|p_ZZ11llama_layerE11norm_output_10_ce0         |  out|    1|   ap_memory|     p_ZZ11llama_layerE11norm_output_10|         array|
|p_ZZ11llama_layerE11norm_output_10_q0          |   in|   32|   ap_memory|     p_ZZ11llama_layerE11norm_output_10|         array|
|p_ZZ11llama_layerE11norm_output_11_address0    |  out|    6|   ap_memory|     p_ZZ11llama_layerE11norm_output_11|         array|
|p_ZZ11llama_layerE11norm_output_11_ce0         |  out|    1|   ap_memory|     p_ZZ11llama_layerE11norm_output_11|         array|
|p_ZZ11llama_layerE11norm_output_11_q0          |   in|   32|   ap_memory|     p_ZZ11llama_layerE11norm_output_11|         array|
|p_ZZ11llama_layerE11norm_output_12_address0    |  out|    6|   ap_memory|     p_ZZ11llama_layerE11norm_output_12|         array|
|p_ZZ11llama_layerE11norm_output_12_ce0         |  out|    1|   ap_memory|     p_ZZ11llama_layerE11norm_output_12|         array|
|p_ZZ11llama_layerE11norm_output_12_q0          |   in|   32|   ap_memory|     p_ZZ11llama_layerE11norm_output_12|         array|
|p_ZZ11llama_layerE11norm_output_13_address0    |  out|    6|   ap_memory|     p_ZZ11llama_layerE11norm_output_13|         array|
|p_ZZ11llama_layerE11norm_output_13_ce0         |  out|    1|   ap_memory|     p_ZZ11llama_layerE11norm_output_13|         array|
|p_ZZ11llama_layerE11norm_output_13_q0          |   in|   32|   ap_memory|     p_ZZ11llama_layerE11norm_output_13|         array|
|p_ZZ11llama_layerE11norm_output_14_address0    |  out|    6|   ap_memory|     p_ZZ11llama_layerE11norm_output_14|         array|
|p_ZZ11llama_layerE11norm_output_14_ce0         |  out|    1|   ap_memory|     p_ZZ11llama_layerE11norm_output_14|         array|
|p_ZZ11llama_layerE11norm_output_14_q0          |   in|   32|   ap_memory|     p_ZZ11llama_layerE11norm_output_14|         array|
|p_ZZ11llama_layerE11norm_output_15_address0    |  out|    6|   ap_memory|     p_ZZ11llama_layerE11norm_output_15|         array|
|p_ZZ11llama_layerE11norm_output_15_ce0         |  out|    1|   ap_memory|     p_ZZ11llama_layerE11norm_output_15|         array|
|p_ZZ11llama_layerE11norm_output_15_q0          |   in|   32|   ap_memory|     p_ZZ11llama_layerE11norm_output_15|         array|
|current_token_19_address1                      |  out|    6|   ap_memory|                       current_token_19|         array|
|current_token_19_ce1                           |  out|    1|   ap_memory|                       current_token_19|         array|
|current_token_19_we1                           |  out|    1|   ap_memory|                       current_token_19|         array|
|current_token_19_d1                            |  out|   32|   ap_memory|                       current_token_19|         array|
|current_token_20_address1                      |  out|    6|   ap_memory|                       current_token_20|         array|
|current_token_20_ce1                           |  out|    1|   ap_memory|                       current_token_20|         array|
|current_token_20_we1                           |  out|    1|   ap_memory|                       current_token_20|         array|
|current_token_20_d1                            |  out|   32|   ap_memory|                       current_token_20|         array|
|current_token_21_address1                      |  out|    6|   ap_memory|                       current_token_21|         array|
|current_token_21_ce1                           |  out|    1|   ap_memory|                       current_token_21|         array|
|current_token_21_we1                           |  out|    1|   ap_memory|                       current_token_21|         array|
|current_token_21_d1                            |  out|   32|   ap_memory|                       current_token_21|         array|
|current_token_22_address1                      |  out|    6|   ap_memory|                       current_token_22|         array|
|current_token_22_ce1                           |  out|    1|   ap_memory|                       current_token_22|         array|
|current_token_22_we1                           |  out|    1|   ap_memory|                       current_token_22|         array|
|current_token_22_d1                            |  out|   32|   ap_memory|                       current_token_22|         array|
|current_token_23_address1                      |  out|    6|   ap_memory|                       current_token_23|         array|
|current_token_23_ce1                           |  out|    1|   ap_memory|                       current_token_23|         array|
|current_token_23_we1                           |  out|    1|   ap_memory|                       current_token_23|         array|
|current_token_23_d1                            |  out|   32|   ap_memory|                       current_token_23|         array|
|current_token_24_address1                      |  out|    6|   ap_memory|                       current_token_24|         array|
|current_token_24_ce1                           |  out|    1|   ap_memory|                       current_token_24|         array|
|current_token_24_we1                           |  out|    1|   ap_memory|                       current_token_24|         array|
|current_token_24_d1                            |  out|   32|   ap_memory|                       current_token_24|         array|
|current_token_25_address1                      |  out|    6|   ap_memory|                       current_token_25|         array|
|current_token_25_ce1                           |  out|    1|   ap_memory|                       current_token_25|         array|
|current_token_25_we1                           |  out|    1|   ap_memory|                       current_token_25|         array|
|current_token_25_d1                            |  out|   32|   ap_memory|                       current_token_25|         array|
|current_token_26_address1                      |  out|    6|   ap_memory|                       current_token_26|         array|
|current_token_26_ce1                           |  out|    1|   ap_memory|                       current_token_26|         array|
|current_token_26_we1                           |  out|    1|   ap_memory|                       current_token_26|         array|
|current_token_26_d1                            |  out|   32|   ap_memory|                       current_token_26|         array|
|current_token_27_address1                      |  out|    6|   ap_memory|                       current_token_27|         array|
|current_token_27_ce1                           |  out|    1|   ap_memory|                       current_token_27|         array|
|current_token_27_we1                           |  out|    1|   ap_memory|                       current_token_27|         array|
|current_token_27_d1                            |  out|   32|   ap_memory|                       current_token_27|         array|
|p_ZZ11llama_layerE13current_token_10_address1  |  out|    6|   ap_memory|   p_ZZ11llama_layerE13current_token_10|         array|
|p_ZZ11llama_layerE13current_token_10_ce1       |  out|    1|   ap_memory|   p_ZZ11llama_layerE13current_token_10|         array|
|p_ZZ11llama_layerE13current_token_10_we1       |  out|    1|   ap_memory|   p_ZZ11llama_layerE13current_token_10|         array|
|p_ZZ11llama_layerE13current_token_10_d1        |  out|   32|   ap_memory|   p_ZZ11llama_layerE13current_token_10|         array|
|p_ZZ11llama_layerE13current_token_11_address1  |  out|    6|   ap_memory|   p_ZZ11llama_layerE13current_token_11|         array|
|p_ZZ11llama_layerE13current_token_11_ce1       |  out|    1|   ap_memory|   p_ZZ11llama_layerE13current_token_11|         array|
|p_ZZ11llama_layerE13current_token_11_we1       |  out|    1|   ap_memory|   p_ZZ11llama_layerE13current_token_11|         array|
|p_ZZ11llama_layerE13current_token_11_d1        |  out|   32|   ap_memory|   p_ZZ11llama_layerE13current_token_11|         array|
|p_ZZ11llama_layerE13current_token_12_address1  |  out|    6|   ap_memory|   p_ZZ11llama_layerE13current_token_12|         array|
|p_ZZ11llama_layerE13current_token_12_ce1       |  out|    1|   ap_memory|   p_ZZ11llama_layerE13current_token_12|         array|
|p_ZZ11llama_layerE13current_token_12_we1       |  out|    1|   ap_memory|   p_ZZ11llama_layerE13current_token_12|         array|
|p_ZZ11llama_layerE13current_token_12_d1        |  out|   32|   ap_memory|   p_ZZ11llama_layerE13current_token_12|         array|
|p_ZZ11llama_layerE13current_token_13_address1  |  out|    6|   ap_memory|   p_ZZ11llama_layerE13current_token_13|         array|
|p_ZZ11llama_layerE13current_token_13_ce1       |  out|    1|   ap_memory|   p_ZZ11llama_layerE13current_token_13|         array|
|p_ZZ11llama_layerE13current_token_13_we1       |  out|    1|   ap_memory|   p_ZZ11llama_layerE13current_token_13|         array|
|p_ZZ11llama_layerE13current_token_13_d1        |  out|   32|   ap_memory|   p_ZZ11llama_layerE13current_token_13|         array|
|p_ZZ11llama_layerE13current_token_14_address1  |  out|    6|   ap_memory|   p_ZZ11llama_layerE13current_token_14|         array|
|p_ZZ11llama_layerE13current_token_14_ce1       |  out|    1|   ap_memory|   p_ZZ11llama_layerE13current_token_14|         array|
|p_ZZ11llama_layerE13current_token_14_we1       |  out|    1|   ap_memory|   p_ZZ11llama_layerE13current_token_14|         array|
|p_ZZ11llama_layerE13current_token_14_d1        |  out|   32|   ap_memory|   p_ZZ11llama_layerE13current_token_14|         array|
|p_ZZ11llama_layerE13current_token_15_address1  |  out|    6|   ap_memory|   p_ZZ11llama_layerE13current_token_15|         array|
|p_ZZ11llama_layerE13current_token_15_ce1       |  out|    1|   ap_memory|   p_ZZ11llama_layerE13current_token_15|         array|
|p_ZZ11llama_layerE13current_token_15_we1       |  out|    1|   ap_memory|   p_ZZ11llama_layerE13current_token_15|         array|
|p_ZZ11llama_layerE13current_token_15_d1        |  out|   32|   ap_memory|   p_ZZ11llama_layerE13current_token_15|         array|
+-----------------------------------------------+-----+-----+------------+---------------------------------------+--------------+

