

================================================================
== Vitis HLS Report for 'Block_entry_xb_0_wr_proc_Pipeline_ACCUM_WRITEBACK'
================================================================
* Date:           Thu Oct  2 21:26:46 2025

* Version:        2025.1 (Build 6135595 on May 21 2025)
* Project:        mhsa_prj
* Solution:       solution1 (Vivado IP Flow Target)
* Product family: versalhbm
* Target device:  xcv80-lsva4737-2MHP-e-S


================================================================
== Performance Estimates
================================================================
+ Timing: 
    * Summary: 
    +--------+---------+----------+------------+
    |  Clock |  Target | Estimated| Uncertainty|
    +--------+---------+----------+------------+
    |ap_clk  |  4.00 ns|  2.575 ns|     1.08 ns|
    +--------+---------+----------+------------+

+ Latency: 
    * Summary: 
    +---------+---------+-----------+-----------+-----+-----+------------------------------------------------+
    |  Latency (cycles) |   Latency (absolute)  |  Interval |                    Pipeline                    |
    |   min   |   max   |    min    |    max    | min | max |                      Type                      |
    +---------+---------+-----------+-----------+-----+-----+------------------------------------------------+
    |       18|       18|  72.000 ns|  72.000 ns|   17|   17|  loop auto-rewind stp (delay=0 clock cycles(s))|
    +---------+---------+-----------+-----------+-----+-----+------------------------------------------------+

    + Detail: 
        * Instance: 
        N/A

        * Loop: 
        +-------------------+---------+---------+----------+-----------+-----------+------+----------+
        |                   |  Latency (cycles) | Iteration|  Initiation Interval  | Trip |          |
        |     Loop Name     |   min   |   max   |  Latency |  achieved |   target  | Count| Pipelined|
        +-------------------+---------+---------+----------+-----------+-----------+------+----------+
        |- ACCUM_WRITEBACK  |       16|       16|         1|          1|          1|    16|       yes|
        +-------------------+---------+---------+----------+-----------+-----------+------+----------+



================================================================
== Utilization Estimates
================================================================
* Summary: 
+---------------------+---------+-------+---------+---------+------+
|         Name        | BRAM_18K|  DSP  |    FF   |   LUT   | URAM |
+---------------------+---------+-------+---------+---------+------+
|DSP                  |        -|      -|        -|        -|     -|
|Expression           |        -|      -|        0|        8|     -|
|FIFO                 |        -|      -|        -|        -|     -|
|Instance             |        -|      -|        0|     2688|     -|
|Memory               |        -|      -|        -|        -|     -|
|Multiplexer          |        -|      -|        0|       17|     -|
|Register             |        -|      -|        9|        -|     -|
+---------------------+---------+-------+---------+---------+------+
|Total                |        0|      0|        9|     2713|     0|
+---------------------+---------+-------+---------+---------+------+
|Available SLR        |     2494|   3616|  1716138|   858069|   641|
+---------------------+---------+-------+---------+---------+------+
|Utilization SLR (%)  |        0|      0|       ~0|       ~0|     0|
+---------------------+---------+-------+---------+---------+------+
|Available            |     7482|  10848|  5148416|  2574208|  1925|
+---------------------+---------+-------+---------+---------+------+
|Utilization (%)      |        0|      0|       ~0|       ~0|     0|
+---------------------+---------+-------+---------+---------+------+

+ Detail: 
    * Instance: 
    +----------------------------+-----------------------+---------+----+---+-----+-----+
    |          Instance          |         Module        | BRAM_18K| DSP| FF| LUT | URAM|
    +----------------------------+-----------------------+---------+----+---+-----+-----+
    |sparsemux_33_6_32_1_1_U956  |sparsemux_33_6_32_1_1  |        0|   0|  0|  672|    0|
    |sparsemux_33_6_32_1_1_U957  |sparsemux_33_6_32_1_1  |        0|   0|  0|  672|    0|
    |sparsemux_33_6_32_1_1_U958  |sparsemux_33_6_32_1_1  |        0|   0|  0|  672|    0|
    |sparsemux_33_6_32_1_1_U959  |sparsemux_33_6_32_1_1  |        0|   0|  0|  672|    0|
    +----------------------------+-----------------------+---------+----+---+-----+-----+
    |Total                       |                       |        0|   0|  0| 2688|    0|
    +----------------------------+-----------------------+---------+----+---+-----+-----+

    * DSP: 
    N/A

    * Memory: 
    N/A

    * FIFO: 
    N/A

    * Expression: 
    +----------------------+----------+----+---+----+------------+------------+
    |     Variable Name    | Operation| DSP| FF| LUT| Bitwidth P0| Bitwidth P1|
    +----------------------+----------+----+---+----+------------+------------+
    |add_ln154_fu_1372_p2  |         +|   0|  0|   8|           7|           3|
    +----------------------+----------+----+---+----+------------+------------+
    |Total                 |          |   0|  0|   8|           7|           3|
    +----------------------+----------+----+---+----+------------+------------+

    * Multiplexer: 
    +--------------------+----+-----------+-----+-----------+
    |        Name        | LUT| Input Size| Bits| Total Bits|
    +--------------------+----+-----------+-----+-----------+
    |ap_done_int         |   1|          2|    1|          2|
    |ap_sig_allocacmp_i  |   8|          2|    7|         14|
    |i_10_fu_250         |   8|          2|    7|         14|
    +--------------------+----+-----------+-----+-----------+
    |Total               |  17|          6|   15|         30|
    +--------------------+----+-----------+-----+-----------+

    * Register: 
    +-------------+---+----+-----+-----------+
    |     Name    | FF| LUT| Bits| Const Bits|
    +-------------+---+----+-----+-----------+
    |ap_CS_fsm    |  1|   0|    1|          0|
    |ap_done_reg  |  1|   0|    1|          0|
    |i_10_fu_250  |  7|   0|    7|          0|
    +-------------+---+----+-----+-----------+
    |Total        |  9|   0|    9|          0|
    +-------------+---+----+-----+-----------+



================================================================
== Interface
================================================================
* Summary: 
+--------------------------+-----+-----+------------+---------------------------------------------------+--------------+
|         RTL Ports        | Dir | Bits|  Protocol  |                   Source Object                   |    C Type    |
+--------------------------+-----+-----+------------+---------------------------------------------------+--------------+
|ap_clk                    |   in|    1|  ap_ctrl_hs|  Block_entry_xb_0_wr_proc_Pipeline_ACCUM_WRITEBACK|  return value|
|ap_rst                    |   in|    1|  ap_ctrl_hs|  Block_entry_xb_0_wr_proc_Pipeline_ACCUM_WRITEBACK|  return value|
|ap_start                  |   in|    1|  ap_ctrl_hs|  Block_entry_xb_0_wr_proc_Pipeline_ACCUM_WRITEBACK|  return value|
|ap_done                   |  out|    1|  ap_ctrl_hs|  Block_entry_xb_0_wr_proc_Pipeline_ACCUM_WRITEBACK|  return value|
|ap_idle                   |  out|    1|  ap_ctrl_hs|  Block_entry_xb_0_wr_proc_Pipeline_ACCUM_WRITEBACK|  return value|
|ap_ready                  |  out|    1|  ap_ctrl_hs|  Block_entry_xb_0_wr_proc_Pipeline_ACCUM_WRITEBACK|  return value|
|xb_15_address1            |  out|    6|   ap_memory|                                              xb_15|         array|
|xb_15_ce1                 |  out|    1|   ap_memory|                                              xb_15|         array|
|xb_15_we1                 |  out|    1|   ap_memory|                                              xb_15|         array|
|xb_15_d1                  |  out|   32|   ap_memory|                                              xb_15|         array|
|xb_14_address1            |  out|    6|   ap_memory|                                              xb_14|         array|
|xb_14_ce1                 |  out|    1|   ap_memory|                                              xb_14|         array|
|xb_14_we1                 |  out|    1|   ap_memory|                                              xb_14|         array|
|xb_14_d1                  |  out|   32|   ap_memory|                                              xb_14|         array|
|xb_13_address1            |  out|    6|   ap_memory|                                              xb_13|         array|
|xb_13_ce1                 |  out|    1|   ap_memory|                                              xb_13|         array|
|xb_13_we1                 |  out|    1|   ap_memory|                                              xb_13|         array|
|xb_13_d1                  |  out|   32|   ap_memory|                                              xb_13|         array|
|xb_12_address1            |  out|    6|   ap_memory|                                              xb_12|         array|
|xb_12_ce1                 |  out|    1|   ap_memory|                                              xb_12|         array|
|xb_12_we1                 |  out|    1|   ap_memory|                                              xb_12|         array|
|xb_12_d1                  |  out|   32|   ap_memory|                                              xb_12|         array|
|xb_11_address1            |  out|    6|   ap_memory|                                              xb_11|         array|
|xb_11_ce1                 |  out|    1|   ap_memory|                                              xb_11|         array|
|xb_11_we1                 |  out|    1|   ap_memory|                                              xb_11|         array|
|xb_11_d1                  |  out|   32|   ap_memory|                                              xb_11|         array|
|xb_10_address1            |  out|    6|   ap_memory|                                              xb_10|         array|
|xb_10_ce1                 |  out|    1|   ap_memory|                                              xb_10|         array|
|xb_10_we1                 |  out|    1|   ap_memory|                                              xb_10|         array|
|xb_10_d1                  |  out|   32|   ap_memory|                                              xb_10|         array|
|xb_9_address1             |  out|    6|   ap_memory|                                               xb_9|         array|
|xb_9_ce1                  |  out|    1|   ap_memory|                                               xb_9|         array|
|xb_9_we1                  |  out|    1|   ap_memory|                                               xb_9|         array|
|xb_9_d1                   |  out|   32|   ap_memory|                                               xb_9|         array|
|xb_8_address1             |  out|    6|   ap_memory|                                               xb_8|         array|
|xb_8_ce1                  |  out|    1|   ap_memory|                                               xb_8|         array|
|xb_8_we1                  |  out|    1|   ap_memory|                                               xb_8|         array|
|xb_8_d1                   |  out|   32|   ap_memory|                                               xb_8|         array|
|xb_7_address1             |  out|    6|   ap_memory|                                               xb_7|         array|
|xb_7_ce1                  |  out|    1|   ap_memory|                                               xb_7|         array|
|xb_7_we1                  |  out|    1|   ap_memory|                                               xb_7|         array|
|xb_7_d1                   |  out|   32|   ap_memory|                                               xb_7|         array|
|xb_6_address1             |  out|    6|   ap_memory|                                               xb_6|         array|
|xb_6_ce1                  |  out|    1|   ap_memory|                                               xb_6|         array|
|xb_6_we1                  |  out|    1|   ap_memory|                                               xb_6|         array|
|xb_6_d1                   |  out|   32|   ap_memory|                                               xb_6|         array|
|xb_5_address1             |  out|    6|   ap_memory|                                               xb_5|         array|
|xb_5_ce1                  |  out|    1|   ap_memory|                                               xb_5|         array|
|xb_5_we1                  |  out|    1|   ap_memory|                                               xb_5|         array|
|xb_5_d1                   |  out|   32|   ap_memory|                                               xb_5|         array|
|xb_4_address1             |  out|    6|   ap_memory|                                               xb_4|         array|
|xb_4_ce1                  |  out|    1|   ap_memory|                                               xb_4|         array|
|xb_4_we1                  |  out|    1|   ap_memory|                                               xb_4|         array|
|xb_4_d1                   |  out|   32|   ap_memory|                                               xb_4|         array|
|xb_3_address1             |  out|    6|   ap_memory|                                               xb_3|         array|
|xb_3_ce1                  |  out|    1|   ap_memory|                                               xb_3|         array|
|xb_3_we1                  |  out|    1|   ap_memory|                                               xb_3|         array|
|xb_3_d1                   |  out|   32|   ap_memory|                                               xb_3|         array|
|xb_2_address1             |  out|    6|   ap_memory|                                               xb_2|         array|
|xb_2_ce1                  |  out|    1|   ap_memory|                                               xb_2|         array|
|xb_2_we1                  |  out|    1|   ap_memory|                                               xb_2|         array|
|xb_2_d1                   |  out|   32|   ap_memory|                                               xb_2|         array|
|xb_1_address1             |  out|    6|   ap_memory|                                               xb_1|         array|
|xb_1_ce1                  |  out|    1|   ap_memory|                                               xb_1|         array|
|xb_1_we1                  |  out|    1|   ap_memory|                                               xb_1|         array|
|xb_1_d1                   |  out|   32|   ap_memory|                                               xb_1|         array|
|xb_0_address1             |  out|    6|   ap_memory|                                               xb_0|         array|
|xb_0_ce1                  |  out|    1|   ap_memory|                                               xb_0|         array|
|xb_0_we1                  |  out|    1|   ap_memory|                                               xb_0|         array|
|xb_0_d1                   |  out|   32|   ap_memory|                                               xb_0|         array|
|mux_case_0288951_i_i_i    |   in|   32|     ap_none|                             mux_case_0288951_i_i_i|        scalar|
|mux_case_4290953_i_i_i    |   in|   32|     ap_none|                             mux_case_4290953_i_i_i|        scalar|
|mux_case_8292955_i_i_i    |   in|   32|     ap_none|                             mux_case_8292955_i_i_i|        scalar|
|mux_case_12294957_i_i_i   |   in|   32|     ap_none|                            mux_case_12294957_i_i_i|        scalar|
|mux_case_16959_i_i_i      |   in|   32|     ap_none|                               mux_case_16959_i_i_i|        scalar|
|mux_case_20961_i_i_i      |   in|   32|     ap_none|                               mux_case_20961_i_i_i|        scalar|
|mux_case_24963_i_i_i      |   in|   32|     ap_none|                               mux_case_24963_i_i_i|        scalar|
|mux_case_28965_i_i_i      |   in|   32|     ap_none|                               mux_case_28965_i_i_i|        scalar|
|mux_case_32967_i_i_i      |   in|   32|     ap_none|                               mux_case_32967_i_i_i|        scalar|
|mux_case_36969_i_i_i      |   in|   32|     ap_none|                               mux_case_36969_i_i_i|        scalar|
|mux_case_40971_i_i_i      |   in|   32|     ap_none|                               mux_case_40971_i_i_i|        scalar|
|mux_case_44973_i_i_i      |   in|   32|     ap_none|                               mux_case_44973_i_i_i|        scalar|
|mux_case_48975_i_i_i      |   in|   32|     ap_none|                               mux_case_48975_i_i_i|        scalar|
|mux_case_52977_i_i_i      |   in|   32|     ap_none|                               mux_case_52977_i_i_i|        scalar|
|mux_case_56979_i_i_i      |   in|   32|     ap_none|                               mux_case_56979_i_i_i|        scalar|
|mux_case_60981_i_i_i      |   in|   32|     ap_none|                               mux_case_60981_i_i_i|        scalar|
|h                         |   in|    4|     ap_none|                                                  h|        scalar|
|mux_case_1308983_i_i_i    |   in|   32|     ap_none|                             mux_case_1308983_i_i_i|        scalar|
|mux_case_5310985_i_i_i    |   in|   32|     ap_none|                             mux_case_5310985_i_i_i|        scalar|
|mux_case_9312987_i_i_i    |   in|   32|     ap_none|                             mux_case_9312987_i_i_i|        scalar|
|mux_case_13314989_i_i_i   |   in|   32|     ap_none|                            mux_case_13314989_i_i_i|        scalar|
|mux_case_17991_i_i_i      |   in|   32|     ap_none|                               mux_case_17991_i_i_i|        scalar|
|mux_case_21993_i_i_i      |   in|   32|     ap_none|                               mux_case_21993_i_i_i|        scalar|
|mux_case_25995_i_i_i      |   in|   32|     ap_none|                               mux_case_25995_i_i_i|        scalar|
|mux_case_29997_i_i_i      |   in|   32|     ap_none|                               mux_case_29997_i_i_i|        scalar|
|mux_case_33999_i_i_i      |   in|   32|     ap_none|                               mux_case_33999_i_i_i|        scalar|
|mux_case_371001_i_i_i     |   in|   32|     ap_none|                              mux_case_371001_i_i_i|        scalar|
|mux_case_411003_i_i_i     |   in|   32|     ap_none|                              mux_case_411003_i_i_i|        scalar|
|mux_case_451005_i_i_i     |   in|   32|     ap_none|                              mux_case_451005_i_i_i|        scalar|
|mux_case_491007_i_i_i     |   in|   32|     ap_none|                              mux_case_491007_i_i_i|        scalar|
|mux_case_531009_i_i_i     |   in|   32|     ap_none|                              mux_case_531009_i_i_i|        scalar|
|mux_case_571011_i_i_i     |   in|   32|     ap_none|                              mux_case_571011_i_i_i|        scalar|
|mux_case_611013_i_i_i     |   in|   32|     ap_none|                              mux_case_611013_i_i_i|        scalar|
|mux_case_23281015_i_i_i   |   in|   32|     ap_none|                            mux_case_23281015_i_i_i|        scalar|
|mux_case_63301017_i_i_i   |   in|   32|     ap_none|                            mux_case_63301017_i_i_i|        scalar|
|mux_case_103321019_i_i_i  |   in|   32|     ap_none|                           mux_case_103321019_i_i_i|        scalar|
|mux_case_143341021_i_i_i  |   in|   32|     ap_none|                           mux_case_143341021_i_i_i|        scalar|
|mux_case_181023_i_i_i     |   in|   32|     ap_none|                              mux_case_181023_i_i_i|        scalar|
|mux_case_221025_i_i_i     |   in|   32|     ap_none|                              mux_case_221025_i_i_i|        scalar|
|mux_case_261027_i_i_i     |   in|   32|     ap_none|                              mux_case_261027_i_i_i|        scalar|
|mux_case_301029_i_i_i     |   in|   32|     ap_none|                              mux_case_301029_i_i_i|        scalar|
|mux_case_341031_i_i_i     |   in|   32|     ap_none|                              mux_case_341031_i_i_i|        scalar|
|mux_case_381033_i_i_i     |   in|   32|     ap_none|                              mux_case_381033_i_i_i|        scalar|
|mux_case_421035_i_i_i     |   in|   32|     ap_none|                              mux_case_421035_i_i_i|        scalar|
|mux_case_461037_i_i_i     |   in|   32|     ap_none|                              mux_case_461037_i_i_i|        scalar|
|mux_case_501039_i_i_i     |   in|   32|     ap_none|                              mux_case_501039_i_i_i|        scalar|
|mux_case_541041_i_i_i     |   in|   32|     ap_none|                              mux_case_541041_i_i_i|        scalar|
|mux_case_581043_i_i_i     |   in|   32|     ap_none|                              mux_case_581043_i_i_i|        scalar|
|mux_case_621045_i_i_i     |   in|   32|     ap_none|                              mux_case_621045_i_i_i|        scalar|
|mux_case_33481047_i_i_i   |   in|   32|     ap_none|                            mux_case_33481047_i_i_i|        scalar|
|mux_case_73501049_i_i_i   |   in|   32|     ap_none|                            mux_case_73501049_i_i_i|        scalar|
|mux_case_113521051_i_i_i  |   in|   32|     ap_none|                           mux_case_113521051_i_i_i|        scalar|
|mux_case_153541053_i_i_i  |   in|   32|     ap_none|                           mux_case_153541053_i_i_i|        scalar|
|mux_case_191055_i_i_i     |   in|   32|     ap_none|                              mux_case_191055_i_i_i|        scalar|
|mux_case_231057_i_i_i     |   in|   32|     ap_none|                              mux_case_231057_i_i_i|        scalar|
|mux_case_271059_i_i_i     |   in|   32|     ap_none|                              mux_case_271059_i_i_i|        scalar|
|mux_case_311061_i_i_i     |   in|   32|     ap_none|                              mux_case_311061_i_i_i|        scalar|
|mux_case_351063_i_i_i     |   in|   32|     ap_none|                              mux_case_351063_i_i_i|        scalar|
|mux_case_391065_i_i_i     |   in|   32|     ap_none|                              mux_case_391065_i_i_i|        scalar|
|mux_case_431067_i_i_i     |   in|   32|     ap_none|                              mux_case_431067_i_i_i|        scalar|
|mux_case_471069_i_i_i     |   in|   32|     ap_none|                              mux_case_471069_i_i_i|        scalar|
|mux_case_511071_i_i_i     |   in|   32|     ap_none|                              mux_case_511071_i_i_i|        scalar|
|mux_case_551073_i_i_i     |   in|   32|     ap_none|                              mux_case_551073_i_i_i|        scalar|
|mux_case_591075_i_i_i     |   in|   32|     ap_none|                              mux_case_591075_i_i_i|        scalar|
|mux_case_631077_i_i_i     |   in|   32|     ap_none|                              mux_case_631077_i_i_i|        scalar|
+--------------------------+-----+-----+------------+---------------------------------------------------+--------------+

