

================================================================
== Vitis HLS Report for 'entry_proc'
================================================================
* Date:           Thu Oct  2 21:26:08 2025

* Version:        2025.1 (Build 6135595 on May 21 2025)
* Project:        mhsa_prj
* Solution:       solution1 (Vivado IP Flow Target)
* Product family: versalhbm
* Target device:  xcv80-lsva4737-2MHP-e-S


================================================================
== Performance Estimates
================================================================
+ Timing: 
    * Summary: 
    +--------+---------+----------+------------+
    |  Clock |  Target | Estimated| Uncertainty|
    +--------+---------+----------+------------+
    |ap_clk  |  4.00 ns|  0.874 ns|     1.08 ns|
    +--------+---------+----------+------------+

+ Latency: 
    * Summary: 
    +---------+---------+----------+----------+-----+-----+---------+
    |  Latency (cycles) |  Latency (absolute) |  Interval | Pipeline|
    |   min   |   max   |    min   |    max   | min | max |   Type  |
    +---------+---------+----------+----------+-----+-----+---------+
    |        0|        0|      0 ns|      0 ns|    0|    0|       no|
    +---------+---------+----------+----------+-----+-----+---------+

    + Detail: 
        * Instance: 
        N/A

        * Loop: 
        N/A



================================================================
== Utilization Estimates
================================================================
* Summary: 
+---------------------+---------+-------+---------+---------+------+
|         Name        | BRAM_18K|  DSP  |    FF   |   LUT   | URAM |
+---------------------+---------+-------+---------+---------+------+
|DSP                  |        -|      -|        -|        -|     -|
|Expression           |        -|      -|        0|        2|     -|
|FIFO                 |        -|      -|        -|        -|     -|
|Instance             |        -|      -|        -|        -|     -|
|Memory               |        -|      -|        -|        -|     -|
|Multiplexer          |        -|      -|        0|        3|     -|
|Register             |        -|      -|        2|        -|     -|
+---------------------+---------+-------+---------+---------+------+
|Total                |        0|      0|        2|        5|     0|
+---------------------+---------+-------+---------+---------+------+
|Available SLR        |     2494|   3616|  1716138|   858069|   641|
+---------------------+---------+-------+---------+---------+------+
|Utilization SLR (%)  |        0|      0|       ~0|       ~0|     0|
+---------------------+---------+-------+---------+---------+------+
|Available            |     7482|  10848|  5148416|  2574208|  1925|
+---------------------+---------+-------+---------+---------+------+
|Utilization (%)      |        0|      0|       ~0|       ~0|     0|
+---------------------+---------+-------+---------+---------+------+

+ Detail: 
    * Instance: 
    N/A

    * DSP: 
    N/A

    * Memory: 
    N/A

    * FIFO: 
    N/A

    * Expression: 
    +-----------------+----------+----+---+----+------------+------------+
    |  Variable Name  | Operation| DSP| FF| LUT| Bitwidth P0| Bitwidth P1|
    +-----------------+----------+----+---+----+------------+------------+
    |ap_block_state1  |        or|   0|  0|   2|           1|           1|
    +-----------------+----------+----+---+----+------------+------------+
    |Total            |          |   0|  0|   2|           1|           1|
    +-----------------+----------+----+---+----+------------+------------+

    * Multiplexer: 
    +-------------------+----+-----------+-----+-----------+
    |        Name       | LUT| Input Size| Bits| Total Bits|
    +-------------------+----+-----------+-----+-----------+
    |ap_done            |   1|          2|    1|          2|
    |position_c4_blk_n  |   1|          2|    1|          2|
    |position_c5_blk_n  |   1|          2|    1|          2|
    +-------------------+----+-----------+-----+-----------+
    |Total              |   3|          6|    3|          6|
    +-------------------+----+-----------+-----+-----------+

    * Register: 
    +-------------+---+----+-----+-----------+
    |     Name    | FF| LUT| Bits| Const Bits|
    +-------------+---+----+-----+-----------+
    |ap_CS_fsm    |  1|   0|    1|          0|
    |ap_done_reg  |  1|   0|    1|          0|
    +-------------+---+----+-----+-----------+
    |Total        |  2|   0|    2|          0|
    +-------------+---+----+-----+-----------+



================================================================
== Interface
================================================================
* Summary: 
+----------------------------+-----+-----+------------+--------------+--------------+
|          RTL Ports         | Dir | Bits|  Protocol  | Source Object|    C Type    |
+----------------------------+-----+-----+------------+--------------+--------------+
|ap_clk                      |   in|    1|  ap_ctrl_hs|    entry_proc|  return value|
|ap_rst                      |   in|    1|  ap_ctrl_hs|    entry_proc|  return value|
|ap_start                    |   in|    1|  ap_ctrl_hs|    entry_proc|  return value|
|ap_done                     |  out|    1|  ap_ctrl_hs|    entry_proc|  return value|
|ap_continue                 |   in|    1|  ap_ctrl_hs|    entry_proc|  return value|
|ap_idle                     |  out|    1|  ap_ctrl_hs|    entry_proc|  return value|
|ap_ready                    |  out|    1|  ap_ctrl_hs|    entry_proc|  return value|
|position                    |   in|   32|     ap_none|      position|        scalar|
|position_c4_din             |  out|   32|     ap_fifo|   position_c4|       pointer|
|position_c4_full_n          |   in|    1|     ap_fifo|   position_c4|       pointer|
|position_c4_write           |  out|    1|     ap_fifo|   position_c4|       pointer|
|position_c4_num_data_valid  |   in|    3|     ap_fifo|   position_c4|       pointer|
|position_c4_fifo_cap        |   in|    3|     ap_fifo|   position_c4|       pointer|
|position_c5_din             |  out|   32|     ap_fifo|   position_c5|       pointer|
|position_c5_full_n          |   in|    1|     ap_fifo|   position_c5|       pointer|
|position_c5_write           |  out|    1|     ap_fifo|   position_c5|       pointer|
|position_c5_num_data_valid  |   in|    3|     ap_fifo|   position_c5|       pointer|
|position_c5_fifo_cap        |   in|    3|     ap_fifo|   position_c5|       pointer|
+----------------------------+-----+-----+------------+--------------+--------------+

