

================================================================
== Vitis HLS Report for 'kernel_mhsa_Pipeline_TOKEN_STREAM_VALUE_MAC'
================================================================
* Date:           Sat Sep 27 23:15:47 2025

* Version:        2025.1 (Build 6135595 on May 21 2025)
* Project:        mhsa_prj
* Solution:       solution1 (Vivado IP Flow Target)
* Product family: versalhbm
* Target device:  xcv80-lsva4737-2MHP-e-S


================================================================
== Performance Estimates
================================================================
+ Timing: 
    * Summary: 
    +--------+---------+----------+------------+
    |  Clock |  Target | Estimated| Uncertainty|
    +--------+---------+----------+------------+
    |ap_clk  |  4.00 ns|  2.516 ns|     1.08 ns|
    +--------+---------+----------+------------+

+ Latency: 
    * Summary: 
    +---------+---------+----------+----------+-----+-------+------------------------------------------------+
    |  Latency (cycles) |  Latency (absolute) |   Interval  |                    Pipeline                    |
    |   min   |   max   |    min   |    max   | min |  max  |                      Type                      |
    +---------+---------+----------+----------+-----+-------+------------------------------------------------+
    |       72|    32776|  0.288 us|  0.131 ms|   66|  32770|  loop auto-rewind stp (delay=0 clock cycles(s))|
    +---------+---------+----------+----------+-----+-------+------------------------------------------------+

    + Detail: 
        * Instance: 
        N/A

        * Loop: 
        +--------------------------+---------+---------+----------+-----------+-----------+------------+----------+
        |                          |  Latency (cycles) | Iteration|  Initiation Interval  |    Trip    |          |
        |         Loop Name        |   min   |   max   |  Latency |  achieved |   target  |    Count   | Pipelined|
        +--------------------------+---------+---------+----------+-----------+-----------+------------+----------+
        |- TOKEN_STREAM_VALUE_MAC  |       70|    32774|         9|          2|          2|  32 ~ 16384|       yes|
        +--------------------------+---------+---------+----------+-----------+-----------+------------+----------+



================================================================
== Utilization Estimates
================================================================
* Summary: 
+---------------------+---------+-------+---------+---------+------+
|         Name        | BRAM_18K|  DSP  |    FF   |   LUT   | URAM |
+---------------------+---------+-------+---------+---------+------+
|DSP                  |        -|      -|        -|        -|     -|
|Expression           |        -|      -|        0|      316|     -|
|FIFO                 |        -|      -|        -|        -|     -|
|Instance             |        -|      -|        0|     4032|     -|
|Memory               |        -|      -|        -|        -|     -|
|Multiplexer          |        -|      -|        0|     2369|     -|
|Register             |        -|      -|     1346|        8|     -|
+---------------------+---------+-------+---------+---------+------+
|Total                |        0|      0|     1346|     6725|     0|
+---------------------+---------+-------+---------+---------+------+
|Available SLR        |     2494|   3616|  1716138|   858069|   641|
+---------------------+---------+-------+---------+---------+------+
|Utilization SLR (%)  |        0|      0|       ~0|       ~0|     0|
+---------------------+---------+-------+---------+---------+------+
|Available            |     7482|  10848|  5148416|  2574208|  1925|
+---------------------+---------+-------+---------+---------+------+
|Utilization (%)      |        0|      0|       ~0|       ~0|     0|
+---------------------+---------+-------+---------+---------+------+

+ Detail: 
    * Instance: 
    +-----------------------------+-----------------------+---------+----+---+-----+-----+
    |           Instance          |         Module        | BRAM_18K| DSP| FF| LUT | URAM|
    +-----------------------------+-----------------------+---------+----+---+-----+-----+
    |sparsemux_25_4_32_1_1_U1067  |sparsemux_25_4_32_1_1  |        0|   0|  0|  128|    0|
    |sparsemux_25_4_32_1_1_U1092  |sparsemux_25_4_32_1_1  |        0|   0|  0|  128|    0|
    |sparsemux_25_4_32_1_1_U1093  |sparsemux_25_4_32_1_1  |        0|   0|  0|  128|    0|
    |sparsemux_65_6_32_1_1_U1094  |sparsemux_65_6_32_1_1  |        0|   0|  0|  672|    0|
    |sparsemux_65_6_32_1_1_U1095  |sparsemux_65_6_32_1_1  |        0|   0|  0|  672|    0|
    |sparsemux_9_3_32_1_1_U1068   |sparsemux_9_3_32_1_1   |        0|   0|  0|   96|    0|
    |sparsemux_9_3_32_1_1_U1069   |sparsemux_9_3_32_1_1   |        0|   0|  0|   96|    0|
    |sparsemux_9_3_32_1_1_U1070   |sparsemux_9_3_32_1_1   |        0|   0|  0|   96|    0|
    |sparsemux_9_3_32_1_1_U1071   |sparsemux_9_3_32_1_1   |        0|   0|  0|   96|    0|
    |sparsemux_9_3_32_1_1_U1072   |sparsemux_9_3_32_1_1   |        0|   0|  0|   96|    0|
    |sparsemux_9_3_32_1_1_U1073   |sparsemux_9_3_32_1_1   |        0|   0|  0|   96|    0|
    |sparsemux_9_3_32_1_1_U1074   |sparsemux_9_3_32_1_1   |        0|   0|  0|   96|    0|
    |sparsemux_9_3_32_1_1_U1075   |sparsemux_9_3_32_1_1   |        0|   0|  0|   96|    0|
    |sparsemux_9_3_32_1_1_U1076   |sparsemux_9_3_32_1_1   |        0|   0|  0|   96|    0|
    |sparsemux_9_3_32_1_1_U1077   |sparsemux_9_3_32_1_1   |        0|   0|  0|   96|    0|
    |sparsemux_9_3_32_1_1_U1078   |sparsemux_9_3_32_1_1   |        0|   0|  0|   96|    0|
    |sparsemux_9_3_32_1_1_U1079   |sparsemux_9_3_32_1_1   |        0|   0|  0|   96|    0|
    |sparsemux_9_3_32_1_1_U1080   |sparsemux_9_3_32_1_1   |        0|   0|  0|   96|    0|
    |sparsemux_9_3_32_1_1_U1081   |sparsemux_9_3_32_1_1   |        0|   0|  0|   96|    0|
    |sparsemux_9_3_32_1_1_U1082   |sparsemux_9_3_32_1_1   |        0|   0|  0|   96|    0|
    |sparsemux_9_3_32_1_1_U1083   |sparsemux_9_3_32_1_1   |        0|   0|  0|   96|    0|
    |sparsemux_9_3_32_1_1_U1084   |sparsemux_9_3_32_1_1   |        0|   0|  0|   96|    0|
    |sparsemux_9_3_32_1_1_U1085   |sparsemux_9_3_32_1_1   |        0|   0|  0|   96|    0|
    |sparsemux_9_3_32_1_1_U1086   |sparsemux_9_3_32_1_1   |        0|   0|  0|   96|    0|
    |sparsemux_9_3_32_1_1_U1087   |sparsemux_9_3_32_1_1   |        0|   0|  0|   96|    0|
    |sparsemux_9_3_32_1_1_U1088   |sparsemux_9_3_32_1_1   |        0|   0|  0|   96|    0|
    |sparsemux_9_3_32_1_1_U1089   |sparsemux_9_3_32_1_1   |        0|   0|  0|   96|    0|
    |sparsemux_9_3_32_1_1_U1090   |sparsemux_9_3_32_1_1   |        0|   0|  0|   96|    0|
    |sparsemux_9_3_32_1_1_U1091   |sparsemux_9_3_32_1_1   |        0|   0|  0|   96|    0|
    +-----------------------------+-----------------------+---------+----+---+-----+-----+
    |Total                        |                       |        0|   0|  0| 4032|    0|
    +-----------------------------+-----------------------+---------+----+---+-----+-----+

    * DSP: 
    N/A

    * Memory: 
    N/A

    * FIFO: 
    N/A

    * Expression: 
    +-------------------------------+----------+----+---+----+------------+------------+
    |         Variable Name         | Operation| DSP| FF| LUT| Bitwidth P0| Bitwidth P1|
    +-------------------------------+----------+----+---+----+------------+------------+
    |add_ln197_1_fu_2961_p2         |         +|   0|  0|  64|          64|           1|
    |add_ln197_fu_2924_p2           |         +|   0|  0|  69|          69|           1|
    |add_ln203_fu_3641_p2           |         +|   0|  0|   8|           7|           2|
    |p_udiv2714_fu_3005_p2          |         +|   0|  0|  33|          16|          16|
    |p_udiv27122716_fu_2999_p2      |         -|   0|  0|  33|          16|          16|
    |ap_predicate_pred1662_state9   |       and|   0|  0|   2|           1|           1|
    |ap_predicate_pred1888_state10  |       and|   0|  0|   2|           1|           1|
    |icmp_ln197_fu_2930_p2          |      icmp|   0|  0|  34|          69|          69|
    |select_ln197_fu_2967_p3        |    select|   0|  0|  63|           1|          64|
    |select_ln203_fu_2953_p3        |    select|   0|  0|   6|           1|           1|
    |ap_enable_pp0                  |       xor|   0|  0|   2|           1|           2|
    +-------------------------------+----------+----+---+----+------------+------------+
    |Total                          |          |   0|  0| 316|         246|         174|
    +-------------------------------+----------+----+---+----+------------+------------+

    * Multiplexer: 
    +-------------------------+-----+-----------+-----+-----------+
    |           Name          | LUT | Input Size| Bits| Total Bits|
    +-------------------------+-----+-----------+-----+-----------+
    |ap_NS_fsm                |    1|          3|    1|          3|
    |ap_done_int              |    1|          2|    1|          2|
    |ap_enable_reg_pp0_iter0  |    1|          2|    1|          2|
    |ap_enable_reg_pp0_iter1  |    1|          2|    1|          2|
    |grp_fu_2814_p0           |   32|          3|   32|         96|
    |grp_fu_2814_p0_keep      |   32|          2|   32|         64|
    |grp_fu_2814_p1           |   32|          2|   32|         64|
    |grp_fu_2882_p1           |   32|          3|   32|         96|
    |i_fu_542                 |    8|          2|    7|         14|
    |indvar_flatten6_fu_550   |  118|          2|   69|        138|
    |local_accum_10_o         |   32|          2|   32|         64|
    |local_accum_11_o         |   32|          2|   32|         64|
    |local_accum_12_o         |   32|          2|   32|         64|
    |local_accum_13_o         |   32|          2|   32|         64|
    |local_accum_14_o         |   32|          2|   32|         64|
    |local_accum_15_o         |   32|          2|   32|         64|
    |local_accum_16_o         |   32|          2|   32|         64|
    |local_accum_17_o         |   32|          2|   32|         64|
    |local_accum_18_o         |   32|          2|   32|         64|
    |local_accum_19_o         |   32|          2|   32|         64|
    |local_accum_1_o          |   32|          2|   32|         64|
    |local_accum_20_o         |   32|          2|   32|         64|
    |local_accum_21_o         |   32|          2|   32|         64|
    |local_accum_22_o         |   32|          2|   32|         64|
    |local_accum_23_o         |   32|          2|   32|         64|
    |local_accum_24_o         |   32|          2|   32|         64|
    |local_accum_25_o         |   32|          2|   32|         64|
    |local_accum_26_o         |   32|          2|   32|         64|
    |local_accum_27_o         |   32|          2|   32|         64|
    |local_accum_28_o         |   32|          2|   32|         64|
    |local_accum_29_o         |   32|          2|   32|         64|
    |local_accum_2_o          |   32|          2|   32|         64|
    |local_accum_30_o         |   32|          2|   32|         64|
    |local_accum_31_o         |   32|          2|   32|         64|
    |local_accum_32_o         |   32|          2|   32|         64|
    |local_accum_33_o         |   32|          2|   32|         64|
    |local_accum_34_o         |   32|          2|   32|         64|
    |local_accum_35_o         |   32|          2|   32|         64|
    |local_accum_36_o         |   32|          2|   32|         64|
    |local_accum_37_o         |   32|          2|   32|         64|
    |local_accum_38_o         |   32|          2|   32|         64|
    |local_accum_39_o         |   32|          2|   32|         64|
    |local_accum_3_o          |   32|          2|   32|         64|
    |local_accum_40_o         |   32|          2|   32|         64|
    |local_accum_41_o         |   32|          2|   32|         64|
    |local_accum_42_o         |   32|          2|   32|         64|
    |local_accum_43_o         |   32|          2|   32|         64|
    |local_accum_44_o         |   32|          2|   32|         64|
    |local_accum_45_o         |   32|          2|   32|         64|
    |local_accum_46_o         |   32|          2|   32|         64|
    |local_accum_47_o         |   32|          2|   32|         64|
    |local_accum_48_o         |   32|          2|   32|         64|
    |local_accum_49_o         |   32|          2|   32|         64|
    |local_accum_4_o          |   32|          2|   32|         64|
    |local_accum_50_o         |   32|          2|   32|         64|
    |local_accum_51_o         |   32|          2|   32|         64|
    |local_accum_52_o         |   32|          2|   32|         64|
    |local_accum_53_o         |   32|          2|   32|         64|
    |local_accum_54_o         |   32|          2|   32|         64|
    |local_accum_55_o         |   32|          2|   32|         64|
    |local_accum_56_o         |   32|          2|   32|         64|
    |local_accum_57_o         |   32|          2|   32|         64|
    |local_accum_58_o         |   32|          2|   32|         64|
    |local_accum_59_o         |   32|          2|   32|         64|
    |local_accum_5_o          |   32|          2|   32|         64|
    |local_accum_60_o         |   32|          2|   32|         64|
    |local_accum_61_o         |   32|          2|   32|         64|
    |local_accum_62_o         |   32|          2|   32|         64|
    |local_accum_63_o         |   32|          2|   32|         64|
    |local_accum_6_o          |   32|          2|   32|         64|
    |local_accum_7_o          |   32|          2|   32|         64|
    |local_accum_8_o          |   32|          2|   32|         64|
    |local_accum_9_o          |   32|          2|   32|         64|
    |local_accum_o            |   32|          2|   32|         64|
    |t_fu_546                 |   63|          2|   64|        128|
    +-------------------------+-----+-----------+-----+-----------+
    |Total                    | 2369|        153| 2320|       4705|
    +-------------------------+-----+-----------+-----+-----------+

    * Register: 
    +----------------------------------+----+----+-----+-----------+
    |               Name               | FF | LUT| Bits| Const Bits|
    +----------------------------------+----+----+-----+-----------+
    |add_ln197_reg_4680                |  69|   0|   69|          0|
    |ap_CS_fsm                         |   2|   0|    2|          0|
    |ap_done_reg                       |   1|   0|    1|          0|
    |ap_enable_reg_pp0_iter0_reg       |   1|   0|    1|          0|
    |ap_enable_reg_pp0_iter1           |   1|   0|    1|          0|
    |ap_enable_reg_pp0_iter2           |   1|   0|    1|          0|
    |ap_enable_reg_pp0_iter3           |   1|   0|    1|          0|
    |ap_enable_reg_pp0_iter4           |   1|   0|    1|          0|
    |ap_loop_exit_ready_pp0_iter1_reg  |   1|   0|    1|          0|
    |ap_loop_exit_ready_pp0_iter2_reg  |   1|   0|    1|          0|
    |ap_loop_exit_ready_pp0_iter3_reg  |   1|   0|    1|          0|
    |ap_predicate_pred1417_state9      |   1|   0|    1|          0|
    |ap_predicate_pred1423_state9      |   1|   0|    1|          0|
    |ap_predicate_pred1429_state9      |   1|   0|    1|          0|
    |ap_predicate_pred1435_state9      |   1|   0|    1|          0|
    |ap_predicate_pred1441_state9      |   1|   0|    1|          0|
    |ap_predicate_pred1447_state9      |   1|   0|    1|          0|
    |ap_predicate_pred1453_state9      |   1|   0|    1|          0|
    |ap_predicate_pred1459_state9      |   1|   0|    1|          0|
    |ap_predicate_pred1465_state9      |   1|   0|    1|          0|
    |ap_predicate_pred1471_state9      |   1|   0|    1|          0|
    |ap_predicate_pred1477_state9      |   1|   0|    1|          0|
    |ap_predicate_pred1483_state9      |   1|   0|    1|          0|
    |ap_predicate_pred1489_state9      |   1|   0|    1|          0|
    |ap_predicate_pred1495_state9      |   1|   0|    1|          0|
    |ap_predicate_pred1501_state9      |   1|   0|    1|          0|
    |ap_predicate_pred1507_state9      |   1|   0|    1|          0|
    |ap_predicate_pred1513_state9      |   1|   0|    1|          0|
    |ap_predicate_pred1519_state9      |   1|   0|    1|          0|
    |ap_predicate_pred1525_state9      |   1|   0|    1|          0|
    |ap_predicate_pred1531_state9      |   1|   0|    1|          0|
    |ap_predicate_pred1537_state9      |   1|   0|    1|          0|
    |ap_predicate_pred1543_state9      |   1|   0|    1|          0|
    |ap_predicate_pred1549_state9      |   1|   0|    1|          0|
    |ap_predicate_pred1555_state9      |   1|   0|    1|          0|
    |ap_predicate_pred1561_state9      |   1|   0|    1|          0|
    |ap_predicate_pred1567_state9      |   1|   0|    1|          0|
    |ap_predicate_pred1573_state9      |   1|   0|    1|          0|
    |ap_predicate_pred1579_state9      |   1|   0|    1|          0|
    |ap_predicate_pred1585_state9      |   1|   0|    1|          0|
    |ap_predicate_pred1591_state9      |   1|   0|    1|          0|
    |ap_predicate_pred1597_state9      |   1|   0|    1|          0|
    |ap_predicate_pred1662_state9      |   1|   0|    1|          0|
    |ap_predicate_pred1672_state10     |   1|   0|    1|          0|
    |ap_predicate_pred1678_state10     |   1|   0|    1|          0|
    |ap_predicate_pred1683_state10     |   1|   0|    1|          0|
    |ap_predicate_pred1688_state10     |   1|   0|    1|          0|
    |ap_predicate_pred1693_state10     |   1|   0|    1|          0|
    |ap_predicate_pred1698_state10     |   1|   0|    1|          0|
    |ap_predicate_pred1703_state10     |   1|   0|    1|          0|
    |ap_predicate_pred1708_state10     |   1|   0|    1|          0|
    |ap_predicate_pred1713_state10     |   1|   0|    1|          0|
    |ap_predicate_pred1718_state10     |   1|   0|    1|          0|
    |ap_predicate_pred1723_state10     |   1|   0|    1|          0|
    |ap_predicate_pred1728_state10     |   1|   0|    1|          0|
    |ap_predicate_pred1733_state10     |   1|   0|    1|          0|
    |ap_predicate_pred1738_state10     |   1|   0|    1|          0|
    |ap_predicate_pred1743_state10     |   1|   0|    1|          0|
    |ap_predicate_pred1748_state10     |   1|   0|    1|          0|
    |ap_predicate_pred1753_state10     |   1|   0|    1|          0|
    |ap_predicate_pred1758_state10     |   1|   0|    1|          0|
    |ap_predicate_pred1763_state10     |   1|   0|    1|          0|
    |ap_predicate_pred1768_state10     |   1|   0|    1|          0|
    |ap_predicate_pred1773_state10     |   1|   0|    1|          0|
    |ap_predicate_pred1778_state10     |   1|   0|    1|          0|
    |ap_predicate_pred1783_state10     |   1|   0|    1|          0|
    |ap_predicate_pred1788_state10     |   1|   0|    1|          0|
    |ap_predicate_pred1793_state10     |   1|   0|    1|          0|
    |ap_predicate_pred1798_state10     |   1|   0|    1|          0|
    |ap_predicate_pred1803_state10     |   1|   0|    1|          0|
    |ap_predicate_pred1808_state10     |   1|   0|    1|          0|
    |ap_predicate_pred1813_state10     |   1|   0|    1|          0|
    |ap_predicate_pred1818_state10     |   1|   0|    1|          0|
    |ap_predicate_pred1823_state10     |   1|   0|    1|          0|
    |ap_predicate_pred1888_state10     |   1|   0|    1|          0|
    |att_weight_reg_5291               |  32|   0|   32|          0|
    |bound4_reg_4675                   |  69|   0|   69|          0|
    |grp_fu_2814_p0_keep               |  32|   0|   32|          0|
    |grp_fu_2814_p1_keep               |  32|   0|   32|          0|
    |i_fu_542                          |   7|   0|    7|          0|
    |icmp_ln197_reg_4685               |   1|   0|    1|          0|
    |indvar_flatten6_fu_550            |  69|   0|   69|          0|
    |lshr_ln_reg_4741                  |   3|   0|    3|          0|
    |select_ln197_reg_4696             |  64|   0|   64|          0|
    |select_ln203_reg_4689             |   6|   0|    6|          0|
    |t_fu_546                          |  64|   0|   64|          0|
    |tmp_10_reg_5332                   |  32|   0|   32|          0|
    |tmp_11_reg_5337                   |  32|   0|   32|          0|
    |tmp_12_reg_5342                   |  32|   0|   32|          0|
    |tmp_13_reg_5347                   |  32|   0|   32|          0|
    |tmp_14_reg_5352                   |  32|   0|   32|          0|
    |tmp_16_reg_5357                   |  32|   0|   32|          0|
    |tmp_17_reg_5362                   |  32|   0|   32|          0|
    |tmp_18_reg_5367                   |  32|   0|   32|          0|
    |tmp_19_reg_5372                   |  32|   0|   32|          0|
    |tmp_1_reg_5312                    |  32|   0|   32|          0|
    |tmp_20_reg_5377                   |  32|   0|   32|          0|
    |tmp_21_reg_5382                   |  32|   0|   32|          0|
    |tmp_22_reg_5387                   |  32|   0|   32|          0|
    |tmp_23_reg_5392                   |  32|   0|   32|          0|
    |tmp_24_reg_5397                   |  32|   0|   32|          0|
    |tmp_25_reg_5402                   |  32|   0|   32|          0|
    |tmp_26_reg_5407                   |  32|   0|   32|          0|
    |tmp_27_reg_5412                   |  32|   0|   32|          0|
    |tmp_4_reg_5317                    |  32|   0|   32|          0|
    |tmp_5_reg_5322                    |  32|   0|   32|          0|
    |tmp_6_reg_5327                    |  32|   0|   32|          0|
    |tmp_7_reg_5297                    |  32|   0|   32|          0|
    |tmp_8_reg_5302                    |  32|   0|   32|          0|
    |tmp_9_reg_5307                    |  32|   0|   32|          0|
    |tmp_s_reg_4746                    |  13|   0|   13|          0|
    |trunc_ln203_reg_4713              |   3|   0|    3|          0|
    |v_val_1_reg_5422                  |  32|   0|   32|          0|
    |zext_ln197_cast_reg_4670          |   7|   0|   16|          9|
    |select_ln203_reg_4689             |   0|   8|    6|          0|
    +----------------------------------+----+----+-----+-----------+
    |Total                             |1346|   8| 1361|          9|
    +----------------------------------+----+----+-----+-----------+



================================================================
== Interface
================================================================
* Summary: 
+----------------------------------------------------+-----+-----+------------+---------------------------------------------+--------------+
|                      RTL Ports                     | Dir | Bits|  Protocol  |                Source Object                |    C Type    |
+----------------------------------------------------+-----+-----+------------+---------------------------------------------+--------------+
|ap_clk                                              |   in|    1|  ap_ctrl_hs|  kernel_mhsa_Pipeline_TOKEN_STREAM_VALUE_MAC|  return value|
|ap_rst                                              |   in|    1|  ap_ctrl_hs|  kernel_mhsa_Pipeline_TOKEN_STREAM_VALUE_MAC|  return value|
|ap_start                                            |   in|    1|  ap_ctrl_hs|  kernel_mhsa_Pipeline_TOKEN_STREAM_VALUE_MAC|  return value|
|ap_done                                             |  out|    1|  ap_ctrl_hs|  kernel_mhsa_Pipeline_TOKEN_STREAM_VALUE_MAC|  return value|
|ap_idle                                             |  out|    1|  ap_ctrl_hs|  kernel_mhsa_Pipeline_TOKEN_STREAM_VALUE_MAC|  return value|
|ap_ready                                            |  out|    1|  ap_ctrl_hs|  kernel_mhsa_Pipeline_TOKEN_STREAM_VALUE_MAC|  return value|
|grp_fu_2831_p_din0                                  |  out|   32|  ap_ctrl_hs|  kernel_mhsa_Pipeline_TOKEN_STREAM_VALUE_MAC|  return value|
|grp_fu_2831_p_din1                                  |  out|   32|  ap_ctrl_hs|  kernel_mhsa_Pipeline_TOKEN_STREAM_VALUE_MAC|  return value|
|grp_fu_2831_p_opcode                                |  out|    2|  ap_ctrl_hs|  kernel_mhsa_Pipeline_TOKEN_STREAM_VALUE_MAC|  return value|
|grp_fu_2831_p_dout0                                 |   in|   32|  ap_ctrl_hs|  kernel_mhsa_Pipeline_TOKEN_STREAM_VALUE_MAC|  return value|
|grp_fu_4544_p_din0                                  |  out|   32|  ap_ctrl_hs|  kernel_mhsa_Pipeline_TOKEN_STREAM_VALUE_MAC|  return value|
|grp_fu_4544_p_din1                                  |  out|   32|  ap_ctrl_hs|  kernel_mhsa_Pipeline_TOKEN_STREAM_VALUE_MAC|  return value|
|grp_fu_4544_p_dout0                                 |   in|   32|  ap_ctrl_hs|  kernel_mhsa_Pipeline_TOKEN_STREAM_VALUE_MAC|  return value|
|grp_fu_4544_p_ce                                    |  out|    1|  ap_ctrl_hs|  kernel_mhsa_Pipeline_TOKEN_STREAM_VALUE_MAC|  return value|
|tmp_36                                              |   in|   38|     ap_none|                                       tmp_36|        scalar|
|local_accum_i                                       |   in|   32|     ap_ovld|                                  local_accum|       pointer|
|local_accum_o                                       |  out|   32|     ap_ovld|                                  local_accum|       pointer|
|local_accum_o_ap_vld                                |  out|    1|     ap_ovld|                                  local_accum|       pointer|
|local_accum_1_i                                     |   in|   32|     ap_ovld|                                local_accum_1|       pointer|
|local_accum_1_o                                     |  out|   32|     ap_ovld|                                local_accum_1|       pointer|
|local_accum_1_o_ap_vld                              |  out|    1|     ap_ovld|                                local_accum_1|       pointer|
|att_address0                                        |  out|    9|   ap_memory|                                          att|         array|
|att_ce0                                             |  out|    1|   ap_memory|                                          att|         array|
|att_q0                                              |   in|   32|   ap_memory|                                          att|         array|
|att_1_address0                                      |  out|    9|   ap_memory|                                        att_1|         array|
|att_1_ce0                                           |  out|    1|   ap_memory|                                        att_1|         array|
|att_1_q0                                            |   in|   32|   ap_memory|                                        att_1|         array|
|att_2_address0                                      |  out|    9|   ap_memory|                                        att_2|         array|
|att_2_ce0                                           |  out|    1|   ap_memory|                                        att_2|         array|
|att_2_q0                                            |   in|   32|   ap_memory|                                        att_2|         array|
|att_3_address0                                      |  out|    9|   ap_memory|                                        att_3|         array|
|att_3_ce0                                           |  out|    1|   ap_memory|                                        att_3|         array|
|att_3_q0                                            |   in|   32|   ap_memory|                                        att_3|         array|
|att_4_address0                                      |  out|    9|   ap_memory|                                        att_4|         array|
|att_4_ce0                                           |  out|    1|   ap_memory|                                        att_4|         array|
|att_4_q0                                            |   in|   32|   ap_memory|                                        att_4|         array|
|att_5_address0                                      |  out|    9|   ap_memory|                                        att_5|         array|
|att_5_ce0                                           |  out|    1|   ap_memory|                                        att_5|         array|
|att_5_q0                                            |   in|   32|   ap_memory|                                        att_5|         array|
|att_6_address0                                      |  out|    9|   ap_memory|                                        att_6|         array|
|att_6_ce0                                           |  out|    1|   ap_memory|                                        att_6|         array|
|att_6_q0                                            |   in|   32|   ap_memory|                                        att_6|         array|
|att_7_address0                                      |  out|    9|   ap_memory|                                        att_7|         array|
|att_7_ce0                                           |  out|    1|   ap_memory|                                        att_7|         array|
|att_7_q0                                            |   in|   32|   ap_memory|                                        att_7|         array|
|att_8_address0                                      |  out|    9|   ap_memory|                                        att_8|         array|
|att_8_ce0                                           |  out|    1|   ap_memory|                                        att_8|         array|
|att_8_q0                                            |   in|   32|   ap_memory|                                        att_8|         array|
|att_9_address0                                      |  out|    9|   ap_memory|                                        att_9|         array|
|att_9_ce0                                           |  out|    1|   ap_memory|                                        att_9|         array|
|att_9_q0                                            |   in|   32|   ap_memory|                                        att_9|         array|
|att_10_address0                                     |  out|    9|   ap_memory|                                       att_10|         array|
|att_10_ce0                                          |  out|    1|   ap_memory|                                       att_10|         array|
|att_10_q0                                           |   in|   32|   ap_memory|                                       att_10|         array|
|att_11_address0                                     |  out|    9|   ap_memory|                                       att_11|         array|
|att_11_ce0                                          |  out|    1|   ap_memory|                                       att_11|         array|
|att_11_q0                                           |   in|   32|   ap_memory|                                       att_11|         array|
|h_3                                                 |   in|    4|     ap_none|                                          h_3|        scalar|
|zext_ln197                                          |   in|    7|     ap_none|                                   zext_ln197|        scalar|
|l_1                                                 |   in|    4|     ap_none|                                          l_1|        scalar|
|local_accum_2_i                                     |   in|   32|     ap_ovld|                                local_accum_2|       pointer|
|local_accum_2_o                                     |  out|   32|     ap_ovld|                                local_accum_2|       pointer|
|local_accum_2_o_ap_vld                              |  out|    1|     ap_ovld|                                local_accum_2|       pointer|
|local_accum_4_i                                     |   in|   32|     ap_ovld|                                local_accum_4|       pointer|
|local_accum_4_o                                     |  out|   32|     ap_ovld|                                local_accum_4|       pointer|
|local_accum_4_o_ap_vld                              |  out|    1|     ap_ovld|                                local_accum_4|       pointer|
|local_accum_6_i                                     |   in|   32|     ap_ovld|                                local_accum_6|       pointer|
|local_accum_6_o                                     |  out|   32|     ap_ovld|                                local_accum_6|       pointer|
|local_accum_6_o_ap_vld                              |  out|    1|     ap_ovld|                                local_accum_6|       pointer|
|local_accum_8_i                                     |   in|   32|     ap_ovld|                                local_accum_8|       pointer|
|local_accum_8_o                                     |  out|   32|     ap_ovld|                                local_accum_8|       pointer|
|local_accum_8_o_ap_vld                              |  out|    1|     ap_ovld|                                local_accum_8|       pointer|
|local_accum_10_i                                    |   in|   32|     ap_ovld|                               local_accum_10|       pointer|
|local_accum_10_o                                    |  out|   32|     ap_ovld|                               local_accum_10|       pointer|
|local_accum_10_o_ap_vld                             |  out|    1|     ap_ovld|                               local_accum_10|       pointer|
|local_accum_12_i                                    |   in|   32|     ap_ovld|                               local_accum_12|       pointer|
|local_accum_12_o                                    |  out|   32|     ap_ovld|                               local_accum_12|       pointer|
|local_accum_12_o_ap_vld                             |  out|    1|     ap_ovld|                               local_accum_12|       pointer|
|local_accum_14_i                                    |   in|   32|     ap_ovld|                               local_accum_14|       pointer|
|local_accum_14_o                                    |  out|   32|     ap_ovld|                               local_accum_14|       pointer|
|local_accum_14_o_ap_vld                             |  out|    1|     ap_ovld|                               local_accum_14|       pointer|
|local_accum_16_i                                    |   in|   32|     ap_ovld|                               local_accum_16|       pointer|
|local_accum_16_o                                    |  out|   32|     ap_ovld|                               local_accum_16|       pointer|
|local_accum_16_o_ap_vld                             |  out|    1|     ap_ovld|                               local_accum_16|       pointer|
|local_accum_18_i                                    |   in|   32|     ap_ovld|                               local_accum_18|       pointer|
|local_accum_18_o                                    |  out|   32|     ap_ovld|                               local_accum_18|       pointer|
|local_accum_18_o_ap_vld                             |  out|    1|     ap_ovld|                               local_accum_18|       pointer|
|local_accum_20_i                                    |   in|   32|     ap_ovld|                               local_accum_20|       pointer|
|local_accum_20_o                                    |  out|   32|     ap_ovld|                               local_accum_20|       pointer|
|local_accum_20_o_ap_vld                             |  out|    1|     ap_ovld|                               local_accum_20|       pointer|
|local_accum_22_i                                    |   in|   32|     ap_ovld|                               local_accum_22|       pointer|
|local_accum_22_o                                    |  out|   32|     ap_ovld|                               local_accum_22|       pointer|
|local_accum_22_o_ap_vld                             |  out|    1|     ap_ovld|                               local_accum_22|       pointer|
|local_accum_24_i                                    |   in|   32|     ap_ovld|                               local_accum_24|       pointer|
|local_accum_24_o                                    |  out|   32|     ap_ovld|                               local_accum_24|       pointer|
|local_accum_24_o_ap_vld                             |  out|    1|     ap_ovld|                               local_accum_24|       pointer|
|local_accum_26_i                                    |   in|   32|     ap_ovld|                               local_accum_26|       pointer|
|local_accum_26_o                                    |  out|   32|     ap_ovld|                               local_accum_26|       pointer|
|local_accum_26_o_ap_vld                             |  out|    1|     ap_ovld|                               local_accum_26|       pointer|
|local_accum_28_i                                    |   in|   32|     ap_ovld|                               local_accum_28|       pointer|
|local_accum_28_o                                    |  out|   32|     ap_ovld|                               local_accum_28|       pointer|
|local_accum_28_o_ap_vld                             |  out|    1|     ap_ovld|                               local_accum_28|       pointer|
|local_accum_30_i                                    |   in|   32|     ap_ovld|                               local_accum_30|       pointer|
|local_accum_30_o                                    |  out|   32|     ap_ovld|                               local_accum_30|       pointer|
|local_accum_30_o_ap_vld                             |  out|    1|     ap_ovld|                               local_accum_30|       pointer|
|local_accum_32_i                                    |   in|   32|     ap_ovld|                               local_accum_32|       pointer|
|local_accum_32_o                                    |  out|   32|     ap_ovld|                               local_accum_32|       pointer|
|local_accum_32_o_ap_vld                             |  out|    1|     ap_ovld|                               local_accum_32|       pointer|
|local_accum_34_i                                    |   in|   32|     ap_ovld|                               local_accum_34|       pointer|
|local_accum_34_o                                    |  out|   32|     ap_ovld|                               local_accum_34|       pointer|
|local_accum_34_o_ap_vld                             |  out|    1|     ap_ovld|                               local_accum_34|       pointer|
|local_accum_36_i                                    |   in|   32|     ap_ovld|                               local_accum_36|       pointer|
|local_accum_36_o                                    |  out|   32|     ap_ovld|                               local_accum_36|       pointer|
|local_accum_36_o_ap_vld                             |  out|    1|     ap_ovld|                               local_accum_36|       pointer|
|local_accum_38_i                                    |   in|   32|     ap_ovld|                               local_accum_38|       pointer|
|local_accum_38_o                                    |  out|   32|     ap_ovld|                               local_accum_38|       pointer|
|local_accum_38_o_ap_vld                             |  out|    1|     ap_ovld|                               local_accum_38|       pointer|
|local_accum_40_i                                    |   in|   32|     ap_ovld|                               local_accum_40|       pointer|
|local_accum_40_o                                    |  out|   32|     ap_ovld|                               local_accum_40|       pointer|
|local_accum_40_o_ap_vld                             |  out|    1|     ap_ovld|                               local_accum_40|       pointer|
|local_accum_42_i                                    |   in|   32|     ap_ovld|                               local_accum_42|       pointer|
|local_accum_42_o                                    |  out|   32|     ap_ovld|                               local_accum_42|       pointer|
|local_accum_42_o_ap_vld                             |  out|    1|     ap_ovld|                               local_accum_42|       pointer|
|local_accum_44_i                                    |   in|   32|     ap_ovld|                               local_accum_44|       pointer|
|local_accum_44_o                                    |  out|   32|     ap_ovld|                               local_accum_44|       pointer|
|local_accum_44_o_ap_vld                             |  out|    1|     ap_ovld|                               local_accum_44|       pointer|
|local_accum_46_i                                    |   in|   32|     ap_ovld|                               local_accum_46|       pointer|
|local_accum_46_o                                    |  out|   32|     ap_ovld|                               local_accum_46|       pointer|
|local_accum_46_o_ap_vld                             |  out|    1|     ap_ovld|                               local_accum_46|       pointer|
|local_accum_48_i                                    |   in|   32|     ap_ovld|                               local_accum_48|       pointer|
|local_accum_48_o                                    |  out|   32|     ap_ovld|                               local_accum_48|       pointer|
|local_accum_48_o_ap_vld                             |  out|    1|     ap_ovld|                               local_accum_48|       pointer|
|local_accum_50_i                                    |   in|   32|     ap_ovld|                               local_accum_50|       pointer|
|local_accum_50_o                                    |  out|   32|     ap_ovld|                               local_accum_50|       pointer|
|local_accum_50_o_ap_vld                             |  out|    1|     ap_ovld|                               local_accum_50|       pointer|
|local_accum_52_i                                    |   in|   32|     ap_ovld|                               local_accum_52|       pointer|
|local_accum_52_o                                    |  out|   32|     ap_ovld|                               local_accum_52|       pointer|
|local_accum_52_o_ap_vld                             |  out|    1|     ap_ovld|                               local_accum_52|       pointer|
|local_accum_54_i                                    |   in|   32|     ap_ovld|                               local_accum_54|       pointer|
|local_accum_54_o                                    |  out|   32|     ap_ovld|                               local_accum_54|       pointer|
|local_accum_54_o_ap_vld                             |  out|    1|     ap_ovld|                               local_accum_54|       pointer|
|local_accum_56_i                                    |   in|   32|     ap_ovld|                               local_accum_56|       pointer|
|local_accum_56_o                                    |  out|   32|     ap_ovld|                               local_accum_56|       pointer|
|local_accum_56_o_ap_vld                             |  out|    1|     ap_ovld|                               local_accum_56|       pointer|
|local_accum_58_i                                    |   in|   32|     ap_ovld|                               local_accum_58|       pointer|
|local_accum_58_o                                    |  out|   32|     ap_ovld|                               local_accum_58|       pointer|
|local_accum_58_o_ap_vld                             |  out|    1|     ap_ovld|                               local_accum_58|       pointer|
|local_accum_60_i                                    |   in|   32|     ap_ovld|                               local_accum_60|       pointer|
|local_accum_60_o                                    |  out|   32|     ap_ovld|                               local_accum_60|       pointer|
|local_accum_60_o_ap_vld                             |  out|    1|     ap_ovld|                               local_accum_60|       pointer|
|local_accum_62_i                                    |   in|   32|     ap_ovld|                               local_accum_62|       pointer|
|local_accum_62_o                                    |  out|   32|     ap_ovld|                               local_accum_62|       pointer|
|local_accum_62_o_ap_vld                             |  out|    1|     ap_ovld|                               local_accum_62|       pointer|
|local_accum_3_i                                     |   in|   32|     ap_ovld|                                local_accum_3|       pointer|
|local_accum_3_o                                     |  out|   32|     ap_ovld|                                local_accum_3|       pointer|
|local_accum_3_o_ap_vld                              |  out|    1|     ap_ovld|                                local_accum_3|       pointer|
|local_accum_5_i                                     |   in|   32|     ap_ovld|                                local_accum_5|       pointer|
|local_accum_5_o                                     |  out|   32|     ap_ovld|                                local_accum_5|       pointer|
|local_accum_5_o_ap_vld                              |  out|    1|     ap_ovld|                                local_accum_5|       pointer|
|local_accum_7_i                                     |   in|   32|     ap_ovld|                                local_accum_7|       pointer|
|local_accum_7_o                                     |  out|   32|     ap_ovld|                                local_accum_7|       pointer|
|local_accum_7_o_ap_vld                              |  out|    1|     ap_ovld|                                local_accum_7|       pointer|
|local_accum_9_i                                     |   in|   32|     ap_ovld|                                local_accum_9|       pointer|
|local_accum_9_o                                     |  out|   32|     ap_ovld|                                local_accum_9|       pointer|
|local_accum_9_o_ap_vld                              |  out|    1|     ap_ovld|                                local_accum_9|       pointer|
|local_accum_11_i                                    |   in|   32|     ap_ovld|                               local_accum_11|       pointer|
|local_accum_11_o                                    |  out|   32|     ap_ovld|                               local_accum_11|       pointer|
|local_accum_11_o_ap_vld                             |  out|    1|     ap_ovld|                               local_accum_11|       pointer|
|local_accum_13_i                                    |   in|   32|     ap_ovld|                               local_accum_13|       pointer|
|local_accum_13_o                                    |  out|   32|     ap_ovld|                               local_accum_13|       pointer|
|local_accum_13_o_ap_vld                             |  out|    1|     ap_ovld|                               local_accum_13|       pointer|
|local_accum_15_i                                    |   in|   32|     ap_ovld|                               local_accum_15|       pointer|
|local_accum_15_o                                    |  out|   32|     ap_ovld|                               local_accum_15|       pointer|
|local_accum_15_o_ap_vld                             |  out|    1|     ap_ovld|                               local_accum_15|       pointer|
|local_accum_17_i                                    |   in|   32|     ap_ovld|                               local_accum_17|       pointer|
|local_accum_17_o                                    |  out|   32|     ap_ovld|                               local_accum_17|       pointer|
|local_accum_17_o_ap_vld                             |  out|    1|     ap_ovld|                               local_accum_17|       pointer|
|local_accum_19_i                                    |   in|   32|     ap_ovld|                               local_accum_19|       pointer|
|local_accum_19_o                                    |  out|   32|     ap_ovld|                               local_accum_19|       pointer|
|local_accum_19_o_ap_vld                             |  out|    1|     ap_ovld|                               local_accum_19|       pointer|
|local_accum_21_i                                    |   in|   32|     ap_ovld|                               local_accum_21|       pointer|
|local_accum_21_o                                    |  out|   32|     ap_ovld|                               local_accum_21|       pointer|
|local_accum_21_o_ap_vld                             |  out|    1|     ap_ovld|                               local_accum_21|       pointer|
|local_accum_23_i                                    |   in|   32|     ap_ovld|                               local_accum_23|       pointer|
|local_accum_23_o                                    |  out|   32|     ap_ovld|                               local_accum_23|       pointer|
|local_accum_23_o_ap_vld                             |  out|    1|     ap_ovld|                               local_accum_23|       pointer|
|local_accum_25_i                                    |   in|   32|     ap_ovld|                               local_accum_25|       pointer|
|local_accum_25_o                                    |  out|   32|     ap_ovld|                               local_accum_25|       pointer|
|local_accum_25_o_ap_vld                             |  out|    1|     ap_ovld|                               local_accum_25|       pointer|
|local_accum_27_i                                    |   in|   32|     ap_ovld|                               local_accum_27|       pointer|
|local_accum_27_o                                    |  out|   32|     ap_ovld|                               local_accum_27|       pointer|
|local_accum_27_o_ap_vld                             |  out|    1|     ap_ovld|                               local_accum_27|       pointer|
|local_accum_29_i                                    |   in|   32|     ap_ovld|                               local_accum_29|       pointer|
|local_accum_29_o                                    |  out|   32|     ap_ovld|                               local_accum_29|       pointer|
|local_accum_29_o_ap_vld                             |  out|    1|     ap_ovld|                               local_accum_29|       pointer|
|local_accum_31_i                                    |   in|   32|     ap_ovld|                               local_accum_31|       pointer|
|local_accum_31_o                                    |  out|   32|     ap_ovld|                               local_accum_31|       pointer|
|local_accum_31_o_ap_vld                             |  out|    1|     ap_ovld|                               local_accum_31|       pointer|
|local_accum_33_i                                    |   in|   32|     ap_ovld|                               local_accum_33|       pointer|
|local_accum_33_o                                    |  out|   32|     ap_ovld|                               local_accum_33|       pointer|
|local_accum_33_o_ap_vld                             |  out|    1|     ap_ovld|                               local_accum_33|       pointer|
|local_accum_35_i                                    |   in|   32|     ap_ovld|                               local_accum_35|       pointer|
|local_accum_35_o                                    |  out|   32|     ap_ovld|                               local_accum_35|       pointer|
|local_accum_35_o_ap_vld                             |  out|    1|     ap_ovld|                               local_accum_35|       pointer|
|local_accum_37_i                                    |   in|   32|     ap_ovld|                               local_accum_37|       pointer|
|local_accum_37_o                                    |  out|   32|     ap_ovld|                               local_accum_37|       pointer|
|local_accum_37_o_ap_vld                             |  out|    1|     ap_ovld|                               local_accum_37|       pointer|
|local_accum_39_i                                    |   in|   32|     ap_ovld|                               local_accum_39|       pointer|
|local_accum_39_o                                    |  out|   32|     ap_ovld|                               local_accum_39|       pointer|
|local_accum_39_o_ap_vld                             |  out|    1|     ap_ovld|                               local_accum_39|       pointer|
|local_accum_41_i                                    |   in|   32|     ap_ovld|                               local_accum_41|       pointer|
|local_accum_41_o                                    |  out|   32|     ap_ovld|                               local_accum_41|       pointer|
|local_accum_41_o_ap_vld                             |  out|    1|     ap_ovld|                               local_accum_41|       pointer|
|local_accum_43_i                                    |   in|   32|     ap_ovld|                               local_accum_43|       pointer|
|local_accum_43_o                                    |  out|   32|     ap_ovld|                               local_accum_43|       pointer|
|local_accum_43_o_ap_vld                             |  out|    1|     ap_ovld|                               local_accum_43|       pointer|
|local_accum_45_i                                    |   in|   32|     ap_ovld|                               local_accum_45|       pointer|
|local_accum_45_o                                    |  out|   32|     ap_ovld|                               local_accum_45|       pointer|
|local_accum_45_o_ap_vld                             |  out|    1|     ap_ovld|                               local_accum_45|       pointer|
|local_accum_47_i                                    |   in|   32|     ap_ovld|                               local_accum_47|       pointer|
|local_accum_47_o                                    |  out|   32|     ap_ovld|                               local_accum_47|       pointer|
|local_accum_47_o_ap_vld                             |  out|    1|     ap_ovld|                               local_accum_47|       pointer|
|local_accum_49_i                                    |   in|   32|     ap_ovld|                               local_accum_49|       pointer|
|local_accum_49_o                                    |  out|   32|     ap_ovld|                               local_accum_49|       pointer|
|local_accum_49_o_ap_vld                             |  out|    1|     ap_ovld|                               local_accum_49|       pointer|
|local_accum_51_i                                    |   in|   32|     ap_ovld|                               local_accum_51|       pointer|
|local_accum_51_o                                    |  out|   32|     ap_ovld|                               local_accum_51|       pointer|
|local_accum_51_o_ap_vld                             |  out|    1|     ap_ovld|                               local_accum_51|       pointer|
|local_accum_53_i                                    |   in|   32|     ap_ovld|                               local_accum_53|       pointer|
|local_accum_53_o                                    |  out|   32|     ap_ovld|                               local_accum_53|       pointer|
|local_accum_53_o_ap_vld                             |  out|    1|     ap_ovld|                               local_accum_53|       pointer|
|local_accum_55_i                                    |   in|   32|     ap_ovld|                               local_accum_55|       pointer|
|local_accum_55_o                                    |  out|   32|     ap_ovld|                               local_accum_55|       pointer|
|local_accum_55_o_ap_vld                             |  out|    1|     ap_ovld|                               local_accum_55|       pointer|
|local_accum_57_i                                    |   in|   32|     ap_ovld|                               local_accum_57|       pointer|
|local_accum_57_o                                    |  out|   32|     ap_ovld|                               local_accum_57|       pointer|
|local_accum_57_o_ap_vld                             |  out|    1|     ap_ovld|                               local_accum_57|       pointer|
|local_accum_59_i                                    |   in|   32|     ap_ovld|                               local_accum_59|       pointer|
|local_accum_59_o                                    |  out|   32|     ap_ovld|                               local_accum_59|       pointer|
|local_accum_59_o_ap_vld                             |  out|    1|     ap_ovld|                               local_accum_59|       pointer|
|local_accum_61_i                                    |   in|   32|     ap_ovld|                               local_accum_61|       pointer|
|local_accum_61_o                                    |  out|   32|     ap_ovld|                               local_accum_61|       pointer|
|local_accum_61_o_ap_vld                             |  out|    1|     ap_ovld|                               local_accum_61|       pointer|
|local_accum_63_i                                    |   in|   32|     ap_ovld|                               local_accum_63|       pointer|
|local_accum_63_o                                    |  out|   32|     ap_ovld|                               local_accum_63|       pointer|
|local_accum_63_o_ap_vld                             |  out|    1|     ap_ovld|                               local_accum_63|       pointer|
|p_ZZ11kernel_mhsaPfiS_E11value_cache_0_0_address0   |  out|   16|   ap_memory|     p_ZZ11kernel_mhsaPfiS_E11value_cache_0_0|         array|
|p_ZZ11kernel_mhsaPfiS_E11value_cache_0_0_ce0        |  out|    1|   ap_memory|     p_ZZ11kernel_mhsaPfiS_E11value_cache_0_0|         array|
|p_ZZ11kernel_mhsaPfiS_E11value_cache_0_0_q0         |   in|   32|   ap_memory|     p_ZZ11kernel_mhsaPfiS_E11value_cache_0_0|         array|
|p_ZZ11kernel_mhsaPfiS_E11value_cache_0_2_address0   |  out|   16|   ap_memory|     p_ZZ11kernel_mhsaPfiS_E11value_cache_0_2|         array|
|p_ZZ11kernel_mhsaPfiS_E11value_cache_0_2_ce0        |  out|    1|   ap_memory|     p_ZZ11kernel_mhsaPfiS_E11value_cache_0_2|         array|
|p_ZZ11kernel_mhsaPfiS_E11value_cache_0_2_q0         |   in|   32|   ap_memory|     p_ZZ11kernel_mhsaPfiS_E11value_cache_0_2|         array|
|p_ZZ11kernel_mhsaPfiS_E11value_cache_0_4_address0   |  out|   16|   ap_memory|     p_ZZ11kernel_mhsaPfiS_E11value_cache_0_4|         array|
|p_ZZ11kernel_mhsaPfiS_E11value_cache_0_4_ce0        |  out|    1|   ap_memory|     p_ZZ11kernel_mhsaPfiS_E11value_cache_0_4|         array|
|p_ZZ11kernel_mhsaPfiS_E11value_cache_0_4_q0         |   in|   32|   ap_memory|     p_ZZ11kernel_mhsaPfiS_E11value_cache_0_4|         array|
|p_ZZ11kernel_mhsaPfiS_E11value_cache_0_6_address0   |  out|   16|   ap_memory|     p_ZZ11kernel_mhsaPfiS_E11value_cache_0_6|         array|
|p_ZZ11kernel_mhsaPfiS_E11value_cache_0_6_ce0        |  out|    1|   ap_memory|     p_ZZ11kernel_mhsaPfiS_E11value_cache_0_6|         array|
|p_ZZ11kernel_mhsaPfiS_E11value_cache_0_6_q0         |   in|   32|   ap_memory|     p_ZZ11kernel_mhsaPfiS_E11value_cache_0_6|         array|
|p_ZZ11kernel_mhsaPfiS_E11value_cache_1_0_address0   |  out|   16|   ap_memory|     p_ZZ11kernel_mhsaPfiS_E11value_cache_1_0|         array|
|p_ZZ11kernel_mhsaPfiS_E11value_cache_1_0_ce0        |  out|    1|   ap_memory|     p_ZZ11kernel_mhsaPfiS_E11value_cache_1_0|         array|
|p_ZZ11kernel_mhsaPfiS_E11value_cache_1_0_q0         |   in|   32|   ap_memory|     p_ZZ11kernel_mhsaPfiS_E11value_cache_1_0|         array|
|p_ZZ11kernel_mhsaPfiS_E11value_cache_1_2_address0   |  out|   16|   ap_memory|     p_ZZ11kernel_mhsaPfiS_E11value_cache_1_2|         array|
|p_ZZ11kernel_mhsaPfiS_E11value_cache_1_2_ce0        |  out|    1|   ap_memory|     p_ZZ11kernel_mhsaPfiS_E11value_cache_1_2|         array|
|p_ZZ11kernel_mhsaPfiS_E11value_cache_1_2_q0         |   in|   32|   ap_memory|     p_ZZ11kernel_mhsaPfiS_E11value_cache_1_2|         array|
|p_ZZ11kernel_mhsaPfiS_E11value_cache_1_4_address0   |  out|   16|   ap_memory|     p_ZZ11kernel_mhsaPfiS_E11value_cache_1_4|         array|
|p_ZZ11kernel_mhsaPfiS_E11value_cache_1_4_ce0        |  out|    1|   ap_memory|     p_ZZ11kernel_mhsaPfiS_E11value_cache_1_4|         array|
|p_ZZ11kernel_mhsaPfiS_E11value_cache_1_4_q0         |   in|   32|   ap_memory|     p_ZZ11kernel_mhsaPfiS_E11value_cache_1_4|         array|
|p_ZZ11kernel_mhsaPfiS_E11value_cache_1_6_address0   |  out|   16|   ap_memory|     p_ZZ11kernel_mhsaPfiS_E11value_cache_1_6|         array|
|p_ZZ11kernel_mhsaPfiS_E11value_cache_1_6_ce0        |  out|    1|   ap_memory|     p_ZZ11kernel_mhsaPfiS_E11value_cache_1_6|         array|
|p_ZZ11kernel_mhsaPfiS_E11value_cache_1_6_q0         |   in|   32|   ap_memory|     p_ZZ11kernel_mhsaPfiS_E11value_cache_1_6|         array|
|p_ZZ11kernel_mhsaPfiS_E11value_cache_2_0_address0   |  out|   16|   ap_memory|     p_ZZ11kernel_mhsaPfiS_E11value_cache_2_0|         array|
|p_ZZ11kernel_mhsaPfiS_E11value_cache_2_0_ce0        |  out|    1|   ap_memory|     p_ZZ11kernel_mhsaPfiS_E11value_cache_2_0|         array|
|p_ZZ11kernel_mhsaPfiS_E11value_cache_2_0_q0         |   in|   32|   ap_memory|     p_ZZ11kernel_mhsaPfiS_E11value_cache_2_0|         array|
|p_ZZ11kernel_mhsaPfiS_E11value_cache_2_2_address0   |  out|   16|   ap_memory|     p_ZZ11kernel_mhsaPfiS_E11value_cache_2_2|         array|
|p_ZZ11kernel_mhsaPfiS_E11value_cache_2_2_ce0        |  out|    1|   ap_memory|     p_ZZ11kernel_mhsaPfiS_E11value_cache_2_2|         array|
|p_ZZ11kernel_mhsaPfiS_E11value_cache_2_2_q0         |   in|   32|   ap_memory|     p_ZZ11kernel_mhsaPfiS_E11value_cache_2_2|         array|
|p_ZZ11kernel_mhsaPfiS_E11value_cache_2_4_address0   |  out|   16|   ap_memory|     p_ZZ11kernel_mhsaPfiS_E11value_cache_2_4|         array|
|p_ZZ11kernel_mhsaPfiS_E11value_cache_2_4_ce0        |  out|    1|   ap_memory|     p_ZZ11kernel_mhsaPfiS_E11value_cache_2_4|         array|
|p_ZZ11kernel_mhsaPfiS_E11value_cache_2_4_q0         |   in|   32|   ap_memory|     p_ZZ11kernel_mhsaPfiS_E11value_cache_2_4|         array|
|p_ZZ11kernel_mhsaPfiS_E11value_cache_2_6_address0   |  out|   16|   ap_memory|     p_ZZ11kernel_mhsaPfiS_E11value_cache_2_6|         array|
|p_ZZ11kernel_mhsaPfiS_E11value_cache_2_6_ce0        |  out|    1|   ap_memory|     p_ZZ11kernel_mhsaPfiS_E11value_cache_2_6|         array|
|p_ZZ11kernel_mhsaPfiS_E11value_cache_2_6_q0         |   in|   32|   ap_memory|     p_ZZ11kernel_mhsaPfiS_E11value_cache_2_6|         array|
|p_ZZ11kernel_mhsaPfiS_E11value_cache_3_0_address0   |  out|   16|   ap_memory|     p_ZZ11kernel_mhsaPfiS_E11value_cache_3_0|         array|
|p_ZZ11kernel_mhsaPfiS_E11value_cache_3_0_ce0        |  out|    1|   ap_memory|     p_ZZ11kernel_mhsaPfiS_E11value_cache_3_0|         array|
|p_ZZ11kernel_mhsaPfiS_E11value_cache_3_0_q0         |   in|   32|   ap_memory|     p_ZZ11kernel_mhsaPfiS_E11value_cache_3_0|         array|
|p_ZZ11kernel_mhsaPfiS_E11value_cache_3_2_address0   |  out|   16|   ap_memory|     p_ZZ11kernel_mhsaPfiS_E11value_cache_3_2|         array|
|p_ZZ11kernel_mhsaPfiS_E11value_cache_3_2_ce0        |  out|    1|   ap_memory|     p_ZZ11kernel_mhsaPfiS_E11value_cache_3_2|         array|
|p_ZZ11kernel_mhsaPfiS_E11value_cache_3_2_q0         |   in|   32|   ap_memory|     p_ZZ11kernel_mhsaPfiS_E11value_cache_3_2|         array|
|p_ZZ11kernel_mhsaPfiS_E11value_cache_3_4_address0   |  out|   16|   ap_memory|     p_ZZ11kernel_mhsaPfiS_E11value_cache_3_4|         array|
|p_ZZ11kernel_mhsaPfiS_E11value_cache_3_4_ce0        |  out|    1|   ap_memory|     p_ZZ11kernel_mhsaPfiS_E11value_cache_3_4|         array|
|p_ZZ11kernel_mhsaPfiS_E11value_cache_3_4_q0         |   in|   32|   ap_memory|     p_ZZ11kernel_mhsaPfiS_E11value_cache_3_4|         array|
|p_ZZ11kernel_mhsaPfiS_E11value_cache_3_6_address0   |  out|   16|   ap_memory|     p_ZZ11kernel_mhsaPfiS_E11value_cache_3_6|         array|
|p_ZZ11kernel_mhsaPfiS_E11value_cache_3_6_ce0        |  out|    1|   ap_memory|     p_ZZ11kernel_mhsaPfiS_E11value_cache_3_6|         array|
|p_ZZ11kernel_mhsaPfiS_E11value_cache_3_6_q0         |   in|   32|   ap_memory|     p_ZZ11kernel_mhsaPfiS_E11value_cache_3_6|         array|
|p_ZZ11kernel_mhsaPfiS_E11value_cache_4_0_address0   |  out|   16|   ap_memory|     p_ZZ11kernel_mhsaPfiS_E11value_cache_4_0|         array|
|p_ZZ11kernel_mhsaPfiS_E11value_cache_4_0_ce0        |  out|    1|   ap_memory|     p_ZZ11kernel_mhsaPfiS_E11value_cache_4_0|         array|
|p_ZZ11kernel_mhsaPfiS_E11value_cache_4_0_q0         |   in|   32|   ap_memory|     p_ZZ11kernel_mhsaPfiS_E11value_cache_4_0|         array|
|p_ZZ11kernel_mhsaPfiS_E11value_cache_4_2_address0   |  out|   16|   ap_memory|     p_ZZ11kernel_mhsaPfiS_E11value_cache_4_2|         array|
|p_ZZ11kernel_mhsaPfiS_E11value_cache_4_2_ce0        |  out|    1|   ap_memory|     p_ZZ11kernel_mhsaPfiS_E11value_cache_4_2|         array|
|p_ZZ11kernel_mhsaPfiS_E11value_cache_4_2_q0         |   in|   32|   ap_memory|     p_ZZ11kernel_mhsaPfiS_E11value_cache_4_2|         array|
|p_ZZ11kernel_mhsaPfiS_E11value_cache_4_4_address0   |  out|   16|   ap_memory|     p_ZZ11kernel_mhsaPfiS_E11value_cache_4_4|         array|
|p_ZZ11kernel_mhsaPfiS_E11value_cache_4_4_ce0        |  out|    1|   ap_memory|     p_ZZ11kernel_mhsaPfiS_E11value_cache_4_4|         array|
|p_ZZ11kernel_mhsaPfiS_E11value_cache_4_4_q0         |   in|   32|   ap_memory|     p_ZZ11kernel_mhsaPfiS_E11value_cache_4_4|         array|
|p_ZZ11kernel_mhsaPfiS_E11value_cache_4_6_address0   |  out|   16|   ap_memory|     p_ZZ11kernel_mhsaPfiS_E11value_cache_4_6|         array|
|p_ZZ11kernel_mhsaPfiS_E11value_cache_4_6_ce0        |  out|    1|   ap_memory|     p_ZZ11kernel_mhsaPfiS_E11value_cache_4_6|         array|
|p_ZZ11kernel_mhsaPfiS_E11value_cache_4_6_q0         |   in|   32|   ap_memory|     p_ZZ11kernel_mhsaPfiS_E11value_cache_4_6|         array|
|p_ZZ11kernel_mhsaPfiS_E11value_cache_5_0_address0   |  out|   16|   ap_memory|     p_ZZ11kernel_mhsaPfiS_E11value_cache_5_0|         array|
|p_ZZ11kernel_mhsaPfiS_E11value_cache_5_0_ce0        |  out|    1|   ap_memory|     p_ZZ11kernel_mhsaPfiS_E11value_cache_5_0|         array|
|p_ZZ11kernel_mhsaPfiS_E11value_cache_5_0_q0         |   in|   32|   ap_memory|     p_ZZ11kernel_mhsaPfiS_E11value_cache_5_0|         array|
|p_ZZ11kernel_mhsaPfiS_E11value_cache_5_2_address0   |  out|   16|   ap_memory|     p_ZZ11kernel_mhsaPfiS_E11value_cache_5_2|         array|
|p_ZZ11kernel_mhsaPfiS_E11value_cache_5_2_ce0        |  out|    1|   ap_memory|     p_ZZ11kernel_mhsaPfiS_E11value_cache_5_2|         array|
|p_ZZ11kernel_mhsaPfiS_E11value_cache_5_2_q0         |   in|   32|   ap_memory|     p_ZZ11kernel_mhsaPfiS_E11value_cache_5_2|         array|
|p_ZZ11kernel_mhsaPfiS_E11value_cache_5_4_address0   |  out|   16|   ap_memory|     p_ZZ11kernel_mhsaPfiS_E11value_cache_5_4|         array|
|p_ZZ11kernel_mhsaPfiS_E11value_cache_5_4_ce0        |  out|    1|   ap_memory|     p_ZZ11kernel_mhsaPfiS_E11value_cache_5_4|         array|
|p_ZZ11kernel_mhsaPfiS_E11value_cache_5_4_q0         |   in|   32|   ap_memory|     p_ZZ11kernel_mhsaPfiS_E11value_cache_5_4|         array|
|p_ZZ11kernel_mhsaPfiS_E11value_cache_5_6_address0   |  out|   16|   ap_memory|     p_ZZ11kernel_mhsaPfiS_E11value_cache_5_6|         array|
|p_ZZ11kernel_mhsaPfiS_E11value_cache_5_6_ce0        |  out|    1|   ap_memory|     p_ZZ11kernel_mhsaPfiS_E11value_cache_5_6|         array|
|p_ZZ11kernel_mhsaPfiS_E11value_cache_5_6_q0         |   in|   32|   ap_memory|     p_ZZ11kernel_mhsaPfiS_E11value_cache_5_6|         array|
|p_ZZ11kernel_mhsaPfiS_E11value_cache_6_0_address0   |  out|   16|   ap_memory|     p_ZZ11kernel_mhsaPfiS_E11value_cache_6_0|         array|
|p_ZZ11kernel_mhsaPfiS_E11value_cache_6_0_ce0        |  out|    1|   ap_memory|     p_ZZ11kernel_mhsaPfiS_E11value_cache_6_0|         array|
|p_ZZ11kernel_mhsaPfiS_E11value_cache_6_0_q0         |   in|   32|   ap_memory|     p_ZZ11kernel_mhsaPfiS_E11value_cache_6_0|         array|
|p_ZZ11kernel_mhsaPfiS_E11value_cache_6_2_address0   |  out|   16|   ap_memory|     p_ZZ11kernel_mhsaPfiS_E11value_cache_6_2|         array|
|p_ZZ11kernel_mhsaPfiS_E11value_cache_6_2_ce0        |  out|    1|   ap_memory|     p_ZZ11kernel_mhsaPfiS_E11value_cache_6_2|         array|
|p_ZZ11kernel_mhsaPfiS_E11value_cache_6_2_q0         |   in|   32|   ap_memory|     p_ZZ11kernel_mhsaPfiS_E11value_cache_6_2|         array|
|p_ZZ11kernel_mhsaPfiS_E11value_cache_6_4_address0   |  out|   16|   ap_memory|     p_ZZ11kernel_mhsaPfiS_E11value_cache_6_4|         array|
|p_ZZ11kernel_mhsaPfiS_E11value_cache_6_4_ce0        |  out|    1|   ap_memory|     p_ZZ11kernel_mhsaPfiS_E11value_cache_6_4|         array|
|p_ZZ11kernel_mhsaPfiS_E11value_cache_6_4_q0         |   in|   32|   ap_memory|     p_ZZ11kernel_mhsaPfiS_E11value_cache_6_4|         array|
|p_ZZ11kernel_mhsaPfiS_E11value_cache_6_6_address0   |  out|   16|   ap_memory|     p_ZZ11kernel_mhsaPfiS_E11value_cache_6_6|         array|
|p_ZZ11kernel_mhsaPfiS_E11value_cache_6_6_ce0        |  out|    1|   ap_memory|     p_ZZ11kernel_mhsaPfiS_E11value_cache_6_6|         array|
|p_ZZ11kernel_mhsaPfiS_E11value_cache_6_6_q0         |   in|   32|   ap_memory|     p_ZZ11kernel_mhsaPfiS_E11value_cache_6_6|         array|
|p_ZZ11kernel_mhsaPfiS_E11value_cache_7_0_address0   |  out|   16|   ap_memory|     p_ZZ11kernel_mhsaPfiS_E11value_cache_7_0|         array|
|p_ZZ11kernel_mhsaPfiS_E11value_cache_7_0_ce0        |  out|    1|   ap_memory|     p_ZZ11kernel_mhsaPfiS_E11value_cache_7_0|         array|
|p_ZZ11kernel_mhsaPfiS_E11value_cache_7_0_q0         |   in|   32|   ap_memory|     p_ZZ11kernel_mhsaPfiS_E11value_cache_7_0|         array|
|p_ZZ11kernel_mhsaPfiS_E11value_cache_7_2_address0   |  out|   16|   ap_memory|     p_ZZ11kernel_mhsaPfiS_E11value_cache_7_2|         array|
|p_ZZ11kernel_mhsaPfiS_E11value_cache_7_2_ce0        |  out|    1|   ap_memory|     p_ZZ11kernel_mhsaPfiS_E11value_cache_7_2|         array|
|p_ZZ11kernel_mhsaPfiS_E11value_cache_7_2_q0         |   in|   32|   ap_memory|     p_ZZ11kernel_mhsaPfiS_E11value_cache_7_2|         array|
|p_ZZ11kernel_mhsaPfiS_E11value_cache_7_4_address0   |  out|   16|   ap_memory|     p_ZZ11kernel_mhsaPfiS_E11value_cache_7_4|         array|
|p_ZZ11kernel_mhsaPfiS_E11value_cache_7_4_ce0        |  out|    1|   ap_memory|     p_ZZ11kernel_mhsaPfiS_E11value_cache_7_4|         array|
|p_ZZ11kernel_mhsaPfiS_E11value_cache_7_4_q0         |   in|   32|   ap_memory|     p_ZZ11kernel_mhsaPfiS_E11value_cache_7_4|         array|
|p_ZZ11kernel_mhsaPfiS_E11value_cache_7_6_address0   |  out|   16|   ap_memory|     p_ZZ11kernel_mhsaPfiS_E11value_cache_7_6|         array|
|p_ZZ11kernel_mhsaPfiS_E11value_cache_7_6_ce0        |  out|    1|   ap_memory|     p_ZZ11kernel_mhsaPfiS_E11value_cache_7_6|         array|
|p_ZZ11kernel_mhsaPfiS_E11value_cache_7_6_q0         |   in|   32|   ap_memory|     p_ZZ11kernel_mhsaPfiS_E11value_cache_7_6|         array|
|p_ZZ11kernel_mhsaPfiS_E11value_cache_8_0_address0   |  out|   16|   ap_memory|     p_ZZ11kernel_mhsaPfiS_E11value_cache_8_0|         array|
|p_ZZ11kernel_mhsaPfiS_E11value_cache_8_0_ce0        |  out|    1|   ap_memory|     p_ZZ11kernel_mhsaPfiS_E11value_cache_8_0|         array|
|p_ZZ11kernel_mhsaPfiS_E11value_cache_8_0_q0         |   in|   32|   ap_memory|     p_ZZ11kernel_mhsaPfiS_E11value_cache_8_0|         array|
|p_ZZ11kernel_mhsaPfiS_E11value_cache_8_2_address0   |  out|   16|   ap_memory|     p_ZZ11kernel_mhsaPfiS_E11value_cache_8_2|         array|
|p_ZZ11kernel_mhsaPfiS_E11value_cache_8_2_ce0        |  out|    1|   ap_memory|     p_ZZ11kernel_mhsaPfiS_E11value_cache_8_2|         array|
|p_ZZ11kernel_mhsaPfiS_E11value_cache_8_2_q0         |   in|   32|   ap_memory|     p_ZZ11kernel_mhsaPfiS_E11value_cache_8_2|         array|
|p_ZZ11kernel_mhsaPfiS_E11value_cache_8_4_address0   |  out|   16|   ap_memory|     p_ZZ11kernel_mhsaPfiS_E11value_cache_8_4|         array|
|p_ZZ11kernel_mhsaPfiS_E11value_cache_8_4_ce0        |  out|    1|   ap_memory|     p_ZZ11kernel_mhsaPfiS_E11value_cache_8_4|         array|
|p_ZZ11kernel_mhsaPfiS_E11value_cache_8_4_q0         |   in|   32|   ap_memory|     p_ZZ11kernel_mhsaPfiS_E11value_cache_8_4|         array|
|p_ZZ11kernel_mhsaPfiS_E11value_cache_8_6_address0   |  out|   16|   ap_memory|     p_ZZ11kernel_mhsaPfiS_E11value_cache_8_6|         array|
|p_ZZ11kernel_mhsaPfiS_E11value_cache_8_6_ce0        |  out|    1|   ap_memory|     p_ZZ11kernel_mhsaPfiS_E11value_cache_8_6|         array|
|p_ZZ11kernel_mhsaPfiS_E11value_cache_8_6_q0         |   in|   32|   ap_memory|     p_ZZ11kernel_mhsaPfiS_E11value_cache_8_6|         array|
|p_ZZ11kernel_mhsaPfiS_E11value_cache_9_0_address0   |  out|   16|   ap_memory|     p_ZZ11kernel_mhsaPfiS_E11value_cache_9_0|         array|
|p_ZZ11kernel_mhsaPfiS_E11value_cache_9_0_ce0        |  out|    1|   ap_memory|     p_ZZ11kernel_mhsaPfiS_E11value_cache_9_0|         array|
|p_ZZ11kernel_mhsaPfiS_E11value_cache_9_0_q0         |   in|   32|   ap_memory|     p_ZZ11kernel_mhsaPfiS_E11value_cache_9_0|         array|
|p_ZZ11kernel_mhsaPfiS_E11value_cache_9_2_address0   |  out|   16|   ap_memory|     p_ZZ11kernel_mhsaPfiS_E11value_cache_9_2|         array|
|p_ZZ11kernel_mhsaPfiS_E11value_cache_9_2_ce0        |  out|    1|   ap_memory|     p_ZZ11kernel_mhsaPfiS_E11value_cache_9_2|         array|
|p_ZZ11kernel_mhsaPfiS_E11value_cache_9_2_q0         |   in|   32|   ap_memory|     p_ZZ11kernel_mhsaPfiS_E11value_cache_9_2|         array|
|p_ZZ11kernel_mhsaPfiS_E11value_cache_9_4_address0   |  out|   16|   ap_memory|     p_ZZ11kernel_mhsaPfiS_E11value_cache_9_4|         array|
|p_ZZ11kernel_mhsaPfiS_E11value_cache_9_4_ce0        |  out|    1|   ap_memory|     p_ZZ11kernel_mhsaPfiS_E11value_cache_9_4|         array|
|p_ZZ11kernel_mhsaPfiS_E11value_cache_9_4_q0         |   in|   32|   ap_memory|     p_ZZ11kernel_mhsaPfiS_E11value_cache_9_4|         array|
|p_ZZ11kernel_mhsaPfiS_E11value_cache_9_6_address0   |  out|   16|   ap_memory|     p_ZZ11kernel_mhsaPfiS_E11value_cache_9_6|         array|
|p_ZZ11kernel_mhsaPfiS_E11value_cache_9_6_ce0        |  out|    1|   ap_memory|     p_ZZ11kernel_mhsaPfiS_E11value_cache_9_6|         array|
|p_ZZ11kernel_mhsaPfiS_E11value_cache_9_6_q0         |   in|   32|   ap_memory|     p_ZZ11kernel_mhsaPfiS_E11value_cache_9_6|         array|
|p_ZZ11kernel_mhsaPfiS_E11value_cache_10_0_address0  |  out|   16|   ap_memory|    p_ZZ11kernel_mhsaPfiS_E11value_cache_10_0|         array|
|p_ZZ11kernel_mhsaPfiS_E11value_cache_10_0_ce0       |  out|    1|   ap_memory|    p_ZZ11kernel_mhsaPfiS_E11value_cache_10_0|         array|
|p_ZZ11kernel_mhsaPfiS_E11value_cache_10_0_q0        |   in|   32|   ap_memory|    p_ZZ11kernel_mhsaPfiS_E11value_cache_10_0|         array|
|p_ZZ11kernel_mhsaPfiS_E11value_cache_10_2_address0  |  out|   16|   ap_memory|    p_ZZ11kernel_mhsaPfiS_E11value_cache_10_2|         array|
|p_ZZ11kernel_mhsaPfiS_E11value_cache_10_2_ce0       |  out|    1|   ap_memory|    p_ZZ11kernel_mhsaPfiS_E11value_cache_10_2|         array|
|p_ZZ11kernel_mhsaPfiS_E11value_cache_10_2_q0        |   in|   32|   ap_memory|    p_ZZ11kernel_mhsaPfiS_E11value_cache_10_2|         array|
|p_ZZ11kernel_mhsaPfiS_E11value_cache_10_4_address0  |  out|   16|   ap_memory|    p_ZZ11kernel_mhsaPfiS_E11value_cache_10_4|         array|
|p_ZZ11kernel_mhsaPfiS_E11value_cache_10_4_ce0       |  out|    1|   ap_memory|    p_ZZ11kernel_mhsaPfiS_E11value_cache_10_4|         array|
|p_ZZ11kernel_mhsaPfiS_E11value_cache_10_4_q0        |   in|   32|   ap_memory|    p_ZZ11kernel_mhsaPfiS_E11value_cache_10_4|         array|
|p_ZZ11kernel_mhsaPfiS_E11value_cache_10_6_address0  |  out|   16|   ap_memory|    p_ZZ11kernel_mhsaPfiS_E11value_cache_10_6|         array|
|p_ZZ11kernel_mhsaPfiS_E11value_cache_10_6_ce0       |  out|    1|   ap_memory|    p_ZZ11kernel_mhsaPfiS_E11value_cache_10_6|         array|
|p_ZZ11kernel_mhsaPfiS_E11value_cache_10_6_q0        |   in|   32|   ap_memory|    p_ZZ11kernel_mhsaPfiS_E11value_cache_10_6|         array|
|p_ZZ11kernel_mhsaPfiS_E11value_cache_11_0_address0  |  out|   16|   ap_memory|    p_ZZ11kernel_mhsaPfiS_E11value_cache_11_0|         array|
|p_ZZ11kernel_mhsaPfiS_E11value_cache_11_0_ce0       |  out|    1|   ap_memory|    p_ZZ11kernel_mhsaPfiS_E11value_cache_11_0|         array|
|p_ZZ11kernel_mhsaPfiS_E11value_cache_11_0_q0        |   in|   32|   ap_memory|    p_ZZ11kernel_mhsaPfiS_E11value_cache_11_0|         array|
|p_ZZ11kernel_mhsaPfiS_E11value_cache_11_2_address0  |  out|   16|   ap_memory|    p_ZZ11kernel_mhsaPfiS_E11value_cache_11_2|         array|
|p_ZZ11kernel_mhsaPfiS_E11value_cache_11_2_ce0       |  out|    1|   ap_memory|    p_ZZ11kernel_mhsaPfiS_E11value_cache_11_2|         array|
|p_ZZ11kernel_mhsaPfiS_E11value_cache_11_2_q0        |   in|   32|   ap_memory|    p_ZZ11kernel_mhsaPfiS_E11value_cache_11_2|         array|
|p_ZZ11kernel_mhsaPfiS_E11value_cache_11_4_address0  |  out|   16|   ap_memory|    p_ZZ11kernel_mhsaPfiS_E11value_cache_11_4|         array|
|p_ZZ11kernel_mhsaPfiS_E11value_cache_11_4_ce0       |  out|    1|   ap_memory|    p_ZZ11kernel_mhsaPfiS_E11value_cache_11_4|         array|
|p_ZZ11kernel_mhsaPfiS_E11value_cache_11_4_q0        |   in|   32|   ap_memory|    p_ZZ11kernel_mhsaPfiS_E11value_cache_11_4|         array|
|p_ZZ11kernel_mhsaPfiS_E11value_cache_11_6_address0  |  out|   16|   ap_memory|    p_ZZ11kernel_mhsaPfiS_E11value_cache_11_6|         array|
|p_ZZ11kernel_mhsaPfiS_E11value_cache_11_6_ce0       |  out|    1|   ap_memory|    p_ZZ11kernel_mhsaPfiS_E11value_cache_11_6|         array|
|p_ZZ11kernel_mhsaPfiS_E11value_cache_11_6_q0        |   in|   32|   ap_memory|    p_ZZ11kernel_mhsaPfiS_E11value_cache_11_6|         array|
|p_ZZ11kernel_mhsaPfiS_E11value_cache_0_1_address0   |  out|   16|   ap_memory|     p_ZZ11kernel_mhsaPfiS_E11value_cache_0_1|         array|
|p_ZZ11kernel_mhsaPfiS_E11value_cache_0_1_ce0        |  out|    1|   ap_memory|     p_ZZ11kernel_mhsaPfiS_E11value_cache_0_1|         array|
|p_ZZ11kernel_mhsaPfiS_E11value_cache_0_1_q0         |   in|   32|   ap_memory|     p_ZZ11kernel_mhsaPfiS_E11value_cache_0_1|         array|
|p_ZZ11kernel_mhsaPfiS_E11value_cache_0_3_address0   |  out|   16|   ap_memory|     p_ZZ11kernel_mhsaPfiS_E11value_cache_0_3|         array|
|p_ZZ11kernel_mhsaPfiS_E11value_cache_0_3_ce0        |  out|    1|   ap_memory|     p_ZZ11kernel_mhsaPfiS_E11value_cache_0_3|         array|
|p_ZZ11kernel_mhsaPfiS_E11value_cache_0_3_q0         |   in|   32|   ap_memory|     p_ZZ11kernel_mhsaPfiS_E11value_cache_0_3|         array|
|p_ZZ11kernel_mhsaPfiS_E11value_cache_0_5_address0   |  out|   16|   ap_memory|     p_ZZ11kernel_mhsaPfiS_E11value_cache_0_5|         array|
|p_ZZ11kernel_mhsaPfiS_E11value_cache_0_5_ce0        |  out|    1|   ap_memory|     p_ZZ11kernel_mhsaPfiS_E11value_cache_0_5|         array|
|p_ZZ11kernel_mhsaPfiS_E11value_cache_0_5_q0         |   in|   32|   ap_memory|     p_ZZ11kernel_mhsaPfiS_E11value_cache_0_5|         array|
|p_ZZ11kernel_mhsaPfiS_E11value_cache_0_7_address0   |  out|   16|   ap_memory|     p_ZZ11kernel_mhsaPfiS_E11value_cache_0_7|         array|
|p_ZZ11kernel_mhsaPfiS_E11value_cache_0_7_ce0        |  out|    1|   ap_memory|     p_ZZ11kernel_mhsaPfiS_E11value_cache_0_7|         array|
|p_ZZ11kernel_mhsaPfiS_E11value_cache_0_7_q0         |   in|   32|   ap_memory|     p_ZZ11kernel_mhsaPfiS_E11value_cache_0_7|         array|
|p_ZZ11kernel_mhsaPfiS_E11value_cache_1_1_address0   |  out|   16|   ap_memory|     p_ZZ11kernel_mhsaPfiS_E11value_cache_1_1|         array|
|p_ZZ11kernel_mhsaPfiS_E11value_cache_1_1_ce0        |  out|    1|   ap_memory|     p_ZZ11kernel_mhsaPfiS_E11value_cache_1_1|         array|
|p_ZZ11kernel_mhsaPfiS_E11value_cache_1_1_q0         |   in|   32|   ap_memory|     p_ZZ11kernel_mhsaPfiS_E11value_cache_1_1|         array|
|p_ZZ11kernel_mhsaPfiS_E11value_cache_1_3_address0   |  out|   16|   ap_memory|     p_ZZ11kernel_mhsaPfiS_E11value_cache_1_3|         array|
|p_ZZ11kernel_mhsaPfiS_E11value_cache_1_3_ce0        |  out|    1|   ap_memory|     p_ZZ11kernel_mhsaPfiS_E11value_cache_1_3|         array|
|p_ZZ11kernel_mhsaPfiS_E11value_cache_1_3_q0         |   in|   32|   ap_memory|     p_ZZ11kernel_mhsaPfiS_E11value_cache_1_3|         array|
|p_ZZ11kernel_mhsaPfiS_E11value_cache_1_5_address0   |  out|   16|   ap_memory|     p_ZZ11kernel_mhsaPfiS_E11value_cache_1_5|         array|
|p_ZZ11kernel_mhsaPfiS_E11value_cache_1_5_ce0        |  out|    1|   ap_memory|     p_ZZ11kernel_mhsaPfiS_E11value_cache_1_5|         array|
|p_ZZ11kernel_mhsaPfiS_E11value_cache_1_5_q0         |   in|   32|   ap_memory|     p_ZZ11kernel_mhsaPfiS_E11value_cache_1_5|         array|
|p_ZZ11kernel_mhsaPfiS_E11value_cache_1_7_address0   |  out|   16|   ap_memory|     p_ZZ11kernel_mhsaPfiS_E11value_cache_1_7|         array|
|p_ZZ11kernel_mhsaPfiS_E11value_cache_1_7_ce0        |  out|    1|   ap_memory|     p_ZZ11kernel_mhsaPfiS_E11value_cache_1_7|         array|
|p_ZZ11kernel_mhsaPfiS_E11value_cache_1_7_q0         |   in|   32|   ap_memory|     p_ZZ11kernel_mhsaPfiS_E11value_cache_1_7|         array|
|p_ZZ11kernel_mhsaPfiS_E11value_cache_2_1_address0   |  out|   16|   ap_memory|     p_ZZ11kernel_mhsaPfiS_E11value_cache_2_1|         array|
|p_ZZ11kernel_mhsaPfiS_E11value_cache_2_1_ce0        |  out|    1|   ap_memory|     p_ZZ11kernel_mhsaPfiS_E11value_cache_2_1|         array|
|p_ZZ11kernel_mhsaPfiS_E11value_cache_2_1_q0         |   in|   32|   ap_memory|     p_ZZ11kernel_mhsaPfiS_E11value_cache_2_1|         array|
|p_ZZ11kernel_mhsaPfiS_E11value_cache_2_3_address0   |  out|   16|   ap_memory|     p_ZZ11kernel_mhsaPfiS_E11value_cache_2_3|         array|
|p_ZZ11kernel_mhsaPfiS_E11value_cache_2_3_ce0        |  out|    1|   ap_memory|     p_ZZ11kernel_mhsaPfiS_E11value_cache_2_3|         array|
|p_ZZ11kernel_mhsaPfiS_E11value_cache_2_3_q0         |   in|   32|   ap_memory|     p_ZZ11kernel_mhsaPfiS_E11value_cache_2_3|         array|
|p_ZZ11kernel_mhsaPfiS_E11value_cache_2_5_address0   |  out|   16|   ap_memory|     p_ZZ11kernel_mhsaPfiS_E11value_cache_2_5|         array|
|p_ZZ11kernel_mhsaPfiS_E11value_cache_2_5_ce0        |  out|    1|   ap_memory|     p_ZZ11kernel_mhsaPfiS_E11value_cache_2_5|         array|
|p_ZZ11kernel_mhsaPfiS_E11value_cache_2_5_q0         |   in|   32|   ap_memory|     p_ZZ11kernel_mhsaPfiS_E11value_cache_2_5|         array|
|p_ZZ11kernel_mhsaPfiS_E11value_cache_2_7_address0   |  out|   16|   ap_memory|     p_ZZ11kernel_mhsaPfiS_E11value_cache_2_7|         array|
|p_ZZ11kernel_mhsaPfiS_E11value_cache_2_7_ce0        |  out|    1|   ap_memory|     p_ZZ11kernel_mhsaPfiS_E11value_cache_2_7|         array|
|p_ZZ11kernel_mhsaPfiS_E11value_cache_2_7_q0         |   in|   32|   ap_memory|     p_ZZ11kernel_mhsaPfiS_E11value_cache_2_7|         array|
|p_ZZ11kernel_mhsaPfiS_E11value_cache_3_1_address0   |  out|   16|   ap_memory|     p_ZZ11kernel_mhsaPfiS_E11value_cache_3_1|         array|
|p_ZZ11kernel_mhsaPfiS_E11value_cache_3_1_ce0        |  out|    1|   ap_memory|     p_ZZ11kernel_mhsaPfiS_E11value_cache_3_1|         array|
|p_ZZ11kernel_mhsaPfiS_E11value_cache_3_1_q0         |   in|   32|   ap_memory|     p_ZZ11kernel_mhsaPfiS_E11value_cache_3_1|         array|
|p_ZZ11kernel_mhsaPfiS_E11value_cache_3_3_address0   |  out|   16|   ap_memory|     p_ZZ11kernel_mhsaPfiS_E11value_cache_3_3|         array|
|p_ZZ11kernel_mhsaPfiS_E11value_cache_3_3_ce0        |  out|    1|   ap_memory|     p_ZZ11kernel_mhsaPfiS_E11value_cache_3_3|         array|
|p_ZZ11kernel_mhsaPfiS_E11value_cache_3_3_q0         |   in|   32|   ap_memory|     p_ZZ11kernel_mhsaPfiS_E11value_cache_3_3|         array|
|p_ZZ11kernel_mhsaPfiS_E11value_cache_3_5_address0   |  out|   16|   ap_memory|     p_ZZ11kernel_mhsaPfiS_E11value_cache_3_5|         array|
|p_ZZ11kernel_mhsaPfiS_E11value_cache_3_5_ce0        |  out|    1|   ap_memory|     p_ZZ11kernel_mhsaPfiS_E11value_cache_3_5|         array|
|p_ZZ11kernel_mhsaPfiS_E11value_cache_3_5_q0         |   in|   32|   ap_memory|     p_ZZ11kernel_mhsaPfiS_E11value_cache_3_5|         array|
|p_ZZ11kernel_mhsaPfiS_E11value_cache_3_7_address0   |  out|   16|   ap_memory|     p_ZZ11kernel_mhsaPfiS_E11value_cache_3_7|         array|
|p_ZZ11kernel_mhsaPfiS_E11value_cache_3_7_ce0        |  out|    1|   ap_memory|     p_ZZ11kernel_mhsaPfiS_E11value_cache_3_7|         array|
|p_ZZ11kernel_mhsaPfiS_E11value_cache_3_7_q0         |   in|   32|   ap_memory|     p_ZZ11kernel_mhsaPfiS_E11value_cache_3_7|         array|
|p_ZZ11kernel_mhsaPfiS_E11value_cache_4_1_address0   |  out|   16|   ap_memory|     p_ZZ11kernel_mhsaPfiS_E11value_cache_4_1|         array|
|p_ZZ11kernel_mhsaPfiS_E11value_cache_4_1_ce0        |  out|    1|   ap_memory|     p_ZZ11kernel_mhsaPfiS_E11value_cache_4_1|         array|
|p_ZZ11kernel_mhsaPfiS_E11value_cache_4_1_q0         |   in|   32|   ap_memory|     p_ZZ11kernel_mhsaPfiS_E11value_cache_4_1|         array|
|p_ZZ11kernel_mhsaPfiS_E11value_cache_4_3_address0   |  out|   16|   ap_memory|     p_ZZ11kernel_mhsaPfiS_E11value_cache_4_3|         array|
|p_ZZ11kernel_mhsaPfiS_E11value_cache_4_3_ce0        |  out|    1|   ap_memory|     p_ZZ11kernel_mhsaPfiS_E11value_cache_4_3|         array|
|p_ZZ11kernel_mhsaPfiS_E11value_cache_4_3_q0         |   in|   32|   ap_memory|     p_ZZ11kernel_mhsaPfiS_E11value_cache_4_3|         array|
|p_ZZ11kernel_mhsaPfiS_E11value_cache_4_5_address0   |  out|   16|   ap_memory|     p_ZZ11kernel_mhsaPfiS_E11value_cache_4_5|         array|
|p_ZZ11kernel_mhsaPfiS_E11value_cache_4_5_ce0        |  out|    1|   ap_memory|     p_ZZ11kernel_mhsaPfiS_E11value_cache_4_5|         array|
|p_ZZ11kernel_mhsaPfiS_E11value_cache_4_5_q0         |   in|   32|   ap_memory|     p_ZZ11kernel_mhsaPfiS_E11value_cache_4_5|         array|
|p_ZZ11kernel_mhsaPfiS_E11value_cache_4_7_address0   |  out|   16|   ap_memory|     p_ZZ11kernel_mhsaPfiS_E11value_cache_4_7|         array|
|p_ZZ11kernel_mhsaPfiS_E11value_cache_4_7_ce0        |  out|    1|   ap_memory|     p_ZZ11kernel_mhsaPfiS_E11value_cache_4_7|         array|
|p_ZZ11kernel_mhsaPfiS_E11value_cache_4_7_q0         |   in|   32|   ap_memory|     p_ZZ11kernel_mhsaPfiS_E11value_cache_4_7|         array|
|p_ZZ11kernel_mhsaPfiS_E11value_cache_5_1_address0   |  out|   16|   ap_memory|     p_ZZ11kernel_mhsaPfiS_E11value_cache_5_1|         array|
|p_ZZ11kernel_mhsaPfiS_E11value_cache_5_1_ce0        |  out|    1|   ap_memory|     p_ZZ11kernel_mhsaPfiS_E11value_cache_5_1|         array|
|p_ZZ11kernel_mhsaPfiS_E11value_cache_5_1_q0         |   in|   32|   ap_memory|     p_ZZ11kernel_mhsaPfiS_E11value_cache_5_1|         array|
|p_ZZ11kernel_mhsaPfiS_E11value_cache_5_3_address0   |  out|   16|   ap_memory|     p_ZZ11kernel_mhsaPfiS_E11value_cache_5_3|         array|
|p_ZZ11kernel_mhsaPfiS_E11value_cache_5_3_ce0        |  out|    1|   ap_memory|     p_ZZ11kernel_mhsaPfiS_E11value_cache_5_3|         array|
|p_ZZ11kernel_mhsaPfiS_E11value_cache_5_3_q0         |   in|   32|   ap_memory|     p_ZZ11kernel_mhsaPfiS_E11value_cache_5_3|         array|
|p_ZZ11kernel_mhsaPfiS_E11value_cache_5_5_address0   |  out|   16|   ap_memory|     p_ZZ11kernel_mhsaPfiS_E11value_cache_5_5|         array|
|p_ZZ11kernel_mhsaPfiS_E11value_cache_5_5_ce0        |  out|    1|   ap_memory|     p_ZZ11kernel_mhsaPfiS_E11value_cache_5_5|         array|
|p_ZZ11kernel_mhsaPfiS_E11value_cache_5_5_q0         |   in|   32|   ap_memory|     p_ZZ11kernel_mhsaPfiS_E11value_cache_5_5|         array|
|p_ZZ11kernel_mhsaPfiS_E11value_cache_5_7_address0   |  out|   16|   ap_memory|     p_ZZ11kernel_mhsaPfiS_E11value_cache_5_7|         array|
|p_ZZ11kernel_mhsaPfiS_E11value_cache_5_7_ce0        |  out|    1|   ap_memory|     p_ZZ11kernel_mhsaPfiS_E11value_cache_5_7|         array|
|p_ZZ11kernel_mhsaPfiS_E11value_cache_5_7_q0         |   in|   32|   ap_memory|     p_ZZ11kernel_mhsaPfiS_E11value_cache_5_7|         array|
|p_ZZ11kernel_mhsaPfiS_E11value_cache_6_1_address0   |  out|   16|   ap_memory|     p_ZZ11kernel_mhsaPfiS_E11value_cache_6_1|         array|
|p_ZZ11kernel_mhsaPfiS_E11value_cache_6_1_ce0        |  out|    1|   ap_memory|     p_ZZ11kernel_mhsaPfiS_E11value_cache_6_1|         array|
|p_ZZ11kernel_mhsaPfiS_E11value_cache_6_1_q0         |   in|   32|   ap_memory|     p_ZZ11kernel_mhsaPfiS_E11value_cache_6_1|         array|
|p_ZZ11kernel_mhsaPfiS_E11value_cache_6_3_address0   |  out|   16|   ap_memory|     p_ZZ11kernel_mhsaPfiS_E11value_cache_6_3|         array|
|p_ZZ11kernel_mhsaPfiS_E11value_cache_6_3_ce0        |  out|    1|   ap_memory|     p_ZZ11kernel_mhsaPfiS_E11value_cache_6_3|         array|
|p_ZZ11kernel_mhsaPfiS_E11value_cache_6_3_q0         |   in|   32|   ap_memory|     p_ZZ11kernel_mhsaPfiS_E11value_cache_6_3|         array|
|p_ZZ11kernel_mhsaPfiS_E11value_cache_6_5_address0   |  out|   16|   ap_memory|     p_ZZ11kernel_mhsaPfiS_E11value_cache_6_5|         array|
|p_ZZ11kernel_mhsaPfiS_E11value_cache_6_5_ce0        |  out|    1|   ap_memory|     p_ZZ11kernel_mhsaPfiS_E11value_cache_6_5|         array|
|p_ZZ11kernel_mhsaPfiS_E11value_cache_6_5_q0         |   in|   32|   ap_memory|     p_ZZ11kernel_mhsaPfiS_E11value_cache_6_5|         array|
|p_ZZ11kernel_mhsaPfiS_E11value_cache_6_7_address0   |  out|   16|   ap_memory|     p_ZZ11kernel_mhsaPfiS_E11value_cache_6_7|         array|
|p_ZZ11kernel_mhsaPfiS_E11value_cache_6_7_ce0        |  out|    1|   ap_memory|     p_ZZ11kernel_mhsaPfiS_E11value_cache_6_7|         array|
|p_ZZ11kernel_mhsaPfiS_E11value_cache_6_7_q0         |   in|   32|   ap_memory|     p_ZZ11kernel_mhsaPfiS_E11value_cache_6_7|         array|
|p_ZZ11kernel_mhsaPfiS_E11value_cache_7_1_address0   |  out|   16|   ap_memory|     p_ZZ11kernel_mhsaPfiS_E11value_cache_7_1|         array|
|p_ZZ11kernel_mhsaPfiS_E11value_cache_7_1_ce0        |  out|    1|   ap_memory|     p_ZZ11kernel_mhsaPfiS_E11value_cache_7_1|         array|
|p_ZZ11kernel_mhsaPfiS_E11value_cache_7_1_q0         |   in|   32|   ap_memory|     p_ZZ11kernel_mhsaPfiS_E11value_cache_7_1|         array|
|p_ZZ11kernel_mhsaPfiS_E11value_cache_7_3_address0   |  out|   16|   ap_memory|     p_ZZ11kernel_mhsaPfiS_E11value_cache_7_3|         array|
|p_ZZ11kernel_mhsaPfiS_E11value_cache_7_3_ce0        |  out|    1|   ap_memory|     p_ZZ11kernel_mhsaPfiS_E11value_cache_7_3|         array|
|p_ZZ11kernel_mhsaPfiS_E11value_cache_7_3_q0         |   in|   32|   ap_memory|     p_ZZ11kernel_mhsaPfiS_E11value_cache_7_3|         array|
|p_ZZ11kernel_mhsaPfiS_E11value_cache_7_5_address0   |  out|   16|   ap_memory|     p_ZZ11kernel_mhsaPfiS_E11value_cache_7_5|         array|
|p_ZZ11kernel_mhsaPfiS_E11value_cache_7_5_ce0        |  out|    1|   ap_memory|     p_ZZ11kernel_mhsaPfiS_E11value_cache_7_5|         array|
|p_ZZ11kernel_mhsaPfiS_E11value_cache_7_5_q0         |   in|   32|   ap_memory|     p_ZZ11kernel_mhsaPfiS_E11value_cache_7_5|         array|
|p_ZZ11kernel_mhsaPfiS_E11value_cache_7_7_address0   |  out|   16|   ap_memory|     p_ZZ11kernel_mhsaPfiS_E11value_cache_7_7|         array|
|p_ZZ11kernel_mhsaPfiS_E11value_cache_7_7_ce0        |  out|    1|   ap_memory|     p_ZZ11kernel_mhsaPfiS_E11value_cache_7_7|         array|
|p_ZZ11kernel_mhsaPfiS_E11value_cache_7_7_q0         |   in|   32|   ap_memory|     p_ZZ11kernel_mhsaPfiS_E11value_cache_7_7|         array|
|p_ZZ11kernel_mhsaPfiS_E11value_cache_8_1_address0   |  out|   16|   ap_memory|     p_ZZ11kernel_mhsaPfiS_E11value_cache_8_1|         array|
|p_ZZ11kernel_mhsaPfiS_E11value_cache_8_1_ce0        |  out|    1|   ap_memory|     p_ZZ11kernel_mhsaPfiS_E11value_cache_8_1|         array|
|p_ZZ11kernel_mhsaPfiS_E11value_cache_8_1_q0         |   in|   32|   ap_memory|     p_ZZ11kernel_mhsaPfiS_E11value_cache_8_1|         array|
|p_ZZ11kernel_mhsaPfiS_E11value_cache_8_3_address0   |  out|   16|   ap_memory|     p_ZZ11kernel_mhsaPfiS_E11value_cache_8_3|         array|
|p_ZZ11kernel_mhsaPfiS_E11value_cache_8_3_ce0        |  out|    1|   ap_memory|     p_ZZ11kernel_mhsaPfiS_E11value_cache_8_3|         array|
|p_ZZ11kernel_mhsaPfiS_E11value_cache_8_3_q0         |   in|   32|   ap_memory|     p_ZZ11kernel_mhsaPfiS_E11value_cache_8_3|         array|
|p_ZZ11kernel_mhsaPfiS_E11value_cache_8_5_address0   |  out|   16|   ap_memory|     p_ZZ11kernel_mhsaPfiS_E11value_cache_8_5|         array|
|p_ZZ11kernel_mhsaPfiS_E11value_cache_8_5_ce0        |  out|    1|   ap_memory|     p_ZZ11kernel_mhsaPfiS_E11value_cache_8_5|         array|
|p_ZZ11kernel_mhsaPfiS_E11value_cache_8_5_q0         |   in|   32|   ap_memory|     p_ZZ11kernel_mhsaPfiS_E11value_cache_8_5|         array|
|p_ZZ11kernel_mhsaPfiS_E11value_cache_8_7_address0   |  out|   16|   ap_memory|     p_ZZ11kernel_mhsaPfiS_E11value_cache_8_7|         array|
|p_ZZ11kernel_mhsaPfiS_E11value_cache_8_7_ce0        |  out|    1|   ap_memory|     p_ZZ11kernel_mhsaPfiS_E11value_cache_8_7|         array|
|p_ZZ11kernel_mhsaPfiS_E11value_cache_8_7_q0         |   in|   32|   ap_memory|     p_ZZ11kernel_mhsaPfiS_E11value_cache_8_7|         array|
|p_ZZ11kernel_mhsaPfiS_E11value_cache_9_1_address0   |  out|   16|   ap_memory|     p_ZZ11kernel_mhsaPfiS_E11value_cache_9_1|         array|
|p_ZZ11kernel_mhsaPfiS_E11value_cache_9_1_ce0        |  out|    1|   ap_memory|     p_ZZ11kernel_mhsaPfiS_E11value_cache_9_1|         array|
|p_ZZ11kernel_mhsaPfiS_E11value_cache_9_1_q0         |   in|   32|   ap_memory|     p_ZZ11kernel_mhsaPfiS_E11value_cache_9_1|         array|
|p_ZZ11kernel_mhsaPfiS_E11value_cache_9_3_address0   |  out|   16|   ap_memory|     p_ZZ11kernel_mhsaPfiS_E11value_cache_9_3|         array|
|p_ZZ11kernel_mhsaPfiS_E11value_cache_9_3_ce0        |  out|    1|   ap_memory|     p_ZZ11kernel_mhsaPfiS_E11value_cache_9_3|         array|
|p_ZZ11kernel_mhsaPfiS_E11value_cache_9_3_q0         |   in|   32|   ap_memory|     p_ZZ11kernel_mhsaPfiS_E11value_cache_9_3|         array|
|p_ZZ11kernel_mhsaPfiS_E11value_cache_9_5_address0   |  out|   16|   ap_memory|     p_ZZ11kernel_mhsaPfiS_E11value_cache_9_5|         array|
|p_ZZ11kernel_mhsaPfiS_E11value_cache_9_5_ce0        |  out|    1|   ap_memory|     p_ZZ11kernel_mhsaPfiS_E11value_cache_9_5|         array|
|p_ZZ11kernel_mhsaPfiS_E11value_cache_9_5_q0         |   in|   32|   ap_memory|     p_ZZ11kernel_mhsaPfiS_E11value_cache_9_5|         array|
|p_ZZ11kernel_mhsaPfiS_E11value_cache_9_7_address0   |  out|   16|   ap_memory|     p_ZZ11kernel_mhsaPfiS_E11value_cache_9_7|         array|
|p_ZZ11kernel_mhsaPfiS_E11value_cache_9_7_ce0        |  out|    1|   ap_memory|     p_ZZ11kernel_mhsaPfiS_E11value_cache_9_7|         array|
|p_ZZ11kernel_mhsaPfiS_E11value_cache_9_7_q0         |   in|   32|   ap_memory|     p_ZZ11kernel_mhsaPfiS_E11value_cache_9_7|         array|
|p_ZZ11kernel_mhsaPfiS_E11value_cache_10_1_address0  |  out|   16|   ap_memory|    p_ZZ11kernel_mhsaPfiS_E11value_cache_10_1|         array|
|p_ZZ11kernel_mhsaPfiS_E11value_cache_10_1_ce0       |  out|    1|   ap_memory|    p_ZZ11kernel_mhsaPfiS_E11value_cache_10_1|         array|
|p_ZZ11kernel_mhsaPfiS_E11value_cache_10_1_q0        |   in|   32|   ap_memory|    p_ZZ11kernel_mhsaPfiS_E11value_cache_10_1|         array|
|p_ZZ11kernel_mhsaPfiS_E11value_cache_10_3_address0  |  out|   16|   ap_memory|    p_ZZ11kernel_mhsaPfiS_E11value_cache_10_3|         array|
|p_ZZ11kernel_mhsaPfiS_E11value_cache_10_3_ce0       |  out|    1|   ap_memory|    p_ZZ11kernel_mhsaPfiS_E11value_cache_10_3|         array|
|p_ZZ11kernel_mhsaPfiS_E11value_cache_10_3_q0        |   in|   32|   ap_memory|    p_ZZ11kernel_mhsaPfiS_E11value_cache_10_3|         array|
|p_ZZ11kernel_mhsaPfiS_E11value_cache_10_5_address0  |  out|   16|   ap_memory|    p_ZZ11kernel_mhsaPfiS_E11value_cache_10_5|         array|
|p_ZZ11kernel_mhsaPfiS_E11value_cache_10_5_ce0       |  out|    1|   ap_memory|    p_ZZ11kernel_mhsaPfiS_E11value_cache_10_5|         array|
|p_ZZ11kernel_mhsaPfiS_E11value_cache_10_5_q0        |   in|   32|   ap_memory|    p_ZZ11kernel_mhsaPfiS_E11value_cache_10_5|         array|
|p_ZZ11kernel_mhsaPfiS_E11value_cache_10_7_address0  |  out|   16|   ap_memory|    p_ZZ11kernel_mhsaPfiS_E11value_cache_10_7|         array|
|p_ZZ11kernel_mhsaPfiS_E11value_cache_10_7_ce0       |  out|    1|   ap_memory|    p_ZZ11kernel_mhsaPfiS_E11value_cache_10_7|         array|
|p_ZZ11kernel_mhsaPfiS_E11value_cache_10_7_q0        |   in|   32|   ap_memory|    p_ZZ11kernel_mhsaPfiS_E11value_cache_10_7|         array|
|p_ZZ11kernel_mhsaPfiS_E11value_cache_11_1_address0  |  out|   16|   ap_memory|    p_ZZ11kernel_mhsaPfiS_E11value_cache_11_1|         array|
|p_ZZ11kernel_mhsaPfiS_E11value_cache_11_1_ce0       |  out|    1|   ap_memory|    p_ZZ11kernel_mhsaPfiS_E11value_cache_11_1|         array|
|p_ZZ11kernel_mhsaPfiS_E11value_cache_11_1_q0        |   in|   32|   ap_memory|    p_ZZ11kernel_mhsaPfiS_E11value_cache_11_1|         array|
|p_ZZ11kernel_mhsaPfiS_E11value_cache_11_3_address0  |  out|   16|   ap_memory|    p_ZZ11kernel_mhsaPfiS_E11value_cache_11_3|         array|
|p_ZZ11kernel_mhsaPfiS_E11value_cache_11_3_ce0       |  out|    1|   ap_memory|    p_ZZ11kernel_mhsaPfiS_E11value_cache_11_3|         array|
|p_ZZ11kernel_mhsaPfiS_E11value_cache_11_3_q0        |   in|   32|   ap_memory|    p_ZZ11kernel_mhsaPfiS_E11value_cache_11_3|         array|
|p_ZZ11kernel_mhsaPfiS_E11value_cache_11_5_address0  |  out|   16|   ap_memory|    p_ZZ11kernel_mhsaPfiS_E11value_cache_11_5|         array|
|p_ZZ11kernel_mhsaPfiS_E11value_cache_11_5_ce0       |  out|    1|   ap_memory|    p_ZZ11kernel_mhsaPfiS_E11value_cache_11_5|         array|
|p_ZZ11kernel_mhsaPfiS_E11value_cache_11_5_q0        |   in|   32|   ap_memory|    p_ZZ11kernel_mhsaPfiS_E11value_cache_11_5|         array|
|p_ZZ11kernel_mhsaPfiS_E11value_cache_11_7_address0  |  out|   16|   ap_memory|    p_ZZ11kernel_mhsaPfiS_E11value_cache_11_7|         array|
|p_ZZ11kernel_mhsaPfiS_E11value_cache_11_7_ce0       |  out|    1|   ap_memory|    p_ZZ11kernel_mhsaPfiS_E11value_cache_11_7|         array|
|p_ZZ11kernel_mhsaPfiS_E11value_cache_11_7_q0        |   in|   32|   ap_memory|    p_ZZ11kernel_mhsaPfiS_E11value_cache_11_7|         array|
+----------------------------------------------------+-----+-----+------------+---------------------------------------------+--------------+

