

================================================================
== Vitis HLS Report for 'kernel_softmax'
================================================================
* Date:           Sat Sep 27 23:15:45 2025

* Version:        2025.1 (Build 6135595 on May 21 2025)
* Project:        mhsa_prj
* Solution:       solution1 (Vivado IP Flow Target)
* Product family: versalhbm
* Target device:  xcv80-lsva4737-2MHP-e-S


================================================================
== Performance Estimates
================================================================
+ Timing: 
    * Summary: 
    +--------+---------+----------+------------+
    |  Clock |  Target | Estimated| Uncertainty|
    +--------+---------+----------+------------+
    |ap_clk  |  4.00 ns|  2.915 ns|     1.08 ns|
    +--------+---------+----------+------------+

+ Latency: 
    * Summary: 
    +---------+---------+-----------+-----------+------+------+---------+
    |  Latency (cycles) |   Latency (absolute)  |   Interval  | Pipeline|
    |   min   |   max   |    min    |    max    |  min |  max |   Type  |
    +---------+---------+-----------+-----------+------+------+---------+
    |     3105|     3105|  12.420 us|  12.420 us|  3105|  3105|       no|
    +---------+---------+-----------+-----------+------+------+---------+

    + Detail: 
        * Instance: 
        N/A

        * Loop: 
        +-------------+---------+---------+----------+-----------+-----------+------+----------+
        |             |  Latency (cycles) | Iteration|  Initiation Interval  | Trip |          |
        |  Loop Name  |   min   |   max   |  Latency |  achieved |   target  | Count| Pipelined|
        +-------------+---------+---------+----------+-----------+-----------+------+----------+
        |- load       |      768|      768|         2|          1|          1|   768|       yes|
        |- find_max   |      767|      767|         4|          2|          2|   383|       yes|
        |- compute    |      780|      780|        14|          1|          1|   768|       yes|
        |- normalize  |      779|      779|        13|          1|          1|   768|       yes|
        +-------------+---------+---------+----------+-----------+-----------+------+----------+



================================================================
== Utilization Estimates
================================================================
* Summary: 
+---------------------+---------+-------+---------+---------+------+
|         Name        | BRAM_18K|  DSP  |    FF   |   LUT   | URAM |
+---------------------+---------+-------+---------+---------+------+
|DSP                  |        -|      -|        -|        -|     -|
|Expression           |        -|      -|        0|      230|     -|
|FIFO                 |        -|      -|        -|        -|     -|
|Instance             |        -|      3|      298|      931|     -|
|Memory               |        2|      -|        0|        0|     0|
|Multiplexer          |        -|      -|        0|      474|     -|
|Register             |        -|      -|      536|       18|     -|
+---------------------+---------+-------+---------+---------+------+
|Total                |        2|      3|      834|     1653|     0|
+---------------------+---------+-------+---------+---------+------+
|Available SLR        |     2494|   3616|  1716138|   858069|   641|
+---------------------+---------+-------+---------+---------+------+
|Utilization SLR (%)  |       ~0|     ~0|       ~0|       ~0|     0|
+---------------------+---------+-------+---------+---------+------+
|Available            |     7482|  10848|  5148416|  2574208|  1925|
+---------------------+---------+-------+---------+---------+------+
|Utilization (%)      |       ~0|     ~0|       ~0|       ~0|     0|
+---------------------+---------+-------+---------+---------+------+

+ Detail: 
    * Instance: 
    +-----------------------------------------------+-----------------------------------------+---------+----+-----+-----+-----+
    |                    Instance                   |                  Module                 | BRAM_18K| DSP|  FF | LUT | URAM|
    +-----------------------------------------------+-----------------------------------------+---------+----+-----+-----+-----+
    |facc_32ns_32ns_1ns_32_2_primitive_dsp_1_U1037  |facc_32ns_32ns_1ns_32_2_primitive_dsp_1  |        0|   1|    4|    3|    0|
    |fcmp_32ns_32ns_1_1_no_dsp_1_U1035              |fcmp_32ns_32ns_1_1_no_dsp_1              |        0|   0|    0|    0|    0|
    |fdiv_32ns_32ns_32_11_no_dsp_1_U1034            |fdiv_32ns_32ns_32_11_no_dsp_1            |        0|   0|    0|    0|    0|
    |fexp_32ns_32ns_32_9_med_dsp_1_U1036            |fexp_32ns_32ns_32_9_med_dsp_1            |        0|   1|  294|  928|    0|
    |fsub_32ns_32ns_32_1_primitive_dsp_1_U1033      |fsub_32ns_32ns_32_1_primitive_dsp_1      |        0|   1|    0|    0|    0|
    +-----------------------------------------------+-----------------------------------------+---------+----+-----+-----+-----+
    |Total                                          |                                         |        0|   3|  298|  931|    0|
    +-----------------------------------------------+-----------------------------------------+---------+----+-----+-----+-----+

    * DSP: 
    N/A

    * Memory: 
    +-------------+----------------------------------------+---------+---+----+-----+------+-----+------+-------------+
    |    Memory   |                 Module                 | BRAM_18K| FF| LUT| URAM| Words| Bits| Banks| W*Bits*Banks|
    +-------------+----------------------------------------+---------+---+----+-----+------+-----+------+-------------+
    |vec_local_U  |kernel_softmax_vec_local_RAM_AUTO_1R1W  |        2|  0|   0|    0|   768|   32|     1|        24576|
    +-------------+----------------------------------------+---------+---+----+-----+------+-----+------+-------------+
    |Total        |                                        |        2|  0|   0|    0|   768|   32|     1|        24576|
    +-------------+----------------------------------------+---------+---+----+-----+------+-----+------+-------------+

    * FIFO: 
    N/A

    * Expression: 
    +------------------------+----------+----+---+----+------------+------------+
    |      Variable Name     | Operation| DSP| FF| LUT| Bitwidth P0| Bitwidth P1|
    +------------------------+----------+----+---+----+------------+------------+
    |add_ln17_fu_402_p2      |         +|   0|  0|  10|          10|           2|
    |i_3_fu_378_p2           |         +|   0|  0|  10|          10|           2|
    |i_4_fu_604_p2           |         +|   0|  0|  10|          10|           1|
    |i_5_fu_644_p2           |         +|   0|  0|  10|          10|           1|
    |i_fu_249_p2             |         +|   0|  0|  10|          10|           1|
    |and_ln21_1_fu_592_p2    |       and|   0|  0|   2|           1|           1|
    |and_ln21_2_fu_491_p2    |       and|   0|  0|   2|           1|           1|
    |and_ln21_3_fu_497_p2    |       and|   0|  0|   2|           1|           1|
    |and_ln21_4_fu_358_p2    |       and|   0|  0|   2|           1|           1|
    |and_ln21_5_fu_364_p2    |       and|   0|  0|   2|           1|           1|
    |and_ln21_fu_586_p2      |       and|   0|  0|   2|           1|           1|
    |icmp_ln10_fu_264_p2     |      icmp|   0|  0|   4|          10|          10|
    |icmp_ln17_fu_408_p2     |      icmp|   0|  0|   6|          10|          10|
    |icmp_ln21_10_fu_334_p2  |      icmp|   0|  0|   3|           8|           2|
    |icmp_ln21_11_fu_340_p2  |      icmp|   0|  0|   9|          23|           1|
    |icmp_ln21_1_fu_550_p2   |      icmp|   0|  0|   9|          23|           1|
    |icmp_ln21_2_fu_562_p2   |      icmp|   0|  0|   3|           8|           2|
    |icmp_ln21_3_fu_568_p2   |      icmp|   0|  0|   9|          23|           1|
    |icmp_ln21_4_fu_448_p2   |      icmp|   0|  0|   3|           8|           2|
    |icmp_ln21_5_fu_454_p2   |      icmp|   0|  0|   9|          23|           1|
    |icmp_ln21_6_fu_466_p2   |      icmp|   0|  0|   3|           8|           2|
    |icmp_ln21_7_fu_472_p2   |      icmp|   0|  0|   9|          23|           1|
    |icmp_ln21_8_fu_322_p2   |      icmp|   0|  0|   3|           8|           2|
    |icmp_ln21_9_fu_328_p2   |      icmp|   0|  0|   9|          23|           1|
    |icmp_ln21_fu_544_p2     |      icmp|   0|  0|   3|           8|           2|
    |icmp_ln27_fu_610_p2     |      icmp|   0|  0|   4|          10|          10|
    |icmp_ln35_fu_659_p2     |      icmp|   0|  0|   4|          10|          10|
    |or_ln21_1_fu_574_p2     |        or|   0|  0|   2|           1|           1|
    |or_ln21_2_fu_460_p2     |        or|   0|  0|   2|           1|           1|
    |or_ln21_3_fu_478_p2     |        or|   0|  0|   2|           1|           1|
    |or_ln21_4_fu_350_p2     |        or|   0|  0|   2|           1|           1|
    |or_ln21_5_fu_354_p2     |        or|   0|  0|   2|           1|           1|
    |or_ln21_fu_556_p2       |        or|   0|  0|   2|           1|           1|
    |max_val_5_fu_503_p3     |    select|   0|  0|  29|           1|          32|
    |max_val_7_fu_598_p3     |    select|   0|  0|  29|           1|          32|
    |ap_enable_pp0           |       xor|   0|  0|   2|           1|           2|
    |ap_enable_pp1           |       xor|   0|  0|   2|           1|           2|
    |ap_enable_pp2           |       xor|   0|  0|   2|           1|           2|
    |ap_enable_pp3           |       xor|   0|  0|   2|           1|           2|
    +------------------------+----------+----+---+----+------------+------------+
    |Total                   |          |   0|  0| 230|         294|         149|
    +------------------------+----------+----+---+----+------------+------------+

    * Multiplexer: 
    +-------------------------------------+----+-----------+-----+-----------+
    |                 Name                | LUT| Input Size| Bits| Total Bits|
    +-------------------------------------+----+-----------+-----+-----------+
    |add_ln1723_reg_162                   |  16|          2|   10|         20|
    |ap_NS_fsm                            |   5|         14|    1|         14|
    |ap_enable_reg_pp0_iter1              |   1|          2|    1|          2|
    |ap_enable_reg_pp1_iter1              |   1|          2|    1|          2|
    |ap_enable_reg_pp2_iter13             |   1|          2|    1|          2|
    |ap_enable_reg_pp3_iter12             |   1|          2|    1|          2|
    |ap_phi_mux_add_ln1723_phi_fu_166_p4  |  16|          2|   10|         20|
    |ap_phi_mux_i1_phi_fu_155_p4          |  16|          2|   10|         20|
    |ap_phi_mux_i_120_phi_fu_177_p4       |  16|          2|   10|         20|
    |ap_phi_mux_i_224_phi_fu_197_p4       |  16|          2|   10|         20|
    |ap_phi_mux_i_327_phi_fu_208_p4       |  16|          2|   10|         20|
    |grp_fu_224_p0                        |  32|          4|   32|        128|
    |grp_fu_224_p1                        |  32|          4|   32|        128|
    |grp_fu_638_p1                        |  32|          2|   32|         64|
    |grp_fu_638_p2                        |   1|          2|    1|          2|
    |i1_reg_151                           |  16|          2|   10|         20|
    |i_120_reg_173                        |  16|          2|   10|         20|
    |i_224_reg_193                        |  16|          2|   10|         20|
    |i_327_reg_204                        |  16|          2|   10|         20|
    |i_vec_address0_local                 |  16|          3|    9|         27|
    |max_val_322_reg_184                  |  32|          2|   32|         64|
    |reg_241                              |  32|          2|   32|         64|
    |vec_local_address0_local             |  48|          6|   10|         60|
    |vec_local_address1_local             |  48|          5|   10|         50|
    |vec_local_d0_local                   |  32|          3|   32|         96|
    +-------------------------------------+----+-----------+-----+-----------+
    |Total                                | 474|         75|  327|        905|
    +-------------------------------------+----+-----------+-----+-----------+

    * Register: 
    +-----------------------------+----+----+-----+-----------+
    |             Name            | FF | LUT| Bits| Const Bits|
    +-----------------------------+----+----+-----+-----------+
    |add_ln1723_reg_162           |  10|   0|   10|          0|
    |add_ln17_reg_754             |  10|   0|   10|          0|
    |ap_CS_fsm                    |  13|   0|   13|          0|
    |ap_enable_reg_pp0_iter0      |   1|   0|    1|          0|
    |ap_enable_reg_pp0_iter1      |   1|   0|    1|          0|
    |ap_enable_reg_pp1_iter0      |   1|   0|    1|          0|
    |ap_enable_reg_pp1_iter0_reg  |   1|   0|    1|          0|
    |ap_enable_reg_pp1_iter1      |   1|   0|    1|          0|
    |ap_enable_reg_pp2_iter0      |   1|   0|    1|          0|
    |ap_enable_reg_pp2_iter1      |   1|   0|    1|          0|
    |ap_enable_reg_pp2_iter10     |   1|   0|    1|          0|
    |ap_enable_reg_pp2_iter11     |   1|   0|    1|          0|
    |ap_enable_reg_pp2_iter12     |   1|   0|    1|          0|
    |ap_enable_reg_pp2_iter13     |   1|   0|    1|          0|
    |ap_enable_reg_pp2_iter2      |   1|   0|    1|          0|
    |ap_enable_reg_pp2_iter3      |   1|   0|    1|          0|
    |ap_enable_reg_pp2_iter4      |   1|   0|    1|          0|
    |ap_enable_reg_pp2_iter5      |   1|   0|    1|          0|
    |ap_enable_reg_pp2_iter6      |   1|   0|    1|          0|
    |ap_enable_reg_pp2_iter7      |   1|   0|    1|          0|
    |ap_enable_reg_pp2_iter8      |   1|   0|    1|          0|
    |ap_enable_reg_pp2_iter9      |   1|   0|    1|          0|
    |ap_enable_reg_pp3_iter0      |   1|   0|    1|          0|
    |ap_enable_reg_pp3_iter1      |   1|   0|    1|          0|
    |ap_enable_reg_pp3_iter10     |   1|   0|    1|          0|
    |ap_enable_reg_pp3_iter11     |   1|   0|    1|          0|
    |ap_enable_reg_pp3_iter12     |   1|   0|    1|          0|
    |ap_enable_reg_pp3_iter2      |   1|   0|    1|          0|
    |ap_enable_reg_pp3_iter3      |   1|   0|    1|          0|
    |ap_enable_reg_pp3_iter4      |   1|   0|    1|          0|
    |ap_enable_reg_pp3_iter5      |   1|   0|    1|          0|
    |ap_enable_reg_pp3_iter6      |   1|   0|    1|          0|
    |ap_enable_reg_pp3_iter7      |   1|   0|    1|          0|
    |ap_enable_reg_pp3_iter8      |   1|   0|    1|          0|
    |ap_enable_reg_pp3_iter9      |   1|   0|    1|          0|
    |grp_fu_215_p0                |  32|   0|   32|          0|
    |grp_fu_215_p1                |  32|   0|   32|          0|
    |i1_reg_151                   |  10|   0|   10|          0|
    |i_120_reg_173                |  10|   0|   10|          0|
    |i_224_reg_193                |  10|   0|   10|          0|
    |i_327_reg_204                |  10|   0|   10|          0|
    |i_3_reg_739                  |  10|   0|   10|          0|
    |i_4_reg_795                  |  10|   0|   10|          0|
    |i_5_reg_829                  |  10|   0|   10|          0|
    |i_reg_680                    |  10|   0|   10|          0|
    |icmp_ln10_reg_695            |   1|   0|    1|          0|
    |icmp_ln17_reg_776            |   1|   0|    1|          0|
    |icmp_ln21_10_reg_719         |   1|   0|    1|          0|
    |icmp_ln21_11_reg_724         |   1|   0|    1|          0|
    |icmp_ln21_8_reg_709          |   1|   0|    1|          0|
    |icmp_ln21_9_reg_714          |   1|   0|    1|          0|
    |icmp_ln27_reg_800            |   1|   0|    1|          0|
    |icmp_ln35_reg_844            |   1|   0|    1|          0|
    |max_val_322_reg_184          |  32|   0|   32|          0|
    |max_val_4_reg_760            |  32|   0|   32|          0|
    |max_val_5_reg_780            |  32|   0|   32|          0|
    |max_val_6_reg_768            |  32|   0|   32|          0|
    |max_val_7_reg_788            |  32|   0|   32|          0|
    |reg_241                      |  32|   0|   32|          0|
    |sub_reg_812                  |  32|   0|   32|          0|
    |sum_reg_823                  |  32|   0|   32|          0|
    |tmp_3_reg_729                |   1|   0|    1|          0|
    |tmp_reg_818                  |  32|   0|   32|          0|
    |vec_local_addr_4_reg_805     |  10|   0|   10|          0|
    |zext_ln10_reg_685            |  10|   0|   64|         54|
    |zext_ln35_reg_834            |  10|   0|   64|         54|
    |icmp_ln27_reg_800            |   0|   2|    1|          0|
    |vec_local_addr_4_reg_805     |   0|   8|   10|          0|
    |zext_ln35_reg_834            |   0|   8|   64|         54|
    +-----------------------------+----+----+-----+-----------+
    |Total                        | 536|  18|  719|        162|
    +-----------------------------+----+----+-----+-----------+



================================================================
== Interface
================================================================
* Summary: 
+----------------+-----+-----+------------+----------------+--------------+
|    RTL Ports   | Dir | Bits|  Protocol  |  Source Object |    C Type    |
+----------------+-----+-----+------------+----------------+--------------+
|ap_clk          |   in|    1|  ap_ctrl_hs|  kernel_softmax|  return value|
|ap_rst          |   in|    1|  ap_ctrl_hs|  kernel_softmax|  return value|
|ap_start        |   in|    1|  ap_ctrl_hs|  kernel_softmax|  return value|
|ap_done         |  out|    1|  ap_ctrl_hs|  kernel_softmax|  return value|
|ap_idle         |  out|    1|  ap_ctrl_hs|  kernel_softmax|  return value|
|ap_ready        |  out|    1|  ap_ctrl_hs|  kernel_softmax|  return value|
|i_vec_address0  |  out|    9|   ap_memory|           i_vec|         array|
|i_vec_ce0       |  out|    1|   ap_memory|           i_vec|         array|
|i_vec_we0       |  out|    1|   ap_memory|           i_vec|         array|
|i_vec_d0        |  out|   32|   ap_memory|           i_vec|         array|
|i_vec_q0        |   in|   32|   ap_memory|           i_vec|         array|
+----------------+-----+-----+------------+----------------+--------------+

