

================================================================
== Vitis HLS Report for 'kernel_mhsa_Outline_HEAD_COMPUTE'
================================================================
* Date:           Sat Sep 27 23:15:45 2025

* Version:        2025.1 (Build 6135595 on May 21 2025)
* Project:        mhsa_prj
* Solution:       solution1 (Vivado IP Flow Target)
* Product family: versalhbm
* Target device:  xcv80-lsva4737-2MHP-e-S


================================================================
== Performance Estimates
================================================================
+ Timing: 
    * Summary: 
    +--------+---------+----------+------------+
    |  Clock |  Target | Estimated| Uncertainty|
    +--------+---------+----------+------------+
    |ap_clk  |  4.00 ns|  2.603 ns|     1.08 ns|
    +--------+---------+----------+------------+

+ Latency: 
    * Summary: 
    +---------+---------+----------+----------+-----+-------+---------+
    |  Latency (cycles) |  Latency (absolute) |   Interval  | Pipeline|
    |   min   |   max   |    min   |    max   | min |  max  |   Type  |
    +---------+---------+----------+----------+-----+-------+---------+
    |      841|    51565|  3.364 us|  0.206 ms|  841|  51565|       no|
    +---------+---------+----------+----------+-----+-------+---------+

    + Detail: 
        * Instance: 
        +-----------------------------------------------+------------------------------------+---------+---------+----------+-----------+-----+------+------------------------------------------------+
        |                                               |                                    |  Latency (cycles) |  Latency (absolute)  |  Interval  |                    Pipeline                    |
        |                    Instance                   |               Module               |   min   |   max   |    min   |    max    | min |  max |                      Type                      |
        +-----------------------------------------------+------------------------------------+---------+---------+----------+-----------+-----+------+------------------------------------------------+
        |grp_kernel_mhsa_Pipeline_Q_LOAD_fu_556         |kernel_mhsa_Pipeline_Q_LOAD         |       66|       66|  0.264 us|   0.264 us|   65|    65|  loop auto-rewind stp (delay=0 clock cycles(s))|
        |grp_kernel_mhsa_Pipeline_TOKEN_COMPUTE_fu_641  |kernel_mhsa_Pipeline_TOKEN_COMPUTE  |      139|     4227|  0.556 us|  16.908 us|   16|  4104|  loop auto-rewind stp (delay=0 clock cycles(s))|
        +-----------------------------------------------+------------------------------------+---------+---------+----------+-----------+-----+------+------------------------------------------------+

        * Loop: 
        +----------------+---------+---------+-----------+-----------+-----------+------+----------+
        |                |  Latency (cycles) | Iteration |  Initiation Interval  | Trip |          |
        |    Loop Name   |   min   |   max   |  Latency  |  achieved |   target  | Count| Pipelined|
        +----------------+---------+---------+-----------+-----------+-----------+------+----------+
        |- HEAD_COMPUTE  |      840|    51564|  70 ~ 4297|          -|          -|    12|        no|
        +----------------+---------+---------+-----------+-----------+-----------+------+----------+



================================================================
== Utilization Estimates
================================================================
* Summary: 
+---------------------+---------+-------+---------+---------+------+
|         Name        | BRAM_18K|  DSP  |    FF   |   LUT   | URAM |
+---------------------+---------+-------+---------+---------+------+
|DSP                  |        -|      -|        -|        -|     -|
|Expression           |        -|      -|        0|       18|     -|
|FIFO                 |        -|      -|        -|        -|     -|
|Instance             |        -|     28|     8326|    14693|     -|
|Memory               |        -|      -|        -|        -|     -|
|Multiplexer          |        -|      -|        0|       20|     -|
|Register             |        -|      -|       33|        -|     -|
+---------------------+---------+-------+---------+---------+------+
|Total                |        0|     28|     8359|    14731|     0|
+---------------------+---------+-------+---------+---------+------+
|Available SLR        |     2494|   3616|  1716138|   858069|   641|
+---------------------+---------+-------+---------+---------+------+
|Utilization SLR (%)  |        0|     ~0|       ~0|        1|     0|
+---------------------+---------+-------+---------+---------+------+
|Available            |     7482|  10848|  5148416|  2574208|  1925|
+---------------------+---------+-------+---------+---------+------+
|Utilization (%)      |        0|     ~0|       ~0|       ~0|     0|
+---------------------+---------+-------+---------+---------+------+

+ Detail: 
    * Instance: 
    +-----------------------------------------------+------------------------------------+---------+----+------+-------+-----+
    |                    Instance                   |               Module               | BRAM_18K| DSP|  FF  |  LUT  | URAM|
    +-----------------------------------------------+------------------------------------+---------+----+------+-------+-----+
    |grp_kernel_mhsa_Pipeline_Q_LOAD_fu_556         |kernel_mhsa_Pipeline_Q_LOAD         |        0|   0|  2067|    135|    0|
    |grp_kernel_mhsa_Pipeline_TOKEN_COMPUTE_fu_641  |kernel_mhsa_Pipeline_TOKEN_COMPUTE  |        0|  28|  6259|  14558|    0|
    +-----------------------------------------------+------------------------------------+---------+----+------+-------+-----+
    |Total                                          |                                    |        0|  28|  8326|  14693|    0|
    +-----------------------------------------------+------------------------------------+---------+----+------+-------+-----+

    * DSP: 
    N/A

    * Memory: 
    N/A

    * FIFO: 
    N/A

    * Expression: 
    +---------------------------------+----------+----+---+----+------------+------------+
    |          Variable Name          | Operation| DSP| FF| LUT| Bitwidth P0| Bitwidth P1|
    +---------------------------------+----------+----+---+----+------------+------------+
    |add_ln136_1_fu_1223_p2           |         +|   0|  0|   8|           7|           4|
    |add_ln136_fu_952_p2              |         +|   0|  0|   6|           4|           1|
    |ap_block_state5_on_subcall_done  |       and|   0|  0|   2|           1|           1|
    |icmp_ln136_fu_946_p2             |      icmp|   0|  0|   2|           4|           4|
    +---------------------------------+----------+----+---+----+------------+------------+
    |Total                            |          |   0|  0|  18|          16|          10|
    +---------------------------------+----------+----+---+----+------------+------------+

    * Multiplexer: 
    +-----------------------+----+-----------+-----+-----------+
    |          Name         | LUT| Input Size| Bits| Total Bits|
    +-----------------------+----+-----------+-----+-----------+
    |ap_NS_fsm              |   3|          6|    1|          6|
    |grp_fu_1867_ce         |   1|          2|    1|          2|
    |h_1_fu_274             |   8|          2|    4|          8|
    |indvars_iv3298_fu_278  |   8|          2|    7|         14|
    +-----------------------+----+-----------+-----+-----------+
    |Total                  |  20|         12|   13|         30|
    +-----------------------+----+-----------+-----+-----------+

    * Register: 
    +------------------------------------------------------------+---+----+-----+-----------+
    |                            Name                            | FF| LUT| Bits| Const Bits|
    +------------------------------------------------------------+---+----+-----+-----------+
    |add_ln136_reg_1656                                          |  4|   0|    4|          0|
    |ap_CS_fsm                                                   |  5|   0|    5|          0|
    |grp_kernel_mhsa_Pipeline_Q_LOAD_fu_556_ap_start_reg         |  1|   0|    1|          0|
    |grp_kernel_mhsa_Pipeline_TOKEN_COMPUTE_fu_641_ap_start_reg  |  1|   0|    1|          0|
    |h_1_fu_274                                                  |  4|   0|    4|          0|
    |indvars_iv3298_fu_278                                       |  7|   0|    7|          0|
    |indvars_iv3298_load_1_reg_1858                              |  7|   0|    7|          0|
    |p_udiv_reg_1661                                             |  4|   0|    7|          3|
    +------------------------------------------------------------+---+----+-----+-----------+
    |Total                                                       | 33|   0|   36|          3|
    +------------------------------------------------------------+---+----+-----+-----------+



================================================================
== Interface
================================================================
* Summary: 
+-------------------------------------------------+-----+-----+------------+----------------------------------------+--------------+
|                    RTL Ports                    | Dir | Bits|  Protocol  |              Source Object             |    C Type    |
+-------------------------------------------------+-----+-----+------------+----------------------------------------+--------------+
|ap_clk                                           |   in|    1|  ap_ctrl_hs|        kernel_mhsa_Outline_HEAD_COMPUTE|  return value|
|ap_rst                                           |   in|    1|  ap_ctrl_hs|        kernel_mhsa_Outline_HEAD_COMPUTE|  return value|
|ap_start                                         |   in|    1|  ap_ctrl_hs|        kernel_mhsa_Outline_HEAD_COMPUTE|  return value|
|ap_done                                          |  out|    1|  ap_ctrl_hs|        kernel_mhsa_Outline_HEAD_COMPUTE|  return value|
|ap_idle                                          |  out|    1|  ap_ctrl_hs|        kernel_mhsa_Outline_HEAD_COMPUTE|  return value|
|ap_ready                                         |  out|    1|  ap_ctrl_hs|        kernel_mhsa_Outline_HEAD_COMPUTE|  return value|
|grp_fu_2831_p_din0                               |  out|   32|  ap_ctrl_hs|        kernel_mhsa_Outline_HEAD_COMPUTE|  return value|
|grp_fu_2831_p_din1                               |  out|   32|  ap_ctrl_hs|        kernel_mhsa_Outline_HEAD_COMPUTE|  return value|
|grp_fu_2831_p_opcode                             |  out|    2|  ap_ctrl_hs|        kernel_mhsa_Outline_HEAD_COMPUTE|  return value|
|grp_fu_2831_p_dout0                              |   in|   32|  ap_ctrl_hs|        kernel_mhsa_Outline_HEAD_COMPUTE|  return value|
|grp_fu_4544_p_din0                               |  out|   32|  ap_ctrl_hs|        kernel_mhsa_Outline_HEAD_COMPUTE|  return value|
|grp_fu_4544_p_din1                               |  out|   32|  ap_ctrl_hs|        kernel_mhsa_Outline_HEAD_COMPUTE|  return value|
|grp_fu_4544_p_dout0                              |   in|   32|  ap_ctrl_hs|        kernel_mhsa_Outline_HEAD_COMPUTE|  return value|
|grp_fu_4544_p_ce                                 |  out|    1|  ap_ctrl_hs|        kernel_mhsa_Outline_HEAD_COMPUTE|  return value|
|grp_fu_4540_p_din0                               |  out|   32|  ap_ctrl_hs|        kernel_mhsa_Outline_HEAD_COMPUTE|  return value|
|grp_fu_4540_p_din1                               |  out|   32|  ap_ctrl_hs|        kernel_mhsa_Outline_HEAD_COMPUTE|  return value|
|grp_fu_4540_p_dout0                              |   in|   32|  ap_ctrl_hs|        kernel_mhsa_Outline_HEAD_COMPUTE|  return value|
|select_ln128                                     |   in|   33|     ap_none|                            select_ln128|        scalar|
|empty                                            |   in|    1|     ap_none|                                   empty|        scalar|
|att_11_address0                                  |  out|    9|   ap_memory|                                  att_11|         array|
|att_11_ce0                                       |  out|    1|   ap_memory|                                  att_11|         array|
|att_11_we0                                       |  out|    1|   ap_memory|                                  att_11|         array|
|att_11_d0                                        |  out|   32|   ap_memory|                                  att_11|         array|
|att_10_address0                                  |  out|    9|   ap_memory|                                  att_10|         array|
|att_10_ce0                                       |  out|    1|   ap_memory|                                  att_10|         array|
|att_10_we0                                       |  out|    1|   ap_memory|                                  att_10|         array|
|att_10_d0                                        |  out|   32|   ap_memory|                                  att_10|         array|
|att_9_address0                                   |  out|    9|   ap_memory|                                   att_9|         array|
|att_9_ce0                                        |  out|    1|   ap_memory|                                   att_9|         array|
|att_9_we0                                        |  out|    1|   ap_memory|                                   att_9|         array|
|att_9_d0                                         |  out|   32|   ap_memory|                                   att_9|         array|
|att_8_address0                                   |  out|    9|   ap_memory|                                   att_8|         array|
|att_8_ce0                                        |  out|    1|   ap_memory|                                   att_8|         array|
|att_8_we0                                        |  out|    1|   ap_memory|                                   att_8|         array|
|att_8_d0                                         |  out|   32|   ap_memory|                                   att_8|         array|
|att_7_address0                                   |  out|    9|   ap_memory|                                   att_7|         array|
|att_7_ce0                                        |  out|    1|   ap_memory|                                   att_7|         array|
|att_7_we0                                        |  out|    1|   ap_memory|                                   att_7|         array|
|att_7_d0                                         |  out|   32|   ap_memory|                                   att_7|         array|
|att_6_address0                                   |  out|    9|   ap_memory|                                   att_6|         array|
|att_6_ce0                                        |  out|    1|   ap_memory|                                   att_6|         array|
|att_6_we0                                        |  out|    1|   ap_memory|                                   att_6|         array|
|att_6_d0                                         |  out|   32|   ap_memory|                                   att_6|         array|
|att_5_address0                                   |  out|    9|   ap_memory|                                   att_5|         array|
|att_5_ce0                                        |  out|    1|   ap_memory|                                   att_5|         array|
|att_5_we0                                        |  out|    1|   ap_memory|                                   att_5|         array|
|att_5_d0                                         |  out|   32|   ap_memory|                                   att_5|         array|
|att_4_address0                                   |  out|    9|   ap_memory|                                   att_4|         array|
|att_4_ce0                                        |  out|    1|   ap_memory|                                   att_4|         array|
|att_4_we0                                        |  out|    1|   ap_memory|                                   att_4|         array|
|att_4_d0                                         |  out|   32|   ap_memory|                                   att_4|         array|
|att_3_address0                                   |  out|    9|   ap_memory|                                   att_3|         array|
|att_3_ce0                                        |  out|    1|   ap_memory|                                   att_3|         array|
|att_3_we0                                        |  out|    1|   ap_memory|                                   att_3|         array|
|att_3_d0                                         |  out|   32|   ap_memory|                                   att_3|         array|
|att_2_address0                                   |  out|    9|   ap_memory|                                   att_2|         array|
|att_2_ce0                                        |  out|    1|   ap_memory|                                   att_2|         array|
|att_2_we0                                        |  out|    1|   ap_memory|                                   att_2|         array|
|att_2_d0                                         |  out|   32|   ap_memory|                                   att_2|         array|
|att_1_address0                                   |  out|    9|   ap_memory|                                   att_1|         array|
|att_1_ce0                                        |  out|    1|   ap_memory|                                   att_1|         array|
|att_1_we0                                        |  out|    1|   ap_memory|                                   att_1|         array|
|att_1_d0                                         |  out|   32|   ap_memory|                                   att_1|         array|
|att_address0                                     |  out|    9|   ap_memory|                                     att|         array|
|att_ce0                                          |  out|    1|   ap_memory|                                     att|         array|
|att_we0                                          |  out|    1|   ap_memory|                                     att|         array|
|att_d0                                           |  out|   32|   ap_memory|                                     att|         array|
|out_q_rope_address0                              |  out|    7|   ap_memory|                              out_q_rope|         array|
|out_q_rope_ce0                                   |  out|    1|   ap_memory|                              out_q_rope|         array|
|out_q_rope_q0                                    |   in|   32|   ap_memory|                              out_q_rope|         array|
|out_q_rope_1_address0                            |  out|    7|   ap_memory|                            out_q_rope_1|         array|
|out_q_rope_1_ce0                                 |  out|    1|   ap_memory|                            out_q_rope_1|         array|
|out_q_rope_1_q0                                  |   in|   32|   ap_memory|                            out_q_rope_1|         array|
|out_q_rope_2_address0                            |  out|    7|   ap_memory|                            out_q_rope_2|         array|
|out_q_rope_2_ce0                                 |  out|    1|   ap_memory|                            out_q_rope_2|         array|
|out_q_rope_2_q0                                  |   in|   32|   ap_memory|                            out_q_rope_2|         array|
|out_q_rope_3_address0                            |  out|    7|   ap_memory|                            out_q_rope_3|         array|
|out_q_rope_3_ce0                                 |  out|    1|   ap_memory|                            out_q_rope_3|         array|
|out_q_rope_3_q0                                  |   in|   32|   ap_memory|                            out_q_rope_3|         array|
|out_q_rope_4_address0                            |  out|    7|   ap_memory|                            out_q_rope_4|         array|
|out_q_rope_4_ce0                                 |  out|    1|   ap_memory|                            out_q_rope_4|         array|
|out_q_rope_4_q0                                  |   in|   32|   ap_memory|                            out_q_rope_4|         array|
|out_q_rope_5_address0                            |  out|    7|   ap_memory|                            out_q_rope_5|         array|
|out_q_rope_5_ce0                                 |  out|    1|   ap_memory|                            out_q_rope_5|         array|
|out_q_rope_5_q0                                  |   in|   32|   ap_memory|                            out_q_rope_5|         array|
|out_q_rope_6_address0                            |  out|    7|   ap_memory|                            out_q_rope_6|         array|
|out_q_rope_6_ce0                                 |  out|    1|   ap_memory|                            out_q_rope_6|         array|
|out_q_rope_6_q0                                  |   in|   32|   ap_memory|                            out_q_rope_6|         array|
|out_q_rope_7_address0                            |  out|    7|   ap_memory|                            out_q_rope_7|         array|
|out_q_rope_7_ce0                                 |  out|    1|   ap_memory|                            out_q_rope_7|         array|
|out_q_rope_7_q0                                  |   in|   32|   ap_memory|                            out_q_rope_7|         array|
|l_1                                              |   in|    4|     ap_none|                                     l_1|        scalar|
|p_ZZ11kernel_mhsaPfiS_E9key_cache_0_0_address0   |  out|   16|   ap_memory|   p_ZZ11kernel_mhsaPfiS_E9key_cache_0_0|         array|
|p_ZZ11kernel_mhsaPfiS_E9key_cache_0_0_ce0        |  out|    1|   ap_memory|   p_ZZ11kernel_mhsaPfiS_E9key_cache_0_0|         array|
|p_ZZ11kernel_mhsaPfiS_E9key_cache_0_0_q0         |   in|   32|   ap_memory|   p_ZZ11kernel_mhsaPfiS_E9key_cache_0_0|         array|
|p_ZZ11kernel_mhsaPfiS_E9key_cache_1_0_address0   |  out|   16|   ap_memory|   p_ZZ11kernel_mhsaPfiS_E9key_cache_1_0|         array|
|p_ZZ11kernel_mhsaPfiS_E9key_cache_1_0_ce0        |  out|    1|   ap_memory|   p_ZZ11kernel_mhsaPfiS_E9key_cache_1_0|         array|
|p_ZZ11kernel_mhsaPfiS_E9key_cache_1_0_q0         |   in|   32|   ap_memory|   p_ZZ11kernel_mhsaPfiS_E9key_cache_1_0|         array|
|p_ZZ11kernel_mhsaPfiS_E9key_cache_2_0_address0   |  out|   16|   ap_memory|   p_ZZ11kernel_mhsaPfiS_E9key_cache_2_0|         array|
|p_ZZ11kernel_mhsaPfiS_E9key_cache_2_0_ce0        |  out|    1|   ap_memory|   p_ZZ11kernel_mhsaPfiS_E9key_cache_2_0|         array|
|p_ZZ11kernel_mhsaPfiS_E9key_cache_2_0_q0         |   in|   32|   ap_memory|   p_ZZ11kernel_mhsaPfiS_E9key_cache_2_0|         array|
|p_ZZ11kernel_mhsaPfiS_E9key_cache_3_0_address0   |  out|   16|   ap_memory|   p_ZZ11kernel_mhsaPfiS_E9key_cache_3_0|         array|
|p_ZZ11kernel_mhsaPfiS_E9key_cache_3_0_ce0        |  out|    1|   ap_memory|   p_ZZ11kernel_mhsaPfiS_E9key_cache_3_0|         array|
|p_ZZ11kernel_mhsaPfiS_E9key_cache_3_0_q0         |   in|   32|   ap_memory|   p_ZZ11kernel_mhsaPfiS_E9key_cache_3_0|         array|
|p_ZZ11kernel_mhsaPfiS_E9key_cache_4_0_address0   |  out|   16|   ap_memory|   p_ZZ11kernel_mhsaPfiS_E9key_cache_4_0|         array|
|p_ZZ11kernel_mhsaPfiS_E9key_cache_4_0_ce0        |  out|    1|   ap_memory|   p_ZZ11kernel_mhsaPfiS_E9key_cache_4_0|         array|
|p_ZZ11kernel_mhsaPfiS_E9key_cache_4_0_q0         |   in|   32|   ap_memory|   p_ZZ11kernel_mhsaPfiS_E9key_cache_4_0|         array|
|p_ZZ11kernel_mhsaPfiS_E9key_cache_5_0_address0   |  out|   16|   ap_memory|   p_ZZ11kernel_mhsaPfiS_E9key_cache_5_0|         array|
|p_ZZ11kernel_mhsaPfiS_E9key_cache_5_0_ce0        |  out|    1|   ap_memory|   p_ZZ11kernel_mhsaPfiS_E9key_cache_5_0|         array|
|p_ZZ11kernel_mhsaPfiS_E9key_cache_5_0_q0         |   in|   32|   ap_memory|   p_ZZ11kernel_mhsaPfiS_E9key_cache_5_0|         array|
|p_ZZ11kernel_mhsaPfiS_E9key_cache_6_0_address0   |  out|   16|   ap_memory|   p_ZZ11kernel_mhsaPfiS_E9key_cache_6_0|         array|
|p_ZZ11kernel_mhsaPfiS_E9key_cache_6_0_ce0        |  out|    1|   ap_memory|   p_ZZ11kernel_mhsaPfiS_E9key_cache_6_0|         array|
|p_ZZ11kernel_mhsaPfiS_E9key_cache_6_0_q0         |   in|   32|   ap_memory|   p_ZZ11kernel_mhsaPfiS_E9key_cache_6_0|         array|
|p_ZZ11kernel_mhsaPfiS_E9key_cache_7_0_address0   |  out|   16|   ap_memory|   p_ZZ11kernel_mhsaPfiS_E9key_cache_7_0|         array|
|p_ZZ11kernel_mhsaPfiS_E9key_cache_7_0_ce0        |  out|    1|   ap_memory|   p_ZZ11kernel_mhsaPfiS_E9key_cache_7_0|         array|
|p_ZZ11kernel_mhsaPfiS_E9key_cache_7_0_q0         |   in|   32|   ap_memory|   p_ZZ11kernel_mhsaPfiS_E9key_cache_7_0|         array|
|p_ZZ11kernel_mhsaPfiS_E9key_cache_8_0_address0   |  out|   16|   ap_memory|   p_ZZ11kernel_mhsaPfiS_E9key_cache_8_0|         array|
|p_ZZ11kernel_mhsaPfiS_E9key_cache_8_0_ce0        |  out|    1|   ap_memory|   p_ZZ11kernel_mhsaPfiS_E9key_cache_8_0|         array|
|p_ZZ11kernel_mhsaPfiS_E9key_cache_8_0_q0         |   in|   32|   ap_memory|   p_ZZ11kernel_mhsaPfiS_E9key_cache_8_0|         array|
|p_ZZ11kernel_mhsaPfiS_E9key_cache_9_0_address0   |  out|   16|   ap_memory|   p_ZZ11kernel_mhsaPfiS_E9key_cache_9_0|         array|
|p_ZZ11kernel_mhsaPfiS_E9key_cache_9_0_ce0        |  out|    1|   ap_memory|   p_ZZ11kernel_mhsaPfiS_E9key_cache_9_0|         array|
|p_ZZ11kernel_mhsaPfiS_E9key_cache_9_0_q0         |   in|   32|   ap_memory|   p_ZZ11kernel_mhsaPfiS_E9key_cache_9_0|         array|
|p_ZZ11kernel_mhsaPfiS_E9key_cache_10_0_address0  |  out|   16|   ap_memory|  p_ZZ11kernel_mhsaPfiS_E9key_cache_10_0|         array|
|p_ZZ11kernel_mhsaPfiS_E9key_cache_10_0_ce0       |  out|    1|   ap_memory|  p_ZZ11kernel_mhsaPfiS_E9key_cache_10_0|         array|
|p_ZZ11kernel_mhsaPfiS_E9key_cache_10_0_q0        |   in|   32|   ap_memory|  p_ZZ11kernel_mhsaPfiS_E9key_cache_10_0|         array|
|p_ZZ11kernel_mhsaPfiS_E9key_cache_11_0_address0  |  out|   16|   ap_memory|  p_ZZ11kernel_mhsaPfiS_E9key_cache_11_0|         array|
|p_ZZ11kernel_mhsaPfiS_E9key_cache_11_0_ce0       |  out|    1|   ap_memory|  p_ZZ11kernel_mhsaPfiS_E9key_cache_11_0|         array|
|p_ZZ11kernel_mhsaPfiS_E9key_cache_11_0_q0        |   in|   32|   ap_memory|  p_ZZ11kernel_mhsaPfiS_E9key_cache_11_0|         array|
|p_ZZ11kernel_mhsaPfiS_E9key_cache_0_1_address0   |  out|   16|   ap_memory|   p_ZZ11kernel_mhsaPfiS_E9key_cache_0_1|         array|
|p_ZZ11kernel_mhsaPfiS_E9key_cache_0_1_ce0        |  out|    1|   ap_memory|   p_ZZ11kernel_mhsaPfiS_E9key_cache_0_1|         array|
|p_ZZ11kernel_mhsaPfiS_E9key_cache_0_1_q0         |   in|   32|   ap_memory|   p_ZZ11kernel_mhsaPfiS_E9key_cache_0_1|         array|
|p_ZZ11kernel_mhsaPfiS_E9key_cache_1_1_address0   |  out|   16|   ap_memory|   p_ZZ11kernel_mhsaPfiS_E9key_cache_1_1|         array|
|p_ZZ11kernel_mhsaPfiS_E9key_cache_1_1_ce0        |  out|    1|   ap_memory|   p_ZZ11kernel_mhsaPfiS_E9key_cache_1_1|         array|
|p_ZZ11kernel_mhsaPfiS_E9key_cache_1_1_q0         |   in|   32|   ap_memory|   p_ZZ11kernel_mhsaPfiS_E9key_cache_1_1|         array|
|p_ZZ11kernel_mhsaPfiS_E9key_cache_2_1_address0   |  out|   16|   ap_memory|   p_ZZ11kernel_mhsaPfiS_E9key_cache_2_1|         array|
|p_ZZ11kernel_mhsaPfiS_E9key_cache_2_1_ce0        |  out|    1|   ap_memory|   p_ZZ11kernel_mhsaPfiS_E9key_cache_2_1|         array|
|p_ZZ11kernel_mhsaPfiS_E9key_cache_2_1_q0         |   in|   32|   ap_memory|   p_ZZ11kernel_mhsaPfiS_E9key_cache_2_1|         array|
|p_ZZ11kernel_mhsaPfiS_E9key_cache_3_1_address0   |  out|   16|   ap_memory|   p_ZZ11kernel_mhsaPfiS_E9key_cache_3_1|         array|
|p_ZZ11kernel_mhsaPfiS_E9key_cache_3_1_ce0        |  out|    1|   ap_memory|   p_ZZ11kernel_mhsaPfiS_E9key_cache_3_1|         array|
|p_ZZ11kernel_mhsaPfiS_E9key_cache_3_1_q0         |   in|   32|   ap_memory|   p_ZZ11kernel_mhsaPfiS_E9key_cache_3_1|         array|
|p_ZZ11kernel_mhsaPfiS_E9key_cache_4_1_address0   |  out|   16|   ap_memory|   p_ZZ11kernel_mhsaPfiS_E9key_cache_4_1|         array|
|p_ZZ11kernel_mhsaPfiS_E9key_cache_4_1_ce0        |  out|    1|   ap_memory|   p_ZZ11kernel_mhsaPfiS_E9key_cache_4_1|         array|
|p_ZZ11kernel_mhsaPfiS_E9key_cache_4_1_q0         |   in|   32|   ap_memory|   p_ZZ11kernel_mhsaPfiS_E9key_cache_4_1|         array|
|p_ZZ11kernel_mhsaPfiS_E9key_cache_5_1_address0   |  out|   16|   ap_memory|   p_ZZ11kernel_mhsaPfiS_E9key_cache_5_1|         array|
|p_ZZ11kernel_mhsaPfiS_E9key_cache_5_1_ce0        |  out|    1|   ap_memory|   p_ZZ11kernel_mhsaPfiS_E9key_cache_5_1|         array|
|p_ZZ11kernel_mhsaPfiS_E9key_cache_5_1_q0         |   in|   32|   ap_memory|   p_ZZ11kernel_mhsaPfiS_E9key_cache_5_1|         array|
|p_ZZ11kernel_mhsaPfiS_E9key_cache_6_1_address0   |  out|   16|   ap_memory|   p_ZZ11kernel_mhsaPfiS_E9key_cache_6_1|         array|
|p_ZZ11kernel_mhsaPfiS_E9key_cache_6_1_ce0        |  out|    1|   ap_memory|   p_ZZ11kernel_mhsaPfiS_E9key_cache_6_1|         array|
|p_ZZ11kernel_mhsaPfiS_E9key_cache_6_1_q0         |   in|   32|   ap_memory|   p_ZZ11kernel_mhsaPfiS_E9key_cache_6_1|         array|
|p_ZZ11kernel_mhsaPfiS_E9key_cache_7_1_address0   |  out|   16|   ap_memory|   p_ZZ11kernel_mhsaPfiS_E9key_cache_7_1|         array|
|p_ZZ11kernel_mhsaPfiS_E9key_cache_7_1_ce0        |  out|    1|   ap_memory|   p_ZZ11kernel_mhsaPfiS_E9key_cache_7_1|         array|
|p_ZZ11kernel_mhsaPfiS_E9key_cache_7_1_q0         |   in|   32|   ap_memory|   p_ZZ11kernel_mhsaPfiS_E9key_cache_7_1|         array|
|p_ZZ11kernel_mhsaPfiS_E9key_cache_8_1_address0   |  out|   16|   ap_memory|   p_ZZ11kernel_mhsaPfiS_E9key_cache_8_1|         array|
|p_ZZ11kernel_mhsaPfiS_E9key_cache_8_1_ce0        |  out|    1|   ap_memory|   p_ZZ11kernel_mhsaPfiS_E9key_cache_8_1|         array|
|p_ZZ11kernel_mhsaPfiS_E9key_cache_8_1_q0         |   in|   32|   ap_memory|   p_ZZ11kernel_mhsaPfiS_E9key_cache_8_1|         array|
|p_ZZ11kernel_mhsaPfiS_E9key_cache_9_1_address0   |  out|   16|   ap_memory|   p_ZZ11kernel_mhsaPfiS_E9key_cache_9_1|         array|
|p_ZZ11kernel_mhsaPfiS_E9key_cache_9_1_ce0        |  out|    1|   ap_memory|   p_ZZ11kernel_mhsaPfiS_E9key_cache_9_1|         array|
|p_ZZ11kernel_mhsaPfiS_E9key_cache_9_1_q0         |   in|   32|   ap_memory|   p_ZZ11kernel_mhsaPfiS_E9key_cache_9_1|         array|
|p_ZZ11kernel_mhsaPfiS_E9key_cache_10_1_address0  |  out|   16|   ap_memory|  p_ZZ11kernel_mhsaPfiS_E9key_cache_10_1|         array|
|p_ZZ11kernel_mhsaPfiS_E9key_cache_10_1_ce0       |  out|    1|   ap_memory|  p_ZZ11kernel_mhsaPfiS_E9key_cache_10_1|         array|
|p_ZZ11kernel_mhsaPfiS_E9key_cache_10_1_q0        |   in|   32|   ap_memory|  p_ZZ11kernel_mhsaPfiS_E9key_cache_10_1|         array|
|p_ZZ11kernel_mhsaPfiS_E9key_cache_11_1_address0  |  out|   16|   ap_memory|  p_ZZ11kernel_mhsaPfiS_E9key_cache_11_1|         array|
|p_ZZ11kernel_mhsaPfiS_E9key_cache_11_1_ce0       |  out|    1|   ap_memory|  p_ZZ11kernel_mhsaPfiS_E9key_cache_11_1|         array|
|p_ZZ11kernel_mhsaPfiS_E9key_cache_11_1_q0        |   in|   32|   ap_memory|  p_ZZ11kernel_mhsaPfiS_E9key_cache_11_1|         array|
|p_ZZ11kernel_mhsaPfiS_E9key_cache_0_2_address0   |  out|   16|   ap_memory|   p_ZZ11kernel_mhsaPfiS_E9key_cache_0_2|         array|
|p_ZZ11kernel_mhsaPfiS_E9key_cache_0_2_ce0        |  out|    1|   ap_memory|   p_ZZ11kernel_mhsaPfiS_E9key_cache_0_2|         array|
|p_ZZ11kernel_mhsaPfiS_E9key_cache_0_2_q0         |   in|   32|   ap_memory|   p_ZZ11kernel_mhsaPfiS_E9key_cache_0_2|         array|
|p_ZZ11kernel_mhsaPfiS_E9key_cache_1_2_address0   |  out|   16|   ap_memory|   p_ZZ11kernel_mhsaPfiS_E9key_cache_1_2|         array|
|p_ZZ11kernel_mhsaPfiS_E9key_cache_1_2_ce0        |  out|    1|   ap_memory|   p_ZZ11kernel_mhsaPfiS_E9key_cache_1_2|         array|
|p_ZZ11kernel_mhsaPfiS_E9key_cache_1_2_q0         |   in|   32|   ap_memory|   p_ZZ11kernel_mhsaPfiS_E9key_cache_1_2|         array|
|p_ZZ11kernel_mhsaPfiS_E9key_cache_2_2_address0   |  out|   16|   ap_memory|   p_ZZ11kernel_mhsaPfiS_E9key_cache_2_2|         array|
|p_ZZ11kernel_mhsaPfiS_E9key_cache_2_2_ce0        |  out|    1|   ap_memory|   p_ZZ11kernel_mhsaPfiS_E9key_cache_2_2|         array|
|p_ZZ11kernel_mhsaPfiS_E9key_cache_2_2_q0         |   in|   32|   ap_memory|   p_ZZ11kernel_mhsaPfiS_E9key_cache_2_2|         array|
|p_ZZ11kernel_mhsaPfiS_E9key_cache_3_2_address0   |  out|   16|   ap_memory|   p_ZZ11kernel_mhsaPfiS_E9key_cache_3_2|         array|
|p_ZZ11kernel_mhsaPfiS_E9key_cache_3_2_ce0        |  out|    1|   ap_memory|   p_ZZ11kernel_mhsaPfiS_E9key_cache_3_2|         array|
|p_ZZ11kernel_mhsaPfiS_E9key_cache_3_2_q0         |   in|   32|   ap_memory|   p_ZZ11kernel_mhsaPfiS_E9key_cache_3_2|         array|
|p_ZZ11kernel_mhsaPfiS_E9key_cache_4_2_address0   |  out|   16|   ap_memory|   p_ZZ11kernel_mhsaPfiS_E9key_cache_4_2|         array|
|p_ZZ11kernel_mhsaPfiS_E9key_cache_4_2_ce0        |  out|    1|   ap_memory|   p_ZZ11kernel_mhsaPfiS_E9key_cache_4_2|         array|
|p_ZZ11kernel_mhsaPfiS_E9key_cache_4_2_q0         |   in|   32|   ap_memory|   p_ZZ11kernel_mhsaPfiS_E9key_cache_4_2|         array|
|p_ZZ11kernel_mhsaPfiS_E9key_cache_5_2_address0   |  out|   16|   ap_memory|   p_ZZ11kernel_mhsaPfiS_E9key_cache_5_2|         array|
|p_ZZ11kernel_mhsaPfiS_E9key_cache_5_2_ce0        |  out|    1|   ap_memory|   p_ZZ11kernel_mhsaPfiS_E9key_cache_5_2|         array|
|p_ZZ11kernel_mhsaPfiS_E9key_cache_5_2_q0         |   in|   32|   ap_memory|   p_ZZ11kernel_mhsaPfiS_E9key_cache_5_2|         array|
|p_ZZ11kernel_mhsaPfiS_E9key_cache_6_2_address0   |  out|   16|   ap_memory|   p_ZZ11kernel_mhsaPfiS_E9key_cache_6_2|         array|
|p_ZZ11kernel_mhsaPfiS_E9key_cache_6_2_ce0        |  out|    1|   ap_memory|   p_ZZ11kernel_mhsaPfiS_E9key_cache_6_2|         array|
|p_ZZ11kernel_mhsaPfiS_E9key_cache_6_2_q0         |   in|   32|   ap_memory|   p_ZZ11kernel_mhsaPfiS_E9key_cache_6_2|         array|
|p_ZZ11kernel_mhsaPfiS_E9key_cache_7_2_address0   |  out|   16|   ap_memory|   p_ZZ11kernel_mhsaPfiS_E9key_cache_7_2|         array|
|p_ZZ11kernel_mhsaPfiS_E9key_cache_7_2_ce0        |  out|    1|   ap_memory|   p_ZZ11kernel_mhsaPfiS_E9key_cache_7_2|         array|
|p_ZZ11kernel_mhsaPfiS_E9key_cache_7_2_q0         |   in|   32|   ap_memory|   p_ZZ11kernel_mhsaPfiS_E9key_cache_7_2|         array|
|p_ZZ11kernel_mhsaPfiS_E9key_cache_8_2_address0   |  out|   16|   ap_memory|   p_ZZ11kernel_mhsaPfiS_E9key_cache_8_2|         array|
|p_ZZ11kernel_mhsaPfiS_E9key_cache_8_2_ce0        |  out|    1|   ap_memory|   p_ZZ11kernel_mhsaPfiS_E9key_cache_8_2|         array|
|p_ZZ11kernel_mhsaPfiS_E9key_cache_8_2_q0         |   in|   32|   ap_memory|   p_ZZ11kernel_mhsaPfiS_E9key_cache_8_2|         array|
|p_ZZ11kernel_mhsaPfiS_E9key_cache_9_2_address0   |  out|   16|   ap_memory|   p_ZZ11kernel_mhsaPfiS_E9key_cache_9_2|         array|
|p_ZZ11kernel_mhsaPfiS_E9key_cache_9_2_ce0        |  out|    1|   ap_memory|   p_ZZ11kernel_mhsaPfiS_E9key_cache_9_2|         array|
|p_ZZ11kernel_mhsaPfiS_E9key_cache_9_2_q0         |   in|   32|   ap_memory|   p_ZZ11kernel_mhsaPfiS_E9key_cache_9_2|         array|
|p_ZZ11kernel_mhsaPfiS_E9key_cache_10_2_address0  |  out|   16|   ap_memory|  p_ZZ11kernel_mhsaPfiS_E9key_cache_10_2|         array|
|p_ZZ11kernel_mhsaPfiS_E9key_cache_10_2_ce0       |  out|    1|   ap_memory|  p_ZZ11kernel_mhsaPfiS_E9key_cache_10_2|         array|
|p_ZZ11kernel_mhsaPfiS_E9key_cache_10_2_q0        |   in|   32|   ap_memory|  p_ZZ11kernel_mhsaPfiS_E9key_cache_10_2|         array|
|p_ZZ11kernel_mhsaPfiS_E9key_cache_11_2_address0  |  out|   16|   ap_memory|  p_ZZ11kernel_mhsaPfiS_E9key_cache_11_2|         array|
|p_ZZ11kernel_mhsaPfiS_E9key_cache_11_2_ce0       |  out|    1|   ap_memory|  p_ZZ11kernel_mhsaPfiS_E9key_cache_11_2|         array|
|p_ZZ11kernel_mhsaPfiS_E9key_cache_11_2_q0        |   in|   32|   ap_memory|  p_ZZ11kernel_mhsaPfiS_E9key_cache_11_2|         array|
|p_ZZ11kernel_mhsaPfiS_E9key_cache_0_3_address0   |  out|   16|   ap_memory|   p_ZZ11kernel_mhsaPfiS_E9key_cache_0_3|         array|
|p_ZZ11kernel_mhsaPfiS_E9key_cache_0_3_ce0        |  out|    1|   ap_memory|   p_ZZ11kernel_mhsaPfiS_E9key_cache_0_3|         array|
|p_ZZ11kernel_mhsaPfiS_E9key_cache_0_3_q0         |   in|   32|   ap_memory|   p_ZZ11kernel_mhsaPfiS_E9key_cache_0_3|         array|
|p_ZZ11kernel_mhsaPfiS_E9key_cache_1_3_address0   |  out|   16|   ap_memory|   p_ZZ11kernel_mhsaPfiS_E9key_cache_1_3|         array|
|p_ZZ11kernel_mhsaPfiS_E9key_cache_1_3_ce0        |  out|    1|   ap_memory|   p_ZZ11kernel_mhsaPfiS_E9key_cache_1_3|         array|
|p_ZZ11kernel_mhsaPfiS_E9key_cache_1_3_q0         |   in|   32|   ap_memory|   p_ZZ11kernel_mhsaPfiS_E9key_cache_1_3|         array|
|p_ZZ11kernel_mhsaPfiS_E9key_cache_2_3_address0   |  out|   16|   ap_memory|   p_ZZ11kernel_mhsaPfiS_E9key_cache_2_3|         array|
|p_ZZ11kernel_mhsaPfiS_E9key_cache_2_3_ce0        |  out|    1|   ap_memory|   p_ZZ11kernel_mhsaPfiS_E9key_cache_2_3|         array|
|p_ZZ11kernel_mhsaPfiS_E9key_cache_2_3_q0         |   in|   32|   ap_memory|   p_ZZ11kernel_mhsaPfiS_E9key_cache_2_3|         array|
|p_ZZ11kernel_mhsaPfiS_E9key_cache_3_3_address0   |  out|   16|   ap_memory|   p_ZZ11kernel_mhsaPfiS_E9key_cache_3_3|         array|
|p_ZZ11kernel_mhsaPfiS_E9key_cache_3_3_ce0        |  out|    1|   ap_memory|   p_ZZ11kernel_mhsaPfiS_E9key_cache_3_3|         array|
|p_ZZ11kernel_mhsaPfiS_E9key_cache_3_3_q0         |   in|   32|   ap_memory|   p_ZZ11kernel_mhsaPfiS_E9key_cache_3_3|         array|
|p_ZZ11kernel_mhsaPfiS_E9key_cache_4_3_address0   |  out|   16|   ap_memory|   p_ZZ11kernel_mhsaPfiS_E9key_cache_4_3|         array|
|p_ZZ11kernel_mhsaPfiS_E9key_cache_4_3_ce0        |  out|    1|   ap_memory|   p_ZZ11kernel_mhsaPfiS_E9key_cache_4_3|         array|
|p_ZZ11kernel_mhsaPfiS_E9key_cache_4_3_q0         |   in|   32|   ap_memory|   p_ZZ11kernel_mhsaPfiS_E9key_cache_4_3|         array|
|p_ZZ11kernel_mhsaPfiS_E9key_cache_5_3_address0   |  out|   16|   ap_memory|   p_ZZ11kernel_mhsaPfiS_E9key_cache_5_3|         array|
|p_ZZ11kernel_mhsaPfiS_E9key_cache_5_3_ce0        |  out|    1|   ap_memory|   p_ZZ11kernel_mhsaPfiS_E9key_cache_5_3|         array|
|p_ZZ11kernel_mhsaPfiS_E9key_cache_5_3_q0         |   in|   32|   ap_memory|   p_ZZ11kernel_mhsaPfiS_E9key_cache_5_3|         array|
|p_ZZ11kernel_mhsaPfiS_E9key_cache_6_3_address0   |  out|   16|   ap_memory|   p_ZZ11kernel_mhsaPfiS_E9key_cache_6_3|         array|
|p_ZZ11kernel_mhsaPfiS_E9key_cache_6_3_ce0        |  out|    1|   ap_memory|   p_ZZ11kernel_mhsaPfiS_E9key_cache_6_3|         array|
|p_ZZ11kernel_mhsaPfiS_E9key_cache_6_3_q0         |   in|   32|   ap_memory|   p_ZZ11kernel_mhsaPfiS_E9key_cache_6_3|         array|
|p_ZZ11kernel_mhsaPfiS_E9key_cache_7_3_address0   |  out|   16|   ap_memory|   p_ZZ11kernel_mhsaPfiS_E9key_cache_7_3|         array|
|p_ZZ11kernel_mhsaPfiS_E9key_cache_7_3_ce0        |  out|    1|   ap_memory|   p_ZZ11kernel_mhsaPfiS_E9key_cache_7_3|         array|
|p_ZZ11kernel_mhsaPfiS_E9key_cache_7_3_q0         |   in|   32|   ap_memory|   p_ZZ11kernel_mhsaPfiS_E9key_cache_7_3|         array|
|p_ZZ11kernel_mhsaPfiS_E9key_cache_8_3_address0   |  out|   16|   ap_memory|   p_ZZ11kernel_mhsaPfiS_E9key_cache_8_3|         array|
|p_ZZ11kernel_mhsaPfiS_E9key_cache_8_3_ce0        |  out|    1|   ap_memory|   p_ZZ11kernel_mhsaPfiS_E9key_cache_8_3|         array|
|p_ZZ11kernel_mhsaPfiS_E9key_cache_8_3_q0         |   in|   32|   ap_memory|   p_ZZ11kernel_mhsaPfiS_E9key_cache_8_3|         array|
|p_ZZ11kernel_mhsaPfiS_E9key_cache_9_3_address0   |  out|   16|   ap_memory|   p_ZZ11kernel_mhsaPfiS_E9key_cache_9_3|         array|
|p_ZZ11kernel_mhsaPfiS_E9key_cache_9_3_ce0        |  out|    1|   ap_memory|   p_ZZ11kernel_mhsaPfiS_E9key_cache_9_3|         array|
|p_ZZ11kernel_mhsaPfiS_E9key_cache_9_3_q0         |   in|   32|   ap_memory|   p_ZZ11kernel_mhsaPfiS_E9key_cache_9_3|         array|
|p_ZZ11kernel_mhsaPfiS_E9key_cache_10_3_address0  |  out|   16|   ap_memory|  p_ZZ11kernel_mhsaPfiS_E9key_cache_10_3|         array|
|p_ZZ11kernel_mhsaPfiS_E9key_cache_10_3_ce0       |  out|    1|   ap_memory|  p_ZZ11kernel_mhsaPfiS_E9key_cache_10_3|         array|
|p_ZZ11kernel_mhsaPfiS_E9key_cache_10_3_q0        |   in|   32|   ap_memory|  p_ZZ11kernel_mhsaPfiS_E9key_cache_10_3|         array|
|p_ZZ11kernel_mhsaPfiS_E9key_cache_11_3_address0  |  out|   16|   ap_memory|  p_ZZ11kernel_mhsaPfiS_E9key_cache_11_3|         array|
|p_ZZ11kernel_mhsaPfiS_E9key_cache_11_3_ce0       |  out|    1|   ap_memory|  p_ZZ11kernel_mhsaPfiS_E9key_cache_11_3|         array|
|p_ZZ11kernel_mhsaPfiS_E9key_cache_11_3_q0        |   in|   32|   ap_memory|  p_ZZ11kernel_mhsaPfiS_E9key_cache_11_3|         array|
|p_ZZ11kernel_mhsaPfiS_E9key_cache_0_4_address0   |  out|   16|   ap_memory|   p_ZZ11kernel_mhsaPfiS_E9key_cache_0_4|         array|
|p_ZZ11kernel_mhsaPfiS_E9key_cache_0_4_ce0        |  out|    1|   ap_memory|   p_ZZ11kernel_mhsaPfiS_E9key_cache_0_4|         array|
|p_ZZ11kernel_mhsaPfiS_E9key_cache_0_4_q0         |   in|   32|   ap_memory|   p_ZZ11kernel_mhsaPfiS_E9key_cache_0_4|         array|
|p_ZZ11kernel_mhsaPfiS_E9key_cache_1_4_address0   |  out|   16|   ap_memory|   p_ZZ11kernel_mhsaPfiS_E9key_cache_1_4|         array|
|p_ZZ11kernel_mhsaPfiS_E9key_cache_1_4_ce0        |  out|    1|   ap_memory|   p_ZZ11kernel_mhsaPfiS_E9key_cache_1_4|         array|
|p_ZZ11kernel_mhsaPfiS_E9key_cache_1_4_q0         |   in|   32|   ap_memory|   p_ZZ11kernel_mhsaPfiS_E9key_cache_1_4|         array|
|p_ZZ11kernel_mhsaPfiS_E9key_cache_2_4_address0   |  out|   16|   ap_memory|   p_ZZ11kernel_mhsaPfiS_E9key_cache_2_4|         array|
|p_ZZ11kernel_mhsaPfiS_E9key_cache_2_4_ce0        |  out|    1|   ap_memory|   p_ZZ11kernel_mhsaPfiS_E9key_cache_2_4|         array|
|p_ZZ11kernel_mhsaPfiS_E9key_cache_2_4_q0         |   in|   32|   ap_memory|   p_ZZ11kernel_mhsaPfiS_E9key_cache_2_4|         array|
|p_ZZ11kernel_mhsaPfiS_E9key_cache_3_4_address0   |  out|   16|   ap_memory|   p_ZZ11kernel_mhsaPfiS_E9key_cache_3_4|         array|
|p_ZZ11kernel_mhsaPfiS_E9key_cache_3_4_ce0        |  out|    1|   ap_memory|   p_ZZ11kernel_mhsaPfiS_E9key_cache_3_4|         array|
|p_ZZ11kernel_mhsaPfiS_E9key_cache_3_4_q0         |   in|   32|   ap_memory|   p_ZZ11kernel_mhsaPfiS_E9key_cache_3_4|         array|
|p_ZZ11kernel_mhsaPfiS_E9key_cache_4_4_address0   |  out|   16|   ap_memory|   p_ZZ11kernel_mhsaPfiS_E9key_cache_4_4|         array|
|p_ZZ11kernel_mhsaPfiS_E9key_cache_4_4_ce0        |  out|    1|   ap_memory|   p_ZZ11kernel_mhsaPfiS_E9key_cache_4_4|         array|
|p_ZZ11kernel_mhsaPfiS_E9key_cache_4_4_q0         |   in|   32|   ap_memory|   p_ZZ11kernel_mhsaPfiS_E9key_cache_4_4|         array|
|p_ZZ11kernel_mhsaPfiS_E9key_cache_5_4_address0   |  out|   16|   ap_memory|   p_ZZ11kernel_mhsaPfiS_E9key_cache_5_4|         array|
|p_ZZ11kernel_mhsaPfiS_E9key_cache_5_4_ce0        |  out|    1|   ap_memory|   p_ZZ11kernel_mhsaPfiS_E9key_cache_5_4|         array|
|p_ZZ11kernel_mhsaPfiS_E9key_cache_5_4_q0         |   in|   32|   ap_memory|   p_ZZ11kernel_mhsaPfiS_E9key_cache_5_4|         array|
|p_ZZ11kernel_mhsaPfiS_E9key_cache_6_4_address0   |  out|   16|   ap_memory|   p_ZZ11kernel_mhsaPfiS_E9key_cache_6_4|         array|
|p_ZZ11kernel_mhsaPfiS_E9key_cache_6_4_ce0        |  out|    1|   ap_memory|   p_ZZ11kernel_mhsaPfiS_E9key_cache_6_4|         array|
|p_ZZ11kernel_mhsaPfiS_E9key_cache_6_4_q0         |   in|   32|   ap_memory|   p_ZZ11kernel_mhsaPfiS_E9key_cache_6_4|         array|
|p_ZZ11kernel_mhsaPfiS_E9key_cache_7_4_address0   |  out|   16|   ap_memory|   p_ZZ11kernel_mhsaPfiS_E9key_cache_7_4|         array|
|p_ZZ11kernel_mhsaPfiS_E9key_cache_7_4_ce0        |  out|    1|   ap_memory|   p_ZZ11kernel_mhsaPfiS_E9key_cache_7_4|         array|
|p_ZZ11kernel_mhsaPfiS_E9key_cache_7_4_q0         |   in|   32|   ap_memory|   p_ZZ11kernel_mhsaPfiS_E9key_cache_7_4|         array|
|p_ZZ11kernel_mhsaPfiS_E9key_cache_8_4_address0   |  out|   16|   ap_memory|   p_ZZ11kernel_mhsaPfiS_E9key_cache_8_4|         array|
|p_ZZ11kernel_mhsaPfiS_E9key_cache_8_4_ce0        |  out|    1|   ap_memory|   p_ZZ11kernel_mhsaPfiS_E9key_cache_8_4|         array|
|p_ZZ11kernel_mhsaPfiS_E9key_cache_8_4_q0         |   in|   32|   ap_memory|   p_ZZ11kernel_mhsaPfiS_E9key_cache_8_4|         array|
|p_ZZ11kernel_mhsaPfiS_E9key_cache_9_4_address0   |  out|   16|   ap_memory|   p_ZZ11kernel_mhsaPfiS_E9key_cache_9_4|         array|
|p_ZZ11kernel_mhsaPfiS_E9key_cache_9_4_ce0        |  out|    1|   ap_memory|   p_ZZ11kernel_mhsaPfiS_E9key_cache_9_4|         array|
|p_ZZ11kernel_mhsaPfiS_E9key_cache_9_4_q0         |   in|   32|   ap_memory|   p_ZZ11kernel_mhsaPfiS_E9key_cache_9_4|         array|
|p_ZZ11kernel_mhsaPfiS_E9key_cache_10_4_address0  |  out|   16|   ap_memory|  p_ZZ11kernel_mhsaPfiS_E9key_cache_10_4|         array|
|p_ZZ11kernel_mhsaPfiS_E9key_cache_10_4_ce0       |  out|    1|   ap_memory|  p_ZZ11kernel_mhsaPfiS_E9key_cache_10_4|         array|
|p_ZZ11kernel_mhsaPfiS_E9key_cache_10_4_q0        |   in|   32|   ap_memory|  p_ZZ11kernel_mhsaPfiS_E9key_cache_10_4|         array|
|p_ZZ11kernel_mhsaPfiS_E9key_cache_11_4_address0  |  out|   16|   ap_memory|  p_ZZ11kernel_mhsaPfiS_E9key_cache_11_4|         array|
|p_ZZ11kernel_mhsaPfiS_E9key_cache_11_4_ce0       |  out|    1|   ap_memory|  p_ZZ11kernel_mhsaPfiS_E9key_cache_11_4|         array|
|p_ZZ11kernel_mhsaPfiS_E9key_cache_11_4_q0        |   in|   32|   ap_memory|  p_ZZ11kernel_mhsaPfiS_E9key_cache_11_4|         array|
|p_ZZ11kernel_mhsaPfiS_E9key_cache_0_5_address0   |  out|   16|   ap_memory|   p_ZZ11kernel_mhsaPfiS_E9key_cache_0_5|         array|
|p_ZZ11kernel_mhsaPfiS_E9key_cache_0_5_ce0        |  out|    1|   ap_memory|   p_ZZ11kernel_mhsaPfiS_E9key_cache_0_5|         array|
|p_ZZ11kernel_mhsaPfiS_E9key_cache_0_5_q0         |   in|   32|   ap_memory|   p_ZZ11kernel_mhsaPfiS_E9key_cache_0_5|         array|
|p_ZZ11kernel_mhsaPfiS_E9key_cache_1_5_address0   |  out|   16|   ap_memory|   p_ZZ11kernel_mhsaPfiS_E9key_cache_1_5|         array|
|p_ZZ11kernel_mhsaPfiS_E9key_cache_1_5_ce0        |  out|    1|   ap_memory|   p_ZZ11kernel_mhsaPfiS_E9key_cache_1_5|         array|
|p_ZZ11kernel_mhsaPfiS_E9key_cache_1_5_q0         |   in|   32|   ap_memory|   p_ZZ11kernel_mhsaPfiS_E9key_cache_1_5|         array|
|p_ZZ11kernel_mhsaPfiS_E9key_cache_2_5_address0   |  out|   16|   ap_memory|   p_ZZ11kernel_mhsaPfiS_E9key_cache_2_5|         array|
|p_ZZ11kernel_mhsaPfiS_E9key_cache_2_5_ce0        |  out|    1|   ap_memory|   p_ZZ11kernel_mhsaPfiS_E9key_cache_2_5|         array|
|p_ZZ11kernel_mhsaPfiS_E9key_cache_2_5_q0         |   in|   32|   ap_memory|   p_ZZ11kernel_mhsaPfiS_E9key_cache_2_5|         array|
|p_ZZ11kernel_mhsaPfiS_E9key_cache_3_5_address0   |  out|   16|   ap_memory|   p_ZZ11kernel_mhsaPfiS_E9key_cache_3_5|         array|
|p_ZZ11kernel_mhsaPfiS_E9key_cache_3_5_ce0        |  out|    1|   ap_memory|   p_ZZ11kernel_mhsaPfiS_E9key_cache_3_5|         array|
|p_ZZ11kernel_mhsaPfiS_E9key_cache_3_5_q0         |   in|   32|   ap_memory|   p_ZZ11kernel_mhsaPfiS_E9key_cache_3_5|         array|
|p_ZZ11kernel_mhsaPfiS_E9key_cache_4_5_address0   |  out|   16|   ap_memory|   p_ZZ11kernel_mhsaPfiS_E9key_cache_4_5|         array|
|p_ZZ11kernel_mhsaPfiS_E9key_cache_4_5_ce0        |  out|    1|   ap_memory|   p_ZZ11kernel_mhsaPfiS_E9key_cache_4_5|         array|
|p_ZZ11kernel_mhsaPfiS_E9key_cache_4_5_q0         |   in|   32|   ap_memory|   p_ZZ11kernel_mhsaPfiS_E9key_cache_4_5|         array|
|p_ZZ11kernel_mhsaPfiS_E9key_cache_5_5_address0   |  out|   16|   ap_memory|   p_ZZ11kernel_mhsaPfiS_E9key_cache_5_5|         array|
|p_ZZ11kernel_mhsaPfiS_E9key_cache_5_5_ce0        |  out|    1|   ap_memory|   p_ZZ11kernel_mhsaPfiS_E9key_cache_5_5|         array|
|p_ZZ11kernel_mhsaPfiS_E9key_cache_5_5_q0         |   in|   32|   ap_memory|   p_ZZ11kernel_mhsaPfiS_E9key_cache_5_5|         array|
|p_ZZ11kernel_mhsaPfiS_E9key_cache_6_5_address0   |  out|   16|   ap_memory|   p_ZZ11kernel_mhsaPfiS_E9key_cache_6_5|         array|
|p_ZZ11kernel_mhsaPfiS_E9key_cache_6_5_ce0        |  out|    1|   ap_memory|   p_ZZ11kernel_mhsaPfiS_E9key_cache_6_5|         array|
|p_ZZ11kernel_mhsaPfiS_E9key_cache_6_5_q0         |   in|   32|   ap_memory|   p_ZZ11kernel_mhsaPfiS_E9key_cache_6_5|         array|
|p_ZZ11kernel_mhsaPfiS_E9key_cache_7_5_address0   |  out|   16|   ap_memory|   p_ZZ11kernel_mhsaPfiS_E9key_cache_7_5|         array|
|p_ZZ11kernel_mhsaPfiS_E9key_cache_7_5_ce0        |  out|    1|   ap_memory|   p_ZZ11kernel_mhsaPfiS_E9key_cache_7_5|         array|
|p_ZZ11kernel_mhsaPfiS_E9key_cache_7_5_q0         |   in|   32|   ap_memory|   p_ZZ11kernel_mhsaPfiS_E9key_cache_7_5|         array|
|p_ZZ11kernel_mhsaPfiS_E9key_cache_8_5_address0   |  out|   16|   ap_memory|   p_ZZ11kernel_mhsaPfiS_E9key_cache_8_5|         array|
|p_ZZ11kernel_mhsaPfiS_E9key_cache_8_5_ce0        |  out|    1|   ap_memory|   p_ZZ11kernel_mhsaPfiS_E9key_cache_8_5|         array|
|p_ZZ11kernel_mhsaPfiS_E9key_cache_8_5_q0         |   in|   32|   ap_memory|   p_ZZ11kernel_mhsaPfiS_E9key_cache_8_5|         array|
|p_ZZ11kernel_mhsaPfiS_E9key_cache_9_5_address0   |  out|   16|   ap_memory|   p_ZZ11kernel_mhsaPfiS_E9key_cache_9_5|         array|
|p_ZZ11kernel_mhsaPfiS_E9key_cache_9_5_ce0        |  out|    1|   ap_memory|   p_ZZ11kernel_mhsaPfiS_E9key_cache_9_5|         array|
|p_ZZ11kernel_mhsaPfiS_E9key_cache_9_5_q0         |   in|   32|   ap_memory|   p_ZZ11kernel_mhsaPfiS_E9key_cache_9_5|         array|
|p_ZZ11kernel_mhsaPfiS_E9key_cache_10_5_address0  |  out|   16|   ap_memory|  p_ZZ11kernel_mhsaPfiS_E9key_cache_10_5|         array|
|p_ZZ11kernel_mhsaPfiS_E9key_cache_10_5_ce0       |  out|    1|   ap_memory|  p_ZZ11kernel_mhsaPfiS_E9key_cache_10_5|         array|
|p_ZZ11kernel_mhsaPfiS_E9key_cache_10_5_q0        |   in|   32|   ap_memory|  p_ZZ11kernel_mhsaPfiS_E9key_cache_10_5|         array|
|p_ZZ11kernel_mhsaPfiS_E9key_cache_11_5_address0  |  out|   16|   ap_memory|  p_ZZ11kernel_mhsaPfiS_E9key_cache_11_5|         array|
|p_ZZ11kernel_mhsaPfiS_E9key_cache_11_5_ce0       |  out|    1|   ap_memory|  p_ZZ11kernel_mhsaPfiS_E9key_cache_11_5|         array|
|p_ZZ11kernel_mhsaPfiS_E9key_cache_11_5_q0        |   in|   32|   ap_memory|  p_ZZ11kernel_mhsaPfiS_E9key_cache_11_5|         array|
|p_ZZ11kernel_mhsaPfiS_E9key_cache_0_6_address0   |  out|   16|   ap_memory|   p_ZZ11kernel_mhsaPfiS_E9key_cache_0_6|         array|
|p_ZZ11kernel_mhsaPfiS_E9key_cache_0_6_ce0        |  out|    1|   ap_memory|   p_ZZ11kernel_mhsaPfiS_E9key_cache_0_6|         array|
|p_ZZ11kernel_mhsaPfiS_E9key_cache_0_6_q0         |   in|   32|   ap_memory|   p_ZZ11kernel_mhsaPfiS_E9key_cache_0_6|         array|
|p_ZZ11kernel_mhsaPfiS_E9key_cache_1_6_address0   |  out|   16|   ap_memory|   p_ZZ11kernel_mhsaPfiS_E9key_cache_1_6|         array|
|p_ZZ11kernel_mhsaPfiS_E9key_cache_1_6_ce0        |  out|    1|   ap_memory|   p_ZZ11kernel_mhsaPfiS_E9key_cache_1_6|         array|
|p_ZZ11kernel_mhsaPfiS_E9key_cache_1_6_q0         |   in|   32|   ap_memory|   p_ZZ11kernel_mhsaPfiS_E9key_cache_1_6|         array|
|p_ZZ11kernel_mhsaPfiS_E9key_cache_2_6_address0   |  out|   16|   ap_memory|   p_ZZ11kernel_mhsaPfiS_E9key_cache_2_6|         array|
|p_ZZ11kernel_mhsaPfiS_E9key_cache_2_6_ce0        |  out|    1|   ap_memory|   p_ZZ11kernel_mhsaPfiS_E9key_cache_2_6|         array|
|p_ZZ11kernel_mhsaPfiS_E9key_cache_2_6_q0         |   in|   32|   ap_memory|   p_ZZ11kernel_mhsaPfiS_E9key_cache_2_6|         array|
|p_ZZ11kernel_mhsaPfiS_E9key_cache_3_6_address0   |  out|   16|   ap_memory|   p_ZZ11kernel_mhsaPfiS_E9key_cache_3_6|         array|
|p_ZZ11kernel_mhsaPfiS_E9key_cache_3_6_ce0        |  out|    1|   ap_memory|   p_ZZ11kernel_mhsaPfiS_E9key_cache_3_6|         array|
|p_ZZ11kernel_mhsaPfiS_E9key_cache_3_6_q0         |   in|   32|   ap_memory|   p_ZZ11kernel_mhsaPfiS_E9key_cache_3_6|         array|
|p_ZZ11kernel_mhsaPfiS_E9key_cache_4_6_address0   |  out|   16|   ap_memory|   p_ZZ11kernel_mhsaPfiS_E9key_cache_4_6|         array|
|p_ZZ11kernel_mhsaPfiS_E9key_cache_4_6_ce0        |  out|    1|   ap_memory|   p_ZZ11kernel_mhsaPfiS_E9key_cache_4_6|         array|
|p_ZZ11kernel_mhsaPfiS_E9key_cache_4_6_q0         |   in|   32|   ap_memory|   p_ZZ11kernel_mhsaPfiS_E9key_cache_4_6|         array|
|p_ZZ11kernel_mhsaPfiS_E9key_cache_5_6_address0   |  out|   16|   ap_memory|   p_ZZ11kernel_mhsaPfiS_E9key_cache_5_6|         array|
|p_ZZ11kernel_mhsaPfiS_E9key_cache_5_6_ce0        |  out|    1|   ap_memory|   p_ZZ11kernel_mhsaPfiS_E9key_cache_5_6|         array|
|p_ZZ11kernel_mhsaPfiS_E9key_cache_5_6_q0         |   in|   32|   ap_memory|   p_ZZ11kernel_mhsaPfiS_E9key_cache_5_6|         array|
|p_ZZ11kernel_mhsaPfiS_E9key_cache_6_6_address0   |  out|   16|   ap_memory|   p_ZZ11kernel_mhsaPfiS_E9key_cache_6_6|         array|
|p_ZZ11kernel_mhsaPfiS_E9key_cache_6_6_ce0        |  out|    1|   ap_memory|   p_ZZ11kernel_mhsaPfiS_E9key_cache_6_6|         array|
|p_ZZ11kernel_mhsaPfiS_E9key_cache_6_6_q0         |   in|   32|   ap_memory|   p_ZZ11kernel_mhsaPfiS_E9key_cache_6_6|         array|
|p_ZZ11kernel_mhsaPfiS_E9key_cache_7_6_address0   |  out|   16|   ap_memory|   p_ZZ11kernel_mhsaPfiS_E9key_cache_7_6|         array|
|p_ZZ11kernel_mhsaPfiS_E9key_cache_7_6_ce0        |  out|    1|   ap_memory|   p_ZZ11kernel_mhsaPfiS_E9key_cache_7_6|         array|
|p_ZZ11kernel_mhsaPfiS_E9key_cache_7_6_q0         |   in|   32|   ap_memory|   p_ZZ11kernel_mhsaPfiS_E9key_cache_7_6|         array|
|p_ZZ11kernel_mhsaPfiS_E9key_cache_8_6_address0   |  out|   16|   ap_memory|   p_ZZ11kernel_mhsaPfiS_E9key_cache_8_6|         array|
|p_ZZ11kernel_mhsaPfiS_E9key_cache_8_6_ce0        |  out|    1|   ap_memory|   p_ZZ11kernel_mhsaPfiS_E9key_cache_8_6|         array|
|p_ZZ11kernel_mhsaPfiS_E9key_cache_8_6_q0         |   in|   32|   ap_memory|   p_ZZ11kernel_mhsaPfiS_E9key_cache_8_6|         array|
|p_ZZ11kernel_mhsaPfiS_E9key_cache_9_6_address0   |  out|   16|   ap_memory|   p_ZZ11kernel_mhsaPfiS_E9key_cache_9_6|         array|
|p_ZZ11kernel_mhsaPfiS_E9key_cache_9_6_ce0        |  out|    1|   ap_memory|   p_ZZ11kernel_mhsaPfiS_E9key_cache_9_6|         array|
|p_ZZ11kernel_mhsaPfiS_E9key_cache_9_6_q0         |   in|   32|   ap_memory|   p_ZZ11kernel_mhsaPfiS_E9key_cache_9_6|         array|
|p_ZZ11kernel_mhsaPfiS_E9key_cache_10_6_address0  |  out|   16|   ap_memory|  p_ZZ11kernel_mhsaPfiS_E9key_cache_10_6|         array|
|p_ZZ11kernel_mhsaPfiS_E9key_cache_10_6_ce0       |  out|    1|   ap_memory|  p_ZZ11kernel_mhsaPfiS_E9key_cache_10_6|         array|
|p_ZZ11kernel_mhsaPfiS_E9key_cache_10_6_q0        |   in|   32|   ap_memory|  p_ZZ11kernel_mhsaPfiS_E9key_cache_10_6|         array|
|p_ZZ11kernel_mhsaPfiS_E9key_cache_11_6_address0  |  out|   16|   ap_memory|  p_ZZ11kernel_mhsaPfiS_E9key_cache_11_6|         array|
|p_ZZ11kernel_mhsaPfiS_E9key_cache_11_6_ce0       |  out|    1|   ap_memory|  p_ZZ11kernel_mhsaPfiS_E9key_cache_11_6|         array|
|p_ZZ11kernel_mhsaPfiS_E9key_cache_11_6_q0        |   in|   32|   ap_memory|  p_ZZ11kernel_mhsaPfiS_E9key_cache_11_6|         array|
|p_ZZ11kernel_mhsaPfiS_E9key_cache_0_7_address0   |  out|   16|   ap_memory|   p_ZZ11kernel_mhsaPfiS_E9key_cache_0_7|         array|
|p_ZZ11kernel_mhsaPfiS_E9key_cache_0_7_ce0        |  out|    1|   ap_memory|   p_ZZ11kernel_mhsaPfiS_E9key_cache_0_7|         array|
|p_ZZ11kernel_mhsaPfiS_E9key_cache_0_7_q0         |   in|   32|   ap_memory|   p_ZZ11kernel_mhsaPfiS_E9key_cache_0_7|         array|
|p_ZZ11kernel_mhsaPfiS_E9key_cache_1_7_address0   |  out|   16|   ap_memory|   p_ZZ11kernel_mhsaPfiS_E9key_cache_1_7|         array|
|p_ZZ11kernel_mhsaPfiS_E9key_cache_1_7_ce0        |  out|    1|   ap_memory|   p_ZZ11kernel_mhsaPfiS_E9key_cache_1_7|         array|
|p_ZZ11kernel_mhsaPfiS_E9key_cache_1_7_q0         |   in|   32|   ap_memory|   p_ZZ11kernel_mhsaPfiS_E9key_cache_1_7|         array|
|p_ZZ11kernel_mhsaPfiS_E9key_cache_2_7_address0   |  out|   16|   ap_memory|   p_ZZ11kernel_mhsaPfiS_E9key_cache_2_7|         array|
|p_ZZ11kernel_mhsaPfiS_E9key_cache_2_7_ce0        |  out|    1|   ap_memory|   p_ZZ11kernel_mhsaPfiS_E9key_cache_2_7|         array|
|p_ZZ11kernel_mhsaPfiS_E9key_cache_2_7_q0         |   in|   32|   ap_memory|   p_ZZ11kernel_mhsaPfiS_E9key_cache_2_7|         array|
|p_ZZ11kernel_mhsaPfiS_E9key_cache_3_7_address0   |  out|   16|   ap_memory|   p_ZZ11kernel_mhsaPfiS_E9key_cache_3_7|         array|
|p_ZZ11kernel_mhsaPfiS_E9key_cache_3_7_ce0        |  out|    1|   ap_memory|   p_ZZ11kernel_mhsaPfiS_E9key_cache_3_7|         array|
|p_ZZ11kernel_mhsaPfiS_E9key_cache_3_7_q0         |   in|   32|   ap_memory|   p_ZZ11kernel_mhsaPfiS_E9key_cache_3_7|         array|
|p_ZZ11kernel_mhsaPfiS_E9key_cache_4_7_address0   |  out|   16|   ap_memory|   p_ZZ11kernel_mhsaPfiS_E9key_cache_4_7|         array|
|p_ZZ11kernel_mhsaPfiS_E9key_cache_4_7_ce0        |  out|    1|   ap_memory|   p_ZZ11kernel_mhsaPfiS_E9key_cache_4_7|         array|
|p_ZZ11kernel_mhsaPfiS_E9key_cache_4_7_q0         |   in|   32|   ap_memory|   p_ZZ11kernel_mhsaPfiS_E9key_cache_4_7|         array|
|p_ZZ11kernel_mhsaPfiS_E9key_cache_5_7_address0   |  out|   16|   ap_memory|   p_ZZ11kernel_mhsaPfiS_E9key_cache_5_7|         array|
|p_ZZ11kernel_mhsaPfiS_E9key_cache_5_7_ce0        |  out|    1|   ap_memory|   p_ZZ11kernel_mhsaPfiS_E9key_cache_5_7|         array|
|p_ZZ11kernel_mhsaPfiS_E9key_cache_5_7_q0         |   in|   32|   ap_memory|   p_ZZ11kernel_mhsaPfiS_E9key_cache_5_7|         array|
|p_ZZ11kernel_mhsaPfiS_E9key_cache_6_7_address0   |  out|   16|   ap_memory|   p_ZZ11kernel_mhsaPfiS_E9key_cache_6_7|         array|
|p_ZZ11kernel_mhsaPfiS_E9key_cache_6_7_ce0        |  out|    1|   ap_memory|   p_ZZ11kernel_mhsaPfiS_E9key_cache_6_7|         array|
|p_ZZ11kernel_mhsaPfiS_E9key_cache_6_7_q0         |   in|   32|   ap_memory|   p_ZZ11kernel_mhsaPfiS_E9key_cache_6_7|         array|
|p_ZZ11kernel_mhsaPfiS_E9key_cache_7_7_address0   |  out|   16|   ap_memory|   p_ZZ11kernel_mhsaPfiS_E9key_cache_7_7|         array|
|p_ZZ11kernel_mhsaPfiS_E9key_cache_7_7_ce0        |  out|    1|   ap_memory|   p_ZZ11kernel_mhsaPfiS_E9key_cache_7_7|         array|
|p_ZZ11kernel_mhsaPfiS_E9key_cache_7_7_q0         |   in|   32|   ap_memory|   p_ZZ11kernel_mhsaPfiS_E9key_cache_7_7|         array|
|p_ZZ11kernel_mhsaPfiS_E9key_cache_8_7_address0   |  out|   16|   ap_memory|   p_ZZ11kernel_mhsaPfiS_E9key_cache_8_7|         array|
|p_ZZ11kernel_mhsaPfiS_E9key_cache_8_7_ce0        |  out|    1|   ap_memory|   p_ZZ11kernel_mhsaPfiS_E9key_cache_8_7|         array|
|p_ZZ11kernel_mhsaPfiS_E9key_cache_8_7_q0         |   in|   32|   ap_memory|   p_ZZ11kernel_mhsaPfiS_E9key_cache_8_7|         array|
|p_ZZ11kernel_mhsaPfiS_E9key_cache_9_7_address0   |  out|   16|   ap_memory|   p_ZZ11kernel_mhsaPfiS_E9key_cache_9_7|         array|
|p_ZZ11kernel_mhsaPfiS_E9key_cache_9_7_ce0        |  out|    1|   ap_memory|   p_ZZ11kernel_mhsaPfiS_E9key_cache_9_7|         array|
|p_ZZ11kernel_mhsaPfiS_E9key_cache_9_7_q0         |   in|   32|   ap_memory|   p_ZZ11kernel_mhsaPfiS_E9key_cache_9_7|         array|
|p_ZZ11kernel_mhsaPfiS_E9key_cache_10_7_address0  |  out|   16|   ap_memory|  p_ZZ11kernel_mhsaPfiS_E9key_cache_10_7|         array|
|p_ZZ11kernel_mhsaPfiS_E9key_cache_10_7_ce0       |  out|    1|   ap_memory|  p_ZZ11kernel_mhsaPfiS_E9key_cache_10_7|         array|
|p_ZZ11kernel_mhsaPfiS_E9key_cache_10_7_q0        |   in|   32|   ap_memory|  p_ZZ11kernel_mhsaPfiS_E9key_cache_10_7|         array|
|p_ZZ11kernel_mhsaPfiS_E9key_cache_11_7_address0  |  out|   16|   ap_memory|  p_ZZ11kernel_mhsaPfiS_E9key_cache_11_7|         array|
|p_ZZ11kernel_mhsaPfiS_E9key_cache_11_7_ce0       |  out|    1|   ap_memory|  p_ZZ11kernel_mhsaPfiS_E9key_cache_11_7|         array|
|p_ZZ11kernel_mhsaPfiS_E9key_cache_11_7_q0        |   in|   32|   ap_memory|  p_ZZ11kernel_mhsaPfiS_E9key_cache_11_7|         array|
+-------------------------------------------------+-----+-----+------------+----------------------------------------+--------------+

