

================================================================
== Vitis HLS Report for 'Loop_OUTPUT_WRITE_proc'
================================================================
* Date:           Thu Oct  2 21:26:52 2025

* Version:        2025.1 (Build 6135595 on May 21 2025)
* Project:        mhsa_prj
* Solution:       solution1 (Vivado IP Flow Target)
* Product family: versalhbm
* Target device:  xcv80-lsva4737-2MHP-e-S


================================================================
== Performance Estimates
================================================================
+ Timing: 
    * Summary: 
    +--------+---------+----------+------------+
    |  Clock |  Target | Estimated| Uncertainty|
    +--------+---------+----------+------------+
    |ap_clk  |  4.00 ns|  2.920 ns|     1.08 ns|
    +--------+---------+----------+------------+

+ Latency: 
    * Summary: 
    +---------+---------+----------+----------+-----+-----+------------------------------------------------+
    |  Latency (cycles) |  Latency (absolute) |  Interval |                    Pipeline                    |
    |   min   |   max   |    min   |    max   | min | max |                      Type                      |
    +---------+---------+----------+----------+-----+-----+------------------------------------------------+
    |      782|      782|  3.128 us|  3.128 us|  768|  768|  loop auto-rewind stp (delay=0 clock cycles(s))|
    +---------+---------+----------+----------+-----+-----+------------------------------------------------+

    + Detail: 
        * Instance: 
        N/A

        * Loop: 
        +----------------+---------+---------+----------+-----------+-----------+------+----------+
        |                |  Latency (cycles) | Iteration|  Initiation Interval  | Trip |          |
        |    Loop Name   |   min   |   max   |  Latency |  achieved |   target  | Count| Pipelined|
        +----------------+---------+---------+----------+-----------+-----------+------+----------+
        |- OUTPUT_WRITE  |      780|      780|        14|          1|          1|   768|       yes|
        +----------------+---------+---------+----------+-----------+-----------+------+----------+



================================================================
== Utilization Estimates
================================================================
* Summary: 
+---------------------+---------+-------+---------+---------+------+
|         Name        | BRAM_18K|  DSP  |    FF   |   LUT   | URAM |
+---------------------+---------+-------+---------+---------+------+
|DSP                  |        -|      -|        -|        -|     -|
|Expression           |        -|      -|        0|       30|     -|
|FIFO                 |        -|      -|        -|        -|     -|
|Instance             |        -|      -|        0|      160|     -|
|Memory               |        -|      -|        -|        -|     -|
|Multiplexer          |        -|      -|        0|       37|     -|
|Register             |        -|      -|      140|        2|     -|
+---------------------+---------+-------+---------+---------+------+
|Total                |        0|      0|      140|      229|     0|
+---------------------+---------+-------+---------+---------+------+
|Available SLR        |     2494|   3616|  1716138|   858069|   641|
+---------------------+---------+-------+---------+---------+------+
|Utilization SLR (%)  |        0|      0|       ~0|       ~0|     0|
+---------------------+---------+-------+---------+---------+------+
|Available            |     7482|  10848|  5148416|  2574208|  1925|
+---------------------+---------+-------+---------+---------+------+
|Utilization (%)      |        0|      0|       ~0|       ~0|     0|
+---------------------+---------+-------+---------+---------+------+

+ Detail: 
    * Instance: 
    +-----------------------------+-----------------------+---------+----+---+-----+-----+
    |           Instance          |         Module        | BRAM_18K| DSP| FF| LUT | URAM|
    +-----------------------------+-----------------------+---------+----+---+-----+-----+
    |sparsemux_33_4_32_1_1_U1192  |sparsemux_33_4_32_1_1  |        0|   0|  0|  160|    0|
    +-----------------------------+-----------------------+---------+----+---+-----+-----+
    |Total                        |                       |        0|   0|  0|  160|    0|
    +-----------------------------+-----------------------+---------+----+---+-----+-----+

    * DSP: 
    N/A

    * Memory: 
    N/A

    * FIFO: 
    N/A

    * Expression: 
    +-----------------------------------------+----------+----+---+----+------------+------------+
    |              Variable Name              | Operation| DSP| FF| LUT| Bitwidth P0| Bitwidth P1|
    +-----------------------------------------+----------+----+---+----+------------+------------+
    |i_fu_390_p2                              |         +|   0|  0|  10|          10|           1|
    |ap_block_state14_pp0_stage0_iter13_grp1  |       and|   0|  0|   2|           1|           1|
    |ap_block_state2_io_grp1                  |       and|   0|  0|   2|           1|           1|
    |ap_condition_378                         |       and|   0|  0|   2|           1|           1|
    |first_iter_0_fu_384_p2                   |      icmp|   0|  0|   4|          10|           1|
    |icmp_ln166_fu_494_p2                     |      icmp|   0|  0|   4|          10|          10|
    |ap_block_pp0_stage0_01001_grp1           |        or|   0|  0|   2|           1|           1|
    |ap_block_pp0_stage0_11001                |        or|   0|  0|   2|           1|           1|
    |ap_enable_pp0                            |       xor|   0|  0|   2|           1|           2|
    +-----------------------------------------+----------+----+---+----+------------+------------+
    |Total                                    |          |   0|  0|  30|          36|          19|
    +-----------------------------------------+----------+----+---+----+------------+------------+

    * Multiplexer: 
    +-----------------------------------+----+-----------+-----+-----------+
    |                Name               | LUT| Input Size| Bits| Total Bits|
    +-----------------------------------+----+-----------+-----+-----------+
    |ap_done_int                        |   1|          2|    1|          2|
    |ap_loop_exit_ready_pp0_iter13_reg  |   1|          2|    1|          2|
    |ap_sig_allocacmp_i96_load          |  16|          2|   10|         20|
    |gmem0_blk_n_AW                     |   1|          2|    1|          2|
    |gmem0_blk_n_B                      |   1|          2|    1|          2|
    |gmem0_blk_n_W                      |   1|          2|    1|          2|
    |i96_fu_138                         |  16|          2|   10|         20|
    +-----------------------------------+----+-----------+-----+-----------+
    |Total                              |  37|         14|   25|         50|
    +-----------------------------------+----+-----------+-----+-----------+

    * Register: 
    +-----------------------------------+----+----+-----+-----------+
    |                Name               | FF | LUT| Bits| Const Bits|
    +-----------------------------------+----+----+-----+-----------+
    |ap_CS_fsm                          |   1|   0|    1|          0|
    |ap_done_reg                        |   1|   0|    1|          0|
    |ap_enable_reg_pp0_iter1            |   1|   0|    1|          0|
    |ap_enable_reg_pp0_iter10           |   1|   0|    1|          0|
    |ap_enable_reg_pp0_iter11           |   1|   0|    1|          0|
    |ap_enable_reg_pp0_iter12           |   1|   0|    1|          0|
    |ap_enable_reg_pp0_iter13           |   1|   0|    1|          0|
    |ap_enable_reg_pp0_iter2            |   1|   0|    1|          0|
    |ap_enable_reg_pp0_iter3            |   1|   0|    1|          0|
    |ap_enable_reg_pp0_iter4            |   1|   0|    1|          0|
    |ap_enable_reg_pp0_iter5            |   1|   0|    1|          0|
    |ap_enable_reg_pp0_iter6            |   1|   0|    1|          0|
    |ap_enable_reg_pp0_iter7            |   1|   0|    1|          0|
    |ap_enable_reg_pp0_iter8            |   1|   0|    1|          0|
    |ap_enable_reg_pp0_iter9            |   1|   0|    1|          0|
    |ap_loop_exit_ready_pp0_iter10_reg  |   1|   0|    1|          0|
    |ap_loop_exit_ready_pp0_iter11_reg  |   1|   0|    1|          0|
    |ap_loop_exit_ready_pp0_iter12_reg  |   1|   0|    1|          0|
    |ap_loop_exit_ready_pp0_iter13_reg  |   1|   0|    1|          0|
    |ap_loop_exit_ready_pp0_iter1_reg   |   1|   0|    1|          0|
    |ap_loop_exit_ready_pp0_iter2_reg   |   1|   0|    1|          0|
    |ap_loop_exit_ready_pp0_iter3_reg   |   1|   0|    1|          0|
    |ap_loop_exit_ready_pp0_iter4_reg   |   1|   0|    1|          0|
    |ap_loop_exit_ready_pp0_iter5_reg   |   1|   0|    1|          0|
    |ap_loop_exit_ready_pp0_iter6_reg   |   1|   0|    1|          0|
    |ap_loop_exit_ready_pp0_iter7_reg   |   1|   0|    1|          0|
    |ap_loop_exit_ready_pp0_iter8_reg   |   1|   0|    1|          0|
    |ap_loop_exit_ready_pp0_iter9_reg   |   1|   0|    1|          0|
    |first_iter_0_reg_630               |   1|   0|    1|          0|
    |i96_fu_138                         |  10|   0|   10|          0|
    |icmp_ln166_reg_719                 |   1|   0|    1|          0|
    |p_read_1_reg_625                   |  64|   0|   64|          0|
    |tmp_reg_729                        |  32|   0|   32|          0|
    |trunc_ln166_reg_634                |   4|   0|    4|          0|
    |icmp_ln166_reg_719                 |   0|   2|    1|          0|
    +-----------------------------------+----+----+-----+-----------+
    |Total                              | 140|   2|  141|          0|
    +-----------------------------------+----+----+-----+-----------+



================================================================
== Interface
================================================================
* Summary: 
+------------------------+-----+-----+------------+------------------------+--------------+
|        RTL Ports       | Dir | Bits|  Protocol  |      Source Object     |    C Type    |
+------------------------+-----+-----+------------+------------------------+--------------+
|ap_clk                  |   in|    1|  ap_ctrl_hs|  Loop_OUTPUT_WRITE_proc|  return value|
|ap_rst                  |   in|    1|  ap_ctrl_hs|  Loop_OUTPUT_WRITE_proc|  return value|
|ap_start                |   in|    1|  ap_ctrl_hs|  Loop_OUTPUT_WRITE_proc|  return value|
|ap_done                 |  out|    1|  ap_ctrl_hs|  Loop_OUTPUT_WRITE_proc|  return value|
|ap_continue             |   in|    1|  ap_ctrl_hs|  Loop_OUTPUT_WRITE_proc|  return value|
|ap_idle                 |  out|    1|  ap_ctrl_hs|  Loop_OUTPUT_WRITE_proc|  return value|
|ap_ready                |  out|    1|  ap_ctrl_hs|  Loop_OUTPUT_WRITE_proc|  return value|
|m_axi_gmem0_0_AWVALID   |  out|    1|       m_axi|                   gmem0|       pointer|
|m_axi_gmem0_0_AWREADY   |   in|    1|       m_axi|                   gmem0|       pointer|
|m_axi_gmem0_0_AWADDR    |  out|   64|       m_axi|                   gmem0|       pointer|
|m_axi_gmem0_0_AWID      |  out|    1|       m_axi|                   gmem0|       pointer|
|m_axi_gmem0_0_AWLEN     |  out|   32|       m_axi|                   gmem0|       pointer|
|m_axi_gmem0_0_AWSIZE    |  out|    3|       m_axi|                   gmem0|       pointer|
|m_axi_gmem0_0_AWBURST   |  out|    2|       m_axi|                   gmem0|       pointer|
|m_axi_gmem0_0_AWLOCK    |  out|    2|       m_axi|                   gmem0|       pointer|
|m_axi_gmem0_0_AWCACHE   |  out|    4|       m_axi|                   gmem0|       pointer|
|m_axi_gmem0_0_AWPROT    |  out|    3|       m_axi|                   gmem0|       pointer|
|m_axi_gmem0_0_AWQOS     |  out|    4|       m_axi|                   gmem0|       pointer|
|m_axi_gmem0_0_AWREGION  |  out|    4|       m_axi|                   gmem0|       pointer|
|m_axi_gmem0_0_AWUSER    |  out|    1|       m_axi|                   gmem0|       pointer|
|m_axi_gmem0_0_WVALID    |  out|    1|       m_axi|                   gmem0|       pointer|
|m_axi_gmem0_0_WREADY    |   in|    1|       m_axi|                   gmem0|       pointer|
|m_axi_gmem0_0_WDATA     |  out|   32|       m_axi|                   gmem0|       pointer|
|m_axi_gmem0_0_WSTRB     |  out|    4|       m_axi|                   gmem0|       pointer|
|m_axi_gmem0_0_WLAST     |  out|    1|       m_axi|                   gmem0|       pointer|
|m_axi_gmem0_0_WID       |  out|    1|       m_axi|                   gmem0|       pointer|
|m_axi_gmem0_0_WUSER     |  out|    1|       m_axi|                   gmem0|       pointer|
|m_axi_gmem0_0_ARVALID   |  out|    1|       m_axi|                   gmem0|       pointer|
|m_axi_gmem0_0_ARREADY   |   in|    1|       m_axi|                   gmem0|       pointer|
|m_axi_gmem0_0_ARADDR    |  out|   64|       m_axi|                   gmem0|       pointer|
|m_axi_gmem0_0_ARID      |  out|    1|       m_axi|                   gmem0|       pointer|
|m_axi_gmem0_0_ARLEN     |  out|   32|       m_axi|                   gmem0|       pointer|
|m_axi_gmem0_0_ARSIZE    |  out|    3|       m_axi|                   gmem0|       pointer|
|m_axi_gmem0_0_ARBURST   |  out|    2|       m_axi|                   gmem0|       pointer|
|m_axi_gmem0_0_ARLOCK    |  out|    2|       m_axi|                   gmem0|       pointer|
|m_axi_gmem0_0_ARCACHE   |  out|    4|       m_axi|                   gmem0|       pointer|
|m_axi_gmem0_0_ARPROT    |  out|    3|       m_axi|                   gmem0|       pointer|
|m_axi_gmem0_0_ARQOS     |  out|    4|       m_axi|                   gmem0|       pointer|
|m_axi_gmem0_0_ARREGION  |  out|    4|       m_axi|                   gmem0|       pointer|
|m_axi_gmem0_0_ARUSER    |  out|    1|       m_axi|                   gmem0|       pointer|
|m_axi_gmem0_0_RVALID    |   in|    1|       m_axi|                   gmem0|       pointer|
|m_axi_gmem0_0_RREADY    |  out|    1|       m_axi|                   gmem0|       pointer|
|m_axi_gmem0_0_RDATA     |   in|   32|       m_axi|                   gmem0|       pointer|
|m_axi_gmem0_0_RLAST     |   in|    1|       m_axi|                   gmem0|       pointer|
|m_axi_gmem0_0_RID       |   in|    1|       m_axi|                   gmem0|       pointer|
|m_axi_gmem0_0_RFIFONUM  |   in|   13|       m_axi|                   gmem0|       pointer|
|m_axi_gmem0_0_RUSER     |   in|    1|       m_axi|                   gmem0|       pointer|
|m_axi_gmem0_0_RRESP     |   in|    2|       m_axi|                   gmem0|       pointer|
|m_axi_gmem0_0_BVALID    |   in|    1|       m_axi|                   gmem0|       pointer|
|m_axi_gmem0_0_BREADY    |  out|    1|       m_axi|                   gmem0|       pointer|
|m_axi_gmem0_0_BRESP     |   in|    2|       m_axi|                   gmem0|       pointer|
|m_axi_gmem0_0_BID       |   in|    1|       m_axi|                   gmem0|       pointer|
|m_axi_gmem0_0_BUSER     |   in|    1|       m_axi|                   gmem0|       pointer|
|p_read                  |   in|   64|     ap_none|                  p_read|        scalar|
|xb2_0_address0          |  out|    6|   ap_memory|                   xb2_0|         array|
|xb2_0_ce0               |  out|    1|   ap_memory|                   xb2_0|         array|
|xb2_0_q0                |   in|   32|   ap_memory|                   xb2_0|         array|
|xb2_1_address0          |  out|    6|   ap_memory|                   xb2_1|         array|
|xb2_1_ce0               |  out|    1|   ap_memory|                   xb2_1|         array|
|xb2_1_q0                |   in|   32|   ap_memory|                   xb2_1|         array|
|xb2_2_address0          |  out|    6|   ap_memory|                   xb2_2|         array|
|xb2_2_ce0               |  out|    1|   ap_memory|                   xb2_2|         array|
|xb2_2_q0                |   in|   32|   ap_memory|                   xb2_2|         array|
|xb2_3_address0          |  out|    6|   ap_memory|                   xb2_3|         array|
|xb2_3_ce0               |  out|    1|   ap_memory|                   xb2_3|         array|
|xb2_3_q0                |   in|   32|   ap_memory|                   xb2_3|         array|
|xb2_4_address0          |  out|    6|   ap_memory|                   xb2_4|         array|
|xb2_4_ce0               |  out|    1|   ap_memory|                   xb2_4|         array|
|xb2_4_q0                |   in|   32|   ap_memory|                   xb2_4|         array|
|xb2_5_address0          |  out|    6|   ap_memory|                   xb2_5|         array|
|xb2_5_ce0               |  out|    1|   ap_memory|                   xb2_5|         array|
|xb2_5_q0                |   in|   32|   ap_memory|                   xb2_5|         array|
|xb2_6_address0          |  out|    6|   ap_memory|                   xb2_6|         array|
|xb2_6_ce0               |  out|    1|   ap_memory|                   xb2_6|         array|
|xb2_6_q0                |   in|   32|   ap_memory|                   xb2_6|         array|
|xb2_7_address0          |  out|    6|   ap_memory|                   xb2_7|         array|
|xb2_7_ce0               |  out|    1|   ap_memory|                   xb2_7|         array|
|xb2_7_q0                |   in|   32|   ap_memory|                   xb2_7|         array|
|xb2_8_address0          |  out|    6|   ap_memory|                   xb2_8|         array|
|xb2_8_ce0               |  out|    1|   ap_memory|                   xb2_8|         array|
|xb2_8_q0                |   in|   32|   ap_memory|                   xb2_8|         array|
|xb2_9_address0          |  out|    6|   ap_memory|                   xb2_9|         array|
|xb2_9_ce0               |  out|    1|   ap_memory|                   xb2_9|         array|
|xb2_9_q0                |   in|   32|   ap_memory|                   xb2_9|         array|
|xb2_10_address0         |  out|    6|   ap_memory|                  xb2_10|         array|
|xb2_10_ce0              |  out|    1|   ap_memory|                  xb2_10|         array|
|xb2_10_q0               |   in|   32|   ap_memory|                  xb2_10|         array|
|xb2_11_address0         |  out|    6|   ap_memory|                  xb2_11|         array|
|xb2_11_ce0              |  out|    1|   ap_memory|                  xb2_11|         array|
|xb2_11_q0               |   in|   32|   ap_memory|                  xb2_11|         array|
|xb2_12_address0         |  out|    6|   ap_memory|                  xb2_12|         array|
|xb2_12_ce0              |  out|    1|   ap_memory|                  xb2_12|         array|
|xb2_12_q0               |   in|   32|   ap_memory|                  xb2_12|         array|
|xb2_13_address0         |  out|    6|   ap_memory|                  xb2_13|         array|
|xb2_13_ce0              |  out|    1|   ap_memory|                  xb2_13|         array|
|xb2_13_q0               |   in|   32|   ap_memory|                  xb2_13|         array|
|xb2_14_address0         |  out|    6|   ap_memory|                  xb2_14|         array|
|xb2_14_ce0              |  out|    1|   ap_memory|                  xb2_14|         array|
|xb2_14_q0               |   in|   32|   ap_memory|                  xb2_14|         array|
|xb2_15_address0         |  out|    6|   ap_memory|                  xb2_15|         array|
|xb2_15_ce0              |  out|    1|   ap_memory|                  xb2_15|         array|
|xb2_15_q0               |   in|   32|   ap_memory|                  xb2_15|         array|
+------------------------+-----+-----+------------+------------------------+--------------+

