

================================================================
== Vitis HLS Report for 'RoPE_Pipeline_VITIS_LOOP_16_1'
================================================================
* Date:           Thu Oct  2 21:26:30 2025

* Version:        2025.1 (Build 6135595 on May 21 2025)
* Project:        mhsa_prj
* Solution:       solution1 (Vivado IP Flow Target)
* Product family: versalhbm
* Target device:  xcv80-lsva4737-2MHP-e-S


================================================================
== Performance Estimates
================================================================
+ Timing: 
    * Summary: 
    +--------+---------+----------+------------+
    |  Clock |  Target | Estimated| Uncertainty|
    +--------+---------+----------+------------+
    |ap_clk  |  4.00 ns|  2.861 ns|     1.08 ns|
    +--------+---------+----------+------------+

+ Latency: 
    * Summary: 
    +---------+---------+----------+----------+-----+-----+------------------------------------------------+
    |  Latency (cycles) |  Latency (absolute) |  Interval |                    Pipeline                    |
    |   min   |   max   |    min   |    max   | min | max |                      Type                      |
    +---------+---------+----------+----------+-----+-----+------------------------------------------------+
    |      422|      422|  1.688 us|  1.688 us|  384|  384|  loop auto-rewind stp (delay=0 clock cycles(s))|
    +---------+---------+----------+----------+-----+-----+------------------------------------------------+

    + Detail: 
        * Instance: 
        +--------------------------------+---------------------+---------+---------+-----------+-----------+-----+-----+---------+
        |                                |                     |  Latency (cycles) |   Latency (absolute)  |  Interval | Pipeline|
        |            Instance            |        Module       |   min   |   max   |    min    |    max    | min | max |   Type  |
        +--------------------------------+---------------------+---------+---------+-----------+-----------+-----+-----+---------+
        |grp_pow_generic_float_s_fu_749  |pow_generic_float_s  |       11|       11|  44.000 ns|  44.000 ns|    1|    1|      yes|
        +--------------------------------+---------------------+---------+---------+-----------+-----------+-----+-----+---------+

        * Loop: 
        +-------------------+---------+---------+----------+-----------+-----------+------+----------+
        |                   |  Latency (cycles) | Iteration|  Initiation Interval  | Trip |          |
        |     Loop Name     |   min   |   max   |  Latency |  achieved |   target  | Count| Pipelined|
        +-------------------+---------+---------+----------+-----------+-----------+------+----------+
        |- VITIS_LOOP_16_1  |      420|      420|        38|          1|          1|   384|       yes|
        +-------------------+---------+---------+----------+-----------+-----------+------+----------+



================================================================
== Utilization Estimates
================================================================
* Summary: 
+---------------------+---------+-------+---------+---------+------+
|         Name        | BRAM_18K|  DSP  |    FF   |   LUT   | URAM |
+---------------------+---------+-------+---------+---------+------+
|DSP                  |        -|      -|        -|        -|     -|
|Expression           |        -|      -|        0|     1733|     -|
|FIFO                 |        -|      -|        -|        -|     -|
|Instance             |        1|     26|      576|     2763|     -|
|Memory               |        -|      -|      288|      553|     -|
|Multiplexer          |        -|      -|        0|       34|     -|
|Register             |        -|      -|     1593|      160|     -|
+---------------------+---------+-------+---------+---------+------+
|Total                |        1|     26|     2457|     5243|     0|
+---------------------+---------+-------+---------+---------+------+
|Available SLR        |     2494|   3616|  1716138|   858069|   641|
+---------------------+---------+-------+---------+---------+------+
|Utilization SLR (%)  |       ~0|     ~0|       ~0|       ~0|     0|
+---------------------+---------+-------+---------+---------+------+
|Available            |     7482|  10848|  5148416|  2574208|  1925|
+---------------------+---------+-------+---------+---------+------+
|Utilization (%)      |       ~0|     ~0|       ~0|       ~0|     0|
+---------------------+---------+-------+---------+---------+------+

+ Detail: 
    * Instance: 
    +-----------------------------------------------------+------------------------------------------------+---------+----+-----+------+-----+
    |                       Instance                      |                     Module                     | BRAM_18K| DSP|  FF |  LUT | URAM|
    +-----------------------------------------------------+------------------------------------------------+---------+----+-----+------+-----+
    |ctlz_30_30_1_1_U350                                  |ctlz_30_30_1_1                                  |        0|   0|    0|    41|    0|
    |ctlz_32_32_1_1_U356                                  |ctlz_32_32_1_1                                  |        0|   0|    0|    45|    0|
    |ctlz_32_32_1_1_U357                                  |ctlz_32_32_1_1                                  |        0|   0|    0|    43|    0|
    |ctlz_32_32_1_1_U358                                  |ctlz_32_32_1_1                                  |        0|   0|    0|    45|    0|
    |ctlz_32_32_1_1_U359                                  |ctlz_32_32_1_1                                  |        0|   0|    0|    45|    0|
    |fmadd_32ns_32ns_32ns_32ns_32_2_primitive_dsp_1_U346  |fmadd_32ns_32ns_32ns_32ns_32_2_primitive_dsp_1  |        0|   1|    1|     1|    0|
    |fmsub_32ns_32ns_32ns_32ns_32_2_primitive_dsp_1_U347  |fmsub_32ns_32ns_32ns_32ns_32_2_primitive_dsp_1  |        0|   1|    1|     1|    0|
    |fmul_32ns_32ns_32_1_primitive_dsp_1_U340             |fmul_32ns_32ns_32_1_primitive_dsp_1             |        0|   1|    0|     0|    0|
    |fmul_32ns_32ns_32_1_primitive_dsp_1_U341             |fmul_32ns_32ns_32_1_primitive_dsp_1             |        0|   1|    0|     0|    0|
    |fmul_32ns_32ns_32_1_primitive_dsp_1_U342             |fmul_32ns_32ns_32_1_primitive_dsp_1             |        0|   1|    0|     0|    0|
    |fmul_32ns_32ns_32_1_primitive_dsp_1_U343             |fmul_32ns_32ns_32_1_primitive_dsp_1             |        0|   1|    0|     0|    0|
    |fmul_32ns_32ns_32_1_primitive_dsp_1_U344             |fmul_32ns_32ns_32_1_primitive_dsp_1             |        0|   1|    0|     0|    0|
    |mul_15ns_13s_28_1_1_U355                             |mul_15ns_13s_28_1_1                             |        0|   1|    0|     0|    0|
    |mul_15ns_14ns_29_1_1_U353                            |mul_15ns_14ns_29_1_1                            |        0|   1|    0|     0|    0|
    |mul_15ns_15ns_30_1_1_U351                            |mul_15ns_15ns_30_1_1                            |        0|   1|    0|     0|    0|
    |mul_22ns_21s_43_1_1_U354                             |mul_22ns_21s_43_1_1                             |        0|   1|    0|     0|    0|
    |mul_22ns_22ns_44_1_1_U352                            |mul_22ns_22ns_44_1_1                            |        0|   1|    0|     0|    0|
    |mul_29ns_28ns_57_2_1_U348                            |mul_29ns_28ns_57_2_1                            |        0|   4|   46|    38|    0|
    |mul_80s_24ns_80_2_1_U349                             |mul_80s_24ns_80_2_1                             |        0|   4|   46|    60|    0|
    |grp_pow_generic_float_s_fu_749                       |pow_generic_float_s                             |        1|   6|  482|  2111|    0|
    |sitofp_32ns_32_3_no_dsp_1_U345                       |sitofp_32ns_32_3_no_dsp_1                       |        0|   0|    0|     0|    0|
    |sparsemux_17_3_1_1_1_U362                            |sparsemux_17_3_1_1_1                            |        0|   0|    0|     3|    0|
    |sparsemux_17_4_32_1_1_U363                           |sparsemux_17_4_32_1_1                           |        0|   0|    0|   160|    0|
    |sparsemux_17_4_32_1_1_U364                           |sparsemux_17_4_32_1_1                           |        0|   0|    0|   160|    0|
    |sparsemux_33_4_1_1_1_U360                            |sparsemux_33_4_1_1_1                            |        0|   0|    0|     5|    0|
    |sparsemux_33_4_1_1_1_U361                            |sparsemux_33_4_1_1_1                            |        0|   0|    0|     5|    0|
    +-----------------------------------------------------+------------------------------------------------+---------+----+-----+------+-----+
    |Total                                                |                                                |        1|  26|  576|  2763|    0|
    +-----------------------------------------------------+------------------------------------------------+---------+----+-----+------+-----+

    * DSP: 
    N/A

    * Memory: 
    +-----------------------------+--------------------------------------------------------------------------+---------+-----+----+-----+------+-----+------+-------------+
    |            Memory           |                                  Module                                  | BRAM_18K|  FF | LUT| URAM| Words| Bits| Banks| W*Bits*Banks|
    +-----------------------------+--------------------------------------------------------------------------+---------+-----+----+-----+------+-----+------+-------------+
    |ref_4oPi_table_100_U         |RoPE_Pipeline_VITIS_LOOP_16_1_ref_4oPi_table_100_ROM_1P_LUTRAM_1R         |        0|  128|  65|    0|    13|  100|     1|         1300|
    |second_order_float_cos_K0_U  |RoPE_Pipeline_VITIS_LOOP_16_1_second_order_float_cos_K0_ROM_1P_LUTRAM_1R  |        0|   32|  97|    0|   128|   28|     1|         3584|
    |second_order_float_cos_K1_U  |RoPE_Pipeline_VITIS_LOOP_16_1_second_order_float_cos_K1_ROM_1P_LUTRAM_1R  |        0|   32|  97|    0|   128|   22|     1|         2816|
    |second_order_float_cos_K2_U  |RoPE_Pipeline_VITIS_LOOP_16_1_second_order_float_cos_K2_ROM_1P_LUTRAM_1R  |        0|   16|  50|    0|   128|   14|     1|         1792|
    |second_order_float_sin_K0_U  |RoPE_Pipeline_VITIS_LOOP_16_1_second_order_float_sin_K0_ROM_1P_LUTRAM_1R  |        0|   32|  97|    0|   128|   29|     1|         3712|
    |second_order_float_sin_K1_U  |RoPE_Pipeline_VITIS_LOOP_16_1_second_order_float_sin_K1_ROM_1P_LUTRAM_1R  |        0|   32|  97|    0|   128|   21|     1|         2688|
    |second_order_float_sin_K2_U  |RoPE_Pipeline_VITIS_LOOP_16_1_second_order_float_sin_K2_ROM_1P_LUTRAM_1R  |        0|   16|  50|    0|   128|   13|     1|         1664|
    +-----------------------------+--------------------------------------------------------------------------+---------+-----+----+-----+------+-----+------+-------------+
    |Total                        |                                                                          |        0|  288| 553|    0|   781|  227|     7|        17556|
    +-----------------------------+--------------------------------------------------------------------------+---------+-----+----+-----+------+-----+------+-------------+

    * FIFO: 
    N/A

    * Expression: 
    +-----------------------------------+----------+----+---+-----+------------+------------+
    |           Variable Name           | Operation| DSP| FF| LUT | Bitwidth P0| Bitwidth P1|
    +-----------------------------------+----------+----+---+-----+------------+------------+
    |Ex_fu_1088_p2                      |         +|   0|  0|    8|           8|           8|
    |add_ln300_fu_1764_p2               |         +|   0|  0|   19|           9|           7|
    |add_ln376_fu_946_p2                |         +|   0|  0|    8|           8|           7|
    |add_ln75_1_fu_1433_p2              |         +|   0|  0|   55|          27|          27|
    |add_ln75_fu_1428_p2                |         +|   0|  0|   55|          27|          27|
    |add_ln80_1_fu_1455_p2              |         +|   0|  0|   28|          28|          28|
    |add_ln80_fu_1445_p2                |         +|   0|  0|   21|          21|          21|
    |i_fu_871_p2                        |         +|   0|  0|   10|          10|           2|
    |shift_1_fu_1654_p2                 |         +|   0|  0|    6|           6|           5|
    |shift_4_fu_1739_p2                 |         +|   0|  0|    6|           6|           5|
    |Ex_1_fu_1128_p2                    |         -|   0|  0|    8|           8|           8|
    |Mx_bits_1_fu_1066_p2               |         -|   0|  0|   58|           1|          58|
    |cos_result_fu_1479_p2              |         -|   0|  0|   30|          30|          29|
    |newexp_fu_1770_p2                  |         -|   0|  0|   19|           9|           9|
    |sub_ln506_fu_1157_p2               |         -|   0|  0|    8|           1|           8|
    |and_ln179_fu_1029_p2               |       and|   0|  0|    2|           1|           1|
    |cos_results_sign_1_fu_2017_p2      |       and|   0|  0|    2|           1|           1|
    |cos_results_sign_2_fu_2048_p2      |       and|   0|  0|    2|           1|           1|
    |sin_results_sign_1_fu_1976_p2      |       and|   0|  0|    2|           1|           1|
    |closepath_fu_940_p2                |      icmp|   0|  0|    4|           8|           7|
    |icmp_ln16_fu_877_p2                |      icmp|   0|  0|    6|          10|          10|
    |icmp_ln179_1_fu_1024_p2            |      icmp|   0|  0|    9|          23|           1|
    |icmp_ln179_fu_1019_p2              |      icmp|   0|  0|    3|           8|           1|
    |icmp_ln186_fu_1152_p2              |      icmp|   0|  0|    3|           8|           2|
    |icmp_ln292_1_fu_1734_p2            |      icmp|   0|  0|    3|           6|           5|
    |icmp_ln292_fu_1649_p2              |      icmp|   0|  0|    3|           6|           5|
    |icmp_ln306_fu_1601_p2              |      icmp|   0|  0|   11|          28|           1|
    |lshr_ln506_fu_1175_p2              |      lshr|   0|  0|   86|          32|          32|
    |empty_503_fu_2061_p2               |        or|   0|  0|    2|           1|           1|
    |or_ln186_fu_1989_p2                |        or|   0|  0|    2|           1|           1|
    |or_ln306_fu_1784_p2                |        or|   0|  0|    2|           1|           1|
    |Mx_bits_3_fu_1072_p3               |    select|   0|  0|   56|           1|          58|
    |addr_fu_952_p3                     |    select|   0|  0|    8|           1|           6|
    |c_out_2_fu_2189_p3                 |    select|   0|  0|   29|           1|          32|
    |cos_results_exp_1_fu_2065_p3       |    select|   0|  0|    8|           1|           8|
    |cos_results_exp_3_fu_2054_p3       |    select|   0|  0|    7|           1|           7|
    |cos_results_sig_1_fu_2081_p3       |    select|   0|  0|   21|           1|          23|
    |cos_results_sig_3_cast_fu_2073_p3  |    select|   0|  0|    2|           1|           2|
    |empty_502_fu_1813_p3               |    select|   0|  0|   21|           1|          23|
    |k_fu_1055_p3                       |    select|   0|  0|    3|           1|           1|
    |s_out_2_fu_2182_p3                 |    select|   0|  0|   29|           1|          32|
    |select_ln186_2_fu_2002_p3          |    select|   0|  0|    2|           1|           2|
    |select_ln186_fu_1982_p3            |    select|   0|  0|    2|           1|           2|
    |select_ln453_fu_1093_p3            |    select|   0|  0|    8|           1|           8|
    |select_ln506_1_fu_1187_p3          |    select|   0|  0|   29|           1|          32|
    |select_ln506_fu_1162_p3            |    select|   0|  0|    8|           1|           8|
    |shift_2_fu_1670_p3                 |    select|   0|  0|    6|           1|           6|
    |shift_5_fu_1753_p3                 |    select|   0|  0|    6|           1|           6|
    |significand_fu_1711_p3             |    select|   0|  0|   21|           1|          23|
    |sin_results_exp_1_fu_2029_p3       |    select|   0|  0|    8|           1|           1|
    |sin_results_exp_fu_1994_p3         |    select|   0|  0|    8|           1|           8|
    |sin_results_sig_1_fu_2036_p3       |    select|   0|  0|   21|           1|           1|
    |sin_results_sig_fu_2009_p3         |    select|   0|  0|   21|           1|          23|
    |sin_results_sign_2_fu_2023_p3      |    select|   0|  0|    2|           1|           1|
    |shl_ln291_1_fu_1664_p2             |       shl|   0|  0|   86|          32|          32|
    |shl_ln291_2_fu_1725_p2             |       shl|   0|  0|   86|          32|          32|
    |shl_ln291_3_fu_1748_p2             |       shl|   0|  0|   86|          32|          32|
    |shl_ln291_fu_1640_p2               |       shl|   0|  0|   86|          32|          32|
    |shl_ln379_fu_986_p2                |       shl|   0|  0|  320|         100|         100|
    |shl_ln504_fu_1119_p2               |       shl|   0|  0|  163|          58|          58|
    |shl_ln506_fu_1181_p2               |       shl|   0|  0|   86|          32|          32|
    |ap_enable_pp0                      |       xor|   0|  0|    2|           1|           2|
    |newexp_2_fu_1681_p2                |       xor|   0|  0|    7|           7|           2|
    |not_and_ln179_fu_2043_p2           |       xor|   0|  0|    2|           2|           1|
    |xor_ln186_fu_1971_p2               |       xor|   0|  0|    2|           1|           2|
    +-----------------------------------+----------+----+---+-----+------------+------------+
    |Total                              |          |   0|  0| 1733|         687|         958|
    +-----------------------------------+----------+----+---+-----+------------+------------+

    * Multiplexer: 
    +-----------------------------------+----+-----------+-----+-----------+
    |                Name               | LUT| Input Size| Bits| Total Bits|
    +-----------------------------------+----+-----------+-----+-----------+
    |ap_done_int                        |   1|          2|    1|          2|
    |ap_loop_exit_ready_pp0_iter37_reg  |   1|          2|    1|          2|
    |ap_sig_allocacmp_i183_load         |  16|          2|   10|         20|
    |i183_fu_336                        |  16|          2|   10|         20|
    +-----------------------------------+----+-----------+-----+-----------+
    |Total                              |  34|          8|   22|         44|
    +-----------------------------------+----+-----------+-----+-----------+

    * Register: 
    +------------------------------------+----+----+-----+-----------+
    |                Name                | FF | LUT| Bits| Const Bits|
    +------------------------------------+----+----+-----+-----------+
    |A_reg_2563                          |   7|   0|    7|          0|
    |B_reg_2557                          |  22|   0|   22|          0|
    |B_reg_2557_pp0_iter28_reg           |  22|   0|   22|          0|
    |B_trunc_reg_2568                    |  15|   0|   15|          0|
    |Ex_1_reg_2529                       |   8|   0|    8|          0|
    |Med_reg_2492                        |  80|   0|   80|          0|
    |Mx_bits_3_reg_2519                  |  58|   0|   58|          0|
    |add_ln75_1_reg_2639                 |  27|   0|   27|          0|
    |add_ln75_1_reg_2639_pp0_iter31_reg  |  27|   0|   27|          0|
    |add_ln80_1_reg_2644                 |  28|   0|   28|          0|
    |and_ln179_reg_2503                  |   1|   0|    1|          0|
    |ap_CS_fsm                           |   1|   0|    1|          0|
    |ap_done_reg                         |   1|   0|    1|          0|
    |ap_enable_reg_pp0_iter1             |   1|   0|    1|          0|
    |ap_enable_reg_pp0_iter10            |   1|   0|    1|          0|
    |ap_enable_reg_pp0_iter11            |   1|   0|    1|          0|
    |ap_enable_reg_pp0_iter12            |   1|   0|    1|          0|
    |ap_enable_reg_pp0_iter13            |   1|   0|    1|          0|
    |ap_enable_reg_pp0_iter14            |   1|   0|    1|          0|
    |ap_enable_reg_pp0_iter15            |   1|   0|    1|          0|
    |ap_enable_reg_pp0_iter16            |   1|   0|    1|          0|
    |ap_enable_reg_pp0_iter17            |   1|   0|    1|          0|
    |ap_enable_reg_pp0_iter18            |   1|   0|    1|          0|
    |ap_enable_reg_pp0_iter19            |   1|   0|    1|          0|
    |ap_enable_reg_pp0_iter2             |   1|   0|    1|          0|
    |ap_enable_reg_pp0_iter20            |   1|   0|    1|          0|
    |ap_enable_reg_pp0_iter21            |   1|   0|    1|          0|
    |ap_enable_reg_pp0_iter22            |   1|   0|    1|          0|
    |ap_enable_reg_pp0_iter23            |   1|   0|    1|          0|
    |ap_enable_reg_pp0_iter24            |   1|   0|    1|          0|
    |ap_enable_reg_pp0_iter25            |   1|   0|    1|          0|
    |ap_enable_reg_pp0_iter26            |   1|   0|    1|          0|
    |ap_enable_reg_pp0_iter27            |   1|   0|    1|          0|
    |ap_enable_reg_pp0_iter28            |   1|   0|    1|          0|
    |ap_enable_reg_pp0_iter29            |   1|   0|    1|          0|
    |ap_enable_reg_pp0_iter3             |   1|   0|    1|          0|
    |ap_enable_reg_pp0_iter30            |   1|   0|    1|          0|
    |ap_enable_reg_pp0_iter31            |   1|   0|    1|          0|
    |ap_enable_reg_pp0_iter32            |   1|   0|    1|          0|
    |ap_enable_reg_pp0_iter33            |   1|   0|    1|          0|
    |ap_enable_reg_pp0_iter34            |   1|   0|    1|          0|
    |ap_enable_reg_pp0_iter35            |   1|   0|    1|          0|
    |ap_enable_reg_pp0_iter36            |   1|   0|    1|          0|
    |ap_enable_reg_pp0_iter37            |   1|   0|    1|          0|
    |ap_enable_reg_pp0_iter4             |   1|   0|    1|          0|
    |ap_enable_reg_pp0_iter5             |   1|   0|    1|          0|
    |ap_enable_reg_pp0_iter6             |   1|   0|    1|          0|
    |ap_enable_reg_pp0_iter7             |   1|   0|    1|          0|
    |ap_enable_reg_pp0_iter8             |   1|   0|    1|          0|
    |ap_enable_reg_pp0_iter9             |   1|   0|    1|          0|
    |ap_loop_exit_ready_pp0_iter10_reg   |   1|   0|    1|          0|
    |ap_loop_exit_ready_pp0_iter11_reg   |   1|   0|    1|          0|
    |ap_loop_exit_ready_pp0_iter12_reg   |   1|   0|    1|          0|
    |ap_loop_exit_ready_pp0_iter13_reg   |   1|   0|    1|          0|
    |ap_loop_exit_ready_pp0_iter14_reg   |   1|   0|    1|          0|
    |ap_loop_exit_ready_pp0_iter15_reg   |   1|   0|    1|          0|
    |ap_loop_exit_ready_pp0_iter16_reg   |   1|   0|    1|          0|
    |ap_loop_exit_ready_pp0_iter17_reg   |   1|   0|    1|          0|
    |ap_loop_exit_ready_pp0_iter18_reg   |   1|   0|    1|          0|
    |ap_loop_exit_ready_pp0_iter19_reg   |   1|   0|    1|          0|
    |ap_loop_exit_ready_pp0_iter1_reg    |   1|   0|    1|          0|
    |ap_loop_exit_ready_pp0_iter20_reg   |   1|   0|    1|          0|
    |ap_loop_exit_ready_pp0_iter21_reg   |   1|   0|    1|          0|
    |ap_loop_exit_ready_pp0_iter22_reg   |   1|   0|    1|          0|
    |ap_loop_exit_ready_pp0_iter23_reg   |   1|   0|    1|          0|
    |ap_loop_exit_ready_pp0_iter24_reg   |   1|   0|    1|          0|
    |ap_loop_exit_ready_pp0_iter25_reg   |   1|   0|    1|          0|
    |ap_loop_exit_ready_pp0_iter26_reg   |   1|   0|    1|          0|
    |ap_loop_exit_ready_pp0_iter27_reg   |   1|   0|    1|          0|
    |ap_loop_exit_ready_pp0_iter28_reg   |   1|   0|    1|          0|
    |ap_loop_exit_ready_pp0_iter29_reg   |   1|   0|    1|          0|
    |ap_loop_exit_ready_pp0_iter2_reg    |   1|   0|    1|          0|
    |ap_loop_exit_ready_pp0_iter30_reg   |   1|   0|    1|          0|
    |ap_loop_exit_ready_pp0_iter31_reg   |   1|   0|    1|          0|
    |ap_loop_exit_ready_pp0_iter32_reg   |   1|   0|    1|          0|
    |ap_loop_exit_ready_pp0_iter33_reg   |   1|   0|    1|          0|
    |ap_loop_exit_ready_pp0_iter34_reg   |   1|   0|    1|          0|
    |ap_loop_exit_ready_pp0_iter35_reg   |   1|   0|    1|          0|
    |ap_loop_exit_ready_pp0_iter36_reg   |   1|   0|    1|          0|
    |ap_loop_exit_ready_pp0_iter37_reg   |   1|   0|    1|          0|
    |ap_loop_exit_ready_pp0_iter3_reg    |   1|   0|    1|          0|
    |ap_loop_exit_ready_pp0_iter4_reg    |   1|   0|    1|          0|
    |ap_loop_exit_ready_pp0_iter5_reg    |   1|   0|    1|          0|
    |ap_loop_exit_ready_pp0_iter6_reg    |   1|   0|    1|          0|
    |ap_loop_exit_ready_pp0_iter7_reg    |   1|   0|    1|          0|
    |ap_loop_exit_ready_pp0_iter8_reg    |   1|   0|    1|          0|
    |ap_loop_exit_ready_pp0_iter9_reg    |   1|   0|    1|          0|
    |c_2_reg_2691                        |  32|   0|   32|          0|
    |c_3_reg_2669                        |  32|   0|   32|          0|
    |c_4_reg_2680                        |  32|   0|   32|          0|
    |c_out_2_reg_2806                    |  32|   0|   32|          0|
    |closepath_reg_2476                  |   1|   0|    1|          0|
    |cos_result_reg_2659                 |  29|   0|   29|          0|
    |cos_results_exp_1_reg_2743          |   8|   0|    8|          0|
    |cos_results_sig_1_reg_2748          |  23|   0|   23|          0|
    |cos_results_sign_2_reg_2738         |   1|   0|    1|          0|
    |din_exp_reg_2463                    |   8|   0|    8|          0|
    |din_sig_reg_2470                    |  23|   0|   23|          0|
    |din_sig_reg_2470_pp0_iter23_reg     |  23|   0|   23|          0|
    |din_sign_reg_2457                   |   1|   0|    1|          0|
    |grp_fu_758_p0                       |  32|   0|   32|          0|
    |grp_fu_763_p0                       |  32|   0|   32|          0|
    |grp_fu_768_p0                       |  32|   0|   32|          0|
    |grp_fu_768_p1                       |  32|   0|   32|          0|
    |grp_fu_772_p0                       |  32|   0|   32|          0|
    |grp_fu_772_p1                       |  32|   0|   32|          0|
    |grp_fu_776_p0                       |  32|   0|   32|          0|
    |grp_fu_776_p1                       |  32|   0|   32|          0|
    |head_dim_reg_2416                   |   6|   0|    6|          0|
    |i183_fu_336                         |  10|   0|   10|          0|
    |icmp_ln186_reg_2548                 |   1|   0|    1|          0|
    |icmp_ln306_reg_2706                 |   1|   0|    1|          0|
    |k_reg_2513                          |   3|   0|    3|          0|
    |lshr_ln16_2_reg_2411                |   6|   0|    6|          0|
    |lshr_ln_reg_2406                    |   7|   0|    7|          0|
    |mul5_reg_2873                       |  32|   0|   32|          0|
    |mul7_reg_2867                       |  32|   0|   32|          0|
    |mul_reg_2435                        |  32|   0|   32|          0|
    |s_out_2_reg_2799                    |  32|   0|   32|          0|
    |sin_results_exp_1_reg_2728          |   8|   0|    8|          0|
    |sin_results_sig_1_reg_2733          |  23|   0|   23|          0|
    |sin_results_sign_2_reg_2723         |   1|   0|    1|          0|
    |tmp_12_reg_2753                     |   1|   0|    1|          0|
    |tmp_13_reg_2859                     |  32|   0|   32|          0|
    |tmp_19_reg_2536                     |   1|   0|    1|          0|
    |tmp_1_reg_2542                      |  29|   0|   29|          0|
    |tmp_2_reg_2614                      |  21|   0|   21|          0|
    |tmp_3_reg_2583                      |  15|   0|   15|          0|
    |tmp_4_reg_2619                      |  13|   0|   13|          0|
    |tmp_reg_2446                        |  32|   0|   32|          0|
    |tmp_s_reg_2524                      |  29|   0|   29|          0|
    |trunc_ln16_1_reg_2402               |   3|   0|    3|          0|
    |trunc_ln16_reg_2396                 |   4|   0|    4|          0|
    |trunc_ln1_reg_2609                  |  27|   0|   27|          0|
    |trunc_ln276_reg_2664                |  13|   0|   13|          0|
    |trunc_ln281_2_reg_2685              |   6|   0|    6|          0|
    |trunc_ln281_3_reg_2696              |   6|   0|    6|          0|
    |trunc_ln281_reg_2674                |   6|   0|    6|          0|
    |trunc_ln2_reg_2624                  |  20|   0|   20|          0|
    |trunc_ln379_reg_2487                |   4|   0|    4|          0|
    |trunc_ln3_reg_2629                  |  12|   0|   12|          0|
    |trunc_ln4_reg_2634                  |  28|   0|   28|          0|
    |trunc_ln6_reg_2701                  |  27|   0|   27|          0|
    |val_reg_2452                        |  32|   0|   32|          0|
    |y_assign_reg_2441                   |  32|   0|   32|          0|
    |zext_ln16_1_reg_2711                |   6|   0|   64|         58|
    |Ex_1_reg_2529                       |   0|   8|    8|          0|
    |and_ln179_reg_2503                  |   0|   2|    1|          0|
    |c_out_2_reg_2806                    |  64|  30|   32|          0|
    |closepath_reg_2476                  |   0|   2|    1|          0|
    |din_exp_reg_2463                    |   0|   8|    8|          0|
    |din_sign_reg_2457                   |   0|   2|    1|          0|
    |icmp_ln186_reg_2548                 |   0|   2|    1|          0|
    |k_reg_2513                          |   0|   4|    3|          0|
    |lshr_ln16_2_reg_2411                |   0|   8|    6|          0|
    |lshr_ln_reg_2406                    |   0|  24|    7|          0|
    |s_out_2_reg_2799                    |  64|  30|   32|          0|
    |tmp_1_reg_2542                      |   0|  16|   29|          0|
    |trunc_ln16_1_reg_2402               |   0|  12|    3|          0|
    |trunc_ln16_reg_2396                 |   0|  12|    4|          0|
    +------------------------------------+----+----+-----+-----------+
    |Total                               |1593| 160| 1659|         58|
    +------------------------------------+----+----+-----+-----------+



================================================================
== Interface
================================================================
* Summary: 
+----------------+-----+-----+------------+-------------------------------+--------------+
|    RTL Ports   | Dir | Bits|  Protocol  |         Source Object         |    C Type    |
+----------------+-----+-----+------------+-------------------------------+--------------+
|ap_clk          |   in|    1|  ap_ctrl_hs|  RoPE_Pipeline_VITIS_LOOP_16_1|  return value|
|ap_rst          |   in|    1|  ap_ctrl_hs|  RoPE_Pipeline_VITIS_LOOP_16_1|  return value|
|ap_start        |   in|    1|  ap_ctrl_hs|  RoPE_Pipeline_VITIS_LOOP_16_1|  return value|
|ap_done         |  out|    1|  ap_ctrl_hs|  RoPE_Pipeline_VITIS_LOOP_16_1|  return value|
|ap_idle         |  out|    1|  ap_ctrl_hs|  RoPE_Pipeline_VITIS_LOOP_16_1|  return value|
|ap_ready        |  out|    1|  ap_ctrl_hs|  RoPE_Pipeline_VITIS_LOOP_16_1|  return value|
|out_7_address0  |  out|    7|   ap_memory|                          out_7|         array|
|out_7_ce0       |  out|    1|   ap_memory|                          out_7|         array|
|out_7_we0       |  out|    1|   ap_memory|                          out_7|         array|
|out_7_d0        |  out|   32|   ap_memory|                          out_7|         array|
|out_6_address0  |  out|    7|   ap_memory|                          out_6|         array|
|out_6_ce0       |  out|    1|   ap_memory|                          out_6|         array|
|out_6_we0       |  out|    1|   ap_memory|                          out_6|         array|
|out_6_d0        |  out|   32|   ap_memory|                          out_6|         array|
|out_5_address0  |  out|    7|   ap_memory|                          out_5|         array|
|out_5_ce0       |  out|    1|   ap_memory|                          out_5|         array|
|out_5_we0       |  out|    1|   ap_memory|                          out_5|         array|
|out_5_d0        |  out|   32|   ap_memory|                          out_5|         array|
|out_4_address0  |  out|    7|   ap_memory|                          out_4|         array|
|out_4_ce0       |  out|    1|   ap_memory|                          out_4|         array|
|out_4_we0       |  out|    1|   ap_memory|                          out_4|         array|
|out_4_d0        |  out|   32|   ap_memory|                          out_4|         array|
|out_3_address0  |  out|    7|   ap_memory|                          out_3|         array|
|out_3_ce0       |  out|    1|   ap_memory|                          out_3|         array|
|out_3_we0       |  out|    1|   ap_memory|                          out_3|         array|
|out_3_d0        |  out|   32|   ap_memory|                          out_3|         array|
|out_2_address0  |  out|    7|   ap_memory|                          out_2|         array|
|out_2_ce0       |  out|    1|   ap_memory|                          out_2|         array|
|out_2_we0       |  out|    1|   ap_memory|                          out_2|         array|
|out_2_d0        |  out|   32|   ap_memory|                          out_2|         array|
|out_1_address0  |  out|    7|   ap_memory|                          out_1|         array|
|out_1_ce0       |  out|    1|   ap_memory|                          out_1|         array|
|out_1_we0       |  out|    1|   ap_memory|                          out_1|         array|
|out_1_d0        |  out|   32|   ap_memory|                          out_1|         array|
|out_0_address0  |  out|    7|   ap_memory|                          out_0|         array|
|out_0_ce0       |  out|    1|   ap_memory|                          out_0|         array|
|out_0_we0       |  out|    1|   ap_memory|                          out_0|         array|
|out_0_d0        |  out|   32|   ap_memory|                          out_0|         array|
|conv            |   in|   32|     ap_none|                           conv|        scalar|
|in_0_address0   |  out|    6|   ap_memory|                           in_0|         array|
|in_0_ce0        |  out|    1|   ap_memory|                           in_0|         array|
|in_0_q0         |   in|   32|   ap_memory|                           in_0|         array|
|in_2_address0   |  out|    6|   ap_memory|                           in_2|         array|
|in_2_ce0        |  out|    1|   ap_memory|                           in_2|         array|
|in_2_q0         |   in|   32|   ap_memory|                           in_2|         array|
|in_4_address0   |  out|    6|   ap_memory|                           in_4|         array|
|in_4_ce0        |  out|    1|   ap_memory|                           in_4|         array|
|in_4_q0         |   in|   32|   ap_memory|                           in_4|         array|
|in_6_address0   |  out|    6|   ap_memory|                           in_6|         array|
|in_6_ce0        |  out|    1|   ap_memory|                           in_6|         array|
|in_6_q0         |   in|   32|   ap_memory|                           in_6|         array|
|in_8_address0   |  out|    6|   ap_memory|                           in_8|         array|
|in_8_ce0        |  out|    1|   ap_memory|                           in_8|         array|
|in_8_q0         |   in|   32|   ap_memory|                           in_8|         array|
|in_10_address0  |  out|    6|   ap_memory|                          in_10|         array|
|in_10_ce0       |  out|    1|   ap_memory|                          in_10|         array|
|in_10_q0        |   in|   32|   ap_memory|                          in_10|         array|
|in_12_address0  |  out|    6|   ap_memory|                          in_12|         array|
|in_12_ce0       |  out|    1|   ap_memory|                          in_12|         array|
|in_12_q0        |   in|   32|   ap_memory|                          in_12|         array|
|in_14_address0  |  out|    6|   ap_memory|                          in_14|         array|
|in_14_ce0       |  out|    1|   ap_memory|                          in_14|         array|
|in_14_q0        |   in|   32|   ap_memory|                          in_14|         array|
|in_1_address0   |  out|    6|   ap_memory|                           in_1|         array|
|in_1_ce0        |  out|    1|   ap_memory|                           in_1|         array|
|in_1_q0         |   in|   32|   ap_memory|                           in_1|         array|
|in_3_address0   |  out|    6|   ap_memory|                           in_3|         array|
|in_3_ce0        |  out|    1|   ap_memory|                           in_3|         array|
|in_3_q0         |   in|   32|   ap_memory|                           in_3|         array|
|in_5_address0   |  out|    6|   ap_memory|                           in_5|         array|
|in_5_ce0        |  out|    1|   ap_memory|                           in_5|         array|
|in_5_q0         |   in|   32|   ap_memory|                           in_5|         array|
|in_7_address0   |  out|    6|   ap_memory|                           in_7|         array|
|in_7_ce0        |  out|    1|   ap_memory|                           in_7|         array|
|in_7_q0         |   in|   32|   ap_memory|                           in_7|         array|
|in_9_address0   |  out|    6|   ap_memory|                           in_9|         array|
|in_9_ce0        |  out|    1|   ap_memory|                           in_9|         array|
|in_9_q0         |   in|   32|   ap_memory|                           in_9|         array|
|in_11_address0  |  out|    6|   ap_memory|                          in_11|         array|
|in_11_ce0       |  out|    1|   ap_memory|                          in_11|         array|
|in_11_q0        |   in|   32|   ap_memory|                          in_11|         array|
|in_13_address0  |  out|    6|   ap_memory|                          in_13|         array|
|in_13_ce0       |  out|    1|   ap_memory|                          in_13|         array|
|in_13_q0        |   in|   32|   ap_memory|                          in_13|         array|
|in_15_address0  |  out|    6|   ap_memory|                          in_15|         array|
|in_15_ce0       |  out|    1|   ap_memory|                          in_15|         array|
|in_15_q0        |   in|   32|   ap_memory|                          in_15|         array|
+----------------+-----+-----+------------+-------------------------------+--------------+

