

================================================================
== Vitis HLS Report for 'RoPE'
================================================================
* Date:           Tue Sep 30 23:58:57 2025

* Version:        2025.1 (Build 6135595 on May 21 2025)
* Project:        mhsa_prj
* Solution:       solution1 (Vivado IP Flow Target)
* Product family: versalhbm
* Target device:  xcv80-lsva4737-2MHP-e-S


================================================================
== Performance Estimates
================================================================
+ Timing: 
    * Summary: 
    +--------+---------+----------+------------+
    |  Clock |  Target | Estimated| Uncertainty|
    +--------+---------+----------+------------+
    |ap_clk  |  4.00 ns|  2.861 ns|     1.08 ns|
    +--------+---------+----------+------------+

+ Latency: 
    * Summary: 
    +---------+---------+----------+----------+-----+-----+---------+
    |  Latency (cycles) |  Latency (absolute) |  Interval | Pipeline|
    |   min   |   max   |    min   |    max   | min | max |   Type  |
    +---------+---------+----------+----------+-----+-----+---------+
    |      424|      424|  1.696 us|  1.696 us|  424|  424|       no|
    +---------+---------+----------+----------+-----+-----+---------+

    + Detail: 
        * Instance: 
        +--------------------------------+---------------------+---------+---------+-----------+-----------+-----+-----+---------+
        |                                |                     |  Latency (cycles) |   Latency (absolute)  |  Interval | Pipeline|
        |            Instance            |        Module       |   min   |   max   |    min    |    max    | min | max |   Type  |
        +--------------------------------+---------------------+---------+---------+-----------+-----------+-----+-----+---------+
        |grp_pow_generic_float_s_fu_617  |pow_generic_float_s  |       11|       11|  44.000 ns|  44.000 ns|    1|    1|      yes|
        +--------------------------------+---------------------+---------+---------+-----------+-----------+-----+-----+---------+

        * Loop: 
        +-------------------+---------+---------+----------+-----------+-----------+------+----------+
        |                   |  Latency (cycles) | Iteration|  Initiation Interval  | Trip |          |
        |     Loop Name     |   min   |   max   |  Latency |  achieved |   target  | Count| Pipelined|
        +-------------------+---------+---------+----------+-----------+-----------+------+----------+
        |- VITIS_LOOP_16_1  |      420|      420|        38|          1|          1|   384|       yes|
        +-------------------+---------+---------+----------+-----------+-----------+------+----------+



================================================================
== Utilization Estimates
================================================================
* Summary: 
+---------------------+---------+-------+---------+---------+------+
|         Name        | BRAM_18K|  DSP  |    FF   |   LUT   | URAM |
+---------------------+---------+-------+---------+---------+------+
|DSP                  |        -|      -|        -|        -|     -|
|Expression           |        -|      -|        0|     1735|     -|
|FIFO                 |        -|      -|        -|        -|     -|
|Instance             |        1|     26|      576|     2635|     -|
|Memory               |        -|      -|      288|      553|     -|
|Multiplexer          |        -|      -|        0|       53|     -|
|Register             |        -|      -|     1804|      190|     -|
+---------------------+---------+-------+---------+---------+------+
|Total                |        1|     26|     2668|     5166|     0|
+---------------------+---------+-------+---------+---------+------+
|Available SLR        |     2494|   3616|  1716138|   858069|   641|
+---------------------+---------+-------+---------+---------+------+
|Utilization SLR (%)  |       ~0|     ~0|       ~0|       ~0|     0|
+---------------------+---------+-------+---------+---------+------+
|Available            |     7482|  10848|  5148416|  2574208|  1925|
+---------------------+---------+-------+---------+---------+------+
|Utilization (%)      |       ~0|     ~0|       ~0|       ~0|     0|
+---------------------+---------+-------+---------+---------+------+

+ Detail: 
    * Instance: 
    +-----------------------------------------------------+------------------------------------------------+---------+----+-----+------+-----+
    |                       Instance                      |                     Module                     | BRAM_18K| DSP|  FF |  LUT | URAM|
    +-----------------------------------------------------+------------------------------------------------+---------+----+-----+------+-----+
    |ctlz_30_30_1_1_U137                                  |ctlz_30_30_1_1                                  |        0|   0|    0|    41|    0|
    |ctlz_32_32_1_1_U143                                  |ctlz_32_32_1_1                                  |        0|   0|    0|    45|    0|
    |ctlz_32_32_1_1_U144                                  |ctlz_32_32_1_1                                  |        0|   0|    0|    43|    0|
    |ctlz_32_32_1_1_U145                                  |ctlz_32_32_1_1                                  |        0|   0|    0|    45|    0|
    |ctlz_32_32_1_1_U146                                  |ctlz_32_32_1_1                                  |        0|   0|    0|    45|    0|
    |fmadd_32ns_32ns_32ns_32ns_32_2_primitive_dsp_1_U133  |fmadd_32ns_32ns_32ns_32ns_32_2_primitive_dsp_1  |        0|   1|    1|     1|    0|
    |fmsub_32ns_32ns_32ns_32ns_32_2_primitive_dsp_1_U134  |fmsub_32ns_32ns_32ns_32ns_32_2_primitive_dsp_1  |        0|   1|    1|     1|    0|
    |fmul_32ns_32ns_32_1_primitive_dsp_1_U127             |fmul_32ns_32ns_32_1_primitive_dsp_1             |        0|   1|    0|     0|    0|
    |fmul_32ns_32ns_32_1_primitive_dsp_1_U128             |fmul_32ns_32ns_32_1_primitive_dsp_1             |        0|   1|    0|     0|    0|
    |fmul_32ns_32ns_32_1_primitive_dsp_1_U129             |fmul_32ns_32ns_32_1_primitive_dsp_1             |        0|   1|    0|     0|    0|
    |fmul_32ns_32ns_32_1_primitive_dsp_1_U130             |fmul_32ns_32ns_32_1_primitive_dsp_1             |        0|   1|    0|     0|    0|
    |fmul_32ns_32ns_32_1_primitive_dsp_1_U131             |fmul_32ns_32ns_32_1_primitive_dsp_1             |        0|   1|    0|     0|    0|
    |mul_15ns_13s_28_1_1_U142                             |mul_15ns_13s_28_1_1                             |        0|   1|    0|     0|    0|
    |mul_15ns_14ns_29_1_1_U140                            |mul_15ns_14ns_29_1_1                            |        0|   1|    0|     0|    0|
    |mul_15ns_15ns_30_1_1_U138                            |mul_15ns_15ns_30_1_1                            |        0|   1|    0|     0|    0|
    |mul_22ns_21s_43_1_1_U141                             |mul_22ns_21s_43_1_1                             |        0|   1|    0|     0|    0|
    |mul_22ns_22ns_44_1_1_U139                            |mul_22ns_22ns_44_1_1                            |        0|   1|    0|     0|    0|
    |mul_29ns_28ns_57_2_1_U135                            |mul_29ns_28ns_57_2_1                            |        0|   4|   46|    38|    0|
    |mul_80s_24ns_80_2_1_U136                             |mul_80s_24ns_80_2_1                             |        0|   4|   46|    60|    0|
    |grp_pow_generic_float_s_fu_617                       |pow_generic_float_s                             |        1|   6|  482|  2111|    0|
    |sitofp_32ns_32_3_no_dsp_1_U132                       |sitofp_32ns_32_3_no_dsp_1                       |        0|   0|    0|     0|    0|
    |sparsemux_17_3_1_1_1_U149                            |sparsemux_17_3_1_1_1                            |        0|   0|    0|     3|    0|
    |sparsemux_33_4_1_1_1_U147                            |sparsemux_33_4_1_1_1                            |        0|   0|    0|     5|    0|
    |sparsemux_33_4_1_1_1_U148                            |sparsemux_33_4_1_1_1                            |        0|   0|    0|     5|    0|
    |sparsemux_9_3_32_1_1_U150                            |sparsemux_9_3_32_1_1                            |        0|   0|    0|    96|    0|
    |sparsemux_9_3_32_1_1_U151                            |sparsemux_9_3_32_1_1                            |        0|   0|    0|    96|    0|
    +-----------------------------------------------------+------------------------------------------------+---------+----+-----+------+-----+
    |Total                                                |                                                |        1|  26|  576|  2635|    0|
    +-----------------------------------------------------+------------------------------------------------+---------+----+-----+------+-----+

    * DSP: 
    N/A

    * Memory: 
    +-----------------------------+-------------------------------------------------+---------+-----+----+-----+------+-----+------+-------------+
    |            Memory           |                      Module                     | BRAM_18K|  FF | LUT| URAM| Words| Bits| Banks| W*Bits*Banks|
    +-----------------------------+-------------------------------------------------+---------+-----+----+-----+------+-----+------+-------------+
    |ref_4oPi_table_100_U         |RoPE_ref_4oPi_table_100_ROM_1P_LUTRAM_1R         |        0|  128|  65|    0|    13|  100|     1|         1300|
    |second_order_float_cos_K0_U  |RoPE_second_order_float_cos_K0_ROM_1P_LUTRAM_1R  |        0|   32|  97|    0|   128|   28|     1|         3584|
    |second_order_float_cos_K1_U  |RoPE_second_order_float_cos_K1_ROM_1P_LUTRAM_1R  |        0|   32|  97|    0|   128|   22|     1|         2816|
    |second_order_float_cos_K2_U  |RoPE_second_order_float_cos_K2_ROM_1P_LUTRAM_1R  |        0|   16|  50|    0|   128|   14|     1|         1792|
    |second_order_float_sin_K0_U  |RoPE_second_order_float_sin_K0_ROM_1P_LUTRAM_1R  |        0|   32|  97|    0|   128|   29|     1|         3712|
    |second_order_float_sin_K1_U  |RoPE_second_order_float_sin_K1_ROM_1P_LUTRAM_1R  |        0|   32|  97|    0|   128|   21|     1|         2688|
    |second_order_float_sin_K2_U  |RoPE_second_order_float_sin_K2_ROM_1P_LUTRAM_1R  |        0|   16|  50|    0|   128|   13|     1|         1664|
    +-----------------------------+-------------------------------------------------+---------+-----+----+-----+------+-----+------+-------------+
    |Total                        |                                                 |        0|  288| 553|    0|   781|  227|     7|        17556|
    +-----------------------------+-------------------------------------------------+---------+-----+----+-----+------+-----+------+-------------+

    * FIFO: 
    N/A

    * Expression: 
    +-----------------------------------+----------+----+---+-----+------------+------------+
    |           Variable Name           | Operation| DSP| FF| LUT | Bitwidth P0| Bitwidth P1|
    +-----------------------------------+----------+----+---+-----+------------+------------+
    |Ex_fu_923_p2                       |         +|   0|  0|    8|           8|           8|
    |add_ln16_fu_708_p2                 |         +|   0|  0|   10|          10|           2|
    |add_ln300_fu_1634_p2               |         +|   0|  0|   19|           9|           7|
    |add_ln376_fu_781_p2                |         +|   0|  0|    8|           8|           7|
    |add_ln75_1_fu_1268_p2              |         +|   0|  0|   55|          27|          27|
    |add_ln75_fu_1263_p2                |         +|   0|  0|   55|          27|          27|
    |add_ln80_1_fu_1290_p2              |         +|   0|  0|   28|          28|          28|
    |add_ln80_fu_1280_p2                |         +|   0|  0|   21|          21|          21|
    |shift_1_fu_1524_p2                 |         +|   0|  0|    6|           6|           5|
    |shift_4_fu_1609_p2                 |         +|   0|  0|    6|           6|           5|
    |Ex_1_fu_963_p2                     |         -|   0|  0|    8|           8|           8|
    |Mx_bits_1_fu_901_p2                |         -|   0|  0|   58|           1|          58|
    |cos_result_fu_1334_p2              |         -|   0|  0|   30|          30|          29|
    |newexp_fu_1640_p2                  |         -|   0|  0|   19|           9|           9|
    |sub_ln506_fu_992_p2                |         -|   0|  0|    8|           1|           8|
    |and_ln179_fu_864_p2                |       and|   0|  0|    2|           1|           1|
    |cos_results_sign_1_fu_1887_p2      |       and|   0|  0|    2|           1|           1|
    |cos_results_sign_2_fu_1918_p2      |       and|   0|  0|    2|           1|           1|
    |sin_results_sign_1_fu_1846_p2      |       and|   0|  0|    2|           1|           1|
    |closepath_fu_775_p2                |      icmp|   0|  0|    4|           8|           7|
    |icmp_ln16_fu_702_p2                |      icmp|   0|  0|    6|          10|          10|
    |icmp_ln179_1_fu_859_p2             |      icmp|   0|  0|    9|          23|           1|
    |icmp_ln179_fu_854_p2               |      icmp|   0|  0|    3|           8|           1|
    |icmp_ln186_fu_987_p2               |      icmp|   0|  0|    3|           8|           2|
    |icmp_ln292_1_fu_1604_p2            |      icmp|   0|  0|    3|           6|           5|
    |icmp_ln292_fu_1519_p2              |      icmp|   0|  0|    3|           6|           5|
    |icmp_ln306_fu_1456_p2              |      icmp|   0|  0|   11|          28|           1|
    |lshr_ln506_fu_1010_p2              |      lshr|   0|  0|   86|          32|          32|
    |empty_492_fu_1931_p2               |        or|   0|  0|    2|           1|           1|
    |or_ln186_fu_1859_p2                |        or|   0|  0|    2|           1|           1|
    |or_ln306_fu_1654_p2                |        or|   0|  0|    2|           1|           1|
    |Mx_bits_3_fu_907_p3                |    select|   0|  0|   56|           1|          58|
    |addr_fu_787_p3                     |    select|   0|  0|    8|           1|           6|
    |c_out_2_fu_2050_p3                 |    select|   0|  0|   29|           1|          32|
    |cos_results_exp_1_fu_1924_p3       |    select|   0|  0|    7|           1|           7|
    |cos_results_exp_2_fu_1935_p3       |    select|   0|  0|    8|           1|           8|
    |cos_results_sig_1_cast_fu_1943_p3  |    select|   0|  0|    2|           1|           2|
    |cos_results_sig_1_fu_1951_p3       |    select|   0|  0|   21|           1|          23|
    |empty_491_fu_1683_p3               |    select|   0|  0|   21|           1|          23|
    |k_fu_890_p3                        |    select|   0|  0|    3|           1|           1|
    |s_out_2_fu_2043_p3                 |    select|   0|  0|   29|           1|          32|
    |select_ln186_2_fu_1872_p3          |    select|   0|  0|    2|           1|           2|
    |select_ln186_fu_1852_p3            |    select|   0|  0|    2|           1|           2|
    |select_ln453_fu_928_p3             |    select|   0|  0|    8|           1|           8|
    |select_ln506_1_fu_1022_p3          |    select|   0|  0|   29|           1|          32|
    |select_ln506_fu_997_p3             |    select|   0|  0|    8|           1|           8|
    |shift_2_fu_1540_p3                 |    select|   0|  0|    6|           1|           6|
    |shift_5_fu_1623_p3                 |    select|   0|  0|    6|           1|           6|
    |significand_fu_1581_p3             |    select|   0|  0|   21|           1|          23|
    |sin_results_exp_1_fu_1899_p3       |    select|   0|  0|    8|           1|           1|
    |sin_results_exp_fu_1864_p3         |    select|   0|  0|    8|           1|           8|
    |sin_results_sig_1_fu_1906_p3       |    select|   0|  0|   21|           1|           1|
    |sin_results_sig_fu_1879_p3         |    select|   0|  0|   21|           1|          23|
    |sin_results_sign_2_fu_1893_p3      |    select|   0|  0|    2|           1|           1|
    |shl_ln291_1_fu_1534_p2             |       shl|   0|  0|   86|          32|          32|
    |shl_ln291_2_fu_1595_p2             |       shl|   0|  0|   86|          32|          32|
    |shl_ln291_3_fu_1618_p2             |       shl|   0|  0|   86|          32|          32|
    |shl_ln291_fu_1510_p2               |       shl|   0|  0|   86|          32|          32|
    |shl_ln379_fu_821_p2                |       shl|   0|  0|  320|         100|         100|
    |shl_ln504_fu_954_p2                |       shl|   0|  0|  163|          58|          58|
    |shl_ln506_fu_1016_p2               |       shl|   0|  0|   86|          32|          32|
    |ap_enable_pp0                      |       xor|   0|  0|    2|           1|           2|
    |ap_enable_reg_pp0_iter1            |       xor|   0|  0|    2|           2|           1|
    |newexp_2_fu_1551_p2                |       xor|   0|  0|    7|           7|           2|
    |not_and_ln179_fu_1913_p2           |       xor|   0|  0|    2|           2|           1|
    |xor_ln186_fu_1841_p2               |       xor|   0|  0|    2|           1|           2|
    +-----------------------------------+----------+----+---+-----+------------+------------+
    |Total                              |          |   0|  0| 1735|         689|         959|
    +-----------------------------------+----------+----+---+-----+------------+------------+

    * Multiplexer: 
    +--------------------------+----+-----------+-----+-----------+
    |           Name           | LUT| Input Size| Bits| Total Bits|
    +--------------------------+----+-----------+-----+-----------+
    |ap_NS_fsm                 |   3|          6|    1|          6|
    |ap_enable_reg_pp0_iter1   |   1|          2|    1|          2|
    |ap_enable_reg_pp0_iter37  |   1|          2|    1|          2|
    |grp_fu_648_p0             |  32|          3|   32|         96|
    |i_fu_316                  |  16|          2|   10|         20|
    +--------------------------+----+-----------+-----+-----------+
    |Total                     |  53|         15|   45|        126|
    +--------------------------+----+-----------+-----+-----------+

    * Register: 
    +------------------------------------+----+----+-----+-----------+
    |                Name                | FF | LUT| Bits| Const Bits|
    +------------------------------------+----+----+-----+-----------+
    |A_reg_2319                          |   7|   0|    7|          0|
    |B_reg_2313                          |  22|   0|   22|          0|
    |B_reg_2313_pp0_iter28_reg           |  22|   0|   22|          0|
    |B_trunc_reg_2324                    |  15|   0|   15|          0|
    |Ex_1_reg_2285                       |   8|   0|    8|          0|
    |Med_reg_2248                        |  80|   0|   80|          0|
    |Mx_bits_3_reg_2275                  |  58|   0|   58|          0|
    |add_ln75_1_reg_2395                 |  27|   0|   27|          0|
    |add_ln75_1_reg_2395_pp0_iter31_reg  |  27|   0|   27|          0|
    |add_ln80_1_reg_2400                 |  28|   0|   28|          0|
    |and_ln179_reg_2259                  |   1|   0|    1|          0|
    |ap_CS_fsm                           |   5|   0|    5|          0|
    |ap_enable_reg_pp0_iter0             |   1|   0|    1|          0|
    |ap_enable_reg_pp0_iter1             |   1|   0|    1|          0|
    |ap_enable_reg_pp0_iter10            |   1|   0|    1|          0|
    |ap_enable_reg_pp0_iter11            |   1|   0|    1|          0|
    |ap_enable_reg_pp0_iter12            |   1|   0|    1|          0|
    |ap_enable_reg_pp0_iter13            |   1|   0|    1|          0|
    |ap_enable_reg_pp0_iter14            |   1|   0|    1|          0|
    |ap_enable_reg_pp0_iter15            |   1|   0|    1|          0|
    |ap_enable_reg_pp0_iter16            |   1|   0|    1|          0|
    |ap_enable_reg_pp0_iter17            |   1|   0|    1|          0|
    |ap_enable_reg_pp0_iter18            |   1|   0|    1|          0|
    |ap_enable_reg_pp0_iter19            |   1|   0|    1|          0|
    |ap_enable_reg_pp0_iter2             |   1|   0|    1|          0|
    |ap_enable_reg_pp0_iter20            |   1|   0|    1|          0|
    |ap_enable_reg_pp0_iter21            |   1|   0|    1|          0|
    |ap_enable_reg_pp0_iter22            |   1|   0|    1|          0|
    |ap_enable_reg_pp0_iter23            |   1|   0|    1|          0|
    |ap_enable_reg_pp0_iter24            |   1|   0|    1|          0|
    |ap_enable_reg_pp0_iter25            |   1|   0|    1|          0|
    |ap_enable_reg_pp0_iter26            |   1|   0|    1|          0|
    |ap_enable_reg_pp0_iter27            |   1|   0|    1|          0|
    |ap_enable_reg_pp0_iter28            |   1|   0|    1|          0|
    |ap_enable_reg_pp0_iter29            |   1|   0|    1|          0|
    |ap_enable_reg_pp0_iter3             |   1|   0|    1|          0|
    |ap_enable_reg_pp0_iter30            |   1|   0|    1|          0|
    |ap_enable_reg_pp0_iter31            |   1|   0|    1|          0|
    |ap_enable_reg_pp0_iter32            |   1|   0|    1|          0|
    |ap_enable_reg_pp0_iter33            |   1|   0|    1|          0|
    |ap_enable_reg_pp0_iter34            |   1|   0|    1|          0|
    |ap_enable_reg_pp0_iter35            |   1|   0|    1|          0|
    |ap_enable_reg_pp0_iter36            |   1|   0|    1|          0|
    |ap_enable_reg_pp0_iter37            |   1|   0|    1|          0|
    |ap_enable_reg_pp0_iter4             |   1|   0|    1|          0|
    |ap_enable_reg_pp0_iter5             |   1|   0|    1|          0|
    |ap_enable_reg_pp0_iter6             |   1|   0|    1|          0|
    |ap_enable_reg_pp0_iter7             |   1|   0|    1|          0|
    |ap_enable_reg_pp0_iter8             |   1|   0|    1|          0|
    |ap_enable_reg_pp0_iter9             |   1|   0|    1|          0|
    |c_2_reg_2469                        |  32|   0|   32|          0|
    |c_3_reg_2447                        |  32|   0|   32|          0|
    |c_4_reg_2458                        |  32|   0|   32|          0|
    |c_out_2_reg_2560                    |  32|   0|   32|          0|
    |closepath_reg_2232                  |   1|   0|    1|          0|
    |conv_reg_2164                       |  32|   0|   32|          0|
    |cos_result_reg_2437                 |  29|   0|   29|          0|
    |cos_results_exp_2_reg_2529          |   8|   0|    8|          0|
    |cos_results_sig_1_reg_2534          |  23|   0|   23|          0|
    |cos_results_sign_2_reg_2524         |   1|   0|    1|          0|
    |din_exp_reg_2219                    |   8|   0|    8|          0|
    |din_sig_reg_2226                    |  23|   0|   23|          0|
    |din_sig_reg_2226_pp0_iter23_reg     |  23|   0|   23|          0|
    |din_sign_reg_2213                   |   1|   0|    1|          0|
    |grp_fu_626_p0                       |  32|   0|   32|          0|
    |grp_fu_631_p0                       |  32|   0|   32|          0|
    |grp_fu_636_p0                       |  32|   0|   32|          0|
    |grp_fu_636_p1                       |  32|   0|   32|          0|
    |grp_fu_640_p0                       |  32|   0|   32|          0|
    |grp_fu_640_p1                       |  32|   0|   32|          0|
    |grp_fu_644_p0                       |  32|   0|   32|          0|
    |grp_fu_644_p1                       |  32|   0|   32|          0|
    |i_10_reg_2170                       |  10|   0|   10|          0|
    |i_fu_316                            |  10|   0|   10|          0|
    |icmp_ln16_reg_2177                  |   1|   0|    1|          0|
    |icmp_ln186_reg_2304                 |   1|   0|    1|          0|
    |icmp_ln306_reg_2484                 |   1|   0|    1|          0|
    |k_reg_2269                          |   3|   0|    3|          0|
    |mul5_reg_2649                       |  32|   0|   32|          0|
    |mul7_reg_2643                       |  32|   0|   32|          0|
    |mul_reg_2191                        |  32|   0|   32|          0|
    |out_0_addr_reg_2587                 |   7|   0|    7|          0|
    |out_1_addr_reg_2611                 |   7|   0|    7|          0|
    |out_2_addr_reg_2593                 |   7|   0|    7|          0|
    |out_3_addr_reg_2617                 |   7|   0|    7|          0|
    |out_4_addr_reg_2599                 |   7|   0|    7|          0|
    |out_5_addr_reg_2623                 |   7|   0|    7|          0|
    |out_6_addr_reg_2605                 |   7|   0|    7|          0|
    |out_7_addr_reg_2629                 |   7|   0|    7|          0|
    |s_out_2_reg_2553                    |  32|   0|   32|          0|
    |sin_results_exp_1_reg_2514          |   8|   0|    8|          0|
    |sin_results_sig_1_reg_2519          |  23|   0|   23|          0|
    |sin_results_sign_2_reg_2509         |   1|   0|    1|          0|
    |tmp_12_reg_2292                     |   1|   0|    1|          0|
    |tmp_18_reg_2539                     |   1|   0|    1|          0|
    |tmp_19_reg_2635                     |  32|   0|   32|          0|
    |tmp_20_reg_2545                     |  32|   0|   32|          0|
    |tmp_5_reg_2298                      |  29|   0|   29|          0|
    |tmp_6_reg_2370                      |  21|   0|   21|          0|
    |tmp_7_reg_2339                      |  15|   0|   15|          0|
    |tmp_8_reg_2375                      |  13|   0|   13|          0|
    |tmp_reg_2202                        |  32|   0|   32|          0|
    |tmp_s_reg_2280                      |  29|   0|   29|          0|
    |trunc_ln16_reg_2415                 |   3|   0|    3|          0|
    |trunc_ln1_reg_2365                  |  27|   0|   27|          0|
    |trunc_ln276_reg_2442                |  13|   0|   13|          0|
    |trunc_ln281_2_reg_2463              |   6|   0|    6|          0|
    |trunc_ln281_3_reg_2474              |   6|   0|    6|          0|
    |trunc_ln281_reg_2452                |   6|   0|    6|          0|
    |trunc_ln2_reg_2380                  |  20|   0|   20|          0|
    |trunc_ln379_reg_2243                |   4|   0|    4|          0|
    |trunc_ln3_reg_2385                  |  12|   0|   12|          0|
    |trunc_ln4_reg_2390                  |  28|   0|   28|          0|
    |trunc_ln6_reg_2479                  |  27|   0|   27|          0|
    |val_reg_2208                        |  32|   0|   32|          0|
    |y_assign_reg_2197                   |  32|   0|   32|          0|
    |zext_ln16_reg_2421                  |   7|   0|   64|         57|
    |zext_ln16_reg_2421_pp0_iter33_reg   |   7|   0|   64|         57|
    |Ex_1_reg_2285                       |   0|   8|    8|          0|
    |and_ln179_reg_2259                  |   0|   2|    1|          0|
    |c_out_2_reg_2560                    |  64|  30|   32|          0|
    |closepath_reg_2232                  |   0|   2|    1|          0|
    |din_exp_reg_2219                    |   0|   8|    8|          0|
    |din_sign_reg_2213                   |   0|   2|    1|          0|
    |i_10_reg_2170                       |   0|  16|   10|          0|
    |icmp_ln16_reg_2177                  |   0|   2|    1|          0|
    |icmp_ln186_reg_2304                 |   0|   2|    1|          0|
    |k_reg_2269                          |   0|   4|    3|          0|
    |out_0_addr_reg_2587                 |  16|   8|    7|          0|
    |out_1_addr_reg_2611                 |  16|   8|    7|          0|
    |out_2_addr_reg_2593                 |  16|   8|    7|          0|
    |out_3_addr_reg_2617                 |  16|   8|    7|          0|
    |out_4_addr_reg_2599                 |  16|   8|    7|          0|
    |out_5_addr_reg_2623                 |  16|   8|    7|          0|
    |out_6_addr_reg_2605                 |  16|   8|    7|          0|
    |out_7_addr_reg_2629                 |  16|   8|    7|          0|
    |s_out_2_reg_2553                    |  64|  30|   32|          0|
    |tmp_5_reg_2298                      |   0|  16|   29|          0|
    |trunc_ln16_reg_2415                 |   0|   4|    3|          0|
    +------------------------------------+----+----+-----+-----------+
    |Total                               |1804| 190| 1848|        114|
    +------------------------------------+----+----+-----+-----------+



================================================================
== Interface
================================================================
* Summary: 
+----------------+-----+-----+------------+--------------+--------------+
|    RTL Ports   | Dir | Bits|  Protocol  | Source Object|    C Type    |
+----------------+-----+-----+------------+--------------+--------------+
|ap_clk          |   in|    1|  ap_ctrl_hs|          RoPE|  return value|
|ap_rst          |   in|    1|  ap_ctrl_hs|          RoPE|  return value|
|ap_start        |   in|    1|  ap_ctrl_hs|          RoPE|  return value|
|ap_done         |  out|    1|  ap_ctrl_hs|          RoPE|  return value|
|ap_idle         |  out|    1|  ap_ctrl_hs|          RoPE|  return value|
|ap_ready        |  out|    1|  ap_ctrl_hs|          RoPE|  return value|
|out_0_address0  |  out|    7|   ap_memory|         out_0|         array|
|out_0_ce0       |  out|    1|   ap_memory|         out_0|         array|
|out_0_we0       |  out|    1|   ap_memory|         out_0|         array|
|out_0_d0        |  out|   32|   ap_memory|         out_0|         array|
|out_1_address0  |  out|    7|   ap_memory|         out_1|         array|
|out_1_ce0       |  out|    1|   ap_memory|         out_1|         array|
|out_1_we0       |  out|    1|   ap_memory|         out_1|         array|
|out_1_d0        |  out|   32|   ap_memory|         out_1|         array|
|out_2_address0  |  out|    7|   ap_memory|         out_2|         array|
|out_2_ce0       |  out|    1|   ap_memory|         out_2|         array|
|out_2_we0       |  out|    1|   ap_memory|         out_2|         array|
|out_2_d0        |  out|   32|   ap_memory|         out_2|         array|
|out_3_address0  |  out|    7|   ap_memory|         out_3|         array|
|out_3_ce0       |  out|    1|   ap_memory|         out_3|         array|
|out_3_we0       |  out|    1|   ap_memory|         out_3|         array|
|out_3_d0        |  out|   32|   ap_memory|         out_3|         array|
|out_4_address0  |  out|    7|   ap_memory|         out_4|         array|
|out_4_ce0       |  out|    1|   ap_memory|         out_4|         array|
|out_4_we0       |  out|    1|   ap_memory|         out_4|         array|
|out_4_d0        |  out|   32|   ap_memory|         out_4|         array|
|out_5_address0  |  out|    7|   ap_memory|         out_5|         array|
|out_5_ce0       |  out|    1|   ap_memory|         out_5|         array|
|out_5_we0       |  out|    1|   ap_memory|         out_5|         array|
|out_5_d0        |  out|   32|   ap_memory|         out_5|         array|
|out_6_address0  |  out|    7|   ap_memory|         out_6|         array|
|out_6_ce0       |  out|    1|   ap_memory|         out_6|         array|
|out_6_we0       |  out|    1|   ap_memory|         out_6|         array|
|out_6_d0        |  out|   32|   ap_memory|         out_6|         array|
|out_7_address0  |  out|    7|   ap_memory|         out_7|         array|
|out_7_ce0       |  out|    1|   ap_memory|         out_7|         array|
|out_7_we0       |  out|    1|   ap_memory|         out_7|         array|
|out_7_d0        |  out|   32|   ap_memory|         out_7|         array|
|in_0_address0   |  out|    7|   ap_memory|          in_0|         array|
|in_0_ce0        |  out|    1|   ap_memory|          in_0|         array|
|in_0_q0         |   in|   32|   ap_memory|          in_0|         array|
|in_1_address0   |  out|    7|   ap_memory|          in_1|         array|
|in_1_ce0        |  out|    1|   ap_memory|          in_1|         array|
|in_1_q0         |   in|   32|   ap_memory|          in_1|         array|
|in_2_address0   |  out|    7|   ap_memory|          in_2|         array|
|in_2_ce0        |  out|    1|   ap_memory|          in_2|         array|
|in_2_q0         |   in|   32|   ap_memory|          in_2|         array|
|in_3_address0   |  out|    7|   ap_memory|          in_3|         array|
|in_3_ce0        |  out|    1|   ap_memory|          in_3|         array|
|in_3_q0         |   in|   32|   ap_memory|          in_3|         array|
|in_4_address0   |  out|    7|   ap_memory|          in_4|         array|
|in_4_ce0        |  out|    1|   ap_memory|          in_4|         array|
|in_4_q0         |   in|   32|   ap_memory|          in_4|         array|
|in_5_address0   |  out|    7|   ap_memory|          in_5|         array|
|in_5_ce0        |  out|    1|   ap_memory|          in_5|         array|
|in_5_q0         |   in|   32|   ap_memory|          in_5|         array|
|in_6_address0   |  out|    7|   ap_memory|          in_6|         array|
|in_6_ce0        |  out|    1|   ap_memory|          in_6|         array|
|in_6_q0         |   in|   32|   ap_memory|          in_6|         array|
|in_7_address0   |  out|    7|   ap_memory|          in_7|         array|
|in_7_ce0        |  out|    1|   ap_memory|          in_7|         array|
|in_7_q0         |   in|   32|   ap_memory|          in_7|         array|
|pos_r           |   in|   32|     ap_none|         pos_r|        scalar|
+----------------+-----+-----+------------+--------------+--------------+

