==============================================================
Vitis HLS - High-Level Synthesis from C, C++ and OpenCL v2025.1 (64-bit)
Tool Version Limit: 2025.05
Copyright 1986-2022 Xilinx, Inc. All Rights Reserved.
Copyright 2022-2025 Advanced Micro Devices, Inc. All Rights Reserved.

==============================================================
INFO: [HLS 200-1505] Using default flow_target 'vivado'
INFO: [HLS 200-1510] Running: set_part xcv80-lsva4737-2MHP-e-S 
WARNING: [HLS 200-655] The device family 'versalhbm-2MHP' is new to HLS - using 'versalaicore-2HP' characterization library
INFO: [HLS 200-1611] Setting target device to 'xcv80-lsva4737-2MHP-e-S'
INFO: [HLS 200-1510] Running: create_clock -period 4 -name default 
INFO: [SYN 201-201] Setting up clock 'default' with a period of 4ns.
INFO: [HLS 200-1510] Running: csim_design 
INFO: [SIM 211-2] *************** CSIM start ***************
INFO: [SIM 211-4] CSIM will launch CLANG as the compiler.
INFO: [HLS 200-2036] Building debug C Simulation binaries
ERROR: [SIM 211-100] 'csim_design' failed: nonzero return value.
INFO: [SIM 211-3] *************** CSIM finish ***************
INFO: [HLS 200-2161] Finished Command csim_design Elapsed time: 00:00:30; Allocated memory: 1.004 MB.
==============================================================
Vitis HLS - High-Level Synthesis from C, C++ and OpenCL v2025.1 (64-bit)
Tool Version Limit: 2025.05
Copyright 1986-2022 Xilinx, Inc. All Rights Reserved.
Copyright 2022-2025 Advanced Micro Devices, Inc. All Rights Reserved.

==============================================================
INFO: [SYN 201-201] Setting up clock 'default' with a period of 4ns.
WARNING: [HLS 200-655] The device family 'versalhbm-2MHP' is new to HLS - using 'versalaicore-2HP' characterization library
INFO: [HLS 200-1611] Setting target device to 'xcv80-lsva4737-2MHP-e-S'
INFO: [HLS 200-1505] Using flow_target 'vivado'
INFO: [HLS 200-1510] Running: set_part xcv80-lsva4737-2MHP-e-S 
WARNING: [HLS 200-655] The device family 'versalhbm-2MHP' is new to HLS - using 'versalaicore-2HP' characterization library
INFO: [HLS 200-1510] Running: create_clock -period 4 -name default 
INFO: [HLS 200-1510] Running: csim_design 
INFO: [SIM 211-2] *************** CSIM start ***************
INFO: [SIM 211-4] CSIM will launch CLANG as the compiler.
INFO: [HLS 200-2036] Building debug C Simulation binaries
ERROR: [SIM 211-100] 'csim_design' failed: nonzero return value.
INFO: [SIM 211-3] *************** CSIM finish ***************
INFO: [HLS 200-2161] Finished Command csim_design Elapsed time: 00:00:01; Allocated memory: 0.309 MB.
==============================================================
Vitis HLS - High-Level Synthesis from C, C++ and OpenCL v2025.1 (64-bit)
Tool Version Limit: 2025.05
Copyright 1986-2022 Xilinx, Inc. All Rights Reserved.
Copyright 2022-2025 Advanced Micro Devices, Inc. All Rights Reserved.

==============================================================
INFO: [SYN 201-201] Setting up clock 'default' with a period of 4ns.
WARNING: [HLS 200-655] The device family 'versalhbm-2MHP' is new to HLS - using 'versalaicore-2HP' characterization library
INFO: [HLS 200-1611] Setting target device to 'xcv80-lsva4737-2MHP-e-S'
INFO: [HLS 200-1505] Using flow_target 'vivado'
INFO: [HLS 200-1510] Running: set_part xcv80-lsva4737-2MHP-e-S 
WARNING: [HLS 200-655] The device family 'versalhbm-2MHP' is new to HLS - using 'versalaicore-2HP' characterization library
INFO: [HLS 200-1510] Running: create_clock -period 4 -name default 
INFO: [HLS 200-1510] Running: csim_design 
INFO: [SIM 211-2] *************** CSIM start ***************
INFO: [SIM 211-4] CSIM will launch CLANG as the compiler.
INFO: [HLS 200-2036] Building debug C Simulation binaries
INFO: [SIM 211-1] CSim done with 0 errors.
INFO: [SIM 211-3] *************** CSIM finish ***************
INFO: [HLS 200-2161] Finished Command csim_design Elapsed time: 00:00:29; Allocated memory: 0.312 MB.
==============================================================
Vitis HLS - High-Level Synthesis from C, C++ and OpenCL v2025.1 (64-bit)
Tool Version Limit: 2025.05
Copyright 1986-2022 Xilinx, Inc. All Rights Reserved.
Copyright 2022-2025 Advanced Micro Devices, Inc. All Rights Reserved.

==============================================================
INFO: [SYN 201-201] Setting up clock 'default' with a period of 4ns.
WARNING: [HLS 200-655] The device family 'versalhbm-2MHP' is new to HLS - using 'versalaicore-2HP' characterization library
INFO: [HLS 200-1611] Setting target device to 'xcv80-lsva4737-2MHP-e-S'
INFO: [HLS 200-1505] Using flow_target 'vivado'
INFO: [HLS 200-1510] Running: set_part xcv80-lsva4737-2MHP-e-S 
WARNING: [HLS 200-655] The device family 'versalhbm-2MHP' is new to HLS - using 'versalaicore-2HP' characterization library
INFO: [HLS 200-1510] Running: create_clock -period 4 -name default 
INFO: [HLS 200-1510] Running: csim_design 
INFO: [SIM 211-2] *************** CSIM start ***************
INFO: [SIM 211-4] CSIM will launch CLANG as the compiler.
INFO: [HLS 200-2036] Building debug C Simulation binaries
ERROR: [SIM 211-100] 'csim_design' failed: compilation error(s).
INFO: [SIM 211-3] *************** CSIM finish ***************
INFO: [HLS 200-2161] Finished Command csim_design Elapsed time: 00:00:05; Allocated memory: 0.309 MB.
==============================================================
Vitis HLS - High-Level Synthesis from C, C++ and OpenCL v2025.1 (64-bit)
Tool Version Limit: 2025.05
Copyright 1986-2022 Xilinx, Inc. All Rights Reserved.
Copyright 2022-2025 Advanced Micro Devices, Inc. All Rights Reserved.

==============================================================
INFO: [SYN 201-201] Setting up clock 'default' with a period of 4ns.
WARNING: [HLS 200-655] The device family 'versalhbm-2MHP' is new to HLS - using 'versalaicore-2HP' characterization library
INFO: [HLS 200-1611] Setting target device to 'xcv80-lsva4737-2MHP-e-S'
INFO: [HLS 200-1505] Using flow_target 'vivado'
INFO: [HLS 200-1510] Running: set_part xcv80-lsva4737-2MHP-e-S 
WARNING: [HLS 200-655] The device family 'versalhbm-2MHP' is new to HLS - using 'versalaicore-2HP' characterization library
INFO: [HLS 200-1510] Running: create_clock -period 4 -name default 
INFO: [HLS 200-1510] Running: csim_design 
INFO: [SIM 211-2] *************** CSIM start ***************
INFO: [SIM 211-4] CSIM will launch CLANG as the compiler.
INFO: [HLS 200-2036] Building debug C Simulation binaries
ERROR: [SIM 211-100] 'csim_design' failed: compilation error(s).
INFO: [SIM 211-3] *************** CSIM finish ***************
INFO: [HLS 200-2161] Finished Command csim_design Elapsed time: 00:00:05; Allocated memory: 0.297 MB.
==============================================================
Vitis HLS - High-Level Synthesis from C, C++ and OpenCL v2025.1 (64-bit)
Tool Version Limit: 2025.05
Copyright 1986-2022 Xilinx, Inc. All Rights Reserved.
Copyright 2022-2025 Advanced Micro Devices, Inc. All Rights Reserved.

==============================================================
INFO: [SYN 201-201] Setting up clock 'default' with a period of 4ns.
WARNING: [HLS 200-655] The device family 'versalhbm-2MHP' is new to HLS - using 'versalaicore-2HP' characterization library
INFO: [HLS 200-1611] Setting target device to 'xcv80-lsva4737-2MHP-e-S'
INFO: [HLS 200-1505] Using flow_target 'vivado'
INFO: [HLS 200-1510] Running: set_part xcv80-lsva4737-2MHP-e-S 
WARNING: [HLS 200-655] The device family 'versalhbm-2MHP' is new to HLS - using 'versalaicore-2HP' characterization library
INFO: [HLS 200-1510] Running: create_clock -period 4 -name default 
INFO: [HLS 200-1510] Running: csim_design 
INFO: [SIM 211-2] *************** CSIM start ***************
INFO: [SIM 211-4] CSIM will launch CLANG as the compiler.
INFO: [HLS 200-2036] Building debug C Simulation binaries
INFO: [SIM 211-1] CSim done with 0 errors.
INFO: [SIM 211-3] *************** CSIM finish ***************
INFO: [HLS 200-2161] Finished Command csim_design Elapsed time: 00:00:34; Allocated memory: 0.293 MB.
==============================================================
Vitis HLS - High-Level Synthesis from C, C++ and OpenCL v2025.1 (64-bit)
Tool Version Limit: 2025.05
Copyright 1986-2022 Xilinx, Inc. All Rights Reserved.
Copyright 2022-2025 Advanced Micro Devices, Inc. All Rights Reserved.

==============================================================
INFO: [SYN 201-201] Setting up clock 'default' with a period of 4ns.
WARNING: [HLS 200-655] The device family 'versalhbm-2MHP' is new to HLS - using 'versalaicore-2HP' characterization library
INFO: [HLS 200-1611] Setting target device to 'xcv80-lsva4737-2MHP-e-S'
INFO: [HLS 200-1505] Using flow_target 'vivado'
INFO: [HLS 200-1510] Running: set_part xcv80-lsva4737-2MHP-e-S 
WARNING: [HLS 200-655] The device family 'versalhbm-2MHP' is new to HLS - using 'versalaicore-2HP' characterization library
INFO: [HLS 200-1510] Running: create_clock -period 4 -name default 
INFO: [HLS 200-1510] Running: csim_design 
INFO: [SIM 211-2] *************** CSIM start ***************
INFO: [SIM 211-4] CSIM will launch CLANG as the compiler.
INFO: [HLS 200-2036] Building debug C Simulation binaries
INFO: [SIM 211-1] CSim done with 0 errors.
INFO: [SIM 211-3] *************** CSIM finish ***************
INFO: [HLS 200-2161] Finished Command csim_design Elapsed time: 00:00:34; Allocated memory: 0.289 MB.
==============================================================
Vitis HLS - High-Level Synthesis from C, C++ and OpenCL v2025.1 (64-bit)
Tool Version Limit: 2025.05
Copyright 1986-2022 Xilinx, Inc. All Rights Reserved.
Copyright 2022-2025 Advanced Micro Devices, Inc. All Rights Reserved.

==============================================================
INFO: [SYN 201-201] Setting up clock 'default' with a period of 4ns.
WARNING: [HLS 200-655] The device family 'versalhbm-2MHP' is new to HLS - using 'versalaicore-2HP' characterization library
INFO: [HLS 200-1611] Setting target device to 'xcv80-lsva4737-2MHP-e-S'
INFO: [HLS 200-1505] Using flow_target 'vivado'
INFO: [HLS 200-1510] Running: set_part xcv80-lsva4737-2MHP-e-S 
WARNING: [HLS 200-655] The device family 'versalhbm-2MHP' is new to HLS - using 'versalaicore-2HP' characterization library
INFO: [HLS 200-1510] Running: create_clock -period 4 -name default 
INFO: [HLS 200-1510] Running: csim_design 
INFO: [SIM 211-2] *************** CSIM start ***************
INFO: [SIM 211-4] CSIM will launch CLANG as the compiler.
INFO: [HLS 200-2036] Building debug C Simulation binaries
INFO: [SIM 211-1] CSim done with 0 errors.
INFO: [SIM 211-3] *************** CSIM finish ***************
INFO: [HLS 200-2161] Finished Command csim_design Elapsed time: 00:00:32; Allocated memory: 0.301 MB.
==============================================================
Vitis HLS - High-Level Synthesis from C, C++ and OpenCL v2025.1 (64-bit)
Tool Version Limit: 2025.05
Copyright 1986-2022 Xilinx, Inc. All Rights Reserved.
Copyright 2022-2025 Advanced Micro Devices, Inc. All Rights Reserved.

==============================================================
INFO: [SYN 201-201] Setting up clock 'default' with a period of 4ns.
WARNING: [HLS 200-655] The device family 'versalhbm-2MHP' is new to HLS - using 'versalaicore-2HP' characterization library
INFO: [HLS 200-1611] Setting target device to 'xcv80-lsva4737-2MHP-e-S'
INFO: [HLS 200-1505] Using flow_target 'vivado'
INFO: [HLS 200-1510] Running: set_part xcv80-lsva4737-2MHP-e-S 
WARNING: [HLS 200-655] The device family 'versalhbm-2MHP' is new to HLS - using 'versalaicore-2HP' characterization library
INFO: [HLS 200-1510] Running: create_clock -period 4 -name default 
INFO: [HLS 200-1510] Running: csim_design 
INFO: [SIM 211-2] *************** CSIM start ***************
INFO: [SIM 211-4] CSIM will launch CLANG as the compiler.
INFO: [HLS 200-2036] Building debug C Simulation binaries
INFO: [SIM 211-1] CSim done with 0 errors.
INFO: [SIM 211-3] *************** CSIM finish ***************
INFO: [HLS 200-2161] Finished Command csim_design Elapsed time: 00:00:31; Allocated memory: 0.297 MB.
