  **** HLS Build v2025.1 6135595
Sourcing Tcl script 'C:/NCKH/LLma2_110M---UIT/Source_Code/run_matmul_simple.tcl'
INFO: [HLS 200-1510] Running: open_project matmul_simple_hls -reset 
WARNING: [HLS 200-2182] The 'matmul_simple_hls' project will not automatically appear within Vitis IDE workspaces and is meant only for TCL batch use.  Please use open_component instead of open_project/open_solution to generate Vitis IDE compatible component files and directory structure.
Resolution: For help on HLS 200-2182 see docs.xilinx.com/access/sources/dita/topic?Doc_Version=2025.1%20English&url=ug1448-hls-guidance&resourceid=200-2182.html
INFO: [HLS 200-10] Creating and opening solution 'C:/NCKH/LLma2_110M---UIT/Source_Code/matmul_simple_hls'.
INFO: [HLS 200-1510] Running: add_files kernel_matmul.cpp 
INFO: [HLS 200-10] Adding design file 'kernel_matmul.cpp' to the project
INFO: [HLS 200-1510] Running: add_files -tb testbench_matmul_simple.cpp 
INFO: [HLS 200-10] Adding test bench file 'testbench_matmul_simple.cpp' to the project
INFO: [HLS 200-1510] Running: set_top kernel_matmul 
INFO: [HLS 200-1510] Running: open_solution solution1 -reset 
INFO: [HLS 200-10] Creating and opening solution 'C:/NCKH/LLma2_110M---UIT/Source_Code/matmul_simple_hls/solution1'.
INFO: [HLS 200-10] Cleaning up the solution database.
INFO: [HLS 200-1505] Using default flow_target 'vivado'
Resolution: For help on HLS 200-1505 see docs.xilinx.com/access/sources/dita/topic?Doc_Version=2025.1%20English&url=ug1448-hls-guidance&resourceid=200-1505.html
INFO: [HLS 200-1510] Running: set_part xcu250-figd2104-2L-e 
INFO: [HLS 200-1611] Setting target device to 'xcu250-figd2104-2L-e'
INFO: [HLS 200-1510] Running: create_clock -period 10 -name default 
INFO: [SYN 201-201] Setting up clock 'default' with a period of 10ns.
INFO: [HLS 200-1510] Running: config_compile -name_max_length 50 
INFO: [XFORM 203-1161] The maximum of name length is set to 50.
INFO: [HLS 200-1510] Running: config_interface -m_axi_addr64=1 
INFO: [HLS 200-1510] Running: csim_design 
INFO: [SIM 211-2] *************** CSIM start ***************
INFO: [SIM 211-4] CSIM will launch CLANG as the compiler.
INFO: [HLS 200-2036] Building debug C Simulation binaries
   Compiling ../../../../testbench_matmul_simple.cpp in debug mode
   Compiling ../../../../kernel_matmul.cpp in debug mode
   Generating csim.exe
=== Simple Matrix Multiplication Kernel Test ===

Test configuration:
  Vector size: 4
  Matrix size: 4 x 4

=== Test Case 1: Simple Identity Matrix ===
Input vector: -1.0 1.1 1.2 -1.3 
Weight matrix:
  Row 0: 1.0 0.0 0.0 0.0 
  Row 1: 0.0 1.0 0.0 0.0 
  Row 2: 0.0 0.0 1.0 0.0 
  Row 3: 0.0 0.0 0.0 1.0 
Expected output: -1.000 1.100 1.200 -1.300 
HLS output:      -1.000 1.100 1.200 -1.300 
RMSE: 0.00000000

=== Test Case 2: Simple Pattern Matrix ===
Input vector: 1.0 2.0 3.0 4.0 
Weight matrix:
  Row 0: 1.0 2.0 3.0 1.0 
  Row 1: 2.0 3.0 1.0 2.0 
  Row 2: 3.0 1.0 2.0 3.0 
  Row 3: 1.0 2.0 3.0 1.0 
Expected output: 18.000 19.000 23.000 18.000 
HLS output:      18.000 19.000 23.000 18.000 
RMSE: 0.00000000

=== Test Summary ===
Test 1 (Identity): PASSED (RMSE: 0.00000000)
Test 2 (Pattern):  PASSED (RMSE: 0.00000000)
✓ All tests PASSED!
INFO: [SIM 211-1] CSim done with 0 errors.
INFO: [SIM 211-3] *************** CSIM finish ***************
INFO: [HLS 200-2161] Finished Command csim_design Elapsed time: 00:00:01; Allocated memory: 1.043 MB.
INFO: [HLS 200-1510] Running: csynth_design 
INFO: [HLS 200-111] Finished File checks and directory preparation: CPU user time: 0 seconds. CPU system time: 0 seconds. Elapsed time: 0.171 seconds; current allocated memory: 523.262 MB.
INFO: [HLS 200-10] Analyzing design file 'kernel_matmul.cpp' ... 
INFO: [HLS 200-111] Finished Source Code Analysis and Preprocessing: CPU user time: 0 seconds. CPU system time: 0 seconds. Elapsed time: 0.989 seconds; current allocated memory: 525.727 MB.
INFO: [HLS 200-777] Using interface defaults for 'Vivado' flow target.
INFO: [HLS 200-1995] There were 71 instructions in the design after the 'Compile/Link' phase of compilation. See the Design Size Report for more details (C:/NCKH/LLma2_110M---UIT/Source_Code/matmul_simple_hls/solution1/syn/report/csynth_design_size.rpt:2)
INFO: [HLS 200-1995] There were 63 instructions in the design after the 'Unroll/Inline (step 1)' phase of compilation. See the Design Size Report for more details (C:/NCKH/LLma2_110M---UIT/Source_Code/matmul_simple_hls/solution1/syn/report/csynth_design_size.rpt:2)
INFO: [HLS 200-1995] There were 51 instructions in the design after the 'Unroll/Inline (step 2)' phase of compilation. See the Design Size Report for more details (C:/NCKH/LLma2_110M---UIT/Source_Code/matmul_simple_hls/solution1/syn/report/csynth_design_size.rpt:2)
INFO: [HLS 200-1995] There were 52 instructions in the design after the 'Unroll/Inline (step 3)' phase of compilation. See the Design Size Report for more details (C:/NCKH/LLma2_110M---UIT/Source_Code/matmul_simple_hls/solution1/syn/report/csynth_design_size.rpt:2)
INFO: [HLS 200-1995] There were 52 instructions in the design after the 'Unroll/Inline (step 4)' phase of compilation. See the Design Size Report for more details (C:/NCKH/LLma2_110M---UIT/Source_Code/matmul_simple_hls/solution1/syn/report/csynth_design_size.rpt:2)
INFO: [HLS 200-1995] There were 52 instructions in the design after the 'Array/Struct (step 1)' phase of compilation. See the Design Size Report for more details (C:/NCKH/LLma2_110M---UIT/Source_Code/matmul_simple_hls/solution1/syn/report/csynth_design_size.rpt:2)
INFO: [HLS 200-1995] There were 52 instructions in the design after the 'Array/Struct (step 2)' phase of compilation. See the Design Size Report for more details (C:/NCKH/LLma2_110M---UIT/Source_Code/matmul_simple_hls/solution1/syn/report/csynth_design_size.rpt:2)
INFO: [HLS 200-1995] There were 52 instructions in the design after the 'Array/Struct (step 3)' phase of compilation. See the Design Size Report for more details (C:/NCKH/LLma2_110M---UIT/Source_Code/matmul_simple_hls/solution1/syn/report/csynth_design_size.rpt:2)
INFO: [HLS 200-1995] There were 52 instructions in the design after the 'Array/Struct (step 4)' phase of compilation. See the Design Size Report for more details (C:/NCKH/LLma2_110M---UIT/Source_Code/matmul_simple_hls/solution1/syn/report/csynth_design_size.rpt:2)
INFO: [HLS 200-1995] There were 53 instructions in the design after the 'Array/Struct (step 5)' phase of compilation. See the Design Size Report for more details (C:/NCKH/LLma2_110M---UIT/Source_Code/matmul_simple_hls/solution1/syn/report/csynth_design_size.rpt:2)
INFO: [HLS 200-1995] There were 53 instructions in the design after the 'Performance (step 1)' phase of compilation. See the Design Size Report for more details (C:/NCKH/LLma2_110M---UIT/Source_Code/matmul_simple_hls/solution1/syn/report/csynth_design_size.rpt:2)
INFO: [HLS 200-1995] There were 52 instructions in the design after the 'Performance (step 2)' phase of compilation. See the Design Size Report for more details (C:/NCKH/LLma2_110M---UIT/Source_Code/matmul_simple_hls/solution1/syn/report/csynth_design_size.rpt:2)
INFO: [HLS 200-1995] There were 52 instructions in the design after the 'Performance (step 3)' phase of compilation. See the Design Size Report for more details (C:/NCKH/LLma2_110M---UIT/Source_Code/matmul_simple_hls/solution1/syn/report/csynth_design_size.rpt:2)
INFO: [HLS 200-1995] There were 52 instructions in the design after the 'Performance (step 4)' phase of compilation. See the Design Size Report for more details (C:/NCKH/LLma2_110M---UIT/Source_Code/matmul_simple_hls/solution1/syn/report/csynth_design_size.rpt:2)
INFO: [HLS 200-1995] There were 72 instructions in the design after the 'HW Transforms (step 1)' phase of compilation. See the Design Size Report for more details (C:/NCKH/LLma2_110M---UIT/Source_Code/matmul_simple_hls/solution1/syn/report/csynth_design_size.rpt:2)
INFO: [HLS 200-1995] There were 80 instructions in the design after the 'HW Transforms (step 2)' phase of compilation. See the Design Size Report for more details (C:/NCKH/LLma2_110M---UIT/Source_Code/matmul_simple_hls/solution1/syn/report/csynth_design_size.rpt:2)
INFO: [HLS 200-111] Finished Compiling Optimization and Transform: CPU user time: 0 seconds. CPU system time: 0 seconds. Elapsed time: 9.568 seconds; current allocated memory: 527.605 MB.
INFO: [HLS 200-111] Finished Checking Pragmas: CPU user time: 0 seconds. CPU system time: 0 seconds. Elapsed time: 0.003 seconds; current allocated memory: 527.605 MB.
INFO: [HLS 200-10] Starting code transformations ...
INFO: [HLS 200-111] Finished Standard Transforms: CPU user time: 0 seconds. CPU system time: 0 seconds. Elapsed time: 0.016 seconds; current allocated memory: 531.824 MB.
INFO: [HLS 200-10] Checking synthesizability ...
INFO: [HLS 200-111] Finished Checking Synthesizability: CPU user time: 0 seconds. CPU system time: 0 seconds. Elapsed time: 0.029 seconds; current allocated memory: 533.047 MB.
INFO: [HLS 200-111] Finished Loop, function and other optimizations: CPU user time: 0 seconds. CPU system time: 0 seconds. Elapsed time: 0.064 seconds; current allocated memory: 554.090 MB.
INFO: [HLS 200-2060] Failed to convert nested loops 'VITIS_LOOP_23_2'(kernel_matmul.cpp:23:20) and 'VITIS_LOOP_26_3'(kernel_matmul.cpp:26:22) in function 'kernel_matmul' into perfectly nested loops.
WARNING: [HLS 200-960] Cannot flatten loop 'VITIS_LOOP_23_2' (kernel_matmul.cpp:23:20) in function 'kernel_matmul' the outer loop is not a perfect loop because there is nontrivial logic in the loop latch.
Resolution: For help on HLS 200-960 see docs.xilinx.com/access/sources/dita/topic?Doc_Version=2025.1%20English&url=ug1448-hls-guidance&resourceid=200-960.html
INFO: [HLS 200-111] Finished Architecture Synthesis: CPU user time: 0 seconds. CPU system time: 0 seconds. Elapsed time: 0.076 seconds; current allocated memory: 565.699 MB.
INFO: [HLS 200-10] Starting hardware synthesis ...
INFO: [HLS 200-10] Synthesizing 'kernel_matmul' ...
INFO: [HLS 200-10] ----------------------------------------------------------------
INFO: [HLS 200-42] -- Implementing module 'kernel_matmul_Pipeline_VITIS_LOOP_17_1' 
INFO: [HLS 200-10] ----------------------------------------------------------------
INFO: [SCHED 204-11] Starting scheduling ...
INFO: [SCHED 204-61] Pipelining loop 'VITIS_LOOP_17_1'.
INFO: [HLS 200-1470] Pipelining result : Target II = 1, Final II = 1, Depth = 11, loop 'VITIS_LOOP_17_1'
INFO: [SCHED 204-11] Finished scheduling.
INFO: [HLS 200-111] Finished Scheduling: CPU user time: 0 seconds. CPU system time: 0 seconds. Elapsed time: 0.215 seconds; current allocated memory: 569.363 MB.
INFO: [BIND 205-100] Starting micro-architecture generation ...
INFO: [BIND 205-101] Performing variable lifetime analysis.
INFO: [BIND 205-101] Exploring resource sharing.
INFO: [BIND 205-101] Binding ...
INFO: [BIND 205-100] Finished micro-architecture generation.
INFO: [HLS 200-111] Finished Binding: CPU user time: 0 seconds. CPU system time: 0 seconds. Elapsed time: 0.027 seconds; current allocated memory: 570.453 MB.
INFO: [HLS 200-10] ----------------------------------------------------------------
INFO: [HLS 200-42] -- Implementing module 'kernel_matmul_Pipeline_VITIS_LOOP_26_3' 
INFO: [HLS 200-10] ----------------------------------------------------------------
INFO: [SCHED 204-11] Starting scheduling ...
INFO: [SCHED 204-61] Pipelining loop 'VITIS_LOOP_26_3'.
INFO: [HLS 200-1470] Pipelining result : Target II = 1, Final II = 1, Depth = 14, loop 'VITIS_LOOP_26_3'
INFO: [SCHED 204-11] Finished scheduling.
INFO: [HLS 200-111] Finished Scheduling: CPU user time: 0 seconds. CPU system time: 0 seconds. Elapsed time: 0.045 seconds; current allocated memory: 570.648 MB.
INFO: [BIND 205-100] Starting micro-architecture generation ...
INFO: [BIND 205-101] Performing variable lifetime analysis.
INFO: [BIND 205-101] Exploring resource sharing.
INFO: [BIND 205-101] Binding ...
INFO: [BIND 205-100] Finished micro-architecture generation.
INFO: [HLS 200-111] Finished Binding: CPU user time: 0 seconds. CPU system time: 0 seconds. Elapsed time: 0.018 seconds; current allocated memory: 570.656 MB.
INFO: [HLS 200-10] ----------------------------------------------------------------
INFO: [HLS 200-42] -- Implementing module 'kernel_matmul' 
INFO: [HLS 200-10] ----------------------------------------------------------------
INFO: [SCHED 204-11] Starting scheduling ...
INFO: [SCHED 204-11] Finished scheduling.
INFO: [HLS 200-111] Finished Scheduling: CPU user time: 0 seconds. CPU system time: 0 seconds. Elapsed time: 1.478 seconds; current allocated memory: 570.750 MB.
INFO: [BIND 205-100] Starting micro-architecture generation ...
INFO: [BIND 205-101] Performing variable lifetime analysis.
INFO: [BIND 205-101] Exploring resource sharing.
INFO: [BIND 205-101] Binding ...
INFO: [BIND 205-100] Finished micro-architecture generation.
INFO: [HLS 200-111] Finished Binding: CPU user time: 0 seconds. CPU system time: 0 seconds. Elapsed time: 0.03 seconds; current allocated memory: 571.094 MB.
INFO: [HLS 200-10] ----------------------------------------------------------------
INFO: [HLS 200-10] -- Generating RTL for module 'kernel_matmul_Pipeline_VITIS_LOOP_17_1' 
INFO: [HLS 200-10] ----------------------------------------------------------------
INFO: [HLS 200-1030] Apply Unified Pipeline Control on module 'kernel_matmul_Pipeline_VITIS_LOOP_17_1' pipeline 'VITIS_LOOP_17_1' pipeline type 'loop pipeline'
INFO: [RTGEN 206-100] Finished creating RTL model for 'kernel_matmul_Pipeline_VITIS_LOOP_17_1'.
INFO: [HLS 200-111] Finished Creating RTL model: CPU user time: 0 seconds. CPU system time: 0 seconds. Elapsed time: 0.062 seconds; current allocated memory: 572.637 MB.
INFO: [HLS 200-10] ----------------------------------------------------------------
INFO: [HLS 200-10] -- Generating RTL for module 'kernel_matmul_Pipeline_VITIS_LOOP_26_3' 
INFO: [HLS 200-10] ----------------------------------------------------------------
INFO: [HLS 200-1030] Apply Unified Pipeline Control on module 'kernel_matmul_Pipeline_VITIS_LOOP_26_3' pipeline 'VITIS_LOOP_26_3' pipeline type 'loop pipeline'
INFO: [RTGEN 206-100] Generating core module 'fadd_32ns_32ns_32_2_no_dsp_1': 1 instance(s).
INFO: [RTGEN 206-100] Generating core module 'fmul_32ns_32ns_32_2_max_dsp_1': 1 instance(s).
INFO: [RTGEN 206-100] Finished creating RTL model for 'kernel_matmul_Pipeline_VITIS_LOOP_26_3'.
INFO: [HLS 200-111] Finished Creating RTL model: CPU user time: 0 seconds. CPU system time: 0 seconds. Elapsed time: 0.167 seconds; current allocated memory: 575.055 MB.
INFO: [HLS 200-10] ----------------------------------------------------------------
INFO: [HLS 200-10] -- Generating RTL for module 'kernel_matmul' 
INFO: [HLS 200-10] ----------------------------------------------------------------
WARNING: [RTGEN 206-101] Design contains AXI ports. Reset is fixed to synchronous and active low.
INFO: [RTGEN 206-500] Setting interface mode on port 'kernel_matmul/gmem0' to 'm_axi'.
INFO: [RTGEN 206-500] Setting interface mode on port 'kernel_matmul/gmem1' to 'm_axi'.
INFO: [RTGEN 206-500] Setting interface mode on port 'kernel_matmul/i_vec' to 's_axilite & ap_none'.
INFO: [RTGEN 206-500] Setting interface mode on port 'kernel_matmul/i_mat' to 's_axilite & ap_none'.
INFO: [RTGEN 206-500] Setting interface mode on port 'kernel_matmul/o_vec' to 's_axilite & ap_none'.
INFO: [RTGEN 206-500] Setting interface mode on port 'kernel_matmul/vec_size' to 's_axilite & ap_none'.
INFO: [RTGEN 206-500] Setting interface mode on port 'kernel_matmul/col_size' to 's_axilite & ap_none'.
INFO: [RTGEN 206-500] Setting interface mode on function 'kernel_matmul' to 's_axilite & ap_ctrl_hs'.
INFO: [RTGEN 206-100] Bundling port 'i_vec', 'i_mat', 'o_vec', 'vec_size', 'col_size' to AXI-Lite port control.
INFO: [RTGEN 206-100] Finished creating RTL model for 'kernel_matmul'.
INFO: [RTMG 210-278] Implementing memory 'kernel_matmul_vec_local_RAM_AUTO_1R1W' using auto RAMs.
INFO: [HLS 200-111] Finished Creating RTL model: CPU user time: 0 seconds. CPU system time: 0 seconds. Elapsed time: 0.211 seconds; current allocated memory: 578.570 MB.
INFO: [HLS 200-111] Finished Generating all RTL models: CPU user time: 1 seconds. CPU system time: 0 seconds. Elapsed time: 0.778 seconds; current allocated memory: 582.242 MB.
INFO: [HLS 200-111] Finished Updating report files: CPU user time: 0 seconds. CPU system time: 1 seconds. Elapsed time: 0.91 seconds; current allocated memory: 588.742 MB.
INFO: [VHDL 208-304] Generating VHDL RTL for kernel_matmul.
INFO: [VLOG 209-307] Generating Verilog RTL for kernel_matmul.
INFO: [HLS 200-790] **** Loop Constraint Status: All loop constraints were satisfied.
INFO: [HLS 200-789] **** Estimated Fmax: 136.99 MHz
INFO: [HLS 200-2161] Finished Command csynth_design Elapsed time: 00:00:14; Allocated memory: 66.160 MB.
INFO: [HLS 200-1510] Running: close_project 
INFO: [HLS 200-112] Total CPU user time: 4 seconds. Total CPU system time: 3 seconds. Total elapsed time: 20.239 seconds; peak allocated memory: 588.773 MB.
INFO: [vitis-run 60-791] Total elapsed time: 0h 0m 21s
INFO: [vitis-run 60-1662] Stopping dispatch session having empty uuid.
