

================================================================
== Vitis HLS Report for 'Block_entry_att_0_wr_proc'
================================================================
* Date:           Thu Oct  2 21:25:44 2025

* Version:        2025.1 (Build 6135595 on May 21 2025)
* Project:        mhsa_prj
* Solution:       solution1 (Vivado IP Flow Target)
* Product family: versalhbm
* Target device:  xcv80-lsva4737-2MHP-e-S


================================================================
== Performance Estimates
================================================================
+ Timing: 
    * Summary: 
    +--------+---------+----------+------------+
    |  Clock |  Target | Estimated| Uncertainty|
    +--------+---------+----------+------------+
    |ap_clk  |  4.00 ns|  3.696 ns|     1.08 ns|
    +--------+---------+----------+------------+

+ Latency: 
    * Summary: 
    +---------+---------+----------+----------+-----+-----+---------+
    |  Latency (cycles) |  Latency (absolute) |  Interval | Pipeline|
    |   min   |   max   |    min   |    max   | min | max |   Type  |
    +---------+---------+----------+----------+-----+-----+---------+
    |        ?|        ?|         ?|         ?|    ?|    ?|       no|
    +---------+---------+----------+----------+-----+-----+---------+

    + Detail: 
        * Instance: 
        N/A

        * Loop: 
        +-----------------+---------+---------+-----------+-----------+-----------+------+----------+
        |                 |  Latency (cycles) | Iteration |  Initiation Interval  | Trip |          |
        |    Loop Name    |   min   |   max   |  Latency  |  achieved |   target  | Count| Pipelined|
        +-----------------+---------+---------+-----------+-----------+-----------+------+----------+
        |- ATT_INIT       |       24|     6192|    2 ~ 516|          -|          -|    12|        no|
        |- HEAD_COMPUTE   |        ?|        ?|          ?|          -|          -|    12|        no|
        |- SOFTMAX_HEADS  |      492|    37296|  41 ~ 3108|          -|          -|    12|        no|
        +-----------------+---------+---------+-----------+-----------+-----------+------+----------+

============================================================
+ Verbose Summary: Synthesis Manager
============================================================
InlineROM: 1
ExposeGlobal: 0
============================================================
+ Verbose Summary: CDFG Model
============================================================
IsTopModel: 0
ResetActiveHigh: 1
IsCombinational: 2
IsDatapathOnly: 0
HasWiredReturn: 1
HasMFsm: 0
HasVarLatency: 1
IsPipeline: 0
IsRtlPipelined: 0
IsInstanceOverlapped: 0
IsDontTouch: 0
HasImplIP: 0
IsGatedGlobalClock: 0


============================================================
+ Verbose Summary: Schedule
============================================================
* Number of FSM states : 11
* Pipeline : 0
* Dataflow Pipeline: 0

* FSM state transitions: 
1 --> 2 
2 --> 3 4 
3 --> 2 
4 --> 5 9 
5 --> 6 
6 --> 7 
7 --> 8 
8 --> 4 
9 --> 10 
10 --> 11 
11 --> 9 

* FSM state operations: 

State 1 <SV = 0> <Delay = 1.85>
ST_1 : Operation 12 [1/1] (0.00ns)   --->   "%h = alloca i32 1" [kernel_MHSA.cpp:68->kernel_MHSA.cpp:68->kernel_MHSA.cpp:76]   --->   Operation 12 'alloca' 'h' <Predicate = true> <Delay = 0.00>
ST_1 : Operation 13 [1/1] (0.70ns)   --->   "%p_read_7 = read i32 @_ssdm_op_Read.ap_auto.i32, i32 %p_read3"   --->   Operation 13 'read' 'p_read_7' <Predicate = true> <Delay = 0.70> <CoreInst = "FIFO_SRL">   --->   Core 84 'FIFO_SRL' <Latency = 0> <II = 1> <Delay = 0.79> <Storage> <Opcode : 'read' 'write' 'nbread' 'nbwrite'> <Ports = 0> <Width = 32> <Depth = 2> <FIFO>
ST_1 : Operation 14 [1/1] (0.70ns)   --->   "%p_read_8 = read i32 @_ssdm_op_Read.ap_auto.i32, i32 %p_read2"   --->   Operation 14 'read' 'p_read_8' <Predicate = true> <Delay = 0.70> <CoreInst = "FIFO_SRL">   --->   Core 84 'FIFO_SRL' <Latency = 0> <II = 1> <Delay = 0.79> <Storage> <Opcode : 'read' 'write' 'nbread' 'nbwrite'> <Ports = 0> <Width = 32> <Depth = 2> <FIFO>
ST_1 : Operation 15 [1/1] (0.73ns)   --->   "%p_read_9 = read i33 @_ssdm_op_Read.ap_auto.i33, i33 %p_read1"   --->   Operation 15 'read' 'p_read_9' <Predicate = true> <Delay = 0.73> <CoreInst = "FIFO_SRL">   --->   Core 84 'FIFO_SRL' <Latency = 0> <II = 1> <Delay = 0.83> <Storage> <Opcode : 'read' 'write' 'nbread' 'nbwrite'> <Ports = 0> <Width = 33> <Depth = 2> <FIFO>
ST_1 : Operation 16 [1/1] (0.70ns)   --->   "%p_read_10 = read i32 @_ssdm_op_Read.ap_auto.i32, i32 %p_read"   --->   Operation 16 'read' 'p_read_10' <Predicate = true> <Delay = 0.70> <CoreInst = "FIFO_SRL">   --->   Core 84 'FIFO_SRL' <Latency = 0> <II = 1> <Delay = 0.79> <Storage> <Opcode : 'read' 'write' 'nbread' 'nbwrite'> <Ports = 0> <Width = 32> <Depth = 2> <FIFO>
ST_1 : Operation 17 [1/1] (0.00ns)   --->   "%p_loc755 = alloca i64 1"   --->   Operation 17 'alloca' 'p_loc755' <Predicate = true> <Delay = 0.00>
ST_1 : Operation 18 [1/1] (0.00ns)   --->   "%p_loc754 = alloca i64 1"   --->   Operation 18 'alloca' 'p_loc754' <Predicate = true> <Delay = 0.00>
ST_1 : Operation 19 [1/1] (0.00ns)   --->   "%p_loc753 = alloca i64 1"   --->   Operation 19 'alloca' 'p_loc753' <Predicate = true> <Delay = 0.00>
ST_1 : Operation 20 [1/1] (0.00ns)   --->   "%p_loc752 = alloca i64 1"   --->   Operation 20 'alloca' 'p_loc752' <Predicate = true> <Delay = 0.00>
ST_1 : Operation 21 [1/1] (0.00ns)   --->   "%p_loc751 = alloca i64 1"   --->   Operation 21 'alloca' 'p_loc751' <Predicate = true> <Delay = 0.00>
ST_1 : Operation 22 [1/1] (0.00ns)   --->   "%p_loc750 = alloca i64 1"   --->   Operation 22 'alloca' 'p_loc750' <Predicate = true> <Delay = 0.00>
ST_1 : Operation 23 [1/1] (0.00ns)   --->   "%p_loc749 = alloca i64 1"   --->   Operation 23 'alloca' 'p_loc749' <Predicate = true> <Delay = 0.00>
ST_1 : Operation 24 [1/1] (0.00ns)   --->   "%p_loc748 = alloca i64 1"   --->   Operation 24 'alloca' 'p_loc748' <Predicate = true> <Delay = 0.00>
ST_1 : Operation 25 [1/1] (0.00ns)   --->   "%p_loc747 = alloca i64 1"   --->   Operation 25 'alloca' 'p_loc747' <Predicate = true> <Delay = 0.00>
ST_1 : Operation 26 [1/1] (0.00ns)   --->   "%p_loc746 = alloca i64 1"   --->   Operation 26 'alloca' 'p_loc746' <Predicate = true> <Delay = 0.00>
ST_1 : Operation 27 [1/1] (0.00ns)   --->   "%p_loc745 = alloca i64 1"   --->   Operation 27 'alloca' 'p_loc745' <Predicate = true> <Delay = 0.00>
ST_1 : Operation 28 [1/1] (0.00ns)   --->   "%p_loc744 = alloca i64 1"   --->   Operation 28 'alloca' 'p_loc744' <Predicate = true> <Delay = 0.00>
ST_1 : Operation 29 [1/1] (0.00ns)   --->   "%p_loc743 = alloca i64 1"   --->   Operation 29 'alloca' 'p_loc743' <Predicate = true> <Delay = 0.00>
ST_1 : Operation 30 [1/1] (0.00ns)   --->   "%p_loc742 = alloca i64 1"   --->   Operation 30 'alloca' 'p_loc742' <Predicate = true> <Delay = 0.00>
ST_1 : Operation 31 [1/1] (0.00ns)   --->   "%p_loc741 = alloca i64 1"   --->   Operation 31 'alloca' 'p_loc741' <Predicate = true> <Delay = 0.00>
ST_1 : Operation 32 [1/1] (0.00ns)   --->   "%p_loc740 = alloca i64 1"   --->   Operation 32 'alloca' 'p_loc740' <Predicate = true> <Delay = 0.00>
ST_1 : Operation 33 [1/1] (0.00ns)   --->   "%p_loc739 = alloca i64 1"   --->   Operation 33 'alloca' 'p_loc739' <Predicate = true> <Delay = 0.00>
ST_1 : Operation 34 [1/1] (0.00ns)   --->   "%p_loc738 = alloca i64 1"   --->   Operation 34 'alloca' 'p_loc738' <Predicate = true> <Delay = 0.00>
ST_1 : Operation 35 [1/1] (0.00ns)   --->   "%p_loc737 = alloca i64 1"   --->   Operation 35 'alloca' 'p_loc737' <Predicate = true> <Delay = 0.00>
ST_1 : Operation 36 [1/1] (0.00ns)   --->   "%p_loc736 = alloca i64 1"   --->   Operation 36 'alloca' 'p_loc736' <Predicate = true> <Delay = 0.00>
ST_1 : Operation 37 [1/1] (0.00ns)   --->   "%p_loc735 = alloca i64 1"   --->   Operation 37 'alloca' 'p_loc735' <Predicate = true> <Delay = 0.00>
ST_1 : Operation 38 [1/1] (0.00ns)   --->   "%p_loc734 = alloca i64 1"   --->   Operation 38 'alloca' 'p_loc734' <Predicate = true> <Delay = 0.00>
ST_1 : Operation 39 [1/1] (0.00ns)   --->   "%p_loc733 = alloca i64 1"   --->   Operation 39 'alloca' 'p_loc733' <Predicate = true> <Delay = 0.00>
ST_1 : Operation 40 [1/1] (0.00ns)   --->   "%p_loc732 = alloca i64 1"   --->   Operation 40 'alloca' 'p_loc732' <Predicate = true> <Delay = 0.00>
ST_1 : Operation 41 [1/1] (0.00ns)   --->   "%p_loc731 = alloca i64 1"   --->   Operation 41 'alloca' 'p_loc731' <Predicate = true> <Delay = 0.00>
ST_1 : Operation 42 [1/1] (0.00ns)   --->   "%p_loc730 = alloca i64 1"   --->   Operation 42 'alloca' 'p_loc730' <Predicate = true> <Delay = 0.00>
ST_1 : Operation 43 [1/1] (0.00ns)   --->   "%p_loc729 = alloca i64 1"   --->   Operation 43 'alloca' 'p_loc729' <Predicate = true> <Delay = 0.00>
ST_1 : Operation 44 [1/1] (0.00ns)   --->   "%p_loc728 = alloca i64 1"   --->   Operation 44 'alloca' 'p_loc728' <Predicate = true> <Delay = 0.00>
ST_1 : Operation 45 [1/1] (0.00ns)   --->   "%p_loc727 = alloca i64 1"   --->   Operation 45 'alloca' 'p_loc727' <Predicate = true> <Delay = 0.00>
ST_1 : Operation 46 [1/1] (0.00ns)   --->   "%p_loc726 = alloca i64 1"   --->   Operation 46 'alloca' 'p_loc726' <Predicate = true> <Delay = 0.00>
ST_1 : Operation 47 [1/1] (0.00ns)   --->   "%p_loc725 = alloca i64 1"   --->   Operation 47 'alloca' 'p_loc725' <Predicate = true> <Delay = 0.00>
ST_1 : Operation 48 [1/1] (0.00ns)   --->   "%p_loc724 = alloca i64 1"   --->   Operation 48 'alloca' 'p_loc724' <Predicate = true> <Delay = 0.00>
ST_1 : Operation 49 [1/1] (0.00ns)   --->   "%p_loc723 = alloca i64 1"   --->   Operation 49 'alloca' 'p_loc723' <Predicate = true> <Delay = 0.00>
ST_1 : Operation 50 [1/1] (0.00ns)   --->   "%p_loc722 = alloca i64 1"   --->   Operation 50 'alloca' 'p_loc722' <Predicate = true> <Delay = 0.00>
ST_1 : Operation 51 [1/1] (0.00ns)   --->   "%p_loc721 = alloca i64 1"   --->   Operation 51 'alloca' 'p_loc721' <Predicate = true> <Delay = 0.00>
ST_1 : Operation 52 [1/1] (0.00ns)   --->   "%p_loc720 = alloca i64 1"   --->   Operation 52 'alloca' 'p_loc720' <Predicate = true> <Delay = 0.00>
ST_1 : Operation 53 [1/1] (0.00ns)   --->   "%p_loc719 = alloca i64 1"   --->   Operation 53 'alloca' 'p_loc719' <Predicate = true> <Delay = 0.00>
ST_1 : Operation 54 [1/1] (0.00ns)   --->   "%p_loc718 = alloca i64 1"   --->   Operation 54 'alloca' 'p_loc718' <Predicate = true> <Delay = 0.00>
ST_1 : Operation 55 [1/1] (0.00ns)   --->   "%p_loc717 = alloca i64 1"   --->   Operation 55 'alloca' 'p_loc717' <Predicate = true> <Delay = 0.00>
ST_1 : Operation 56 [1/1] (0.00ns)   --->   "%p_loc716 = alloca i64 1"   --->   Operation 56 'alloca' 'p_loc716' <Predicate = true> <Delay = 0.00>
ST_1 : Operation 57 [1/1] (0.00ns)   --->   "%p_loc715 = alloca i64 1"   --->   Operation 57 'alloca' 'p_loc715' <Predicate = true> <Delay = 0.00>
ST_1 : Operation 58 [1/1] (0.00ns)   --->   "%p_loc714 = alloca i64 1"   --->   Operation 58 'alloca' 'p_loc714' <Predicate = true> <Delay = 0.00>
ST_1 : Operation 59 [1/1] (0.00ns)   --->   "%p_loc713 = alloca i64 1"   --->   Operation 59 'alloca' 'p_loc713' <Predicate = true> <Delay = 0.00>
ST_1 : Operation 60 [1/1] (0.00ns)   --->   "%p_loc712 = alloca i64 1"   --->   Operation 60 'alloca' 'p_loc712' <Predicate = true> <Delay = 0.00>
ST_1 : Operation 61 [1/1] (0.00ns)   --->   "%p_loc711 = alloca i64 1"   --->   Operation 61 'alloca' 'p_loc711' <Predicate = true> <Delay = 0.00>
ST_1 : Operation 62 [1/1] (0.00ns)   --->   "%p_loc710 = alloca i64 1"   --->   Operation 62 'alloca' 'p_loc710' <Predicate = true> <Delay = 0.00>
ST_1 : Operation 63 [1/1] (0.00ns)   --->   "%p_loc709 = alloca i64 1"   --->   Operation 63 'alloca' 'p_loc709' <Predicate = true> <Delay = 0.00>
ST_1 : Operation 64 [1/1] (0.00ns)   --->   "%p_loc708 = alloca i64 1"   --->   Operation 64 'alloca' 'p_loc708' <Predicate = true> <Delay = 0.00>
ST_1 : Operation 65 [1/1] (0.00ns)   --->   "%p_loc707 = alloca i64 1"   --->   Operation 65 'alloca' 'p_loc707' <Predicate = true> <Delay = 0.00>
ST_1 : Operation 66 [1/1] (0.00ns)   --->   "%p_loc706 = alloca i64 1"   --->   Operation 66 'alloca' 'p_loc706' <Predicate = true> <Delay = 0.00>
ST_1 : Operation 67 [1/1] (0.00ns)   --->   "%p_loc705 = alloca i64 1"   --->   Operation 67 'alloca' 'p_loc705' <Predicate = true> <Delay = 0.00>
ST_1 : Operation 68 [1/1] (0.00ns)   --->   "%p_loc704 = alloca i64 1"   --->   Operation 68 'alloca' 'p_loc704' <Predicate = true> <Delay = 0.00>
ST_1 : Operation 69 [1/1] (0.00ns)   --->   "%p_loc703 = alloca i64 1"   --->   Operation 69 'alloca' 'p_loc703' <Predicate = true> <Delay = 0.00>
ST_1 : Operation 70 [1/1] (0.00ns)   --->   "%p_loc702 = alloca i64 1"   --->   Operation 70 'alloca' 'p_loc702' <Predicate = true> <Delay = 0.00>
ST_1 : Operation 71 [1/1] (0.00ns)   --->   "%p_loc701 = alloca i64 1"   --->   Operation 71 'alloca' 'p_loc701' <Predicate = true> <Delay = 0.00>
ST_1 : Operation 72 [1/1] (0.00ns)   --->   "%p_loc700 = alloca i64 1"   --->   Operation 72 'alloca' 'p_loc700' <Predicate = true> <Delay = 0.00>
ST_1 : Operation 73 [1/1] (0.00ns)   --->   "%p_loc699 = alloca i64 1"   --->   Operation 73 'alloca' 'p_loc699' <Predicate = true> <Delay = 0.00>
ST_1 : Operation 74 [1/1] (0.00ns)   --->   "%p_loc698 = alloca i64 1"   --->   Operation 74 'alloca' 'p_loc698' <Predicate = true> <Delay = 0.00>
ST_1 : Operation 75 [1/1] (0.00ns)   --->   "%p_loc697 = alloca i64 1"   --->   Operation 75 'alloca' 'p_loc697' <Predicate = true> <Delay = 0.00>
ST_1 : Operation 76 [1/1] (0.00ns)   --->   "%p_loc696 = alloca i64 1"   --->   Operation 76 'alloca' 'p_loc696' <Predicate = true> <Delay = 0.00>
ST_1 : Operation 77 [1/1] (0.00ns)   --->   "%p_loc695 = alloca i64 1"   --->   Operation 77 'alloca' 'p_loc695' <Predicate = true> <Delay = 0.00>
ST_1 : Operation 78 [1/1] (0.00ns)   --->   "%p_loc694 = alloca i64 1"   --->   Operation 78 'alloca' 'p_loc694' <Predicate = true> <Delay = 0.00>
ST_1 : Operation 79 [1/1] (0.00ns)   --->   "%p_loc693 = alloca i64 1"   --->   Operation 79 'alloca' 'p_loc693' <Predicate = true> <Delay = 0.00>
ST_1 : Operation 80 [1/1] (0.00ns)   --->   "%p_loc = alloca i64 1"   --->   Operation 80 'alloca' 'p_loc' <Predicate = true> <Delay = 0.00>
ST_1 : Operation 81 [1/1] (0.00ns)   --->   "%specinterface_ln0 = specinterface void @_ssdm_op_SpecInterface, i64 %key_cache, void @ap_fifo_str, i32 0, i32 0, void @p_str, i32 0, i32 0, void @p_str, void @p_str, void @p_str, i32 2, i32 2, i32 16, i32 16, void @p_str, void @ScalarProp_str, i32 4294967295, i32 0, i32 0"   --->   Operation 81 'specinterface' 'specinterface_ln0' <Predicate = true> <Delay = 0.00>
ST_1 : Operation 82 [1/1] (0.00ns)   --->   "%muxLogicFIFOCE_to_key_cache_read = muxlogic"   --->   Operation 82 'muxlogic' 'muxLogicFIFOCE_to_key_cache_read' <Predicate = true> <Delay = 0.00>
ST_1 : Operation 83 [1/1] ( I:0.73ns O:0.56ns )   --->   "%key_cache_read = read i64 @_ssdm_op_Read.ap_fifo.i64P0A, i64 %key_cache"   --->   Operation 83 'read' 'key_cache_read' <Predicate = true> <Delay = 0.73> <CoreInst = "FIFO_SRL">   --->   Core 84 'FIFO_SRL' <Latency = 0> <II = 1> <Delay = 0.83> <Storage> <Opcode : 'read' 'write' 'nbread' 'nbwrite'> <Ports = 0> <Width = 64> <Depth = 2> <FIFO>
ST_1 : Operation 84 [1/1] (0.00ns)   --->   "%specinterface_ln0 = specinterface void @_ssdm_op_SpecInterface, i32 %gmem2, void @empty_50, i32 0, i32 0, void @empty_99, i32 0, i32 0, void @empty_57, void @empty_52, void @empty_99, i32 16, i32 16, i32 256, i32 256, void @empty_99, void @empty_99, i32 4294967295, i32 0, i32 0"   --->   Operation 84 'specinterface' 'specinterface_ln0' <Predicate = true> <Delay = 0.00>
ST_1 : Operation 85 [1/1] (0.00ns)   --->   "%k_cache_local_7_i_i = alloca i64 1"   --->   Operation 85 'alloca' 'k_cache_local_7_i_i' <Predicate = true> <Delay = 0.00>
ST_1 : Operation 86 [1/1] (0.00ns)   --->   "%k_cache_local_6_i_i = alloca i64 1"   --->   Operation 86 'alloca' 'k_cache_local_6_i_i' <Predicate = true> <Delay = 0.00>
ST_1 : Operation 87 [1/1] (0.00ns)   --->   "%k_cache_local_5_i_i = alloca i64 1"   --->   Operation 87 'alloca' 'k_cache_local_5_i_i' <Predicate = true> <Delay = 0.00>
ST_1 : Operation 88 [1/1] (0.00ns)   --->   "%k_cache_local_4_i_i = alloca i64 1"   --->   Operation 88 'alloca' 'k_cache_local_4_i_i' <Predicate = true> <Delay = 0.00>
ST_1 : Operation 89 [1/1] (0.00ns)   --->   "%k_cache_local_3_i_i = alloca i64 1"   --->   Operation 89 'alloca' 'k_cache_local_3_i_i' <Predicate = true> <Delay = 0.00>
ST_1 : Operation 90 [1/1] (0.00ns)   --->   "%k_cache_local_2_i_i = alloca i64 1"   --->   Operation 90 'alloca' 'k_cache_local_2_i_i' <Predicate = true> <Delay = 0.00>
ST_1 : Operation 91 [1/1] (0.00ns)   --->   "%k_cache_local_1_i_i = alloca i64 1"   --->   Operation 91 'alloca' 'k_cache_local_1_i_i' <Predicate = true> <Delay = 0.00>
ST_1 : Operation 92 [1/1] (0.00ns)   --->   "%k_cache_local_0_i_i = alloca i64 1"   --->   Operation 92 'alloca' 'k_cache_local_0_i_i' <Predicate = true> <Delay = 0.00>
ST_1 : Operation 93 [1/1] (0.00ns)   --->   "%tmp_26 = bitselect i1 @_ssdm_op_BitSelect.i1.i32.i32, i32 %p_read_7, i32 31" [kernel_MHSA.cpp:69->kernel_MHSA.cpp:68->kernel_MHSA.cpp:76]   --->   Operation 93 'bitselect' 'tmp_26' <Predicate = true> <Delay = 0.00>
ST_1 : Operation 94 [1/1] (0.71ns)   --->   "%icmp_ln69 = icmp_ne  i33 %p_read_9, i33 0" [kernel_MHSA.cpp:69->kernel_MHSA.cpp:68->kernel_MHSA.cpp:76]   --->   Operation 94 'icmp' 'icmp_ln69' <Predicate = true> <Delay = 0.71> <CoreInst = "ICmp_EQ">   --->   Core 156 'ICmp_EQ' <Latency = 0> <II = 1> <Delay = 0.71> <FuncUnit> <Opcode : 'seteq' 'setne'> <InPorts = 2> <OutPorts = 1>
ST_1 : Operation 95 [1/1] (0.41ns)   --->   "%select_ln69 = select i1 %icmp_ln69, i33 %p_read_9, i33 1" [kernel_MHSA.cpp:69->kernel_MHSA.cpp:68->kernel_MHSA.cpp:76]   --->   Operation 95 'select' 'select_ln69' <Predicate = true> <Delay = 0.41> <CoreInst = "Sel">   --->   Core 77 'Sel' <Latency = 0> <II = 1> <Delay = 0.41> <FuncUnit> <Opcode : 'select'> <InPorts = 3> <OutPorts = 1>
ST_1 : Operation 96 [1/1] (0.36ns)   --->   "%store_ln68 = store i4 0, i4 %h" [kernel_MHSA.cpp:68->kernel_MHSA.cpp:68->kernel_MHSA.cpp:76]   --->   Operation 96 'store' 'store_ln68' <Predicate = true> <Delay = 0.36>
ST_1 : Operation 97 [1/1] (0.00ns)   --->   "%br_ln68 = br void %VITIS_LOOP_69_1.i.i" [kernel_MHSA.cpp:68->kernel_MHSA.cpp:68->kernel_MHSA.cpp:76]   --->   Operation 97 'br' 'br_ln68' <Predicate = true> <Delay = 0.00>

State 2 <SV = 1> <Delay = 2.24>
ST_2 : Operation 98 [1/1] (0.00ns)   --->   "%h_3 = load i4 %h" [kernel_MHSA.cpp:68->kernel_MHSA.cpp:68->kernel_MHSA.cpp:76]   --->   Operation 98 'load' 'h_3' <Predicate = true> <Delay = 0.00>
ST_2 : Operation 99 [1/1] (0.66ns)   --->   "%add_ln68 = add i4 %h_3, i4 1" [kernel_MHSA.cpp:68->kernel_MHSA.cpp:68->kernel_MHSA.cpp:76]   --->   Operation 99 'add' 'add_ln68' <Predicate = true> <Delay = 0.66> <CoreInst = "Adder">   --->   Core 1 'Adder' <Latency = 0> <II = 1> <Delay = 0.66> <FuncUnit> <Opcode : 'add' 'sub'> <InPorts = 2> <OutPorts = 1>
ST_2 : Operation 100 [1/1] (0.43ns)   --->   "%icmp_ln68 = icmp_eq  i4 %h_3, i4 12" [kernel_MHSA.cpp:68->kernel_MHSA.cpp:68->kernel_MHSA.cpp:76]   --->   Operation 100 'icmp' 'icmp_ln68' <Predicate = true> <Delay = 0.43> <CoreInst = "ICmp_EQ">   --->   Core 156 'ICmp_EQ' <Latency = 0> <II = 1> <Delay = 0.43> <FuncUnit> <Opcode : 'seteq' 'setne'> <InPorts = 2> <OutPorts = 1>
ST_2 : Operation 101 [1/1] (0.00ns)   --->   "%br_ln68 = br i1 %icmp_ln68, void %VITIS_LOOP_69_1.split.i.i, void %Loop_ATT_INIT_proc.1.exit.i" [kernel_MHSA.cpp:68->kernel_MHSA.cpp:68->kernel_MHSA.cpp:76]   --->   Operation 101 'br' 'br_ln68' <Predicate = true> <Delay = 0.00>
ST_2 : Operation 102 [1/1] (0.00ns)   --->   "%speclooptripcount_ln68 = speclooptripcount void @_ssdm_op_SpecLoopTripCount, i64 12, i64 12, i64 12" [kernel_MHSA.cpp:68->kernel_MHSA.cpp:68->kernel_MHSA.cpp:76]   --->   Operation 102 'speclooptripcount' 'speclooptripcount_ln68' <Predicate = (!icmp_ln68)> <Delay = 0.00>
ST_2 : Operation 103 [1/1] (0.00ns)   --->   "%specloopname_ln68 = specloopname void @_ssdm_op_SpecLoopName, void @empty_92" [kernel_MHSA.cpp:68->kernel_MHSA.cpp:68->kernel_MHSA.cpp:76]   --->   Operation 103 'specloopname' 'specloopname_ln68' <Predicate = (!icmp_ln68)> <Delay = 0.00>
ST_2 : Operation 104 [1/1] (0.00ns)   --->   "%br_ln69 = br i1 %tmp_26, void %for.inc33.lr.ph.i.i, void %for.inc36.i.i" [kernel_MHSA.cpp:69->kernel_MHSA.cpp:68->kernel_MHSA.cpp:76]   --->   Operation 104 'br' 'br_ln69' <Predicate = (!icmp_ln68)> <Delay = 0.00>
ST_2 : Operation 105 [2/2] (1.81ns)   --->   "%call_ln69 = call void @Block_entry_att_0_wr_proc_Pipeline_VITIS_LOOP_69_1, i33 %select_ln69, i32 %att_11, i32 %att_10, i32 %att_9, i32 %att_8, i32 %att_7, i32 %att_6, i32 %att_5, i32 %att_4, i32 %att_3, i32 %att_2, i32 %att_1, i32 %att_0, i4 %h_3" [kernel_MHSA.cpp:69->kernel_MHSA.cpp:68->kernel_MHSA.cpp:76]   --->   Operation 105 'call' 'call_ln69' <Predicate = (!icmp_ln68 & !tmp_26)> <Delay = 1.81> <CoreType = "Generic">   --->   Generic Core
ST_2 : Operation 106 [1/1] (0.00ns)   --->   "%h_1 = alloca i32 1" [kernel_MHSA.cpp:76->kernel_MHSA.cpp:76->kernel_MHSA.cpp:81->kernel_MHSA.cpp:76]   --->   Operation 106 'alloca' 'h_1' <Predicate = (icmp_ln68)> <Delay = 0.00>
ST_2 : Operation 107 [1/1] (0.00ns)   --->   "%sext_ln76 = sext i32 %p_read_10" [kernel_MHSA.cpp:76->kernel_MHSA.cpp:76->kernel_MHSA.cpp:81->kernel_MHSA.cpp:76]   --->   Operation 107 'sext' 'sext_ln76' <Predicate = (icmp_ln68)> <Delay = 0.00>
ST_2 : Operation 108 [1/1] (0.00ns)   --->   "%tmp_27 = partselect i32 @_ssdm_op_PartSelect.i32.i33.i32.i32, i33 %p_read_9, i32 1, i32 32"   --->   Operation 108 'partselect' 'tmp_27' <Predicate = (icmp_ln68)> <Delay = 0.00>
ST_2 : Operation 109 [1/1] (0.70ns)   --->   "%icmp = icmp_ne  i32 %tmp_27, i32 0"   --->   Operation 109 'icmp' 'icmp' <Predicate = (icmp_ln68)> <Delay = 0.70> <CoreInst = "ICmp_EQ">   --->   Core 156 'ICmp_EQ' <Latency = 0> <II = 1> <Delay = 0.70> <FuncUnit> <Opcode : 'seteq' 'setne'> <InPorts = 2> <OutPorts = 1>
ST_2 : Operation 110 [1/1] (0.41ns)   --->   "%umax = select i1 %icmp, i33 %p_read_9, i33 1"   --->   Operation 110 'select' 'umax' <Predicate = (icmp_ln68)> <Delay = 0.41> <CoreInst = "Sel">   --->   Core 77 'Sel' <Latency = 0> <II = 1> <Delay = 0.41> <FuncUnit> <Opcode : 'select'> <InPorts = 3> <OutPorts = 1>
ST_2 : Operation 111 [1/1] (0.00ns)   --->   "%tmp = bitconcatenate i39 @_ssdm_op_BitConcatenate.i39.i33.i6, i33 %umax, i6 0" [kernel_MHSA.cpp:76->kernel_MHSA.cpp:76->kernel_MHSA.cpp:81->kernel_MHSA.cpp:76]   --->   Operation 111 'bitconcatenate' 'tmp' <Predicate = (icmp_ln68)> <Delay = 0.00>
ST_2 : Operation 112 [1/1] (0.36ns)   --->   "%store_ln76 = store i4 0, i4 %h_1" [kernel_MHSA.cpp:76->kernel_MHSA.cpp:76->kernel_MHSA.cpp:81->kernel_MHSA.cpp:76]   --->   Operation 112 'store' 'store_ln76' <Predicate = (icmp_ln68)> <Delay = 0.36>
ST_2 : Operation 113 [1/1] (0.00ns)   --->   "%br_ln76 = br void %LOAD_K_CACHE.i.i.i" [kernel_MHSA.cpp:76->kernel_MHSA.cpp:76->kernel_MHSA.cpp:81->kernel_MHSA.cpp:76]   --->   Operation 113 'br' 'br_ln76' <Predicate = (icmp_ln68)> <Delay = 0.00>

State 3 <SV = 2> <Delay = 1.38>
ST_3 : Operation 114 [1/2] (1.38ns)   --->   "%call_ln69 = call void @Block_entry_att_0_wr_proc_Pipeline_VITIS_LOOP_69_1, i33 %select_ln69, i32 %att_11, i32 %att_10, i32 %att_9, i32 %att_8, i32 %att_7, i32 %att_6, i32 %att_5, i32 %att_4, i32 %att_3, i32 %att_2, i32 %att_1, i32 %att_0, i4 %h_3" [kernel_MHSA.cpp:69->kernel_MHSA.cpp:68->kernel_MHSA.cpp:76]   --->   Operation 114 'call' 'call_ln69' <Predicate = (!tmp_26)> <Delay = 1.38> <CoreType = "Generic">   --->   Generic Core
ST_3 : Operation 115 [1/1] (0.00ns)   --->   "%br_ln0 = br void %for.inc36.i.i"   --->   Operation 115 'br' 'br_ln0' <Predicate = (!tmp_26)> <Delay = 0.00>
ST_3 : Operation 116 [1/1] (0.36ns)   --->   "%store_ln68 = store i4 %add_ln68, i4 %h" [kernel_MHSA.cpp:68->kernel_MHSA.cpp:68->kernel_MHSA.cpp:76]   --->   Operation 116 'store' 'store_ln68' <Predicate = true> <Delay = 0.36>
ST_3 : Operation 117 [1/1] (0.00ns)   --->   "%br_ln68 = br void %VITIS_LOOP_69_1.i.i" [kernel_MHSA.cpp:68->kernel_MHSA.cpp:68->kernel_MHSA.cpp:76]   --->   Operation 117 'br' 'br_ln68' <Predicate = true> <Delay = 0.00>

State 4 <SV = 2> <Delay = 0.85>
ST_4 : Operation 118 [1/1] (0.00ns)   --->   "%h_4 = load i4 %h_1" [kernel_MHSA.cpp:76->kernel_MHSA.cpp:76->kernel_MHSA.cpp:81->kernel_MHSA.cpp:76]   --->   Operation 118 'load' 'h_4' <Predicate = true> <Delay = 0.00>
ST_4 : Operation 119 [1/1] (0.66ns)   --->   "%add_ln76 = add i4 %h_4, i4 1" [kernel_MHSA.cpp:76->kernel_MHSA.cpp:76->kernel_MHSA.cpp:81->kernel_MHSA.cpp:76]   --->   Operation 119 'add' 'add_ln76' <Predicate = true> <Delay = 0.66> <CoreInst = "Adder">   --->   Core 1 'Adder' <Latency = 0> <II = 1> <Delay = 0.66> <FuncUnit> <Opcode : 'add' 'sub'> <InPorts = 2> <OutPorts = 1>
ST_4 : Operation 120 [1/1] (0.43ns)   --->   "%icmp_ln76 = icmp_eq  i4 %h_4, i4 12" [kernel_MHSA.cpp:76->kernel_MHSA.cpp:76->kernel_MHSA.cpp:81->kernel_MHSA.cpp:76]   --->   Operation 120 'icmp' 'icmp_ln76' <Predicate = true> <Delay = 0.43> <CoreInst = "ICmp_EQ">   --->   Core 156 'ICmp_EQ' <Latency = 0> <II = 1> <Delay = 0.43> <FuncUnit> <Opcode : 'seteq' 'setne'> <InPorts = 2> <OutPorts = 1>
ST_4 : Operation 121 [1/1] (0.00ns)   --->   "%br_ln76 = br i1 %icmp_ln76, void %LOAD_K_CACHE.split.i.i.i, void %for.inc127.i.i.preheader" [kernel_MHSA.cpp:76->kernel_MHSA.cpp:76->kernel_MHSA.cpp:81->kernel_MHSA.cpp:76]   --->   Operation 121 'br' 'br_ln76' <Predicate = true> <Delay = 0.00>
ST_4 : Operation 122 [1/1] (0.00ns)   --->   "%speclooptripcount_ln78 = speclooptripcount void @_ssdm_op_SpecLoopTripCount, i64 12, i64 12, i64 12" [kernel_MHSA.cpp:78->kernel_MHSA.cpp:76->kernel_MHSA.cpp:81->kernel_MHSA.cpp:76]   --->   Operation 122 'speclooptripcount' 'speclooptripcount_ln78' <Predicate = (!icmp_ln76)> <Delay = 0.00>
ST_4 : Operation 123 [1/1] (0.00ns)   --->   "%specloopname_ln76 = specloopname void @_ssdm_op_SpecLoopName, void @empty_90" [kernel_MHSA.cpp:76->kernel_MHSA.cpp:76->kernel_MHSA.cpp:81->kernel_MHSA.cpp:76]   --->   Operation 123 'specloopname' 'specloopname_ln76' <Predicate = (!icmp_ln76)> <Delay = 0.00>
ST_4 : Operation 124 [1/1] (0.00ns)   --->   "%shl_ln = bitconcatenate i10 @_ssdm_op_BitConcatenate.i10.i4.i6, i4 %h_4, i6 0" [kernel_MHSA.cpp:78->kernel_MHSA.cpp:76->kernel_MHSA.cpp:81->kernel_MHSA.cpp:76]   --->   Operation 124 'bitconcatenate' 'shl_ln' <Predicate = (!icmp_ln76)> <Delay = 0.00>
ST_4 : Operation 125 [1/1] (0.00ns)   --->   "%zext_ln78 = zext i10 %shl_ln" [kernel_MHSA.cpp:78->kernel_MHSA.cpp:76->kernel_MHSA.cpp:81->kernel_MHSA.cpp:76]   --->   Operation 125 'zext' 'zext_ln78' <Predicate = (!icmp_ln76)> <Delay = 0.00>
ST_4 : Operation 126 [1/1] (0.85ns)   --->   "%add_ln78 = add i33 %sext_ln76, i33 %zext_ln78" [kernel_MHSA.cpp:78->kernel_MHSA.cpp:76->kernel_MHSA.cpp:81->kernel_MHSA.cpp:76]   --->   Operation 126 'add' 'add_ln78' <Predicate = (!icmp_ln76)> <Delay = 0.85> <CoreInst = "Adder">   --->   Core 1 'Adder' <Latency = 0> <II = 1> <Delay = 0.85> <FuncUnit> <Opcode : 'add' 'sub'> <InPorts = 2> <OutPorts = 1>
ST_4 : Operation 127 [1/1] (0.00ns)   --->   "%br_ln83 = br i1 %tmp_26, void %for.inc66.i.i.i.preheader, void %Q_LOAD.i.i.i" [kernel_MHSA.cpp:83->kernel_MHSA.cpp:76->kernel_MHSA.cpp:81->kernel_MHSA.cpp:76]   --->   Operation 127 'br' 'br_ln83' <Predicate = (!icmp_ln76)> <Delay = 0.00>
ST_4 : Operation 128 [2/2] (0.00ns)   --->   "%call_ln76 = call void @Block_entry_att_0_wr_proc_Pipeline_LOAD_K_CACHE_VITIS_LOOP_84_2, i39 %tmp, i32 %k_cache_local_7_i_i, i32 %k_cache_local_6_i_i, i32 %k_cache_local_5_i_i, i32 %k_cache_local_4_i_i, i32 %k_cache_local_3_i_i, i32 %k_cache_local_2_i_i, i32 %k_cache_local_1_i_i, i32 %k_cache_local_0_i_i, i33 %add_ln78, i64 %key_cache_read, i32 %gmem2" [kernel_MHSA.cpp:76->kernel_MHSA.cpp:76->kernel_MHSA.cpp:81->kernel_MHSA.cpp:76]   --->   Operation 128 'call' 'call_ln76' <Predicate = (!tmp_26 & !icmp_ln76)> <Delay = 0.00> <CoreType = "Generic">   --->   Generic Core
ST_4 : Operation 129 [1/1] (0.00ns)   --->   "%h_2 = alloca i32 1" [kernel_MHSA.cpp:111->kernel_MHSA.cpp:111->kernel_MHSA.cpp:76]   --->   Operation 129 'alloca' 'h_2' <Predicate = (icmp_ln76)> <Delay = 0.00>
ST_4 : Operation 130 [1/1] (0.36ns)   --->   "%store_ln111 = store i4 0, i4 %h_2" [kernel_MHSA.cpp:111->kernel_MHSA.cpp:111->kernel_MHSA.cpp:76]   --->   Operation 130 'store' 'store_ln111' <Predicate = (icmp_ln76)> <Delay = 0.36>
ST_4 : Operation 131 [1/1] (0.00ns)   --->   "%br_ln111 = br void %for.inc127.i.i" [kernel_MHSA.cpp:111->kernel_MHSA.cpp:111->kernel_MHSA.cpp:76]   --->   Operation 131 'br' 'br_ln111' <Predicate = (icmp_ln76)> <Delay = 0.00>

State 5 <SV = 3> <Delay = 1.38>
ST_5 : Operation 132 [1/2] (0.00ns)   --->   "%call_ln76 = call void @Block_entry_att_0_wr_proc_Pipeline_LOAD_K_CACHE_VITIS_LOOP_84_2, i39 %tmp, i32 %k_cache_local_7_i_i, i32 %k_cache_local_6_i_i, i32 %k_cache_local_5_i_i, i32 %k_cache_local_4_i_i, i32 %k_cache_local_3_i_i, i32 %k_cache_local_2_i_i, i32 %k_cache_local_1_i_i, i32 %k_cache_local_0_i_i, i33 %add_ln78, i64 %key_cache_read, i32 %gmem2" [kernel_MHSA.cpp:76->kernel_MHSA.cpp:76->kernel_MHSA.cpp:81->kernel_MHSA.cpp:76]   --->   Operation 132 'call' 'call_ln76' <Predicate = (!tmp_26)> <Delay = 0.00> <CoreType = "Generic">   --->   Generic Core
ST_5 : Operation 133 [1/1] (0.00ns)   --->   "%br_ln0 = br void %Q_LOAD.i.i.i"   --->   Operation 133 'br' 'br_ln0' <Predicate = (!tmp_26)> <Delay = 0.00>
ST_5 : Operation 134 [1/1] (0.00ns)   --->   "%p_udiv1079_i_i_i = bitconcatenate i7 @_ssdm_op_BitConcatenate.i7.i4.i3, i4 %h_4, i3 0" [kernel_MHSA.cpp:76->kernel_MHSA.cpp:76->kernel_MHSA.cpp:81->kernel_MHSA.cpp:76]   --->   Operation 134 'bitconcatenate' 'p_udiv1079_i_i_i' <Predicate = true> <Delay = 0.00>
ST_5 : Operation 135 [2/2] (1.38ns)   --->   "%call_ln76 = call void @Block_entry_att_0_wr_proc_Pipeline_Q_LOAD, i7 %p_udiv1079_i_i_i, i32 %out_q_rope_0, i32 %out_q_rope_1, i32 %out_q_rope_2, i32 %out_q_rope_3, i32 %out_q_rope_4, i32 %out_q_rope_5, i32 %out_q_rope_6, i32 %out_q_rope_7, i32 %p_loc, i32 %p_loc693, i32 %p_loc694, i32 %p_loc695, i32 %p_loc696, i32 %p_loc697, i32 %p_loc698, i32 %p_loc699, i32 %p_loc700, i32 %p_loc701, i32 %p_loc702, i32 %p_loc703, i32 %p_loc704, i32 %p_loc705, i32 %p_loc706, i32 %p_loc707, i32 %p_loc708, i32 %p_loc709, i32 %p_loc710, i32 %p_loc711, i32 %p_loc712, i32 %p_loc713, i32 %p_loc714, i32 %p_loc715, i32 %p_loc716, i32 %p_loc717, i32 %p_loc718, i32 %p_loc719, i32 %p_loc720, i32 %p_loc721, i32 %p_loc722, i32 %p_loc723, i32 %p_loc724, i32 %p_loc725, i32 %p_loc726, i32 %p_loc727, i32 %p_loc728, i32 %p_loc729, i32 %p_loc730, i32 %p_loc731, i32 %p_loc732, i32 %p_loc733, i32 %p_loc734, i32 %p_loc735, i32 %p_loc736, i32 %p_loc737, i32 %p_loc738, i32 %p_loc739, i32 %p_loc740, i32 %p_loc741, i32 %p_loc742, i32 %p_loc743, i32 %p_loc744, i32 %p_loc745, i32 %p_loc746, i32 %p_loc747, i32 %p_loc748, i32 %p_loc749, i32 %p_loc750, i32 %p_loc751, i32 %p_loc752, i32 %p_loc753, i32 %p_loc754, i32 %p_loc755" [kernel_MHSA.cpp:76->kernel_MHSA.cpp:76->kernel_MHSA.cpp:81->kernel_MHSA.cpp:76]   --->   Operation 135 'call' 'call_ln76' <Predicate = true> <Delay = 1.38> <CoreType = "Generic">   --->   Generic Core

State 6 <SV = 4> <Delay = 1.21>
ST_6 : Operation 136 [1/2] (1.21ns)   --->   "%call_ln76 = call void @Block_entry_att_0_wr_proc_Pipeline_Q_LOAD, i7 %p_udiv1079_i_i_i, i32 %out_q_rope_0, i32 %out_q_rope_1, i32 %out_q_rope_2, i32 %out_q_rope_3, i32 %out_q_rope_4, i32 %out_q_rope_5, i32 %out_q_rope_6, i32 %out_q_rope_7, i32 %p_loc, i32 %p_loc693, i32 %p_loc694, i32 %p_loc695, i32 %p_loc696, i32 %p_loc697, i32 %p_loc698, i32 %p_loc699, i32 %p_loc700, i32 %p_loc701, i32 %p_loc702, i32 %p_loc703, i32 %p_loc704, i32 %p_loc705, i32 %p_loc706, i32 %p_loc707, i32 %p_loc708, i32 %p_loc709, i32 %p_loc710, i32 %p_loc711, i32 %p_loc712, i32 %p_loc713, i32 %p_loc714, i32 %p_loc715, i32 %p_loc716, i32 %p_loc717, i32 %p_loc718, i32 %p_loc719, i32 %p_loc720, i32 %p_loc721, i32 %p_loc722, i32 %p_loc723, i32 %p_loc724, i32 %p_loc725, i32 %p_loc726, i32 %p_loc727, i32 %p_loc728, i32 %p_loc729, i32 %p_loc730, i32 %p_loc731, i32 %p_loc732, i32 %p_loc733, i32 %p_loc734, i32 %p_loc735, i32 %p_loc736, i32 %p_loc737, i32 %p_loc738, i32 %p_loc739, i32 %p_loc740, i32 %p_loc741, i32 %p_loc742, i32 %p_loc743, i32 %p_loc744, i32 %p_loc745, i32 %p_loc746, i32 %p_loc747, i32 %p_loc748, i32 %p_loc749, i32 %p_loc750, i32 %p_loc751, i32 %p_loc752, i32 %p_loc753, i32 %p_loc754, i32 %p_loc755" [kernel_MHSA.cpp:76->kernel_MHSA.cpp:76->kernel_MHSA.cpp:81->kernel_MHSA.cpp:76]   --->   Operation 136 'call' 'call_ln76' <Predicate = true> <Delay = 1.21> <CoreType = "Generic">   --->   Generic Core

State 7 <SV = 5> <Delay = 1.46>
ST_7 : Operation 137 [1/1] (0.00ns)   --->   "%p_loc_load = load i32 %p_loc"   --->   Operation 137 'load' 'p_loc_load' <Predicate = true> <Delay = 0.00>
ST_7 : Operation 138 [1/1] (0.00ns)   --->   "%p_loc693_load = load i32 %p_loc693"   --->   Operation 138 'load' 'p_loc693_load' <Predicate = true> <Delay = 0.00>
ST_7 : Operation 139 [1/1] (0.00ns)   --->   "%p_loc694_load = load i32 %p_loc694"   --->   Operation 139 'load' 'p_loc694_load' <Predicate = true> <Delay = 0.00>
ST_7 : Operation 140 [1/1] (0.00ns)   --->   "%p_loc695_load = load i32 %p_loc695"   --->   Operation 140 'load' 'p_loc695_load' <Predicate = true> <Delay = 0.00>
ST_7 : Operation 141 [1/1] (0.00ns)   --->   "%p_loc696_load = load i32 %p_loc696"   --->   Operation 141 'load' 'p_loc696_load' <Predicate = true> <Delay = 0.00>
ST_7 : Operation 142 [1/1] (0.00ns)   --->   "%p_loc697_load = load i32 %p_loc697"   --->   Operation 142 'load' 'p_loc697_load' <Predicate = true> <Delay = 0.00>
ST_7 : Operation 143 [1/1] (0.00ns)   --->   "%p_loc698_load = load i32 %p_loc698"   --->   Operation 143 'load' 'p_loc698_load' <Predicate = true> <Delay = 0.00>
ST_7 : Operation 144 [1/1] (0.00ns)   --->   "%p_loc699_load = load i32 %p_loc699"   --->   Operation 144 'load' 'p_loc699_load' <Predicate = true> <Delay = 0.00>
ST_7 : Operation 145 [1/1] (0.00ns)   --->   "%p_loc700_load = load i32 %p_loc700"   --->   Operation 145 'load' 'p_loc700_load' <Predicate = true> <Delay = 0.00>
ST_7 : Operation 146 [1/1] (0.00ns)   --->   "%p_loc701_load = load i32 %p_loc701"   --->   Operation 146 'load' 'p_loc701_load' <Predicate = true> <Delay = 0.00>
ST_7 : Operation 147 [1/1] (0.00ns)   --->   "%p_loc702_load = load i32 %p_loc702"   --->   Operation 147 'load' 'p_loc702_load' <Predicate = true> <Delay = 0.00>
ST_7 : Operation 148 [1/1] (0.00ns)   --->   "%p_loc703_load = load i32 %p_loc703"   --->   Operation 148 'load' 'p_loc703_load' <Predicate = true> <Delay = 0.00>
ST_7 : Operation 149 [1/1] (0.00ns)   --->   "%p_loc704_load = load i32 %p_loc704"   --->   Operation 149 'load' 'p_loc704_load' <Predicate = true> <Delay = 0.00>
ST_7 : Operation 150 [1/1] (0.00ns)   --->   "%p_loc705_load = load i32 %p_loc705"   --->   Operation 150 'load' 'p_loc705_load' <Predicate = true> <Delay = 0.00>
ST_7 : Operation 151 [1/1] (0.00ns)   --->   "%p_loc706_load = load i32 %p_loc706"   --->   Operation 151 'load' 'p_loc706_load' <Predicate = true> <Delay = 0.00>
ST_7 : Operation 152 [1/1] (0.00ns)   --->   "%p_loc707_load = load i32 %p_loc707"   --->   Operation 152 'load' 'p_loc707_load' <Predicate = true> <Delay = 0.00>
ST_7 : Operation 153 [1/1] (0.00ns)   --->   "%p_loc708_load = load i32 %p_loc708"   --->   Operation 153 'load' 'p_loc708_load' <Predicate = true> <Delay = 0.00>
ST_7 : Operation 154 [1/1] (0.00ns)   --->   "%p_loc709_load = load i32 %p_loc709"   --->   Operation 154 'load' 'p_loc709_load' <Predicate = true> <Delay = 0.00>
ST_7 : Operation 155 [1/1] (0.00ns)   --->   "%p_loc710_load = load i32 %p_loc710"   --->   Operation 155 'load' 'p_loc710_load' <Predicate = true> <Delay = 0.00>
ST_7 : Operation 156 [1/1] (0.00ns)   --->   "%p_loc711_load = load i32 %p_loc711"   --->   Operation 156 'load' 'p_loc711_load' <Predicate = true> <Delay = 0.00>
ST_7 : Operation 157 [1/1] (0.00ns)   --->   "%p_loc712_load = load i32 %p_loc712"   --->   Operation 157 'load' 'p_loc712_load' <Predicate = true> <Delay = 0.00>
ST_7 : Operation 158 [1/1] (0.00ns)   --->   "%p_loc713_load = load i32 %p_loc713"   --->   Operation 158 'load' 'p_loc713_load' <Predicate = true> <Delay = 0.00>
ST_7 : Operation 159 [1/1] (0.00ns)   --->   "%p_loc714_load = load i32 %p_loc714"   --->   Operation 159 'load' 'p_loc714_load' <Predicate = true> <Delay = 0.00>
ST_7 : Operation 160 [1/1] (0.00ns)   --->   "%p_loc715_load = load i32 %p_loc715"   --->   Operation 160 'load' 'p_loc715_load' <Predicate = true> <Delay = 0.00>
ST_7 : Operation 161 [1/1] (0.00ns)   --->   "%p_loc716_load = load i32 %p_loc716"   --->   Operation 161 'load' 'p_loc716_load' <Predicate = true> <Delay = 0.00>
ST_7 : Operation 162 [1/1] (0.00ns)   --->   "%p_loc717_load = load i32 %p_loc717"   --->   Operation 162 'load' 'p_loc717_load' <Predicate = true> <Delay = 0.00>
ST_7 : Operation 163 [1/1] (0.00ns)   --->   "%p_loc718_load = load i32 %p_loc718"   --->   Operation 163 'load' 'p_loc718_load' <Predicate = true> <Delay = 0.00>
ST_7 : Operation 164 [1/1] (0.00ns)   --->   "%p_loc719_load = load i32 %p_loc719"   --->   Operation 164 'load' 'p_loc719_load' <Predicate = true> <Delay = 0.00>
ST_7 : Operation 165 [1/1] (0.00ns)   --->   "%p_loc720_load = load i32 %p_loc720"   --->   Operation 165 'load' 'p_loc720_load' <Predicate = true> <Delay = 0.00>
ST_7 : Operation 166 [1/1] (0.00ns)   --->   "%p_loc721_load = load i32 %p_loc721"   --->   Operation 166 'load' 'p_loc721_load' <Predicate = true> <Delay = 0.00>
ST_7 : Operation 167 [1/1] (0.00ns)   --->   "%p_loc722_load = load i32 %p_loc722"   --->   Operation 167 'load' 'p_loc722_load' <Predicate = true> <Delay = 0.00>
ST_7 : Operation 168 [1/1] (0.00ns)   --->   "%p_loc723_load = load i32 %p_loc723"   --->   Operation 168 'load' 'p_loc723_load' <Predicate = true> <Delay = 0.00>
ST_7 : Operation 169 [1/1] (0.00ns)   --->   "%p_loc724_load = load i32 %p_loc724"   --->   Operation 169 'load' 'p_loc724_load' <Predicate = true> <Delay = 0.00>
ST_7 : Operation 170 [1/1] (0.00ns)   --->   "%p_loc725_load = load i32 %p_loc725"   --->   Operation 170 'load' 'p_loc725_load' <Predicate = true> <Delay = 0.00>
ST_7 : Operation 171 [1/1] (0.00ns)   --->   "%p_loc726_load = load i32 %p_loc726"   --->   Operation 171 'load' 'p_loc726_load' <Predicate = true> <Delay = 0.00>
ST_7 : Operation 172 [1/1] (0.00ns)   --->   "%p_loc727_load = load i32 %p_loc727"   --->   Operation 172 'load' 'p_loc727_load' <Predicate = true> <Delay = 0.00>
ST_7 : Operation 173 [1/1] (0.00ns)   --->   "%p_loc728_load = load i32 %p_loc728"   --->   Operation 173 'load' 'p_loc728_load' <Predicate = true> <Delay = 0.00>
ST_7 : Operation 174 [1/1] (0.00ns)   --->   "%p_loc729_load = load i32 %p_loc729"   --->   Operation 174 'load' 'p_loc729_load' <Predicate = true> <Delay = 0.00>
ST_7 : Operation 175 [1/1] (0.00ns)   --->   "%p_loc730_load = load i32 %p_loc730"   --->   Operation 175 'load' 'p_loc730_load' <Predicate = true> <Delay = 0.00>
ST_7 : Operation 176 [1/1] (0.00ns)   --->   "%p_loc731_load = load i32 %p_loc731"   --->   Operation 176 'load' 'p_loc731_load' <Predicate = true> <Delay = 0.00>
ST_7 : Operation 177 [1/1] (0.00ns)   --->   "%p_loc732_load = load i32 %p_loc732"   --->   Operation 177 'load' 'p_loc732_load' <Predicate = true> <Delay = 0.00>
ST_7 : Operation 178 [1/1] (0.00ns)   --->   "%p_loc733_load = load i32 %p_loc733"   --->   Operation 178 'load' 'p_loc733_load' <Predicate = true> <Delay = 0.00>
ST_7 : Operation 179 [1/1] (0.00ns)   --->   "%p_loc734_load = load i32 %p_loc734"   --->   Operation 179 'load' 'p_loc734_load' <Predicate = true> <Delay = 0.00>
ST_7 : Operation 180 [1/1] (0.00ns)   --->   "%p_loc735_load = load i32 %p_loc735"   --->   Operation 180 'load' 'p_loc735_load' <Predicate = true> <Delay = 0.00>
ST_7 : Operation 181 [1/1] (0.00ns)   --->   "%p_loc736_load = load i32 %p_loc736"   --->   Operation 181 'load' 'p_loc736_load' <Predicate = true> <Delay = 0.00>
ST_7 : Operation 182 [1/1] (0.00ns)   --->   "%p_loc737_load = load i32 %p_loc737"   --->   Operation 182 'load' 'p_loc737_load' <Predicate = true> <Delay = 0.00>
ST_7 : Operation 183 [1/1] (0.00ns)   --->   "%p_loc738_load = load i32 %p_loc738"   --->   Operation 183 'load' 'p_loc738_load' <Predicate = true> <Delay = 0.00>
ST_7 : Operation 184 [1/1] (0.00ns)   --->   "%p_loc739_load = load i32 %p_loc739"   --->   Operation 184 'load' 'p_loc739_load' <Predicate = true> <Delay = 0.00>
ST_7 : Operation 185 [1/1] (0.00ns)   --->   "%p_loc740_load = load i32 %p_loc740"   --->   Operation 185 'load' 'p_loc740_load' <Predicate = true> <Delay = 0.00>
ST_7 : Operation 186 [1/1] (0.00ns)   --->   "%p_loc741_load = load i32 %p_loc741"   --->   Operation 186 'load' 'p_loc741_load' <Predicate = true> <Delay = 0.00>
ST_7 : Operation 187 [1/1] (0.00ns)   --->   "%p_loc742_load = load i32 %p_loc742"   --->   Operation 187 'load' 'p_loc742_load' <Predicate = true> <Delay = 0.00>
ST_7 : Operation 188 [1/1] (0.00ns)   --->   "%p_loc743_load = load i32 %p_loc743"   --->   Operation 188 'load' 'p_loc743_load' <Predicate = true> <Delay = 0.00>
ST_7 : Operation 189 [1/1] (0.00ns)   --->   "%p_loc744_load = load i32 %p_loc744"   --->   Operation 189 'load' 'p_loc744_load' <Predicate = true> <Delay = 0.00>
ST_7 : Operation 190 [1/1] (0.00ns)   --->   "%p_loc745_load = load i32 %p_loc745"   --->   Operation 190 'load' 'p_loc745_load' <Predicate = true> <Delay = 0.00>
ST_7 : Operation 191 [1/1] (0.00ns)   --->   "%p_loc746_load = load i32 %p_loc746"   --->   Operation 191 'load' 'p_loc746_load' <Predicate = true> <Delay = 0.00>
ST_7 : Operation 192 [1/1] (0.00ns)   --->   "%p_loc747_load = load i32 %p_loc747"   --->   Operation 192 'load' 'p_loc747_load' <Predicate = true> <Delay = 0.00>
ST_7 : Operation 193 [1/1] (0.00ns)   --->   "%p_loc748_load = load i32 %p_loc748"   --->   Operation 193 'load' 'p_loc748_load' <Predicate = true> <Delay = 0.00>
ST_7 : Operation 194 [1/1] (0.00ns)   --->   "%p_loc749_load = load i32 %p_loc749"   --->   Operation 194 'load' 'p_loc749_load' <Predicate = true> <Delay = 0.00>
ST_7 : Operation 195 [1/1] (0.00ns)   --->   "%p_loc750_load = load i32 %p_loc750"   --->   Operation 195 'load' 'p_loc750_load' <Predicate = true> <Delay = 0.00>
ST_7 : Operation 196 [1/1] (0.00ns)   --->   "%p_loc751_load = load i32 %p_loc751"   --->   Operation 196 'load' 'p_loc751_load' <Predicate = true> <Delay = 0.00>
ST_7 : Operation 197 [1/1] (0.00ns)   --->   "%p_loc752_load = load i32 %p_loc752"   --->   Operation 197 'load' 'p_loc752_load' <Predicate = true> <Delay = 0.00>
ST_7 : Operation 198 [1/1] (0.00ns)   --->   "%p_loc753_load = load i32 %p_loc753"   --->   Operation 198 'load' 'p_loc753_load' <Predicate = true> <Delay = 0.00>
ST_7 : Operation 199 [1/1] (0.00ns)   --->   "%p_loc754_load = load i32 %p_loc754"   --->   Operation 199 'load' 'p_loc754_load' <Predicate = true> <Delay = 0.00>
ST_7 : Operation 200 [1/1] (0.00ns)   --->   "%p_loc755_load = load i32 %p_loc755"   --->   Operation 200 'load' 'p_loc755_load' <Predicate = true> <Delay = 0.00>
ST_7 : Operation 201 [1/1] (0.00ns)   --->   "%br_ln95 = br i1 %tmp_26, void %DOT_COMPUTE.lr.ph.i.i.i, void %for.inc115.i.i.i" [kernel_MHSA.cpp:95->kernel_MHSA.cpp:76->kernel_MHSA.cpp:81->kernel_MHSA.cpp:76]   --->   Operation 201 'br' 'br_ln95' <Predicate = true> <Delay = 0.00>
ST_7 : Operation 202 [2/2] (1.46ns)   --->   "%call_ln69 = call void @Block_entry_att_0_wr_proc_Pipeline_TOKEN_COMPUTE, i33 %select_ln69, i32 %att_11, i32 %att_10, i32 %att_9, i32 %att_8, i32 %att_7, i32 %att_6, i32 %att_5, i32 %att_4, i32 %att_3, i32 %att_2, i32 %att_1, i32 %att_0, i32 %k_cache_local_0_i_i, i32 %p_loc755_load, i32 %k_cache_local_1_i_i, i32 %p_loc754_load, i32 %k_cache_local_2_i_i, i32 %p_loc753_load, i32 %k_cache_local_3_i_i, i32 %p_loc752_load, i32 %k_cache_local_4_i_i, i32 %p_loc751_load, i32 %k_cache_local_5_i_i, i32 %p_loc750_load, i32 %k_cache_local_6_i_i, i32 %p_loc749_load, i32 %k_cache_local_7_i_i, i32 %p_loc748_load, i32 %p_loc747_load, i32 %p_loc746_load, i32 %p_loc745_load, i32 %p_loc744_load, i32 %p_loc743_load, i32 %p_loc742_load, i32 %p_loc741_load, i32 %p_loc740_load, i32 %p_loc739_load, i32 %p_loc738_load, i32 %p_loc737_load, i32 %p_loc736_load, i32 %p_loc735_load, i32 %p_loc734_load, i32 %p_loc733_load, i32 %p_loc732_load, i32 %p_loc731_load, i32 %p_loc730_load, i32 %p_loc729_load, i32 %p_loc728_load, i32 %p_loc727_load, i32 %p_loc726_load, i32 %p_loc725_load, i32 %p_loc724_load, i32 %p_loc723_load, i32 %p_loc722_load, i32 %p_loc721_load, i32 %p_loc720_load, i32 %p_loc719_load, i32 %p_loc718_load, i32 %p_loc717_load, i32 %p_loc716_load, i32 %p_loc715_load, i32 %p_loc714_load, i32 %p_loc713_load, i32 %p_loc712_load, i32 %p_loc711_load, i32 %p_loc710_load, i32 %p_loc709_load, i32 %p_loc708_load, i32 %p_loc707_load, i32 %p_loc706_load, i32 %p_loc705_load, i32 %p_loc704_load, i32 %p_loc703_load, i32 %p_loc702_load, i32 %p_loc701_load, i32 %p_loc700_load, i32 %p_loc699_load, i32 %p_loc698_load, i32 %p_loc697_load, i32 %p_loc696_load, i32 %p_loc695_load, i32 %p_loc694_load, i32 %p_loc693_load, i32 %p_loc_load, i4 %h_4" [kernel_MHSA.cpp:69->kernel_MHSA.cpp:68->kernel_MHSA.cpp:76]   --->   Operation 202 'call' 'call_ln69' <Predicate = (!tmp_26)> <Delay = 1.46> <CoreType = "Generic">   --->   Generic Core

State 8 <SV = 6> <Delay = 0.36>
ST_8 : Operation 203 [1/2] (0.00ns)   --->   "%call_ln69 = call void @Block_entry_att_0_wr_proc_Pipeline_TOKEN_COMPUTE, i33 %select_ln69, i32 %att_11, i32 %att_10, i32 %att_9, i32 %att_8, i32 %att_7, i32 %att_6, i32 %att_5, i32 %att_4, i32 %att_3, i32 %att_2, i32 %att_1, i32 %att_0, i32 %k_cache_local_0_i_i, i32 %p_loc755_load, i32 %k_cache_local_1_i_i, i32 %p_loc754_load, i32 %k_cache_local_2_i_i, i32 %p_loc753_load, i32 %k_cache_local_3_i_i, i32 %p_loc752_load, i32 %k_cache_local_4_i_i, i32 %p_loc751_load, i32 %k_cache_local_5_i_i, i32 %p_loc750_load, i32 %k_cache_local_6_i_i, i32 %p_loc749_load, i32 %k_cache_local_7_i_i, i32 %p_loc748_load, i32 %p_loc747_load, i32 %p_loc746_load, i32 %p_loc745_load, i32 %p_loc744_load, i32 %p_loc743_load, i32 %p_loc742_load, i32 %p_loc741_load, i32 %p_loc740_load, i32 %p_loc739_load, i32 %p_loc738_load, i32 %p_loc737_load, i32 %p_loc736_load, i32 %p_loc735_load, i32 %p_loc734_load, i32 %p_loc733_load, i32 %p_loc732_load, i32 %p_loc731_load, i32 %p_loc730_load, i32 %p_loc729_load, i32 %p_loc728_load, i32 %p_loc727_load, i32 %p_loc726_load, i32 %p_loc725_load, i32 %p_loc724_load, i32 %p_loc723_load, i32 %p_loc722_load, i32 %p_loc721_load, i32 %p_loc720_load, i32 %p_loc719_load, i32 %p_loc718_load, i32 %p_loc717_load, i32 %p_loc716_load, i32 %p_loc715_load, i32 %p_loc714_load, i32 %p_loc713_load, i32 %p_loc712_load, i32 %p_loc711_load, i32 %p_loc710_load, i32 %p_loc709_load, i32 %p_loc708_load, i32 %p_loc707_load, i32 %p_loc706_load, i32 %p_loc705_load, i32 %p_loc704_load, i32 %p_loc703_load, i32 %p_loc702_load, i32 %p_loc701_load, i32 %p_loc700_load, i32 %p_loc699_load, i32 %p_loc698_load, i32 %p_loc697_load, i32 %p_loc696_load, i32 %p_loc695_load, i32 %p_loc694_load, i32 %p_loc693_load, i32 %p_loc_load, i4 %h_4" [kernel_MHSA.cpp:69->kernel_MHSA.cpp:68->kernel_MHSA.cpp:76]   --->   Operation 203 'call' 'call_ln69' <Predicate = (!tmp_26)> <Delay = 0.00> <CoreType = "Generic">   --->   Generic Core
ST_8 : Operation 204 [1/1] (0.00ns)   --->   "%br_ln0 = br void %for.inc115.i.i.i"   --->   Operation 204 'br' 'br_ln0' <Predicate = (!tmp_26)> <Delay = 0.00>
ST_8 : Operation 205 [1/1] (0.36ns)   --->   "%store_ln76 = store i4 %add_ln76, i4 %h_1" [kernel_MHSA.cpp:76->kernel_MHSA.cpp:76->kernel_MHSA.cpp:81->kernel_MHSA.cpp:76]   --->   Operation 205 'store' 'store_ln76' <Predicate = true> <Delay = 0.36>
ST_8 : Operation 206 [1/1] (0.00ns)   --->   "%br_ln76 = br void %LOAD_K_CACHE.i.i.i" [kernel_MHSA.cpp:76->kernel_MHSA.cpp:76->kernel_MHSA.cpp:81->kernel_MHSA.cpp:76]   --->   Operation 206 'br' 'br_ln76' <Predicate = true> <Delay = 0.00>

State 9 <SV = 3> <Delay = 0.66>
ST_9 : Operation 207 [1/1] (0.00ns)   --->   "%h_5 = load i4 %h_2" [kernel_MHSA.cpp:111->kernel_MHSA.cpp:111->kernel_MHSA.cpp:76]   --->   Operation 207 'load' 'h_5' <Predicate = true> <Delay = 0.00>
ST_9 : Operation 208 [1/1] (0.66ns)   --->   "%add_ln111 = add i4 %h_5, i4 1" [kernel_MHSA.cpp:111->kernel_MHSA.cpp:111->kernel_MHSA.cpp:76]   --->   Operation 208 'add' 'add_ln111' <Predicate = true> <Delay = 0.66> <CoreInst = "Adder">   --->   Core 1 'Adder' <Latency = 0> <II = 1> <Delay = 0.66> <FuncUnit> <Opcode : 'add' 'sub'> <InPorts = 2> <OutPorts = 1>
ST_9 : Operation 209 [1/1] (0.43ns)   --->   "%icmp_ln111 = icmp_eq  i4 %h_5, i4 12" [kernel_MHSA.cpp:111->kernel_MHSA.cpp:111->kernel_MHSA.cpp:76]   --->   Operation 209 'icmp' 'icmp_ln111' <Predicate = true> <Delay = 0.43> <CoreInst = "ICmp_EQ">   --->   Core 156 'ICmp_EQ' <Latency = 0> <II = 1> <Delay = 0.43> <FuncUnit> <Opcode : 'seteq' 'setne'> <InPorts = 2> <OutPorts = 1>
ST_9 : Operation 210 [1/1] (0.00ns)   --->   "%br_ln111 = br i1 %icmp_ln111, void %for.inc127.split.i.i, void %entry.aft.aft.aft.aft.exitStub" [kernel_MHSA.cpp:111->kernel_MHSA.cpp:111->kernel_MHSA.cpp:76]   --->   Operation 210 'br' 'br_ln111' <Predicate = true> <Delay = 0.00>
ST_9 : Operation 211 [1/1] (0.00ns)   --->   "%speclooptripcount_ln111 = speclooptripcount void @_ssdm_op_SpecLoopTripCount, i64 12, i64 12, i64 12" [kernel_MHSA.cpp:111->kernel_MHSA.cpp:111->kernel_MHSA.cpp:76]   --->   Operation 211 'speclooptripcount' 'speclooptripcount_ln111' <Predicate = (!icmp_ln111)> <Delay = 0.00>
ST_9 : Operation 212 [1/1] (0.00ns)   --->   "%specloopname_ln111 = specloopname void @_ssdm_op_SpecLoopName, void @empty_87" [kernel_MHSA.cpp:111->kernel_MHSA.cpp:111->kernel_MHSA.cpp:76]   --->   Operation 212 'specloopname' 'specloopname_ln111' <Predicate = (!icmp_ln111)> <Delay = 0.00>
ST_9 : Operation 213 [1/1] (0.43ns)   --->   "%switch_ln113 = switch i4 %h_5, void %.case.11.i.i, i4 0, void %xlx_occurrence..case.0.12, i4 1, void %xlx_occurrence..case.1.11, i4 2, void %xlx_occurrence..case.2.10, i4 3, void %xlx_occurrence..case.3.9, i4 4, void %xlx_occurrence..case.4.8, i4 5, void %xlx_occurrence..case.5.7, i4 6, void %xlx_occurrence..case.6.6, i4 7, void %xlx_occurrence..case.7.5, i4 8, void %xlx_occurrence..case.8.4, i4 9, void %xlx_occurrence..case.9.3, i4 10, void %xlx_occurrence..case.10.2" [kernel_MHSA.cpp:113->kernel_MHSA.cpp:111->kernel_MHSA.cpp:76]   --->   Operation 213 'switch' 'switch_ln113' <Predicate = (!icmp_ln111)> <Delay = 0.43>
ST_9 : Operation 214 [2/2] (0.00ns)   --->   "%call_ln113 = call void @kernel_softmax, i32 %att_10, i32 %p_read_8" [kernel_MHSA.cpp:113->kernel_MHSA.cpp:111->kernel_MHSA.cpp:76]   --->   Operation 214 'call' 'call_ln113' <Predicate = (!icmp_ln111 & h_5 == 10)> <Delay = 0.00> <CoreType = "Generic">   --->   Generic Core
ST_9 : Operation 215 [2/2] (0.00ns)   --->   "%call_ln113 = call void @kernel_softmax, i32 %att_9, i32 %p_read_8" [kernel_MHSA.cpp:113->kernel_MHSA.cpp:111->kernel_MHSA.cpp:76]   --->   Operation 215 'call' 'call_ln113' <Predicate = (!icmp_ln111 & h_5 == 9)> <Delay = 0.00> <CoreType = "Generic">   --->   Generic Core
ST_9 : Operation 216 [2/2] (0.00ns)   --->   "%call_ln113 = call void @kernel_softmax, i32 %att_8, i32 %p_read_8" [kernel_MHSA.cpp:113->kernel_MHSA.cpp:111->kernel_MHSA.cpp:76]   --->   Operation 216 'call' 'call_ln113' <Predicate = (!icmp_ln111 & h_5 == 8)> <Delay = 0.00> <CoreType = "Generic">   --->   Generic Core
ST_9 : Operation 217 [2/2] (0.00ns)   --->   "%call_ln113 = call void @kernel_softmax, i32 %att_7, i32 %p_read_8" [kernel_MHSA.cpp:113->kernel_MHSA.cpp:111->kernel_MHSA.cpp:76]   --->   Operation 217 'call' 'call_ln113' <Predicate = (!icmp_ln111 & h_5 == 7)> <Delay = 0.00> <CoreType = "Generic">   --->   Generic Core
ST_9 : Operation 218 [2/2] (0.00ns)   --->   "%call_ln113 = call void @kernel_softmax, i32 %att_6, i32 %p_read_8" [kernel_MHSA.cpp:113->kernel_MHSA.cpp:111->kernel_MHSA.cpp:76]   --->   Operation 218 'call' 'call_ln113' <Predicate = (!icmp_ln111 & h_5 == 6)> <Delay = 0.00> <CoreType = "Generic">   --->   Generic Core
ST_9 : Operation 219 [2/2] (0.00ns)   --->   "%call_ln113 = call void @kernel_softmax, i32 %att_5, i32 %p_read_8" [kernel_MHSA.cpp:113->kernel_MHSA.cpp:111->kernel_MHSA.cpp:76]   --->   Operation 219 'call' 'call_ln113' <Predicate = (!icmp_ln111 & h_5 == 5)> <Delay = 0.00> <CoreType = "Generic">   --->   Generic Core
ST_9 : Operation 220 [2/2] (0.00ns)   --->   "%call_ln113 = call void @kernel_softmax, i32 %att_4, i32 %p_read_8" [kernel_MHSA.cpp:113->kernel_MHSA.cpp:111->kernel_MHSA.cpp:76]   --->   Operation 220 'call' 'call_ln113' <Predicate = (!icmp_ln111 & h_5 == 4)> <Delay = 0.00> <CoreType = "Generic">   --->   Generic Core
ST_9 : Operation 221 [2/2] (0.00ns)   --->   "%call_ln113 = call void @kernel_softmax, i32 %att_3, i32 %p_read_8" [kernel_MHSA.cpp:113->kernel_MHSA.cpp:111->kernel_MHSA.cpp:76]   --->   Operation 221 'call' 'call_ln113' <Predicate = (!icmp_ln111 & h_5 == 3)> <Delay = 0.00> <CoreType = "Generic">   --->   Generic Core
ST_9 : Operation 222 [2/2] (0.00ns)   --->   "%call_ln113 = call void @kernel_softmax, i32 %att_2, i32 %p_read_8" [kernel_MHSA.cpp:113->kernel_MHSA.cpp:111->kernel_MHSA.cpp:76]   --->   Operation 222 'call' 'call_ln113' <Predicate = (!icmp_ln111 & h_5 == 2)> <Delay = 0.00> <CoreType = "Generic">   --->   Generic Core
ST_9 : Operation 223 [2/2] (0.00ns)   --->   "%call_ln113 = call void @kernel_softmax, i32 %att_1, i32 %p_read_8" [kernel_MHSA.cpp:113->kernel_MHSA.cpp:111->kernel_MHSA.cpp:76]   --->   Operation 223 'call' 'call_ln113' <Predicate = (!icmp_ln111 & h_5 == 1)> <Delay = 0.00> <CoreType = "Generic">   --->   Generic Core
ST_9 : Operation 224 [2/2] (0.00ns)   --->   "%call_ln113 = call void @kernel_softmax, i32 %att_0, i32 %p_read_8" [kernel_MHSA.cpp:113->kernel_MHSA.cpp:111->kernel_MHSA.cpp:76]   --->   Operation 224 'call' 'call_ln113' <Predicate = (!icmp_ln111 & h_5 == 0)> <Delay = 0.00> <CoreType = "Generic">   --->   Generic Core
ST_9 : Operation 225 [2/2] (0.00ns)   --->   "%call_ln113 = call void @kernel_softmax, i32 %att_11, i32 %p_read_8" [kernel_MHSA.cpp:113->kernel_MHSA.cpp:111->kernel_MHSA.cpp:76]   --->   Operation 225 'call' 'call_ln113' <Predicate = (!icmp_ln111 & h_5 != 0 & h_5 != 1 & h_5 != 2 & h_5 != 3 & h_5 != 4 & h_5 != 5 & h_5 != 6 & h_5 != 7 & h_5 != 8 & h_5 != 9 & h_5 != 10)> <Delay = 0.00> <CoreType = "Generic">   --->   Generic Core
ST_9 : Operation 226 [1/1] (0.00ns)   --->   "%mrv = insertvalue i97 <undef>, i33 %p_read_9"   --->   Operation 226 'insertvalue' 'mrv' <Predicate = (icmp_ln111)> <Delay = 0.00>
ST_9 : Operation 227 [1/1] (0.00ns)   --->   "%mrv_1 = insertvalue i97 %mrv, i32 %p_read_10"   --->   Operation 227 'insertvalue' 'mrv_1' <Predicate = (icmp_ln111)> <Delay = 0.00>
ST_9 : Operation 228 [1/1] (0.00ns)   --->   "%mrv_2 = insertvalue i97 %mrv_1, i32 %p_read_7"   --->   Operation 228 'insertvalue' 'mrv_2' <Predicate = (icmp_ln111)> <Delay = 0.00>
ST_9 : Operation 229 [1/1] (0.00ns)   --->   "%ret_ln0 = ret i97 %mrv_2"   --->   Operation 229 'ret' 'ret_ln0' <Predicate = (icmp_ln111)> <Delay = 0.00>

State 10 <SV = 4> <Delay = 0.00>
ST_10 : Operation 230 [1/1] (0.00ns)   --->   "%rbegin11 = specregionbegin i32 @_ssdm_op_SpecRegionBegin, void @empty_98" [kernel_MHSA.cpp:113->kernel_MHSA.cpp:111->kernel_MHSA.cpp:76]   --->   Operation 230 'specregionbegin' 'rbegin11' <Predicate = (h_5 == 10)> <Delay = 0.00>
ST_10 : Operation 231 [1/2] (0.00ns)   --->   "%call_ln113 = call void @kernel_softmax, i32 %att_10, i32 %p_read_8" [kernel_MHSA.cpp:113->kernel_MHSA.cpp:111->kernel_MHSA.cpp:76]   --->   Operation 231 'call' 'call_ln113' <Predicate = (h_5 == 10)> <Delay = 0.00> <CoreType = "Generic">   --->   Generic Core
ST_10 : Operation 232 [1/1] (0.00ns)   --->   "%specoccurrence_ln113 = specoccurrence void @_ssdm_op_SpecOccurrence, i64 12, void @empty_99" [kernel_MHSA.cpp:113->kernel_MHSA.cpp:111->kernel_MHSA.cpp:76]   --->   Operation 232 'specoccurrence' 'specoccurrence_ln113' <Predicate = (h_5 == 10)> <Delay = 0.00>
ST_10 : Operation 233 [1/1] (0.00ns)   --->   "%rend447 = specregionend i32 @_ssdm_op_SpecRegionEnd, void @empty_98, i32 %rbegin11" [kernel_MHSA.cpp:113->kernel_MHSA.cpp:111->kernel_MHSA.cpp:76]   --->   Operation 233 'specregionend' 'rend447' <Predicate = (h_5 == 10)> <Delay = 0.00>
ST_10 : Operation 234 [1/1] (0.00ns)   --->   "%br_ln113 = br void %.exit.i.i" [kernel_MHSA.cpp:113->kernel_MHSA.cpp:111->kernel_MHSA.cpp:76]   --->   Operation 234 'br' 'br_ln113' <Predicate = (h_5 == 10)> <Delay = 0.00>
ST_10 : Operation 235 [1/1] (0.00ns)   --->   "%rbegin10 = specregionbegin i32 @_ssdm_op_SpecRegionBegin, void @empty_100" [kernel_MHSA.cpp:113->kernel_MHSA.cpp:111->kernel_MHSA.cpp:76]   --->   Operation 235 'specregionbegin' 'rbegin10' <Predicate = (h_5 == 9)> <Delay = 0.00>
ST_10 : Operation 236 [1/2] (0.00ns)   --->   "%call_ln113 = call void @kernel_softmax, i32 %att_9, i32 %p_read_8" [kernel_MHSA.cpp:113->kernel_MHSA.cpp:111->kernel_MHSA.cpp:76]   --->   Operation 236 'call' 'call_ln113' <Predicate = (h_5 == 9)> <Delay = 0.00> <CoreType = "Generic">   --->   Generic Core
ST_10 : Operation 237 [1/1] (0.00ns)   --->   "%specoccurrence_ln113 = specoccurrence void @_ssdm_op_SpecOccurrence, i64 12, void @empty_99" [kernel_MHSA.cpp:113->kernel_MHSA.cpp:111->kernel_MHSA.cpp:76]   --->   Operation 237 'specoccurrence' 'specoccurrence_ln113' <Predicate = (h_5 == 9)> <Delay = 0.00>
ST_10 : Operation 238 [1/1] (0.00ns)   --->   "%rend463 = specregionend i32 @_ssdm_op_SpecRegionEnd, void @empty_100, i32 %rbegin10" [kernel_MHSA.cpp:113->kernel_MHSA.cpp:111->kernel_MHSA.cpp:76]   --->   Operation 238 'specregionend' 'rend463' <Predicate = (h_5 == 9)> <Delay = 0.00>
ST_10 : Operation 239 [1/1] (0.00ns)   --->   "%br_ln113 = br void %.exit.i.i" [kernel_MHSA.cpp:113->kernel_MHSA.cpp:111->kernel_MHSA.cpp:76]   --->   Operation 239 'br' 'br_ln113' <Predicate = (h_5 == 9)> <Delay = 0.00>
ST_10 : Operation 240 [1/1] (0.00ns)   --->   "%rbegin9 = specregionbegin i32 @_ssdm_op_SpecRegionBegin, void @empty_101" [kernel_MHSA.cpp:113->kernel_MHSA.cpp:111->kernel_MHSA.cpp:76]   --->   Operation 240 'specregionbegin' 'rbegin9' <Predicate = (h_5 == 8)> <Delay = 0.00>
ST_10 : Operation 241 [1/2] (0.00ns)   --->   "%call_ln113 = call void @kernel_softmax, i32 %att_8, i32 %p_read_8" [kernel_MHSA.cpp:113->kernel_MHSA.cpp:111->kernel_MHSA.cpp:76]   --->   Operation 241 'call' 'call_ln113' <Predicate = (h_5 == 8)> <Delay = 0.00> <CoreType = "Generic">   --->   Generic Core
ST_10 : Operation 242 [1/1] (0.00ns)   --->   "%specoccurrence_ln113 = specoccurrence void @_ssdm_op_SpecOccurrence, i64 12, void @empty_99" [kernel_MHSA.cpp:113->kernel_MHSA.cpp:111->kernel_MHSA.cpp:76]   --->   Operation 242 'specoccurrence' 'specoccurrence_ln113' <Predicate = (h_5 == 8)> <Delay = 0.00>
ST_10 : Operation 243 [1/1] (0.00ns)   --->   "%rend461 = specregionend i32 @_ssdm_op_SpecRegionEnd, void @empty_101, i32 %rbegin9" [kernel_MHSA.cpp:113->kernel_MHSA.cpp:111->kernel_MHSA.cpp:76]   --->   Operation 243 'specregionend' 'rend461' <Predicate = (h_5 == 8)> <Delay = 0.00>
ST_10 : Operation 244 [1/1] (0.00ns)   --->   "%br_ln113 = br void %.exit.i.i" [kernel_MHSA.cpp:113->kernel_MHSA.cpp:111->kernel_MHSA.cpp:76]   --->   Operation 244 'br' 'br_ln113' <Predicate = (h_5 == 8)> <Delay = 0.00>
ST_10 : Operation 245 [1/1] (0.00ns)   --->   "%rbegin8 = specregionbegin i32 @_ssdm_op_SpecRegionBegin, void @empty_43" [kernel_MHSA.cpp:113->kernel_MHSA.cpp:111->kernel_MHSA.cpp:76]   --->   Operation 245 'specregionbegin' 'rbegin8' <Predicate = (h_5 == 7)> <Delay = 0.00>
ST_10 : Operation 246 [1/2] (0.00ns)   --->   "%call_ln113 = call void @kernel_softmax, i32 %att_7, i32 %p_read_8" [kernel_MHSA.cpp:113->kernel_MHSA.cpp:111->kernel_MHSA.cpp:76]   --->   Operation 246 'call' 'call_ln113' <Predicate = (h_5 == 7)> <Delay = 0.00> <CoreType = "Generic">   --->   Generic Core
ST_10 : Operation 247 [1/1] (0.00ns)   --->   "%specoccurrence_ln113 = specoccurrence void @_ssdm_op_SpecOccurrence, i64 12, void @empty_99" [kernel_MHSA.cpp:113->kernel_MHSA.cpp:111->kernel_MHSA.cpp:76]   --->   Operation 247 'specoccurrence' 'specoccurrence_ln113' <Predicate = (h_5 == 7)> <Delay = 0.00>
ST_10 : Operation 248 [1/1] (0.00ns)   --->   "%rend459 = specregionend i32 @_ssdm_op_SpecRegionEnd, void @empty_43, i32 %rbegin8" [kernel_MHSA.cpp:113->kernel_MHSA.cpp:111->kernel_MHSA.cpp:76]   --->   Operation 248 'specregionend' 'rend459' <Predicate = (h_5 == 7)> <Delay = 0.00>
ST_10 : Operation 249 [1/1] (0.00ns)   --->   "%br_ln113 = br void %.exit.i.i" [kernel_MHSA.cpp:113->kernel_MHSA.cpp:111->kernel_MHSA.cpp:76]   --->   Operation 249 'br' 'br_ln113' <Predicate = (h_5 == 7)> <Delay = 0.00>
ST_10 : Operation 250 [1/1] (0.00ns)   --->   "%rbegin7 = specregionbegin i32 @_ssdm_op_SpecRegionBegin, void @empty_103" [kernel_MHSA.cpp:113->kernel_MHSA.cpp:111->kernel_MHSA.cpp:76]   --->   Operation 250 'specregionbegin' 'rbegin7' <Predicate = (h_5 == 6)> <Delay = 0.00>
ST_10 : Operation 251 [1/2] (0.00ns)   --->   "%call_ln113 = call void @kernel_softmax, i32 %att_6, i32 %p_read_8" [kernel_MHSA.cpp:113->kernel_MHSA.cpp:111->kernel_MHSA.cpp:76]   --->   Operation 251 'call' 'call_ln113' <Predicate = (h_5 == 6)> <Delay = 0.00> <CoreType = "Generic">   --->   Generic Core
ST_10 : Operation 252 [1/1] (0.00ns)   --->   "%specoccurrence_ln113 = specoccurrence void @_ssdm_op_SpecOccurrence, i64 12, void @empty_99" [kernel_MHSA.cpp:113->kernel_MHSA.cpp:111->kernel_MHSA.cpp:76]   --->   Operation 252 'specoccurrence' 'specoccurrence_ln113' <Predicate = (h_5 == 6)> <Delay = 0.00>
ST_10 : Operation 253 [1/1] (0.00ns)   --->   "%rend457 = specregionend i32 @_ssdm_op_SpecRegionEnd, void @empty_103, i32 %rbegin7" [kernel_MHSA.cpp:113->kernel_MHSA.cpp:111->kernel_MHSA.cpp:76]   --->   Operation 253 'specregionend' 'rend457' <Predicate = (h_5 == 6)> <Delay = 0.00>
ST_10 : Operation 254 [1/1] (0.00ns)   --->   "%br_ln113 = br void %.exit.i.i" [kernel_MHSA.cpp:113->kernel_MHSA.cpp:111->kernel_MHSA.cpp:76]   --->   Operation 254 'br' 'br_ln113' <Predicate = (h_5 == 6)> <Delay = 0.00>
ST_10 : Operation 255 [1/1] (0.00ns)   --->   "%rbegin6 = specregionbegin i32 @_ssdm_op_SpecRegionBegin, void @empty_70" [kernel_MHSA.cpp:113->kernel_MHSA.cpp:111->kernel_MHSA.cpp:76]   --->   Operation 255 'specregionbegin' 'rbegin6' <Predicate = (h_5 == 5)> <Delay = 0.00>
ST_10 : Operation 256 [1/2] (0.00ns)   --->   "%call_ln113 = call void @kernel_softmax, i32 %att_5, i32 %p_read_8" [kernel_MHSA.cpp:113->kernel_MHSA.cpp:111->kernel_MHSA.cpp:76]   --->   Operation 256 'call' 'call_ln113' <Predicate = (h_5 == 5)> <Delay = 0.00> <CoreType = "Generic">   --->   Generic Core
ST_10 : Operation 257 [1/1] (0.00ns)   --->   "%specoccurrence_ln113 = specoccurrence void @_ssdm_op_SpecOccurrence, i64 12, void @empty_99" [kernel_MHSA.cpp:113->kernel_MHSA.cpp:111->kernel_MHSA.cpp:76]   --->   Operation 257 'specoccurrence' 'specoccurrence_ln113' <Predicate = (h_5 == 5)> <Delay = 0.00>
ST_10 : Operation 258 [1/1] (0.00ns)   --->   "%rend455 = specregionend i32 @_ssdm_op_SpecRegionEnd, void @empty_70, i32 %rbegin6" [kernel_MHSA.cpp:113->kernel_MHSA.cpp:111->kernel_MHSA.cpp:76]   --->   Operation 258 'specregionend' 'rend455' <Predicate = (h_5 == 5)> <Delay = 0.00>
ST_10 : Operation 259 [1/1] (0.00ns)   --->   "%br_ln113 = br void %.exit.i.i" [kernel_MHSA.cpp:113->kernel_MHSA.cpp:111->kernel_MHSA.cpp:76]   --->   Operation 259 'br' 'br_ln113' <Predicate = (h_5 == 5)> <Delay = 0.00>
ST_10 : Operation 260 [1/1] (0.00ns)   --->   "%rbegin5 = specregionbegin i32 @_ssdm_op_SpecRegionBegin, void @empty_4" [kernel_MHSA.cpp:113->kernel_MHSA.cpp:111->kernel_MHSA.cpp:76]   --->   Operation 260 'specregionbegin' 'rbegin5' <Predicate = (h_5 == 4)> <Delay = 0.00>
ST_10 : Operation 261 [1/2] (0.00ns)   --->   "%call_ln113 = call void @kernel_softmax, i32 %att_4, i32 %p_read_8" [kernel_MHSA.cpp:113->kernel_MHSA.cpp:111->kernel_MHSA.cpp:76]   --->   Operation 261 'call' 'call_ln113' <Predicate = (h_5 == 4)> <Delay = 0.00> <CoreType = "Generic">   --->   Generic Core
ST_10 : Operation 262 [1/1] (0.00ns)   --->   "%specoccurrence_ln113 = specoccurrence void @_ssdm_op_SpecOccurrence, i64 12, void @empty_99" [kernel_MHSA.cpp:113->kernel_MHSA.cpp:111->kernel_MHSA.cpp:76]   --->   Operation 262 'specoccurrence' 'specoccurrence_ln113' <Predicate = (h_5 == 4)> <Delay = 0.00>
ST_10 : Operation 263 [1/1] (0.00ns)   --->   "%rend453 = specregionend i32 @_ssdm_op_SpecRegionEnd, void @empty_4, i32 %rbegin5" [kernel_MHSA.cpp:113->kernel_MHSA.cpp:111->kernel_MHSA.cpp:76]   --->   Operation 263 'specregionend' 'rend453' <Predicate = (h_5 == 4)> <Delay = 0.00>
ST_10 : Operation 264 [1/1] (0.00ns)   --->   "%br_ln113 = br void %.exit.i.i" [kernel_MHSA.cpp:113->kernel_MHSA.cpp:111->kernel_MHSA.cpp:76]   --->   Operation 264 'br' 'br_ln113' <Predicate = (h_5 == 4)> <Delay = 0.00>
ST_10 : Operation 265 [1/1] (0.00ns)   --->   "%rbegin4 = specregionbegin i32 @_ssdm_op_SpecRegionBegin, void @empty_106" [kernel_MHSA.cpp:113->kernel_MHSA.cpp:111->kernel_MHSA.cpp:76]   --->   Operation 265 'specregionbegin' 'rbegin4' <Predicate = (h_5 == 3)> <Delay = 0.00>
ST_10 : Operation 266 [1/2] (0.00ns)   --->   "%call_ln113 = call void @kernel_softmax, i32 %att_3, i32 %p_read_8" [kernel_MHSA.cpp:113->kernel_MHSA.cpp:111->kernel_MHSA.cpp:76]   --->   Operation 266 'call' 'call_ln113' <Predicate = (h_5 == 3)> <Delay = 0.00> <CoreType = "Generic">   --->   Generic Core
ST_10 : Operation 267 [1/1] (0.00ns)   --->   "%specoccurrence_ln113 = specoccurrence void @_ssdm_op_SpecOccurrence, i64 12, void @empty_99" [kernel_MHSA.cpp:113->kernel_MHSA.cpp:111->kernel_MHSA.cpp:76]   --->   Operation 267 'specoccurrence' 'specoccurrence_ln113' <Predicate = (h_5 == 3)> <Delay = 0.00>
ST_10 : Operation 268 [1/1] (0.00ns)   --->   "%rend451 = specregionend i32 @_ssdm_op_SpecRegionEnd, void @empty_106, i32 %rbegin4" [kernel_MHSA.cpp:113->kernel_MHSA.cpp:111->kernel_MHSA.cpp:76]   --->   Operation 268 'specregionend' 'rend451' <Predicate = (h_5 == 3)> <Delay = 0.00>
ST_10 : Operation 269 [1/1] (0.00ns)   --->   "%br_ln113 = br void %.exit.i.i" [kernel_MHSA.cpp:113->kernel_MHSA.cpp:111->kernel_MHSA.cpp:76]   --->   Operation 269 'br' 'br_ln113' <Predicate = (h_5 == 3)> <Delay = 0.00>
ST_10 : Operation 270 [1/1] (0.00ns)   --->   "%rbegin3 = specregionbegin i32 @_ssdm_op_SpecRegionBegin, void @empty_83" [kernel_MHSA.cpp:113->kernel_MHSA.cpp:111->kernel_MHSA.cpp:76]   --->   Operation 270 'specregionbegin' 'rbegin3' <Predicate = (h_5 == 2)> <Delay = 0.00>
ST_10 : Operation 271 [1/2] (0.00ns)   --->   "%call_ln113 = call void @kernel_softmax, i32 %att_2, i32 %p_read_8" [kernel_MHSA.cpp:113->kernel_MHSA.cpp:111->kernel_MHSA.cpp:76]   --->   Operation 271 'call' 'call_ln113' <Predicate = (h_5 == 2)> <Delay = 0.00> <CoreType = "Generic">   --->   Generic Core
ST_10 : Operation 272 [1/1] (0.00ns)   --->   "%specoccurrence_ln113 = specoccurrence void @_ssdm_op_SpecOccurrence, i64 12, void @empty_99" [kernel_MHSA.cpp:113->kernel_MHSA.cpp:111->kernel_MHSA.cpp:76]   --->   Operation 272 'specoccurrence' 'specoccurrence_ln113' <Predicate = (h_5 == 2)> <Delay = 0.00>
ST_10 : Operation 273 [1/1] (0.00ns)   --->   "%rend449 = specregionend i32 @_ssdm_op_SpecRegionEnd, void @empty_83, i32 %rbegin3" [kernel_MHSA.cpp:113->kernel_MHSA.cpp:111->kernel_MHSA.cpp:76]   --->   Operation 273 'specregionend' 'rend449' <Predicate = (h_5 == 2)> <Delay = 0.00>
ST_10 : Operation 274 [1/1] (0.00ns)   --->   "%br_ln113 = br void %.exit.i.i" [kernel_MHSA.cpp:113->kernel_MHSA.cpp:111->kernel_MHSA.cpp:76]   --->   Operation 274 'br' 'br_ln113' <Predicate = (h_5 == 2)> <Delay = 0.00>
ST_10 : Operation 275 [1/1] (0.00ns)   --->   "%rbegin2 = specregionbegin i32 @_ssdm_op_SpecRegionBegin, void @empty_107" [kernel_MHSA.cpp:113->kernel_MHSA.cpp:111->kernel_MHSA.cpp:76]   --->   Operation 275 'specregionbegin' 'rbegin2' <Predicate = (h_5 == 1)> <Delay = 0.00>
ST_10 : Operation 276 [1/2] (0.00ns)   --->   "%call_ln113 = call void @kernel_softmax, i32 %att_1, i32 %p_read_8" [kernel_MHSA.cpp:113->kernel_MHSA.cpp:111->kernel_MHSA.cpp:76]   --->   Operation 276 'call' 'call_ln113' <Predicate = (h_5 == 1)> <Delay = 0.00> <CoreType = "Generic">   --->   Generic Core
ST_10 : Operation 277 [1/1] (0.00ns)   --->   "%specoccurrence_ln113 = specoccurrence void @_ssdm_op_SpecOccurrence, i64 12, void @empty_99" [kernel_MHSA.cpp:113->kernel_MHSA.cpp:111->kernel_MHSA.cpp:76]   --->   Operation 277 'specoccurrence' 'specoccurrence_ln113' <Predicate = (h_5 == 1)> <Delay = 0.00>
ST_10 : Operation 278 [1/1] (0.00ns)   --->   "%rend445 = specregionend i32 @_ssdm_op_SpecRegionEnd, void @empty_107, i32 %rbegin2" [kernel_MHSA.cpp:113->kernel_MHSA.cpp:111->kernel_MHSA.cpp:76]   --->   Operation 278 'specregionend' 'rend445' <Predicate = (h_5 == 1)> <Delay = 0.00>
ST_10 : Operation 279 [1/1] (0.00ns)   --->   "%br_ln113 = br void %.exit.i.i" [kernel_MHSA.cpp:113->kernel_MHSA.cpp:111->kernel_MHSA.cpp:76]   --->   Operation 279 'br' 'br_ln113' <Predicate = (h_5 == 1)> <Delay = 0.00>
ST_10 : Operation 280 [1/1] (0.00ns)   --->   "%rbegin1 = specregionbegin i32 @_ssdm_op_SpecRegionBegin, void @empty_108" [kernel_MHSA.cpp:113->kernel_MHSA.cpp:111->kernel_MHSA.cpp:76]   --->   Operation 280 'specregionbegin' 'rbegin1' <Predicate = (h_5 == 0)> <Delay = 0.00>
ST_10 : Operation 281 [1/2] (0.00ns)   --->   "%call_ln113 = call void @kernel_softmax, i32 %att_0, i32 %p_read_8" [kernel_MHSA.cpp:113->kernel_MHSA.cpp:111->kernel_MHSA.cpp:76]   --->   Operation 281 'call' 'call_ln113' <Predicate = (h_5 == 0)> <Delay = 0.00> <CoreType = "Generic">   --->   Generic Core
ST_10 : Operation 282 [1/1] (0.00ns)   --->   "%specoccurrence_ln113 = specoccurrence void @_ssdm_op_SpecOccurrence, i64 12, void @empty_99" [kernel_MHSA.cpp:113->kernel_MHSA.cpp:111->kernel_MHSA.cpp:76]   --->   Operation 282 'specoccurrence' 'specoccurrence_ln113' <Predicate = (h_5 == 0)> <Delay = 0.00>
ST_10 : Operation 283 [1/1] (0.00ns)   --->   "%rend443 = specregionend i32 @_ssdm_op_SpecRegionEnd, void @empty_108, i32 %rbegin1" [kernel_MHSA.cpp:113->kernel_MHSA.cpp:111->kernel_MHSA.cpp:76]   --->   Operation 283 'specregionend' 'rend443' <Predicate = (h_5 == 0)> <Delay = 0.00>
ST_10 : Operation 284 [1/1] (0.00ns)   --->   "%br_ln113 = br void %.exit.i.i" [kernel_MHSA.cpp:113->kernel_MHSA.cpp:111->kernel_MHSA.cpp:76]   --->   Operation 284 'br' 'br_ln113' <Predicate = (h_5 == 0)> <Delay = 0.00>
ST_10 : Operation 285 [1/2] (0.00ns)   --->   "%call_ln113 = call void @kernel_softmax, i32 %att_11, i32 %p_read_8" [kernel_MHSA.cpp:113->kernel_MHSA.cpp:111->kernel_MHSA.cpp:76]   --->   Operation 285 'call' 'call_ln113' <Predicate = (h_5 != 0 & h_5 != 1 & h_5 != 2 & h_5 != 3 & h_5 != 4 & h_5 != 5 & h_5 != 6 & h_5 != 7 & h_5 != 8 & h_5 != 9 & h_5 != 10)> <Delay = 0.00> <CoreType = "Generic">   --->   Generic Core
ST_10 : Operation 286 [1/1] (0.00ns)   --->   "%br_ln113 = br void %.exit.i.i" [kernel_MHSA.cpp:113->kernel_MHSA.cpp:111->kernel_MHSA.cpp:76]   --->   Operation 286 'br' 'br_ln113' <Predicate = (h_5 != 0 & h_5 != 1 & h_5 != 2 & h_5 != 3 & h_5 != 4 & h_5 != 5 & h_5 != 6 & h_5 != 7 & h_5 != 8 & h_5 != 9 & h_5 != 10)> <Delay = 0.00>

State 11 <SV = 5> <Delay = 0.36>
ST_11 : Operation 287 [1/1] (0.36ns)   --->   "%store_ln111 = store i4 %add_ln111, i4 %h_2" [kernel_MHSA.cpp:111->kernel_MHSA.cpp:111->kernel_MHSA.cpp:76]   --->   Operation 287 'store' 'store_ln111' <Predicate = true> <Delay = 0.36>
ST_11 : Operation 288 [1/1] (0.00ns)   --->   "%br_ln111 = br void %for.inc127.i.i" [kernel_MHSA.cpp:111->kernel_MHSA.cpp:111->kernel_MHSA.cpp:76]   --->   Operation 288 'br' 'br_ln111' <Predicate = true> <Delay = 0.00>


============================================================
+ Verbose Summary: Timing violations
============================================================
Target clock period: 4.000ns, clock uncertainty: 1.080ns.

 <State 1>: 1.856ns
The critical path consists of the following:
	wire read operation ('p_read_9') on port 'p_read1' [30]  (0.731 ns)
	'icmp' operation 1 bit ('icmp_ln69', kernel_MHSA.cpp:69->kernel_MHSA.cpp:68->kernel_MHSA.cpp:76) [109]  (0.712 ns)
	'select' operation 33 bit ('select_ln69', kernel_MHSA.cpp:69->kernel_MHSA.cpp:68->kernel_MHSA.cpp:76) [110]  (0.413 ns)

 <State 2>: 2.250ns
The critical path consists of the following:
	'load' operation 4 bit ('h', kernel_MHSA.cpp:68->kernel_MHSA.cpp:68->kernel_MHSA.cpp:76) on local variable 'h', kernel_MHSA.cpp:68->kernel_MHSA.cpp:68->kernel_MHSA.cpp:76 [114]  (0.000 ns)
	'icmp' operation 1 bit ('icmp_ln68', kernel_MHSA.cpp:68->kernel_MHSA.cpp:68->kernel_MHSA.cpp:76) [116]  (0.434 ns)
	'call' operation 0 bit ('call_ln69', kernel_MHSA.cpp:69->kernel_MHSA.cpp:68->kernel_MHSA.cpp:76) to 'Block_entry_att_0_wr_proc_Pipeline_VITIS_LOOP_69_1' [123]  (1.816 ns)

 <State 3>: 1.389ns
The critical path consists of the following:
	'call' operation 0 bit ('call_ln69', kernel_MHSA.cpp:69->kernel_MHSA.cpp:68->kernel_MHSA.cpp:76) to 'Block_entry_att_0_wr_proc_Pipeline_VITIS_LOOP_69_1' [123]  (1.389 ns)

 <State 4>: 0.850ns
The critical path consists of the following:
	'load' operation 4 bit ('h', kernel_MHSA.cpp:76->kernel_MHSA.cpp:76->kernel_MHSA.cpp:81->kernel_MHSA.cpp:76) on local variable 'h', kernel_MHSA.cpp:76->kernel_MHSA.cpp:76->kernel_MHSA.cpp:81->kernel_MHSA.cpp:76 [138]  (0.000 ns)
	'add' operation 33 bit ('add_ln78', kernel_MHSA.cpp:78->kernel_MHSA.cpp:76->kernel_MHSA.cpp:81->kernel_MHSA.cpp:76) [147]  (0.850 ns)
	'call' operation 0 bit ('call_ln76', kernel_MHSA.cpp:76->kernel_MHSA.cpp:76->kernel_MHSA.cpp:81->kernel_MHSA.cpp:76) to 'Block_entry_att_0_wr_proc_Pipeline_LOAD_K_CACHE_VITIS_LOOP_84_2' [150]  (0.000 ns)

 <State 5>: 1.384ns
The critical path consists of the following:
	'call' operation 0 bit ('call_ln76', kernel_MHSA.cpp:76->kernel_MHSA.cpp:76->kernel_MHSA.cpp:81->kernel_MHSA.cpp:76) to 'Block_entry_att_0_wr_proc_Pipeline_Q_LOAD' [154]  (1.384 ns)

 <State 6>: 1.217ns
The critical path consists of the following:
	'call' operation 0 bit ('call_ln76', kernel_MHSA.cpp:76->kernel_MHSA.cpp:76->kernel_MHSA.cpp:81->kernel_MHSA.cpp:76) to 'Block_entry_att_0_wr_proc_Pipeline_Q_LOAD' [154]  (1.217 ns)

 <State 7>: 1.462ns
The critical path consists of the following:
	'load' operation 32 bit ('p_loc_load') on local variable 'p_loc' [155]  (0.000 ns)
	'call' operation 0 bit ('call_ln69', kernel_MHSA.cpp:69->kernel_MHSA.cpp:68->kernel_MHSA.cpp:76) to 'Block_entry_att_0_wr_proc_Pipeline_TOKEN_COMPUTE' [221]  (1.462 ns)

 <State 8>: 0.360ns
The critical path consists of the following:
	'store' operation 0 bit ('store_ln76', kernel_MHSA.cpp:76->kernel_MHSA.cpp:76->kernel_MHSA.cpp:81->kernel_MHSA.cpp:76) of variable 'add_ln76', kernel_MHSA.cpp:76->kernel_MHSA.cpp:76->kernel_MHSA.cpp:81->kernel_MHSA.cpp:76 on local variable 'h', kernel_MHSA.cpp:76->kernel_MHSA.cpp:76->kernel_MHSA.cpp:81->kernel_MHSA.cpp:76 [224]  (0.360 ns)

 <State 9>: 0.663ns
The critical path consists of the following:
	'load' operation 4 bit ('h', kernel_MHSA.cpp:111->kernel_MHSA.cpp:111->kernel_MHSA.cpp:76) on local variable 'h', kernel_MHSA.cpp:111->kernel_MHSA.cpp:111->kernel_MHSA.cpp:76 [231]  (0.000 ns)
	'add' operation 4 bit ('add_ln111', kernel_MHSA.cpp:111->kernel_MHSA.cpp:111->kernel_MHSA.cpp:76) [232]  (0.663 ns)

 <State 10>: 0.000ns
The critical path consists of the following:

 <State 11>: 0.360ns
The critical path consists of the following:
	'store' operation 0 bit ('store_ln111', kernel_MHSA.cpp:111->kernel_MHSA.cpp:111->kernel_MHSA.cpp:76) of variable 'add_ln111', kernel_MHSA.cpp:111->kernel_MHSA.cpp:111->kernel_MHSA.cpp:76 on local variable 'h', kernel_MHSA.cpp:111->kernel_MHSA.cpp:111->kernel_MHSA.cpp:76 [309]  (0.360 ns)


============================================================
+ Verbose Summary: Binding
============================================================
N/A
* FSMD analyzer results:
  - Output states:
 - Input state : 
  - Chain level:
	State 1
	State 2
	State 3
	State 4
	State 5
	State 6
	State 7
	State 8
	State 9
	State 10
	State 11


============================================================
+ Verbose Summary: Datapath Resource usage 
============================================================
N/A
