

================================================================
== Vitis HLS Report for 'Block_entry_att_0_wr_proc_Pipeline_Q_LOAD'
================================================================
* Date:           Thu Oct  2 21:25:41 2025

* Version:        2025.1 (Build 6135595 on May 21 2025)
* Project:        mhsa_prj
* Solution:       solution1 (Vivado IP Flow Target)
* Product family: versalhbm
* Target device:  xcv80-lsva4737-2MHP-e-S


================================================================
== Performance Estimates
================================================================
+ Timing: 
    * Summary: 
    +--------+---------+----------+------------+
    |  Clock |  Target | Estimated| Uncertainty|
    +--------+---------+----------+------------+
    |ap_clk  |  4.00 ns|  1.744 ns|     1.08 ns|
    +--------+---------+----------+------------+

+ Latency: 
    * Summary: 
    +---------+---------+----------+----------+-----+-----+------------------------------------------------+
    |  Latency (cycles) |  Latency (absolute) |  Interval |                    Pipeline                    |
    |   min   |   max   |    min   |    max   | min | max |                      Type                      |
    +---------+---------+----------+----------+-----+-----+------------------------------------------------+
    |       66|       66|  0.264 us|  0.264 us|   65|   65|  loop auto-rewind stp (delay=0 clock cycles(s))|
    +---------+---------+----------+----------+-----+-----+------------------------------------------------+

    + Detail: 
        * Instance: 
        N/A

        * Loop: 
        +----------+---------+---------+----------+-----------+-----------+------+----------+
        |          |  Latency (cycles) | Iteration|  Initiation Interval  | Trip |          |
        | Loop Name|   min   |   max   |  Latency |  achieved |   target  | Count| Pipelined|
        +----------+---------+---------+----------+-----------+-----------+------+----------+
        |- Q_LOAD  |       64|       64|         2|          1|          1|    64|       yes|
        +----------+---------+---------+----------+-----------+-----------+------+----------+

============================================================
+ Verbose Summary: Synthesis Manager
============================================================
InlineROM: 1
ExposeGlobal: 0
============================================================
+ Verbose Summary: CDFG Model
============================================================
IsTopModel: 0
ResetActiveHigh: 1
IsCombinational: 0
IsDatapathOnly: 0
HasWiredReturn: 1
HasMFsm: 2
HasVarLatency: 1
IsPipeline: 0
IsRtlPipelined: 0
IsInstanceOverlapped: 0
IsDontTouch: 0
HasImplIP: 0
IsGatedGlobalClock: 0

+ Individual pipeline summary: 
  * Pipeline-0: initiation interval (II) = 1, depth = 2


============================================================
+ Verbose Summary: Schedule
============================================================
* Number of FSM states : 2
* Pipeline : 1
  Pipeline-0 : II = 1, D = 2, States = { 1 2 }
* Dataflow Pipeline: 0

* FSM state transitions: 
1 --> 2 
2 --> 

* FSM state operations: 

State 1 <SV = 0> <Delay = 1.74>
ST_1 : Operation 5 [1/1] (0.00ns)   --->   "%j = alloca i32 1" [kernel_MHSA.cpp:90->kernel_MHSA.cpp:76->kernel_MHSA.cpp:81->kernel_MHSA.cpp:76]   --->   Operation 5 'alloca' 'j' <Predicate = true> <Delay = 0.00>
ST_1 : Operation 6 [1/1] (0.00ns)   --->   "%empty = alloca i32 1"   --->   Operation 6 'alloca' 'empty' <Predicate = true> <Delay = 0.00>
ST_1 : Operation 7 [1/1] (0.00ns)   --->   "%empty_513 = alloca i32 1"   --->   Operation 7 'alloca' 'empty_513' <Predicate = true> <Delay = 0.00>
ST_1 : Operation 8 [1/1] (0.00ns)   --->   "%empty_514 = alloca i32 1"   --->   Operation 8 'alloca' 'empty_514' <Predicate = true> <Delay = 0.00>
ST_1 : Operation 9 [1/1] (0.00ns)   --->   "%empty_515 = alloca i32 1"   --->   Operation 9 'alloca' 'empty_515' <Predicate = true> <Delay = 0.00>
ST_1 : Operation 10 [1/1] (0.00ns)   --->   "%empty_516 = alloca i32 1"   --->   Operation 10 'alloca' 'empty_516' <Predicate = true> <Delay = 0.00>
ST_1 : Operation 11 [1/1] (0.00ns)   --->   "%empty_517 = alloca i32 1"   --->   Operation 11 'alloca' 'empty_517' <Predicate = true> <Delay = 0.00>
ST_1 : Operation 12 [1/1] (0.00ns)   --->   "%empty_518 = alloca i32 1"   --->   Operation 12 'alloca' 'empty_518' <Predicate = true> <Delay = 0.00>
ST_1 : Operation 13 [1/1] (0.00ns)   --->   "%empty_519 = alloca i32 1"   --->   Operation 13 'alloca' 'empty_519' <Predicate = true> <Delay = 0.00>
ST_1 : Operation 14 [1/1] (0.00ns)   --->   "%empty_520 = alloca i32 1"   --->   Operation 14 'alloca' 'empty_520' <Predicate = true> <Delay = 0.00>
ST_1 : Operation 15 [1/1] (0.00ns)   --->   "%empty_521 = alloca i32 1"   --->   Operation 15 'alloca' 'empty_521' <Predicate = true> <Delay = 0.00>
ST_1 : Operation 16 [1/1] (0.00ns)   --->   "%empty_522 = alloca i32 1"   --->   Operation 16 'alloca' 'empty_522' <Predicate = true> <Delay = 0.00>
ST_1 : Operation 17 [1/1] (0.00ns)   --->   "%empty_523 = alloca i32 1"   --->   Operation 17 'alloca' 'empty_523' <Predicate = true> <Delay = 0.00>
ST_1 : Operation 18 [1/1] (0.00ns)   --->   "%empty_524 = alloca i32 1"   --->   Operation 18 'alloca' 'empty_524' <Predicate = true> <Delay = 0.00>
ST_1 : Operation 19 [1/1] (0.00ns)   --->   "%empty_525 = alloca i32 1"   --->   Operation 19 'alloca' 'empty_525' <Predicate = true> <Delay = 0.00>
ST_1 : Operation 20 [1/1] (0.00ns)   --->   "%empty_526 = alloca i32 1"   --->   Operation 20 'alloca' 'empty_526' <Predicate = true> <Delay = 0.00>
ST_1 : Operation 21 [1/1] (0.00ns)   --->   "%empty_527 = alloca i32 1"   --->   Operation 21 'alloca' 'empty_527' <Predicate = true> <Delay = 0.00>
ST_1 : Operation 22 [1/1] (0.00ns)   --->   "%empty_528 = alloca i32 1"   --->   Operation 22 'alloca' 'empty_528' <Predicate = true> <Delay = 0.00>
ST_1 : Operation 23 [1/1] (0.00ns)   --->   "%empty_529 = alloca i32 1"   --->   Operation 23 'alloca' 'empty_529' <Predicate = true> <Delay = 0.00>
ST_1 : Operation 24 [1/1] (0.00ns)   --->   "%empty_530 = alloca i32 1"   --->   Operation 24 'alloca' 'empty_530' <Predicate = true> <Delay = 0.00>
ST_1 : Operation 25 [1/1] (0.00ns)   --->   "%empty_531 = alloca i32 1"   --->   Operation 25 'alloca' 'empty_531' <Predicate = true> <Delay = 0.00>
ST_1 : Operation 26 [1/1] (0.00ns)   --->   "%empty_532 = alloca i32 1"   --->   Operation 26 'alloca' 'empty_532' <Predicate = true> <Delay = 0.00>
ST_1 : Operation 27 [1/1] (0.00ns)   --->   "%empty_533 = alloca i32 1"   --->   Operation 27 'alloca' 'empty_533' <Predicate = true> <Delay = 0.00>
ST_1 : Operation 28 [1/1] (0.00ns)   --->   "%empty_534 = alloca i32 1"   --->   Operation 28 'alloca' 'empty_534' <Predicate = true> <Delay = 0.00>
ST_1 : Operation 29 [1/1] (0.00ns)   --->   "%empty_535 = alloca i32 1"   --->   Operation 29 'alloca' 'empty_535' <Predicate = true> <Delay = 0.00>
ST_1 : Operation 30 [1/1] (0.00ns)   --->   "%empty_536 = alloca i32 1"   --->   Operation 30 'alloca' 'empty_536' <Predicate = true> <Delay = 0.00>
ST_1 : Operation 31 [1/1] (0.00ns)   --->   "%empty_537 = alloca i32 1"   --->   Operation 31 'alloca' 'empty_537' <Predicate = true> <Delay = 0.00>
ST_1 : Operation 32 [1/1] (0.00ns)   --->   "%empty_538 = alloca i32 1"   --->   Operation 32 'alloca' 'empty_538' <Predicate = true> <Delay = 0.00>
ST_1 : Operation 33 [1/1] (0.00ns)   --->   "%empty_539 = alloca i32 1"   --->   Operation 33 'alloca' 'empty_539' <Predicate = true> <Delay = 0.00>
ST_1 : Operation 34 [1/1] (0.00ns)   --->   "%empty_540 = alloca i32 1"   --->   Operation 34 'alloca' 'empty_540' <Predicate = true> <Delay = 0.00>
ST_1 : Operation 35 [1/1] (0.00ns)   --->   "%empty_541 = alloca i32 1"   --->   Operation 35 'alloca' 'empty_541' <Predicate = true> <Delay = 0.00>
ST_1 : Operation 36 [1/1] (0.00ns)   --->   "%empty_542 = alloca i32 1"   --->   Operation 36 'alloca' 'empty_542' <Predicate = true> <Delay = 0.00>
ST_1 : Operation 37 [1/1] (0.00ns)   --->   "%empty_543 = alloca i32 1"   --->   Operation 37 'alloca' 'empty_543' <Predicate = true> <Delay = 0.00>
ST_1 : Operation 38 [1/1] (0.00ns)   --->   "%empty_544 = alloca i32 1"   --->   Operation 38 'alloca' 'empty_544' <Predicate = true> <Delay = 0.00>
ST_1 : Operation 39 [1/1] (0.00ns)   --->   "%empty_545 = alloca i32 1"   --->   Operation 39 'alloca' 'empty_545' <Predicate = true> <Delay = 0.00>
ST_1 : Operation 40 [1/1] (0.00ns)   --->   "%empty_546 = alloca i32 1"   --->   Operation 40 'alloca' 'empty_546' <Predicate = true> <Delay = 0.00>
ST_1 : Operation 41 [1/1] (0.00ns)   --->   "%empty_547 = alloca i32 1"   --->   Operation 41 'alloca' 'empty_547' <Predicate = true> <Delay = 0.00>
ST_1 : Operation 42 [1/1] (0.00ns)   --->   "%empty_548 = alloca i32 1"   --->   Operation 42 'alloca' 'empty_548' <Predicate = true> <Delay = 0.00>
ST_1 : Operation 43 [1/1] (0.00ns)   --->   "%empty_549 = alloca i32 1"   --->   Operation 43 'alloca' 'empty_549' <Predicate = true> <Delay = 0.00>
ST_1 : Operation 44 [1/1] (0.00ns)   --->   "%empty_550 = alloca i32 1"   --->   Operation 44 'alloca' 'empty_550' <Predicate = true> <Delay = 0.00>
ST_1 : Operation 45 [1/1] (0.00ns)   --->   "%empty_551 = alloca i32 1"   --->   Operation 45 'alloca' 'empty_551' <Predicate = true> <Delay = 0.00>
ST_1 : Operation 46 [1/1] (0.00ns)   --->   "%empty_552 = alloca i32 1"   --->   Operation 46 'alloca' 'empty_552' <Predicate = true> <Delay = 0.00>
ST_1 : Operation 47 [1/1] (0.00ns)   --->   "%empty_553 = alloca i32 1"   --->   Operation 47 'alloca' 'empty_553' <Predicate = true> <Delay = 0.00>
ST_1 : Operation 48 [1/1] (0.00ns)   --->   "%empty_554 = alloca i32 1"   --->   Operation 48 'alloca' 'empty_554' <Predicate = true> <Delay = 0.00>
ST_1 : Operation 49 [1/1] (0.00ns)   --->   "%empty_555 = alloca i32 1"   --->   Operation 49 'alloca' 'empty_555' <Predicate = true> <Delay = 0.00>
ST_1 : Operation 50 [1/1] (0.00ns)   --->   "%empty_556 = alloca i32 1"   --->   Operation 50 'alloca' 'empty_556' <Predicate = true> <Delay = 0.00>
ST_1 : Operation 51 [1/1] (0.00ns)   --->   "%empty_557 = alloca i32 1"   --->   Operation 51 'alloca' 'empty_557' <Predicate = true> <Delay = 0.00>
ST_1 : Operation 52 [1/1] (0.00ns)   --->   "%empty_558 = alloca i32 1"   --->   Operation 52 'alloca' 'empty_558' <Predicate = true> <Delay = 0.00>
ST_1 : Operation 53 [1/1] (0.00ns)   --->   "%empty_559 = alloca i32 1"   --->   Operation 53 'alloca' 'empty_559' <Predicate = true> <Delay = 0.00>
ST_1 : Operation 54 [1/1] (0.00ns)   --->   "%empty_560 = alloca i32 1"   --->   Operation 54 'alloca' 'empty_560' <Predicate = true> <Delay = 0.00>
ST_1 : Operation 55 [1/1] (0.00ns)   --->   "%empty_561 = alloca i32 1"   --->   Operation 55 'alloca' 'empty_561' <Predicate = true> <Delay = 0.00>
ST_1 : Operation 56 [1/1] (0.00ns)   --->   "%empty_562 = alloca i32 1"   --->   Operation 56 'alloca' 'empty_562' <Predicate = true> <Delay = 0.00>
ST_1 : Operation 57 [1/1] (0.00ns)   --->   "%empty_563 = alloca i32 1"   --->   Operation 57 'alloca' 'empty_563' <Predicate = true> <Delay = 0.00>
ST_1 : Operation 58 [1/1] (0.00ns)   --->   "%empty_564 = alloca i32 1"   --->   Operation 58 'alloca' 'empty_564' <Predicate = true> <Delay = 0.00>
ST_1 : Operation 59 [1/1] (0.00ns)   --->   "%empty_565 = alloca i32 1"   --->   Operation 59 'alloca' 'empty_565' <Predicate = true> <Delay = 0.00>
ST_1 : Operation 60 [1/1] (0.00ns)   --->   "%empty_566 = alloca i32 1"   --->   Operation 60 'alloca' 'empty_566' <Predicate = true> <Delay = 0.00>
ST_1 : Operation 61 [1/1] (0.00ns)   --->   "%empty_567 = alloca i32 1"   --->   Operation 61 'alloca' 'empty_567' <Predicate = true> <Delay = 0.00>
ST_1 : Operation 62 [1/1] (0.00ns)   --->   "%empty_568 = alloca i32 1"   --->   Operation 62 'alloca' 'empty_568' <Predicate = true> <Delay = 0.00>
ST_1 : Operation 63 [1/1] (0.00ns)   --->   "%empty_569 = alloca i32 1"   --->   Operation 63 'alloca' 'empty_569' <Predicate = true> <Delay = 0.00>
ST_1 : Operation 64 [1/1] (0.00ns)   --->   "%empty_570 = alloca i32 1"   --->   Operation 64 'alloca' 'empty_570' <Predicate = true> <Delay = 0.00>
ST_1 : Operation 65 [1/1] (0.00ns)   --->   "%empty_571 = alloca i32 1"   --->   Operation 65 'alloca' 'empty_571' <Predicate = true> <Delay = 0.00>
ST_1 : Operation 66 [1/1] (0.00ns)   --->   "%empty_572 = alloca i32 1"   --->   Operation 66 'alloca' 'empty_572' <Predicate = true> <Delay = 0.00>
ST_1 : Operation 67 [1/1] (0.00ns)   --->   "%empty_573 = alloca i32 1"   --->   Operation 67 'alloca' 'empty_573' <Predicate = true> <Delay = 0.00>
ST_1 : Operation 68 [1/1] (0.00ns)   --->   "%empty_574 = alloca i32 1"   --->   Operation 68 'alloca' 'empty_574' <Predicate = true> <Delay = 0.00>
ST_1 : Operation 69 [1/1] (0.00ns)   --->   "%empty_575 = alloca i32 1"   --->   Operation 69 'alloca' 'empty_575' <Predicate = true> <Delay = 0.00>
ST_1 : Operation 70 [1/1] (0.00ns)   --->   "%p_udiv1079_i_i_i_read = read i7 @_ssdm_op_Read.ap_auto.i7, i7 %p_udiv1079_i_i_i"   --->   Operation 70 'read' 'p_udiv1079_i_i_i_read' <Predicate = true> <Delay = 0.00>
ST_1 : Operation 71 [1/1] (0.36ns)   --->   "%store_ln90 = store i7 0, i7 %j" [kernel_MHSA.cpp:90->kernel_MHSA.cpp:76->kernel_MHSA.cpp:81->kernel_MHSA.cpp:76]   --->   Operation 71 'store' 'store_ln90' <Predicate = true> <Delay = 0.36>
ST_1 : Operation 72 [1/1] (0.00ns)   --->   "%br_ln0 = br void %for.inc83.i.i.i"   --->   Operation 72 'br' 'br_ln0' <Predicate = true> <Delay = 0.00>
ST_1 : Operation 73 [1/1] (0.00ns)   --->   "%j_1 = load i7 %j" [kernel_MHSA.cpp:90->kernel_MHSA.cpp:76->kernel_MHSA.cpp:81->kernel_MHSA.cpp:76]   --->   Operation 73 'load' 'j_1' <Predicate = true> <Delay = 0.00>
ST_1 : Operation 74 [1/1] (0.66ns)   --->   "%add_ln90 = add i7 %j_1, i7 1" [kernel_MHSA.cpp:90->kernel_MHSA.cpp:76->kernel_MHSA.cpp:81->kernel_MHSA.cpp:76]   --->   Operation 74 'add' 'add_ln90' <Predicate = true> <Delay = 0.66> <CoreInst = "Adder">   --->   Core 1 'Adder' <Latency = 0> <II = 1> <Delay = 0.66> <FuncUnit> <Opcode : 'add' 'sub'> <InPorts = 2> <OutPorts = 1>
ST_1 : Operation 75 [1/1] (0.57ns)   --->   "%icmp_ln90 = icmp_eq  i7 %j_1, i7 64" [kernel_MHSA.cpp:90->kernel_MHSA.cpp:76->kernel_MHSA.cpp:81->kernel_MHSA.cpp:76]   --->   Operation 75 'icmp' 'icmp_ln90' <Predicate = true> <Delay = 0.57> <CoreInst = "ICmp_EQ">   --->   Core 156 'ICmp_EQ' <Latency = 0> <II = 1> <Delay = 0.57> <FuncUnit> <Opcode : 'seteq' 'setne'> <InPorts = 2> <OutPorts = 1>
ST_1 : Operation 76 [1/1] (0.00ns)   --->   "%br_ln90 = br i1 %icmp_ln90, void %for.inc83.split.i.i.i, void %TOKEN_COMPUTE.i.i.i.exitStub" [kernel_MHSA.cpp:90->kernel_MHSA.cpp:76->kernel_MHSA.cpp:81->kernel_MHSA.cpp:76]   --->   Operation 76 'br' 'br_ln90' <Predicate = true> <Delay = 0.00>
ST_1 : Operation 77 [1/1] (0.00ns)   --->   "%trunc_ln90 = trunc i7 %j_1" [kernel_MHSA.cpp:90->kernel_MHSA.cpp:76->kernel_MHSA.cpp:81->kernel_MHSA.cpp:76]   --->   Operation 77 'trunc' 'trunc_ln90' <Predicate = (!icmp_ln90)> <Delay = 0.00>
ST_1 : Operation 78 [1/1] (0.00ns)   --->   "%trunc_ln90_1 = trunc i7 %j_1" [kernel_MHSA.cpp:90->kernel_MHSA.cpp:76->kernel_MHSA.cpp:81->kernel_MHSA.cpp:76]   --->   Operation 78 'trunc' 'trunc_ln90_1' <Predicate = (!icmp_ln90)> <Delay = 0.00>
ST_1 : Operation 79 [1/1] (0.00ns)   --->   "%lshr_ln = partselect i4 @_ssdm_op_PartSelect.i4.i7.i32.i32, i7 %j_1, i32 3, i32 6" [kernel_MHSA.cpp:92->kernel_MHSA.cpp:76->kernel_MHSA.cpp:81->kernel_MHSA.cpp:76]   --->   Operation 79 'partselect' 'lshr_ln' <Predicate = (!icmp_ln90)> <Delay = 0.00>
ST_1 : Operation 80 [1/1] (0.00ns)   --->   "%zext_ln92_1 = zext i4 %lshr_ln" [kernel_MHSA.cpp:92->kernel_MHSA.cpp:76->kernel_MHSA.cpp:81->kernel_MHSA.cpp:76]   --->   Operation 80 'zext' 'zext_ln92_1' <Predicate = (!icmp_ln90)> <Delay = 0.00>
ST_1 : Operation 81 [1/1] (0.66ns)   --->   "%add_ln92 = add i7 %zext_ln92_1, i7 %p_udiv1079_i_i_i_read" [kernel_MHSA.cpp:92->kernel_MHSA.cpp:76->kernel_MHSA.cpp:81->kernel_MHSA.cpp:76]   --->   Operation 81 'add' 'add_ln92' <Predicate = (!icmp_ln90)> <Delay = 0.66> <CoreInst = "Adder">   --->   Core 1 'Adder' <Latency = 0> <II = 1> <Delay = 0.66> <FuncUnit> <Opcode : 'add' 'sub'> <InPorts = 2> <OutPorts = 1>
ST_1 : Operation 82 [1/1] (0.00ns)   --->   "%zext_ln92 = zext i7 %add_ln92" [kernel_MHSA.cpp:92->kernel_MHSA.cpp:76->kernel_MHSA.cpp:81->kernel_MHSA.cpp:76]   --->   Operation 82 'zext' 'zext_ln92' <Predicate = (!icmp_ln90)> <Delay = 0.00>
ST_1 : Operation 83 [1/1] (0.00ns)   --->   "%out_q_rope_0_addr = getelementptr i32 %out_q_rope_0, i64 0, i64 %zext_ln92" [kernel_MHSA.cpp:92->kernel_MHSA.cpp:76->kernel_MHSA.cpp:81->kernel_MHSA.cpp:76]   --->   Operation 83 'getelementptr' 'out_q_rope_0_addr' <Predicate = (!icmp_ln90)> <Delay = 0.00>
ST_1 : Operation 84 [1/1] (0.00ns)   --->   "%out_q_rope_1_addr = getelementptr i32 %out_q_rope_1, i64 0, i64 %zext_ln92" [kernel_MHSA.cpp:92->kernel_MHSA.cpp:76->kernel_MHSA.cpp:81->kernel_MHSA.cpp:76]   --->   Operation 84 'getelementptr' 'out_q_rope_1_addr' <Predicate = (!icmp_ln90)> <Delay = 0.00>
ST_1 : Operation 85 [1/1] (0.00ns)   --->   "%out_q_rope_2_addr = getelementptr i32 %out_q_rope_2, i64 0, i64 %zext_ln92" [kernel_MHSA.cpp:92->kernel_MHSA.cpp:76->kernel_MHSA.cpp:81->kernel_MHSA.cpp:76]   --->   Operation 85 'getelementptr' 'out_q_rope_2_addr' <Predicate = (!icmp_ln90)> <Delay = 0.00>
ST_1 : Operation 86 [1/1] (0.00ns)   --->   "%out_q_rope_3_addr = getelementptr i32 %out_q_rope_3, i64 0, i64 %zext_ln92" [kernel_MHSA.cpp:92->kernel_MHSA.cpp:76->kernel_MHSA.cpp:81->kernel_MHSA.cpp:76]   --->   Operation 86 'getelementptr' 'out_q_rope_3_addr' <Predicate = (!icmp_ln90)> <Delay = 0.00>
ST_1 : Operation 87 [1/1] (0.00ns)   --->   "%out_q_rope_4_addr = getelementptr i32 %out_q_rope_4, i64 0, i64 %zext_ln92" [kernel_MHSA.cpp:92->kernel_MHSA.cpp:76->kernel_MHSA.cpp:81->kernel_MHSA.cpp:76]   --->   Operation 87 'getelementptr' 'out_q_rope_4_addr' <Predicate = (!icmp_ln90)> <Delay = 0.00>
ST_1 : Operation 88 [1/1] (0.00ns)   --->   "%out_q_rope_5_addr = getelementptr i32 %out_q_rope_5, i64 0, i64 %zext_ln92" [kernel_MHSA.cpp:92->kernel_MHSA.cpp:76->kernel_MHSA.cpp:81->kernel_MHSA.cpp:76]   --->   Operation 88 'getelementptr' 'out_q_rope_5_addr' <Predicate = (!icmp_ln90)> <Delay = 0.00>
ST_1 : Operation 89 [1/1] (0.00ns)   --->   "%out_q_rope_6_addr = getelementptr i32 %out_q_rope_6, i64 0, i64 %zext_ln92" [kernel_MHSA.cpp:92->kernel_MHSA.cpp:76->kernel_MHSA.cpp:81->kernel_MHSA.cpp:76]   --->   Operation 89 'getelementptr' 'out_q_rope_6_addr' <Predicate = (!icmp_ln90)> <Delay = 0.00>
ST_1 : Operation 90 [1/1] (0.00ns)   --->   "%out_q_rope_7_addr = getelementptr i32 %out_q_rope_7, i64 0, i64 %zext_ln92" [kernel_MHSA.cpp:92->kernel_MHSA.cpp:76->kernel_MHSA.cpp:81->kernel_MHSA.cpp:76]   --->   Operation 90 'getelementptr' 'out_q_rope_7_addr' <Predicate = (!icmp_ln90)> <Delay = 0.00>
ST_1 : Operation 91 [1/1] (0.00ns)   --->   "%muxLogicRAMAddr_to_out_q_rope_0_load = muxlogic i7 %out_q_rope_0_addr"   --->   Operation 91 'muxlogic' 'muxLogicRAMAddr_to_out_q_rope_0_load' <Predicate = (!icmp_ln90)> <Delay = 0.00>
ST_1 : Operation 92 [2/2] (0.72ns) (share mux size 2)   --->   "%out_q_rope_0_load = load i7 %out_q_rope_0_addr" [kernel_MHSA.cpp:92->kernel_MHSA.cpp:76->kernel_MHSA.cpp:81->kernel_MHSA.cpp:76]   --->   Operation 92 'load' 'out_q_rope_0_load' <Predicate = (!icmp_ln90)> <Delay = 0.72> <CoreInst = "RAM">   --->   Core 86 'RAM' <Latency = 1> <II = 1> <Delay = 0.87> <Storage> <Opcode : 'load' 'store'> <Ports = 2> <Width = 32> <Depth = 96> <RAM>
ST_1 : Operation 93 [1/1] (0.00ns)   --->   "%muxLogicRAMAddr_to_out_q_rope_1_load = muxlogic i7 %out_q_rope_1_addr"   --->   Operation 93 'muxlogic' 'muxLogicRAMAddr_to_out_q_rope_1_load' <Predicate = (!icmp_ln90)> <Delay = 0.00>
ST_1 : Operation 94 [2/2] (0.72ns) (share mux size 2)   --->   "%out_q_rope_1_load = load i7 %out_q_rope_1_addr" [kernel_MHSA.cpp:92->kernel_MHSA.cpp:76->kernel_MHSA.cpp:81->kernel_MHSA.cpp:76]   --->   Operation 94 'load' 'out_q_rope_1_load' <Predicate = (!icmp_ln90)> <Delay = 0.72> <CoreInst = "RAM">   --->   Core 86 'RAM' <Latency = 1> <II = 1> <Delay = 0.87> <Storage> <Opcode : 'load' 'store'> <Ports = 2> <Width = 32> <Depth = 96> <RAM>
ST_1 : Operation 95 [1/1] (0.00ns)   --->   "%muxLogicRAMAddr_to_out_q_rope_2_load = muxlogic i7 %out_q_rope_2_addr"   --->   Operation 95 'muxlogic' 'muxLogicRAMAddr_to_out_q_rope_2_load' <Predicate = (!icmp_ln90)> <Delay = 0.00>
ST_1 : Operation 96 [2/2] (0.72ns) (share mux size 2)   --->   "%out_q_rope_2_load = load i7 %out_q_rope_2_addr" [kernel_MHSA.cpp:92->kernel_MHSA.cpp:76->kernel_MHSA.cpp:81->kernel_MHSA.cpp:76]   --->   Operation 96 'load' 'out_q_rope_2_load' <Predicate = (!icmp_ln90)> <Delay = 0.72> <CoreInst = "RAM">   --->   Core 86 'RAM' <Latency = 1> <II = 1> <Delay = 0.87> <Storage> <Opcode : 'load' 'store'> <Ports = 2> <Width = 32> <Depth = 96> <RAM>
ST_1 : Operation 97 [1/1] (0.00ns)   --->   "%muxLogicRAMAddr_to_out_q_rope_3_load = muxlogic i7 %out_q_rope_3_addr"   --->   Operation 97 'muxlogic' 'muxLogicRAMAddr_to_out_q_rope_3_load' <Predicate = (!icmp_ln90)> <Delay = 0.00>
ST_1 : Operation 98 [2/2] (0.72ns) (share mux size 2)   --->   "%out_q_rope_3_load = load i7 %out_q_rope_3_addr" [kernel_MHSA.cpp:92->kernel_MHSA.cpp:76->kernel_MHSA.cpp:81->kernel_MHSA.cpp:76]   --->   Operation 98 'load' 'out_q_rope_3_load' <Predicate = (!icmp_ln90)> <Delay = 0.72> <CoreInst = "RAM">   --->   Core 86 'RAM' <Latency = 1> <II = 1> <Delay = 0.87> <Storage> <Opcode : 'load' 'store'> <Ports = 2> <Width = 32> <Depth = 96> <RAM>
ST_1 : Operation 99 [1/1] (0.00ns)   --->   "%muxLogicRAMAddr_to_out_q_rope_4_load = muxlogic i7 %out_q_rope_4_addr"   --->   Operation 99 'muxlogic' 'muxLogicRAMAddr_to_out_q_rope_4_load' <Predicate = (!icmp_ln90)> <Delay = 0.00>
ST_1 : Operation 100 [2/2] (0.72ns) (share mux size 2)   --->   "%out_q_rope_4_load = load i7 %out_q_rope_4_addr" [kernel_MHSA.cpp:92->kernel_MHSA.cpp:76->kernel_MHSA.cpp:81->kernel_MHSA.cpp:76]   --->   Operation 100 'load' 'out_q_rope_4_load' <Predicate = (!icmp_ln90)> <Delay = 0.72> <CoreInst = "RAM">   --->   Core 86 'RAM' <Latency = 1> <II = 1> <Delay = 0.87> <Storage> <Opcode : 'load' 'store'> <Ports = 2> <Width = 32> <Depth = 96> <RAM>
ST_1 : Operation 101 [1/1] (0.00ns)   --->   "%muxLogicRAMAddr_to_out_q_rope_5_load = muxlogic i7 %out_q_rope_5_addr"   --->   Operation 101 'muxlogic' 'muxLogicRAMAddr_to_out_q_rope_5_load' <Predicate = (!icmp_ln90)> <Delay = 0.00>
ST_1 : Operation 102 [2/2] (0.72ns) (share mux size 2)   --->   "%out_q_rope_5_load = load i7 %out_q_rope_5_addr" [kernel_MHSA.cpp:92->kernel_MHSA.cpp:76->kernel_MHSA.cpp:81->kernel_MHSA.cpp:76]   --->   Operation 102 'load' 'out_q_rope_5_load' <Predicate = (!icmp_ln90)> <Delay = 0.72> <CoreInst = "RAM">   --->   Core 86 'RAM' <Latency = 1> <II = 1> <Delay = 0.87> <Storage> <Opcode : 'load' 'store'> <Ports = 2> <Width = 32> <Depth = 96> <RAM>
ST_1 : Operation 103 [1/1] (0.00ns)   --->   "%muxLogicRAMAddr_to_out_q_rope_6_load = muxlogic i7 %out_q_rope_6_addr"   --->   Operation 103 'muxlogic' 'muxLogicRAMAddr_to_out_q_rope_6_load' <Predicate = (!icmp_ln90)> <Delay = 0.00>
ST_1 : Operation 104 [2/2] (0.72ns) (share mux size 2)   --->   "%out_q_rope_6_load = load i7 %out_q_rope_6_addr" [kernel_MHSA.cpp:92->kernel_MHSA.cpp:76->kernel_MHSA.cpp:81->kernel_MHSA.cpp:76]   --->   Operation 104 'load' 'out_q_rope_6_load' <Predicate = (!icmp_ln90)> <Delay = 0.72> <CoreInst = "RAM">   --->   Core 86 'RAM' <Latency = 1> <II = 1> <Delay = 0.87> <Storage> <Opcode : 'load' 'store'> <Ports = 2> <Width = 32> <Depth = 96> <RAM>
ST_1 : Operation 105 [1/1] (0.00ns)   --->   "%muxLogicRAMAddr_to_out_q_rope_7_load = muxlogic i7 %out_q_rope_7_addr"   --->   Operation 105 'muxlogic' 'muxLogicRAMAddr_to_out_q_rope_7_load' <Predicate = (!icmp_ln90)> <Delay = 0.00>
ST_1 : Operation 106 [2/2] (0.72ns) (share mux size 2)   --->   "%out_q_rope_7_load = load i7 %out_q_rope_7_addr" [kernel_MHSA.cpp:92->kernel_MHSA.cpp:76->kernel_MHSA.cpp:81->kernel_MHSA.cpp:76]   --->   Operation 106 'load' 'out_q_rope_7_load' <Predicate = (!icmp_ln90)> <Delay = 0.72> <CoreInst = "RAM">   --->   Core 86 'RAM' <Latency = 1> <II = 1> <Delay = 0.87> <Storage> <Opcode : 'load' 'store'> <Ports = 2> <Width = 32> <Depth = 96> <RAM>
ST_1 : Operation 107 [1/1] (0.54ns)   --->   "%switch_ln92 = switch i6 %trunc_ln90, void %arrayidx82.case.63.i.i.i, i6 0, void %for.inc83.split.i.i.i.arrayidx82.exit.i.i.i_crit_edge, i6 1, void %arrayidx82.case.1.i.i.i, i6 2, void %arrayidx82.case.2.i.i.i, i6 3, void %arrayidx82.case.3.i.i.i, i6 4, void %arrayidx82.case.4.i.i.i, i6 5, void %arrayidx82.case.5.i.i.i, i6 6, void %arrayidx82.case.6.i.i.i, i6 7, void %arrayidx82.case.7.i.i.i, i6 8, void %arrayidx82.case.8.i.i.i, i6 9, void %arrayidx82.case.9.i.i.i, i6 10, void %arrayidx82.case.10.i.i.i, i6 11, void %arrayidx82.case.11.i.i.i, i6 12, void %arrayidx82.case.12.i.i.i, i6 13, void %arrayidx82.case.13.i.i.i, i6 14, void %arrayidx82.case.14.i.i.i, i6 15, void %arrayidx82.case.15.i.i.i, i6 16, void %arrayidx82.case.16.i.i.i, i6 17, void %arrayidx82.case.17.i.i.i, i6 18, void %arrayidx82.case.18.i.i.i, i6 19, void %arrayidx82.case.19.i.i.i, i6 20, void %arrayidx82.case.20.i.i.i, i6 21, void %arrayidx82.case.21.i.i.i, i6 22, void %arrayidx82.case.22.i.i.i, i6 23, void %arrayidx82.case.23.i.i.i, i6 24, void %arrayidx82.case.24.i.i.i, i6 25, void %arrayidx82.case.25.i.i.i, i6 26, void %arrayidx82.case.26.i.i.i, i6 27, void %arrayidx82.case.27.i.i.i, i6 28, void %arrayidx82.case.28.i.i.i, i6 29, void %arrayidx82.case.29.i.i.i, i6 30, void %arrayidx82.case.30.i.i.i, i6 31, void %arrayidx82.case.31.i.i.i, i6 32, void %arrayidx82.case.32.i.i.i, i6 33, void %arrayidx82.case.33.i.i.i, i6 34, void %arrayidx82.case.34.i.i.i, i6 35, void %arrayidx82.case.35.i.i.i, i6 36, void %arrayidx82.case.36.i.i.i, i6 37, void %arrayidx82.case.37.i.i.i, i6 38, void %arrayidx82.case.38.i.i.i, i6 39, void %arrayidx82.case.39.i.i.i, i6 40, void %arrayidx82.case.40.i.i.i, i6 41, void %arrayidx82.case.41.i.i.i, i6 42, void %arrayidx82.case.42.i.i.i, i6 43, void %arrayidx82.case.43.i.i.i, i6 44, void %arrayidx82.case.44.i.i.i, i6 45, void %arrayidx82.case.45.i.i.i, i6 46, void %arrayidx82.case.46.i.i.i, i6 47, void %arrayidx82.case.47.i.i.i, i6 48, void %arrayidx82.case.48.i.i.i, i6 49, void %arrayidx82.case.49.i.i.i, i6 50, void %arrayidx82.case.50.i.i.i, i6 51, void %arrayidx82.case.51.i.i.i, i6 52, void %arrayidx82.case.52.i.i.i, i6 53, void %arrayidx82.case.53.i.i.i, i6 54, void %arrayidx82.case.54.i.i.i, i6 55, void %arrayidx82.case.55.i.i.i, i6 56, void %arrayidx82.case.56.i.i.i, i6 57, void %arrayidx82.case.57.i.i.i, i6 58, void %arrayidx82.case.58.i.i.i, i6 59, void %arrayidx82.case.59.i.i.i, i6 60, void %arrayidx82.case.60.i.i.i, i6 61, void %arrayidx82.case.61.i.i.i, i6 62, void %arrayidx82.case.62.i.i.i" [kernel_MHSA.cpp:92->kernel_MHSA.cpp:76->kernel_MHSA.cpp:81->kernel_MHSA.cpp:76]   --->   Operation 107 'switch' 'switch_ln92' <Predicate = (!icmp_ln90)> <Delay = 0.54>
ST_1 : Operation 108 [1/1] (0.36ns)   --->   "%store_ln90 = store i7 %add_ln90, i7 %j" [kernel_MHSA.cpp:90->kernel_MHSA.cpp:76->kernel_MHSA.cpp:81->kernel_MHSA.cpp:76]   --->   Operation 108 'store' 'store_ln90' <Predicate = (!icmp_ln90)> <Delay = 0.36>
ST_1 : Operation 109 [1/1] (0.00ns)   --->   "%br_ln90 = br void %for.inc83.i.i.i" [kernel_MHSA.cpp:90->kernel_MHSA.cpp:76->kernel_MHSA.cpp:81->kernel_MHSA.cpp:76]   --->   Operation 109 'br' 'br_ln90' <Predicate = (!icmp_ln90)> <Delay = 0.00>
ST_1 : Operation 250 [1/1] (0.00ns)   --->   "%p_load130 = load i32 %empty"   --->   Operation 250 'load' 'p_load130' <Predicate = (icmp_ln90)> <Delay = 0.00>
ST_1 : Operation 251 [1/1] (0.00ns)   --->   "%p_load129 = load i32 %empty_513"   --->   Operation 251 'load' 'p_load129' <Predicate = (icmp_ln90)> <Delay = 0.00>
ST_1 : Operation 252 [1/1] (0.00ns)   --->   "%p_load128 = load i32 %empty_514"   --->   Operation 252 'load' 'p_load128' <Predicate = (icmp_ln90)> <Delay = 0.00>
ST_1 : Operation 253 [1/1] (0.00ns)   --->   "%p_load127 = load i32 %empty_515"   --->   Operation 253 'load' 'p_load127' <Predicate = (icmp_ln90)> <Delay = 0.00>
ST_1 : Operation 254 [1/1] (0.00ns)   --->   "%p_load126 = load i32 %empty_516"   --->   Operation 254 'load' 'p_load126' <Predicate = (icmp_ln90)> <Delay = 0.00>
ST_1 : Operation 255 [1/1] (0.00ns)   --->   "%p_load125 = load i32 %empty_517"   --->   Operation 255 'load' 'p_load125' <Predicate = (icmp_ln90)> <Delay = 0.00>
ST_1 : Operation 256 [1/1] (0.00ns)   --->   "%p_load124 = load i32 %empty_518"   --->   Operation 256 'load' 'p_load124' <Predicate = (icmp_ln90)> <Delay = 0.00>
ST_1 : Operation 257 [1/1] (0.00ns)   --->   "%p_load123 = load i32 %empty_519"   --->   Operation 257 'load' 'p_load123' <Predicate = (icmp_ln90)> <Delay = 0.00>
ST_1 : Operation 258 [1/1] (0.00ns)   --->   "%p_load122 = load i32 %empty_520"   --->   Operation 258 'load' 'p_load122' <Predicate = (icmp_ln90)> <Delay = 0.00>
ST_1 : Operation 259 [1/1] (0.00ns)   --->   "%p_load121 = load i32 %empty_521"   --->   Operation 259 'load' 'p_load121' <Predicate = (icmp_ln90)> <Delay = 0.00>
ST_1 : Operation 260 [1/1] (0.00ns)   --->   "%p_load120 = load i32 %empty_522"   --->   Operation 260 'load' 'p_load120' <Predicate = (icmp_ln90)> <Delay = 0.00>
ST_1 : Operation 261 [1/1] (0.00ns)   --->   "%p_load119 = load i32 %empty_523"   --->   Operation 261 'load' 'p_load119' <Predicate = (icmp_ln90)> <Delay = 0.00>
ST_1 : Operation 262 [1/1] (0.00ns)   --->   "%p_load118 = load i32 %empty_524"   --->   Operation 262 'load' 'p_load118' <Predicate = (icmp_ln90)> <Delay = 0.00>
ST_1 : Operation 263 [1/1] (0.00ns)   --->   "%p_load117 = load i32 %empty_525"   --->   Operation 263 'load' 'p_load117' <Predicate = (icmp_ln90)> <Delay = 0.00>
ST_1 : Operation 264 [1/1] (0.00ns)   --->   "%p_load116 = load i32 %empty_526"   --->   Operation 264 'load' 'p_load116' <Predicate = (icmp_ln90)> <Delay = 0.00>
ST_1 : Operation 265 [1/1] (0.00ns)   --->   "%p_load115 = load i32 %empty_527"   --->   Operation 265 'load' 'p_load115' <Predicate = (icmp_ln90)> <Delay = 0.00>
ST_1 : Operation 266 [1/1] (0.00ns)   --->   "%p_load114 = load i32 %empty_528"   --->   Operation 266 'load' 'p_load114' <Predicate = (icmp_ln90)> <Delay = 0.00>
ST_1 : Operation 267 [1/1] (0.00ns)   --->   "%p_load113 = load i32 %empty_529"   --->   Operation 267 'load' 'p_load113' <Predicate = (icmp_ln90)> <Delay = 0.00>
ST_1 : Operation 268 [1/1] (0.00ns)   --->   "%p_load112 = load i32 %empty_530"   --->   Operation 268 'load' 'p_load112' <Predicate = (icmp_ln90)> <Delay = 0.00>
ST_1 : Operation 269 [1/1] (0.00ns)   --->   "%p_load111 = load i32 %empty_531"   --->   Operation 269 'load' 'p_load111' <Predicate = (icmp_ln90)> <Delay = 0.00>
ST_1 : Operation 270 [1/1] (0.00ns)   --->   "%p_load110 = load i32 %empty_532"   --->   Operation 270 'load' 'p_load110' <Predicate = (icmp_ln90)> <Delay = 0.00>
ST_1 : Operation 271 [1/1] (0.00ns)   --->   "%p_load109 = load i32 %empty_533"   --->   Operation 271 'load' 'p_load109' <Predicate = (icmp_ln90)> <Delay = 0.00>
ST_1 : Operation 272 [1/1] (0.00ns)   --->   "%p_load108 = load i32 %empty_534"   --->   Operation 272 'load' 'p_load108' <Predicate = (icmp_ln90)> <Delay = 0.00>
ST_1 : Operation 273 [1/1] (0.00ns)   --->   "%p_load107 = load i32 %empty_535"   --->   Operation 273 'load' 'p_load107' <Predicate = (icmp_ln90)> <Delay = 0.00>
ST_1 : Operation 274 [1/1] (0.00ns)   --->   "%p_load106 = load i32 %empty_536"   --->   Operation 274 'load' 'p_load106' <Predicate = (icmp_ln90)> <Delay = 0.00>
ST_1 : Operation 275 [1/1] (0.00ns)   --->   "%p_load105 = load i32 %empty_537"   --->   Operation 275 'load' 'p_load105' <Predicate = (icmp_ln90)> <Delay = 0.00>
ST_1 : Operation 276 [1/1] (0.00ns)   --->   "%p_load104 = load i32 %empty_538"   --->   Operation 276 'load' 'p_load104' <Predicate = (icmp_ln90)> <Delay = 0.00>
ST_1 : Operation 277 [1/1] (0.00ns)   --->   "%p_load103 = load i32 %empty_539"   --->   Operation 277 'load' 'p_load103' <Predicate = (icmp_ln90)> <Delay = 0.00>
ST_1 : Operation 278 [1/1] (0.00ns)   --->   "%p_load102 = load i32 %empty_540"   --->   Operation 278 'load' 'p_load102' <Predicate = (icmp_ln90)> <Delay = 0.00>
ST_1 : Operation 279 [1/1] (0.00ns)   --->   "%p_load101 = load i32 %empty_541"   --->   Operation 279 'load' 'p_load101' <Predicate = (icmp_ln90)> <Delay = 0.00>
ST_1 : Operation 280 [1/1] (0.00ns)   --->   "%p_load100 = load i32 %empty_542"   --->   Operation 280 'load' 'p_load100' <Predicate = (icmp_ln90)> <Delay = 0.00>
ST_1 : Operation 281 [1/1] (0.00ns)   --->   "%p_load99 = load i32 %empty_543"   --->   Operation 281 'load' 'p_load99' <Predicate = (icmp_ln90)> <Delay = 0.00>
ST_1 : Operation 282 [1/1] (0.00ns)   --->   "%p_load98 = load i32 %empty_544"   --->   Operation 282 'load' 'p_load98' <Predicate = (icmp_ln90)> <Delay = 0.00>
ST_1 : Operation 283 [1/1] (0.00ns)   --->   "%p_load97 = load i32 %empty_545"   --->   Operation 283 'load' 'p_load97' <Predicate = (icmp_ln90)> <Delay = 0.00>
ST_1 : Operation 284 [1/1] (0.00ns)   --->   "%p_load96 = load i32 %empty_546"   --->   Operation 284 'load' 'p_load96' <Predicate = (icmp_ln90)> <Delay = 0.00>
ST_1 : Operation 285 [1/1] (0.00ns)   --->   "%p_load95 = load i32 %empty_547"   --->   Operation 285 'load' 'p_load95' <Predicate = (icmp_ln90)> <Delay = 0.00>
ST_1 : Operation 286 [1/1] (0.00ns)   --->   "%p_load94 = load i32 %empty_548"   --->   Operation 286 'load' 'p_load94' <Predicate = (icmp_ln90)> <Delay = 0.00>
ST_1 : Operation 287 [1/1] (0.00ns)   --->   "%p_load93 = load i32 %empty_549"   --->   Operation 287 'load' 'p_load93' <Predicate = (icmp_ln90)> <Delay = 0.00>
ST_1 : Operation 288 [1/1] (0.00ns)   --->   "%p_load92 = load i32 %empty_550"   --->   Operation 288 'load' 'p_load92' <Predicate = (icmp_ln90)> <Delay = 0.00>
ST_1 : Operation 289 [1/1] (0.00ns)   --->   "%p_load91 = load i32 %empty_551"   --->   Operation 289 'load' 'p_load91' <Predicate = (icmp_ln90)> <Delay = 0.00>
ST_1 : Operation 290 [1/1] (0.00ns)   --->   "%p_load90 = load i32 %empty_552"   --->   Operation 290 'load' 'p_load90' <Predicate = (icmp_ln90)> <Delay = 0.00>
ST_1 : Operation 291 [1/1] (0.00ns)   --->   "%p_load89 = load i32 %empty_553"   --->   Operation 291 'load' 'p_load89' <Predicate = (icmp_ln90)> <Delay = 0.00>
ST_1 : Operation 292 [1/1] (0.00ns)   --->   "%p_load88 = load i32 %empty_554"   --->   Operation 292 'load' 'p_load88' <Predicate = (icmp_ln90)> <Delay = 0.00>
ST_1 : Operation 293 [1/1] (0.00ns)   --->   "%p_load87 = load i32 %empty_555"   --->   Operation 293 'load' 'p_load87' <Predicate = (icmp_ln90)> <Delay = 0.00>
ST_1 : Operation 294 [1/1] (0.00ns)   --->   "%p_load86 = load i32 %empty_556"   --->   Operation 294 'load' 'p_load86' <Predicate = (icmp_ln90)> <Delay = 0.00>
ST_1 : Operation 295 [1/1] (0.00ns)   --->   "%p_load85 = load i32 %empty_557"   --->   Operation 295 'load' 'p_load85' <Predicate = (icmp_ln90)> <Delay = 0.00>
ST_1 : Operation 296 [1/1] (0.00ns)   --->   "%p_load84 = load i32 %empty_558"   --->   Operation 296 'load' 'p_load84' <Predicate = (icmp_ln90)> <Delay = 0.00>
ST_1 : Operation 297 [1/1] (0.00ns)   --->   "%p_load83 = load i32 %empty_559"   --->   Operation 297 'load' 'p_load83' <Predicate = (icmp_ln90)> <Delay = 0.00>
ST_1 : Operation 298 [1/1] (0.00ns)   --->   "%p_load82 = load i32 %empty_560"   --->   Operation 298 'load' 'p_load82' <Predicate = (icmp_ln90)> <Delay = 0.00>
ST_1 : Operation 299 [1/1] (0.00ns)   --->   "%p_load81 = load i32 %empty_561"   --->   Operation 299 'load' 'p_load81' <Predicate = (icmp_ln90)> <Delay = 0.00>
ST_1 : Operation 300 [1/1] (0.00ns)   --->   "%p_load80 = load i32 %empty_562"   --->   Operation 300 'load' 'p_load80' <Predicate = (icmp_ln90)> <Delay = 0.00>
ST_1 : Operation 301 [1/1] (0.00ns)   --->   "%p_load79 = load i32 %empty_563"   --->   Operation 301 'load' 'p_load79' <Predicate = (icmp_ln90)> <Delay = 0.00>
ST_1 : Operation 302 [1/1] (0.00ns)   --->   "%p_load78 = load i32 %empty_564"   --->   Operation 302 'load' 'p_load78' <Predicate = (icmp_ln90)> <Delay = 0.00>
ST_1 : Operation 303 [1/1] (0.00ns)   --->   "%p_load77 = load i32 %empty_565"   --->   Operation 303 'load' 'p_load77' <Predicate = (icmp_ln90)> <Delay = 0.00>
ST_1 : Operation 304 [1/1] (0.00ns)   --->   "%p_load76 = load i32 %empty_566"   --->   Operation 304 'load' 'p_load76' <Predicate = (icmp_ln90)> <Delay = 0.00>
ST_1 : Operation 305 [1/1] (0.00ns)   --->   "%p_load75 = load i32 %empty_567"   --->   Operation 305 'load' 'p_load75' <Predicate = (icmp_ln90)> <Delay = 0.00>
ST_1 : Operation 306 [1/1] (0.00ns)   --->   "%p_load74 = load i32 %empty_568"   --->   Operation 306 'load' 'p_load74' <Predicate = (icmp_ln90)> <Delay = 0.00>
ST_1 : Operation 307 [1/1] (0.00ns)   --->   "%p_load73 = load i32 %empty_569"   --->   Operation 307 'load' 'p_load73' <Predicate = (icmp_ln90)> <Delay = 0.00>
ST_1 : Operation 308 [1/1] (0.00ns)   --->   "%p_load72 = load i32 %empty_570"   --->   Operation 308 'load' 'p_load72' <Predicate = (icmp_ln90)> <Delay = 0.00>
ST_1 : Operation 309 [1/1] (0.00ns)   --->   "%p_load71 = load i32 %empty_571"   --->   Operation 309 'load' 'p_load71' <Predicate = (icmp_ln90)> <Delay = 0.00>
ST_1 : Operation 310 [1/1] (0.00ns)   --->   "%p_load70 = load i32 %empty_572"   --->   Operation 310 'load' 'p_load70' <Predicate = (icmp_ln90)> <Delay = 0.00>
ST_1 : Operation 311 [1/1] (0.00ns)   --->   "%p_load69 = load i32 %empty_573"   --->   Operation 311 'load' 'p_load69' <Predicate = (icmp_ln90)> <Delay = 0.00>
ST_1 : Operation 312 [1/1] (0.00ns)   --->   "%p_load68 = load i32 %empty_574"   --->   Operation 312 'load' 'p_load68' <Predicate = (icmp_ln90)> <Delay = 0.00>
ST_1 : Operation 313 [1/1] (0.00ns)   --->   "%p_load = load i32 %empty_575"   --->   Operation 313 'load' 'p_load' <Predicate = (icmp_ln90)> <Delay = 0.00>
ST_1 : Operation 314 [1/1] (0.00ns)   --->   "%write_ln0 = write void @_ssdm_op_Write.ap_auto.floatP0A, i32 %p_out, i32 %p_load"   --->   Operation 314 'write' 'write_ln0' <Predicate = (icmp_ln90)> <Delay = 0.00>
ST_1 : Operation 315 [1/1] (0.00ns)   --->   "%write_ln0 = write void @_ssdm_op_Write.ap_auto.floatP0A, i32 %p_out1, i32 %p_load68"   --->   Operation 315 'write' 'write_ln0' <Predicate = (icmp_ln90)> <Delay = 0.00>
ST_1 : Operation 316 [1/1] (0.00ns)   --->   "%write_ln0 = write void @_ssdm_op_Write.ap_auto.floatP0A, i32 %p_out2, i32 %p_load69"   --->   Operation 316 'write' 'write_ln0' <Predicate = (icmp_ln90)> <Delay = 0.00>
ST_1 : Operation 317 [1/1] (0.00ns)   --->   "%write_ln0 = write void @_ssdm_op_Write.ap_auto.floatP0A, i32 %p_out3, i32 %p_load70"   --->   Operation 317 'write' 'write_ln0' <Predicate = (icmp_ln90)> <Delay = 0.00>
ST_1 : Operation 318 [1/1] (0.00ns)   --->   "%write_ln0 = write void @_ssdm_op_Write.ap_auto.floatP0A, i32 %p_out4, i32 %p_load71"   --->   Operation 318 'write' 'write_ln0' <Predicate = (icmp_ln90)> <Delay = 0.00>
ST_1 : Operation 319 [1/1] (0.00ns)   --->   "%write_ln0 = write void @_ssdm_op_Write.ap_auto.floatP0A, i32 %p_out5, i32 %p_load72"   --->   Operation 319 'write' 'write_ln0' <Predicate = (icmp_ln90)> <Delay = 0.00>
ST_1 : Operation 320 [1/1] (0.00ns)   --->   "%write_ln0 = write void @_ssdm_op_Write.ap_auto.floatP0A, i32 %p_out6, i32 %p_load73"   --->   Operation 320 'write' 'write_ln0' <Predicate = (icmp_ln90)> <Delay = 0.00>
ST_1 : Operation 321 [1/1] (0.00ns)   --->   "%write_ln0 = write void @_ssdm_op_Write.ap_auto.floatP0A, i32 %p_out7, i32 %p_load74"   --->   Operation 321 'write' 'write_ln0' <Predicate = (icmp_ln90)> <Delay = 0.00>
ST_1 : Operation 322 [1/1] (0.00ns)   --->   "%write_ln0 = write void @_ssdm_op_Write.ap_auto.floatP0A, i32 %p_out8, i32 %p_load75"   --->   Operation 322 'write' 'write_ln0' <Predicate = (icmp_ln90)> <Delay = 0.00>
ST_1 : Operation 323 [1/1] (0.00ns)   --->   "%write_ln0 = write void @_ssdm_op_Write.ap_auto.floatP0A, i32 %p_out9, i32 %p_load76"   --->   Operation 323 'write' 'write_ln0' <Predicate = (icmp_ln90)> <Delay = 0.00>
ST_1 : Operation 324 [1/1] (0.00ns)   --->   "%write_ln0 = write void @_ssdm_op_Write.ap_auto.floatP0A, i32 %p_out10, i32 %p_load77"   --->   Operation 324 'write' 'write_ln0' <Predicate = (icmp_ln90)> <Delay = 0.00>
ST_1 : Operation 325 [1/1] (0.00ns)   --->   "%write_ln0 = write void @_ssdm_op_Write.ap_auto.floatP0A, i32 %p_out11, i32 %p_load78"   --->   Operation 325 'write' 'write_ln0' <Predicate = (icmp_ln90)> <Delay = 0.00>
ST_1 : Operation 326 [1/1] (0.00ns)   --->   "%write_ln0 = write void @_ssdm_op_Write.ap_auto.floatP0A, i32 %p_out12, i32 %p_load79"   --->   Operation 326 'write' 'write_ln0' <Predicate = (icmp_ln90)> <Delay = 0.00>
ST_1 : Operation 327 [1/1] (0.00ns)   --->   "%write_ln0 = write void @_ssdm_op_Write.ap_auto.floatP0A, i32 %p_out13, i32 %p_load80"   --->   Operation 327 'write' 'write_ln0' <Predicate = (icmp_ln90)> <Delay = 0.00>
ST_1 : Operation 328 [1/1] (0.00ns)   --->   "%write_ln0 = write void @_ssdm_op_Write.ap_auto.floatP0A, i32 %p_out14, i32 %p_load81"   --->   Operation 328 'write' 'write_ln0' <Predicate = (icmp_ln90)> <Delay = 0.00>
ST_1 : Operation 329 [1/1] (0.00ns)   --->   "%write_ln0 = write void @_ssdm_op_Write.ap_auto.floatP0A, i32 %p_out15, i32 %p_load82"   --->   Operation 329 'write' 'write_ln0' <Predicate = (icmp_ln90)> <Delay = 0.00>
ST_1 : Operation 330 [1/1] (0.00ns)   --->   "%write_ln0 = write void @_ssdm_op_Write.ap_auto.floatP0A, i32 %p_out16, i32 %p_load83"   --->   Operation 330 'write' 'write_ln0' <Predicate = (icmp_ln90)> <Delay = 0.00>
ST_1 : Operation 331 [1/1] (0.00ns)   --->   "%write_ln0 = write void @_ssdm_op_Write.ap_auto.floatP0A, i32 %p_out17, i32 %p_load84"   --->   Operation 331 'write' 'write_ln0' <Predicate = (icmp_ln90)> <Delay = 0.00>
ST_1 : Operation 332 [1/1] (0.00ns)   --->   "%write_ln0 = write void @_ssdm_op_Write.ap_auto.floatP0A, i32 %p_out18, i32 %p_load85"   --->   Operation 332 'write' 'write_ln0' <Predicate = (icmp_ln90)> <Delay = 0.00>
ST_1 : Operation 333 [1/1] (0.00ns)   --->   "%write_ln0 = write void @_ssdm_op_Write.ap_auto.floatP0A, i32 %p_out19, i32 %p_load86"   --->   Operation 333 'write' 'write_ln0' <Predicate = (icmp_ln90)> <Delay = 0.00>
ST_1 : Operation 334 [1/1] (0.00ns)   --->   "%write_ln0 = write void @_ssdm_op_Write.ap_auto.floatP0A, i32 %p_out20, i32 %p_load87"   --->   Operation 334 'write' 'write_ln0' <Predicate = (icmp_ln90)> <Delay = 0.00>
ST_1 : Operation 335 [1/1] (0.00ns)   --->   "%write_ln0 = write void @_ssdm_op_Write.ap_auto.floatP0A, i32 %p_out21, i32 %p_load88"   --->   Operation 335 'write' 'write_ln0' <Predicate = (icmp_ln90)> <Delay = 0.00>
ST_1 : Operation 336 [1/1] (0.00ns)   --->   "%write_ln0 = write void @_ssdm_op_Write.ap_auto.floatP0A, i32 %p_out22, i32 %p_load89"   --->   Operation 336 'write' 'write_ln0' <Predicate = (icmp_ln90)> <Delay = 0.00>
ST_1 : Operation 337 [1/1] (0.00ns)   --->   "%write_ln0 = write void @_ssdm_op_Write.ap_auto.floatP0A, i32 %p_out23, i32 %p_load90"   --->   Operation 337 'write' 'write_ln0' <Predicate = (icmp_ln90)> <Delay = 0.00>
ST_1 : Operation 338 [1/1] (0.00ns)   --->   "%write_ln0 = write void @_ssdm_op_Write.ap_auto.floatP0A, i32 %p_out24, i32 %p_load91"   --->   Operation 338 'write' 'write_ln0' <Predicate = (icmp_ln90)> <Delay = 0.00>
ST_1 : Operation 339 [1/1] (0.00ns)   --->   "%write_ln0 = write void @_ssdm_op_Write.ap_auto.floatP0A, i32 %p_out25, i32 %p_load92"   --->   Operation 339 'write' 'write_ln0' <Predicate = (icmp_ln90)> <Delay = 0.00>
ST_1 : Operation 340 [1/1] (0.00ns)   --->   "%write_ln0 = write void @_ssdm_op_Write.ap_auto.floatP0A, i32 %p_out26, i32 %p_load93"   --->   Operation 340 'write' 'write_ln0' <Predicate = (icmp_ln90)> <Delay = 0.00>
ST_1 : Operation 341 [1/1] (0.00ns)   --->   "%write_ln0 = write void @_ssdm_op_Write.ap_auto.floatP0A, i32 %p_out27, i32 %p_load94"   --->   Operation 341 'write' 'write_ln0' <Predicate = (icmp_ln90)> <Delay = 0.00>
ST_1 : Operation 342 [1/1] (0.00ns)   --->   "%write_ln0 = write void @_ssdm_op_Write.ap_auto.floatP0A, i32 %p_out28, i32 %p_load95"   --->   Operation 342 'write' 'write_ln0' <Predicate = (icmp_ln90)> <Delay = 0.00>
ST_1 : Operation 343 [1/1] (0.00ns)   --->   "%write_ln0 = write void @_ssdm_op_Write.ap_auto.floatP0A, i32 %p_out29, i32 %p_load96"   --->   Operation 343 'write' 'write_ln0' <Predicate = (icmp_ln90)> <Delay = 0.00>
ST_1 : Operation 344 [1/1] (0.00ns)   --->   "%write_ln0 = write void @_ssdm_op_Write.ap_auto.floatP0A, i32 %p_out30, i32 %p_load97"   --->   Operation 344 'write' 'write_ln0' <Predicate = (icmp_ln90)> <Delay = 0.00>
ST_1 : Operation 345 [1/1] (0.00ns)   --->   "%write_ln0 = write void @_ssdm_op_Write.ap_auto.floatP0A, i32 %p_out31, i32 %p_load98"   --->   Operation 345 'write' 'write_ln0' <Predicate = (icmp_ln90)> <Delay = 0.00>
ST_1 : Operation 346 [1/1] (0.00ns)   --->   "%write_ln0 = write void @_ssdm_op_Write.ap_auto.floatP0A, i32 %p_out32, i32 %p_load99"   --->   Operation 346 'write' 'write_ln0' <Predicate = (icmp_ln90)> <Delay = 0.00>
ST_1 : Operation 347 [1/1] (0.00ns)   --->   "%write_ln0 = write void @_ssdm_op_Write.ap_auto.floatP0A, i32 %p_out33, i32 %p_load100"   --->   Operation 347 'write' 'write_ln0' <Predicate = (icmp_ln90)> <Delay = 0.00>
ST_1 : Operation 348 [1/1] (0.00ns)   --->   "%write_ln0 = write void @_ssdm_op_Write.ap_auto.floatP0A, i32 %p_out34, i32 %p_load101"   --->   Operation 348 'write' 'write_ln0' <Predicate = (icmp_ln90)> <Delay = 0.00>
ST_1 : Operation 349 [1/1] (0.00ns)   --->   "%write_ln0 = write void @_ssdm_op_Write.ap_auto.floatP0A, i32 %p_out35, i32 %p_load102"   --->   Operation 349 'write' 'write_ln0' <Predicate = (icmp_ln90)> <Delay = 0.00>
ST_1 : Operation 350 [1/1] (0.00ns)   --->   "%write_ln0 = write void @_ssdm_op_Write.ap_auto.floatP0A, i32 %p_out36, i32 %p_load103"   --->   Operation 350 'write' 'write_ln0' <Predicate = (icmp_ln90)> <Delay = 0.00>
ST_1 : Operation 351 [1/1] (0.00ns)   --->   "%write_ln0 = write void @_ssdm_op_Write.ap_auto.floatP0A, i32 %p_out37, i32 %p_load104"   --->   Operation 351 'write' 'write_ln0' <Predicate = (icmp_ln90)> <Delay = 0.00>
ST_1 : Operation 352 [1/1] (0.00ns)   --->   "%write_ln0 = write void @_ssdm_op_Write.ap_auto.floatP0A, i32 %p_out38, i32 %p_load105"   --->   Operation 352 'write' 'write_ln0' <Predicate = (icmp_ln90)> <Delay = 0.00>
ST_1 : Operation 353 [1/1] (0.00ns)   --->   "%write_ln0 = write void @_ssdm_op_Write.ap_auto.floatP0A, i32 %p_out39, i32 %p_load106"   --->   Operation 353 'write' 'write_ln0' <Predicate = (icmp_ln90)> <Delay = 0.00>
ST_1 : Operation 354 [1/1] (0.00ns)   --->   "%write_ln0 = write void @_ssdm_op_Write.ap_auto.floatP0A, i32 %p_out40, i32 %p_load107"   --->   Operation 354 'write' 'write_ln0' <Predicate = (icmp_ln90)> <Delay = 0.00>
ST_1 : Operation 355 [1/1] (0.00ns)   --->   "%write_ln0 = write void @_ssdm_op_Write.ap_auto.floatP0A, i32 %p_out41, i32 %p_load108"   --->   Operation 355 'write' 'write_ln0' <Predicate = (icmp_ln90)> <Delay = 0.00>
ST_1 : Operation 356 [1/1] (0.00ns)   --->   "%write_ln0 = write void @_ssdm_op_Write.ap_auto.floatP0A, i32 %p_out42, i32 %p_load109"   --->   Operation 356 'write' 'write_ln0' <Predicate = (icmp_ln90)> <Delay = 0.00>
ST_1 : Operation 357 [1/1] (0.00ns)   --->   "%write_ln0 = write void @_ssdm_op_Write.ap_auto.floatP0A, i32 %p_out43, i32 %p_load110"   --->   Operation 357 'write' 'write_ln0' <Predicate = (icmp_ln90)> <Delay = 0.00>
ST_1 : Operation 358 [1/1] (0.00ns)   --->   "%write_ln0 = write void @_ssdm_op_Write.ap_auto.floatP0A, i32 %p_out44, i32 %p_load111"   --->   Operation 358 'write' 'write_ln0' <Predicate = (icmp_ln90)> <Delay = 0.00>
ST_1 : Operation 359 [1/1] (0.00ns)   --->   "%write_ln0 = write void @_ssdm_op_Write.ap_auto.floatP0A, i32 %p_out45, i32 %p_load112"   --->   Operation 359 'write' 'write_ln0' <Predicate = (icmp_ln90)> <Delay = 0.00>
ST_1 : Operation 360 [1/1] (0.00ns)   --->   "%write_ln0 = write void @_ssdm_op_Write.ap_auto.floatP0A, i32 %p_out46, i32 %p_load113"   --->   Operation 360 'write' 'write_ln0' <Predicate = (icmp_ln90)> <Delay = 0.00>
ST_1 : Operation 361 [1/1] (0.00ns)   --->   "%write_ln0 = write void @_ssdm_op_Write.ap_auto.floatP0A, i32 %p_out47, i32 %p_load114"   --->   Operation 361 'write' 'write_ln0' <Predicate = (icmp_ln90)> <Delay = 0.00>
ST_1 : Operation 362 [1/1] (0.00ns)   --->   "%write_ln0 = write void @_ssdm_op_Write.ap_auto.floatP0A, i32 %p_out48, i32 %p_load115"   --->   Operation 362 'write' 'write_ln0' <Predicate = (icmp_ln90)> <Delay = 0.00>
ST_1 : Operation 363 [1/1] (0.00ns)   --->   "%write_ln0 = write void @_ssdm_op_Write.ap_auto.floatP0A, i32 %p_out49, i32 %p_load116"   --->   Operation 363 'write' 'write_ln0' <Predicate = (icmp_ln90)> <Delay = 0.00>
ST_1 : Operation 364 [1/1] (0.00ns)   --->   "%write_ln0 = write void @_ssdm_op_Write.ap_auto.floatP0A, i32 %p_out50, i32 %p_load117"   --->   Operation 364 'write' 'write_ln0' <Predicate = (icmp_ln90)> <Delay = 0.00>
ST_1 : Operation 365 [1/1] (0.00ns)   --->   "%write_ln0 = write void @_ssdm_op_Write.ap_auto.floatP0A, i32 %p_out51, i32 %p_load118"   --->   Operation 365 'write' 'write_ln0' <Predicate = (icmp_ln90)> <Delay = 0.00>
ST_1 : Operation 366 [1/1] (0.00ns)   --->   "%write_ln0 = write void @_ssdm_op_Write.ap_auto.floatP0A, i32 %p_out52, i32 %p_load119"   --->   Operation 366 'write' 'write_ln0' <Predicate = (icmp_ln90)> <Delay = 0.00>
ST_1 : Operation 367 [1/1] (0.00ns)   --->   "%write_ln0 = write void @_ssdm_op_Write.ap_auto.floatP0A, i32 %p_out53, i32 %p_load120"   --->   Operation 367 'write' 'write_ln0' <Predicate = (icmp_ln90)> <Delay = 0.00>
ST_1 : Operation 368 [1/1] (0.00ns)   --->   "%write_ln0 = write void @_ssdm_op_Write.ap_auto.floatP0A, i32 %p_out54, i32 %p_load121"   --->   Operation 368 'write' 'write_ln0' <Predicate = (icmp_ln90)> <Delay = 0.00>
ST_1 : Operation 369 [1/1] (0.00ns)   --->   "%write_ln0 = write void @_ssdm_op_Write.ap_auto.floatP0A, i32 %p_out55, i32 %p_load122"   --->   Operation 369 'write' 'write_ln0' <Predicate = (icmp_ln90)> <Delay = 0.00>
ST_1 : Operation 370 [1/1] (0.00ns)   --->   "%write_ln0 = write void @_ssdm_op_Write.ap_auto.floatP0A, i32 %p_out56, i32 %p_load123"   --->   Operation 370 'write' 'write_ln0' <Predicate = (icmp_ln90)> <Delay = 0.00>
ST_1 : Operation 371 [1/1] (0.00ns)   --->   "%write_ln0 = write void @_ssdm_op_Write.ap_auto.floatP0A, i32 %p_out57, i32 %p_load124"   --->   Operation 371 'write' 'write_ln0' <Predicate = (icmp_ln90)> <Delay = 0.00>
ST_1 : Operation 372 [1/1] (0.00ns)   --->   "%write_ln0 = write void @_ssdm_op_Write.ap_auto.floatP0A, i32 %p_out58, i32 %p_load125"   --->   Operation 372 'write' 'write_ln0' <Predicate = (icmp_ln90)> <Delay = 0.00>
ST_1 : Operation 373 [1/1] (0.00ns)   --->   "%write_ln0 = write void @_ssdm_op_Write.ap_auto.floatP0A, i32 %p_out59, i32 %p_load126"   --->   Operation 373 'write' 'write_ln0' <Predicate = (icmp_ln90)> <Delay = 0.00>
ST_1 : Operation 374 [1/1] (0.00ns)   --->   "%write_ln0 = write void @_ssdm_op_Write.ap_auto.floatP0A, i32 %p_out60, i32 %p_load127"   --->   Operation 374 'write' 'write_ln0' <Predicate = (icmp_ln90)> <Delay = 0.00>
ST_1 : Operation 375 [1/1] (0.00ns)   --->   "%write_ln0 = write void @_ssdm_op_Write.ap_auto.floatP0A, i32 %p_out61, i32 %p_load128"   --->   Operation 375 'write' 'write_ln0' <Predicate = (icmp_ln90)> <Delay = 0.00>
ST_1 : Operation 376 [1/1] (0.00ns)   --->   "%write_ln0 = write void @_ssdm_op_Write.ap_auto.floatP0A, i32 %p_out62, i32 %p_load129"   --->   Operation 376 'write' 'write_ln0' <Predicate = (icmp_ln90)> <Delay = 0.00>
ST_1 : Operation 377 [1/1] (0.00ns)   --->   "%write_ln0 = write void @_ssdm_op_Write.ap_auto.floatP0A, i32 %p_out63, i32 %p_load130"   --->   Operation 377 'write' 'write_ln0' <Predicate = (icmp_ln90)> <Delay = 0.00>
ST_1 : Operation 378 [1/1] (0.28ns)   --->   "%ret_ln0 = ret"   --->   Operation 378 'ret' 'ret_ln0' <Predicate = (icmp_ln90)> <Delay = 0.28>

State 2 <SV = 1> <Delay = 1.57>
ST_2 : Operation 110 [1/1] (0.00ns)   --->   "%specpipeline_ln91 = specpipeline void @_ssdm_op_SpecPipeline, i32 1, i32 0, i32 0, i32 0, void @empty_99" [kernel_MHSA.cpp:91->kernel_MHSA.cpp:76->kernel_MHSA.cpp:81->kernel_MHSA.cpp:76]   --->   Operation 110 'specpipeline' 'specpipeline_ln91' <Predicate = true> <Delay = 0.00>
ST_2 : Operation 111 [1/1] (0.00ns)   --->   "%speclooptripcount_ln90 = speclooptripcount void @_ssdm_op_SpecLoopTripCount, i64 64, i64 64, i64 64" [kernel_MHSA.cpp:90->kernel_MHSA.cpp:76->kernel_MHSA.cpp:81->kernel_MHSA.cpp:76]   --->   Operation 111 'speclooptripcount' 'speclooptripcount_ln90' <Predicate = true> <Delay = 0.00>
ST_2 : Operation 112 [1/1] (0.00ns)   --->   "%specloopname_ln90 = specloopname void @_ssdm_op_SpecLoopName, void @empty_88" [kernel_MHSA.cpp:90->kernel_MHSA.cpp:76->kernel_MHSA.cpp:81->kernel_MHSA.cpp:76]   --->   Operation 112 'specloopname' 'specloopname_ln90' <Predicate = true> <Delay = 0.00>
ST_2 : Operation 113 [1/2] ( I:0.87ns O:0.87ns ) (share mux size 2)   --->   "%out_q_rope_0_load = load i7 %out_q_rope_0_addr" [kernel_MHSA.cpp:92->kernel_MHSA.cpp:76->kernel_MHSA.cpp:81->kernel_MHSA.cpp:76]   --->   Operation 113 'load' 'out_q_rope_0_load' <Predicate = true> <Delay = 0.87> <CoreInst = "RAM">   --->   Core 86 'RAM' <Latency = 1> <II = 1> <Delay = 0.87> <Storage> <Opcode : 'load' 'store'> <Ports = 2> <Width = 32> <Depth = 96> <RAM>
ST_2 : Operation 114 [1/2] ( I:0.87ns O:0.87ns ) (share mux size 2)   --->   "%out_q_rope_1_load = load i7 %out_q_rope_1_addr" [kernel_MHSA.cpp:92->kernel_MHSA.cpp:76->kernel_MHSA.cpp:81->kernel_MHSA.cpp:76]   --->   Operation 114 'load' 'out_q_rope_1_load' <Predicate = true> <Delay = 0.87> <CoreInst = "RAM">   --->   Core 86 'RAM' <Latency = 1> <II = 1> <Delay = 0.87> <Storage> <Opcode : 'load' 'store'> <Ports = 2> <Width = 32> <Depth = 96> <RAM>
ST_2 : Operation 115 [1/2] ( I:0.87ns O:0.87ns ) (share mux size 2)   --->   "%out_q_rope_2_load = load i7 %out_q_rope_2_addr" [kernel_MHSA.cpp:92->kernel_MHSA.cpp:76->kernel_MHSA.cpp:81->kernel_MHSA.cpp:76]   --->   Operation 115 'load' 'out_q_rope_2_load' <Predicate = true> <Delay = 0.87> <CoreInst = "RAM">   --->   Core 86 'RAM' <Latency = 1> <II = 1> <Delay = 0.87> <Storage> <Opcode : 'load' 'store'> <Ports = 2> <Width = 32> <Depth = 96> <RAM>
ST_2 : Operation 116 [1/2] ( I:0.87ns O:0.87ns ) (share mux size 2)   --->   "%out_q_rope_3_load = load i7 %out_q_rope_3_addr" [kernel_MHSA.cpp:92->kernel_MHSA.cpp:76->kernel_MHSA.cpp:81->kernel_MHSA.cpp:76]   --->   Operation 116 'load' 'out_q_rope_3_load' <Predicate = true> <Delay = 0.87> <CoreInst = "RAM">   --->   Core 86 'RAM' <Latency = 1> <II = 1> <Delay = 0.87> <Storage> <Opcode : 'load' 'store'> <Ports = 2> <Width = 32> <Depth = 96> <RAM>
ST_2 : Operation 117 [1/2] ( I:0.87ns O:0.87ns ) (share mux size 2)   --->   "%out_q_rope_4_load = load i7 %out_q_rope_4_addr" [kernel_MHSA.cpp:92->kernel_MHSA.cpp:76->kernel_MHSA.cpp:81->kernel_MHSA.cpp:76]   --->   Operation 117 'load' 'out_q_rope_4_load' <Predicate = true> <Delay = 0.87> <CoreInst = "RAM">   --->   Core 86 'RAM' <Latency = 1> <II = 1> <Delay = 0.87> <Storage> <Opcode : 'load' 'store'> <Ports = 2> <Width = 32> <Depth = 96> <RAM>
ST_2 : Operation 118 [1/2] ( I:0.87ns O:0.87ns ) (share mux size 2)   --->   "%out_q_rope_5_load = load i7 %out_q_rope_5_addr" [kernel_MHSA.cpp:92->kernel_MHSA.cpp:76->kernel_MHSA.cpp:81->kernel_MHSA.cpp:76]   --->   Operation 118 'load' 'out_q_rope_5_load' <Predicate = true> <Delay = 0.87> <CoreInst = "RAM">   --->   Core 86 'RAM' <Latency = 1> <II = 1> <Delay = 0.87> <Storage> <Opcode : 'load' 'store'> <Ports = 2> <Width = 32> <Depth = 96> <RAM>
ST_2 : Operation 119 [1/2] ( I:0.87ns O:0.87ns ) (share mux size 2)   --->   "%out_q_rope_6_load = load i7 %out_q_rope_6_addr" [kernel_MHSA.cpp:92->kernel_MHSA.cpp:76->kernel_MHSA.cpp:81->kernel_MHSA.cpp:76]   --->   Operation 119 'load' 'out_q_rope_6_load' <Predicate = true> <Delay = 0.87> <CoreInst = "RAM">   --->   Core 86 'RAM' <Latency = 1> <II = 1> <Delay = 0.87> <Storage> <Opcode : 'load' 'store'> <Ports = 2> <Width = 32> <Depth = 96> <RAM>
ST_2 : Operation 120 [1/2] ( I:0.87ns O:0.87ns ) (share mux size 2)   --->   "%out_q_rope_7_load = load i7 %out_q_rope_7_addr" [kernel_MHSA.cpp:92->kernel_MHSA.cpp:76->kernel_MHSA.cpp:81->kernel_MHSA.cpp:76]   --->   Operation 120 'load' 'out_q_rope_7_load' <Predicate = true> <Delay = 0.87> <CoreInst = "RAM">   --->   Core 86 'RAM' <Latency = 1> <II = 1> <Delay = 0.87> <Storage> <Opcode : 'load' 'store'> <Ports = 2> <Width = 32> <Depth = 96> <RAM>
ST_2 : Operation 121 [1/1] (0.70ns)   --->   "%q_head_local = sparsemux i32 @_ssdm_op_SparseMux.ap_auto.8float.float.i3, i3 0, i32 %out_q_rope_0_load, i3 1, i32 %out_q_rope_1_load, i3 2, i32 %out_q_rope_2_load, i3 3, i32 %out_q_rope_3_load, i3 4, i32 %out_q_rope_4_load, i3 5, i32 %out_q_rope_5_load, i3 6, i32 %out_q_rope_6_load, i3 7, i32 %out_q_rope_7_load, i32 <undef>, i3 %trunc_ln90_1" [kernel_MHSA.cpp:92->kernel_MHSA.cpp:76->kernel_MHSA.cpp:81->kernel_MHSA.cpp:76]   --->   Operation 121 'sparsemux' 'q_head_local' <Predicate = true> <Delay = 0.70> <CoreInst = "BinarySparseMux_DontCare">   --->   Core 150 'BinarySparseMux_DontCare' <Latency = 0> <II = 1> <Delay = 0.70> <FuncUnit> <Opcode : 'sparsemux'> <InPorts = 0> <OutPorts = 1>
ST_2 : Operation 122 [1/1] (0.00ns)   --->   "%store_ln92 = store i32 %q_head_local, i32 %empty_574" [kernel_MHSA.cpp:92->kernel_MHSA.cpp:76->kernel_MHSA.cpp:81->kernel_MHSA.cpp:76]   --->   Operation 122 'store' 'store_ln92' <Predicate = (trunc_ln90 == 62)> <Delay = 0.00>
ST_2 : Operation 123 [1/1] (0.00ns)   --->   "%br_ln92 = br void %arrayidx82.exit.i.i.i" [kernel_MHSA.cpp:92->kernel_MHSA.cpp:76->kernel_MHSA.cpp:81->kernel_MHSA.cpp:76]   --->   Operation 123 'br' 'br_ln92' <Predicate = (trunc_ln90 == 62)> <Delay = 0.00>
ST_2 : Operation 124 [1/1] (0.00ns)   --->   "%store_ln92 = store i32 %q_head_local, i32 %empty_573" [kernel_MHSA.cpp:92->kernel_MHSA.cpp:76->kernel_MHSA.cpp:81->kernel_MHSA.cpp:76]   --->   Operation 124 'store' 'store_ln92' <Predicate = (trunc_ln90 == 61)> <Delay = 0.00>
ST_2 : Operation 125 [1/1] (0.00ns)   --->   "%br_ln92 = br void %arrayidx82.exit.i.i.i" [kernel_MHSA.cpp:92->kernel_MHSA.cpp:76->kernel_MHSA.cpp:81->kernel_MHSA.cpp:76]   --->   Operation 125 'br' 'br_ln92' <Predicate = (trunc_ln90 == 61)> <Delay = 0.00>
ST_2 : Operation 126 [1/1] (0.00ns)   --->   "%store_ln92 = store i32 %q_head_local, i32 %empty_572" [kernel_MHSA.cpp:92->kernel_MHSA.cpp:76->kernel_MHSA.cpp:81->kernel_MHSA.cpp:76]   --->   Operation 126 'store' 'store_ln92' <Predicate = (trunc_ln90 == 60)> <Delay = 0.00>
ST_2 : Operation 127 [1/1] (0.00ns)   --->   "%br_ln92 = br void %arrayidx82.exit.i.i.i" [kernel_MHSA.cpp:92->kernel_MHSA.cpp:76->kernel_MHSA.cpp:81->kernel_MHSA.cpp:76]   --->   Operation 127 'br' 'br_ln92' <Predicate = (trunc_ln90 == 60)> <Delay = 0.00>
ST_2 : Operation 128 [1/1] (0.00ns)   --->   "%store_ln92 = store i32 %q_head_local, i32 %empty_571" [kernel_MHSA.cpp:92->kernel_MHSA.cpp:76->kernel_MHSA.cpp:81->kernel_MHSA.cpp:76]   --->   Operation 128 'store' 'store_ln92' <Predicate = (trunc_ln90 == 59)> <Delay = 0.00>
ST_2 : Operation 129 [1/1] (0.00ns)   --->   "%br_ln92 = br void %arrayidx82.exit.i.i.i" [kernel_MHSA.cpp:92->kernel_MHSA.cpp:76->kernel_MHSA.cpp:81->kernel_MHSA.cpp:76]   --->   Operation 129 'br' 'br_ln92' <Predicate = (trunc_ln90 == 59)> <Delay = 0.00>
ST_2 : Operation 130 [1/1] (0.00ns)   --->   "%store_ln92 = store i32 %q_head_local, i32 %empty_570" [kernel_MHSA.cpp:92->kernel_MHSA.cpp:76->kernel_MHSA.cpp:81->kernel_MHSA.cpp:76]   --->   Operation 130 'store' 'store_ln92' <Predicate = (trunc_ln90 == 58)> <Delay = 0.00>
ST_2 : Operation 131 [1/1] (0.00ns)   --->   "%br_ln92 = br void %arrayidx82.exit.i.i.i" [kernel_MHSA.cpp:92->kernel_MHSA.cpp:76->kernel_MHSA.cpp:81->kernel_MHSA.cpp:76]   --->   Operation 131 'br' 'br_ln92' <Predicate = (trunc_ln90 == 58)> <Delay = 0.00>
ST_2 : Operation 132 [1/1] (0.00ns)   --->   "%store_ln92 = store i32 %q_head_local, i32 %empty_569" [kernel_MHSA.cpp:92->kernel_MHSA.cpp:76->kernel_MHSA.cpp:81->kernel_MHSA.cpp:76]   --->   Operation 132 'store' 'store_ln92' <Predicate = (trunc_ln90 == 57)> <Delay = 0.00>
ST_2 : Operation 133 [1/1] (0.00ns)   --->   "%br_ln92 = br void %arrayidx82.exit.i.i.i" [kernel_MHSA.cpp:92->kernel_MHSA.cpp:76->kernel_MHSA.cpp:81->kernel_MHSA.cpp:76]   --->   Operation 133 'br' 'br_ln92' <Predicate = (trunc_ln90 == 57)> <Delay = 0.00>
ST_2 : Operation 134 [1/1] (0.00ns)   --->   "%store_ln92 = store i32 %q_head_local, i32 %empty_568" [kernel_MHSA.cpp:92->kernel_MHSA.cpp:76->kernel_MHSA.cpp:81->kernel_MHSA.cpp:76]   --->   Operation 134 'store' 'store_ln92' <Predicate = (trunc_ln90 == 56)> <Delay = 0.00>
ST_2 : Operation 135 [1/1] (0.00ns)   --->   "%br_ln92 = br void %arrayidx82.exit.i.i.i" [kernel_MHSA.cpp:92->kernel_MHSA.cpp:76->kernel_MHSA.cpp:81->kernel_MHSA.cpp:76]   --->   Operation 135 'br' 'br_ln92' <Predicate = (trunc_ln90 == 56)> <Delay = 0.00>
ST_2 : Operation 136 [1/1] (0.00ns)   --->   "%store_ln92 = store i32 %q_head_local, i32 %empty_567" [kernel_MHSA.cpp:92->kernel_MHSA.cpp:76->kernel_MHSA.cpp:81->kernel_MHSA.cpp:76]   --->   Operation 136 'store' 'store_ln92' <Predicate = (trunc_ln90 == 55)> <Delay = 0.00>
ST_2 : Operation 137 [1/1] (0.00ns)   --->   "%br_ln92 = br void %arrayidx82.exit.i.i.i" [kernel_MHSA.cpp:92->kernel_MHSA.cpp:76->kernel_MHSA.cpp:81->kernel_MHSA.cpp:76]   --->   Operation 137 'br' 'br_ln92' <Predicate = (trunc_ln90 == 55)> <Delay = 0.00>
ST_2 : Operation 138 [1/1] (0.00ns)   --->   "%store_ln92 = store i32 %q_head_local, i32 %empty_566" [kernel_MHSA.cpp:92->kernel_MHSA.cpp:76->kernel_MHSA.cpp:81->kernel_MHSA.cpp:76]   --->   Operation 138 'store' 'store_ln92' <Predicate = (trunc_ln90 == 54)> <Delay = 0.00>
ST_2 : Operation 139 [1/1] (0.00ns)   --->   "%br_ln92 = br void %arrayidx82.exit.i.i.i" [kernel_MHSA.cpp:92->kernel_MHSA.cpp:76->kernel_MHSA.cpp:81->kernel_MHSA.cpp:76]   --->   Operation 139 'br' 'br_ln92' <Predicate = (trunc_ln90 == 54)> <Delay = 0.00>
ST_2 : Operation 140 [1/1] (0.00ns)   --->   "%store_ln92 = store i32 %q_head_local, i32 %empty_565" [kernel_MHSA.cpp:92->kernel_MHSA.cpp:76->kernel_MHSA.cpp:81->kernel_MHSA.cpp:76]   --->   Operation 140 'store' 'store_ln92' <Predicate = (trunc_ln90 == 53)> <Delay = 0.00>
ST_2 : Operation 141 [1/1] (0.00ns)   --->   "%br_ln92 = br void %arrayidx82.exit.i.i.i" [kernel_MHSA.cpp:92->kernel_MHSA.cpp:76->kernel_MHSA.cpp:81->kernel_MHSA.cpp:76]   --->   Operation 141 'br' 'br_ln92' <Predicate = (trunc_ln90 == 53)> <Delay = 0.00>
ST_2 : Operation 142 [1/1] (0.00ns)   --->   "%store_ln92 = store i32 %q_head_local, i32 %empty_564" [kernel_MHSA.cpp:92->kernel_MHSA.cpp:76->kernel_MHSA.cpp:81->kernel_MHSA.cpp:76]   --->   Operation 142 'store' 'store_ln92' <Predicate = (trunc_ln90 == 52)> <Delay = 0.00>
ST_2 : Operation 143 [1/1] (0.00ns)   --->   "%br_ln92 = br void %arrayidx82.exit.i.i.i" [kernel_MHSA.cpp:92->kernel_MHSA.cpp:76->kernel_MHSA.cpp:81->kernel_MHSA.cpp:76]   --->   Operation 143 'br' 'br_ln92' <Predicate = (trunc_ln90 == 52)> <Delay = 0.00>
ST_2 : Operation 144 [1/1] (0.00ns)   --->   "%store_ln92 = store i32 %q_head_local, i32 %empty_563" [kernel_MHSA.cpp:92->kernel_MHSA.cpp:76->kernel_MHSA.cpp:81->kernel_MHSA.cpp:76]   --->   Operation 144 'store' 'store_ln92' <Predicate = (trunc_ln90 == 51)> <Delay = 0.00>
ST_2 : Operation 145 [1/1] (0.00ns)   --->   "%br_ln92 = br void %arrayidx82.exit.i.i.i" [kernel_MHSA.cpp:92->kernel_MHSA.cpp:76->kernel_MHSA.cpp:81->kernel_MHSA.cpp:76]   --->   Operation 145 'br' 'br_ln92' <Predicate = (trunc_ln90 == 51)> <Delay = 0.00>
ST_2 : Operation 146 [1/1] (0.00ns)   --->   "%store_ln92 = store i32 %q_head_local, i32 %empty_562" [kernel_MHSA.cpp:92->kernel_MHSA.cpp:76->kernel_MHSA.cpp:81->kernel_MHSA.cpp:76]   --->   Operation 146 'store' 'store_ln92' <Predicate = (trunc_ln90 == 50)> <Delay = 0.00>
ST_2 : Operation 147 [1/1] (0.00ns)   --->   "%br_ln92 = br void %arrayidx82.exit.i.i.i" [kernel_MHSA.cpp:92->kernel_MHSA.cpp:76->kernel_MHSA.cpp:81->kernel_MHSA.cpp:76]   --->   Operation 147 'br' 'br_ln92' <Predicate = (trunc_ln90 == 50)> <Delay = 0.00>
ST_2 : Operation 148 [1/1] (0.00ns)   --->   "%store_ln92 = store i32 %q_head_local, i32 %empty_561" [kernel_MHSA.cpp:92->kernel_MHSA.cpp:76->kernel_MHSA.cpp:81->kernel_MHSA.cpp:76]   --->   Operation 148 'store' 'store_ln92' <Predicate = (trunc_ln90 == 49)> <Delay = 0.00>
ST_2 : Operation 149 [1/1] (0.00ns)   --->   "%br_ln92 = br void %arrayidx82.exit.i.i.i" [kernel_MHSA.cpp:92->kernel_MHSA.cpp:76->kernel_MHSA.cpp:81->kernel_MHSA.cpp:76]   --->   Operation 149 'br' 'br_ln92' <Predicate = (trunc_ln90 == 49)> <Delay = 0.00>
ST_2 : Operation 150 [1/1] (0.00ns)   --->   "%store_ln92 = store i32 %q_head_local, i32 %empty_560" [kernel_MHSA.cpp:92->kernel_MHSA.cpp:76->kernel_MHSA.cpp:81->kernel_MHSA.cpp:76]   --->   Operation 150 'store' 'store_ln92' <Predicate = (trunc_ln90 == 48)> <Delay = 0.00>
ST_2 : Operation 151 [1/1] (0.00ns)   --->   "%br_ln92 = br void %arrayidx82.exit.i.i.i" [kernel_MHSA.cpp:92->kernel_MHSA.cpp:76->kernel_MHSA.cpp:81->kernel_MHSA.cpp:76]   --->   Operation 151 'br' 'br_ln92' <Predicate = (trunc_ln90 == 48)> <Delay = 0.00>
ST_2 : Operation 152 [1/1] (0.00ns)   --->   "%store_ln92 = store i32 %q_head_local, i32 %empty_559" [kernel_MHSA.cpp:92->kernel_MHSA.cpp:76->kernel_MHSA.cpp:81->kernel_MHSA.cpp:76]   --->   Operation 152 'store' 'store_ln92' <Predicate = (trunc_ln90 == 47)> <Delay = 0.00>
ST_2 : Operation 153 [1/1] (0.00ns)   --->   "%br_ln92 = br void %arrayidx82.exit.i.i.i" [kernel_MHSA.cpp:92->kernel_MHSA.cpp:76->kernel_MHSA.cpp:81->kernel_MHSA.cpp:76]   --->   Operation 153 'br' 'br_ln92' <Predicate = (trunc_ln90 == 47)> <Delay = 0.00>
ST_2 : Operation 154 [1/1] (0.00ns)   --->   "%store_ln92 = store i32 %q_head_local, i32 %empty_558" [kernel_MHSA.cpp:92->kernel_MHSA.cpp:76->kernel_MHSA.cpp:81->kernel_MHSA.cpp:76]   --->   Operation 154 'store' 'store_ln92' <Predicate = (trunc_ln90 == 46)> <Delay = 0.00>
ST_2 : Operation 155 [1/1] (0.00ns)   --->   "%br_ln92 = br void %arrayidx82.exit.i.i.i" [kernel_MHSA.cpp:92->kernel_MHSA.cpp:76->kernel_MHSA.cpp:81->kernel_MHSA.cpp:76]   --->   Operation 155 'br' 'br_ln92' <Predicate = (trunc_ln90 == 46)> <Delay = 0.00>
ST_2 : Operation 156 [1/1] (0.00ns)   --->   "%store_ln92 = store i32 %q_head_local, i32 %empty_557" [kernel_MHSA.cpp:92->kernel_MHSA.cpp:76->kernel_MHSA.cpp:81->kernel_MHSA.cpp:76]   --->   Operation 156 'store' 'store_ln92' <Predicate = (trunc_ln90 == 45)> <Delay = 0.00>
ST_2 : Operation 157 [1/1] (0.00ns)   --->   "%br_ln92 = br void %arrayidx82.exit.i.i.i" [kernel_MHSA.cpp:92->kernel_MHSA.cpp:76->kernel_MHSA.cpp:81->kernel_MHSA.cpp:76]   --->   Operation 157 'br' 'br_ln92' <Predicate = (trunc_ln90 == 45)> <Delay = 0.00>
ST_2 : Operation 158 [1/1] (0.00ns)   --->   "%store_ln92 = store i32 %q_head_local, i32 %empty_556" [kernel_MHSA.cpp:92->kernel_MHSA.cpp:76->kernel_MHSA.cpp:81->kernel_MHSA.cpp:76]   --->   Operation 158 'store' 'store_ln92' <Predicate = (trunc_ln90 == 44)> <Delay = 0.00>
ST_2 : Operation 159 [1/1] (0.00ns)   --->   "%br_ln92 = br void %arrayidx82.exit.i.i.i" [kernel_MHSA.cpp:92->kernel_MHSA.cpp:76->kernel_MHSA.cpp:81->kernel_MHSA.cpp:76]   --->   Operation 159 'br' 'br_ln92' <Predicate = (trunc_ln90 == 44)> <Delay = 0.00>
ST_2 : Operation 160 [1/1] (0.00ns)   --->   "%store_ln92 = store i32 %q_head_local, i32 %empty_555" [kernel_MHSA.cpp:92->kernel_MHSA.cpp:76->kernel_MHSA.cpp:81->kernel_MHSA.cpp:76]   --->   Operation 160 'store' 'store_ln92' <Predicate = (trunc_ln90 == 43)> <Delay = 0.00>
ST_2 : Operation 161 [1/1] (0.00ns)   --->   "%br_ln92 = br void %arrayidx82.exit.i.i.i" [kernel_MHSA.cpp:92->kernel_MHSA.cpp:76->kernel_MHSA.cpp:81->kernel_MHSA.cpp:76]   --->   Operation 161 'br' 'br_ln92' <Predicate = (trunc_ln90 == 43)> <Delay = 0.00>
ST_2 : Operation 162 [1/1] (0.00ns)   --->   "%store_ln92 = store i32 %q_head_local, i32 %empty_554" [kernel_MHSA.cpp:92->kernel_MHSA.cpp:76->kernel_MHSA.cpp:81->kernel_MHSA.cpp:76]   --->   Operation 162 'store' 'store_ln92' <Predicate = (trunc_ln90 == 42)> <Delay = 0.00>
ST_2 : Operation 163 [1/1] (0.00ns)   --->   "%br_ln92 = br void %arrayidx82.exit.i.i.i" [kernel_MHSA.cpp:92->kernel_MHSA.cpp:76->kernel_MHSA.cpp:81->kernel_MHSA.cpp:76]   --->   Operation 163 'br' 'br_ln92' <Predicate = (trunc_ln90 == 42)> <Delay = 0.00>
ST_2 : Operation 164 [1/1] (0.00ns)   --->   "%store_ln92 = store i32 %q_head_local, i32 %empty_553" [kernel_MHSA.cpp:92->kernel_MHSA.cpp:76->kernel_MHSA.cpp:81->kernel_MHSA.cpp:76]   --->   Operation 164 'store' 'store_ln92' <Predicate = (trunc_ln90 == 41)> <Delay = 0.00>
ST_2 : Operation 165 [1/1] (0.00ns)   --->   "%br_ln92 = br void %arrayidx82.exit.i.i.i" [kernel_MHSA.cpp:92->kernel_MHSA.cpp:76->kernel_MHSA.cpp:81->kernel_MHSA.cpp:76]   --->   Operation 165 'br' 'br_ln92' <Predicate = (trunc_ln90 == 41)> <Delay = 0.00>
ST_2 : Operation 166 [1/1] (0.00ns)   --->   "%store_ln92 = store i32 %q_head_local, i32 %empty_552" [kernel_MHSA.cpp:92->kernel_MHSA.cpp:76->kernel_MHSA.cpp:81->kernel_MHSA.cpp:76]   --->   Operation 166 'store' 'store_ln92' <Predicate = (trunc_ln90 == 40)> <Delay = 0.00>
ST_2 : Operation 167 [1/1] (0.00ns)   --->   "%br_ln92 = br void %arrayidx82.exit.i.i.i" [kernel_MHSA.cpp:92->kernel_MHSA.cpp:76->kernel_MHSA.cpp:81->kernel_MHSA.cpp:76]   --->   Operation 167 'br' 'br_ln92' <Predicate = (trunc_ln90 == 40)> <Delay = 0.00>
ST_2 : Operation 168 [1/1] (0.00ns)   --->   "%store_ln92 = store i32 %q_head_local, i32 %empty_551" [kernel_MHSA.cpp:92->kernel_MHSA.cpp:76->kernel_MHSA.cpp:81->kernel_MHSA.cpp:76]   --->   Operation 168 'store' 'store_ln92' <Predicate = (trunc_ln90 == 39)> <Delay = 0.00>
ST_2 : Operation 169 [1/1] (0.00ns)   --->   "%br_ln92 = br void %arrayidx82.exit.i.i.i" [kernel_MHSA.cpp:92->kernel_MHSA.cpp:76->kernel_MHSA.cpp:81->kernel_MHSA.cpp:76]   --->   Operation 169 'br' 'br_ln92' <Predicate = (trunc_ln90 == 39)> <Delay = 0.00>
ST_2 : Operation 170 [1/1] (0.00ns)   --->   "%store_ln92 = store i32 %q_head_local, i32 %empty_550" [kernel_MHSA.cpp:92->kernel_MHSA.cpp:76->kernel_MHSA.cpp:81->kernel_MHSA.cpp:76]   --->   Operation 170 'store' 'store_ln92' <Predicate = (trunc_ln90 == 38)> <Delay = 0.00>
ST_2 : Operation 171 [1/1] (0.00ns)   --->   "%br_ln92 = br void %arrayidx82.exit.i.i.i" [kernel_MHSA.cpp:92->kernel_MHSA.cpp:76->kernel_MHSA.cpp:81->kernel_MHSA.cpp:76]   --->   Operation 171 'br' 'br_ln92' <Predicate = (trunc_ln90 == 38)> <Delay = 0.00>
ST_2 : Operation 172 [1/1] (0.00ns)   --->   "%store_ln92 = store i32 %q_head_local, i32 %empty_549" [kernel_MHSA.cpp:92->kernel_MHSA.cpp:76->kernel_MHSA.cpp:81->kernel_MHSA.cpp:76]   --->   Operation 172 'store' 'store_ln92' <Predicate = (trunc_ln90 == 37)> <Delay = 0.00>
ST_2 : Operation 173 [1/1] (0.00ns)   --->   "%br_ln92 = br void %arrayidx82.exit.i.i.i" [kernel_MHSA.cpp:92->kernel_MHSA.cpp:76->kernel_MHSA.cpp:81->kernel_MHSA.cpp:76]   --->   Operation 173 'br' 'br_ln92' <Predicate = (trunc_ln90 == 37)> <Delay = 0.00>
ST_2 : Operation 174 [1/1] (0.00ns)   --->   "%store_ln92 = store i32 %q_head_local, i32 %empty_548" [kernel_MHSA.cpp:92->kernel_MHSA.cpp:76->kernel_MHSA.cpp:81->kernel_MHSA.cpp:76]   --->   Operation 174 'store' 'store_ln92' <Predicate = (trunc_ln90 == 36)> <Delay = 0.00>
ST_2 : Operation 175 [1/1] (0.00ns)   --->   "%br_ln92 = br void %arrayidx82.exit.i.i.i" [kernel_MHSA.cpp:92->kernel_MHSA.cpp:76->kernel_MHSA.cpp:81->kernel_MHSA.cpp:76]   --->   Operation 175 'br' 'br_ln92' <Predicate = (trunc_ln90 == 36)> <Delay = 0.00>
ST_2 : Operation 176 [1/1] (0.00ns)   --->   "%store_ln92 = store i32 %q_head_local, i32 %empty_547" [kernel_MHSA.cpp:92->kernel_MHSA.cpp:76->kernel_MHSA.cpp:81->kernel_MHSA.cpp:76]   --->   Operation 176 'store' 'store_ln92' <Predicate = (trunc_ln90 == 35)> <Delay = 0.00>
ST_2 : Operation 177 [1/1] (0.00ns)   --->   "%br_ln92 = br void %arrayidx82.exit.i.i.i" [kernel_MHSA.cpp:92->kernel_MHSA.cpp:76->kernel_MHSA.cpp:81->kernel_MHSA.cpp:76]   --->   Operation 177 'br' 'br_ln92' <Predicate = (trunc_ln90 == 35)> <Delay = 0.00>
ST_2 : Operation 178 [1/1] (0.00ns)   --->   "%store_ln92 = store i32 %q_head_local, i32 %empty_546" [kernel_MHSA.cpp:92->kernel_MHSA.cpp:76->kernel_MHSA.cpp:81->kernel_MHSA.cpp:76]   --->   Operation 178 'store' 'store_ln92' <Predicate = (trunc_ln90 == 34)> <Delay = 0.00>
ST_2 : Operation 179 [1/1] (0.00ns)   --->   "%br_ln92 = br void %arrayidx82.exit.i.i.i" [kernel_MHSA.cpp:92->kernel_MHSA.cpp:76->kernel_MHSA.cpp:81->kernel_MHSA.cpp:76]   --->   Operation 179 'br' 'br_ln92' <Predicate = (trunc_ln90 == 34)> <Delay = 0.00>
ST_2 : Operation 180 [1/1] (0.00ns)   --->   "%store_ln92 = store i32 %q_head_local, i32 %empty_545" [kernel_MHSA.cpp:92->kernel_MHSA.cpp:76->kernel_MHSA.cpp:81->kernel_MHSA.cpp:76]   --->   Operation 180 'store' 'store_ln92' <Predicate = (trunc_ln90 == 33)> <Delay = 0.00>
ST_2 : Operation 181 [1/1] (0.00ns)   --->   "%br_ln92 = br void %arrayidx82.exit.i.i.i" [kernel_MHSA.cpp:92->kernel_MHSA.cpp:76->kernel_MHSA.cpp:81->kernel_MHSA.cpp:76]   --->   Operation 181 'br' 'br_ln92' <Predicate = (trunc_ln90 == 33)> <Delay = 0.00>
ST_2 : Operation 182 [1/1] (0.00ns)   --->   "%store_ln92 = store i32 %q_head_local, i32 %empty_544" [kernel_MHSA.cpp:92->kernel_MHSA.cpp:76->kernel_MHSA.cpp:81->kernel_MHSA.cpp:76]   --->   Operation 182 'store' 'store_ln92' <Predicate = (trunc_ln90 == 32)> <Delay = 0.00>
ST_2 : Operation 183 [1/1] (0.00ns)   --->   "%br_ln92 = br void %arrayidx82.exit.i.i.i" [kernel_MHSA.cpp:92->kernel_MHSA.cpp:76->kernel_MHSA.cpp:81->kernel_MHSA.cpp:76]   --->   Operation 183 'br' 'br_ln92' <Predicate = (trunc_ln90 == 32)> <Delay = 0.00>
ST_2 : Operation 184 [1/1] (0.00ns)   --->   "%store_ln92 = store i32 %q_head_local, i32 %empty_543" [kernel_MHSA.cpp:92->kernel_MHSA.cpp:76->kernel_MHSA.cpp:81->kernel_MHSA.cpp:76]   --->   Operation 184 'store' 'store_ln92' <Predicate = (trunc_ln90 == 31)> <Delay = 0.00>
ST_2 : Operation 185 [1/1] (0.00ns)   --->   "%br_ln92 = br void %arrayidx82.exit.i.i.i" [kernel_MHSA.cpp:92->kernel_MHSA.cpp:76->kernel_MHSA.cpp:81->kernel_MHSA.cpp:76]   --->   Operation 185 'br' 'br_ln92' <Predicate = (trunc_ln90 == 31)> <Delay = 0.00>
ST_2 : Operation 186 [1/1] (0.00ns)   --->   "%store_ln92 = store i32 %q_head_local, i32 %empty_542" [kernel_MHSA.cpp:92->kernel_MHSA.cpp:76->kernel_MHSA.cpp:81->kernel_MHSA.cpp:76]   --->   Operation 186 'store' 'store_ln92' <Predicate = (trunc_ln90 == 30)> <Delay = 0.00>
ST_2 : Operation 187 [1/1] (0.00ns)   --->   "%br_ln92 = br void %arrayidx82.exit.i.i.i" [kernel_MHSA.cpp:92->kernel_MHSA.cpp:76->kernel_MHSA.cpp:81->kernel_MHSA.cpp:76]   --->   Operation 187 'br' 'br_ln92' <Predicate = (trunc_ln90 == 30)> <Delay = 0.00>
ST_2 : Operation 188 [1/1] (0.00ns)   --->   "%store_ln92 = store i32 %q_head_local, i32 %empty_541" [kernel_MHSA.cpp:92->kernel_MHSA.cpp:76->kernel_MHSA.cpp:81->kernel_MHSA.cpp:76]   --->   Operation 188 'store' 'store_ln92' <Predicate = (trunc_ln90 == 29)> <Delay = 0.00>
ST_2 : Operation 189 [1/1] (0.00ns)   --->   "%br_ln92 = br void %arrayidx82.exit.i.i.i" [kernel_MHSA.cpp:92->kernel_MHSA.cpp:76->kernel_MHSA.cpp:81->kernel_MHSA.cpp:76]   --->   Operation 189 'br' 'br_ln92' <Predicate = (trunc_ln90 == 29)> <Delay = 0.00>
ST_2 : Operation 190 [1/1] (0.00ns)   --->   "%store_ln92 = store i32 %q_head_local, i32 %empty_540" [kernel_MHSA.cpp:92->kernel_MHSA.cpp:76->kernel_MHSA.cpp:81->kernel_MHSA.cpp:76]   --->   Operation 190 'store' 'store_ln92' <Predicate = (trunc_ln90 == 28)> <Delay = 0.00>
ST_2 : Operation 191 [1/1] (0.00ns)   --->   "%br_ln92 = br void %arrayidx82.exit.i.i.i" [kernel_MHSA.cpp:92->kernel_MHSA.cpp:76->kernel_MHSA.cpp:81->kernel_MHSA.cpp:76]   --->   Operation 191 'br' 'br_ln92' <Predicate = (trunc_ln90 == 28)> <Delay = 0.00>
ST_2 : Operation 192 [1/1] (0.00ns)   --->   "%store_ln92 = store i32 %q_head_local, i32 %empty_539" [kernel_MHSA.cpp:92->kernel_MHSA.cpp:76->kernel_MHSA.cpp:81->kernel_MHSA.cpp:76]   --->   Operation 192 'store' 'store_ln92' <Predicate = (trunc_ln90 == 27)> <Delay = 0.00>
ST_2 : Operation 193 [1/1] (0.00ns)   --->   "%br_ln92 = br void %arrayidx82.exit.i.i.i" [kernel_MHSA.cpp:92->kernel_MHSA.cpp:76->kernel_MHSA.cpp:81->kernel_MHSA.cpp:76]   --->   Operation 193 'br' 'br_ln92' <Predicate = (trunc_ln90 == 27)> <Delay = 0.00>
ST_2 : Operation 194 [1/1] (0.00ns)   --->   "%store_ln92 = store i32 %q_head_local, i32 %empty_538" [kernel_MHSA.cpp:92->kernel_MHSA.cpp:76->kernel_MHSA.cpp:81->kernel_MHSA.cpp:76]   --->   Operation 194 'store' 'store_ln92' <Predicate = (trunc_ln90 == 26)> <Delay = 0.00>
ST_2 : Operation 195 [1/1] (0.00ns)   --->   "%br_ln92 = br void %arrayidx82.exit.i.i.i" [kernel_MHSA.cpp:92->kernel_MHSA.cpp:76->kernel_MHSA.cpp:81->kernel_MHSA.cpp:76]   --->   Operation 195 'br' 'br_ln92' <Predicate = (trunc_ln90 == 26)> <Delay = 0.00>
ST_2 : Operation 196 [1/1] (0.00ns)   --->   "%store_ln92 = store i32 %q_head_local, i32 %empty_537" [kernel_MHSA.cpp:92->kernel_MHSA.cpp:76->kernel_MHSA.cpp:81->kernel_MHSA.cpp:76]   --->   Operation 196 'store' 'store_ln92' <Predicate = (trunc_ln90 == 25)> <Delay = 0.00>
ST_2 : Operation 197 [1/1] (0.00ns)   --->   "%br_ln92 = br void %arrayidx82.exit.i.i.i" [kernel_MHSA.cpp:92->kernel_MHSA.cpp:76->kernel_MHSA.cpp:81->kernel_MHSA.cpp:76]   --->   Operation 197 'br' 'br_ln92' <Predicate = (trunc_ln90 == 25)> <Delay = 0.00>
ST_2 : Operation 198 [1/1] (0.00ns)   --->   "%store_ln92 = store i32 %q_head_local, i32 %empty_536" [kernel_MHSA.cpp:92->kernel_MHSA.cpp:76->kernel_MHSA.cpp:81->kernel_MHSA.cpp:76]   --->   Operation 198 'store' 'store_ln92' <Predicate = (trunc_ln90 == 24)> <Delay = 0.00>
ST_2 : Operation 199 [1/1] (0.00ns)   --->   "%br_ln92 = br void %arrayidx82.exit.i.i.i" [kernel_MHSA.cpp:92->kernel_MHSA.cpp:76->kernel_MHSA.cpp:81->kernel_MHSA.cpp:76]   --->   Operation 199 'br' 'br_ln92' <Predicate = (trunc_ln90 == 24)> <Delay = 0.00>
ST_2 : Operation 200 [1/1] (0.00ns)   --->   "%store_ln92 = store i32 %q_head_local, i32 %empty_535" [kernel_MHSA.cpp:92->kernel_MHSA.cpp:76->kernel_MHSA.cpp:81->kernel_MHSA.cpp:76]   --->   Operation 200 'store' 'store_ln92' <Predicate = (trunc_ln90 == 23)> <Delay = 0.00>
ST_2 : Operation 201 [1/1] (0.00ns)   --->   "%br_ln92 = br void %arrayidx82.exit.i.i.i" [kernel_MHSA.cpp:92->kernel_MHSA.cpp:76->kernel_MHSA.cpp:81->kernel_MHSA.cpp:76]   --->   Operation 201 'br' 'br_ln92' <Predicate = (trunc_ln90 == 23)> <Delay = 0.00>
ST_2 : Operation 202 [1/1] (0.00ns)   --->   "%store_ln92 = store i32 %q_head_local, i32 %empty_534" [kernel_MHSA.cpp:92->kernel_MHSA.cpp:76->kernel_MHSA.cpp:81->kernel_MHSA.cpp:76]   --->   Operation 202 'store' 'store_ln92' <Predicate = (trunc_ln90 == 22)> <Delay = 0.00>
ST_2 : Operation 203 [1/1] (0.00ns)   --->   "%br_ln92 = br void %arrayidx82.exit.i.i.i" [kernel_MHSA.cpp:92->kernel_MHSA.cpp:76->kernel_MHSA.cpp:81->kernel_MHSA.cpp:76]   --->   Operation 203 'br' 'br_ln92' <Predicate = (trunc_ln90 == 22)> <Delay = 0.00>
ST_2 : Operation 204 [1/1] (0.00ns)   --->   "%store_ln92 = store i32 %q_head_local, i32 %empty_533" [kernel_MHSA.cpp:92->kernel_MHSA.cpp:76->kernel_MHSA.cpp:81->kernel_MHSA.cpp:76]   --->   Operation 204 'store' 'store_ln92' <Predicate = (trunc_ln90 == 21)> <Delay = 0.00>
ST_2 : Operation 205 [1/1] (0.00ns)   --->   "%br_ln92 = br void %arrayidx82.exit.i.i.i" [kernel_MHSA.cpp:92->kernel_MHSA.cpp:76->kernel_MHSA.cpp:81->kernel_MHSA.cpp:76]   --->   Operation 205 'br' 'br_ln92' <Predicate = (trunc_ln90 == 21)> <Delay = 0.00>
ST_2 : Operation 206 [1/1] (0.00ns)   --->   "%store_ln92 = store i32 %q_head_local, i32 %empty_532" [kernel_MHSA.cpp:92->kernel_MHSA.cpp:76->kernel_MHSA.cpp:81->kernel_MHSA.cpp:76]   --->   Operation 206 'store' 'store_ln92' <Predicate = (trunc_ln90 == 20)> <Delay = 0.00>
ST_2 : Operation 207 [1/1] (0.00ns)   --->   "%br_ln92 = br void %arrayidx82.exit.i.i.i" [kernel_MHSA.cpp:92->kernel_MHSA.cpp:76->kernel_MHSA.cpp:81->kernel_MHSA.cpp:76]   --->   Operation 207 'br' 'br_ln92' <Predicate = (trunc_ln90 == 20)> <Delay = 0.00>
ST_2 : Operation 208 [1/1] (0.00ns)   --->   "%store_ln92 = store i32 %q_head_local, i32 %empty_531" [kernel_MHSA.cpp:92->kernel_MHSA.cpp:76->kernel_MHSA.cpp:81->kernel_MHSA.cpp:76]   --->   Operation 208 'store' 'store_ln92' <Predicate = (trunc_ln90 == 19)> <Delay = 0.00>
ST_2 : Operation 209 [1/1] (0.00ns)   --->   "%br_ln92 = br void %arrayidx82.exit.i.i.i" [kernel_MHSA.cpp:92->kernel_MHSA.cpp:76->kernel_MHSA.cpp:81->kernel_MHSA.cpp:76]   --->   Operation 209 'br' 'br_ln92' <Predicate = (trunc_ln90 == 19)> <Delay = 0.00>
ST_2 : Operation 210 [1/1] (0.00ns)   --->   "%store_ln92 = store i32 %q_head_local, i32 %empty_530" [kernel_MHSA.cpp:92->kernel_MHSA.cpp:76->kernel_MHSA.cpp:81->kernel_MHSA.cpp:76]   --->   Operation 210 'store' 'store_ln92' <Predicate = (trunc_ln90 == 18)> <Delay = 0.00>
ST_2 : Operation 211 [1/1] (0.00ns)   --->   "%br_ln92 = br void %arrayidx82.exit.i.i.i" [kernel_MHSA.cpp:92->kernel_MHSA.cpp:76->kernel_MHSA.cpp:81->kernel_MHSA.cpp:76]   --->   Operation 211 'br' 'br_ln92' <Predicate = (trunc_ln90 == 18)> <Delay = 0.00>
ST_2 : Operation 212 [1/1] (0.00ns)   --->   "%store_ln92 = store i32 %q_head_local, i32 %empty_529" [kernel_MHSA.cpp:92->kernel_MHSA.cpp:76->kernel_MHSA.cpp:81->kernel_MHSA.cpp:76]   --->   Operation 212 'store' 'store_ln92' <Predicate = (trunc_ln90 == 17)> <Delay = 0.00>
ST_2 : Operation 213 [1/1] (0.00ns)   --->   "%br_ln92 = br void %arrayidx82.exit.i.i.i" [kernel_MHSA.cpp:92->kernel_MHSA.cpp:76->kernel_MHSA.cpp:81->kernel_MHSA.cpp:76]   --->   Operation 213 'br' 'br_ln92' <Predicate = (trunc_ln90 == 17)> <Delay = 0.00>
ST_2 : Operation 214 [1/1] (0.00ns)   --->   "%store_ln92 = store i32 %q_head_local, i32 %empty_528" [kernel_MHSA.cpp:92->kernel_MHSA.cpp:76->kernel_MHSA.cpp:81->kernel_MHSA.cpp:76]   --->   Operation 214 'store' 'store_ln92' <Predicate = (trunc_ln90 == 16)> <Delay = 0.00>
ST_2 : Operation 215 [1/1] (0.00ns)   --->   "%br_ln92 = br void %arrayidx82.exit.i.i.i" [kernel_MHSA.cpp:92->kernel_MHSA.cpp:76->kernel_MHSA.cpp:81->kernel_MHSA.cpp:76]   --->   Operation 215 'br' 'br_ln92' <Predicate = (trunc_ln90 == 16)> <Delay = 0.00>
ST_2 : Operation 216 [1/1] (0.00ns)   --->   "%store_ln92 = store i32 %q_head_local, i32 %empty_527" [kernel_MHSA.cpp:92->kernel_MHSA.cpp:76->kernel_MHSA.cpp:81->kernel_MHSA.cpp:76]   --->   Operation 216 'store' 'store_ln92' <Predicate = (trunc_ln90 == 15)> <Delay = 0.00>
ST_2 : Operation 217 [1/1] (0.00ns)   --->   "%br_ln92 = br void %arrayidx82.exit.i.i.i" [kernel_MHSA.cpp:92->kernel_MHSA.cpp:76->kernel_MHSA.cpp:81->kernel_MHSA.cpp:76]   --->   Operation 217 'br' 'br_ln92' <Predicate = (trunc_ln90 == 15)> <Delay = 0.00>
ST_2 : Operation 218 [1/1] (0.00ns)   --->   "%store_ln92 = store i32 %q_head_local, i32 %empty_526" [kernel_MHSA.cpp:92->kernel_MHSA.cpp:76->kernel_MHSA.cpp:81->kernel_MHSA.cpp:76]   --->   Operation 218 'store' 'store_ln92' <Predicate = (trunc_ln90 == 14)> <Delay = 0.00>
ST_2 : Operation 219 [1/1] (0.00ns)   --->   "%br_ln92 = br void %arrayidx82.exit.i.i.i" [kernel_MHSA.cpp:92->kernel_MHSA.cpp:76->kernel_MHSA.cpp:81->kernel_MHSA.cpp:76]   --->   Operation 219 'br' 'br_ln92' <Predicate = (trunc_ln90 == 14)> <Delay = 0.00>
ST_2 : Operation 220 [1/1] (0.00ns)   --->   "%store_ln92 = store i32 %q_head_local, i32 %empty_525" [kernel_MHSA.cpp:92->kernel_MHSA.cpp:76->kernel_MHSA.cpp:81->kernel_MHSA.cpp:76]   --->   Operation 220 'store' 'store_ln92' <Predicate = (trunc_ln90 == 13)> <Delay = 0.00>
ST_2 : Operation 221 [1/1] (0.00ns)   --->   "%br_ln92 = br void %arrayidx82.exit.i.i.i" [kernel_MHSA.cpp:92->kernel_MHSA.cpp:76->kernel_MHSA.cpp:81->kernel_MHSA.cpp:76]   --->   Operation 221 'br' 'br_ln92' <Predicate = (trunc_ln90 == 13)> <Delay = 0.00>
ST_2 : Operation 222 [1/1] (0.00ns)   --->   "%store_ln92 = store i32 %q_head_local, i32 %empty_524" [kernel_MHSA.cpp:92->kernel_MHSA.cpp:76->kernel_MHSA.cpp:81->kernel_MHSA.cpp:76]   --->   Operation 222 'store' 'store_ln92' <Predicate = (trunc_ln90 == 12)> <Delay = 0.00>
ST_2 : Operation 223 [1/1] (0.00ns)   --->   "%br_ln92 = br void %arrayidx82.exit.i.i.i" [kernel_MHSA.cpp:92->kernel_MHSA.cpp:76->kernel_MHSA.cpp:81->kernel_MHSA.cpp:76]   --->   Operation 223 'br' 'br_ln92' <Predicate = (trunc_ln90 == 12)> <Delay = 0.00>
ST_2 : Operation 224 [1/1] (0.00ns)   --->   "%store_ln92 = store i32 %q_head_local, i32 %empty_523" [kernel_MHSA.cpp:92->kernel_MHSA.cpp:76->kernel_MHSA.cpp:81->kernel_MHSA.cpp:76]   --->   Operation 224 'store' 'store_ln92' <Predicate = (trunc_ln90 == 11)> <Delay = 0.00>
ST_2 : Operation 225 [1/1] (0.00ns)   --->   "%br_ln92 = br void %arrayidx82.exit.i.i.i" [kernel_MHSA.cpp:92->kernel_MHSA.cpp:76->kernel_MHSA.cpp:81->kernel_MHSA.cpp:76]   --->   Operation 225 'br' 'br_ln92' <Predicate = (trunc_ln90 == 11)> <Delay = 0.00>
ST_2 : Operation 226 [1/1] (0.00ns)   --->   "%store_ln92 = store i32 %q_head_local, i32 %empty_522" [kernel_MHSA.cpp:92->kernel_MHSA.cpp:76->kernel_MHSA.cpp:81->kernel_MHSA.cpp:76]   --->   Operation 226 'store' 'store_ln92' <Predicate = (trunc_ln90 == 10)> <Delay = 0.00>
ST_2 : Operation 227 [1/1] (0.00ns)   --->   "%br_ln92 = br void %arrayidx82.exit.i.i.i" [kernel_MHSA.cpp:92->kernel_MHSA.cpp:76->kernel_MHSA.cpp:81->kernel_MHSA.cpp:76]   --->   Operation 227 'br' 'br_ln92' <Predicate = (trunc_ln90 == 10)> <Delay = 0.00>
ST_2 : Operation 228 [1/1] (0.00ns)   --->   "%store_ln92 = store i32 %q_head_local, i32 %empty_521" [kernel_MHSA.cpp:92->kernel_MHSA.cpp:76->kernel_MHSA.cpp:81->kernel_MHSA.cpp:76]   --->   Operation 228 'store' 'store_ln92' <Predicate = (trunc_ln90 == 9)> <Delay = 0.00>
ST_2 : Operation 229 [1/1] (0.00ns)   --->   "%br_ln92 = br void %arrayidx82.exit.i.i.i" [kernel_MHSA.cpp:92->kernel_MHSA.cpp:76->kernel_MHSA.cpp:81->kernel_MHSA.cpp:76]   --->   Operation 229 'br' 'br_ln92' <Predicate = (trunc_ln90 == 9)> <Delay = 0.00>
ST_2 : Operation 230 [1/1] (0.00ns)   --->   "%store_ln92 = store i32 %q_head_local, i32 %empty_520" [kernel_MHSA.cpp:92->kernel_MHSA.cpp:76->kernel_MHSA.cpp:81->kernel_MHSA.cpp:76]   --->   Operation 230 'store' 'store_ln92' <Predicate = (trunc_ln90 == 8)> <Delay = 0.00>
ST_2 : Operation 231 [1/1] (0.00ns)   --->   "%br_ln92 = br void %arrayidx82.exit.i.i.i" [kernel_MHSA.cpp:92->kernel_MHSA.cpp:76->kernel_MHSA.cpp:81->kernel_MHSA.cpp:76]   --->   Operation 231 'br' 'br_ln92' <Predicate = (trunc_ln90 == 8)> <Delay = 0.00>
ST_2 : Operation 232 [1/1] (0.00ns)   --->   "%store_ln92 = store i32 %q_head_local, i32 %empty_519" [kernel_MHSA.cpp:92->kernel_MHSA.cpp:76->kernel_MHSA.cpp:81->kernel_MHSA.cpp:76]   --->   Operation 232 'store' 'store_ln92' <Predicate = (trunc_ln90 == 7)> <Delay = 0.00>
ST_2 : Operation 233 [1/1] (0.00ns)   --->   "%br_ln92 = br void %arrayidx82.exit.i.i.i" [kernel_MHSA.cpp:92->kernel_MHSA.cpp:76->kernel_MHSA.cpp:81->kernel_MHSA.cpp:76]   --->   Operation 233 'br' 'br_ln92' <Predicate = (trunc_ln90 == 7)> <Delay = 0.00>
ST_2 : Operation 234 [1/1] (0.00ns)   --->   "%store_ln92 = store i32 %q_head_local, i32 %empty_518" [kernel_MHSA.cpp:92->kernel_MHSA.cpp:76->kernel_MHSA.cpp:81->kernel_MHSA.cpp:76]   --->   Operation 234 'store' 'store_ln92' <Predicate = (trunc_ln90 == 6)> <Delay = 0.00>
ST_2 : Operation 235 [1/1] (0.00ns)   --->   "%br_ln92 = br void %arrayidx82.exit.i.i.i" [kernel_MHSA.cpp:92->kernel_MHSA.cpp:76->kernel_MHSA.cpp:81->kernel_MHSA.cpp:76]   --->   Operation 235 'br' 'br_ln92' <Predicate = (trunc_ln90 == 6)> <Delay = 0.00>
ST_2 : Operation 236 [1/1] (0.00ns)   --->   "%store_ln92 = store i32 %q_head_local, i32 %empty_517" [kernel_MHSA.cpp:92->kernel_MHSA.cpp:76->kernel_MHSA.cpp:81->kernel_MHSA.cpp:76]   --->   Operation 236 'store' 'store_ln92' <Predicate = (trunc_ln90 == 5)> <Delay = 0.00>
ST_2 : Operation 237 [1/1] (0.00ns)   --->   "%br_ln92 = br void %arrayidx82.exit.i.i.i" [kernel_MHSA.cpp:92->kernel_MHSA.cpp:76->kernel_MHSA.cpp:81->kernel_MHSA.cpp:76]   --->   Operation 237 'br' 'br_ln92' <Predicate = (trunc_ln90 == 5)> <Delay = 0.00>
ST_2 : Operation 238 [1/1] (0.00ns)   --->   "%store_ln92 = store i32 %q_head_local, i32 %empty_516" [kernel_MHSA.cpp:92->kernel_MHSA.cpp:76->kernel_MHSA.cpp:81->kernel_MHSA.cpp:76]   --->   Operation 238 'store' 'store_ln92' <Predicate = (trunc_ln90 == 4)> <Delay = 0.00>
ST_2 : Operation 239 [1/1] (0.00ns)   --->   "%br_ln92 = br void %arrayidx82.exit.i.i.i" [kernel_MHSA.cpp:92->kernel_MHSA.cpp:76->kernel_MHSA.cpp:81->kernel_MHSA.cpp:76]   --->   Operation 239 'br' 'br_ln92' <Predicate = (trunc_ln90 == 4)> <Delay = 0.00>
ST_2 : Operation 240 [1/1] (0.00ns)   --->   "%store_ln92 = store i32 %q_head_local, i32 %empty_515" [kernel_MHSA.cpp:92->kernel_MHSA.cpp:76->kernel_MHSA.cpp:81->kernel_MHSA.cpp:76]   --->   Operation 240 'store' 'store_ln92' <Predicate = (trunc_ln90 == 3)> <Delay = 0.00>
ST_2 : Operation 241 [1/1] (0.00ns)   --->   "%br_ln92 = br void %arrayidx82.exit.i.i.i" [kernel_MHSA.cpp:92->kernel_MHSA.cpp:76->kernel_MHSA.cpp:81->kernel_MHSA.cpp:76]   --->   Operation 241 'br' 'br_ln92' <Predicate = (trunc_ln90 == 3)> <Delay = 0.00>
ST_2 : Operation 242 [1/1] (0.00ns)   --->   "%store_ln92 = store i32 %q_head_local, i32 %empty_514" [kernel_MHSA.cpp:92->kernel_MHSA.cpp:76->kernel_MHSA.cpp:81->kernel_MHSA.cpp:76]   --->   Operation 242 'store' 'store_ln92' <Predicate = (trunc_ln90 == 2)> <Delay = 0.00>
ST_2 : Operation 243 [1/1] (0.00ns)   --->   "%br_ln92 = br void %arrayidx82.exit.i.i.i" [kernel_MHSA.cpp:92->kernel_MHSA.cpp:76->kernel_MHSA.cpp:81->kernel_MHSA.cpp:76]   --->   Operation 243 'br' 'br_ln92' <Predicate = (trunc_ln90 == 2)> <Delay = 0.00>
ST_2 : Operation 244 [1/1] (0.00ns)   --->   "%store_ln92 = store i32 %q_head_local, i32 %empty_513" [kernel_MHSA.cpp:92->kernel_MHSA.cpp:76->kernel_MHSA.cpp:81->kernel_MHSA.cpp:76]   --->   Operation 244 'store' 'store_ln92' <Predicate = (trunc_ln90 == 1)> <Delay = 0.00>
ST_2 : Operation 245 [1/1] (0.00ns)   --->   "%br_ln92 = br void %arrayidx82.exit.i.i.i" [kernel_MHSA.cpp:92->kernel_MHSA.cpp:76->kernel_MHSA.cpp:81->kernel_MHSA.cpp:76]   --->   Operation 245 'br' 'br_ln92' <Predicate = (trunc_ln90 == 1)> <Delay = 0.00>
ST_2 : Operation 246 [1/1] (0.00ns)   --->   "%store_ln92 = store i32 %q_head_local, i32 %empty" [kernel_MHSA.cpp:92->kernel_MHSA.cpp:76->kernel_MHSA.cpp:81->kernel_MHSA.cpp:76]   --->   Operation 246 'store' 'store_ln92' <Predicate = (trunc_ln90 == 0)> <Delay = 0.00>
ST_2 : Operation 247 [1/1] (0.00ns)   --->   "%br_ln92 = br void %arrayidx82.exit.i.i.i" [kernel_MHSA.cpp:92->kernel_MHSA.cpp:76->kernel_MHSA.cpp:81->kernel_MHSA.cpp:76]   --->   Operation 247 'br' 'br_ln92' <Predicate = (trunc_ln90 == 0)> <Delay = 0.00>
ST_2 : Operation 248 [1/1] (0.00ns)   --->   "%store_ln92 = store i32 %q_head_local, i32 %empty_575" [kernel_MHSA.cpp:92->kernel_MHSA.cpp:76->kernel_MHSA.cpp:81->kernel_MHSA.cpp:76]   --->   Operation 248 'store' 'store_ln92' <Predicate = (trunc_ln90 == 63)> <Delay = 0.00>
ST_2 : Operation 249 [1/1] (0.00ns)   --->   "%br_ln92 = br void %arrayidx82.exit.i.i.i" [kernel_MHSA.cpp:92->kernel_MHSA.cpp:76->kernel_MHSA.cpp:81->kernel_MHSA.cpp:76]   --->   Operation 249 'br' 'br_ln92' <Predicate = (trunc_ln90 == 63)> <Delay = 0.00>


============================================================
+ Verbose Summary: Timing violations
============================================================
Target clock period: 4.000ns, clock uncertainty: 1.080ns.

 <State 1>: 1.744ns
The critical path consists of the following:
	'store' operation 0 bit ('store_ln90', kernel_MHSA.cpp:90->kernel_MHSA.cpp:76->kernel_MHSA.cpp:81->kernel_MHSA.cpp:76) of constant 0 on local variable 'j', kernel_MHSA.cpp:90->kernel_MHSA.cpp:76->kernel_MHSA.cpp:81->kernel_MHSA.cpp:76 [140]  (0.360 ns)
	'load' operation 7 bit ('j', kernel_MHSA.cpp:90->kernel_MHSA.cpp:76->kernel_MHSA.cpp:81->kernel_MHSA.cpp:76) on local variable 'j', kernel_MHSA.cpp:90->kernel_MHSA.cpp:76->kernel_MHSA.cpp:81->kernel_MHSA.cpp:76 [143]  (0.000 ns)
	'add' operation 7 bit ('add_ln92', kernel_MHSA.cpp:92->kernel_MHSA.cpp:76->kernel_MHSA.cpp:81->kernel_MHSA.cpp:76) [155]  (0.663 ns)
	'getelementptr' operation 7 bit ('out_q_rope_0_addr', kernel_MHSA.cpp:92->kernel_MHSA.cpp:76->kernel_MHSA.cpp:81->kernel_MHSA.cpp:76) [157]  (0.000 ns)
	'muxlogic' operation 32 bit ('muxLogicRAMAddr_to_out_q_rope_0_load') [165]  (0.000 ns)
	'load' operation 32 bit ('out_q_rope_0_load', kernel_MHSA.cpp:92->kernel_MHSA.cpp:76->kernel_MHSA.cpp:81->kernel_MHSA.cpp:76) on array 'out_q_rope_0' [166]  (0.721 ns)

 <State 2>: 1.575ns
The critical path consists of the following:
	'load' operation 32 bit ('out_q_rope_0_load', kernel_MHSA.cpp:92->kernel_MHSA.cpp:76->kernel_MHSA.cpp:81->kernel_MHSA.cpp:76) on array 'out_q_rope_0' [166]  (0.870 ns)
	'sparsemux' operation 32 bit ('q_head_local', kernel_MHSA.cpp:92->kernel_MHSA.cpp:76->kernel_MHSA.cpp:81->kernel_MHSA.cpp:76) [181]  (0.705 ns)
	'store' operation 0 bit ('store_ln92', kernel_MHSA.cpp:92->kernel_MHSA.cpp:76->kernel_MHSA.cpp:81->kernel_MHSA.cpp:76) of variable 'q_head_local', kernel_MHSA.cpp:92->kernel_MHSA.cpp:76->kernel_MHSA.cpp:81->kernel_MHSA.cpp:76 on local variable 'empty_574' [184]  (0.000 ns)


============================================================
+ Verbose Summary: Binding
============================================================
N/A
* FSMD analyzer results:
  - Output states:
 - Input state : 
  - Chain level:
	State 1
	State 2


============================================================
+ Verbose Summary: Datapath Resource usage 
============================================================
N/A
