

================================================================
== Vitis HLS Report for 'Block_entry_xb_0_wr_proc_Pipeline_LOAD_V_CACHE_VITIS_LOOP_131_3'
================================================================
* Date:           Thu Oct  2 21:25:45 2025

* Version:        2025.1 (Build 6135595 on May 21 2025)
* Project:        mhsa_prj
* Solution:       solution1 (Vivado IP Flow Target)
* Product family: versalhbm
* Target device:  xcv80-lsva4737-2MHP-e-S


================================================================
== Performance Estimates
================================================================
+ Timing: 
    * Summary: 
    +--------+---------+----------+------------+
    |  Clock |  Target | Estimated| Uncertainty|
    +--------+---------+----------+------------+
    |ap_clk  |  4.00 ns|  2.920 ns|     1.08 ns|
    +--------+---------+----------+------------+

+ Latency: 
    * Summary: 
    +---------+---------+----------+----------+-----+-----+------------------------------------------------+
    |  Latency (cycles) |  Latency (absolute) |  Interval |                    Pipeline                    |
    |   min   |   max   |    min   |    max   | min | max |                      Type                      |
    +---------+---------+----------+----------+-----+-----+------------------------------------------------+
    |        ?|        ?|         ?|         ?|    0|    0|  loop auto-rewind stp (delay=0 clock cycles(s))|
    +---------+---------+----------+----------+-----+-----+------------------------------------------------+

    + Detail: 
        * Instance: 
        N/A

        * Loop: 
        +---------------------------------+---------+---------+----------+-----------+-----------+------+----------+
        |                                 |  Latency (cycles) | Iteration|  Initiation Interval  | Trip |          |
        |            Loop Name            |   min   |   max   |  Latency |  achieved |   target  | Count| Pipelined|
        +---------------------------------+---------+---------+----------+-----------+-----------+------+----------+
        |- LOAD_V_CACHE_VITIS_LOOP_131_3  |        ?|        ?|        14|          1|          1|     ?|       yes|
        +---------------------------------+---------+---------+----------+-----------+-----------+------+----------+

============================================================
+ Verbose Summary: Synthesis Manager
============================================================
InlineROM: 1
ExposeGlobal: 0
============================================================
+ Verbose Summary: CDFG Model
============================================================
IsTopModel: 0
ResetActiveHigh: 1
IsCombinational: 0
IsDatapathOnly: 0
HasWiredReturn: 1
HasMFsm: 2
HasVarLatency: 1
IsPipeline: 0
IsRtlPipelined: 0
IsInstanceOverlapped: 0
IsDontTouch: 0
HasImplIP: 0
IsGatedGlobalClock: 0

+ Individual pipeline summary: 
  * Pipeline-0: initiation interval (II) = 1, depth = 15


============================================================
+ Verbose Summary: Schedule
============================================================
* Number of FSM states : 15
* Pipeline : 1
  Pipeline-0 : II = 1, D = 15, States = { 1 2 3 4 5 6 7 8 9 10 11 12 13 14 15 }
* Dataflow Pipeline: 0

* FSM state transitions: 
1 --> 2 
2 --> 3 
3 --> 4 
4 --> 5 
5 --> 6 
6 --> 7 
7 --> 8 
8 --> 9 
9 --> 10 
10 --> 11 
11 --> 12 
12 --> 13 
13 --> 14 
14 --> 15 
15 --> 

* FSM state operations: 

State 1 <SV = 0> <Delay = 0.46>
ST_1 : Operation 17 [1/1] (0.00ns)   --->   "%i_8 = alloca i32 1" [kernel_MHSA.cpp:131->kernel_MHSA.cpp:123->kernel_MHSA.cpp:128->kernel_MHSA.cpp:76]   --->   Operation 17 'alloca' 'i_8' <Predicate = true> <Delay = 0.00>
ST_1 : Operation 18 [1/1] (0.00ns)   --->   "%t = alloca i32 1" [kernel_MHSA.cpp:130->kernel_MHSA.cpp:123->kernel_MHSA.cpp:128->kernel_MHSA.cpp:76]   --->   Operation 18 'alloca' 't' <Predicate = true> <Delay = 0.00>
ST_1 : Operation 19 [1/1] (0.00ns)   --->   "%indvar_flatten = alloca i32 1"   --->   Operation 19 'alloca' 'indvar_flatten' <Predicate = true> <Delay = 0.00>
ST_1 : Operation 20 [1/1] (0.00ns)   --->   "%value_cache_load_read = read i64 @_ssdm_op_Read.ap_auto.i64, i64 %value_cache_load"   --->   Operation 20 'read' 'value_cache_load_read' <Predicate = true> <Delay = 0.00>
ST_1 : Operation 21 [1/1] (0.00ns)   --->   "%sext_ln125_read = read i33 @_ssdm_op_Read.ap_auto.i33, i33 %sext_ln125"   --->   Operation 21 'read' 'sext_ln125_read' <Predicate = true> <Delay = 0.00>
ST_1 : Operation 22 [1/1] (0.00ns)   --->   "%tmp_46_read = read i39 @_ssdm_op_Read.ap_auto.i39, i39 %tmp_46"   --->   Operation 22 'read' 'tmp_46_read' <Predicate = true> <Delay = 0.00>
ST_1 : Operation 23 [1/1] (0.00ns)   --->   "%sext_ln125_cast = sext i33 %sext_ln125_read"   --->   Operation 23 'sext' 'sext_ln125_cast' <Predicate = true> <Delay = 0.00>
ST_1 : Operation 24 [1/1] (0.00ns)   --->   "%specinterface_ln0 = specinterface void @_ssdm_op_SpecInterface, i32 %gmem3, void @empty_50, i32 0, i32 0, void @empty_99, i32 0, i32 0, void @empty_58, void @empty_52, void @empty_99, i32 16, i32 16, i32 256, i32 256, void @empty_99, void @empty_99, i32 4294967295, i32 0, i32 0"   --->   Operation 24 'specinterface' 'specinterface_ln0' <Predicate = true> <Delay = 0.00>
ST_1 : Operation 25 [1/1] (0.00ns)   --->   "%sext_ln69 = sext i39 %tmp_46_read" [kernel_MHSA.cpp:69->kernel_MHSA.cpp:123->kernel_MHSA.cpp:128->kernel_MHSA.cpp:76]   --->   Operation 25 'sext' 'sext_ln69' <Predicate = true> <Delay = 0.00>
ST_1 : Operation 26 [1/1] (0.46ns)   --->   "%store_ln0 = store i70 0, i70 %indvar_flatten"   --->   Operation 26 'store' 'store_ln0' <Predicate = true> <Delay = 0.46>
ST_1 : Operation 27 [1/1] (0.46ns)   --->   "%store_ln130 = store i64 0, i64 %t" [kernel_MHSA.cpp:130->kernel_MHSA.cpp:123->kernel_MHSA.cpp:128->kernel_MHSA.cpp:76]   --->   Operation 27 'store' 'store_ln130' <Predicate = true> <Delay = 0.46>
ST_1 : Operation 28 [1/1] (0.36ns)   --->   "%store_ln131 = store i7 0, i7 %i_8" [kernel_MHSA.cpp:131->kernel_MHSA.cpp:123->kernel_MHSA.cpp:128->kernel_MHSA.cpp:76]   --->   Operation 28 'store' 'store_ln131' <Predicate = true> <Delay = 0.36>
ST_1 : Operation 29 [1/1] (0.00ns)   --->   "%br_ln0 = br void %for.inc168.i.i.i"   --->   Operation 29 'br' 'br_ln0' <Predicate = true> <Delay = 0.00>

State 2 <SV = 1> <Delay = 1.51>
ST_2 : Operation 30 [1/1] (0.00ns)   --->   "%indvar_flatten_load = load i70 %indvar_flatten" [kernel_MHSA.cpp:130->kernel_MHSA.cpp:123->kernel_MHSA.cpp:128->kernel_MHSA.cpp:76]   --->   Operation 30 'load' 'indvar_flatten_load' <Predicate = true> <Delay = 0.00>
ST_2 : Operation 31 [1/1] (1.05ns)   --->   "%add_ln130_2 = add i70 %indvar_flatten_load, i70 1" [kernel_MHSA.cpp:130->kernel_MHSA.cpp:123->kernel_MHSA.cpp:128->kernel_MHSA.cpp:76]   --->   Operation 31 'add' 'add_ln130_2' <Predicate = true> <Delay = 1.05> <CoreInst = "Adder">   --->   Core 1 'Adder' <Latency = 0> <II = 1> <Delay = 1.05> <FuncUnit> <Opcode : 'add' 'sub'> <InPorts = 2> <OutPorts = 1>
ST_2 : Operation 32 [1/1] (0.75ns)   --->   "%icmp_ln130 = icmp_eq  i70 %indvar_flatten_load, i70 %sext_ln69" [kernel_MHSA.cpp:130->kernel_MHSA.cpp:123->kernel_MHSA.cpp:128->kernel_MHSA.cpp:76]   --->   Operation 32 'icmp' 'icmp_ln130' <Predicate = true> <Delay = 0.75> <CoreInst = "ICmp_EQ">   --->   Core 156 'ICmp_EQ' <Latency = 0> <II = 1> <Delay = 0.75> <FuncUnit> <Opcode : 'seteq' 'setne'> <InPorts = 2> <OutPorts = 1>
ST_2 : Operation 33 [1/1] (0.00ns)   --->   "%br_ln130 = br i1 %icmp_ln130, void %for.inc171.i.i.i, void %for.inc206.i.i.i.preheader.exitStub" [kernel_MHSA.cpp:130->kernel_MHSA.cpp:123->kernel_MHSA.cpp:128->kernel_MHSA.cpp:76]   --->   Operation 33 'br' 'br_ln130' <Predicate = true> <Delay = 0.00>
ST_2 : Operation 34 [1/1] (0.46ns)   --->   "%store_ln130 = store i70 %add_ln130_2, i70 %indvar_flatten" [kernel_MHSA.cpp:130->kernel_MHSA.cpp:123->kernel_MHSA.cpp:128->kernel_MHSA.cpp:76]   --->   Operation 34 'store' 'store_ln130' <Predicate = (!icmp_ln130)> <Delay = 0.46>

State 3 <SV = 2> <Delay = 2.64>
ST_3 : Operation 35 [1/1] (0.00ns)   --->   "%i_8_load = load i7 %i_8" [kernel_MHSA.cpp:131->kernel_MHSA.cpp:123->kernel_MHSA.cpp:128->kernel_MHSA.cpp:76]   --->   Operation 35 'load' 'i_8_load' <Predicate = true> <Delay = 0.00>
ST_3 : Operation 36 [1/1] (0.00ns)   --->   "%t_load = load i64 %t" [kernel_MHSA.cpp:130->kernel_MHSA.cpp:123->kernel_MHSA.cpp:128->kernel_MHSA.cpp:76]   --->   Operation 36 'load' 't_load' <Predicate = true> <Delay = 0.00>
ST_3 : Operation 37 [1/1] (0.57ns)   --->   "%icmp_ln131 = icmp_eq  i7 %i_8_load, i7 64" [kernel_MHSA.cpp:131->kernel_MHSA.cpp:123->kernel_MHSA.cpp:128->kernel_MHSA.cpp:76]   --->   Operation 37 'icmp' 'icmp_ln131' <Predicate = true> <Delay = 0.57> <CoreInst = "ICmp_EQ">   --->   Core 156 'ICmp_EQ' <Latency = 0> <II = 1> <Delay = 0.57> <FuncUnit> <Opcode : 'seteq' 'setne'> <InPorts = 2> <OutPorts = 1>
ST_3 : Operation 38 [1/1] (0.34ns)   --->   "%select_ln130 = select i1 %icmp_ln131, i7 0, i7 %i_8_load" [kernel_MHSA.cpp:130->kernel_MHSA.cpp:123->kernel_MHSA.cpp:128->kernel_MHSA.cpp:76]   --->   Operation 38 'select' 'select_ln130' <Predicate = true> <Delay = 0.34> <CoreInst = "Sel">   --->   Core 77 'Sel' <Latency = 0> <II = 1> <Delay = 0.34> <FuncUnit> <Opcode : 'select'> <InPorts = 3> <OutPorts = 1>
ST_3 : Operation 39 [1/1] (1.01ns)   --->   "%add_ln130_3 = add i64 %t_load, i64 1" [kernel_MHSA.cpp:130->kernel_MHSA.cpp:123->kernel_MHSA.cpp:128->kernel_MHSA.cpp:76]   --->   Operation 39 'add' 'add_ln130_3' <Predicate = true> <Delay = 1.01> <CoreInst = "Adder">   --->   Core 1 'Adder' <Latency = 0> <II = 1> <Delay = 1.01> <FuncUnit> <Opcode : 'add' 'sub'> <InPorts = 2> <OutPorts = 1>
ST_3 : Operation 40 [1/1] (0.42ns)   --->   "%select_ln130_1 = select i1 %icmp_ln131, i64 %add_ln130_3, i64 %t_load" [kernel_MHSA.cpp:130->kernel_MHSA.cpp:123->kernel_MHSA.cpp:128->kernel_MHSA.cpp:76]   --->   Operation 40 'select' 'select_ln130_1' <Predicate = true> <Delay = 0.42> <CoreInst = "Sel">   --->   Core 77 'Sel' <Latency = 0> <II = 1> <Delay = 0.42> <FuncUnit> <Opcode : 'select'> <InPorts = 3> <OutPorts = 1>
ST_3 : Operation 41 [1/1] (0.57ns)   --->   "%first_iter_0 = icmp_eq  i7 %select_ln130, i7 0" [kernel_MHSA.cpp:130->kernel_MHSA.cpp:123->kernel_MHSA.cpp:128->kernel_MHSA.cpp:76]   --->   Operation 41 'icmp' 'first_iter_0' <Predicate = true> <Delay = 0.57> <CoreInst = "ICmp_EQ">   --->   Core 156 'ICmp_EQ' <Latency = 0> <II = 1> <Delay = 0.57> <FuncUnit> <Opcode : 'seteq' 'setne'> <InPorts = 2> <OutPorts = 1>
ST_3 : Operation 42 [1/1] (0.00ns)   --->   "%trunc_ln130 = trunc i64 %select_ln130_1" [kernel_MHSA.cpp:130->kernel_MHSA.cpp:123->kernel_MHSA.cpp:128->kernel_MHSA.cpp:76]   --->   Operation 42 'trunc' 'trunc_ln130' <Predicate = true> <Delay = 0.00>
ST_3 : Operation 43 [1/1] (0.00ns)   --->   "%p_shl = bitconcatenate i62 @_ssdm_op_BitConcatenate.i62.i52.i10, i52 %trunc_ln130, i10 0" [kernel_MHSA.cpp:130->kernel_MHSA.cpp:123->kernel_MHSA.cpp:128->kernel_MHSA.cpp:76]   --->   Operation 43 'bitconcatenate' 'p_shl' <Predicate = true> <Delay = 0.00>
ST_3 : Operation 44 [1/1] (0.00ns)   --->   "%trunc_ln130_1 = trunc i64 %select_ln130_1" [kernel_MHSA.cpp:130->kernel_MHSA.cpp:123->kernel_MHSA.cpp:128->kernel_MHSA.cpp:76]   --->   Operation 44 'trunc' 'trunc_ln130_1' <Predicate = true> <Delay = 0.00>
ST_3 : Operation 45 [1/1] (0.00ns)   --->   "%p_shl9 = bitconcatenate i62 @_ssdm_op_BitConcatenate.i62.i54.i8, i54 %trunc_ln130_1, i8 0" [kernel_MHSA.cpp:130->kernel_MHSA.cpp:123->kernel_MHSA.cpp:128->kernel_MHSA.cpp:76]   --->   Operation 45 'bitconcatenate' 'p_shl9' <Predicate = true> <Delay = 0.00>
ST_3 : Operation 46 [1/1] (0.00ns) (grouped into TernaryAdder)   --->   "%sub_ln130 = sub i62 %p_shl, i62 %p_shl9" [kernel_MHSA.cpp:130->kernel_MHSA.cpp:123->kernel_MHSA.cpp:128->kernel_MHSA.cpp:76]   --->   Operation 46 'sub' 'sub_ln130' <Predicate = true> <Delay = 0.00> <CoreInst = "TAddSub">   --->   Core 10 'TAddSub' <Latency = 0> <II = 1> <Delay = 0.60> <IPBlock> <Opcode : 'add' 'sub'> <InPorts = 3> <OutPorts = 1> <Sync> <CReg>
ST_3 : Operation 47 [1/1] (1.20ns) (root node of TernaryAdder)   --->   "%add_ln130 = add i62 %sub_ln130, i62 %sext_ln125_cast" [kernel_MHSA.cpp:130->kernel_MHSA.cpp:123->kernel_MHSA.cpp:128->kernel_MHSA.cpp:76]   --->   Operation 47 'add' 'add_ln130' <Predicate = true> <Delay = 1.20> <CoreInst = "TAddSub">   --->   Core 10 'TAddSub' <Latency = 0> <II = 1> <Delay = 0.60> <IPBlock> <Opcode : 'add' 'sub'> <InPorts = 3> <OutPorts = 1> <Sync> <CReg>
ST_3 : Operation 48 [1/1] (0.00ns)   --->   "%br_ln131 = br i1 %first_iter_0, void %for.inc168.split.i.i.i, void %for.first.iter.for.inc168.i.i.i" [kernel_MHSA.cpp:131->kernel_MHSA.cpp:123->kernel_MHSA.cpp:128->kernel_MHSA.cpp:76]   --->   Operation 48 'br' 'br_ln131' <Predicate = true> <Delay = 0.00>
ST_3 : Operation 49 [1/1] (0.00ns)   --->   "%trunc_ln131 = trunc i7 %select_ln130" [kernel_MHSA.cpp:131->kernel_MHSA.cpp:123->kernel_MHSA.cpp:128->kernel_MHSA.cpp:76]   --->   Operation 49 'trunc' 'trunc_ln131' <Predicate = true> <Delay = 0.00>
ST_3 : Operation 50 [1/1] (0.00ns)   --->   "%lshr_ln7 = partselect i3 @_ssdm_op_PartSelect.i3.i7.i32.i32, i7 %select_ln130, i32 3, i32 5" [kernel_MHSA.cpp:133->kernel_MHSA.cpp:123->kernel_MHSA.cpp:128->kernel_MHSA.cpp:76]   --->   Operation 50 'partselect' 'lshr_ln7' <Predicate = true> <Delay = 0.00>
ST_3 : Operation 51 [1/1] (0.00ns)   --->   "%trunc_ln133 = trunc i64 %select_ln130_1" [kernel_MHSA.cpp:133->kernel_MHSA.cpp:123->kernel_MHSA.cpp:128->kernel_MHSA.cpp:76]   --->   Operation 51 'trunc' 'trunc_ln133' <Predicate = true> <Delay = 0.00>
ST_3 : Operation 52 [1/1] (0.36ns)   --->   "%switch_ln133 = switch i3 %trunc_ln131, void %arrayidx167.case.7.i.i.i, i3 0, void %arrayidx167.case.0.i.i.i, i3 1, void %arrayidx167.case.1.i.i.i, i3 2, void %arrayidx167.case.2.i.i.i, i3 3, void %arrayidx167.case.3.i.i.i, i3 4, void %arrayidx167.case.4.i.i.i, i3 5, void %arrayidx167.case.5.i.i.i, i3 6, void %arrayidx167.case.6.i.i.i" [kernel_MHSA.cpp:133->kernel_MHSA.cpp:123->kernel_MHSA.cpp:128->kernel_MHSA.cpp:76]   --->   Operation 52 'switch' 'switch_ln133' <Predicate = true> <Delay = 0.36>
ST_3 : Operation 53 [1/1] (0.66ns)   --->   "%add_ln131 = add i7 %select_ln130, i7 1" [kernel_MHSA.cpp:131->kernel_MHSA.cpp:123->kernel_MHSA.cpp:128->kernel_MHSA.cpp:76]   --->   Operation 53 'add' 'add_ln131' <Predicate = true> <Delay = 0.66> <CoreInst = "Adder">   --->   Core 1 'Adder' <Latency = 0> <II = 1> <Delay = 0.66> <FuncUnit> <Opcode : 'add' 'sub'> <InPorts = 2> <OutPorts = 1>
ST_3 : Operation 54 [1/1] (0.46ns)   --->   "%store_ln130 = store i64 %select_ln130_1, i64 %t" [kernel_MHSA.cpp:130->kernel_MHSA.cpp:123->kernel_MHSA.cpp:128->kernel_MHSA.cpp:76]   --->   Operation 54 'store' 'store_ln130' <Predicate = true> <Delay = 0.46>
ST_3 : Operation 55 [1/1] (0.36ns)   --->   "%store_ln131 = store i7 %add_ln131, i7 %i_8" [kernel_MHSA.cpp:131->kernel_MHSA.cpp:123->kernel_MHSA.cpp:128->kernel_MHSA.cpp:76]   --->   Operation 55 'store' 'store_ln131' <Predicate = true> <Delay = 0.36>
ST_3 : Operation 56 [1/1] (0.00ns)   --->   "%br_ln131 = br void %for.inc168.i.i.i" [kernel_MHSA.cpp:131->kernel_MHSA.cpp:123->kernel_MHSA.cpp:128->kernel_MHSA.cpp:76]   --->   Operation 56 'br' 'br_ln131' <Predicate = true> <Delay = 0.00>

State 4 <SV = 3> <Delay = 2.09>
ST_4 : Operation 57 [1/1] (0.00ns)   --->   "%specloopname_ln0 = specloopname void @_ssdm_op_SpecLoopName, void @LOAD_V_CACHE_VITIS_LOOP_131_3_str"   --->   Operation 57 'specloopname' 'specloopname_ln0' <Predicate = true> <Delay = 0.00>
ST_4 : Operation 58 [1/1] (0.00ns)   --->   "%shl_ln2 = bitconcatenate i64 @_ssdm_op_BitConcatenate.i64.i62.i2, i62 %add_ln130, i2 0" [kernel_MHSA.cpp:130->kernel_MHSA.cpp:123->kernel_MHSA.cpp:128->kernel_MHSA.cpp:76]   --->   Operation 58 'bitconcatenate' 'shl_ln2' <Predicate = true> <Delay = 0.00>
ST_4 : Operation 59 [1/1] (1.01ns)   --->   "%add_ln130_1 = add i64 %value_cache_load_read, i64 %shl_ln2" [kernel_MHSA.cpp:130->kernel_MHSA.cpp:123->kernel_MHSA.cpp:128->kernel_MHSA.cpp:76]   --->   Operation 59 'add' 'add_ln130_1' <Predicate = true> <Delay = 1.01> <CoreInst = "Adder">   --->   Core 1 'Adder' <Latency = 0> <II = 1> <Delay = 1.01> <FuncUnit> <Opcode : 'add' 'sub'> <InPorts = 2> <OutPorts = 1>
ST_4 : Operation 60 [1/1] (0.00ns)   --->   "%trunc_ln = partselect i62 @_ssdm_op_PartSelect.i62.i64.i32.i32, i64 %add_ln130_1, i32 2, i32 63" [kernel_MHSA.cpp:131->kernel_MHSA.cpp:123->kernel_MHSA.cpp:128->kernel_MHSA.cpp:76]   --->   Operation 60 'partselect' 'trunc_ln' <Predicate = true> <Delay = 0.00>
ST_4 : Operation 61 [1/1] (0.00ns)   --->   "%sext_ln131 = sext i62 %trunc_ln" [kernel_MHSA.cpp:131->kernel_MHSA.cpp:123->kernel_MHSA.cpp:128->kernel_MHSA.cpp:76]   --->   Operation 61 'sext' 'sext_ln131' <Predicate = true> <Delay = 0.00>
ST_4 : Operation 62 [1/1] (0.00ns)   --->   "%gmem3_addr = getelementptr i32 %gmem3, i64 %sext_ln131" [kernel_MHSA.cpp:131->kernel_MHSA.cpp:123->kernel_MHSA.cpp:128->kernel_MHSA.cpp:76]   --->   Operation 62 'getelementptr' 'gmem3_addr' <Predicate = true> <Delay = 0.00>
ST_4 : Operation 63 [1/1] (0.00ns)   --->   "%muxLogicAXIMAddr_to_empty = muxlogic i32 %gmem3_addr"   --->   Operation 63 'muxlogic' 'muxLogicAXIMAddr_to_empty' <Predicate = (first_iter_0)> <Delay = 0.00>
ST_4 : Operation 64 [1/1] (0.00ns)   --->   "%muxLogicAXIMBurst_to_empty = muxlogic i64 64"   --->   Operation 64 'muxlogic' 'muxLogicAXIMBurst_to_empty' <Predicate = (first_iter_0)> <Delay = 0.00>
ST_4 : Operation 65 [11/11] (1.08ns)   --->   "%empty = readreq i1 @_ssdm_op_ReadReq.m_axi.p1i32, i32 %gmem3_addr, i64 64" [kernel_MHSA.cpp:131->kernel_MHSA.cpp:123->kernel_MHSA.cpp:128->kernel_MHSA.cpp:76]   --->   Operation 65 'readreq' 'empty' <Predicate = (first_iter_0)> <Delay = 1.08> <CoreInst = "m_axi">   --->   Core 123 'm_axi' <Latency = 9> <II = 1> <Delay = 1.60> <Adapter> <Opcode : 'read' 'write' 'readreq' 'writereq' 'writeresp'>

State 5 <SV = 4> <Delay = 2.92>
ST_5 : Operation 66 [10/11] (2.92ns)   --->   "%empty = readreq i1 @_ssdm_op_ReadReq.m_axi.p1i32, i32 %gmem3_addr, i64 64" [kernel_MHSA.cpp:131->kernel_MHSA.cpp:123->kernel_MHSA.cpp:128->kernel_MHSA.cpp:76]   --->   Operation 66 'readreq' 'empty' <Predicate = (first_iter_0)> <Delay = 2.92> <CoreInst = "m_axi">   --->   Core 123 'm_axi' <Latency = 9> <II = 1> <Delay = 1.60> <Adapter> <Opcode : 'read' 'write' 'readreq' 'writereq' 'writeresp'>

State 6 <SV = 5> <Delay = 2.92>
ST_6 : Operation 67 [9/11] (2.92ns)   --->   "%empty = readreq i1 @_ssdm_op_ReadReq.m_axi.p1i32, i32 %gmem3_addr, i64 64" [kernel_MHSA.cpp:131->kernel_MHSA.cpp:123->kernel_MHSA.cpp:128->kernel_MHSA.cpp:76]   --->   Operation 67 'readreq' 'empty' <Predicate = (first_iter_0)> <Delay = 2.92> <CoreInst = "m_axi">   --->   Core 123 'm_axi' <Latency = 9> <II = 1> <Delay = 1.60> <Adapter> <Opcode : 'read' 'write' 'readreq' 'writereq' 'writeresp'>

State 7 <SV = 6> <Delay = 2.92>
ST_7 : Operation 68 [8/11] (2.92ns)   --->   "%empty = readreq i1 @_ssdm_op_ReadReq.m_axi.p1i32, i32 %gmem3_addr, i64 64" [kernel_MHSA.cpp:131->kernel_MHSA.cpp:123->kernel_MHSA.cpp:128->kernel_MHSA.cpp:76]   --->   Operation 68 'readreq' 'empty' <Predicate = (first_iter_0)> <Delay = 2.92> <CoreInst = "m_axi">   --->   Core 123 'm_axi' <Latency = 9> <II = 1> <Delay = 1.60> <Adapter> <Opcode : 'read' 'write' 'readreq' 'writereq' 'writeresp'>

State 8 <SV = 7> <Delay = 2.92>
ST_8 : Operation 69 [7/11] (2.92ns)   --->   "%empty = readreq i1 @_ssdm_op_ReadReq.m_axi.p1i32, i32 %gmem3_addr, i64 64" [kernel_MHSA.cpp:131->kernel_MHSA.cpp:123->kernel_MHSA.cpp:128->kernel_MHSA.cpp:76]   --->   Operation 69 'readreq' 'empty' <Predicate = (first_iter_0)> <Delay = 2.92> <CoreInst = "m_axi">   --->   Core 123 'm_axi' <Latency = 9> <II = 1> <Delay = 1.60> <Adapter> <Opcode : 'read' 'write' 'readreq' 'writereq' 'writeresp'>

State 9 <SV = 8> <Delay = 2.92>
ST_9 : Operation 70 [6/11] (2.92ns)   --->   "%empty = readreq i1 @_ssdm_op_ReadReq.m_axi.p1i32, i32 %gmem3_addr, i64 64" [kernel_MHSA.cpp:131->kernel_MHSA.cpp:123->kernel_MHSA.cpp:128->kernel_MHSA.cpp:76]   --->   Operation 70 'readreq' 'empty' <Predicate = (first_iter_0)> <Delay = 2.92> <CoreInst = "m_axi">   --->   Core 123 'm_axi' <Latency = 9> <II = 1> <Delay = 1.60> <Adapter> <Opcode : 'read' 'write' 'readreq' 'writereq' 'writeresp'>

State 10 <SV = 9> <Delay = 2.92>
ST_10 : Operation 71 [5/11] (2.92ns)   --->   "%empty = readreq i1 @_ssdm_op_ReadReq.m_axi.p1i32, i32 %gmem3_addr, i64 64" [kernel_MHSA.cpp:131->kernel_MHSA.cpp:123->kernel_MHSA.cpp:128->kernel_MHSA.cpp:76]   --->   Operation 71 'readreq' 'empty' <Predicate = (first_iter_0)> <Delay = 2.92> <CoreInst = "m_axi">   --->   Core 123 'm_axi' <Latency = 9> <II = 1> <Delay = 1.60> <Adapter> <Opcode : 'read' 'write' 'readreq' 'writereq' 'writeresp'>

State 11 <SV = 10> <Delay = 2.92>
ST_11 : Operation 72 [4/11] (2.92ns)   --->   "%empty = readreq i1 @_ssdm_op_ReadReq.m_axi.p1i32, i32 %gmem3_addr, i64 64" [kernel_MHSA.cpp:131->kernel_MHSA.cpp:123->kernel_MHSA.cpp:128->kernel_MHSA.cpp:76]   --->   Operation 72 'readreq' 'empty' <Predicate = (first_iter_0)> <Delay = 2.92> <CoreInst = "m_axi">   --->   Core 123 'm_axi' <Latency = 9> <II = 1> <Delay = 1.60> <Adapter> <Opcode : 'read' 'write' 'readreq' 'writereq' 'writeresp'>

State 12 <SV = 11> <Delay = 2.92>
ST_12 : Operation 73 [3/11] (2.92ns)   --->   "%empty = readreq i1 @_ssdm_op_ReadReq.m_axi.p1i32, i32 %gmem3_addr, i64 64" [kernel_MHSA.cpp:131->kernel_MHSA.cpp:123->kernel_MHSA.cpp:128->kernel_MHSA.cpp:76]   --->   Operation 73 'readreq' 'empty' <Predicate = (first_iter_0)> <Delay = 2.92> <CoreInst = "m_axi">   --->   Core 123 'm_axi' <Latency = 9> <II = 1> <Delay = 1.60> <Adapter> <Opcode : 'read' 'write' 'readreq' 'writereq' 'writeresp'>

State 13 <SV = 12> <Delay = 2.92>
ST_13 : Operation 74 [2/11] (2.92ns)   --->   "%empty = readreq i1 @_ssdm_op_ReadReq.m_axi.p1i32, i32 %gmem3_addr, i64 64" [kernel_MHSA.cpp:131->kernel_MHSA.cpp:123->kernel_MHSA.cpp:128->kernel_MHSA.cpp:76]   --->   Operation 74 'readreq' 'empty' <Predicate = (first_iter_0)> <Delay = 2.92> <CoreInst = "m_axi">   --->   Core 123 'm_axi' <Latency = 9> <II = 1> <Delay = 1.60> <Adapter> <Opcode : 'read' 'write' 'readreq' 'writereq' 'writeresp'>

State 14 <SV = 13> <Delay = 1.08>
ST_14 : Operation 75 [1/11] (1.08ns)   --->   "%empty = readreq i1 @_ssdm_op_ReadReq.m_axi.p1i32, i32 %gmem3_addr, i64 64" [kernel_MHSA.cpp:131->kernel_MHSA.cpp:123->kernel_MHSA.cpp:128->kernel_MHSA.cpp:76]   --->   Operation 75 'readreq' 'empty' <Predicate = (first_iter_0)> <Delay = 1.08> <CoreInst = "m_axi">   --->   Core 123 'm_axi' <Latency = 9> <II = 1> <Delay = 1.60> <Adapter> <Opcode : 'read' 'write' 'readreq' 'writereq' 'writeresp'>
ST_14 : Operation 76 [1/1] (0.00ns)   --->   "%br_ln131 = br void %for.inc168.split.i.i.i" [kernel_MHSA.cpp:131->kernel_MHSA.cpp:123->kernel_MHSA.cpp:128->kernel_MHSA.cpp:76]   --->   Operation 76 'br' 'br_ln131' <Predicate = (first_iter_0)> <Delay = 0.00>
ST_14 : Operation 123 [1/1] (0.28ns)   --->   "%ret_ln0 = ret"   --->   Operation 123 'ret' 'ret_ln0' <Predicate = (icmp_ln130)> <Delay = 0.28>

State 15 <SV = 14> <Delay = 1.83>
ST_15 : Operation 77 [1/1] (0.00ns)   --->   "%specpipeline_ln132 = specpipeline void @_ssdm_op_SpecPipeline, i32 1, i32 0, i32 0, i32 0, void @empty_99" [kernel_MHSA.cpp:132->kernel_MHSA.cpp:123->kernel_MHSA.cpp:128->kernel_MHSA.cpp:76]   --->   Operation 77 'specpipeline' 'specpipeline_ln132' <Predicate = true> <Delay = 0.00>
ST_15 : Operation 78 [1/1] (0.00ns)   --->   "%muxLogicAXIMCE_to_gmem3_addr_read = muxlogic"   --->   Operation 78 'muxlogic' 'muxLogicAXIMCE_to_gmem3_addr_read' <Predicate = true> <Delay = 0.00>
ST_15 : Operation 79 [1/1] (1.08ns)   --->   "%gmem3_addr_read = read i32 @_ssdm_op_Read.m_axi.p1i32, i32 %gmem3_addr" [kernel_MHSA.cpp:133->kernel_MHSA.cpp:123->kernel_MHSA.cpp:128->kernel_MHSA.cpp:76]   --->   Operation 79 'read' 'gmem3_addr_read' <Predicate = true> <Delay = 1.08> <CoreInst = "m_axi">   --->   Core 123 'm_axi' <Latency = 0> <II = 1> <Delay = 1.60> <Adapter> <Opcode : 'read' 'write' 'readreq' 'writereq' 'writeresp'>
ST_15 : Operation 80 [1/1] (0.00ns)   --->   "%bitcast_ln133 = bitcast i32 %gmem3_addr_read" [kernel_MHSA.cpp:133->kernel_MHSA.cpp:123->kernel_MHSA.cpp:128->kernel_MHSA.cpp:76]   --->   Operation 80 'bitcast' 'bitcast_ln133' <Predicate = true> <Delay = 0.00>
ST_15 : Operation 81 [1/1] (0.00ns)   --->   "%or_ln = bitconcatenate i12 @_ssdm_op_BitConcatenate.i12.i9.i3, i9 %trunc_ln133, i3 %lshr_ln7" [kernel_MHSA.cpp:133->kernel_MHSA.cpp:123->kernel_MHSA.cpp:128->kernel_MHSA.cpp:76]   --->   Operation 81 'bitconcatenate' 'or_ln' <Predicate = true> <Delay = 0.00>
ST_15 : Operation 82 [1/1] (0.00ns)   --->   "%zext_ln133 = zext i12 %or_ln" [kernel_MHSA.cpp:133->kernel_MHSA.cpp:123->kernel_MHSA.cpp:128->kernel_MHSA.cpp:76]   --->   Operation 82 'zext' 'zext_ln133' <Predicate = true> <Delay = 0.00>
ST_15 : Operation 83 [1/1] (0.00ns)   --->   "%v_cache_local_0_i_i_addr = getelementptr i32 %v_cache_local_0_i_i, i64 0, i64 %zext_ln133" [kernel_MHSA.cpp:133->kernel_MHSA.cpp:123->kernel_MHSA.cpp:128->kernel_MHSA.cpp:76]   --->   Operation 83 'getelementptr' 'v_cache_local_0_i_i_addr' <Predicate = true> <Delay = 0.00>
ST_15 : Operation 84 [1/1] (0.00ns)   --->   "%v_cache_local_1_i_i_addr = getelementptr i32 %v_cache_local_1_i_i, i64 0, i64 %zext_ln133" [kernel_MHSA.cpp:133->kernel_MHSA.cpp:123->kernel_MHSA.cpp:128->kernel_MHSA.cpp:76]   --->   Operation 84 'getelementptr' 'v_cache_local_1_i_i_addr' <Predicate = true> <Delay = 0.00>
ST_15 : Operation 85 [1/1] (0.00ns)   --->   "%v_cache_local_2_i_i_addr = getelementptr i32 %v_cache_local_2_i_i, i64 0, i64 %zext_ln133" [kernel_MHSA.cpp:133->kernel_MHSA.cpp:123->kernel_MHSA.cpp:128->kernel_MHSA.cpp:76]   --->   Operation 85 'getelementptr' 'v_cache_local_2_i_i_addr' <Predicate = true> <Delay = 0.00>
ST_15 : Operation 86 [1/1] (0.00ns)   --->   "%v_cache_local_3_i_i_addr = getelementptr i32 %v_cache_local_3_i_i, i64 0, i64 %zext_ln133" [kernel_MHSA.cpp:133->kernel_MHSA.cpp:123->kernel_MHSA.cpp:128->kernel_MHSA.cpp:76]   --->   Operation 86 'getelementptr' 'v_cache_local_3_i_i_addr' <Predicate = true> <Delay = 0.00>
ST_15 : Operation 87 [1/1] (0.00ns)   --->   "%v_cache_local_4_i_i_addr = getelementptr i32 %v_cache_local_4_i_i, i64 0, i64 %zext_ln133" [kernel_MHSA.cpp:133->kernel_MHSA.cpp:123->kernel_MHSA.cpp:128->kernel_MHSA.cpp:76]   --->   Operation 87 'getelementptr' 'v_cache_local_4_i_i_addr' <Predicate = true> <Delay = 0.00>
ST_15 : Operation 88 [1/1] (0.00ns)   --->   "%v_cache_local_5_i_i_addr = getelementptr i32 %v_cache_local_5_i_i, i64 0, i64 %zext_ln133" [kernel_MHSA.cpp:133->kernel_MHSA.cpp:123->kernel_MHSA.cpp:128->kernel_MHSA.cpp:76]   --->   Operation 88 'getelementptr' 'v_cache_local_5_i_i_addr' <Predicate = true> <Delay = 0.00>
ST_15 : Operation 89 [1/1] (0.00ns)   --->   "%v_cache_local_6_i_i_addr = getelementptr i32 %v_cache_local_6_i_i, i64 0, i64 %zext_ln133" [kernel_MHSA.cpp:133->kernel_MHSA.cpp:123->kernel_MHSA.cpp:128->kernel_MHSA.cpp:76]   --->   Operation 89 'getelementptr' 'v_cache_local_6_i_i_addr' <Predicate = true> <Delay = 0.00>
ST_15 : Operation 90 [1/1] (0.00ns)   --->   "%v_cache_local_7_i_i_addr = getelementptr i32 %v_cache_local_7_i_i, i64 0, i64 %zext_ln133" [kernel_MHSA.cpp:133->kernel_MHSA.cpp:123->kernel_MHSA.cpp:128->kernel_MHSA.cpp:76]   --->   Operation 90 'getelementptr' 'v_cache_local_7_i_i_addr' <Predicate = true> <Delay = 0.00>
ST_15 : Operation 91 [1/1] (0.00ns)   --->   "%muxLogicRAMData_to_store_ln133 = muxlogic i32 %bitcast_ln133"   --->   Operation 91 'muxlogic' 'muxLogicRAMData_to_store_ln133' <Predicate = (trunc_ln131 == 6)> <Delay = 0.00>
ST_15 : Operation 92 [1/1] (0.00ns)   --->   "%muxLogicRAMAddr_to_store_ln133 = muxlogic i12 %v_cache_local_6_i_i_addr"   --->   Operation 92 'muxlogic' 'muxLogicRAMAddr_to_store_ln133' <Predicate = (trunc_ln131 == 6)> <Delay = 0.00>
ST_15 : Operation 93 [1/1] ( I:0.75ns O:0.75ns ) (share mux size 2)   --->   "%store_ln133 = store i32 %bitcast_ln133, i12 %v_cache_local_6_i_i_addr" [kernel_MHSA.cpp:133->kernel_MHSA.cpp:123->kernel_MHSA.cpp:128->kernel_MHSA.cpp:76]   --->   Operation 93 'store' 'store_ln133' <Predicate = (trunc_ln131 == 6)> <Delay = 0.75> <CoreInst = "RAM">   --->   Core 86 'RAM' <Latency = 1> <II = 1> <Delay = 0.89> <Storage> <Opcode : 'load' 'store'> <Ports = 2> <Width = 32> <Depth = 4096> <RAM>
ST_15 : Operation 94 [1/1] (0.00ns)   --->   "%br_ln133 = br void %arrayidx167.exit.i.i.i" [kernel_MHSA.cpp:133->kernel_MHSA.cpp:123->kernel_MHSA.cpp:128->kernel_MHSA.cpp:76]   --->   Operation 94 'br' 'br_ln133' <Predicate = (trunc_ln131 == 6)> <Delay = 0.00>
ST_15 : Operation 95 [1/1] (0.00ns)   --->   "%muxLogicRAMData_to_store_ln133 = muxlogic i32 %bitcast_ln133"   --->   Operation 95 'muxlogic' 'muxLogicRAMData_to_store_ln133' <Predicate = (trunc_ln131 == 5)> <Delay = 0.00>
ST_15 : Operation 96 [1/1] (0.00ns)   --->   "%muxLogicRAMAddr_to_store_ln133 = muxlogic i12 %v_cache_local_5_i_i_addr"   --->   Operation 96 'muxlogic' 'muxLogicRAMAddr_to_store_ln133' <Predicate = (trunc_ln131 == 5)> <Delay = 0.00>
ST_15 : Operation 97 [1/1] ( I:0.75ns O:0.75ns ) (share mux size 2)   --->   "%store_ln133 = store i32 %bitcast_ln133, i12 %v_cache_local_5_i_i_addr" [kernel_MHSA.cpp:133->kernel_MHSA.cpp:123->kernel_MHSA.cpp:128->kernel_MHSA.cpp:76]   --->   Operation 97 'store' 'store_ln133' <Predicate = (trunc_ln131 == 5)> <Delay = 0.75> <CoreInst = "RAM">   --->   Core 86 'RAM' <Latency = 1> <II = 1> <Delay = 0.89> <Storage> <Opcode : 'load' 'store'> <Ports = 2> <Width = 32> <Depth = 4096> <RAM>
ST_15 : Operation 98 [1/1] (0.00ns)   --->   "%br_ln133 = br void %arrayidx167.exit.i.i.i" [kernel_MHSA.cpp:133->kernel_MHSA.cpp:123->kernel_MHSA.cpp:128->kernel_MHSA.cpp:76]   --->   Operation 98 'br' 'br_ln133' <Predicate = (trunc_ln131 == 5)> <Delay = 0.00>
ST_15 : Operation 99 [1/1] (0.00ns)   --->   "%muxLogicRAMData_to_store_ln133 = muxlogic i32 %bitcast_ln133"   --->   Operation 99 'muxlogic' 'muxLogicRAMData_to_store_ln133' <Predicate = (trunc_ln131 == 4)> <Delay = 0.00>
ST_15 : Operation 100 [1/1] (0.00ns)   --->   "%muxLogicRAMAddr_to_store_ln133 = muxlogic i12 %v_cache_local_4_i_i_addr"   --->   Operation 100 'muxlogic' 'muxLogicRAMAddr_to_store_ln133' <Predicate = (trunc_ln131 == 4)> <Delay = 0.00>
ST_15 : Operation 101 [1/1] ( I:0.75ns O:0.75ns ) (share mux size 2)   --->   "%store_ln133 = store i32 %bitcast_ln133, i12 %v_cache_local_4_i_i_addr" [kernel_MHSA.cpp:133->kernel_MHSA.cpp:123->kernel_MHSA.cpp:128->kernel_MHSA.cpp:76]   --->   Operation 101 'store' 'store_ln133' <Predicate = (trunc_ln131 == 4)> <Delay = 0.75> <CoreInst = "RAM">   --->   Core 86 'RAM' <Latency = 1> <II = 1> <Delay = 0.89> <Storage> <Opcode : 'load' 'store'> <Ports = 2> <Width = 32> <Depth = 4096> <RAM>
ST_15 : Operation 102 [1/1] (0.00ns)   --->   "%br_ln133 = br void %arrayidx167.exit.i.i.i" [kernel_MHSA.cpp:133->kernel_MHSA.cpp:123->kernel_MHSA.cpp:128->kernel_MHSA.cpp:76]   --->   Operation 102 'br' 'br_ln133' <Predicate = (trunc_ln131 == 4)> <Delay = 0.00>
ST_15 : Operation 103 [1/1] (0.00ns)   --->   "%muxLogicRAMData_to_store_ln133 = muxlogic i32 %bitcast_ln133"   --->   Operation 103 'muxlogic' 'muxLogicRAMData_to_store_ln133' <Predicate = (trunc_ln131 == 3)> <Delay = 0.00>
ST_15 : Operation 104 [1/1] (0.00ns)   --->   "%muxLogicRAMAddr_to_store_ln133 = muxlogic i12 %v_cache_local_3_i_i_addr"   --->   Operation 104 'muxlogic' 'muxLogicRAMAddr_to_store_ln133' <Predicate = (trunc_ln131 == 3)> <Delay = 0.00>
ST_15 : Operation 105 [1/1] ( I:0.75ns O:0.75ns ) (share mux size 2)   --->   "%store_ln133 = store i32 %bitcast_ln133, i12 %v_cache_local_3_i_i_addr" [kernel_MHSA.cpp:133->kernel_MHSA.cpp:123->kernel_MHSA.cpp:128->kernel_MHSA.cpp:76]   --->   Operation 105 'store' 'store_ln133' <Predicate = (trunc_ln131 == 3)> <Delay = 0.75> <CoreInst = "RAM">   --->   Core 86 'RAM' <Latency = 1> <II = 1> <Delay = 0.89> <Storage> <Opcode : 'load' 'store'> <Ports = 2> <Width = 32> <Depth = 4096> <RAM>
ST_15 : Operation 106 [1/1] (0.00ns)   --->   "%br_ln133 = br void %arrayidx167.exit.i.i.i" [kernel_MHSA.cpp:133->kernel_MHSA.cpp:123->kernel_MHSA.cpp:128->kernel_MHSA.cpp:76]   --->   Operation 106 'br' 'br_ln133' <Predicate = (trunc_ln131 == 3)> <Delay = 0.00>
ST_15 : Operation 107 [1/1] (0.00ns)   --->   "%muxLogicRAMData_to_store_ln133 = muxlogic i32 %bitcast_ln133"   --->   Operation 107 'muxlogic' 'muxLogicRAMData_to_store_ln133' <Predicate = (trunc_ln131 == 2)> <Delay = 0.00>
ST_15 : Operation 108 [1/1] (0.00ns)   --->   "%muxLogicRAMAddr_to_store_ln133 = muxlogic i12 %v_cache_local_2_i_i_addr"   --->   Operation 108 'muxlogic' 'muxLogicRAMAddr_to_store_ln133' <Predicate = (trunc_ln131 == 2)> <Delay = 0.00>
ST_15 : Operation 109 [1/1] ( I:0.75ns O:0.75ns ) (share mux size 2)   --->   "%store_ln133 = store i32 %bitcast_ln133, i12 %v_cache_local_2_i_i_addr" [kernel_MHSA.cpp:133->kernel_MHSA.cpp:123->kernel_MHSA.cpp:128->kernel_MHSA.cpp:76]   --->   Operation 109 'store' 'store_ln133' <Predicate = (trunc_ln131 == 2)> <Delay = 0.75> <CoreInst = "RAM">   --->   Core 86 'RAM' <Latency = 1> <II = 1> <Delay = 0.89> <Storage> <Opcode : 'load' 'store'> <Ports = 2> <Width = 32> <Depth = 4096> <RAM>
ST_15 : Operation 110 [1/1] (0.00ns)   --->   "%br_ln133 = br void %arrayidx167.exit.i.i.i" [kernel_MHSA.cpp:133->kernel_MHSA.cpp:123->kernel_MHSA.cpp:128->kernel_MHSA.cpp:76]   --->   Operation 110 'br' 'br_ln133' <Predicate = (trunc_ln131 == 2)> <Delay = 0.00>
ST_15 : Operation 111 [1/1] (0.00ns)   --->   "%muxLogicRAMData_to_store_ln133 = muxlogic i32 %bitcast_ln133"   --->   Operation 111 'muxlogic' 'muxLogicRAMData_to_store_ln133' <Predicate = (trunc_ln131 == 1)> <Delay = 0.00>
ST_15 : Operation 112 [1/1] (0.00ns)   --->   "%muxLogicRAMAddr_to_store_ln133 = muxlogic i12 %v_cache_local_1_i_i_addr"   --->   Operation 112 'muxlogic' 'muxLogicRAMAddr_to_store_ln133' <Predicate = (trunc_ln131 == 1)> <Delay = 0.00>
ST_15 : Operation 113 [1/1] ( I:0.75ns O:0.75ns ) (share mux size 2)   --->   "%store_ln133 = store i32 %bitcast_ln133, i12 %v_cache_local_1_i_i_addr" [kernel_MHSA.cpp:133->kernel_MHSA.cpp:123->kernel_MHSA.cpp:128->kernel_MHSA.cpp:76]   --->   Operation 113 'store' 'store_ln133' <Predicate = (trunc_ln131 == 1)> <Delay = 0.75> <CoreInst = "RAM">   --->   Core 86 'RAM' <Latency = 1> <II = 1> <Delay = 0.89> <Storage> <Opcode : 'load' 'store'> <Ports = 2> <Width = 32> <Depth = 4096> <RAM>
ST_15 : Operation 114 [1/1] (0.00ns)   --->   "%br_ln133 = br void %arrayidx167.exit.i.i.i" [kernel_MHSA.cpp:133->kernel_MHSA.cpp:123->kernel_MHSA.cpp:128->kernel_MHSA.cpp:76]   --->   Operation 114 'br' 'br_ln133' <Predicate = (trunc_ln131 == 1)> <Delay = 0.00>
ST_15 : Operation 115 [1/1] (0.00ns)   --->   "%muxLogicRAMData_to_store_ln133 = muxlogic i32 %bitcast_ln133"   --->   Operation 115 'muxlogic' 'muxLogicRAMData_to_store_ln133' <Predicate = (trunc_ln131 == 0)> <Delay = 0.00>
ST_15 : Operation 116 [1/1] (0.00ns)   --->   "%muxLogicRAMAddr_to_store_ln133 = muxlogic i12 %v_cache_local_0_i_i_addr"   --->   Operation 116 'muxlogic' 'muxLogicRAMAddr_to_store_ln133' <Predicate = (trunc_ln131 == 0)> <Delay = 0.00>
ST_15 : Operation 117 [1/1] ( I:0.75ns O:0.75ns ) (share mux size 2)   --->   "%store_ln133 = store i32 %bitcast_ln133, i12 %v_cache_local_0_i_i_addr" [kernel_MHSA.cpp:133->kernel_MHSA.cpp:123->kernel_MHSA.cpp:128->kernel_MHSA.cpp:76]   --->   Operation 117 'store' 'store_ln133' <Predicate = (trunc_ln131 == 0)> <Delay = 0.75> <CoreInst = "RAM">   --->   Core 86 'RAM' <Latency = 1> <II = 1> <Delay = 0.89> <Storage> <Opcode : 'load' 'store'> <Ports = 2> <Width = 32> <Depth = 4096> <RAM>
ST_15 : Operation 118 [1/1] (0.00ns)   --->   "%br_ln133 = br void %arrayidx167.exit.i.i.i" [kernel_MHSA.cpp:133->kernel_MHSA.cpp:123->kernel_MHSA.cpp:128->kernel_MHSA.cpp:76]   --->   Operation 118 'br' 'br_ln133' <Predicate = (trunc_ln131 == 0)> <Delay = 0.00>
ST_15 : Operation 119 [1/1] (0.00ns)   --->   "%muxLogicRAMData_to_store_ln133 = muxlogic i32 %bitcast_ln133"   --->   Operation 119 'muxlogic' 'muxLogicRAMData_to_store_ln133' <Predicate = (trunc_ln131 == 7)> <Delay = 0.00>
ST_15 : Operation 120 [1/1] (0.00ns)   --->   "%muxLogicRAMAddr_to_store_ln133 = muxlogic i12 %v_cache_local_7_i_i_addr"   --->   Operation 120 'muxlogic' 'muxLogicRAMAddr_to_store_ln133' <Predicate = (trunc_ln131 == 7)> <Delay = 0.00>
ST_15 : Operation 121 [1/1] ( I:0.75ns O:0.75ns ) (share mux size 2)   --->   "%store_ln133 = store i32 %bitcast_ln133, i12 %v_cache_local_7_i_i_addr" [kernel_MHSA.cpp:133->kernel_MHSA.cpp:123->kernel_MHSA.cpp:128->kernel_MHSA.cpp:76]   --->   Operation 121 'store' 'store_ln133' <Predicate = (trunc_ln131 == 7)> <Delay = 0.75> <CoreInst = "RAM">   --->   Core 86 'RAM' <Latency = 1> <II = 1> <Delay = 0.89> <Storage> <Opcode : 'load' 'store'> <Ports = 2> <Width = 32> <Depth = 4096> <RAM>
ST_15 : Operation 122 [1/1] (0.00ns)   --->   "%br_ln133 = br void %arrayidx167.exit.i.i.i" [kernel_MHSA.cpp:133->kernel_MHSA.cpp:123->kernel_MHSA.cpp:128->kernel_MHSA.cpp:76]   --->   Operation 122 'br' 'br_ln133' <Predicate = (trunc_ln131 == 7)> <Delay = 0.00>


============================================================
+ Verbose Summary: Timing violations
============================================================
Target clock period: 4.000ns, clock uncertainty: 1.080ns.

 <State 1>: 0.467ns
The critical path consists of the following:
	'alloca' operation 70 bit ('indvar_flatten') [15]  (0.000 ns)
	'store' operation 0 bit ('store_ln0') of constant 0 on local variable 'indvar_flatten' [22]  (0.467 ns)

 <State 2>: 1.519ns
The critical path consists of the following:
	'load' operation 70 bit ('indvar_flatten_load', kernel_MHSA.cpp:130->kernel_MHSA.cpp:123->kernel_MHSA.cpp:128->kernel_MHSA.cpp:76) on local variable 'indvar_flatten' [27]  (0.000 ns)
	'add' operation 70 bit ('add_ln130_2', kernel_MHSA.cpp:130->kernel_MHSA.cpp:123->kernel_MHSA.cpp:128->kernel_MHSA.cpp:76) [28]  (1.052 ns)
	'store' operation 0 bit ('store_ln130', kernel_MHSA.cpp:130->kernel_MHSA.cpp:123->kernel_MHSA.cpp:128->kernel_MHSA.cpp:76) of variable 'add_ln130_2', kernel_MHSA.cpp:130->kernel_MHSA.cpp:123->kernel_MHSA.cpp:128->kernel_MHSA.cpp:76 on local variable 'indvar_flatten' [118]  (0.467 ns)

 <State 3>: 2.650ns
The critical path consists of the following:
	'load' operation 64 bit ('t_load', kernel_MHSA.cpp:130->kernel_MHSA.cpp:123->kernel_MHSA.cpp:128->kernel_MHSA.cpp:76) on local variable 't', kernel_MHSA.cpp:130->kernel_MHSA.cpp:123->kernel_MHSA.cpp:128->kernel_MHSA.cpp:76 [33]  (0.000 ns)
	'add' operation 64 bit ('add_ln130_3', kernel_MHSA.cpp:130->kernel_MHSA.cpp:123->kernel_MHSA.cpp:128->kernel_MHSA.cpp:76) [37]  (1.014 ns)
	'select' operation 64 bit ('select_ln130_1', kernel_MHSA.cpp:130->kernel_MHSA.cpp:123->kernel_MHSA.cpp:128->kernel_MHSA.cpp:76) [38]  (0.429 ns)
	'sub' operation 62 bit ('sub_ln130', kernel_MHSA.cpp:130->kernel_MHSA.cpp:123->kernel_MHSA.cpp:128->kernel_MHSA.cpp:76) [44]  (0.000 ns)
	'add' operation 62 bit ('add_ln130', kernel_MHSA.cpp:130->kernel_MHSA.cpp:123->kernel_MHSA.cpp:128->kernel_MHSA.cpp:76) [45]  (1.207 ns)

 <State 4>: 2.096ns
The critical path consists of the following:
	'add' operation 64 bit ('add_ln130_1', kernel_MHSA.cpp:130->kernel_MHSA.cpp:123->kernel_MHSA.cpp:128->kernel_MHSA.cpp:76) [47]  (1.014 ns)
	'getelementptr' operation 32 bit ('gmem3_addr', kernel_MHSA.cpp:131->kernel_MHSA.cpp:123->kernel_MHSA.cpp:128->kernel_MHSA.cpp:76) [50]  (0.000 ns)
	'muxlogic' operation 1 bit ('muxLogicAXIMAddr_to_empty') [53]  (0.000 ns)
	bus request operation ('empty', kernel_MHSA.cpp:131->kernel_MHSA.cpp:123->kernel_MHSA.cpp:128->kernel_MHSA.cpp:76) on port 'gmem3' (kernel_MHSA.cpp:131->kernel_MHSA.cpp:123->kernel_MHSA.cpp:128->kernel_MHSA.cpp:76) [55]  (1.082 ns)

 <State 5>: 2.920ns
The critical path consists of the following:
	bus request operation ('empty', kernel_MHSA.cpp:131->kernel_MHSA.cpp:123->kernel_MHSA.cpp:128->kernel_MHSA.cpp:76) on port 'gmem3' (kernel_MHSA.cpp:131->kernel_MHSA.cpp:123->kernel_MHSA.cpp:128->kernel_MHSA.cpp:76) [55]  (2.920 ns)

 <State 6>: 2.920ns
The critical path consists of the following:
	bus request operation ('empty', kernel_MHSA.cpp:131->kernel_MHSA.cpp:123->kernel_MHSA.cpp:128->kernel_MHSA.cpp:76) on port 'gmem3' (kernel_MHSA.cpp:131->kernel_MHSA.cpp:123->kernel_MHSA.cpp:128->kernel_MHSA.cpp:76) [55]  (2.920 ns)

 <State 7>: 2.920ns
The critical path consists of the following:
	bus request operation ('empty', kernel_MHSA.cpp:131->kernel_MHSA.cpp:123->kernel_MHSA.cpp:128->kernel_MHSA.cpp:76) on port 'gmem3' (kernel_MHSA.cpp:131->kernel_MHSA.cpp:123->kernel_MHSA.cpp:128->kernel_MHSA.cpp:76) [55]  (2.920 ns)

 <State 8>: 2.920ns
The critical path consists of the following:
	bus request operation ('empty', kernel_MHSA.cpp:131->kernel_MHSA.cpp:123->kernel_MHSA.cpp:128->kernel_MHSA.cpp:76) on port 'gmem3' (kernel_MHSA.cpp:131->kernel_MHSA.cpp:123->kernel_MHSA.cpp:128->kernel_MHSA.cpp:76) [55]  (2.920 ns)

 <State 9>: 2.920ns
The critical path consists of the following:
	bus request operation ('empty', kernel_MHSA.cpp:131->kernel_MHSA.cpp:123->kernel_MHSA.cpp:128->kernel_MHSA.cpp:76) on port 'gmem3' (kernel_MHSA.cpp:131->kernel_MHSA.cpp:123->kernel_MHSA.cpp:128->kernel_MHSA.cpp:76) [55]  (2.920 ns)

 <State 10>: 2.920ns
The critical path consists of the following:
	bus request operation ('empty', kernel_MHSA.cpp:131->kernel_MHSA.cpp:123->kernel_MHSA.cpp:128->kernel_MHSA.cpp:76) on port 'gmem3' (kernel_MHSA.cpp:131->kernel_MHSA.cpp:123->kernel_MHSA.cpp:128->kernel_MHSA.cpp:76) [55]  (2.920 ns)

 <State 11>: 2.920ns
The critical path consists of the following:
	bus request operation ('empty', kernel_MHSA.cpp:131->kernel_MHSA.cpp:123->kernel_MHSA.cpp:128->kernel_MHSA.cpp:76) on port 'gmem3' (kernel_MHSA.cpp:131->kernel_MHSA.cpp:123->kernel_MHSA.cpp:128->kernel_MHSA.cpp:76) [55]  (2.920 ns)

 <State 12>: 2.920ns
The critical path consists of the following:
	bus request operation ('empty', kernel_MHSA.cpp:131->kernel_MHSA.cpp:123->kernel_MHSA.cpp:128->kernel_MHSA.cpp:76) on port 'gmem3' (kernel_MHSA.cpp:131->kernel_MHSA.cpp:123->kernel_MHSA.cpp:128->kernel_MHSA.cpp:76) [55]  (2.920 ns)

 <State 13>: 2.920ns
The critical path consists of the following:
	bus request operation ('empty', kernel_MHSA.cpp:131->kernel_MHSA.cpp:123->kernel_MHSA.cpp:128->kernel_MHSA.cpp:76) on port 'gmem3' (kernel_MHSA.cpp:131->kernel_MHSA.cpp:123->kernel_MHSA.cpp:128->kernel_MHSA.cpp:76) [55]  (2.920 ns)

 <State 14>: 1.082ns
The critical path consists of the following:
	bus request operation ('empty', kernel_MHSA.cpp:131->kernel_MHSA.cpp:123->kernel_MHSA.cpp:128->kernel_MHSA.cpp:76) on port 'gmem3' (kernel_MHSA.cpp:131->kernel_MHSA.cpp:123->kernel_MHSA.cpp:128->kernel_MHSA.cpp:76) [55]  (1.082 ns)

 <State 15>: 1.832ns
The critical path consists of the following:
	'muxlogic' operation 32 bit ('muxLogicAXIMCE_to_gmem3_addr_read') [60]  (0.000 ns)
	bus read operation ('gmem3_addr_read', kernel_MHSA.cpp:133->kernel_MHSA.cpp:123->kernel_MHSA.cpp:128->kernel_MHSA.cpp:76) on port 'gmem3' (kernel_MHSA.cpp:133->kernel_MHSA.cpp:123->kernel_MHSA.cpp:128->kernel_MHSA.cpp:76) [61]  (1.082 ns)
	'muxlogic' operation 0 bit ('muxLogicRAMData_to_store_ln133') [82]  (0.000 ns)
	'store' operation 0 bit ('store_ln133', kernel_MHSA.cpp:133->kernel_MHSA.cpp:123->kernel_MHSA.cpp:128->kernel_MHSA.cpp:76) of variable 'bitcast_ln133', kernel_MHSA.cpp:133->kernel_MHSA.cpp:123->kernel_MHSA.cpp:128->kernel_MHSA.cpp:76 on array 'v_cache_local_5_i_i' [84]  (0.750 ns)


============================================================
+ Verbose Summary: Binding
============================================================
N/A
* FSMD analyzer results:
  - Output states:
 - Input state : 
  - Chain level:
	State 1
	State 2
	State 3
	State 4
	State 5
	State 6
	State 7
	State 8
	State 9
	State 10
	State 11
	State 12
	State 13
	State 14
	State 15


============================================================
+ Verbose Summary: Datapath Resource usage 
============================================================
N/A
