

================================================================
== Vitis HLS Report for 'kernel_mhsa_Pipeline_Q_LOAD'
================================================================
* Date:           Tue Sep 30 23:58:19 2025

* Version:        2025.1 (Build 6135595 on May 21 2025)
* Project:        mhsa_prj
* Solution:       solution1 (Vivado IP Flow Target)
* Product family: versalhbm
* Target device:  xcv80-lsva4737-2MHP-e-S


================================================================
== Performance Estimates
================================================================
+ Timing: 
    * Summary: 
    +--------+---------+----------+------------+
    |  Clock |  Target | Estimated| Uncertainty|
    +--------+---------+----------+------------+
    |ap_clk  |  4.00 ns|  1.744 ns|     1.08 ns|
    +--------+---------+----------+------------+

+ Latency: 
    * Summary: 
    +---------+---------+----------+----------+-----+-----+------------------------------------------------+
    |  Latency (cycles) |  Latency (absolute) |  Interval |                    Pipeline                    |
    |   min   |   max   |    min   |    max   | min | max |                      Type                      |
    +---------+---------+----------+----------+-----+-----+------------------------------------------------+
    |       66|       66|  0.264 us|  0.264 us|   65|   65|  loop auto-rewind stp (delay=0 clock cycles(s))|
    +---------+---------+----------+----------+-----+-----+------------------------------------------------+

    + Detail: 
        * Instance: 
        N/A

        * Loop: 
        +----------+---------+---------+----------+-----------+-----------+------+----------+
        |          |  Latency (cycles) | Iteration|  Initiation Interval  | Trip |          |
        | Loop Name|   min   |   max   |  Latency |  achieved |   target  | Count| Pipelined|
        +----------+---------+---------+----------+-----------+-----------+------+----------+
        |- Q_LOAD  |       64|       64|         2|          1|          1|    64|       yes|
        +----------+---------+---------+----------+-----------+-----------+------+----------+

============================================================
+ Verbose Summary: Synthesis Manager
============================================================
InlineROM: 1
ExposeGlobal: 0
============================================================
+ Verbose Summary: CDFG Model
============================================================
IsTopModel: 0
ResetActiveHigh: 1
IsCombinational: 0
IsDatapathOnly: 0
HasWiredReturn: 1
HasMFsm: 2
HasVarLatency: 1
IsPipeline: 0
IsRtlPipelined: 0
IsInstanceOverlapped: 0
IsDontTouch: 0
HasImplIP: 0
IsGatedGlobalClock: 0

+ Individual pipeline summary: 
  * Pipeline-0: initiation interval (II) = 1, depth = 2


============================================================
+ Verbose Summary: Schedule
============================================================
* Number of FSM states : 2
* Pipeline : 1
  Pipeline-0 : II = 1, D = 2, States = { 1 2 }
* Dataflow Pipeline: 0

* FSM state transitions: 
1 --> 2 
2 --> 

* FSM state operations: 

State 1 <SV = 0> <Delay = 1.74>
ST_1 : Operation 5 [1/1] (0.00ns)   --->   "%j = alloca i32 1" [kernel_MHSA.cpp:115]   --->   Operation 5 'alloca' 'j' <Predicate = true> <Delay = 0.00>
ST_1 : Operation 6 [1/1] (0.00ns)   --->   "%empty = alloca i32 1"   --->   Operation 6 'alloca' 'empty' <Predicate = true> <Delay = 0.00>
ST_1 : Operation 7 [1/1] (0.00ns)   --->   "%empty_172 = alloca i32 1"   --->   Operation 7 'alloca' 'empty_172' <Predicate = true> <Delay = 0.00>
ST_1 : Operation 8 [1/1] (0.00ns)   --->   "%empty_173 = alloca i32 1"   --->   Operation 8 'alloca' 'empty_173' <Predicate = true> <Delay = 0.00>
ST_1 : Operation 9 [1/1] (0.00ns)   --->   "%empty_174 = alloca i32 1"   --->   Operation 9 'alloca' 'empty_174' <Predicate = true> <Delay = 0.00>
ST_1 : Operation 10 [1/1] (0.00ns)   --->   "%empty_175 = alloca i32 1"   --->   Operation 10 'alloca' 'empty_175' <Predicate = true> <Delay = 0.00>
ST_1 : Operation 11 [1/1] (0.00ns)   --->   "%empty_176 = alloca i32 1"   --->   Operation 11 'alloca' 'empty_176' <Predicate = true> <Delay = 0.00>
ST_1 : Operation 12 [1/1] (0.00ns)   --->   "%empty_177 = alloca i32 1"   --->   Operation 12 'alloca' 'empty_177' <Predicate = true> <Delay = 0.00>
ST_1 : Operation 13 [1/1] (0.00ns)   --->   "%empty_178 = alloca i32 1"   --->   Operation 13 'alloca' 'empty_178' <Predicate = true> <Delay = 0.00>
ST_1 : Operation 14 [1/1] (0.00ns)   --->   "%empty_179 = alloca i32 1"   --->   Operation 14 'alloca' 'empty_179' <Predicate = true> <Delay = 0.00>
ST_1 : Operation 15 [1/1] (0.00ns)   --->   "%empty_180 = alloca i32 1"   --->   Operation 15 'alloca' 'empty_180' <Predicate = true> <Delay = 0.00>
ST_1 : Operation 16 [1/1] (0.00ns)   --->   "%empty_181 = alloca i32 1"   --->   Operation 16 'alloca' 'empty_181' <Predicate = true> <Delay = 0.00>
ST_1 : Operation 17 [1/1] (0.00ns)   --->   "%empty_182 = alloca i32 1"   --->   Operation 17 'alloca' 'empty_182' <Predicate = true> <Delay = 0.00>
ST_1 : Operation 18 [1/1] (0.00ns)   --->   "%empty_183 = alloca i32 1"   --->   Operation 18 'alloca' 'empty_183' <Predicate = true> <Delay = 0.00>
ST_1 : Operation 19 [1/1] (0.00ns)   --->   "%empty_184 = alloca i32 1"   --->   Operation 19 'alloca' 'empty_184' <Predicate = true> <Delay = 0.00>
ST_1 : Operation 20 [1/1] (0.00ns)   --->   "%empty_185 = alloca i32 1"   --->   Operation 20 'alloca' 'empty_185' <Predicate = true> <Delay = 0.00>
ST_1 : Operation 21 [1/1] (0.00ns)   --->   "%empty_186 = alloca i32 1"   --->   Operation 21 'alloca' 'empty_186' <Predicate = true> <Delay = 0.00>
ST_1 : Operation 22 [1/1] (0.00ns)   --->   "%empty_187 = alloca i32 1"   --->   Operation 22 'alloca' 'empty_187' <Predicate = true> <Delay = 0.00>
ST_1 : Operation 23 [1/1] (0.00ns)   --->   "%empty_188 = alloca i32 1"   --->   Operation 23 'alloca' 'empty_188' <Predicate = true> <Delay = 0.00>
ST_1 : Operation 24 [1/1] (0.00ns)   --->   "%empty_189 = alloca i32 1"   --->   Operation 24 'alloca' 'empty_189' <Predicate = true> <Delay = 0.00>
ST_1 : Operation 25 [1/1] (0.00ns)   --->   "%empty_190 = alloca i32 1"   --->   Operation 25 'alloca' 'empty_190' <Predicate = true> <Delay = 0.00>
ST_1 : Operation 26 [1/1] (0.00ns)   --->   "%empty_191 = alloca i32 1"   --->   Operation 26 'alloca' 'empty_191' <Predicate = true> <Delay = 0.00>
ST_1 : Operation 27 [1/1] (0.00ns)   --->   "%empty_192 = alloca i32 1"   --->   Operation 27 'alloca' 'empty_192' <Predicate = true> <Delay = 0.00>
ST_1 : Operation 28 [1/1] (0.00ns)   --->   "%empty_193 = alloca i32 1"   --->   Operation 28 'alloca' 'empty_193' <Predicate = true> <Delay = 0.00>
ST_1 : Operation 29 [1/1] (0.00ns)   --->   "%empty_194 = alloca i32 1"   --->   Operation 29 'alloca' 'empty_194' <Predicate = true> <Delay = 0.00>
ST_1 : Operation 30 [1/1] (0.00ns)   --->   "%empty_195 = alloca i32 1"   --->   Operation 30 'alloca' 'empty_195' <Predicate = true> <Delay = 0.00>
ST_1 : Operation 31 [1/1] (0.00ns)   --->   "%empty_196 = alloca i32 1"   --->   Operation 31 'alloca' 'empty_196' <Predicate = true> <Delay = 0.00>
ST_1 : Operation 32 [1/1] (0.00ns)   --->   "%empty_197 = alloca i32 1"   --->   Operation 32 'alloca' 'empty_197' <Predicate = true> <Delay = 0.00>
ST_1 : Operation 33 [1/1] (0.00ns)   --->   "%empty_198 = alloca i32 1"   --->   Operation 33 'alloca' 'empty_198' <Predicate = true> <Delay = 0.00>
ST_1 : Operation 34 [1/1] (0.00ns)   --->   "%empty_199 = alloca i32 1"   --->   Operation 34 'alloca' 'empty_199' <Predicate = true> <Delay = 0.00>
ST_1 : Operation 35 [1/1] (0.00ns)   --->   "%empty_200 = alloca i32 1"   --->   Operation 35 'alloca' 'empty_200' <Predicate = true> <Delay = 0.00>
ST_1 : Operation 36 [1/1] (0.00ns)   --->   "%empty_201 = alloca i32 1"   --->   Operation 36 'alloca' 'empty_201' <Predicate = true> <Delay = 0.00>
ST_1 : Operation 37 [1/1] (0.00ns)   --->   "%empty_202 = alloca i32 1"   --->   Operation 37 'alloca' 'empty_202' <Predicate = true> <Delay = 0.00>
ST_1 : Operation 38 [1/1] (0.00ns)   --->   "%empty_203 = alloca i32 1"   --->   Operation 38 'alloca' 'empty_203' <Predicate = true> <Delay = 0.00>
ST_1 : Operation 39 [1/1] (0.00ns)   --->   "%empty_204 = alloca i32 1"   --->   Operation 39 'alloca' 'empty_204' <Predicate = true> <Delay = 0.00>
ST_1 : Operation 40 [1/1] (0.00ns)   --->   "%empty_205 = alloca i32 1"   --->   Operation 40 'alloca' 'empty_205' <Predicate = true> <Delay = 0.00>
ST_1 : Operation 41 [1/1] (0.00ns)   --->   "%empty_206 = alloca i32 1"   --->   Operation 41 'alloca' 'empty_206' <Predicate = true> <Delay = 0.00>
ST_1 : Operation 42 [1/1] (0.00ns)   --->   "%empty_207 = alloca i32 1"   --->   Operation 42 'alloca' 'empty_207' <Predicate = true> <Delay = 0.00>
ST_1 : Operation 43 [1/1] (0.00ns)   --->   "%empty_208 = alloca i32 1"   --->   Operation 43 'alloca' 'empty_208' <Predicate = true> <Delay = 0.00>
ST_1 : Operation 44 [1/1] (0.00ns)   --->   "%empty_209 = alloca i32 1"   --->   Operation 44 'alloca' 'empty_209' <Predicate = true> <Delay = 0.00>
ST_1 : Operation 45 [1/1] (0.00ns)   --->   "%empty_210 = alloca i32 1"   --->   Operation 45 'alloca' 'empty_210' <Predicate = true> <Delay = 0.00>
ST_1 : Operation 46 [1/1] (0.00ns)   --->   "%empty_211 = alloca i32 1"   --->   Operation 46 'alloca' 'empty_211' <Predicate = true> <Delay = 0.00>
ST_1 : Operation 47 [1/1] (0.00ns)   --->   "%empty_212 = alloca i32 1"   --->   Operation 47 'alloca' 'empty_212' <Predicate = true> <Delay = 0.00>
ST_1 : Operation 48 [1/1] (0.00ns)   --->   "%empty_213 = alloca i32 1"   --->   Operation 48 'alloca' 'empty_213' <Predicate = true> <Delay = 0.00>
ST_1 : Operation 49 [1/1] (0.00ns)   --->   "%empty_214 = alloca i32 1"   --->   Operation 49 'alloca' 'empty_214' <Predicate = true> <Delay = 0.00>
ST_1 : Operation 50 [1/1] (0.00ns)   --->   "%empty_215 = alloca i32 1"   --->   Operation 50 'alloca' 'empty_215' <Predicate = true> <Delay = 0.00>
ST_1 : Operation 51 [1/1] (0.00ns)   --->   "%empty_216 = alloca i32 1"   --->   Operation 51 'alloca' 'empty_216' <Predicate = true> <Delay = 0.00>
ST_1 : Operation 52 [1/1] (0.00ns)   --->   "%empty_217 = alloca i32 1"   --->   Operation 52 'alloca' 'empty_217' <Predicate = true> <Delay = 0.00>
ST_1 : Operation 53 [1/1] (0.00ns)   --->   "%empty_218 = alloca i32 1"   --->   Operation 53 'alloca' 'empty_218' <Predicate = true> <Delay = 0.00>
ST_1 : Operation 54 [1/1] (0.00ns)   --->   "%empty_219 = alloca i32 1"   --->   Operation 54 'alloca' 'empty_219' <Predicate = true> <Delay = 0.00>
ST_1 : Operation 55 [1/1] (0.00ns)   --->   "%empty_220 = alloca i32 1"   --->   Operation 55 'alloca' 'empty_220' <Predicate = true> <Delay = 0.00>
ST_1 : Operation 56 [1/1] (0.00ns)   --->   "%empty_221 = alloca i32 1"   --->   Operation 56 'alloca' 'empty_221' <Predicate = true> <Delay = 0.00>
ST_1 : Operation 57 [1/1] (0.00ns)   --->   "%empty_222 = alloca i32 1"   --->   Operation 57 'alloca' 'empty_222' <Predicate = true> <Delay = 0.00>
ST_1 : Operation 58 [1/1] (0.00ns)   --->   "%empty_223 = alloca i32 1"   --->   Operation 58 'alloca' 'empty_223' <Predicate = true> <Delay = 0.00>
ST_1 : Operation 59 [1/1] (0.00ns)   --->   "%empty_224 = alloca i32 1"   --->   Operation 59 'alloca' 'empty_224' <Predicate = true> <Delay = 0.00>
ST_1 : Operation 60 [1/1] (0.00ns)   --->   "%empty_225 = alloca i32 1"   --->   Operation 60 'alloca' 'empty_225' <Predicate = true> <Delay = 0.00>
ST_1 : Operation 61 [1/1] (0.00ns)   --->   "%empty_226 = alloca i32 1"   --->   Operation 61 'alloca' 'empty_226' <Predicate = true> <Delay = 0.00>
ST_1 : Operation 62 [1/1] (0.00ns)   --->   "%empty_227 = alloca i32 1"   --->   Operation 62 'alloca' 'empty_227' <Predicate = true> <Delay = 0.00>
ST_1 : Operation 63 [1/1] (0.00ns)   --->   "%empty_228 = alloca i32 1"   --->   Operation 63 'alloca' 'empty_228' <Predicate = true> <Delay = 0.00>
ST_1 : Operation 64 [1/1] (0.00ns)   --->   "%empty_229 = alloca i32 1"   --->   Operation 64 'alloca' 'empty_229' <Predicate = true> <Delay = 0.00>
ST_1 : Operation 65 [1/1] (0.00ns)   --->   "%empty_230 = alloca i32 1"   --->   Operation 65 'alloca' 'empty_230' <Predicate = true> <Delay = 0.00>
ST_1 : Operation 66 [1/1] (0.00ns)   --->   "%empty_231 = alloca i32 1"   --->   Operation 66 'alloca' 'empty_231' <Predicate = true> <Delay = 0.00>
ST_1 : Operation 67 [1/1] (0.00ns)   --->   "%empty_232 = alloca i32 1"   --->   Operation 67 'alloca' 'empty_232' <Predicate = true> <Delay = 0.00>
ST_1 : Operation 68 [1/1] (0.00ns)   --->   "%empty_233 = alloca i32 1"   --->   Operation 68 'alloca' 'empty_233' <Predicate = true> <Delay = 0.00>
ST_1 : Operation 69 [1/1] (0.00ns)   --->   "%empty_234 = alloca i32 1"   --->   Operation 69 'alloca' 'empty_234' <Predicate = true> <Delay = 0.00>
ST_1 : Operation 70 [1/1] (0.00ns)   --->   "%p_udiv_read = read i7 @_ssdm_op_Read.ap_auto.i7, i7 %p_udiv"   --->   Operation 70 'read' 'p_udiv_read' <Predicate = true> <Delay = 0.00>
ST_1 : Operation 71 [1/1] (0.36ns)   --->   "%store_ln115 = store i7 0, i7 %j" [kernel_MHSA.cpp:115]   --->   Operation 71 'store' 'store_ln115' <Predicate = true> <Delay = 0.36>
ST_1 : Operation 72 [1/1] (0.00ns)   --->   "%br_ln0 = br void %for.inc93"   --->   Operation 72 'br' 'br_ln0' <Predicate = true> <Delay = 0.00>
ST_1 : Operation 73 [1/1] (0.00ns)   --->   "%j_1 = load i7 %j" [kernel_MHSA.cpp:115]   --->   Operation 73 'load' 'j_1' <Predicate = true> <Delay = 0.00>
ST_1 : Operation 74 [1/1] (0.66ns)   --->   "%add_ln115 = add i7 %j_1, i7 1" [kernel_MHSA.cpp:115]   --->   Operation 74 'add' 'add_ln115' <Predicate = true> <Delay = 0.66> <CoreInst = "Adder">   --->   Core 1 'Adder' <Latency = 0> <II = 1> <Delay = 0.66> <FuncUnit> <Opcode : 'add' 'sub'> <InPorts = 2> <OutPorts = 1>
ST_1 : Operation 75 [1/1] (0.57ns)   --->   "%icmp_ln115 = icmp_eq  i7 %j_1, i7 64" [kernel_MHSA.cpp:115]   --->   Operation 75 'icmp' 'icmp_ln115' <Predicate = true> <Delay = 0.57> <CoreInst = "ICmp_EQ">   --->   Core 156 'ICmp_EQ' <Latency = 0> <II = 1> <Delay = 0.57> <FuncUnit> <Opcode : 'seteq' 'setne'> <InPorts = 2> <OutPorts = 1>
ST_1 : Operation 76 [1/1] (0.00ns)   --->   "%br_ln115 = br i1 %icmp_ln115, void %for.inc93.split, void %TOKEN_COMPUTE.exitStub" [kernel_MHSA.cpp:115]   --->   Operation 76 'br' 'br_ln115' <Predicate = true> <Delay = 0.00>
ST_1 : Operation 77 [1/1] (0.00ns)   --->   "%trunc_ln115 = trunc i7 %j_1" [kernel_MHSA.cpp:115]   --->   Operation 77 'trunc' 'trunc_ln115' <Predicate = (!icmp_ln115)> <Delay = 0.00>
ST_1 : Operation 78 [1/1] (0.00ns)   --->   "%trunc_ln115_1 = trunc i7 %j_1" [kernel_MHSA.cpp:115]   --->   Operation 78 'trunc' 'trunc_ln115_1' <Predicate = (!icmp_ln115)> <Delay = 0.00>
ST_1 : Operation 79 [1/1] (0.00ns)   --->   "%lshr_ln5 = partselect i4 @_ssdm_op_PartSelect.i4.i7.i32.i32, i7 %j_1, i32 3, i32 6" [kernel_MHSA.cpp:117]   --->   Operation 79 'partselect' 'lshr_ln5' <Predicate = (!icmp_ln115)> <Delay = 0.00>
ST_1 : Operation 80 [1/1] (0.00ns)   --->   "%zext_ln117_1 = zext i4 %lshr_ln5" [kernel_MHSA.cpp:117]   --->   Operation 80 'zext' 'zext_ln117_1' <Predicate = (!icmp_ln115)> <Delay = 0.00>
ST_1 : Operation 81 [1/1] (0.66ns)   --->   "%add_ln117 = add i7 %zext_ln117_1, i7 %p_udiv_read" [kernel_MHSA.cpp:117]   --->   Operation 81 'add' 'add_ln117' <Predicate = (!icmp_ln115)> <Delay = 0.66> <CoreInst = "Adder">   --->   Core 1 'Adder' <Latency = 0> <II = 1> <Delay = 0.66> <FuncUnit> <Opcode : 'add' 'sub'> <InPorts = 2> <OutPorts = 1>
ST_1 : Operation 82 [1/1] (0.00ns)   --->   "%zext_ln117 = zext i7 %add_ln117" [kernel_MHSA.cpp:117]   --->   Operation 82 'zext' 'zext_ln117' <Predicate = (!icmp_ln115)> <Delay = 0.00>
ST_1 : Operation 83 [1/1] (0.00ns)   --->   "%out_q_rope_addr = getelementptr i32 %out_q_rope, i64 0, i64 %zext_ln117" [kernel_MHSA.cpp:117]   --->   Operation 83 'getelementptr' 'out_q_rope_addr' <Predicate = (!icmp_ln115)> <Delay = 0.00>
ST_1 : Operation 84 [1/1] (0.00ns)   --->   "%out_q_rope_1_addr = getelementptr i32 %out_q_rope_1, i64 0, i64 %zext_ln117" [kernel_MHSA.cpp:117]   --->   Operation 84 'getelementptr' 'out_q_rope_1_addr' <Predicate = (!icmp_ln115)> <Delay = 0.00>
ST_1 : Operation 85 [1/1] (0.00ns)   --->   "%out_q_rope_2_addr = getelementptr i32 %out_q_rope_2, i64 0, i64 %zext_ln117" [kernel_MHSA.cpp:117]   --->   Operation 85 'getelementptr' 'out_q_rope_2_addr' <Predicate = (!icmp_ln115)> <Delay = 0.00>
ST_1 : Operation 86 [1/1] (0.00ns)   --->   "%out_q_rope_3_addr = getelementptr i32 %out_q_rope_3, i64 0, i64 %zext_ln117" [kernel_MHSA.cpp:117]   --->   Operation 86 'getelementptr' 'out_q_rope_3_addr' <Predicate = (!icmp_ln115)> <Delay = 0.00>
ST_1 : Operation 87 [1/1] (0.00ns)   --->   "%out_q_rope_4_addr = getelementptr i32 %out_q_rope_4, i64 0, i64 %zext_ln117" [kernel_MHSA.cpp:117]   --->   Operation 87 'getelementptr' 'out_q_rope_4_addr' <Predicate = (!icmp_ln115)> <Delay = 0.00>
ST_1 : Operation 88 [1/1] (0.00ns)   --->   "%out_q_rope_5_addr = getelementptr i32 %out_q_rope_5, i64 0, i64 %zext_ln117" [kernel_MHSA.cpp:117]   --->   Operation 88 'getelementptr' 'out_q_rope_5_addr' <Predicate = (!icmp_ln115)> <Delay = 0.00>
ST_1 : Operation 89 [1/1] (0.00ns)   --->   "%out_q_rope_6_addr = getelementptr i32 %out_q_rope_6, i64 0, i64 %zext_ln117" [kernel_MHSA.cpp:117]   --->   Operation 89 'getelementptr' 'out_q_rope_6_addr' <Predicate = (!icmp_ln115)> <Delay = 0.00>
ST_1 : Operation 90 [1/1] (0.00ns)   --->   "%out_q_rope_7_addr = getelementptr i32 %out_q_rope_7, i64 0, i64 %zext_ln117" [kernel_MHSA.cpp:117]   --->   Operation 90 'getelementptr' 'out_q_rope_7_addr' <Predicate = (!icmp_ln115)> <Delay = 0.00>
ST_1 : Operation 91 [1/1] (0.00ns)   --->   "%muxLogicRAMAddr_to_out_q_rope_load = muxlogic i7 %out_q_rope_addr"   --->   Operation 91 'muxlogic' 'muxLogicRAMAddr_to_out_q_rope_load' <Predicate = (!icmp_ln115)> <Delay = 0.00>
ST_1 : Operation 92 [2/2] (0.72ns) (share mux size 2)   --->   "%out_q_rope_load = load i7 %out_q_rope_addr" [kernel_MHSA.cpp:117]   --->   Operation 92 'load' 'out_q_rope_load' <Predicate = (!icmp_ln115)> <Delay = 0.72> <CoreInst = "RAM">   --->   Core 86 'RAM' <Latency = 1> <II = 1> <Delay = 0.87> <Storage> <Opcode : 'load' 'store'> <Ports = 2> <Width = 32> <Depth = 96> <RAM>
ST_1 : Operation 93 [1/1] (0.00ns)   --->   "%muxLogicRAMAddr_to_out_q_rope_1_load = muxlogic i7 %out_q_rope_1_addr"   --->   Operation 93 'muxlogic' 'muxLogicRAMAddr_to_out_q_rope_1_load' <Predicate = (!icmp_ln115)> <Delay = 0.00>
ST_1 : Operation 94 [2/2] (0.72ns) (share mux size 2)   --->   "%out_q_rope_1_load = load i7 %out_q_rope_1_addr" [kernel_MHSA.cpp:117]   --->   Operation 94 'load' 'out_q_rope_1_load' <Predicate = (!icmp_ln115)> <Delay = 0.72> <CoreInst = "RAM">   --->   Core 86 'RAM' <Latency = 1> <II = 1> <Delay = 0.87> <Storage> <Opcode : 'load' 'store'> <Ports = 2> <Width = 32> <Depth = 96> <RAM>
ST_1 : Operation 95 [1/1] (0.00ns)   --->   "%muxLogicRAMAddr_to_out_q_rope_2_load = muxlogic i7 %out_q_rope_2_addr"   --->   Operation 95 'muxlogic' 'muxLogicRAMAddr_to_out_q_rope_2_load' <Predicate = (!icmp_ln115)> <Delay = 0.00>
ST_1 : Operation 96 [2/2] (0.72ns) (share mux size 2)   --->   "%out_q_rope_2_load = load i7 %out_q_rope_2_addr" [kernel_MHSA.cpp:117]   --->   Operation 96 'load' 'out_q_rope_2_load' <Predicate = (!icmp_ln115)> <Delay = 0.72> <CoreInst = "RAM">   --->   Core 86 'RAM' <Latency = 1> <II = 1> <Delay = 0.87> <Storage> <Opcode : 'load' 'store'> <Ports = 2> <Width = 32> <Depth = 96> <RAM>
ST_1 : Operation 97 [1/1] (0.00ns)   --->   "%muxLogicRAMAddr_to_out_q_rope_3_load = muxlogic i7 %out_q_rope_3_addr"   --->   Operation 97 'muxlogic' 'muxLogicRAMAddr_to_out_q_rope_3_load' <Predicate = (!icmp_ln115)> <Delay = 0.00>
ST_1 : Operation 98 [2/2] (0.72ns) (share mux size 2)   --->   "%out_q_rope_3_load = load i7 %out_q_rope_3_addr" [kernel_MHSA.cpp:117]   --->   Operation 98 'load' 'out_q_rope_3_load' <Predicate = (!icmp_ln115)> <Delay = 0.72> <CoreInst = "RAM">   --->   Core 86 'RAM' <Latency = 1> <II = 1> <Delay = 0.87> <Storage> <Opcode : 'load' 'store'> <Ports = 2> <Width = 32> <Depth = 96> <RAM>
ST_1 : Operation 99 [1/1] (0.00ns)   --->   "%muxLogicRAMAddr_to_out_q_rope_4_load = muxlogic i7 %out_q_rope_4_addr"   --->   Operation 99 'muxlogic' 'muxLogicRAMAddr_to_out_q_rope_4_load' <Predicate = (!icmp_ln115)> <Delay = 0.00>
ST_1 : Operation 100 [2/2] (0.72ns) (share mux size 2)   --->   "%out_q_rope_4_load = load i7 %out_q_rope_4_addr" [kernel_MHSA.cpp:117]   --->   Operation 100 'load' 'out_q_rope_4_load' <Predicate = (!icmp_ln115)> <Delay = 0.72> <CoreInst = "RAM">   --->   Core 86 'RAM' <Latency = 1> <II = 1> <Delay = 0.87> <Storage> <Opcode : 'load' 'store'> <Ports = 2> <Width = 32> <Depth = 96> <RAM>
ST_1 : Operation 101 [1/1] (0.00ns)   --->   "%muxLogicRAMAddr_to_out_q_rope_5_load = muxlogic i7 %out_q_rope_5_addr"   --->   Operation 101 'muxlogic' 'muxLogicRAMAddr_to_out_q_rope_5_load' <Predicate = (!icmp_ln115)> <Delay = 0.00>
ST_1 : Operation 102 [2/2] (0.72ns) (share mux size 2)   --->   "%out_q_rope_5_load = load i7 %out_q_rope_5_addr" [kernel_MHSA.cpp:117]   --->   Operation 102 'load' 'out_q_rope_5_load' <Predicate = (!icmp_ln115)> <Delay = 0.72> <CoreInst = "RAM">   --->   Core 86 'RAM' <Latency = 1> <II = 1> <Delay = 0.87> <Storage> <Opcode : 'load' 'store'> <Ports = 2> <Width = 32> <Depth = 96> <RAM>
ST_1 : Operation 103 [1/1] (0.00ns)   --->   "%muxLogicRAMAddr_to_out_q_rope_6_load = muxlogic i7 %out_q_rope_6_addr"   --->   Operation 103 'muxlogic' 'muxLogicRAMAddr_to_out_q_rope_6_load' <Predicate = (!icmp_ln115)> <Delay = 0.00>
ST_1 : Operation 104 [2/2] (0.72ns) (share mux size 2)   --->   "%out_q_rope_6_load = load i7 %out_q_rope_6_addr" [kernel_MHSA.cpp:117]   --->   Operation 104 'load' 'out_q_rope_6_load' <Predicate = (!icmp_ln115)> <Delay = 0.72> <CoreInst = "RAM">   --->   Core 86 'RAM' <Latency = 1> <II = 1> <Delay = 0.87> <Storage> <Opcode : 'load' 'store'> <Ports = 2> <Width = 32> <Depth = 96> <RAM>
ST_1 : Operation 105 [1/1] (0.00ns)   --->   "%muxLogicRAMAddr_to_out_q_rope_7_load = muxlogic i7 %out_q_rope_7_addr"   --->   Operation 105 'muxlogic' 'muxLogicRAMAddr_to_out_q_rope_7_load' <Predicate = (!icmp_ln115)> <Delay = 0.00>
ST_1 : Operation 106 [2/2] (0.72ns) (share mux size 2)   --->   "%out_q_rope_7_load = load i7 %out_q_rope_7_addr" [kernel_MHSA.cpp:117]   --->   Operation 106 'load' 'out_q_rope_7_load' <Predicate = (!icmp_ln115)> <Delay = 0.72> <CoreInst = "RAM">   --->   Core 86 'RAM' <Latency = 1> <II = 1> <Delay = 0.87> <Storage> <Opcode : 'load' 'store'> <Ports = 2> <Width = 32> <Depth = 96> <RAM>
ST_1 : Operation 107 [1/1] (0.54ns)   --->   "%switch_ln117 = switch i6 %trunc_ln115, void %arrayidx92.case.63, i6 0, void %for.inc93.split.arrayidx92.exit_crit_edge, i6 1, void %arrayidx92.case.1, i6 2, void %arrayidx92.case.2, i6 3, void %arrayidx92.case.3, i6 4, void %arrayidx92.case.4, i6 5, void %arrayidx92.case.5, i6 6, void %arrayidx92.case.6, i6 7, void %arrayidx92.case.7, i6 8, void %arrayidx92.case.8, i6 9, void %arrayidx92.case.9, i6 10, void %arrayidx92.case.10, i6 11, void %arrayidx92.case.11, i6 12, void %arrayidx92.case.12, i6 13, void %arrayidx92.case.13, i6 14, void %arrayidx92.case.14, i6 15, void %arrayidx92.case.15, i6 16, void %arrayidx92.case.16, i6 17, void %arrayidx92.case.17, i6 18, void %arrayidx92.case.18, i6 19, void %arrayidx92.case.19, i6 20, void %arrayidx92.case.20, i6 21, void %arrayidx92.case.21, i6 22, void %arrayidx92.case.22, i6 23, void %arrayidx92.case.23, i6 24, void %arrayidx92.case.24, i6 25, void %arrayidx92.case.25, i6 26, void %arrayidx92.case.26, i6 27, void %arrayidx92.case.27, i6 28, void %arrayidx92.case.28, i6 29, void %arrayidx92.case.29, i6 30, void %arrayidx92.case.30, i6 31, void %arrayidx92.case.31, i6 32, void %arrayidx92.case.32, i6 33, void %arrayidx92.case.33, i6 34, void %arrayidx92.case.34, i6 35, void %arrayidx92.case.35, i6 36, void %arrayidx92.case.36, i6 37, void %arrayidx92.case.37, i6 38, void %arrayidx92.case.38, i6 39, void %arrayidx92.case.39, i6 40, void %arrayidx92.case.40, i6 41, void %arrayidx92.case.41, i6 42, void %arrayidx92.case.42, i6 43, void %arrayidx92.case.43, i6 44, void %arrayidx92.case.44, i6 45, void %arrayidx92.case.45, i6 46, void %arrayidx92.case.46, i6 47, void %arrayidx92.case.47, i6 48, void %arrayidx92.case.48, i6 49, void %arrayidx92.case.49, i6 50, void %arrayidx92.case.50, i6 51, void %arrayidx92.case.51, i6 52, void %arrayidx92.case.52, i6 53, void %arrayidx92.case.53, i6 54, void %arrayidx92.case.54, i6 55, void %arrayidx92.case.55, i6 56, void %arrayidx92.case.56, i6 57, void %arrayidx92.case.57, i6 58, void %arrayidx92.case.58, i6 59, void %arrayidx92.case.59, i6 60, void %arrayidx92.case.60, i6 61, void %arrayidx92.case.61, i6 62, void %arrayidx92.case.62" [kernel_MHSA.cpp:117]   --->   Operation 107 'switch' 'switch_ln117' <Predicate = (!icmp_ln115)> <Delay = 0.54>
ST_1 : Operation 108 [1/1] (0.36ns)   --->   "%store_ln115 = store i7 %add_ln115, i7 %j" [kernel_MHSA.cpp:115]   --->   Operation 108 'store' 'store_ln115' <Predicate = (!icmp_ln115)> <Delay = 0.36>
ST_1 : Operation 109 [1/1] (0.00ns)   --->   "%br_ln115 = br void %for.inc93" [kernel_MHSA.cpp:115]   --->   Operation 109 'br' 'br_ln115' <Predicate = (!icmp_ln115)> <Delay = 0.00>
ST_1 : Operation 250 [1/1] (0.00ns)   --->   "%p_load130 = load i32 %empty"   --->   Operation 250 'load' 'p_load130' <Predicate = (icmp_ln115)> <Delay = 0.00>
ST_1 : Operation 251 [1/1] (0.00ns)   --->   "%p_load129 = load i32 %empty_172"   --->   Operation 251 'load' 'p_load129' <Predicate = (icmp_ln115)> <Delay = 0.00>
ST_1 : Operation 252 [1/1] (0.00ns)   --->   "%p_load128 = load i32 %empty_173"   --->   Operation 252 'load' 'p_load128' <Predicate = (icmp_ln115)> <Delay = 0.00>
ST_1 : Operation 253 [1/1] (0.00ns)   --->   "%p_load127 = load i32 %empty_174"   --->   Operation 253 'load' 'p_load127' <Predicate = (icmp_ln115)> <Delay = 0.00>
ST_1 : Operation 254 [1/1] (0.00ns)   --->   "%p_load126 = load i32 %empty_175"   --->   Operation 254 'load' 'p_load126' <Predicate = (icmp_ln115)> <Delay = 0.00>
ST_1 : Operation 255 [1/1] (0.00ns)   --->   "%p_load125 = load i32 %empty_176"   --->   Operation 255 'load' 'p_load125' <Predicate = (icmp_ln115)> <Delay = 0.00>
ST_1 : Operation 256 [1/1] (0.00ns)   --->   "%p_load124 = load i32 %empty_177"   --->   Operation 256 'load' 'p_load124' <Predicate = (icmp_ln115)> <Delay = 0.00>
ST_1 : Operation 257 [1/1] (0.00ns)   --->   "%p_load123 = load i32 %empty_178"   --->   Operation 257 'load' 'p_load123' <Predicate = (icmp_ln115)> <Delay = 0.00>
ST_1 : Operation 258 [1/1] (0.00ns)   --->   "%p_load122 = load i32 %empty_179"   --->   Operation 258 'load' 'p_load122' <Predicate = (icmp_ln115)> <Delay = 0.00>
ST_1 : Operation 259 [1/1] (0.00ns)   --->   "%p_load121 = load i32 %empty_180"   --->   Operation 259 'load' 'p_load121' <Predicate = (icmp_ln115)> <Delay = 0.00>
ST_1 : Operation 260 [1/1] (0.00ns)   --->   "%p_load120 = load i32 %empty_181"   --->   Operation 260 'load' 'p_load120' <Predicate = (icmp_ln115)> <Delay = 0.00>
ST_1 : Operation 261 [1/1] (0.00ns)   --->   "%p_load119 = load i32 %empty_182"   --->   Operation 261 'load' 'p_load119' <Predicate = (icmp_ln115)> <Delay = 0.00>
ST_1 : Operation 262 [1/1] (0.00ns)   --->   "%p_load118 = load i32 %empty_183"   --->   Operation 262 'load' 'p_load118' <Predicate = (icmp_ln115)> <Delay = 0.00>
ST_1 : Operation 263 [1/1] (0.00ns)   --->   "%p_load117 = load i32 %empty_184"   --->   Operation 263 'load' 'p_load117' <Predicate = (icmp_ln115)> <Delay = 0.00>
ST_1 : Operation 264 [1/1] (0.00ns)   --->   "%p_load116 = load i32 %empty_185"   --->   Operation 264 'load' 'p_load116' <Predicate = (icmp_ln115)> <Delay = 0.00>
ST_1 : Operation 265 [1/1] (0.00ns)   --->   "%p_load115 = load i32 %empty_186"   --->   Operation 265 'load' 'p_load115' <Predicate = (icmp_ln115)> <Delay = 0.00>
ST_1 : Operation 266 [1/1] (0.00ns)   --->   "%p_load114 = load i32 %empty_187"   --->   Operation 266 'load' 'p_load114' <Predicate = (icmp_ln115)> <Delay = 0.00>
ST_1 : Operation 267 [1/1] (0.00ns)   --->   "%p_load113 = load i32 %empty_188"   --->   Operation 267 'load' 'p_load113' <Predicate = (icmp_ln115)> <Delay = 0.00>
ST_1 : Operation 268 [1/1] (0.00ns)   --->   "%p_load112 = load i32 %empty_189"   --->   Operation 268 'load' 'p_load112' <Predicate = (icmp_ln115)> <Delay = 0.00>
ST_1 : Operation 269 [1/1] (0.00ns)   --->   "%p_load111 = load i32 %empty_190"   --->   Operation 269 'load' 'p_load111' <Predicate = (icmp_ln115)> <Delay = 0.00>
ST_1 : Operation 270 [1/1] (0.00ns)   --->   "%p_load110 = load i32 %empty_191"   --->   Operation 270 'load' 'p_load110' <Predicate = (icmp_ln115)> <Delay = 0.00>
ST_1 : Operation 271 [1/1] (0.00ns)   --->   "%p_load109 = load i32 %empty_192"   --->   Operation 271 'load' 'p_load109' <Predicate = (icmp_ln115)> <Delay = 0.00>
ST_1 : Operation 272 [1/1] (0.00ns)   --->   "%p_load108 = load i32 %empty_193"   --->   Operation 272 'load' 'p_load108' <Predicate = (icmp_ln115)> <Delay = 0.00>
ST_1 : Operation 273 [1/1] (0.00ns)   --->   "%p_load107 = load i32 %empty_194"   --->   Operation 273 'load' 'p_load107' <Predicate = (icmp_ln115)> <Delay = 0.00>
ST_1 : Operation 274 [1/1] (0.00ns)   --->   "%p_load106 = load i32 %empty_195"   --->   Operation 274 'load' 'p_load106' <Predicate = (icmp_ln115)> <Delay = 0.00>
ST_1 : Operation 275 [1/1] (0.00ns)   --->   "%p_load105 = load i32 %empty_196"   --->   Operation 275 'load' 'p_load105' <Predicate = (icmp_ln115)> <Delay = 0.00>
ST_1 : Operation 276 [1/1] (0.00ns)   --->   "%p_load104 = load i32 %empty_197"   --->   Operation 276 'load' 'p_load104' <Predicate = (icmp_ln115)> <Delay = 0.00>
ST_1 : Operation 277 [1/1] (0.00ns)   --->   "%p_load103 = load i32 %empty_198"   --->   Operation 277 'load' 'p_load103' <Predicate = (icmp_ln115)> <Delay = 0.00>
ST_1 : Operation 278 [1/1] (0.00ns)   --->   "%p_load102 = load i32 %empty_199"   --->   Operation 278 'load' 'p_load102' <Predicate = (icmp_ln115)> <Delay = 0.00>
ST_1 : Operation 279 [1/1] (0.00ns)   --->   "%p_load101 = load i32 %empty_200"   --->   Operation 279 'load' 'p_load101' <Predicate = (icmp_ln115)> <Delay = 0.00>
ST_1 : Operation 280 [1/1] (0.00ns)   --->   "%p_load100 = load i32 %empty_201"   --->   Operation 280 'load' 'p_load100' <Predicate = (icmp_ln115)> <Delay = 0.00>
ST_1 : Operation 281 [1/1] (0.00ns)   --->   "%p_load99 = load i32 %empty_202"   --->   Operation 281 'load' 'p_load99' <Predicate = (icmp_ln115)> <Delay = 0.00>
ST_1 : Operation 282 [1/1] (0.00ns)   --->   "%p_load98 = load i32 %empty_203"   --->   Operation 282 'load' 'p_load98' <Predicate = (icmp_ln115)> <Delay = 0.00>
ST_1 : Operation 283 [1/1] (0.00ns)   --->   "%p_load97 = load i32 %empty_204"   --->   Operation 283 'load' 'p_load97' <Predicate = (icmp_ln115)> <Delay = 0.00>
ST_1 : Operation 284 [1/1] (0.00ns)   --->   "%p_load96 = load i32 %empty_205"   --->   Operation 284 'load' 'p_load96' <Predicate = (icmp_ln115)> <Delay = 0.00>
ST_1 : Operation 285 [1/1] (0.00ns)   --->   "%p_load95 = load i32 %empty_206"   --->   Operation 285 'load' 'p_load95' <Predicate = (icmp_ln115)> <Delay = 0.00>
ST_1 : Operation 286 [1/1] (0.00ns)   --->   "%p_load94 = load i32 %empty_207"   --->   Operation 286 'load' 'p_load94' <Predicate = (icmp_ln115)> <Delay = 0.00>
ST_1 : Operation 287 [1/1] (0.00ns)   --->   "%p_load93 = load i32 %empty_208"   --->   Operation 287 'load' 'p_load93' <Predicate = (icmp_ln115)> <Delay = 0.00>
ST_1 : Operation 288 [1/1] (0.00ns)   --->   "%p_load92 = load i32 %empty_209"   --->   Operation 288 'load' 'p_load92' <Predicate = (icmp_ln115)> <Delay = 0.00>
ST_1 : Operation 289 [1/1] (0.00ns)   --->   "%p_load91 = load i32 %empty_210"   --->   Operation 289 'load' 'p_load91' <Predicate = (icmp_ln115)> <Delay = 0.00>
ST_1 : Operation 290 [1/1] (0.00ns)   --->   "%p_load90 = load i32 %empty_211"   --->   Operation 290 'load' 'p_load90' <Predicate = (icmp_ln115)> <Delay = 0.00>
ST_1 : Operation 291 [1/1] (0.00ns)   --->   "%p_load89 = load i32 %empty_212"   --->   Operation 291 'load' 'p_load89' <Predicate = (icmp_ln115)> <Delay = 0.00>
ST_1 : Operation 292 [1/1] (0.00ns)   --->   "%p_load88 = load i32 %empty_213"   --->   Operation 292 'load' 'p_load88' <Predicate = (icmp_ln115)> <Delay = 0.00>
ST_1 : Operation 293 [1/1] (0.00ns)   --->   "%p_load87 = load i32 %empty_214"   --->   Operation 293 'load' 'p_load87' <Predicate = (icmp_ln115)> <Delay = 0.00>
ST_1 : Operation 294 [1/1] (0.00ns)   --->   "%p_load86 = load i32 %empty_215"   --->   Operation 294 'load' 'p_load86' <Predicate = (icmp_ln115)> <Delay = 0.00>
ST_1 : Operation 295 [1/1] (0.00ns)   --->   "%p_load85 = load i32 %empty_216"   --->   Operation 295 'load' 'p_load85' <Predicate = (icmp_ln115)> <Delay = 0.00>
ST_1 : Operation 296 [1/1] (0.00ns)   --->   "%p_load84 = load i32 %empty_217"   --->   Operation 296 'load' 'p_load84' <Predicate = (icmp_ln115)> <Delay = 0.00>
ST_1 : Operation 297 [1/1] (0.00ns)   --->   "%p_load83 = load i32 %empty_218"   --->   Operation 297 'load' 'p_load83' <Predicate = (icmp_ln115)> <Delay = 0.00>
ST_1 : Operation 298 [1/1] (0.00ns)   --->   "%p_load82 = load i32 %empty_219"   --->   Operation 298 'load' 'p_load82' <Predicate = (icmp_ln115)> <Delay = 0.00>
ST_1 : Operation 299 [1/1] (0.00ns)   --->   "%p_load81 = load i32 %empty_220"   --->   Operation 299 'load' 'p_load81' <Predicate = (icmp_ln115)> <Delay = 0.00>
ST_1 : Operation 300 [1/1] (0.00ns)   --->   "%p_load80 = load i32 %empty_221"   --->   Operation 300 'load' 'p_load80' <Predicate = (icmp_ln115)> <Delay = 0.00>
ST_1 : Operation 301 [1/1] (0.00ns)   --->   "%p_load79 = load i32 %empty_222"   --->   Operation 301 'load' 'p_load79' <Predicate = (icmp_ln115)> <Delay = 0.00>
ST_1 : Operation 302 [1/1] (0.00ns)   --->   "%p_load78 = load i32 %empty_223"   --->   Operation 302 'load' 'p_load78' <Predicate = (icmp_ln115)> <Delay = 0.00>
ST_1 : Operation 303 [1/1] (0.00ns)   --->   "%p_load77 = load i32 %empty_224"   --->   Operation 303 'load' 'p_load77' <Predicate = (icmp_ln115)> <Delay = 0.00>
ST_1 : Operation 304 [1/1] (0.00ns)   --->   "%p_load76 = load i32 %empty_225"   --->   Operation 304 'load' 'p_load76' <Predicate = (icmp_ln115)> <Delay = 0.00>
ST_1 : Operation 305 [1/1] (0.00ns)   --->   "%p_load75 = load i32 %empty_226"   --->   Operation 305 'load' 'p_load75' <Predicate = (icmp_ln115)> <Delay = 0.00>
ST_1 : Operation 306 [1/1] (0.00ns)   --->   "%p_load74 = load i32 %empty_227"   --->   Operation 306 'load' 'p_load74' <Predicate = (icmp_ln115)> <Delay = 0.00>
ST_1 : Operation 307 [1/1] (0.00ns)   --->   "%p_load73 = load i32 %empty_228"   --->   Operation 307 'load' 'p_load73' <Predicate = (icmp_ln115)> <Delay = 0.00>
ST_1 : Operation 308 [1/1] (0.00ns)   --->   "%p_load72 = load i32 %empty_229"   --->   Operation 308 'load' 'p_load72' <Predicate = (icmp_ln115)> <Delay = 0.00>
ST_1 : Operation 309 [1/1] (0.00ns)   --->   "%p_load71 = load i32 %empty_230"   --->   Operation 309 'load' 'p_load71' <Predicate = (icmp_ln115)> <Delay = 0.00>
ST_1 : Operation 310 [1/1] (0.00ns)   --->   "%p_load70 = load i32 %empty_231"   --->   Operation 310 'load' 'p_load70' <Predicate = (icmp_ln115)> <Delay = 0.00>
ST_1 : Operation 311 [1/1] (0.00ns)   --->   "%p_load69 = load i32 %empty_232"   --->   Operation 311 'load' 'p_load69' <Predicate = (icmp_ln115)> <Delay = 0.00>
ST_1 : Operation 312 [1/1] (0.00ns)   --->   "%p_load68 = load i32 %empty_233"   --->   Operation 312 'load' 'p_load68' <Predicate = (icmp_ln115)> <Delay = 0.00>
ST_1 : Operation 313 [1/1] (0.00ns)   --->   "%p_load = load i32 %empty_234"   --->   Operation 313 'load' 'p_load' <Predicate = (icmp_ln115)> <Delay = 0.00>
ST_1 : Operation 314 [1/1] (0.00ns)   --->   "%write_ln0 = write void @_ssdm_op_Write.ap_auto.floatP0A, i32 %p_out, i32 %p_load"   --->   Operation 314 'write' 'write_ln0' <Predicate = (icmp_ln115)> <Delay = 0.00>
ST_1 : Operation 315 [1/1] (0.00ns)   --->   "%write_ln0 = write void @_ssdm_op_Write.ap_auto.floatP0A, i32 %p_out1, i32 %p_load68"   --->   Operation 315 'write' 'write_ln0' <Predicate = (icmp_ln115)> <Delay = 0.00>
ST_1 : Operation 316 [1/1] (0.00ns)   --->   "%write_ln0 = write void @_ssdm_op_Write.ap_auto.floatP0A, i32 %p_out2, i32 %p_load69"   --->   Operation 316 'write' 'write_ln0' <Predicate = (icmp_ln115)> <Delay = 0.00>
ST_1 : Operation 317 [1/1] (0.00ns)   --->   "%write_ln0 = write void @_ssdm_op_Write.ap_auto.floatP0A, i32 %p_out3, i32 %p_load70"   --->   Operation 317 'write' 'write_ln0' <Predicate = (icmp_ln115)> <Delay = 0.00>
ST_1 : Operation 318 [1/1] (0.00ns)   --->   "%write_ln0 = write void @_ssdm_op_Write.ap_auto.floatP0A, i32 %p_out4, i32 %p_load71"   --->   Operation 318 'write' 'write_ln0' <Predicate = (icmp_ln115)> <Delay = 0.00>
ST_1 : Operation 319 [1/1] (0.00ns)   --->   "%write_ln0 = write void @_ssdm_op_Write.ap_auto.floatP0A, i32 %p_out5, i32 %p_load72"   --->   Operation 319 'write' 'write_ln0' <Predicate = (icmp_ln115)> <Delay = 0.00>
ST_1 : Operation 320 [1/1] (0.00ns)   --->   "%write_ln0 = write void @_ssdm_op_Write.ap_auto.floatP0A, i32 %p_out6, i32 %p_load73"   --->   Operation 320 'write' 'write_ln0' <Predicate = (icmp_ln115)> <Delay = 0.00>
ST_1 : Operation 321 [1/1] (0.00ns)   --->   "%write_ln0 = write void @_ssdm_op_Write.ap_auto.floatP0A, i32 %p_out7, i32 %p_load74"   --->   Operation 321 'write' 'write_ln0' <Predicate = (icmp_ln115)> <Delay = 0.00>
ST_1 : Operation 322 [1/1] (0.00ns)   --->   "%write_ln0 = write void @_ssdm_op_Write.ap_auto.floatP0A, i32 %p_out8, i32 %p_load75"   --->   Operation 322 'write' 'write_ln0' <Predicate = (icmp_ln115)> <Delay = 0.00>
ST_1 : Operation 323 [1/1] (0.00ns)   --->   "%write_ln0 = write void @_ssdm_op_Write.ap_auto.floatP0A, i32 %p_out9, i32 %p_load76"   --->   Operation 323 'write' 'write_ln0' <Predicate = (icmp_ln115)> <Delay = 0.00>
ST_1 : Operation 324 [1/1] (0.00ns)   --->   "%write_ln0 = write void @_ssdm_op_Write.ap_auto.floatP0A, i32 %p_out10, i32 %p_load77"   --->   Operation 324 'write' 'write_ln0' <Predicate = (icmp_ln115)> <Delay = 0.00>
ST_1 : Operation 325 [1/1] (0.00ns)   --->   "%write_ln0 = write void @_ssdm_op_Write.ap_auto.floatP0A, i32 %p_out11, i32 %p_load78"   --->   Operation 325 'write' 'write_ln0' <Predicate = (icmp_ln115)> <Delay = 0.00>
ST_1 : Operation 326 [1/1] (0.00ns)   --->   "%write_ln0 = write void @_ssdm_op_Write.ap_auto.floatP0A, i32 %p_out12, i32 %p_load79"   --->   Operation 326 'write' 'write_ln0' <Predicate = (icmp_ln115)> <Delay = 0.00>
ST_1 : Operation 327 [1/1] (0.00ns)   --->   "%write_ln0 = write void @_ssdm_op_Write.ap_auto.floatP0A, i32 %p_out13, i32 %p_load80"   --->   Operation 327 'write' 'write_ln0' <Predicate = (icmp_ln115)> <Delay = 0.00>
ST_1 : Operation 328 [1/1] (0.00ns)   --->   "%write_ln0 = write void @_ssdm_op_Write.ap_auto.floatP0A, i32 %p_out14, i32 %p_load81"   --->   Operation 328 'write' 'write_ln0' <Predicate = (icmp_ln115)> <Delay = 0.00>
ST_1 : Operation 329 [1/1] (0.00ns)   --->   "%write_ln0 = write void @_ssdm_op_Write.ap_auto.floatP0A, i32 %p_out15, i32 %p_load82"   --->   Operation 329 'write' 'write_ln0' <Predicate = (icmp_ln115)> <Delay = 0.00>
ST_1 : Operation 330 [1/1] (0.00ns)   --->   "%write_ln0 = write void @_ssdm_op_Write.ap_auto.floatP0A, i32 %p_out16, i32 %p_load83"   --->   Operation 330 'write' 'write_ln0' <Predicate = (icmp_ln115)> <Delay = 0.00>
ST_1 : Operation 331 [1/1] (0.00ns)   --->   "%write_ln0 = write void @_ssdm_op_Write.ap_auto.floatP0A, i32 %p_out17, i32 %p_load84"   --->   Operation 331 'write' 'write_ln0' <Predicate = (icmp_ln115)> <Delay = 0.00>
ST_1 : Operation 332 [1/1] (0.00ns)   --->   "%write_ln0 = write void @_ssdm_op_Write.ap_auto.floatP0A, i32 %p_out18, i32 %p_load85"   --->   Operation 332 'write' 'write_ln0' <Predicate = (icmp_ln115)> <Delay = 0.00>
ST_1 : Operation 333 [1/1] (0.00ns)   --->   "%write_ln0 = write void @_ssdm_op_Write.ap_auto.floatP0A, i32 %p_out19, i32 %p_load86"   --->   Operation 333 'write' 'write_ln0' <Predicate = (icmp_ln115)> <Delay = 0.00>
ST_1 : Operation 334 [1/1] (0.00ns)   --->   "%write_ln0 = write void @_ssdm_op_Write.ap_auto.floatP0A, i32 %p_out20, i32 %p_load87"   --->   Operation 334 'write' 'write_ln0' <Predicate = (icmp_ln115)> <Delay = 0.00>
ST_1 : Operation 335 [1/1] (0.00ns)   --->   "%write_ln0 = write void @_ssdm_op_Write.ap_auto.floatP0A, i32 %p_out21, i32 %p_load88"   --->   Operation 335 'write' 'write_ln0' <Predicate = (icmp_ln115)> <Delay = 0.00>
ST_1 : Operation 336 [1/1] (0.00ns)   --->   "%write_ln0 = write void @_ssdm_op_Write.ap_auto.floatP0A, i32 %p_out22, i32 %p_load89"   --->   Operation 336 'write' 'write_ln0' <Predicate = (icmp_ln115)> <Delay = 0.00>
ST_1 : Operation 337 [1/1] (0.00ns)   --->   "%write_ln0 = write void @_ssdm_op_Write.ap_auto.floatP0A, i32 %p_out23, i32 %p_load90"   --->   Operation 337 'write' 'write_ln0' <Predicate = (icmp_ln115)> <Delay = 0.00>
ST_1 : Operation 338 [1/1] (0.00ns)   --->   "%write_ln0 = write void @_ssdm_op_Write.ap_auto.floatP0A, i32 %p_out24, i32 %p_load91"   --->   Operation 338 'write' 'write_ln0' <Predicate = (icmp_ln115)> <Delay = 0.00>
ST_1 : Operation 339 [1/1] (0.00ns)   --->   "%write_ln0 = write void @_ssdm_op_Write.ap_auto.floatP0A, i32 %p_out25, i32 %p_load92"   --->   Operation 339 'write' 'write_ln0' <Predicate = (icmp_ln115)> <Delay = 0.00>
ST_1 : Operation 340 [1/1] (0.00ns)   --->   "%write_ln0 = write void @_ssdm_op_Write.ap_auto.floatP0A, i32 %p_out26, i32 %p_load93"   --->   Operation 340 'write' 'write_ln0' <Predicate = (icmp_ln115)> <Delay = 0.00>
ST_1 : Operation 341 [1/1] (0.00ns)   --->   "%write_ln0 = write void @_ssdm_op_Write.ap_auto.floatP0A, i32 %p_out27, i32 %p_load94"   --->   Operation 341 'write' 'write_ln0' <Predicate = (icmp_ln115)> <Delay = 0.00>
ST_1 : Operation 342 [1/1] (0.00ns)   --->   "%write_ln0 = write void @_ssdm_op_Write.ap_auto.floatP0A, i32 %p_out28, i32 %p_load95"   --->   Operation 342 'write' 'write_ln0' <Predicate = (icmp_ln115)> <Delay = 0.00>
ST_1 : Operation 343 [1/1] (0.00ns)   --->   "%write_ln0 = write void @_ssdm_op_Write.ap_auto.floatP0A, i32 %p_out29, i32 %p_load96"   --->   Operation 343 'write' 'write_ln0' <Predicate = (icmp_ln115)> <Delay = 0.00>
ST_1 : Operation 344 [1/1] (0.00ns)   --->   "%write_ln0 = write void @_ssdm_op_Write.ap_auto.floatP0A, i32 %p_out30, i32 %p_load97"   --->   Operation 344 'write' 'write_ln0' <Predicate = (icmp_ln115)> <Delay = 0.00>
ST_1 : Operation 345 [1/1] (0.00ns)   --->   "%write_ln0 = write void @_ssdm_op_Write.ap_auto.floatP0A, i32 %p_out31, i32 %p_load98"   --->   Operation 345 'write' 'write_ln0' <Predicate = (icmp_ln115)> <Delay = 0.00>
ST_1 : Operation 346 [1/1] (0.00ns)   --->   "%write_ln0 = write void @_ssdm_op_Write.ap_auto.floatP0A, i32 %p_out32, i32 %p_load99"   --->   Operation 346 'write' 'write_ln0' <Predicate = (icmp_ln115)> <Delay = 0.00>
ST_1 : Operation 347 [1/1] (0.00ns)   --->   "%write_ln0 = write void @_ssdm_op_Write.ap_auto.floatP0A, i32 %p_out33, i32 %p_load100"   --->   Operation 347 'write' 'write_ln0' <Predicate = (icmp_ln115)> <Delay = 0.00>
ST_1 : Operation 348 [1/1] (0.00ns)   --->   "%write_ln0 = write void @_ssdm_op_Write.ap_auto.floatP0A, i32 %p_out34, i32 %p_load101"   --->   Operation 348 'write' 'write_ln0' <Predicate = (icmp_ln115)> <Delay = 0.00>
ST_1 : Operation 349 [1/1] (0.00ns)   --->   "%write_ln0 = write void @_ssdm_op_Write.ap_auto.floatP0A, i32 %p_out35, i32 %p_load102"   --->   Operation 349 'write' 'write_ln0' <Predicate = (icmp_ln115)> <Delay = 0.00>
ST_1 : Operation 350 [1/1] (0.00ns)   --->   "%write_ln0 = write void @_ssdm_op_Write.ap_auto.floatP0A, i32 %p_out36, i32 %p_load103"   --->   Operation 350 'write' 'write_ln0' <Predicate = (icmp_ln115)> <Delay = 0.00>
ST_1 : Operation 351 [1/1] (0.00ns)   --->   "%write_ln0 = write void @_ssdm_op_Write.ap_auto.floatP0A, i32 %p_out37, i32 %p_load104"   --->   Operation 351 'write' 'write_ln0' <Predicate = (icmp_ln115)> <Delay = 0.00>
ST_1 : Operation 352 [1/1] (0.00ns)   --->   "%write_ln0 = write void @_ssdm_op_Write.ap_auto.floatP0A, i32 %p_out38, i32 %p_load105"   --->   Operation 352 'write' 'write_ln0' <Predicate = (icmp_ln115)> <Delay = 0.00>
ST_1 : Operation 353 [1/1] (0.00ns)   --->   "%write_ln0 = write void @_ssdm_op_Write.ap_auto.floatP0A, i32 %p_out39, i32 %p_load106"   --->   Operation 353 'write' 'write_ln0' <Predicate = (icmp_ln115)> <Delay = 0.00>
ST_1 : Operation 354 [1/1] (0.00ns)   --->   "%write_ln0 = write void @_ssdm_op_Write.ap_auto.floatP0A, i32 %p_out40, i32 %p_load107"   --->   Operation 354 'write' 'write_ln0' <Predicate = (icmp_ln115)> <Delay = 0.00>
ST_1 : Operation 355 [1/1] (0.00ns)   --->   "%write_ln0 = write void @_ssdm_op_Write.ap_auto.floatP0A, i32 %p_out41, i32 %p_load108"   --->   Operation 355 'write' 'write_ln0' <Predicate = (icmp_ln115)> <Delay = 0.00>
ST_1 : Operation 356 [1/1] (0.00ns)   --->   "%write_ln0 = write void @_ssdm_op_Write.ap_auto.floatP0A, i32 %p_out42, i32 %p_load109"   --->   Operation 356 'write' 'write_ln0' <Predicate = (icmp_ln115)> <Delay = 0.00>
ST_1 : Operation 357 [1/1] (0.00ns)   --->   "%write_ln0 = write void @_ssdm_op_Write.ap_auto.floatP0A, i32 %p_out43, i32 %p_load110"   --->   Operation 357 'write' 'write_ln0' <Predicate = (icmp_ln115)> <Delay = 0.00>
ST_1 : Operation 358 [1/1] (0.00ns)   --->   "%write_ln0 = write void @_ssdm_op_Write.ap_auto.floatP0A, i32 %p_out44, i32 %p_load111"   --->   Operation 358 'write' 'write_ln0' <Predicate = (icmp_ln115)> <Delay = 0.00>
ST_1 : Operation 359 [1/1] (0.00ns)   --->   "%write_ln0 = write void @_ssdm_op_Write.ap_auto.floatP0A, i32 %p_out45, i32 %p_load112"   --->   Operation 359 'write' 'write_ln0' <Predicate = (icmp_ln115)> <Delay = 0.00>
ST_1 : Operation 360 [1/1] (0.00ns)   --->   "%write_ln0 = write void @_ssdm_op_Write.ap_auto.floatP0A, i32 %p_out46, i32 %p_load113"   --->   Operation 360 'write' 'write_ln0' <Predicate = (icmp_ln115)> <Delay = 0.00>
ST_1 : Operation 361 [1/1] (0.00ns)   --->   "%write_ln0 = write void @_ssdm_op_Write.ap_auto.floatP0A, i32 %p_out47, i32 %p_load114"   --->   Operation 361 'write' 'write_ln0' <Predicate = (icmp_ln115)> <Delay = 0.00>
ST_1 : Operation 362 [1/1] (0.00ns)   --->   "%write_ln0 = write void @_ssdm_op_Write.ap_auto.floatP0A, i32 %p_out48, i32 %p_load115"   --->   Operation 362 'write' 'write_ln0' <Predicate = (icmp_ln115)> <Delay = 0.00>
ST_1 : Operation 363 [1/1] (0.00ns)   --->   "%write_ln0 = write void @_ssdm_op_Write.ap_auto.floatP0A, i32 %p_out49, i32 %p_load116"   --->   Operation 363 'write' 'write_ln0' <Predicate = (icmp_ln115)> <Delay = 0.00>
ST_1 : Operation 364 [1/1] (0.00ns)   --->   "%write_ln0 = write void @_ssdm_op_Write.ap_auto.floatP0A, i32 %p_out50, i32 %p_load117"   --->   Operation 364 'write' 'write_ln0' <Predicate = (icmp_ln115)> <Delay = 0.00>
ST_1 : Operation 365 [1/1] (0.00ns)   --->   "%write_ln0 = write void @_ssdm_op_Write.ap_auto.floatP0A, i32 %p_out51, i32 %p_load118"   --->   Operation 365 'write' 'write_ln0' <Predicate = (icmp_ln115)> <Delay = 0.00>
ST_1 : Operation 366 [1/1] (0.00ns)   --->   "%write_ln0 = write void @_ssdm_op_Write.ap_auto.floatP0A, i32 %p_out52, i32 %p_load119"   --->   Operation 366 'write' 'write_ln0' <Predicate = (icmp_ln115)> <Delay = 0.00>
ST_1 : Operation 367 [1/1] (0.00ns)   --->   "%write_ln0 = write void @_ssdm_op_Write.ap_auto.floatP0A, i32 %p_out53, i32 %p_load120"   --->   Operation 367 'write' 'write_ln0' <Predicate = (icmp_ln115)> <Delay = 0.00>
ST_1 : Operation 368 [1/1] (0.00ns)   --->   "%write_ln0 = write void @_ssdm_op_Write.ap_auto.floatP0A, i32 %p_out54, i32 %p_load121"   --->   Operation 368 'write' 'write_ln0' <Predicate = (icmp_ln115)> <Delay = 0.00>
ST_1 : Operation 369 [1/1] (0.00ns)   --->   "%write_ln0 = write void @_ssdm_op_Write.ap_auto.floatP0A, i32 %p_out55, i32 %p_load122"   --->   Operation 369 'write' 'write_ln0' <Predicate = (icmp_ln115)> <Delay = 0.00>
ST_1 : Operation 370 [1/1] (0.00ns)   --->   "%write_ln0 = write void @_ssdm_op_Write.ap_auto.floatP0A, i32 %p_out56, i32 %p_load123"   --->   Operation 370 'write' 'write_ln0' <Predicate = (icmp_ln115)> <Delay = 0.00>
ST_1 : Operation 371 [1/1] (0.00ns)   --->   "%write_ln0 = write void @_ssdm_op_Write.ap_auto.floatP0A, i32 %p_out57, i32 %p_load124"   --->   Operation 371 'write' 'write_ln0' <Predicate = (icmp_ln115)> <Delay = 0.00>
ST_1 : Operation 372 [1/1] (0.00ns)   --->   "%write_ln0 = write void @_ssdm_op_Write.ap_auto.floatP0A, i32 %p_out58, i32 %p_load125"   --->   Operation 372 'write' 'write_ln0' <Predicate = (icmp_ln115)> <Delay = 0.00>
ST_1 : Operation 373 [1/1] (0.00ns)   --->   "%write_ln0 = write void @_ssdm_op_Write.ap_auto.floatP0A, i32 %p_out59, i32 %p_load126"   --->   Operation 373 'write' 'write_ln0' <Predicate = (icmp_ln115)> <Delay = 0.00>
ST_1 : Operation 374 [1/1] (0.00ns)   --->   "%write_ln0 = write void @_ssdm_op_Write.ap_auto.floatP0A, i32 %p_out60, i32 %p_load127"   --->   Operation 374 'write' 'write_ln0' <Predicate = (icmp_ln115)> <Delay = 0.00>
ST_1 : Operation 375 [1/1] (0.00ns)   --->   "%write_ln0 = write void @_ssdm_op_Write.ap_auto.floatP0A, i32 %p_out61, i32 %p_load128"   --->   Operation 375 'write' 'write_ln0' <Predicate = (icmp_ln115)> <Delay = 0.00>
ST_1 : Operation 376 [1/1] (0.00ns)   --->   "%write_ln0 = write void @_ssdm_op_Write.ap_auto.floatP0A, i32 %p_out62, i32 %p_load129"   --->   Operation 376 'write' 'write_ln0' <Predicate = (icmp_ln115)> <Delay = 0.00>
ST_1 : Operation 377 [1/1] (0.00ns)   --->   "%write_ln0 = write void @_ssdm_op_Write.ap_auto.floatP0A, i32 %p_out63, i32 %p_load130"   --->   Operation 377 'write' 'write_ln0' <Predicate = (icmp_ln115)> <Delay = 0.00>
ST_1 : Operation 378 [1/1] (0.28ns)   --->   "%ret_ln0 = ret"   --->   Operation 378 'ret' 'ret_ln0' <Predicate = (icmp_ln115)> <Delay = 0.28>

State 2 <SV = 1> <Delay = 1.57>
ST_2 : Operation 110 [1/1] (0.00ns)   --->   "%specpipeline_ln116 = specpipeline void @_ssdm_op_SpecPipeline, i32 1, i32 0, i32 0, i32 0, void @empty_115" [kernel_MHSA.cpp:116]   --->   Operation 110 'specpipeline' 'specpipeline_ln116' <Predicate = true> <Delay = 0.00>
ST_2 : Operation 111 [1/1] (0.00ns)   --->   "%speclooptripcount_ln115 = speclooptripcount void @_ssdm_op_SpecLoopTripCount, i64 64, i64 64, i64 64" [kernel_MHSA.cpp:115]   --->   Operation 111 'speclooptripcount' 'speclooptripcount_ln115' <Predicate = true> <Delay = 0.00>
ST_2 : Operation 112 [1/1] (0.00ns)   --->   "%specloopname_ln115 = specloopname void @_ssdm_op_SpecLoopName, void @empty_92" [kernel_MHSA.cpp:115]   --->   Operation 112 'specloopname' 'specloopname_ln115' <Predicate = true> <Delay = 0.00>
ST_2 : Operation 113 [1/2] ( I:0.87ns O:0.87ns ) (share mux size 2)   --->   "%out_q_rope_load = load i7 %out_q_rope_addr" [kernel_MHSA.cpp:117]   --->   Operation 113 'load' 'out_q_rope_load' <Predicate = true> <Delay = 0.87> <CoreInst = "RAM">   --->   Core 86 'RAM' <Latency = 1> <II = 1> <Delay = 0.87> <Storage> <Opcode : 'load' 'store'> <Ports = 2> <Width = 32> <Depth = 96> <RAM>
ST_2 : Operation 114 [1/2] ( I:0.87ns O:0.87ns ) (share mux size 2)   --->   "%out_q_rope_1_load = load i7 %out_q_rope_1_addr" [kernel_MHSA.cpp:117]   --->   Operation 114 'load' 'out_q_rope_1_load' <Predicate = true> <Delay = 0.87> <CoreInst = "RAM">   --->   Core 86 'RAM' <Latency = 1> <II = 1> <Delay = 0.87> <Storage> <Opcode : 'load' 'store'> <Ports = 2> <Width = 32> <Depth = 96> <RAM>
ST_2 : Operation 115 [1/2] ( I:0.87ns O:0.87ns ) (share mux size 2)   --->   "%out_q_rope_2_load = load i7 %out_q_rope_2_addr" [kernel_MHSA.cpp:117]   --->   Operation 115 'load' 'out_q_rope_2_load' <Predicate = true> <Delay = 0.87> <CoreInst = "RAM">   --->   Core 86 'RAM' <Latency = 1> <II = 1> <Delay = 0.87> <Storage> <Opcode : 'load' 'store'> <Ports = 2> <Width = 32> <Depth = 96> <RAM>
ST_2 : Operation 116 [1/2] ( I:0.87ns O:0.87ns ) (share mux size 2)   --->   "%out_q_rope_3_load = load i7 %out_q_rope_3_addr" [kernel_MHSA.cpp:117]   --->   Operation 116 'load' 'out_q_rope_3_load' <Predicate = true> <Delay = 0.87> <CoreInst = "RAM">   --->   Core 86 'RAM' <Latency = 1> <II = 1> <Delay = 0.87> <Storage> <Opcode : 'load' 'store'> <Ports = 2> <Width = 32> <Depth = 96> <RAM>
ST_2 : Operation 117 [1/2] ( I:0.87ns O:0.87ns ) (share mux size 2)   --->   "%out_q_rope_4_load = load i7 %out_q_rope_4_addr" [kernel_MHSA.cpp:117]   --->   Operation 117 'load' 'out_q_rope_4_load' <Predicate = true> <Delay = 0.87> <CoreInst = "RAM">   --->   Core 86 'RAM' <Latency = 1> <II = 1> <Delay = 0.87> <Storage> <Opcode : 'load' 'store'> <Ports = 2> <Width = 32> <Depth = 96> <RAM>
ST_2 : Operation 118 [1/2] ( I:0.87ns O:0.87ns ) (share mux size 2)   --->   "%out_q_rope_5_load = load i7 %out_q_rope_5_addr" [kernel_MHSA.cpp:117]   --->   Operation 118 'load' 'out_q_rope_5_load' <Predicate = true> <Delay = 0.87> <CoreInst = "RAM">   --->   Core 86 'RAM' <Latency = 1> <II = 1> <Delay = 0.87> <Storage> <Opcode : 'load' 'store'> <Ports = 2> <Width = 32> <Depth = 96> <RAM>
ST_2 : Operation 119 [1/2] ( I:0.87ns O:0.87ns ) (share mux size 2)   --->   "%out_q_rope_6_load = load i7 %out_q_rope_6_addr" [kernel_MHSA.cpp:117]   --->   Operation 119 'load' 'out_q_rope_6_load' <Predicate = true> <Delay = 0.87> <CoreInst = "RAM">   --->   Core 86 'RAM' <Latency = 1> <II = 1> <Delay = 0.87> <Storage> <Opcode : 'load' 'store'> <Ports = 2> <Width = 32> <Depth = 96> <RAM>
ST_2 : Operation 120 [1/2] ( I:0.87ns O:0.87ns ) (share mux size 2)   --->   "%out_q_rope_7_load = load i7 %out_q_rope_7_addr" [kernel_MHSA.cpp:117]   --->   Operation 120 'load' 'out_q_rope_7_load' <Predicate = true> <Delay = 0.87> <CoreInst = "RAM">   --->   Core 86 'RAM' <Latency = 1> <II = 1> <Delay = 0.87> <Storage> <Opcode : 'load' 'store'> <Ports = 2> <Width = 32> <Depth = 96> <RAM>
ST_2 : Operation 121 [1/1] (0.70ns)   --->   "%q_head_local = sparsemux i32 @_ssdm_op_SparseMux.ap_auto.8float.float.i3, i3 0, i32 %out_q_rope_load, i3 1, i32 %out_q_rope_1_load, i3 2, i32 %out_q_rope_2_load, i3 3, i32 %out_q_rope_3_load, i3 4, i32 %out_q_rope_4_load, i3 5, i32 %out_q_rope_5_load, i3 6, i32 %out_q_rope_6_load, i3 7, i32 %out_q_rope_7_load, i32 <undef>, i3 %trunc_ln115_1" [kernel_MHSA.cpp:117]   --->   Operation 121 'sparsemux' 'q_head_local' <Predicate = true> <Delay = 0.70> <CoreInst = "BinarySparseMux_DontCare">   --->   Core 150 'BinarySparseMux_DontCare' <Latency = 0> <II = 1> <Delay = 0.70> <FuncUnit> <Opcode : 'sparsemux'> <InPorts = 0> <OutPorts = 1>
ST_2 : Operation 122 [1/1] (0.00ns)   --->   "%store_ln117 = store i32 %q_head_local, i32 %empty_233" [kernel_MHSA.cpp:117]   --->   Operation 122 'store' 'store_ln117' <Predicate = (trunc_ln115 == 62)> <Delay = 0.00>
ST_2 : Operation 123 [1/1] (0.00ns)   --->   "%br_ln117 = br void %arrayidx92.exit" [kernel_MHSA.cpp:117]   --->   Operation 123 'br' 'br_ln117' <Predicate = (trunc_ln115 == 62)> <Delay = 0.00>
ST_2 : Operation 124 [1/1] (0.00ns)   --->   "%store_ln117 = store i32 %q_head_local, i32 %empty_232" [kernel_MHSA.cpp:117]   --->   Operation 124 'store' 'store_ln117' <Predicate = (trunc_ln115 == 61)> <Delay = 0.00>
ST_2 : Operation 125 [1/1] (0.00ns)   --->   "%br_ln117 = br void %arrayidx92.exit" [kernel_MHSA.cpp:117]   --->   Operation 125 'br' 'br_ln117' <Predicate = (trunc_ln115 == 61)> <Delay = 0.00>
ST_2 : Operation 126 [1/1] (0.00ns)   --->   "%store_ln117 = store i32 %q_head_local, i32 %empty_231" [kernel_MHSA.cpp:117]   --->   Operation 126 'store' 'store_ln117' <Predicate = (trunc_ln115 == 60)> <Delay = 0.00>
ST_2 : Operation 127 [1/1] (0.00ns)   --->   "%br_ln117 = br void %arrayidx92.exit" [kernel_MHSA.cpp:117]   --->   Operation 127 'br' 'br_ln117' <Predicate = (trunc_ln115 == 60)> <Delay = 0.00>
ST_2 : Operation 128 [1/1] (0.00ns)   --->   "%store_ln117 = store i32 %q_head_local, i32 %empty_230" [kernel_MHSA.cpp:117]   --->   Operation 128 'store' 'store_ln117' <Predicate = (trunc_ln115 == 59)> <Delay = 0.00>
ST_2 : Operation 129 [1/1] (0.00ns)   --->   "%br_ln117 = br void %arrayidx92.exit" [kernel_MHSA.cpp:117]   --->   Operation 129 'br' 'br_ln117' <Predicate = (trunc_ln115 == 59)> <Delay = 0.00>
ST_2 : Operation 130 [1/1] (0.00ns)   --->   "%store_ln117 = store i32 %q_head_local, i32 %empty_229" [kernel_MHSA.cpp:117]   --->   Operation 130 'store' 'store_ln117' <Predicate = (trunc_ln115 == 58)> <Delay = 0.00>
ST_2 : Operation 131 [1/1] (0.00ns)   --->   "%br_ln117 = br void %arrayidx92.exit" [kernel_MHSA.cpp:117]   --->   Operation 131 'br' 'br_ln117' <Predicate = (trunc_ln115 == 58)> <Delay = 0.00>
ST_2 : Operation 132 [1/1] (0.00ns)   --->   "%store_ln117 = store i32 %q_head_local, i32 %empty_228" [kernel_MHSA.cpp:117]   --->   Operation 132 'store' 'store_ln117' <Predicate = (trunc_ln115 == 57)> <Delay = 0.00>
ST_2 : Operation 133 [1/1] (0.00ns)   --->   "%br_ln117 = br void %arrayidx92.exit" [kernel_MHSA.cpp:117]   --->   Operation 133 'br' 'br_ln117' <Predicate = (trunc_ln115 == 57)> <Delay = 0.00>
ST_2 : Operation 134 [1/1] (0.00ns)   --->   "%store_ln117 = store i32 %q_head_local, i32 %empty_227" [kernel_MHSA.cpp:117]   --->   Operation 134 'store' 'store_ln117' <Predicate = (trunc_ln115 == 56)> <Delay = 0.00>
ST_2 : Operation 135 [1/1] (0.00ns)   --->   "%br_ln117 = br void %arrayidx92.exit" [kernel_MHSA.cpp:117]   --->   Operation 135 'br' 'br_ln117' <Predicate = (trunc_ln115 == 56)> <Delay = 0.00>
ST_2 : Operation 136 [1/1] (0.00ns)   --->   "%store_ln117 = store i32 %q_head_local, i32 %empty_226" [kernel_MHSA.cpp:117]   --->   Operation 136 'store' 'store_ln117' <Predicate = (trunc_ln115 == 55)> <Delay = 0.00>
ST_2 : Operation 137 [1/1] (0.00ns)   --->   "%br_ln117 = br void %arrayidx92.exit" [kernel_MHSA.cpp:117]   --->   Operation 137 'br' 'br_ln117' <Predicate = (trunc_ln115 == 55)> <Delay = 0.00>
ST_2 : Operation 138 [1/1] (0.00ns)   --->   "%store_ln117 = store i32 %q_head_local, i32 %empty_225" [kernel_MHSA.cpp:117]   --->   Operation 138 'store' 'store_ln117' <Predicate = (trunc_ln115 == 54)> <Delay = 0.00>
ST_2 : Operation 139 [1/1] (0.00ns)   --->   "%br_ln117 = br void %arrayidx92.exit" [kernel_MHSA.cpp:117]   --->   Operation 139 'br' 'br_ln117' <Predicate = (trunc_ln115 == 54)> <Delay = 0.00>
ST_2 : Operation 140 [1/1] (0.00ns)   --->   "%store_ln117 = store i32 %q_head_local, i32 %empty_224" [kernel_MHSA.cpp:117]   --->   Operation 140 'store' 'store_ln117' <Predicate = (trunc_ln115 == 53)> <Delay = 0.00>
ST_2 : Operation 141 [1/1] (0.00ns)   --->   "%br_ln117 = br void %arrayidx92.exit" [kernel_MHSA.cpp:117]   --->   Operation 141 'br' 'br_ln117' <Predicate = (trunc_ln115 == 53)> <Delay = 0.00>
ST_2 : Operation 142 [1/1] (0.00ns)   --->   "%store_ln117 = store i32 %q_head_local, i32 %empty_223" [kernel_MHSA.cpp:117]   --->   Operation 142 'store' 'store_ln117' <Predicate = (trunc_ln115 == 52)> <Delay = 0.00>
ST_2 : Operation 143 [1/1] (0.00ns)   --->   "%br_ln117 = br void %arrayidx92.exit" [kernel_MHSA.cpp:117]   --->   Operation 143 'br' 'br_ln117' <Predicate = (trunc_ln115 == 52)> <Delay = 0.00>
ST_2 : Operation 144 [1/1] (0.00ns)   --->   "%store_ln117 = store i32 %q_head_local, i32 %empty_222" [kernel_MHSA.cpp:117]   --->   Operation 144 'store' 'store_ln117' <Predicate = (trunc_ln115 == 51)> <Delay = 0.00>
ST_2 : Operation 145 [1/1] (0.00ns)   --->   "%br_ln117 = br void %arrayidx92.exit" [kernel_MHSA.cpp:117]   --->   Operation 145 'br' 'br_ln117' <Predicate = (trunc_ln115 == 51)> <Delay = 0.00>
ST_2 : Operation 146 [1/1] (0.00ns)   --->   "%store_ln117 = store i32 %q_head_local, i32 %empty_221" [kernel_MHSA.cpp:117]   --->   Operation 146 'store' 'store_ln117' <Predicate = (trunc_ln115 == 50)> <Delay = 0.00>
ST_2 : Operation 147 [1/1] (0.00ns)   --->   "%br_ln117 = br void %arrayidx92.exit" [kernel_MHSA.cpp:117]   --->   Operation 147 'br' 'br_ln117' <Predicate = (trunc_ln115 == 50)> <Delay = 0.00>
ST_2 : Operation 148 [1/1] (0.00ns)   --->   "%store_ln117 = store i32 %q_head_local, i32 %empty_220" [kernel_MHSA.cpp:117]   --->   Operation 148 'store' 'store_ln117' <Predicate = (trunc_ln115 == 49)> <Delay = 0.00>
ST_2 : Operation 149 [1/1] (0.00ns)   --->   "%br_ln117 = br void %arrayidx92.exit" [kernel_MHSA.cpp:117]   --->   Operation 149 'br' 'br_ln117' <Predicate = (trunc_ln115 == 49)> <Delay = 0.00>
ST_2 : Operation 150 [1/1] (0.00ns)   --->   "%store_ln117 = store i32 %q_head_local, i32 %empty_219" [kernel_MHSA.cpp:117]   --->   Operation 150 'store' 'store_ln117' <Predicate = (trunc_ln115 == 48)> <Delay = 0.00>
ST_2 : Operation 151 [1/1] (0.00ns)   --->   "%br_ln117 = br void %arrayidx92.exit" [kernel_MHSA.cpp:117]   --->   Operation 151 'br' 'br_ln117' <Predicate = (trunc_ln115 == 48)> <Delay = 0.00>
ST_2 : Operation 152 [1/1] (0.00ns)   --->   "%store_ln117 = store i32 %q_head_local, i32 %empty_218" [kernel_MHSA.cpp:117]   --->   Operation 152 'store' 'store_ln117' <Predicate = (trunc_ln115 == 47)> <Delay = 0.00>
ST_2 : Operation 153 [1/1] (0.00ns)   --->   "%br_ln117 = br void %arrayidx92.exit" [kernel_MHSA.cpp:117]   --->   Operation 153 'br' 'br_ln117' <Predicate = (trunc_ln115 == 47)> <Delay = 0.00>
ST_2 : Operation 154 [1/1] (0.00ns)   --->   "%store_ln117 = store i32 %q_head_local, i32 %empty_217" [kernel_MHSA.cpp:117]   --->   Operation 154 'store' 'store_ln117' <Predicate = (trunc_ln115 == 46)> <Delay = 0.00>
ST_2 : Operation 155 [1/1] (0.00ns)   --->   "%br_ln117 = br void %arrayidx92.exit" [kernel_MHSA.cpp:117]   --->   Operation 155 'br' 'br_ln117' <Predicate = (trunc_ln115 == 46)> <Delay = 0.00>
ST_2 : Operation 156 [1/1] (0.00ns)   --->   "%store_ln117 = store i32 %q_head_local, i32 %empty_216" [kernel_MHSA.cpp:117]   --->   Operation 156 'store' 'store_ln117' <Predicate = (trunc_ln115 == 45)> <Delay = 0.00>
ST_2 : Operation 157 [1/1] (0.00ns)   --->   "%br_ln117 = br void %arrayidx92.exit" [kernel_MHSA.cpp:117]   --->   Operation 157 'br' 'br_ln117' <Predicate = (trunc_ln115 == 45)> <Delay = 0.00>
ST_2 : Operation 158 [1/1] (0.00ns)   --->   "%store_ln117 = store i32 %q_head_local, i32 %empty_215" [kernel_MHSA.cpp:117]   --->   Operation 158 'store' 'store_ln117' <Predicate = (trunc_ln115 == 44)> <Delay = 0.00>
ST_2 : Operation 159 [1/1] (0.00ns)   --->   "%br_ln117 = br void %arrayidx92.exit" [kernel_MHSA.cpp:117]   --->   Operation 159 'br' 'br_ln117' <Predicate = (trunc_ln115 == 44)> <Delay = 0.00>
ST_2 : Operation 160 [1/1] (0.00ns)   --->   "%store_ln117 = store i32 %q_head_local, i32 %empty_214" [kernel_MHSA.cpp:117]   --->   Operation 160 'store' 'store_ln117' <Predicate = (trunc_ln115 == 43)> <Delay = 0.00>
ST_2 : Operation 161 [1/1] (0.00ns)   --->   "%br_ln117 = br void %arrayidx92.exit" [kernel_MHSA.cpp:117]   --->   Operation 161 'br' 'br_ln117' <Predicate = (trunc_ln115 == 43)> <Delay = 0.00>
ST_2 : Operation 162 [1/1] (0.00ns)   --->   "%store_ln117 = store i32 %q_head_local, i32 %empty_213" [kernel_MHSA.cpp:117]   --->   Operation 162 'store' 'store_ln117' <Predicate = (trunc_ln115 == 42)> <Delay = 0.00>
ST_2 : Operation 163 [1/1] (0.00ns)   --->   "%br_ln117 = br void %arrayidx92.exit" [kernel_MHSA.cpp:117]   --->   Operation 163 'br' 'br_ln117' <Predicate = (trunc_ln115 == 42)> <Delay = 0.00>
ST_2 : Operation 164 [1/1] (0.00ns)   --->   "%store_ln117 = store i32 %q_head_local, i32 %empty_212" [kernel_MHSA.cpp:117]   --->   Operation 164 'store' 'store_ln117' <Predicate = (trunc_ln115 == 41)> <Delay = 0.00>
ST_2 : Operation 165 [1/1] (0.00ns)   --->   "%br_ln117 = br void %arrayidx92.exit" [kernel_MHSA.cpp:117]   --->   Operation 165 'br' 'br_ln117' <Predicate = (trunc_ln115 == 41)> <Delay = 0.00>
ST_2 : Operation 166 [1/1] (0.00ns)   --->   "%store_ln117 = store i32 %q_head_local, i32 %empty_211" [kernel_MHSA.cpp:117]   --->   Operation 166 'store' 'store_ln117' <Predicate = (trunc_ln115 == 40)> <Delay = 0.00>
ST_2 : Operation 167 [1/1] (0.00ns)   --->   "%br_ln117 = br void %arrayidx92.exit" [kernel_MHSA.cpp:117]   --->   Operation 167 'br' 'br_ln117' <Predicate = (trunc_ln115 == 40)> <Delay = 0.00>
ST_2 : Operation 168 [1/1] (0.00ns)   --->   "%store_ln117 = store i32 %q_head_local, i32 %empty_210" [kernel_MHSA.cpp:117]   --->   Operation 168 'store' 'store_ln117' <Predicate = (trunc_ln115 == 39)> <Delay = 0.00>
ST_2 : Operation 169 [1/1] (0.00ns)   --->   "%br_ln117 = br void %arrayidx92.exit" [kernel_MHSA.cpp:117]   --->   Operation 169 'br' 'br_ln117' <Predicate = (trunc_ln115 == 39)> <Delay = 0.00>
ST_2 : Operation 170 [1/1] (0.00ns)   --->   "%store_ln117 = store i32 %q_head_local, i32 %empty_209" [kernel_MHSA.cpp:117]   --->   Operation 170 'store' 'store_ln117' <Predicate = (trunc_ln115 == 38)> <Delay = 0.00>
ST_2 : Operation 171 [1/1] (0.00ns)   --->   "%br_ln117 = br void %arrayidx92.exit" [kernel_MHSA.cpp:117]   --->   Operation 171 'br' 'br_ln117' <Predicate = (trunc_ln115 == 38)> <Delay = 0.00>
ST_2 : Operation 172 [1/1] (0.00ns)   --->   "%store_ln117 = store i32 %q_head_local, i32 %empty_208" [kernel_MHSA.cpp:117]   --->   Operation 172 'store' 'store_ln117' <Predicate = (trunc_ln115 == 37)> <Delay = 0.00>
ST_2 : Operation 173 [1/1] (0.00ns)   --->   "%br_ln117 = br void %arrayidx92.exit" [kernel_MHSA.cpp:117]   --->   Operation 173 'br' 'br_ln117' <Predicate = (trunc_ln115 == 37)> <Delay = 0.00>
ST_2 : Operation 174 [1/1] (0.00ns)   --->   "%store_ln117 = store i32 %q_head_local, i32 %empty_207" [kernel_MHSA.cpp:117]   --->   Operation 174 'store' 'store_ln117' <Predicate = (trunc_ln115 == 36)> <Delay = 0.00>
ST_2 : Operation 175 [1/1] (0.00ns)   --->   "%br_ln117 = br void %arrayidx92.exit" [kernel_MHSA.cpp:117]   --->   Operation 175 'br' 'br_ln117' <Predicate = (trunc_ln115 == 36)> <Delay = 0.00>
ST_2 : Operation 176 [1/1] (0.00ns)   --->   "%store_ln117 = store i32 %q_head_local, i32 %empty_206" [kernel_MHSA.cpp:117]   --->   Operation 176 'store' 'store_ln117' <Predicate = (trunc_ln115 == 35)> <Delay = 0.00>
ST_2 : Operation 177 [1/1] (0.00ns)   --->   "%br_ln117 = br void %arrayidx92.exit" [kernel_MHSA.cpp:117]   --->   Operation 177 'br' 'br_ln117' <Predicate = (trunc_ln115 == 35)> <Delay = 0.00>
ST_2 : Operation 178 [1/1] (0.00ns)   --->   "%store_ln117 = store i32 %q_head_local, i32 %empty_205" [kernel_MHSA.cpp:117]   --->   Operation 178 'store' 'store_ln117' <Predicate = (trunc_ln115 == 34)> <Delay = 0.00>
ST_2 : Operation 179 [1/1] (0.00ns)   --->   "%br_ln117 = br void %arrayidx92.exit" [kernel_MHSA.cpp:117]   --->   Operation 179 'br' 'br_ln117' <Predicate = (trunc_ln115 == 34)> <Delay = 0.00>
ST_2 : Operation 180 [1/1] (0.00ns)   --->   "%store_ln117 = store i32 %q_head_local, i32 %empty_204" [kernel_MHSA.cpp:117]   --->   Operation 180 'store' 'store_ln117' <Predicate = (trunc_ln115 == 33)> <Delay = 0.00>
ST_2 : Operation 181 [1/1] (0.00ns)   --->   "%br_ln117 = br void %arrayidx92.exit" [kernel_MHSA.cpp:117]   --->   Operation 181 'br' 'br_ln117' <Predicate = (trunc_ln115 == 33)> <Delay = 0.00>
ST_2 : Operation 182 [1/1] (0.00ns)   --->   "%store_ln117 = store i32 %q_head_local, i32 %empty_203" [kernel_MHSA.cpp:117]   --->   Operation 182 'store' 'store_ln117' <Predicate = (trunc_ln115 == 32)> <Delay = 0.00>
ST_2 : Operation 183 [1/1] (0.00ns)   --->   "%br_ln117 = br void %arrayidx92.exit" [kernel_MHSA.cpp:117]   --->   Operation 183 'br' 'br_ln117' <Predicate = (trunc_ln115 == 32)> <Delay = 0.00>
ST_2 : Operation 184 [1/1] (0.00ns)   --->   "%store_ln117 = store i32 %q_head_local, i32 %empty_202" [kernel_MHSA.cpp:117]   --->   Operation 184 'store' 'store_ln117' <Predicate = (trunc_ln115 == 31)> <Delay = 0.00>
ST_2 : Operation 185 [1/1] (0.00ns)   --->   "%br_ln117 = br void %arrayidx92.exit" [kernel_MHSA.cpp:117]   --->   Operation 185 'br' 'br_ln117' <Predicate = (trunc_ln115 == 31)> <Delay = 0.00>
ST_2 : Operation 186 [1/1] (0.00ns)   --->   "%store_ln117 = store i32 %q_head_local, i32 %empty_201" [kernel_MHSA.cpp:117]   --->   Operation 186 'store' 'store_ln117' <Predicate = (trunc_ln115 == 30)> <Delay = 0.00>
ST_2 : Operation 187 [1/1] (0.00ns)   --->   "%br_ln117 = br void %arrayidx92.exit" [kernel_MHSA.cpp:117]   --->   Operation 187 'br' 'br_ln117' <Predicate = (trunc_ln115 == 30)> <Delay = 0.00>
ST_2 : Operation 188 [1/1] (0.00ns)   --->   "%store_ln117 = store i32 %q_head_local, i32 %empty_200" [kernel_MHSA.cpp:117]   --->   Operation 188 'store' 'store_ln117' <Predicate = (trunc_ln115 == 29)> <Delay = 0.00>
ST_2 : Operation 189 [1/1] (0.00ns)   --->   "%br_ln117 = br void %arrayidx92.exit" [kernel_MHSA.cpp:117]   --->   Operation 189 'br' 'br_ln117' <Predicate = (trunc_ln115 == 29)> <Delay = 0.00>
ST_2 : Operation 190 [1/1] (0.00ns)   --->   "%store_ln117 = store i32 %q_head_local, i32 %empty_199" [kernel_MHSA.cpp:117]   --->   Operation 190 'store' 'store_ln117' <Predicate = (trunc_ln115 == 28)> <Delay = 0.00>
ST_2 : Operation 191 [1/1] (0.00ns)   --->   "%br_ln117 = br void %arrayidx92.exit" [kernel_MHSA.cpp:117]   --->   Operation 191 'br' 'br_ln117' <Predicate = (trunc_ln115 == 28)> <Delay = 0.00>
ST_2 : Operation 192 [1/1] (0.00ns)   --->   "%store_ln117 = store i32 %q_head_local, i32 %empty_198" [kernel_MHSA.cpp:117]   --->   Operation 192 'store' 'store_ln117' <Predicate = (trunc_ln115 == 27)> <Delay = 0.00>
ST_2 : Operation 193 [1/1] (0.00ns)   --->   "%br_ln117 = br void %arrayidx92.exit" [kernel_MHSA.cpp:117]   --->   Operation 193 'br' 'br_ln117' <Predicate = (trunc_ln115 == 27)> <Delay = 0.00>
ST_2 : Operation 194 [1/1] (0.00ns)   --->   "%store_ln117 = store i32 %q_head_local, i32 %empty_197" [kernel_MHSA.cpp:117]   --->   Operation 194 'store' 'store_ln117' <Predicate = (trunc_ln115 == 26)> <Delay = 0.00>
ST_2 : Operation 195 [1/1] (0.00ns)   --->   "%br_ln117 = br void %arrayidx92.exit" [kernel_MHSA.cpp:117]   --->   Operation 195 'br' 'br_ln117' <Predicate = (trunc_ln115 == 26)> <Delay = 0.00>
ST_2 : Operation 196 [1/1] (0.00ns)   --->   "%store_ln117 = store i32 %q_head_local, i32 %empty_196" [kernel_MHSA.cpp:117]   --->   Operation 196 'store' 'store_ln117' <Predicate = (trunc_ln115 == 25)> <Delay = 0.00>
ST_2 : Operation 197 [1/1] (0.00ns)   --->   "%br_ln117 = br void %arrayidx92.exit" [kernel_MHSA.cpp:117]   --->   Operation 197 'br' 'br_ln117' <Predicate = (trunc_ln115 == 25)> <Delay = 0.00>
ST_2 : Operation 198 [1/1] (0.00ns)   --->   "%store_ln117 = store i32 %q_head_local, i32 %empty_195" [kernel_MHSA.cpp:117]   --->   Operation 198 'store' 'store_ln117' <Predicate = (trunc_ln115 == 24)> <Delay = 0.00>
ST_2 : Operation 199 [1/1] (0.00ns)   --->   "%br_ln117 = br void %arrayidx92.exit" [kernel_MHSA.cpp:117]   --->   Operation 199 'br' 'br_ln117' <Predicate = (trunc_ln115 == 24)> <Delay = 0.00>
ST_2 : Operation 200 [1/1] (0.00ns)   --->   "%store_ln117 = store i32 %q_head_local, i32 %empty_194" [kernel_MHSA.cpp:117]   --->   Operation 200 'store' 'store_ln117' <Predicate = (trunc_ln115 == 23)> <Delay = 0.00>
ST_2 : Operation 201 [1/1] (0.00ns)   --->   "%br_ln117 = br void %arrayidx92.exit" [kernel_MHSA.cpp:117]   --->   Operation 201 'br' 'br_ln117' <Predicate = (trunc_ln115 == 23)> <Delay = 0.00>
ST_2 : Operation 202 [1/1] (0.00ns)   --->   "%store_ln117 = store i32 %q_head_local, i32 %empty_193" [kernel_MHSA.cpp:117]   --->   Operation 202 'store' 'store_ln117' <Predicate = (trunc_ln115 == 22)> <Delay = 0.00>
ST_2 : Operation 203 [1/1] (0.00ns)   --->   "%br_ln117 = br void %arrayidx92.exit" [kernel_MHSA.cpp:117]   --->   Operation 203 'br' 'br_ln117' <Predicate = (trunc_ln115 == 22)> <Delay = 0.00>
ST_2 : Operation 204 [1/1] (0.00ns)   --->   "%store_ln117 = store i32 %q_head_local, i32 %empty_192" [kernel_MHSA.cpp:117]   --->   Operation 204 'store' 'store_ln117' <Predicate = (trunc_ln115 == 21)> <Delay = 0.00>
ST_2 : Operation 205 [1/1] (0.00ns)   --->   "%br_ln117 = br void %arrayidx92.exit" [kernel_MHSA.cpp:117]   --->   Operation 205 'br' 'br_ln117' <Predicate = (trunc_ln115 == 21)> <Delay = 0.00>
ST_2 : Operation 206 [1/1] (0.00ns)   --->   "%store_ln117 = store i32 %q_head_local, i32 %empty_191" [kernel_MHSA.cpp:117]   --->   Operation 206 'store' 'store_ln117' <Predicate = (trunc_ln115 == 20)> <Delay = 0.00>
ST_2 : Operation 207 [1/1] (0.00ns)   --->   "%br_ln117 = br void %arrayidx92.exit" [kernel_MHSA.cpp:117]   --->   Operation 207 'br' 'br_ln117' <Predicate = (trunc_ln115 == 20)> <Delay = 0.00>
ST_2 : Operation 208 [1/1] (0.00ns)   --->   "%store_ln117 = store i32 %q_head_local, i32 %empty_190" [kernel_MHSA.cpp:117]   --->   Operation 208 'store' 'store_ln117' <Predicate = (trunc_ln115 == 19)> <Delay = 0.00>
ST_2 : Operation 209 [1/1] (0.00ns)   --->   "%br_ln117 = br void %arrayidx92.exit" [kernel_MHSA.cpp:117]   --->   Operation 209 'br' 'br_ln117' <Predicate = (trunc_ln115 == 19)> <Delay = 0.00>
ST_2 : Operation 210 [1/1] (0.00ns)   --->   "%store_ln117 = store i32 %q_head_local, i32 %empty_189" [kernel_MHSA.cpp:117]   --->   Operation 210 'store' 'store_ln117' <Predicate = (trunc_ln115 == 18)> <Delay = 0.00>
ST_2 : Operation 211 [1/1] (0.00ns)   --->   "%br_ln117 = br void %arrayidx92.exit" [kernel_MHSA.cpp:117]   --->   Operation 211 'br' 'br_ln117' <Predicate = (trunc_ln115 == 18)> <Delay = 0.00>
ST_2 : Operation 212 [1/1] (0.00ns)   --->   "%store_ln117 = store i32 %q_head_local, i32 %empty_188" [kernel_MHSA.cpp:117]   --->   Operation 212 'store' 'store_ln117' <Predicate = (trunc_ln115 == 17)> <Delay = 0.00>
ST_2 : Operation 213 [1/1] (0.00ns)   --->   "%br_ln117 = br void %arrayidx92.exit" [kernel_MHSA.cpp:117]   --->   Operation 213 'br' 'br_ln117' <Predicate = (trunc_ln115 == 17)> <Delay = 0.00>
ST_2 : Operation 214 [1/1] (0.00ns)   --->   "%store_ln117 = store i32 %q_head_local, i32 %empty_187" [kernel_MHSA.cpp:117]   --->   Operation 214 'store' 'store_ln117' <Predicate = (trunc_ln115 == 16)> <Delay = 0.00>
ST_2 : Operation 215 [1/1] (0.00ns)   --->   "%br_ln117 = br void %arrayidx92.exit" [kernel_MHSA.cpp:117]   --->   Operation 215 'br' 'br_ln117' <Predicate = (trunc_ln115 == 16)> <Delay = 0.00>
ST_2 : Operation 216 [1/1] (0.00ns)   --->   "%store_ln117 = store i32 %q_head_local, i32 %empty_186" [kernel_MHSA.cpp:117]   --->   Operation 216 'store' 'store_ln117' <Predicate = (trunc_ln115 == 15)> <Delay = 0.00>
ST_2 : Operation 217 [1/1] (0.00ns)   --->   "%br_ln117 = br void %arrayidx92.exit" [kernel_MHSA.cpp:117]   --->   Operation 217 'br' 'br_ln117' <Predicate = (trunc_ln115 == 15)> <Delay = 0.00>
ST_2 : Operation 218 [1/1] (0.00ns)   --->   "%store_ln117 = store i32 %q_head_local, i32 %empty_185" [kernel_MHSA.cpp:117]   --->   Operation 218 'store' 'store_ln117' <Predicate = (trunc_ln115 == 14)> <Delay = 0.00>
ST_2 : Operation 219 [1/1] (0.00ns)   --->   "%br_ln117 = br void %arrayidx92.exit" [kernel_MHSA.cpp:117]   --->   Operation 219 'br' 'br_ln117' <Predicate = (trunc_ln115 == 14)> <Delay = 0.00>
ST_2 : Operation 220 [1/1] (0.00ns)   --->   "%store_ln117 = store i32 %q_head_local, i32 %empty_184" [kernel_MHSA.cpp:117]   --->   Operation 220 'store' 'store_ln117' <Predicate = (trunc_ln115 == 13)> <Delay = 0.00>
ST_2 : Operation 221 [1/1] (0.00ns)   --->   "%br_ln117 = br void %arrayidx92.exit" [kernel_MHSA.cpp:117]   --->   Operation 221 'br' 'br_ln117' <Predicate = (trunc_ln115 == 13)> <Delay = 0.00>
ST_2 : Operation 222 [1/1] (0.00ns)   --->   "%store_ln117 = store i32 %q_head_local, i32 %empty_183" [kernel_MHSA.cpp:117]   --->   Operation 222 'store' 'store_ln117' <Predicate = (trunc_ln115 == 12)> <Delay = 0.00>
ST_2 : Operation 223 [1/1] (0.00ns)   --->   "%br_ln117 = br void %arrayidx92.exit" [kernel_MHSA.cpp:117]   --->   Operation 223 'br' 'br_ln117' <Predicate = (trunc_ln115 == 12)> <Delay = 0.00>
ST_2 : Operation 224 [1/1] (0.00ns)   --->   "%store_ln117 = store i32 %q_head_local, i32 %empty_182" [kernel_MHSA.cpp:117]   --->   Operation 224 'store' 'store_ln117' <Predicate = (trunc_ln115 == 11)> <Delay = 0.00>
ST_2 : Operation 225 [1/1] (0.00ns)   --->   "%br_ln117 = br void %arrayidx92.exit" [kernel_MHSA.cpp:117]   --->   Operation 225 'br' 'br_ln117' <Predicate = (trunc_ln115 == 11)> <Delay = 0.00>
ST_2 : Operation 226 [1/1] (0.00ns)   --->   "%store_ln117 = store i32 %q_head_local, i32 %empty_181" [kernel_MHSA.cpp:117]   --->   Operation 226 'store' 'store_ln117' <Predicate = (trunc_ln115 == 10)> <Delay = 0.00>
ST_2 : Operation 227 [1/1] (0.00ns)   --->   "%br_ln117 = br void %arrayidx92.exit" [kernel_MHSA.cpp:117]   --->   Operation 227 'br' 'br_ln117' <Predicate = (trunc_ln115 == 10)> <Delay = 0.00>
ST_2 : Operation 228 [1/1] (0.00ns)   --->   "%store_ln117 = store i32 %q_head_local, i32 %empty_180" [kernel_MHSA.cpp:117]   --->   Operation 228 'store' 'store_ln117' <Predicate = (trunc_ln115 == 9)> <Delay = 0.00>
ST_2 : Operation 229 [1/1] (0.00ns)   --->   "%br_ln117 = br void %arrayidx92.exit" [kernel_MHSA.cpp:117]   --->   Operation 229 'br' 'br_ln117' <Predicate = (trunc_ln115 == 9)> <Delay = 0.00>
ST_2 : Operation 230 [1/1] (0.00ns)   --->   "%store_ln117 = store i32 %q_head_local, i32 %empty_179" [kernel_MHSA.cpp:117]   --->   Operation 230 'store' 'store_ln117' <Predicate = (trunc_ln115 == 8)> <Delay = 0.00>
ST_2 : Operation 231 [1/1] (0.00ns)   --->   "%br_ln117 = br void %arrayidx92.exit" [kernel_MHSA.cpp:117]   --->   Operation 231 'br' 'br_ln117' <Predicate = (trunc_ln115 == 8)> <Delay = 0.00>
ST_2 : Operation 232 [1/1] (0.00ns)   --->   "%store_ln117 = store i32 %q_head_local, i32 %empty_178" [kernel_MHSA.cpp:117]   --->   Operation 232 'store' 'store_ln117' <Predicate = (trunc_ln115 == 7)> <Delay = 0.00>
ST_2 : Operation 233 [1/1] (0.00ns)   --->   "%br_ln117 = br void %arrayidx92.exit" [kernel_MHSA.cpp:117]   --->   Operation 233 'br' 'br_ln117' <Predicate = (trunc_ln115 == 7)> <Delay = 0.00>
ST_2 : Operation 234 [1/1] (0.00ns)   --->   "%store_ln117 = store i32 %q_head_local, i32 %empty_177" [kernel_MHSA.cpp:117]   --->   Operation 234 'store' 'store_ln117' <Predicate = (trunc_ln115 == 6)> <Delay = 0.00>
ST_2 : Operation 235 [1/1] (0.00ns)   --->   "%br_ln117 = br void %arrayidx92.exit" [kernel_MHSA.cpp:117]   --->   Operation 235 'br' 'br_ln117' <Predicate = (trunc_ln115 == 6)> <Delay = 0.00>
ST_2 : Operation 236 [1/1] (0.00ns)   --->   "%store_ln117 = store i32 %q_head_local, i32 %empty_176" [kernel_MHSA.cpp:117]   --->   Operation 236 'store' 'store_ln117' <Predicate = (trunc_ln115 == 5)> <Delay = 0.00>
ST_2 : Operation 237 [1/1] (0.00ns)   --->   "%br_ln117 = br void %arrayidx92.exit" [kernel_MHSA.cpp:117]   --->   Operation 237 'br' 'br_ln117' <Predicate = (trunc_ln115 == 5)> <Delay = 0.00>
ST_2 : Operation 238 [1/1] (0.00ns)   --->   "%store_ln117 = store i32 %q_head_local, i32 %empty_175" [kernel_MHSA.cpp:117]   --->   Operation 238 'store' 'store_ln117' <Predicate = (trunc_ln115 == 4)> <Delay = 0.00>
ST_2 : Operation 239 [1/1] (0.00ns)   --->   "%br_ln117 = br void %arrayidx92.exit" [kernel_MHSA.cpp:117]   --->   Operation 239 'br' 'br_ln117' <Predicate = (trunc_ln115 == 4)> <Delay = 0.00>
ST_2 : Operation 240 [1/1] (0.00ns)   --->   "%store_ln117 = store i32 %q_head_local, i32 %empty_174" [kernel_MHSA.cpp:117]   --->   Operation 240 'store' 'store_ln117' <Predicate = (trunc_ln115 == 3)> <Delay = 0.00>
ST_2 : Operation 241 [1/1] (0.00ns)   --->   "%br_ln117 = br void %arrayidx92.exit" [kernel_MHSA.cpp:117]   --->   Operation 241 'br' 'br_ln117' <Predicate = (trunc_ln115 == 3)> <Delay = 0.00>
ST_2 : Operation 242 [1/1] (0.00ns)   --->   "%store_ln117 = store i32 %q_head_local, i32 %empty_173" [kernel_MHSA.cpp:117]   --->   Operation 242 'store' 'store_ln117' <Predicate = (trunc_ln115 == 2)> <Delay = 0.00>
ST_2 : Operation 243 [1/1] (0.00ns)   --->   "%br_ln117 = br void %arrayidx92.exit" [kernel_MHSA.cpp:117]   --->   Operation 243 'br' 'br_ln117' <Predicate = (trunc_ln115 == 2)> <Delay = 0.00>
ST_2 : Operation 244 [1/1] (0.00ns)   --->   "%store_ln117 = store i32 %q_head_local, i32 %empty_172" [kernel_MHSA.cpp:117]   --->   Operation 244 'store' 'store_ln117' <Predicate = (trunc_ln115 == 1)> <Delay = 0.00>
ST_2 : Operation 245 [1/1] (0.00ns)   --->   "%br_ln117 = br void %arrayidx92.exit" [kernel_MHSA.cpp:117]   --->   Operation 245 'br' 'br_ln117' <Predicate = (trunc_ln115 == 1)> <Delay = 0.00>
ST_2 : Operation 246 [1/1] (0.00ns)   --->   "%store_ln117 = store i32 %q_head_local, i32 %empty" [kernel_MHSA.cpp:117]   --->   Operation 246 'store' 'store_ln117' <Predicate = (trunc_ln115 == 0)> <Delay = 0.00>
ST_2 : Operation 247 [1/1] (0.00ns)   --->   "%br_ln117 = br void %arrayidx92.exit" [kernel_MHSA.cpp:117]   --->   Operation 247 'br' 'br_ln117' <Predicate = (trunc_ln115 == 0)> <Delay = 0.00>
ST_2 : Operation 248 [1/1] (0.00ns)   --->   "%store_ln117 = store i32 %q_head_local, i32 %empty_234" [kernel_MHSA.cpp:117]   --->   Operation 248 'store' 'store_ln117' <Predicate = (trunc_ln115 == 63)> <Delay = 0.00>
ST_2 : Operation 249 [1/1] (0.00ns)   --->   "%br_ln117 = br void %arrayidx92.exit" [kernel_MHSA.cpp:117]   --->   Operation 249 'br' 'br_ln117' <Predicate = (trunc_ln115 == 63)> <Delay = 0.00>


============================================================
+ Verbose Summary: Timing violations
============================================================
Target clock period: 4.000ns, clock uncertainty: 1.080ns.

 <State 1>: 1.744ns
The critical path consists of the following:
	'store' operation 0 bit ('store_ln115', kernel_MHSA.cpp:115) of constant 0 on local variable 'j', kernel_MHSA.cpp:115 [140]  (0.360 ns)
	'load' operation 7 bit ('j', kernel_MHSA.cpp:115) on local variable 'j', kernel_MHSA.cpp:115 [143]  (0.000 ns)
	'add' operation 7 bit ('add_ln117', kernel_MHSA.cpp:117) [155]  (0.663 ns)
	'getelementptr' operation 7 bit ('out_q_rope_addr', kernel_MHSA.cpp:117) [157]  (0.000 ns)
	'muxlogic' operation 32 bit ('muxLogicRAMAddr_to_out_q_rope_load') [165]  (0.000 ns)
	'load' operation 32 bit ('out_q_rope_load', kernel_MHSA.cpp:117) on array 'out_q_rope' [166]  (0.721 ns)

 <State 2>: 1.575ns
The critical path consists of the following:
	'load' operation 32 bit ('out_q_rope_load', kernel_MHSA.cpp:117) on array 'out_q_rope' [166]  (0.870 ns)
	'sparsemux' operation 32 bit ('q_head_local', kernel_MHSA.cpp:117) [181]  (0.705 ns)
	'store' operation 0 bit ('store_ln117', kernel_MHSA.cpp:117) of variable 'q_head_local', kernel_MHSA.cpp:117 on local variable 'empty_198' [289]  (0.000 ns)


============================================================
+ Verbose Summary: Binding
============================================================
N/A
* FSMD analyzer results:
  - Output states:
 - Input state : 
  - Chain level:
	State 1
	State 2


============================================================
+ Verbose Summary: Datapath Resource usage 
============================================================
N/A
