

================================================================
== Vitis HLS Report for 'matmul_216_1'
================================================================
* Date:           Thu Oct  2 21:25:29 2025

* Version:        2025.1 (Build 6135595 on May 21 2025)
* Project:        mhsa_prj
* Solution:       solution1 (Vivado IP Flow Target)
* Product family: versalhbm
* Target device:  xcv80-lsva4737-2MHP-e-S


================================================================
== Performance Estimates
================================================================
+ Timing: 
    * Summary: 
    +--------+---------+----------+------------+
    |  Clock |  Target | Estimated| Uncertainty|
    +--------+---------+----------+------------+
    |ap_clk  |  4.00 ns|  3.373 ns|     1.08 ns|
    +--------+---------+----------+------------+

+ Latency: 
    * Summary: 
    +---------+---------+----------+----------+--------+--------+----------+
    |  Latency (cycles) |  Latency (absolute) |     Interval    | Pipeline |
    |   min   |   max   |    min   |    max   |   min  |   max  |   Type   |
    +---------+---------+----------+----------+--------+--------+----------+
    |   590628|   590628|  2.363 ms|  2.363 ms|  590604|  590604|  dataflow|
    +---------+---------+----------+----------+--------+--------+----------+

    + Detail: 
        * Instance: 
        N/A

        * Loop: 
        N/A

============================================================
+ Verbose Summary: Synthesis Manager
============================================================
InlineROM: 1
ExposeGlobal: 0
============================================================
+ Verbose Summary: CDFG Model
============================================================
IsTopModel: 0
ResetActiveHigh: 1
IsCombinational: 2
IsDatapathOnly: 0
HasWiredReturn: 1
HasMFsm: 0
HasVarLatency: 1
IsPipeline: 0
IsRtlPipelined: 0
IsInstanceOverlapped: 0
IsDontTouch: 0
HasImplIP: 0
IsGatedGlobalClock: 0


============================================================
+ Verbose Summary: Schedule
============================================================
* Number of FSM states : 6
* Pipeline : 0
* Dataflow Pipeline: 1
  DF-Pipeline-0: Size = 6, States = { 1 2 3 4 5 6 }

* FSM state transitions: 
1 --> 2 
2 --> 3 
3 --> 4 
4 --> 5 
5 --> 6 
6 --> 

* FSM state operations: 

State 1 <SV = 0> <Delay = 0.00>
ST_1 : Operation 7 [1/1] (0.00ns)   --->   "%i_mat_read = read i64 @_ssdm_op_Read.ap_auto.i64, i64 %i_mat"   --->   Operation 7 'read' 'i_mat_read' <Predicate = true> <Delay = 0.00>
ST_1 : Operation 8 [1/1] (0.00ns)   --->   "%i_vec_read = read i64 @_ssdm_op_Read.ap_auto.i64, i64 %i_vec"   --->   Operation 8 'read' 'i_vec_read' <Predicate = true> <Delay = 0.00>
ST_1 : Operation 9 [1/1] (0.00ns)   --->   "%vec_stream = alloca i64 1" [kernel_MatMul.cpp:96]   --->   Operation 9 'alloca' 'vec_stream' <Predicate = true> <Delay = 0.00> <CoreInst = "FIFO">   --->   Core 81 'FIFO' <Latency = 0> <II = 1> <Delay = 1.12> <Storage> <Opcode : 'read' 'write' 'nbread' 'nbwrite'> <Ports = 0> <Width = 32> <Depth = 128> <FIFO>
ST_1 : Operation 10 [1/1] (0.00ns)   --->   "%mat_stream = alloca i64 1" [kernel_MatMul.cpp:97]   --->   Operation 10 'alloca' 'mat_stream' <Predicate = true> <Delay = 0.00> <CoreInst = "FIFO">   --->   Core 81 'FIFO' <Latency = 0> <II = 1> <Delay = 1.15> <Storage> <Opcode : 'read' 'write' 'nbread' 'nbwrite'> <Ports = 0> <Width = 32> <Depth = 256> <FIFO>
ST_1 : Operation 11 [1/1] (0.00ns)   --->   "%res_stream = alloca i64 1" [kernel_MatMul.cpp:98]   --->   Operation 11 'alloca' 'res_stream' <Predicate = true> <Delay = 0.00> <CoreInst = "FIFO">   --->   Core 81 'FIFO' <Latency = 0> <II = 1> <Delay = 0.98> <Storage> <Opcode : 'read' 'write' 'nbread' 'nbwrite'> <Ports = 0> <Width = 32> <Depth = 64> <FIFO>
ST_1 : Operation 12 [2/2] (0.00ns)   --->   "%call_ln105 = call void @load_vec.5, i32 %gmem0, i64 %i_vec_read, i32 %vec_stream" [kernel_MatMul.cpp:105]   --->   Operation 12 'call' 'call_ln105' <Predicate = true> <Delay = 0.00> <CoreType = "Generic">   --->   Generic Core
ST_1 : Operation 13 [2/2] (0.00ns)   --->   "%call_ln107 = call void @load_mat_burst.6, i32 %gmem6, i64 %i_mat_read, i32 %mat_stream" [kernel_MatMul.cpp:107]   --->   Operation 13 'call' 'call_ln107' <Predicate = true> <Delay = 0.00> <CoreType = "Generic">   --->   Generic Core

State 2 <SV = 1> <Delay = 0.59>
ST_2 : Operation 14 [1/2] (0.59ns)   --->   "%call_ln105 = call void @load_vec.5, i32 %gmem0, i64 %i_vec_read, i32 %vec_stream" [kernel_MatMul.cpp:105]   --->   Operation 14 'call' 'call_ln105' <Predicate = true> <Delay = 0.59> <CoreType = "Generic">   --->   Generic Core
ST_2 : Operation 15 [1/2] (0.00ns)   --->   "%call_ln107 = call void @load_mat_burst.6, i32 %gmem6, i64 %i_mat_read, i32 %mat_stream" [kernel_MatMul.cpp:107]   --->   Operation 15 'call' 'call_ln107' <Predicate = true> <Delay = 0.00> <CoreType = "Generic">   --->   Generic Core

State 3 <SV = 2> <Delay = 0.00>
ST_3 : Operation 16 [2/2] (0.00ns)   --->   "%call_ln110 = call void @compute_vec_mat.7, i32 %vec_stream, i32 %mat_stream, i32 %res_stream" [kernel_MatMul.cpp:110]   --->   Operation 16 'call' 'call_ln110' <Predicate = true> <Delay = 0.00> <CoreType = "Generic">   --->   Generic Core

State 4 <SV = 3> <Delay = 0.00>
ST_4 : Operation 17 [1/2] (0.00ns)   --->   "%call_ln110 = call void @compute_vec_mat.7, i32 %vec_stream, i32 %mat_stream, i32 %res_stream" [kernel_MatMul.cpp:110]   --->   Operation 17 'call' 'call_ln110' <Predicate = true> <Delay = 0.00> <CoreType = "Generic">   --->   Generic Core

State 5 <SV = 4> <Delay = 0.00>
ST_5 : Operation 18 [2/2] (0.00ns)   --->   "%call_ln113 = call void @matmul.216.1_Loop_VITIS_LOOP_113_1_proc, i32 %o_vec_15, i32 %o_vec_14, i32 %o_vec_13, i32 %o_vec_12, i32 %o_vec_11, i32 %o_vec_10, i32 %o_vec_9, i32 %o_vec_8, i32 %o_vec_7, i32 %o_vec_6, i32 %o_vec_5, i32 %o_vec_4, i32 %o_vec_3, i32 %o_vec_2, i32 %o_vec_1, i32 %o_vec_0, i32 %res_stream" [kernel_MatMul.cpp:113]   --->   Operation 18 'call' 'call_ln113' <Predicate = true> <Delay = 0.00> <CoreType = "Generic">   --->   Generic Core

State 6 <SV = 5> <Delay = 1.28>
ST_6 : Operation 19 [1/1] (0.00ns)   --->   "%specstablecontent_ln104 = specstablecontent void @_ssdm_op_SpecStableContent, i64 %i_mat, i1 1, void @p_str" [kernel_MatMul.cpp:104]   --->   Operation 19 'specstablecontent' 'specstablecontent_ln104' <Predicate = true> <Delay = 0.00>
ST_6 : Operation 20 [1/1] (0.00ns)   --->   "%specstablecontent_ln104 = specstablecontent void @_ssdm_op_SpecStableContent, i32 %gmem6, i1 1, void @p_str" [kernel_MatMul.cpp:104]   --->   Operation 20 'specstablecontent' 'specstablecontent_ln104' <Predicate = true> <Delay = 0.00>
ST_6 : Operation 21 [1/1] (0.00ns)   --->   "%specstablecontent_ln104 = specstablecontent void @_ssdm_op_SpecStableContent, i64 %i_vec, i1 1, void @p_str" [kernel_MatMul.cpp:104]   --->   Operation 21 'specstablecontent' 'specstablecontent_ln104' <Predicate = true> <Delay = 0.00>
ST_6 : Operation 22 [1/1] (0.00ns)   --->   "%specstablecontent_ln104 = specstablecontent void @_ssdm_op_SpecStableContent, i32 %gmem0, i1 1, void @p_str" [kernel_MatMul.cpp:104]   --->   Operation 22 'specstablecontent' 'specstablecontent_ln104' <Predicate = true> <Delay = 0.00>
ST_6 : Operation 23 [1/1] (0.00ns)   --->   "%specdataflowpipeline_ln104 = specdataflowpipeline void @_ssdm_op_SpecDataflowPipeline, i32 4294967295, i32 0, void @empty_99" [kernel_MatMul.cpp:104]   --->   Operation 23 'specdataflowpipeline' 'specdataflowpipeline_ln104' <Predicate = true> <Delay = 0.00>
ST_6 : Operation 24 [1/1] (0.00ns)   --->   "%specmemcore_ln0 = specmemcore void @_ssdm_op_SpecMemCore, i32 %o_vec_15, i64 666, i64 22, i64 18446744073709551615"   --->   Operation 24 'specmemcore' 'specmemcore_ln0' <Predicate = true> <Delay = 0.00>
ST_6 : Operation 25 [1/1] (0.00ns)   --->   "%specmemcore_ln0 = specmemcore void @_ssdm_op_SpecMemCore, i32 %o_vec_14, i64 666, i64 22, i64 18446744073709551615"   --->   Operation 25 'specmemcore' 'specmemcore_ln0' <Predicate = true> <Delay = 0.00>
ST_6 : Operation 26 [1/1] (0.00ns)   --->   "%specmemcore_ln0 = specmemcore void @_ssdm_op_SpecMemCore, i32 %o_vec_13, i64 666, i64 22, i64 18446744073709551615"   --->   Operation 26 'specmemcore' 'specmemcore_ln0' <Predicate = true> <Delay = 0.00>
ST_6 : Operation 27 [1/1] (0.00ns)   --->   "%specmemcore_ln0 = specmemcore void @_ssdm_op_SpecMemCore, i32 %o_vec_12, i64 666, i64 22, i64 18446744073709551615"   --->   Operation 27 'specmemcore' 'specmemcore_ln0' <Predicate = true> <Delay = 0.00>
ST_6 : Operation 28 [1/1] (0.00ns)   --->   "%specmemcore_ln0 = specmemcore void @_ssdm_op_SpecMemCore, i32 %o_vec_11, i64 666, i64 22, i64 18446744073709551615"   --->   Operation 28 'specmemcore' 'specmemcore_ln0' <Predicate = true> <Delay = 0.00>
ST_6 : Operation 29 [1/1] (0.00ns)   --->   "%specmemcore_ln0 = specmemcore void @_ssdm_op_SpecMemCore, i32 %o_vec_10, i64 666, i64 22, i64 18446744073709551615"   --->   Operation 29 'specmemcore' 'specmemcore_ln0' <Predicate = true> <Delay = 0.00>
ST_6 : Operation 30 [1/1] (0.00ns)   --->   "%specmemcore_ln0 = specmemcore void @_ssdm_op_SpecMemCore, i32 %o_vec_9, i64 666, i64 22, i64 18446744073709551615"   --->   Operation 30 'specmemcore' 'specmemcore_ln0' <Predicate = true> <Delay = 0.00>
ST_6 : Operation 31 [1/1] (0.00ns)   --->   "%specmemcore_ln0 = specmemcore void @_ssdm_op_SpecMemCore, i32 %o_vec_8, i64 666, i64 22, i64 18446744073709551615"   --->   Operation 31 'specmemcore' 'specmemcore_ln0' <Predicate = true> <Delay = 0.00>
ST_6 : Operation 32 [1/1] (0.00ns)   --->   "%specmemcore_ln0 = specmemcore void @_ssdm_op_SpecMemCore, i32 %o_vec_7, i64 666, i64 22, i64 18446744073709551615"   --->   Operation 32 'specmemcore' 'specmemcore_ln0' <Predicate = true> <Delay = 0.00>
ST_6 : Operation 33 [1/1] (0.00ns)   --->   "%specmemcore_ln0 = specmemcore void @_ssdm_op_SpecMemCore, i32 %o_vec_6, i64 666, i64 22, i64 18446744073709551615"   --->   Operation 33 'specmemcore' 'specmemcore_ln0' <Predicate = true> <Delay = 0.00>
ST_6 : Operation 34 [1/1] (0.00ns)   --->   "%specmemcore_ln0 = specmemcore void @_ssdm_op_SpecMemCore, i32 %o_vec_5, i64 666, i64 22, i64 18446744073709551615"   --->   Operation 34 'specmemcore' 'specmemcore_ln0' <Predicate = true> <Delay = 0.00>
ST_6 : Operation 35 [1/1] (0.00ns)   --->   "%specmemcore_ln0 = specmemcore void @_ssdm_op_SpecMemCore, i32 %o_vec_4, i64 666, i64 22, i64 18446744073709551615"   --->   Operation 35 'specmemcore' 'specmemcore_ln0' <Predicate = true> <Delay = 0.00>
ST_6 : Operation 36 [1/1] (0.00ns)   --->   "%specmemcore_ln0 = specmemcore void @_ssdm_op_SpecMemCore, i32 %o_vec_3, i64 666, i64 22, i64 18446744073709551615"   --->   Operation 36 'specmemcore' 'specmemcore_ln0' <Predicate = true> <Delay = 0.00>
ST_6 : Operation 37 [1/1] (0.00ns)   --->   "%specmemcore_ln0 = specmemcore void @_ssdm_op_SpecMemCore, i32 %o_vec_2, i64 666, i64 22, i64 18446744073709551615"   --->   Operation 37 'specmemcore' 'specmemcore_ln0' <Predicate = true> <Delay = 0.00>
ST_6 : Operation 38 [1/1] (0.00ns)   --->   "%specmemcore_ln0 = specmemcore void @_ssdm_op_SpecMemCore, i32 %o_vec_1, i64 666, i64 22, i64 18446744073709551615"   --->   Operation 38 'specmemcore' 'specmemcore_ln0' <Predicate = true> <Delay = 0.00>
ST_6 : Operation 39 [1/1] (0.00ns)   --->   "%specmemcore_ln0 = specmemcore void @_ssdm_op_SpecMemCore, i32 %o_vec_0, i64 666, i64 22, i64 18446744073709551615"   --->   Operation 39 'specmemcore' 'specmemcore_ln0' <Predicate = true> <Delay = 0.00>
ST_6 : Operation 40 [1/1] (0.00ns)   --->   "%specinterface_ln0 = specinterface void @_ssdm_op_SpecInterface, i32 %gmem0, void @empty_50, i32 0, i32 0, void @empty_99, i32 0, i32 0, void @empty_51, void @empty_52, void @empty_99, i32 16, i32 16, i32 256, i32 256, void @empty_99, void @empty_99, i32 4294967295, i32 0, i32 0"   --->   Operation 40 'specinterface' 'specinterface_ln0' <Predicate = true> <Delay = 0.00>
ST_6 : Operation 41 [1/1] (0.00ns)   --->   "%specinterface_ln0 = specinterface void @_ssdm_op_SpecInterface, i32 %gmem6, void @empty_50, i32 0, i32 0, void @empty_99, i32 0, i32 0, void @empty_55, void @empty_52, void @empty_99, i32 16, i32 16, i32 256, i32 16, void @empty_99, void @empty_99, i32 4294967295, i32 0, i32 0"   --->   Operation 41 'specinterface' 'specinterface_ln0' <Predicate = true> <Delay = 0.00>
ST_6 : Operation 42 [1/1] (0.00ns)   --->   "%empty = specchannel i32 @_ssdm_op_SpecChannel, void @vec_stream_str, i32 1, void @p_str, void @p_str, i32 128, i32 128, i32 %vec_stream, i32 %vec_stream"   --->   Operation 42 'specchannel' 'empty' <Predicate = true> <Delay = 0.00>
ST_6 : Operation 43 [1/1] (0.00ns)   --->   "%specinterface_ln0 = specinterface void @_ssdm_op_SpecInterface, i32 %vec_stream, void @empty_73, i32 0, i32 0, void @empty_99, i32 0, i32 0, void @empty_99, void @empty_99, void @empty_99, i32 0, i32 0, i32 0, i32 0, void @empty_99, void @empty_99, i32 4294967295, i32 0, i32 0"   --->   Operation 43 'specinterface' 'specinterface_ln0' <Predicate = true> <Delay = 0.00>
ST_6 : Operation 44 [1/1] (0.00ns)   --->   "%empty_179 = specchannel i32 @_ssdm_op_SpecChannel, void @mat_stream_str, i32 1, void @p_str, void @p_str, i32 256, i32 256, i32 %mat_stream, i32 %mat_stream"   --->   Operation 44 'specchannel' 'empty_179' <Predicate = true> <Delay = 0.00>
ST_6 : Operation 45 [1/1] (0.00ns)   --->   "%specinterface_ln0 = specinterface void @_ssdm_op_SpecInterface, i32 %mat_stream, void @empty_73, i32 0, i32 0, void @empty_99, i32 0, i32 0, void @empty_99, void @empty_99, void @empty_99, i32 0, i32 0, i32 0, i32 0, void @empty_99, void @empty_99, i32 4294967295, i32 0, i32 0"   --->   Operation 45 'specinterface' 'specinterface_ln0' <Predicate = true> <Delay = 0.00>
ST_6 : Operation 46 [1/1] (0.00ns)   --->   "%empty_180 = specchannel i32 @_ssdm_op_SpecChannel, void @res_stream_str, i32 1, void @p_str, void @p_str, i32 64, i32 64, i32 %res_stream, i32 %res_stream"   --->   Operation 46 'specchannel' 'empty_180' <Predicate = true> <Delay = 0.00>
ST_6 : Operation 47 [1/1] (0.00ns)   --->   "%specinterface_ln0 = specinterface void @_ssdm_op_SpecInterface, i32 %res_stream, void @empty_73, i32 0, i32 0, void @empty_99, i32 0, i32 0, void @empty_99, void @empty_99, void @empty_99, i32 0, i32 0, i32 0, i32 0, void @empty_99, void @empty_99, i32 4294967295, i32 0, i32 0"   --->   Operation 47 'specinterface' 'specinterface_ln0' <Predicate = true> <Delay = 0.00>
ST_6 : Operation 48 [1/2] (1.28ns)   --->   "%call_ln113 = call void @matmul.216.1_Loop_VITIS_LOOP_113_1_proc, i32 %o_vec_15, i32 %o_vec_14, i32 %o_vec_13, i32 %o_vec_12, i32 %o_vec_11, i32 %o_vec_10, i32 %o_vec_9, i32 %o_vec_8, i32 %o_vec_7, i32 %o_vec_6, i32 %o_vec_5, i32 %o_vec_4, i32 %o_vec_3, i32 %o_vec_2, i32 %o_vec_1, i32 %o_vec_0, i32 %res_stream" [kernel_MatMul.cpp:113]   --->   Operation 48 'call' 'call_ln113' <Predicate = true> <Delay = 1.28> <CoreType = "Generic">   --->   Generic Core
ST_6 : Operation 49 [1/1] (0.00ns)   --->   "%ret_ln117 = ret" [kernel_MatMul.cpp:117]   --->   Operation 49 'ret' 'ret_ln117' <Predicate = true> <Delay = 0.00>


============================================================
+ Verbose Summary: Timing violations
============================================================
Target clock period: 4.000ns, clock uncertainty: 1.080ns.

 <State 1>: 0.000ns
The critical path consists of the following:

 <State 2>: 0.592ns
The critical path consists of the following:
	'call' operation 0 bit ('call_ln105', kernel_MatMul.cpp:105) to 'load_vec.5' [55]  (0.592 ns)

 <State 3>: 0.000ns
The critical path consists of the following:

 <State 4>: 0.000ns
The critical path consists of the following:

 <State 5>: 0.000ns
The critical path consists of the following:

 <State 6>: 1.284ns
The critical path consists of the following:
	'call' operation 0 bit ('call_ln113', kernel_MatMul.cpp:113) to 'matmul.216.1_Loop_VITIS_LOOP_113_1_proc' [58]  (1.284 ns)


============================================================
+ Verbose Summary: Binding
============================================================
N/A
* FSMD analyzer results:
  - Output states:
 - Input state : 
  - Chain level:
	State 1
	State 2
	State 3
	State 4
	State 5
	State 6


============================================================
+ Verbose Summary: Datapath Resource usage 
============================================================
N/A
