

================================================================
== Vitis HLS Report for 'matmul_1'
================================================================
* Date:           Tue Sep 30 23:58:14 2025

* Version:        2025.1 (Build 6135595 on May 21 2025)
* Project:        mhsa_prj
* Solution:       solution1 (Vivado IP Flow Target)
* Product family: versalhbm
* Target device:  xcv80-lsva4737-2MHP-e-S


================================================================
== Performance Estimates
================================================================
+ Timing: 
    * Summary: 
    +--------+---------+----------+------------+
    |  Clock |  Target | Estimated| Uncertainty|
    +--------+---------+----------+------------+
    |ap_clk  |  4.00 ns|  3.274 ns|     1.08 ns|
    +--------+---------+----------+------------+

+ Latency: 
    * Summary: 
    +---------+---------+----------+----------+--------+--------+----------+
    |  Latency (cycles) |  Latency (absolute) |     Interval    | Pipeline |
    |   min   |   max   |    min   |    max   |   min  |   max  |   Type   |
    +---------+---------+----------+----------+--------+--------+----------+
    |   590611|   590611|  2.362 ms|  2.362 ms|  590602|  590602|  dataflow|
    +---------+---------+----------+----------+--------+--------+----------+

    + Detail: 
        * Instance: 
        N/A

        * Loop: 
        N/A

============================================================
+ Verbose Summary: Synthesis Manager
============================================================
InlineROM: 1
ExposeGlobal: 0
============================================================
+ Verbose Summary: CDFG Model
============================================================
IsTopModel: 0
ResetActiveHigh: 1
IsCombinational: 2
IsDatapathOnly: 0
HasWiredReturn: 1
HasMFsm: 0
HasVarLatency: 1
IsPipeline: 0
IsRtlPipelined: 0
IsInstanceOverlapped: 0
IsDontTouch: 0
HasImplIP: 0
IsGatedGlobalClock: 0


============================================================
+ Verbose Summary: Schedule
============================================================
* Number of FSM states : 6
* Pipeline : 0
* Dataflow Pipeline: 1
  DF-Pipeline-0: Size = 6, States = { 1 2 3 4 5 6 }

* FSM state transitions: 
1 --> 2 
2 --> 3 
3 --> 4 
4 --> 5 
5 --> 6 
6 --> 

* FSM state operations: 

State 1 <SV = 0> <Delay = 1.69>
ST_1 : Operation 7 [1/1] (0.00ns)   --->   "%i_mat_read = read i64 @_ssdm_op_Read.ap_auto.i64, i64 %i_mat"   --->   Operation 7 'read' 'i_mat_read' <Predicate = true> <Delay = 0.00>
ST_1 : Operation 8 [1/1] (0.00ns)   --->   "%vector_stream = alloca i64 1" [kernel_MatMul.cpp:81]   --->   Operation 8 'alloca' 'vector_stream' <Predicate = true> <Delay = 0.00> <CoreInst = "FIFO">   --->   Core 81 'FIFO' <Latency = 0> <II = 1> <Delay = 0.98> <Storage> <Opcode : 'read' 'write' 'nbread' 'nbwrite'> <Ports = 0> <Width = 32> <Depth = 64> <FIFO>
ST_1 : Operation 9 [1/1] (0.00ns)   --->   "%matrix_stream = alloca i64 1" [kernel_MatMul.cpp:82]   --->   Operation 9 'alloca' 'matrix_stream' <Predicate = true> <Delay = 0.00> <CoreInst = "FIFO">   --->   Core 81 'FIFO' <Latency = 0> <II = 1> <Delay = 0.98> <Storage> <Opcode : 'read' 'write' 'nbread' 'nbwrite'> <Ports = 0> <Width = 32> <Depth = 64> <FIFO>
ST_1 : Operation 10 [1/1] (0.00ns)   --->   "%result_stream = alloca i64 1" [kernel_MatMul.cpp:83]   --->   Operation 10 'alloca' 'result_stream' <Predicate = true> <Delay = 0.00> <CoreInst = "FIFO">   --->   Core 81 'FIFO' <Latency = 0> <II = 1> <Delay = 0.98> <Storage> <Opcode : 'read' 'write' 'nbread' 'nbwrite'> <Ports = 0> <Width = 32> <Depth = 64> <FIFO>
ST_1 : Operation 11 [2/2] (0.00ns)   --->   "%call_ln90 = call void @load_vec, i32 %i_vec_0, i32 %i_vec_1, i32 %i_vec_2, i32 %i_vec_3, i32 %i_vec_4, i32 %i_vec_5, i32 %i_vec_6, i32 %i_vec_7, i32 %vector_stream" [kernel_MatMul.cpp:90]   --->   Operation 11 'call' 'call_ln90' <Predicate = true> <Delay = 0.00> <CoreType = "Generic">   --->   Generic Core
ST_1 : Operation 12 [2/2] (1.69ns)   --->   "%call_ln91 = call void @load_mat, i32 %gmem1, i64 %i_mat_read, i32 %matrix_stream" [kernel_MatMul.cpp:91]   --->   Operation 12 'call' 'call_ln91' <Predicate = true> <Delay = 1.69> <CoreType = "Generic">   --->   Generic Core

State 2 <SV = 1> <Delay = 1.28>
ST_2 : Operation 13 [1/2] (1.28ns)   --->   "%call_ln90 = call void @load_vec, i32 %i_vec_0, i32 %i_vec_1, i32 %i_vec_2, i32 %i_vec_3, i32 %i_vec_4, i32 %i_vec_5, i32 %i_vec_6, i32 %i_vec_7, i32 %vector_stream" [kernel_MatMul.cpp:90]   --->   Operation 13 'call' 'call_ln90' <Predicate = true> <Delay = 1.28> <CoreType = "Generic">   --->   Generic Core
ST_2 : Operation 14 [1/2] (0.00ns)   --->   "%call_ln91 = call void @load_mat, i32 %gmem1, i64 %i_mat_read, i32 %matrix_stream" [kernel_MatMul.cpp:91]   --->   Operation 14 'call' 'call_ln91' <Predicate = true> <Delay = 0.00> <CoreType = "Generic">   --->   Generic Core

State 3 <SV = 2> <Delay = 0.00>
ST_3 : Operation 15 [2/2] (0.00ns)   --->   "%call_ln92 = call void @compute_matmul, i32 %vector_stream, i32 %matrix_stream, i32 %result_stream, i32 %compute_matmul_stream_float_0_stream_float_0_stream_float_0_vec_local, i32 %compute_matmul_stream_float_0_stream_float_0_stream_float_0_vec_local_1, i32 %compute_matmul_stream_float_0_stream_float_0_stream_float_0_vec_local_2, i32 %compute_matmul_stream_float_0_stream_float_0_stream_float_0_vec_local_3" [kernel_MatMul.cpp:92]   --->   Operation 15 'call' 'call_ln92' <Predicate = true> <Delay = 0.00> <CoreType = "Generic">   --->   Generic Core

State 4 <SV = 3> <Delay = 0.00>
ST_4 : Operation 16 [1/2] (0.00ns)   --->   "%call_ln92 = call void @compute_matmul, i32 %vector_stream, i32 %matrix_stream, i32 %result_stream, i32 %compute_matmul_stream_float_0_stream_float_0_stream_float_0_vec_local, i32 %compute_matmul_stream_float_0_stream_float_0_stream_float_0_vec_local_1, i32 %compute_matmul_stream_float_0_stream_float_0_stream_float_0_vec_local_2, i32 %compute_matmul_stream_float_0_stream_float_0_stream_float_0_vec_local_3" [kernel_MatMul.cpp:92]   --->   Operation 16 'call' 'call_ln92' <Predicate = true> <Delay = 0.00> <CoreType = "Generic">   --->   Generic Core

State 5 <SV = 4> <Delay = 0.00>
ST_5 : Operation 17 [2/2] (0.00ns)   --->   "%call_ln93 = call void @store_result, i32 %o_vec_0, i32 %o_vec_1, i32 %o_vec_2, i32 %o_vec_3, i32 %o_vec_4, i32 %o_vec_5, i32 %o_vec_6, i32 %o_vec_7, i32 %result_stream" [kernel_MatMul.cpp:93]   --->   Operation 17 'call' 'call_ln93' <Predicate = true> <Delay = 0.00> <CoreType = "Generic">   --->   Generic Core

State 6 <SV = 5> <Delay = 1.28>
ST_6 : Operation 18 [1/1] (0.00ns)   --->   "%specstablecontent_ln0 = specstablecontent void @_ssdm_op_SpecStableContent, i64 %i_mat, i1 1, void @p_str"   --->   Operation 18 'specstablecontent' 'specstablecontent_ln0' <Predicate = true> <Delay = 0.00>
ST_6 : Operation 19 [1/1] (0.00ns)   --->   "%specstablecontent_ln0 = specstablecontent void @_ssdm_op_SpecStableContent, i32 %gmem1, i1 1, void @p_str"   --->   Operation 19 'specstablecontent' 'specstablecontent_ln0' <Predicate = true> <Delay = 0.00>
ST_6 : Operation 20 [1/1] (0.00ns)   --->   "%specstablecontent_ln0 = specstablecontent void @_ssdm_op_SpecStableContent, i32 %i_vec_7, i1 1, void @p_str"   --->   Operation 20 'specstablecontent' 'specstablecontent_ln0' <Predicate = true> <Delay = 0.00>
ST_6 : Operation 21 [1/1] (0.00ns)   --->   "%specstablecontent_ln0 = specstablecontent void @_ssdm_op_SpecStableContent, i32 %i_vec_6, i1 1, void @p_str"   --->   Operation 21 'specstablecontent' 'specstablecontent_ln0' <Predicate = true> <Delay = 0.00>
ST_6 : Operation 22 [1/1] (0.00ns)   --->   "%specstablecontent_ln0 = specstablecontent void @_ssdm_op_SpecStableContent, i32 %i_vec_5, i1 1, void @p_str"   --->   Operation 22 'specstablecontent' 'specstablecontent_ln0' <Predicate = true> <Delay = 0.00>
ST_6 : Operation 23 [1/1] (0.00ns)   --->   "%specstablecontent_ln0 = specstablecontent void @_ssdm_op_SpecStableContent, i32 %i_vec_4, i1 1, void @p_str"   --->   Operation 23 'specstablecontent' 'specstablecontent_ln0' <Predicate = true> <Delay = 0.00>
ST_6 : Operation 24 [1/1] (0.00ns)   --->   "%specstablecontent_ln0 = specstablecontent void @_ssdm_op_SpecStableContent, i32 %i_vec_3, i1 1, void @p_str"   --->   Operation 24 'specstablecontent' 'specstablecontent_ln0' <Predicate = true> <Delay = 0.00>
ST_6 : Operation 25 [1/1] (0.00ns)   --->   "%specstablecontent_ln0 = specstablecontent void @_ssdm_op_SpecStableContent, i32 %i_vec_2, i1 1, void @p_str"   --->   Operation 25 'specstablecontent' 'specstablecontent_ln0' <Predicate = true> <Delay = 0.00>
ST_6 : Operation 26 [1/1] (0.00ns)   --->   "%specstablecontent_ln0 = specstablecontent void @_ssdm_op_SpecStableContent, i32 %i_vec_1, i1 1, void @p_str"   --->   Operation 26 'specstablecontent' 'specstablecontent_ln0' <Predicate = true> <Delay = 0.00>
ST_6 : Operation 27 [1/1] (0.00ns)   --->   "%specstablecontent_ln0 = specstablecontent void @_ssdm_op_SpecStableContent, i32 %i_vec_0, i1 1, void @p_str"   --->   Operation 27 'specstablecontent' 'specstablecontent_ln0' <Predicate = true> <Delay = 0.00>
ST_6 : Operation 28 [1/1] (0.00ns)   --->   "%specdataflowpipeline_ln0 = specdataflowpipeline void @_ssdm_op_SpecDataflowPipeline, i32 4294967295, i32 0, void @empty_115"   --->   Operation 28 'specdataflowpipeline' 'specdataflowpipeline_ln0' <Predicate = true> <Delay = 0.00>
ST_6 : Operation 29 [1/1] (0.00ns)   --->   "%specinterface_ln0 = specinterface void @_ssdm_op_SpecInterface, i32 %gmem1, void @empty_68, i32 0, i32 0, void @empty_115, i32 0, i32 0, void @empty_71, void @empty_70, void @empty_115, i32 16, i32 16, i32 256, i32 16, void @empty_115, void @empty_115, i32 4294967295, i32 0, i32 0"   --->   Operation 29 'specinterface' 'specinterface_ln0' <Predicate = true> <Delay = 0.00>
ST_6 : Operation 30 [1/1] (0.00ns)   --->   "%empty = specchannel i32 @_ssdm_op_SpecChannel, void @vector_stream_str, i32 1, void @p_str, void @p_str, i32 64, i32 64, i32 %vector_stream, i32 %vector_stream"   --->   Operation 30 'specchannel' 'empty' <Predicate = true> <Delay = 0.00>
ST_6 : Operation 31 [1/1] (0.00ns)   --->   "%specinterface_ln0 = specinterface void @_ssdm_op_SpecInterface, i32 %vector_stream, void @empty_101, i32 0, i32 0, void @empty_115, i32 0, i32 0, void @empty_115, void @empty_115, void @empty_115, i32 0, i32 0, i32 0, i32 0, void @empty_115, void @empty_115, i32 4294967295, i32 0, i32 0"   --->   Operation 31 'specinterface' 'specinterface_ln0' <Predicate = true> <Delay = 0.00>
ST_6 : Operation 32 [1/1] (0.00ns)   --->   "%empty_169 = specchannel i32 @_ssdm_op_SpecChannel, void @matrix_stream_str, i32 1, void @p_str, void @p_str, i32 64, i32 64, i32 %matrix_stream, i32 %matrix_stream"   --->   Operation 32 'specchannel' 'empty_169' <Predicate = true> <Delay = 0.00>
ST_6 : Operation 33 [1/1] (0.00ns)   --->   "%specinterface_ln0 = specinterface void @_ssdm_op_SpecInterface, i32 %matrix_stream, void @empty_101, i32 0, i32 0, void @empty_115, i32 0, i32 0, void @empty_115, void @empty_115, void @empty_115, i32 0, i32 0, i32 0, i32 0, void @empty_115, void @empty_115, i32 4294967295, i32 0, i32 0"   --->   Operation 33 'specinterface' 'specinterface_ln0' <Predicate = true> <Delay = 0.00>
ST_6 : Operation 34 [1/1] (0.00ns)   --->   "%empty_170 = specchannel i32 @_ssdm_op_SpecChannel, void @result_stream_str, i32 1, void @p_str, void @p_str, i32 64, i32 64, i32 %result_stream, i32 %result_stream"   --->   Operation 34 'specchannel' 'empty_170' <Predicate = true> <Delay = 0.00>
ST_6 : Operation 35 [1/1] (0.00ns)   --->   "%specinterface_ln0 = specinterface void @_ssdm_op_SpecInterface, i32 %result_stream, void @empty_101, i32 0, i32 0, void @empty_115, i32 0, i32 0, void @empty_115, void @empty_115, void @empty_115, i32 0, i32 0, i32 0, i32 0, void @empty_115, void @empty_115, i32 4294967295, i32 0, i32 0"   --->   Operation 35 'specinterface' 'specinterface_ln0' <Predicate = true> <Delay = 0.00>
ST_6 : Operation 36 [1/2] (1.28ns)   --->   "%call_ln93 = call void @store_result, i32 %o_vec_0, i32 %o_vec_1, i32 %o_vec_2, i32 %o_vec_3, i32 %o_vec_4, i32 %o_vec_5, i32 %o_vec_6, i32 %o_vec_7, i32 %result_stream" [kernel_MatMul.cpp:93]   --->   Operation 36 'call' 'call_ln93' <Predicate = true> <Delay = 1.28> <CoreType = "Generic">   --->   Generic Core
ST_6 : Operation 37 [1/1] (0.00ns)   --->   "%ret_ln94 = ret" [kernel_MatMul.cpp:94]   --->   Operation 37 'ret' 'ret_ln94' <Predicate = true> <Delay = 0.00>


============================================================
+ Verbose Summary: Timing violations
============================================================
Target clock period: 4.000ns, clock uncertainty: 1.080ns.

 <State 1>: 1.699ns
The critical path consists of the following:
	wire read operation ('i_mat_read') on port 'i_mat' [35]  (0.000 ns)
	'call' operation 0 bit ('call_ln91', kernel_MatMul.cpp:91) to 'load_mat' [46]  (1.699 ns)

 <State 2>: 1.284ns
The critical path consists of the following:
	'call' operation 0 bit ('call_ln90', kernel_MatMul.cpp:90) to 'load_vec' [45]  (1.284 ns)

 <State 3>: 0.000ns
The critical path consists of the following:

 <State 4>: 0.000ns
The critical path consists of the following:

 <State 5>: 0.000ns
The critical path consists of the following:

 <State 6>: 1.284ns
The critical path consists of the following:
	'call' operation 0 bit ('call_ln93', kernel_MatMul.cpp:93) to 'store_result' [48]  (1.284 ns)


============================================================
+ Verbose Summary: Binding
============================================================
N/A
* FSMD analyzer results:
  - Output states:
 - Input state : 
  - Chain level:
	State 1
	State 2
	State 3
	State 4
	State 5
	State 6


============================================================
+ Verbose Summary: Datapath Resource usage 
============================================================
N/A
