llama_hls_top.cpp:80:9: warning: 'Resource pragma' is deprecated, use 'bind_op/bind_storage pragma' instead [-Wignored-hls-pragmas]
#pragma HLS RESOURCE variable=k_cache core=XPM_MEMORY uram
        ^
llama_hls_top.cpp:80:59: warning: 'xpm_memory' in '#pragma HLS Resource' is deprecated, use 'Bind_Storage Pragma' instead [-Wignored-hls-pragmas]
#pragma HLS RESOURCE variable=k_cache core=XPM_MEMORY uram
                                                          ^
llama_hls_top.cpp:81:9: warning: 'Resource pragma' is deprecated, use 'bind_op/bind_storage pragma' instead [-Wignored-hls-pragmas]
#pragma HLS RESOURCE variable=v_cache core=XPM_MEMORY uram
        ^
llama_hls_top.cpp:81:59: warning: 'xpm_memory' in '#pragma HLS Resource' is deprecated, use 'Bind_Storage Pragma' instead [-Wignored-hls-pragmas]
#pragma HLS RESOURCE variable=v_cache core=XPM_MEMORY uram
                                                          ^
llama_hls_top.cpp:100:9: warning: 'Resource pragma' is deprecated, use 'bind_op/bind_storage pragma' instead [-Wignored-hls-pragmas]
#pragma HLS RESOURCE variable=hidden_state core=XPM_MEMORY uram=false
        ^
llama_hls_top.cpp:100:70: warning: 'xpm_memory' in '#pragma HLS Resource' is deprecated, use 'Bind_Storage Pragma' instead [-Wignored-hls-pragmas]
#pragma HLS RESOURCE variable=hidden_state core=XPM_MEMORY uram=false
                                                                     ^
llama_hls_top.cpp:101:9: warning: 'Resource pragma' is deprecated, use 'bind_op/bind_storage pragma' instead [-Wignored-hls-pragmas]
#pragma HLS RESOURCE variable=attn_output core=XPM_MEMORY uram=false
        ^
llama_hls_top.cpp:101:69: warning: 'xpm_memory' in '#pragma HLS Resource' is deprecated, use 'Bind_Storage Pragma' instead [-Wignored-hls-pragmas]
#pragma HLS RESOURCE variable=attn_output core=XPM_MEMORY uram=false
                                                                    ^
llama_hls_top.cpp:102:9: warning: 'Resource pragma' is deprecated, use 'bind_op/bind_storage pragma' instead [-Wignored-hls-pragmas]
#pragma HLS RESOURCE variable=ffn_output core=XPM_MEMORY uram=false
        ^
llama_hls_top.cpp:102:68: warning: 'xpm_memory' in '#pragma HLS Resource' is deprecated, use 'Bind_Storage Pragma' instead [-Wignored-hls-pragmas]
#pragma HLS RESOURCE variable=ffn_output core=XPM_MEMORY uram=false
                                                                   ^
llama_hls_top.cpp:216:34: warning: unexpected pragma argument 'matmul_kernel', expects function/operation [-Winvalid-hls-pragmas]
#pragma HLS ALLOCATION instances=matmul_kernel limit=2 function
                                 ^
llama_hls_top.cpp:377:34: warning: unexpected pragma argument 'matmul_kernel', expects function/operation [-Winvalid-hls-pragmas]
#pragma HLS ALLOCATION instances=matmul_kernel limit=2 function
                                 ^
12 warnings generated.
